----------------------------------------------------------------------------------------------------
Usage: python3 SSN_predictor.py <path_to_ssn_datafile> <path_to_aa_datafile>
----------------------------------------------------------------------------------------------------
Code running on device: cuda
----------------------------------------------------------------------------------------------------
Data loaded from file locations :
    SSN - /home/extern/Dropbox/Research/scripts/data/SILSO/TSN/SN_m_tot_V2.0.txt
    AA - /home/extern/Dropbox/Research/scripts/data/ISGI/aa_1869-01-01_2018-12-31_D.dat
----------------------------------------------------------------------------------------------------
Solar cycle data loaded/saved as: cycle_data.pickle
----------------------------------------------------------------------------------------------------
SC Number     Start Date       End Date      Solar Max   Length(in months)
         0      [1749, 1]      [1755, 1]         154.27                  73
         1      [1755, 2]      [1766, 5]         144.12                 136
         2      [1766, 6]      [1775, 5]         192.98                 108
         3      [1775, 6]      [1784, 8]         264.25                 111
         4      [1784, 9]      [1798, 3]         235.28                 163
         5      [1798, 4]     [1810, 11]          67.93                 152
         6     [1810, 12]      [1823, 4]          81.99                 149
         7      [1823, 5]     [1833, 10]          81.16                 126
         8     [1833, 11]      [1843, 6]         119.24                 116
         9      [1843, 7]     [1855, 11]         244.87                 149
        10     [1855, 12]      [1867, 2]         219.94                 135
        11      [1867, 3]     [1878, 11]         186.15                 141
        12     [1878, 12]      [1890, 2]         234.02                 135
        13      [1890, 3]      [1902, 0]         124.41                 142
        14      [1902, 1]      [1913, 6]         146.55                 138
        15      [1913, 7]      [1923, 7]         107.08                 121
        16      [1923, 8]      [1933, 8]         175.67                 121
        17      [1933, 9]      [1944, 1]         130.23                 125
        18      [1944, 2]      [1954, 3]         198.64                 122
        19      [1954, 4]      [1964, 9]         218.73                 126
        20     [1964, 10]      [1976, 2]          285.0                 137
        21      [1976, 3]      [1986, 8]         156.63                 126
        22      [1986, 9]      [1996, 4]         232.92                 116
        23      [1996, 5]     [2008, 11]         212.48                 151
        24     [2008, 12]     [2019, 11]         180.28                 132
----------------------------------------------------------------------------------------------------
Selected model: FFNN(
  (model): Sequential(
    (0): Linear(in_features=6, out_features=6, bias=True)
    (1): LeakyReLU(negative_slope=0.01, inplace=True)
    (2): Linear(in_features=6, out_features=3, bias=True)
    (3): LeakyReLU(negative_slope=0.01, inplace=True)
    (4): Linear(in_features=3, out_features=1, bias=True)
  )
)    Training mode: True    Prediction mode: True
----------------------------------------------------------------------------------------------------
Selected optimizer: Adam (
Parameter Group 0
    amsgrad: False
    betas: (0.9, 0.999)
    eps: 1e-08
    lr: 0.0001
    weight_decay: 0
)
----------------------------------------------------------------------------------------------------
Selected scheduler: ReduceLROnPlateau(
    {'factor': 0.9, 'min_lrs': [0], 'patience': 10, 'verbose': True, 'cooldown': 0, 'cooldown_counter': 0, 'mode': 'min', 'threshold': 0.0001, 'threshold_mode': 'rel', 'best': inf, 'num_bad_epochs': 0, 'mode_worse': inf, 'eps': 1e-08, 'last_epoch': 0})
----------------------------------------------------------------------------------------------------
No pre-trained models available, initializing model weights
----------------------------------------------------------------------------------------------------
Training model with solar cycle 12 to 22 data with: num_epochs=1400
Epoch [   5/1400] -> Loss: 119.3167
Epoch [  10/1400] -> Loss: 100.2852
Epoch [  15/1400] -> Loss: 81.5174
Epoch [  20/1400] -> Loss: 59.2707
Epoch [  25/1400] -> Loss: 46.7510
Epoch [  30/1400] -> Loss: 44.4902
Epoch [  35/1400] -> Loss: 44.6425
Epoch [  40/1400] -> Loss: 44.4157
Epoch [  45/1400] -> Loss: 44.6510
Epoch    48: reducing learning rate of group 0 to 9.0000e-05.
Epoch [  50/1400] -> Loss: 44.3624
Epoch [  55/1400] -> Loss: 44.2803
Epoch    59: reducing learning rate of group 0 to 8.1000e-05.
Epoch [  60/1400] -> Loss: 44.0985
Epoch [  65/1400] -> Loss: 43.8906
Epoch [  70/1400] -> Loss: 44.0854
Epoch [  75/1400] -> Loss: 44.2903
Epoch    76: reducing learning rate of group 0 to 7.2900e-05.
Epoch [  80/1400] -> Loss: 43.9306
Epoch [  85/1400] -> Loss: 44.0238
Epoch    90: reducing learning rate of group 0 to 6.5610e-05.
Epoch [  90/1400] -> Loss: 44.5102
Epoch [  95/1400] -> Loss: 43.6790
----------------------------------------------------------------------------------------------------
Model checkpoint saved as _FFNN_100.pth
----------------------------------------------------------------------------------------------------
Epoch [ 100/1400] -> Loss: 43.9647
Epoch   104: reducing learning rate of group 0 to 5.9049e-05.
Epoch [ 105/1400] -> Loss: 43.8030
Epoch [ 110/1400] -> Loss: 43.9485
Epoch [ 115/1400] -> Loss: 44.0995
Epoch [ 120/1400] -> Loss: 44.0013
Epoch   122: reducing learning rate of group 0 to 5.3144e-05.
Epoch [ 125/1400] -> Loss: 43.9623
Epoch [ 130/1400] -> Loss: 43.7474
Epoch   133: reducing learning rate of group 0 to 4.7830e-05.
Epoch [ 135/1400] -> Loss: 44.1791
Epoch [ 140/1400] -> Loss: 44.2477
Epoch [ 145/1400] -> Loss: 44.2338
Epoch [ 150/1400] -> Loss: 44.2084
Epoch   153: reducing learning rate of group 0 to 4.3047e-05.
Epoch [ 155/1400] -> Loss: 43.9231
Epoch [ 160/1400] -> Loss: 43.6617
Epoch   164: reducing learning rate of group 0 to 3.8742e-05.
Epoch [ 165/1400] -> Loss: 44.1309
Epoch [ 170/1400] -> Loss: 43.6903
Epoch [ 175/1400] -> Loss: 43.7726
Epoch [ 180/1400] -> Loss: 43.6544
Epoch   185: reducing learning rate of group 0 to 3.4868e-05.
Epoch [ 185/1400] -> Loss: 43.9796
Epoch [ 190/1400] -> Loss: 43.7230
Epoch [ 195/1400] -> Loss: 43.6018
Epoch   196: reducing learning rate of group 0 to 3.1381e-05.
----------------------------------------------------------------------------------------------------
Model checkpoint saved as _FFNN_200.pth
----------------------------------------------------------------------------------------------------
Epoch [ 200/1400] -> Loss: 43.6037
Epoch [ 205/1400] -> Loss: 43.7247
Epoch   207: reducing learning rate of group 0 to 2.8243e-05.
Epoch [ 210/1400] -> Loss: 43.4599
Epoch [ 215/1400] -> Loss: 44.1506
Epoch   218: reducing learning rate of group 0 to 2.5419e-05.
Epoch [ 220/1400] -> Loss: 43.7068
Epoch [ 225/1400] -> Loss: 43.6636
Epoch   229: reducing learning rate of group 0 to 2.2877e-05.
Epoch [ 230/1400] -> Loss: 43.4538
Epoch [ 235/1400] -> Loss: 43.3302
Epoch   240: reducing learning rate of group 0 to 2.0589e-05.
Epoch [ 240/1400] -> Loss: 44.1687
Epoch [ 245/1400] -> Loss: 43.7392
Epoch [ 250/1400] -> Loss: 43.9827
Epoch   251: reducing learning rate of group 0 to 1.8530e-05.
Epoch [ 255/1400] -> Loss: 44.0339
Epoch [ 260/1400] -> Loss: 43.6590
Epoch [ 265/1400] -> Loss: 43.7242
Epoch   268: reducing learning rate of group 0 to 1.6677e-05.
Epoch [ 270/1400] -> Loss: 44.0447
Epoch [ 275/1400] -> Loss: 43.3177
Epoch   279: reducing learning rate of group 0 to 1.5009e-05.
Epoch [ 280/1400] -> Loss: 43.9473
Epoch [ 285/1400] -> Loss: 43.6755
Epoch   290: reducing learning rate of group 0 to 1.3509e-05.
Epoch [ 290/1400] -> Loss: 43.8150
Epoch [ 295/1400] -> Loss: 43.7974
----------------------------------------------------------------------------------------------------
Model checkpoint saved as _FFNN_300.pth
----------------------------------------------------------------------------------------------------
Epoch [ 300/1400] -> Loss: 44.0252
Epoch   301: reducing learning rate of group 0 to 1.2158e-05.
Epoch [ 305/1400] -> Loss: 43.4495
Epoch [ 310/1400] -> Loss: 43.6703
Epoch   312: reducing learning rate of group 0 to 1.0942e-05.
Epoch [ 315/1400] -> Loss: 43.5283
Epoch [ 320/1400] -> Loss: 43.7878
Epoch [ 325/1400] -> Loss: 43.9949
Epoch [ 330/1400] -> Loss: 43.6720
Epoch   332: reducing learning rate of group 0 to 9.8477e-06.
Epoch [ 335/1400] -> Loss: 43.8513
Epoch [ 340/1400] -> Loss: 43.3397
Epoch   343: reducing learning rate of group 0 to 8.8629e-06.
Epoch [ 345/1400] -> Loss: 43.3347
Epoch [ 350/1400] -> Loss: 43.7385
Epoch   354: reducing learning rate of group 0 to 7.9766e-06.
Epoch [ 355/1400] -> Loss: 43.4043
Epoch [ 360/1400] -> Loss: 43.4649
Epoch [ 365/1400] -> Loss: 43.4948
Epoch   367: reducing learning rate of group 0 to 7.1790e-06.
Epoch [ 370/1400] -> Loss: 43.4486
Epoch [ 375/1400] -> Loss: 43.9820
Epoch   378: reducing learning rate of group 0 to 6.4611e-06.
Epoch [ 380/1400] -> Loss: 43.6536
Epoch [ 385/1400] -> Loss: 43.6471
Epoch   389: reducing learning rate of group 0 to 5.8150e-06.
Epoch [ 390/1400] -> Loss: 43.8168
Epoch [ 395/1400] -> Loss: 43.9196
Epoch   400: reducing learning rate of group 0 to 5.2335e-06.
----------------------------------------------------------------------------------------------------
Model checkpoint saved as _FFNN_400.pth
----------------------------------------------------------------------------------------------------
Epoch [ 400/1400] -> Loss: 43.3647
Epoch [ 405/1400] -> Loss: 44.0099
Epoch [ 410/1400] -> Loss: 43.8907
Epoch   411: reducing learning rate of group 0 to 4.7101e-06.
Epoch [ 415/1400] -> Loss: 43.9049
Epoch [ 420/1400] -> Loss: 43.7182
Epoch   422: reducing learning rate of group 0 to 4.2391e-06.
Epoch [ 425/1400] -> Loss: 43.9170
Epoch [ 430/1400] -> Loss: 43.4753
Epoch   433: reducing learning rate of group 0 to 3.8152e-06.
Epoch [ 435/1400] -> Loss: 43.7504
Epoch [ 440/1400] -> Loss: 43.1594
Epoch   444: reducing learning rate of group 0 to 3.4337e-06.
Epoch [ 445/1400] -> Loss: 43.4546
Epoch [ 450/1400] -> Loss: 43.7793
Epoch   455: reducing learning rate of group 0 to 3.0903e-06.
Epoch [ 455/1400] -> Loss: 43.7901
Epoch [ 460/1400] -> Loss: 44.0454
Epoch [ 465/1400] -> Loss: 43.7597
Epoch   466: reducing learning rate of group 0 to 2.7813e-06.
Epoch [ 470/1400] -> Loss: 43.3684
Epoch [ 475/1400] -> Loss: 43.9653
Epoch   477: reducing learning rate of group 0 to 2.5032e-06.
Epoch [ 480/1400] -> Loss: 43.3790
Epoch [ 485/1400] -> Loss: 43.6245
Epoch   488: reducing learning rate of group 0 to 2.2528e-06.
Epoch [ 490/1400] -> Loss: 44.0342
Epoch [ 495/1400] -> Loss: 43.8521
Epoch   499: reducing learning rate of group 0 to 2.0276e-06.
----------------------------------------------------------------------------------------------------
Model checkpoint saved as _FFNN_500.pth
----------------------------------------------------------------------------------------------------
Epoch [ 500/1400] -> Loss: 43.7885
Epoch [ 505/1400] -> Loss: 43.7277
Epoch   510: reducing learning rate of group 0 to 1.8248e-06.
Epoch [ 510/1400] -> Loss: 43.5935
Epoch [ 515/1400] -> Loss: 43.6552
Epoch [ 520/1400] -> Loss: 43.7311
Epoch   521: reducing learning rate of group 0 to 1.6423e-06.
Epoch [ 525/1400] -> Loss: 43.4436
Epoch [ 530/1400] -> Loss: 43.5960
Epoch   532: reducing learning rate of group 0 to 1.4781e-06.
Epoch [ 535/1400] -> Loss: 43.7643
Epoch [ 540/1400] -> Loss: 43.7326
Epoch   543: reducing learning rate of group 0 to 1.3303e-06.
Epoch [ 545/1400] -> Loss: 43.6766
Epoch [ 550/1400] -> Loss: 43.4370
Epoch   554: reducing learning rate of group 0 to 1.1973e-06.
Epoch [ 555/1400] -> Loss: 43.7972
Epoch [ 560/1400] -> Loss: 43.7735
Epoch [ 565/1400] -> Loss: 43.5590
Epoch   569: reducing learning rate of group 0 to 1.0775e-06.
Epoch [ 570/1400] -> Loss: 43.7952
Epoch [ 575/1400] -> Loss: 43.6277
Epoch   580: reducing learning rate of group 0 to 9.6977e-07.
Epoch [ 580/1400] -> Loss: 43.9001
Epoch [ 585/1400] -> Loss: 43.3704
Epoch [ 590/1400] -> Loss: 43.3756
Epoch   591: reducing learning rate of group 0 to 8.7280e-07.
Epoch [ 595/1400] -> Loss: 43.7887
----------------------------------------------------------------------------------------------------
Model checkpoint saved as _FFNN_600.pth
----------------------------------------------------------------------------------------------------
Epoch [ 600/1400] -> Loss: 43.8890
Epoch   602: reducing learning rate of group 0 to 7.8552e-07.
Epoch [ 605/1400] -> Loss: 43.5804
Epoch [ 610/1400] -> Loss: 43.6405
Epoch   613: reducing learning rate of group 0 to 7.0697e-07.
Epoch [ 615/1400] -> Loss: 43.6638
Epoch [ 620/1400] -> Loss: 43.6578
Epoch   624: reducing learning rate of group 0 to 6.3627e-07.
Epoch [ 625/1400] -> Loss: 43.6514
Epoch [ 630/1400] -> Loss: 43.8466
Epoch   635: reducing learning rate of group 0 to 5.7264e-07.
Epoch [ 635/1400] -> Loss: 43.0513
Epoch [ 640/1400] -> Loss: 43.8567
Epoch [ 645/1400] -> Loss: 43.6884
Epoch   646: reducing learning rate of group 0 to 5.1538e-07.
Epoch [ 650/1400] -> Loss: 43.4356
Epoch [ 655/1400] -> Loss: 43.9389
Epoch   657: reducing learning rate of group 0 to 4.6384e-07.
Epoch [ 660/1400] -> Loss: 43.2942
Epoch [ 665/1400] -> Loss: 43.4619
Epoch   668: reducing learning rate of group 0 to 4.1746e-07.
Epoch [ 670/1400] -> Loss: 43.7245
Epoch [ 675/1400] -> Loss: 43.3482
Epoch   679: reducing learning rate of group 0 to 3.7571e-07.
Epoch [ 680/1400] -> Loss: 43.2060
Epoch [ 685/1400] -> Loss: 43.7042
Epoch   690: reducing learning rate of group 0 to 3.3814e-07.
Epoch [ 690/1400] -> Loss: 43.6899
Epoch [ 695/1400] -> Loss: 43.4129
----------------------------------------------------------------------------------------------------
Model checkpoint saved as _FFNN_700.pth
----------------------------------------------------------------------------------------------------
Epoch [ 700/1400] -> Loss: 43.7036
Epoch   701: reducing learning rate of group 0 to 3.0433e-07.
Epoch [ 705/1400] -> Loss: 43.7056
Epoch [ 710/1400] -> Loss: 43.6996
Epoch   712: reducing learning rate of group 0 to 2.7389e-07.
Epoch [ 715/1400] -> Loss: 43.7152
Epoch [ 720/1400] -> Loss: 43.7685
Epoch   723: reducing learning rate of group 0 to 2.4650e-07.
Epoch [ 725/1400] -> Loss: 43.8258
Epoch [ 730/1400] -> Loss: 43.9174
Epoch   734: reducing learning rate of group 0 to 2.2185e-07.
Epoch [ 735/1400] -> Loss: 43.4798
Epoch [ 740/1400] -> Loss: 43.4204
Epoch   745: reducing learning rate of group 0 to 1.9967e-07.
Epoch [ 745/1400] -> Loss: 43.8393
Epoch [ 750/1400] -> Loss: 43.6453
Epoch [ 755/1400] -> Loss: 43.8915
Epoch   756: reducing learning rate of group 0 to 1.7970e-07.
Epoch [ 760/1400] -> Loss: 43.9516
Epoch [ 765/1400] -> Loss: 43.6138
Epoch   767: reducing learning rate of group 0 to 1.6173e-07.
Epoch [ 770/1400] -> Loss: 43.6249
Epoch [ 775/1400] -> Loss: 43.4384
Epoch   778: reducing learning rate of group 0 to 1.4556e-07.
Epoch [ 780/1400] -> Loss: 43.2851
Epoch [ 785/1400] -> Loss: 43.7258
Epoch   789: reducing learning rate of group 0 to 1.3100e-07.
Epoch [ 790/1400] -> Loss: 43.4850
Epoch [ 795/1400] -> Loss: 43.4477
Epoch   800: reducing learning rate of group 0 to 1.1790e-07.
----------------------------------------------------------------------------------------------------
Model checkpoint saved as _FFNN_800.pth
----------------------------------------------------------------------------------------------------
Epoch [ 800/1400] -> Loss: 43.7523
Epoch [ 805/1400] -> Loss: 43.2836
Epoch [ 810/1400] -> Loss: 43.1948
Epoch   811: reducing learning rate of group 0 to 1.0611e-07.
Epoch [ 815/1400] -> Loss: 43.5778
Epoch [ 820/1400] -> Loss: 43.4820
Epoch   822: reducing learning rate of group 0 to 9.5500e-08.
Epoch [ 825/1400] -> Loss: 43.1833
Epoch [ 830/1400] -> Loss: 43.6015
Epoch [ 835/1400] -> Loss: 43.6852
Epoch [ 840/1400] -> Loss: 43.9133
Epoch [ 845/1400] -> Loss: 43.5487
Epoch [ 850/1400] -> Loss: 43.6323
Epoch [ 855/1400] -> Loss: 43.6442
Epoch [ 860/1400] -> Loss: 43.8435
Epoch [ 865/1400] -> Loss: 43.5065
Epoch [ 870/1400] -> Loss: 43.8421
Epoch [ 875/1400] -> Loss: 43.5011
Epoch [ 880/1400] -> Loss: 43.7921
Epoch [ 885/1400] -> Loss: 43.5748
Epoch [ 890/1400] -> Loss: 43.6336
Epoch [ 895/1400] -> Loss: 43.2703
----------------------------------------------------------------------------------------------------
Model checkpoint saved as _FFNN_900.pth
----------------------------------------------------------------------------------------------------
Epoch [ 900/1400] -> Loss: 43.7352
Epoch [ 905/1400] -> Loss: 43.6667
Epoch [ 910/1400] -> Loss: 43.5461
Epoch [ 915/1400] -> Loss: 43.7329
Epoch [ 920/1400] -> Loss: 43.4396
Epoch [ 925/1400] -> Loss: 43.5381
Epoch [ 930/1400] -> Loss: 43.4596
Epoch [ 935/1400] -> Loss: 43.6667
Epoch [ 940/1400] -> Loss: 43.8627
Epoch [ 945/1400] -> Loss: 43.2664
Epoch [ 950/1400] -> Loss: 43.7900
Epoch [ 955/1400] -> Loss: 43.5528
Epoch [ 960/1400] -> Loss: 43.2634
Epoch [ 965/1400] -> Loss: 43.5820
Epoch [ 970/1400] -> Loss: 43.3751
Epoch [ 975/1400] -> Loss: 43.7290
Epoch [ 980/1400] -> Loss: 43.2334
Epoch [ 985/1400] -> Loss: 43.5706
Epoch [ 990/1400] -> Loss: 43.5178
Epoch [ 995/1400] -> Loss: 43.8296
----------------------------------------------------------------------------------------------------
Model checkpoint saved as _FFNN_1000.pth
----------------------------------------------------------------------------------------------------
Epoch [1000/1400] -> Loss: 43.6124
Epoch [1005/1400] -> Loss: 43.7523
Epoch [1010/1400] -> Loss: 43.6772
Epoch [1015/1400] -> Loss: 43.3940
Epoch [1020/1400] -> Loss: 43.6438
Epoch [1025/1400] -> Loss: 43.7089
Epoch [1030/1400] -> Loss: 43.5585
Epoch [1035/1400] -> Loss: 43.6581
Epoch [1040/1400] -> Loss: 43.3202
Epoch [1045/1400] -> Loss: 43.2947
Epoch [1050/1400] -> Loss: 43.5645
Epoch [1055/1400] -> Loss: 43.9180
Epoch [1060/1400] -> Loss: 43.6254
Epoch [1065/1400] -> Loss: 43.2460
Epoch [1070/1400] -> Loss: 43.3626
Epoch [1075/1400] -> Loss: 43.5357
Epoch [1080/1400] -> Loss: 43.5364
Epoch [1085/1400] -> Loss: 43.7372
Epoch [1090/1400] -> Loss: 43.5493
Epoch [1095/1400] -> Loss: 43.8380
----------------------------------------------------------------------------------------------------
Model checkpoint saved as _FFNN_1100.pth
----------------------------------------------------------------------------------------------------
Epoch [1100/1400] -> Loss: 43.6409
Epoch [1105/1400] -> Loss: 43.6603
Epoch [1110/1400] -> Loss: 43.7471
Epoch [1115/1400] -> Loss: 43.2539
Epoch [1120/1400] -> Loss: 44.0620
Epoch [1125/1400] -> Loss: 43.8352
Epoch [1130/1400] -> Loss: 43.9472
Epoch [1135/1400] -> Loss: 43.1534
Epoch [1140/1400] -> Loss: 43.7275
Epoch [1145/1400] -> Loss: 43.3908
Epoch [1150/1400] -> Loss: 43.5404
Epoch [1155/1400] -> Loss: 43.6537
Epoch [1160/1400] -> Loss: 43.4201
Epoch [1165/1400] -> Loss: 43.5500
Epoch [1170/1400] -> Loss: 43.7420
Epoch [1175/1400] -> Loss: 43.8788
Epoch [1180/1400] -> Loss: 43.5177
Epoch [1185/1400] -> Loss: 43.9271
Epoch [1190/1400] -> Loss: 43.6283
Epoch [1195/1400] -> Loss: 43.6448
----------------------------------------------------------------------------------------------------
Model checkpoint saved as _FFNN_1200.pth
----------------------------------------------------------------------------------------------------
Epoch [1200/1400] -> Loss: 43.5931
Epoch [1205/1400] -> Loss: 43.7887
Epoch [1210/1400] -> Loss: 43.8624
Epoch [1215/1400] -> Loss: 43.6871
Epoch [1220/1400] -> Loss: 43.5006
Epoch [1225/1400] -> Loss: 43.4591
Epoch [1230/1400] -> Loss: 43.9017
Epoch [1235/1400] -> Loss: 43.4764
Epoch [1240/1400] -> Loss: 43.8018
Epoch [1245/1400] -> Loss: 43.6552
Epoch [1250/1400] -> Loss: 43.4168
Epoch [1255/1400] -> Loss: 43.4052
Epoch [1260/1400] -> Loss: 43.4732
Epoch [1265/1400] -> Loss: 43.7700
Epoch [1270/1400] -> Loss: 43.8922
Epoch [1275/1400] -> Loss: 43.8734
Epoch [1280/1400] -> Loss: 43.7529
Epoch [1285/1400] -> Loss: 43.8548
Epoch [1290/1400] -> Loss: 43.8068
Epoch [1295/1400] -> Loss: 43.6951
----------------------------------------------------------------------------------------------------
Model checkpoint saved as _FFNN_1300.pth
----------------------------------------------------------------------------------------------------
Epoch [1300/1400] -> Loss: 43.9000
Epoch [1305/1400] -> Loss: 43.2917
Epoch [1310/1400] -> Loss: 43.4320
Epoch [1315/1400] -> Loss: 43.6435
Epoch [1320/1400] -> Loss: 43.7819
Epoch [1325/1400] -> Loss: 43.8650
Epoch [1330/1400] -> Loss: 43.7860
Epoch [1335/1400] -> Loss: 43.2496
Epoch [1340/1400] -> Loss: 43.6070
Epoch [1345/1400] -> Loss: 43.6248
Epoch [1350/1400] -> Loss: 43.7597
Epoch [1355/1400] -> Loss: 43.4796
Epoch [1360/1400] -> Loss: 43.4834
Epoch [1365/1400] -> Loss: 43.5566
Epoch [1370/1400] -> Loss: 43.6239
Epoch [1375/1400] -> Loss: 43.7069
Epoch [1380/1400] -> Loss: 43.3250
Epoch [1385/1400] -> Loss: 43.8041
Epoch [1390/1400] -> Loss: 43.5455
Epoch [1395/1400] -> Loss: 43.5614
----------------------------------------------------------------------------------------------------
Model checkpoint saved as _FFNN_1400.pth
----------------------------------------------------------------------------------------------------
Epoch [1400/1400] -> Loss: 43.4338
----------------------------------------------------------------------------------------------------
Plotting loss data...
----------------------------------------------------------------------------------------------------
Training finished successfully.
        Saved model checkpoints can be found in: /home/extern/Dropbox/Research/scripts/models/
        Saved data/loss graphs can be found in: /home/extern/Dropbox/Research/scripts/graphs/
----------------------------------------------------------------------------------------------------
Validating model for solar cycle 23 data
Step [   1/151] -> Date: 5/1996, Target: 7.6, Prediction: 48.66478729248047
Step [   2/151] -> Date: 6/1996, Target: 16.5, Prediction: 31.41667938232422
Step [   3/151] -> Date: 7/1996, Target: 11.8, Prediction: 19.6770076751709
Step [   4/151] -> Date: 8/1996, Target: 19.7, Prediction: 22.204811096191406
Step [   5/151] -> Date: 9/1996, Target: 3.0, Prediction: 18.209487915039062
Step [   6/151] -> Date: 10/1996, Target: 0.7, Prediction: 29.344078063964844
Step [   7/151] -> Date: 11/1996, Target: 24.9, Prediction: 48.88812255859375
Step [   8/151] -> Date: 12/1996, Target: 14.0, Prediction: 44.229312896728516
Step [   9/151] -> Date: 1/1997, Target: 7.4, Prediction: 26.715547561645508
Step [  10/151] -> Date: 2/1997, Target: 11.0, Prediction: 46.36362075805664
Step [  11/151] -> Date: 3/1997, Target: 12.1, Prediction: 57.79697799682617
Step [  12/151] -> Date: 4/1997, Target: 23.0, Prediction: 57.76939010620117
Step [  13/151] -> Date: 5/1997, Target: 25.4, Prediction: 73.35811614990234
Step [  14/151] -> Date: 6/1997, Target: 20.8, Prediction: 59.576026916503906
Step [  15/151] -> Date: 7/1997, Target: 12.9, Prediction: 39.504520416259766
Step [  16/151] -> Date: 8/1997, Target: 35.7, Prediction: 77.22463989257812
Step [  17/151] -> Date: 9/1997, Target: 59.7, Prediction: 57.14292526245117
Step [  18/151] -> Date: 10/1997, Target: 32.8, Prediction: 94.99822235107422
Step [  19/151] -> Date: 11/1997, Target: 50.4, Prediction: 109.09075927734375
Step [  20/151] -> Date: 12/1997, Target: 55.5, Prediction: 77.64541625976562
Step [  21/151] -> Date: 1/1998, Target: 44.5, Prediction: 117.9473648071289
Step [  22/151] -> Date: 2/1998, Target: 50.2, Prediction: 123.92279052734375
Step [  23/151] -> Date: 3/1998, Target: 82.0, Prediction: 130.99302673339844
Step [  24/151] -> Date: 4/1998, Target: 70.6, Prediction: 134.54281616210938
Step [  25/151] -> Date: 5/1998, Target: 74.0, Prediction: 148.4248046875
Step [  26/151] -> Date: 6/1998, Target: 90.5, Prediction: 148.98890686035156
Step [  27/151] -> Date: 7/1998, Target: 96.7, Prediction: 211.0393524169922
Step [  28/151] -> Date: 8/1998, Target: 121.1, Prediction: 199.5515899658203
Step [  29/151] -> Date: 9/1998, Target: 132.0, Prediction: 193.63525390625
Step [  30/151] -> Date: 10/1998, Target: 78.5, Prediction: 183.32760620117188
Step [  31/151] -> Date: 11/1998, Target: 97.3, Prediction: 161.91522216796875
Step [  32/151] -> Date: 12/1998, Target: 119.2, Prediction: 180.68043518066406
Step [  33/151] -> Date: 1/1999, Target: 86.0, Prediction: 252.38275146484375
Step [  34/151] -> Date: 2/1999, Target: 98.0, Prediction: 161.1947021484375
Step [  35/151] -> Date: 3/1999, Target: 103.5, Prediction: 212.33248901367188
Step [  36/151] -> Date: 4/1999, Target: 93.6, Prediction: 206.0717010498047
Step [  37/151] -> Date: 5/1999, Target: 149.6, Prediction: 199.6281280517578
Step [  38/151] -> Date: 6/1999, Target: 207.2, Prediction: 223.21766662597656
Step [  39/151] -> Date: 7/1999, Target: 173.5, Prediction: 199.38882446289062
Step [  40/151] -> Date: 8/1999, Target: 142.3, Prediction: 209.67433166503906
Step [  41/151] -> Date: 9/1999, Target: 106.3, Prediction: 170.9661102294922
Step [  42/151] -> Date: 10/1999, Target: 168.7, Prediction: 184.2445526123047
Step [  43/151] -> Date: 11/1999, Target: 188.3, Prediction: 184.52255249023438
Step [  44/151] -> Date: 12/1999, Target: 116.8, Prediction: 164.4204864501953
Step [  45/151] -> Date: 1/2000, Target: 133.1, Prediction: 146.25634765625
Step [  46/151] -> Date: 2/2000, Target: 165.7, Prediction: 175.20098876953125
Step [  47/151] -> Date: 3/2000, Target: 217.7, Prediction: 229.16099548339844
Step [  48/151] -> Date: 4/2000, Target: 191.5, Prediction: 160.17584228515625
Step [  49/151] -> Date: 5/2000, Target: 165.9, Prediction: 185.1411895751953
Step [  50/151] -> Date: 6/2000, Target: 188.0, Prediction: 163.7156524658203
Step [  51/151] -> Date: 7/2000, Target: 244.3, Prediction: 177.1727752685547
Step [  52/151] -> Date: 8/2000, Target: 180.5, Prediction: 177.05474853515625
Step [  53/151] -> Date: 9/2000, Target: 156.0, Prediction: 215.0770263671875
Step [  54/151] -> Date: 10/2000, Target: 141.6, Prediction: 190.78013610839844
Step [  55/151] -> Date: 11/2000, Target: 158.1, Prediction: 182.3289337158203
Step [  56/151] -> Date: 12/2000, Target: 143.3, Prediction: 159.09112548828125
Step [  57/151] -> Date: 1/2001, Target: 142.6, Prediction: 224.76222229003906
Step [  58/151] -> Date: 2/2001, Target: 121.5, Prediction: 223.82150268554688
Step [  59/151] -> Date: 3/2001, Target: 165.8, Prediction: 228.28396606445312
Step [  60/151] -> Date: 4/2001, Target: 161.7, Prediction: 163.55703735351562
Step [  61/151] -> Date: 5/2001, Target: 142.1, Prediction: 194.88848876953125
Step [  62/151] -> Date: 6/2001, Target: 202.9, Prediction: 168.2920379638672
Step [  63/151] -> Date: 7/2001, Target: 123.0, Prediction: 197.38661193847656
Step [  64/151] -> Date: 8/2001, Target: 161.5, Prediction: 184.28079223632812
Step [  65/151] -> Date: 9/2001, Target: 238.2, Prediction: 224.5918731689453
Step [  66/151] -> Date: 10/2001, Target: 194.1, Prediction: 144.32589721679688
Step [  67/151] -> Date: 11/2001, Target: 176.6, Prediction: 133.7337188720703
Step [  68/151] -> Date: 12/2001, Target: 213.4, Prediction: 101.00882720947266
Step [  69/151] -> Date: 1/2002, Target: 184.6, Prediction: 101.08436584472656
Step [  70/151] -> Date: 2/2002, Target: 170.2, Prediction: 109.47237396240234
Step [  71/151] -> Date: 3/2002, Target: 147.1, Prediction: 95.65064239501953
Step [  72/151] -> Date: 4/2002, Target: 186.9, Prediction: 105.39612579345703
Step [  73/151] -> Date: 5/2002, Target: 187.5, Prediction: 130.7946014404297
Step [  74/151] -> Date: 6/2002, Target: 128.8, Prediction: 126.91486358642578
Step [  75/151] -> Date: 7/2002, Target: 161.0, Prediction: 121.40000915527344
Step [  76/151] -> Date: 8/2002, Target: 175.6, Prediction: 91.61711120605469
Step [  77/151] -> Date: 9/2002, Target: 187.9, Prediction: 126.41016387939453
Step [  78/151] -> Date: 10/2002, Target: 151.2, Prediction: 112.38572692871094
Step [  79/151] -> Date: 11/2002, Target: 147.2, Prediction: 99.86834716796875
Step [  80/151] -> Date: 12/2002, Target: 135.3, Prediction: 82.27947235107422
Step [  81/151] -> Date: 1/2003, Target: 133.5, Prediction: 74.47431945800781
Step [  82/151] -> Date: 2/2003, Target: 75.7, Prediction: 81.13057708740234
Step [  83/151] -> Date: 3/2003, Target: 100.7, Prediction: 67.39603424072266
Step [  84/151] -> Date: 4/2003, Target: 97.9, Prediction: 45.78758239746094
Step [  85/151] -> Date: 5/2003, Target: 86.8, Prediction: 77.43974304199219
Step [  86/151] -> Date: 6/2003, Target: 118.7, Prediction: 59.7328987121582
Step [  87/151] -> Date: 7/2003, Target: 128.3, Prediction: 76.07734680175781
Step [  88/151] -> Date: 8/2003, Target: 115.4, Prediction: 90.19239807128906
Step [  89/151] -> Date: 9/2003, Target: 78.5, Prediction: 76.4400863647461
Step [  90/151] -> Date: 10/2003, Target: 97.8, Prediction: 66.56779479980469
Step [  91/151] -> Date: 11/2003, Target: 82.9, Prediction: 52.41888427734375
Step [  92/151] -> Date: 12/2003, Target: 72.2, Prediction: 54.001441955566406
Step [  93/151] -> Date: 1/2004, Target: 60.6, Prediction: 52.48427963256836
Step [  94/151] -> Date: 2/2004, Target: 74.6, Prediction: 57.21739196777344
Step [  95/151] -> Date: 3/2004, Target: 74.8, Prediction: 41.169891357421875
Step [  96/151] -> Date: 4/2004, Target: 59.2, Prediction: 49.29432678222656
Step [  97/151] -> Date: 5/2004, Target: 72.8, Prediction: 78.99604034423828
Step [  98/151] -> Date: 6/2004, Target: 66.5, Prediction: 42.72737503051758
Step [  99/151] -> Date: 7/2004, Target: 83.8, Prediction: 45.169334411621094
Step [ 100/151] -> Date: 8/2004, Target: 69.7, Prediction: 44.811737060546875
Step [ 101/151] -> Date: 9/2004, Target: 48.8, Prediction: 55.94113540649414
Step [ 102/151] -> Date: 10/2004, Target: 74.2, Prediction: 55.40877151489258
Step [ 103/151] -> Date: 11/2004, Target: 70.1, Prediction: 35.671939849853516
Step [ 104/151] -> Date: 12/2004, Target: 28.9, Prediction: 38.53303146362305
Step [ 105/151] -> Date: 1/2005, Target: 48.1, Prediction: 32.63399887084961
Step [ 106/151] -> Date: 2/2005, Target: 43.5, Prediction: 28.289602279663086
Step [ 107/151] -> Date: 3/2005, Target: 39.6, Prediction: 28.366952896118164
Step [ 108/151] -> Date: 4/2005, Target: 38.7, Prediction: 30.52031707763672
Step [ 109/151] -> Date: 5/2005, Target: 61.9, Prediction: 46.20387268066406
Step [ 110/151] -> Date: 6/2005, Target: 56.8, Prediction: 25.917739868164062
Step [ 111/151] -> Date: 7/2005, Target: 62.4, Prediction: 27.253446578979492
Step [ 112/151] -> Date: 8/2005, Target: 60.5, Prediction: 26.346834182739258
Step [ 113/151] -> Date: 9/2005, Target: 37.2, Prediction: 22.99610710144043
Step [ 114/151] -> Date: 10/2005, Target: 13.2, Prediction: 27.46680450439453
Step [ 115/151] -> Date: 11/2005, Target: 27.5, Prediction: 21.378841400146484
Step [ 116/151] -> Date: 12/2005, Target: 59.3, Prediction: 17.16681671142578
Step [ 117/151] -> Date: 1/2006, Target: 20.9, Prediction: 21.957069396972656
Step [ 118/151] -> Date: 2/2006, Target: 5.7, Prediction: 21.05039405822754
Step [ 119/151] -> Date: 3/2006, Target: 17.3, Prediction: 30.47162628173828
Step [ 120/151] -> Date: 4/2006, Target: 50.3, Prediction: 23.376861572265625
Step [ 121/151] -> Date: 5/2006, Target: 37.2, Prediction: 20.39951515197754
Step [ 122/151] -> Date: 6/2006, Target: 24.5, Prediction: 34.088802337646484
Step [ 123/151] -> Date: 7/2006, Target: 22.2, Prediction: 25.380931854248047
Step [ 124/151] -> Date: 8/2006, Target: 20.8, Prediction: 21.07042694091797
Step [ 125/151] -> Date: 9/2006, Target: 23.7, Prediction: 26.108436584472656
Step [ 126/151] -> Date: 10/2006, Target: 14.9, Prediction: 23.1708984375
Step [ 127/151] -> Date: 11/2006, Target: 35.7, Prediction: 32.79374313354492
Step [ 128/151] -> Date: 12/2006, Target: 22.3, Prediction: 32.229713439941406
Step [ 129/151] -> Date: 1/2007, Target: 29.3, Prediction: 27.457172393798828
Step [ 130/151] -> Date: 2/2007, Target: 18.4, Prediction: 20.607736587524414
Step [ 131/151] -> Date: 3/2007, Target: 7.2, Prediction: 40.02175521850586
Step [ 132/151] -> Date: 4/2007, Target: 5.4, Prediction: 62.98969268798828
Step [ 133/151] -> Date: 5/2007, Target: 19.5, Prediction: 42.659175872802734
Step [ 134/151] -> Date: 6/2007, Target: 21.3, Prediction: 56.71373748779297
Step [ 135/151] -> Date: 7/2007, Target: 15.1, Prediction: 56.26935958862305
Step [ 136/151] -> Date: 8/2007, Target: 9.8, Prediction: 51.26250076293945
Step [ 137/151] -> Date: 9/2007, Target: 4.0, Prediction: 55.239051818847656
Step [ 138/151] -> Date: 10/2007, Target: 1.5, Prediction: 85.18026733398438
Step [ 139/151] -> Date: 11/2007, Target: 2.8, Prediction: 72.1886215209961
Step [ 140/151] -> Date: 12/2007, Target: 17.3, Prediction: 81.1860122680664
Step [ 141/151] -> Date: 1/2008, Target: 4.1, Prediction: 88.4385757446289
Step [ 142/151] -> Date: 2/2008, Target: 2.9, Prediction: 93.876953125
Step [ 143/151] -> Date: 3/2008, Target: 15.5, Prediction: 118.99279022216797
Step [ 144/151] -> Date: 4/2008, Target: 3.6, Prediction: 124.46849060058594
Step [ 145/151] -> Date: 5/2008, Target: 4.6, Prediction: 83.37495422363281
Step [ 146/151] -> Date: 6/2008, Target: 5.2, Prediction: 101.61517333984375
Step [ 147/151] -> Date: 7/2008, Target: 0.6, Prediction: 112.70417785644531
Step [ 148/151] -> Date: 8/2008, Target: 0.3, Prediction: 88.74250030517578
Step [ 149/151] -> Date: 9/2008, Target: 1.2, Prediction: 98.45470428466797
Step [ 150/151] -> Date: 10/2008, Target: 4.2, Prediction: 104.04308319091797
Step [ 151/151] -> Date: 11/2008, Target: 6.6, Prediction: 94.3364028930664
----------------------------------------------------------------------------------------------------
Average Validation Loss: 42.2970287941939
----------------------------------------------------------------------------------------------------
Plotting data...
----------------------------------------------------------------------------------------------------
Plotting loss data...
----------------------------------------------------------------------------------------------------
Validation finished successfully.        Saved prediction/loss graphs can be found in: /home/extern/Dropbox/Research/scripts/graphs/
----------------------------------------------------------------------------------------------------
Predicting SC 24 using the above trained model
Step [   1/151] -> Date: 12/2008, Prediction: 24.660823822021484
Step [   2/151] -> Date: 1/2009, Prediction: 23.730052947998047
Step [   3/151] -> Date: 2/2009, Prediction: 32.7735595703125
Step [   4/151] -> Date: 3/2009, Prediction: 25.04865074157715
Step [   5/151] -> Date: 4/2009, Prediction: 20.964454650878906
Step [   6/151] -> Date: 5/2009, Prediction: 34.274410247802734
Step [   7/151] -> Date: 6/2009, Prediction: 25.00381851196289
Step [   8/151] -> Date: 7/2009, Prediction: 20.717405319213867
Step [   9/151] -> Date: 8/2009, Prediction: 26.133140563964844
Step [  10/151] -> Date: 9/2009, Prediction: 23.82575225830078
Step [  11/151] -> Date: 10/2009, Prediction: 34.16231918334961
Step [  12/151] -> Date: 11/2009, Prediction: 34.00205993652344
Step [  13/151] -> Date: 12/2009, Prediction: 31.00125503540039
Step [  14/151] -> Date: 1/2010, Prediction: 24.127727508544922
Step [  15/151] -> Date: 2/2010, Prediction: 43.373802185058594
Step [  16/151] -> Date: 3/2010, Prediction: 65.85910034179688
Step [  17/151] -> Date: 4/2010, Prediction: 43.889957427978516
Step [  18/151] -> Date: 5/2010, Prediction: 57.30242156982422
Step [  19/151] -> Date: 6/2010, Prediction: 56.3867073059082
Step [  20/151] -> Date: 7/2010, Prediction: 51.21295928955078
Step [  21/151] -> Date: 8/2010, Prediction: 55.371829986572266
Step [  22/151] -> Date: 9/2010, Prediction: 85.7956771850586
Step [  23/151] -> Date: 10/2010, Prediction: 73.45768737792969
Step [  24/151] -> Date: 11/2010, Prediction: 83.10457611083984
Step [  25/151] -> Date: 12/2010, Prediction: 91.96015167236328
Step [  26/151] -> Date: 1/2011, Prediction: 97.56541442871094
Step [  27/151] -> Date: 2/2011, Prediction: 122.49893951416016
Step [  28/151] -> Date: 3/2011, Prediction: 127.49202728271484
Step [  29/151] -> Date: 4/2011, Prediction: 84.49120330810547
Step [  30/151] -> Date: 5/2011, Prediction: 102.0819091796875
Step [  31/151] -> Date: 6/2011, Prediction: 112.69956970214844
Step [  32/151] -> Date: 7/2011, Prediction: 88.57099914550781
Step [  33/151] -> Date: 8/2011, Prediction: 98.46551513671875
Step [  34/151] -> Date: 9/2011, Prediction: 104.53653717041016
Step [  35/151] -> Date: 10/2011, Prediction: 95.4834976196289
Step [  36/151] -> Date: 11/2011, Prediction: 137.8040771484375
Step [  37/151] -> Date: 12/2011, Prediction: 183.8126220703125
Step [  38/151] -> Date: 1/2012, Prediction: 159.10113525390625
Step [  39/151] -> Date: 2/2012, Prediction: 139.86380004882812
Step [  40/151] -> Date: 3/2012, Prediction: 113.8667221069336
Step [  41/151] -> Date: 4/2012, Prediction: 164.24024963378906
Step [  42/151] -> Date: 5/2012, Prediction: 175.7521514892578
Step [  43/151] -> Date: 6/2012, Prediction: 114.23609161376953
Step [  44/151] -> Date: 7/2012, Prediction: 129.70204162597656
Step [  45/151] -> Date: 8/2012, Prediction: 159.41757202148438
Step [  46/151] -> Date: 9/2012, Prediction: 193.7389373779297
Step [  47/151] -> Date: 10/2012, Prediction: 178.0567169189453
Step [  48/151] -> Date: 11/2012, Prediction: 157.51101684570312
Step [  49/151] -> Date: 12/2012, Prediction: 175.66867065429688
Step [  50/151] -> Date: 1/2013, Prediction: 225.80831909179688
Step [  51/151] -> Date: 2/2013, Prediction: 169.6341094970703
Step [  52/151] -> Date: 3/2013, Prediction: 153.5009002685547
Step [  53/151] -> Date: 4/2013, Prediction: 140.1761932373047
Step [  54/151] -> Date: 5/2013, Prediction: 153.74749755859375
Step [  55/151] -> Date: 6/2013, Prediction: 132.90753173828125
Step [  56/151] -> Date: 7/2013, Prediction: 133.3270263671875
Step [  57/151] -> Date: 8/2013, Prediction: 113.95636749267578
Step [  58/151] -> Date: 9/2013, Prediction: 160.05484008789062
Step [  59/151] -> Date: 10/2013, Prediction: 158.87274169921875
Step [  60/151] -> Date: 11/2013, Prediction: 133.45986938476562
Step [  61/151] -> Date: 12/2013, Prediction: 182.78163146972656
Step [  62/151] -> Date: 1/2014, Prediction: 118.53191375732422
Step [  63/151] -> Date: 2/2014, Prediction: 150.61183166503906
Step [  64/151] -> Date: 3/2014, Prediction: 214.58006286621094
Step [  65/151] -> Date: 4/2014, Prediction: 184.1404266357422
Step [  66/151] -> Date: 5/2014, Prediction: 164.95632934570312
Step [  67/151] -> Date: 6/2014, Prediction: 191.4183807373047
Step [  68/151] -> Date: 7/2014, Prediction: 165.96983337402344
Step [  69/151] -> Date: 8/2014, Prediction: 156.28492736816406
Step [  70/151] -> Date: 9/2014, Prediction: 137.7267608642578
Step [  71/151] -> Date: 10/2014, Prediction: 174.0692138671875
Step [  72/151] -> Date: 11/2014, Prediction: 171.00637817382812
Step [  73/151] -> Date: 12/2014, Prediction: 118.78764343261719
Step [  74/151] -> Date: 1/2015, Prediction: 148.98866271972656
Step [  75/151] -> Date: 2/2015, Prediction: 162.62327575683594
Step [  76/151] -> Date: 3/2015, Prediction: 171.78273010253906
Step [  77/151] -> Date: 4/2015, Prediction: 152.58717346191406
Step [  78/151] -> Date: 5/2015, Prediction: 143.17056274414062
Step [  79/151] -> Date: 6/2015, Prediction: 129.9527587890625
Step [  80/151] -> Date: 7/2015, Prediction: 128.15567016601562
Step [  81/151] -> Date: 8/2015, Prediction: 85.67135620117188
Step [  82/151] -> Date: 9/2015, Prediction: 108.62353515625
Step [  83/151] -> Date: 10/2015, Prediction: 106.48104095458984
Step [  84/151] -> Date: 11/2015, Prediction: 102.52667236328125
Step [  85/151] -> Date: 12/2015, Prediction: 126.26968383789062
Step [  86/151] -> Date: 1/2016, Prediction: 129.2100067138672
Step [  87/151] -> Date: 2/2016, Prediction: 121.53840637207031
Step [  88/151] -> Date: 3/2016, Prediction: 87.67571258544922
Step [  89/151] -> Date: 4/2016, Prediction: 117.1302261352539
Step [  90/151] -> Date: 5/2016, Prediction: 99.70850372314453
Step [  91/151] -> Date: 6/2016, Prediction: 81.38783264160156
Step [  92/151] -> Date: 7/2016, Prediction: 76.67190551757812
Step [  93/151] -> Date: 8/2016, Prediction: 78.76808166503906
Step [  94/151] -> Date: 9/2016, Prediction: 79.81287384033203
Step [  95/151] -> Date: 10/2016, Prediction: 64.08325958251953
Step [  96/151] -> Date: 11/2016, Prediction: 73.29979705810547
Step [  97/151] -> Date: 12/2016, Prediction: 67.14485931396484
Step [  98/151] -> Date: 1/2017, Prediction: 90.60552215576172
Step [  99/151] -> Date: 2/2017, Prediction: 70.28176879882812
Step [ 100/151] -> Date: 3/2017, Prediction: 52.858612060546875
Step [ 101/151] -> Date: 4/2017, Prediction: 73.61573791503906
Step [ 102/151] -> Date: 5/2017, Prediction: 83.13168334960938
Step [ 103/151] -> Date: 6/2017, Prediction: 40.25052261352539
Step [ 104/151] -> Date: 7/2017, Prediction: 66.42257690429688
Step [ 105/151] -> Date: 8/2017, Prediction: 51.04548645019531
Step [ 106/151] -> Date: 9/2017, Prediction: 47.8376579284668
Step [ 107/151] -> Date: 10/2017, Prediction: 45.76673126220703
Step [ 108/151] -> Date: 11/2017, Prediction: 71.1842269897461
Step [ 109/151] -> Date: 12/2017, Prediction: 61.37779998779297
Step [ 110/151] -> Date: 1/2018, Prediction: 69.04058837890625
Step [ 111/151] -> Date: 2/2018, Prediction: 67.6147689819336
Step [ 112/151] -> Date: 3/2018, Prediction: 53.897335052490234
Step [ 113/151] -> Date: 4/2018, Prediction: 23.469682693481445
Step [ 114/151] -> Date: 5/2018, Prediction: 35.5165901184082
Step [ 115/151] -> Date: 6/2018, Prediction: 60.946250915527344
Step [ 116/151] -> Date: 7/2018, Prediction: 27.217586517333984
Step [ 117/151] -> Date: 8/2018, Prediction: 15.363750457763672
Step [ 118/151] -> Date: 9/2018, Prediction: 26.092437744140625
Step [ 119/151] -> Date: 10/2018, Prediction: 54.73847961425781
Step [ 120/151] -> Date: 11/2018, Prediction: 41.163291931152344
Step [ 121/151] -> Date: 12/2018, Prediction: 32.78616714477539
Step [ 122/151] -> Date: 1/2019, Prediction: 29.310626983642578
Step [ 123/151] -> Date: 2/2019, Prediction: 32.10940933227539
Step [ 124/151] -> Date: 3/2019, Prediction: 32.4573860168457
Step [ 125/151] -> Date: 4/2019, Prediction: 26.017358779907227
Step [ 126/151] -> Date: 5/2019, Prediction: 42.41579055786133
Step [ 127/151] -> Date: 6/2019, Prediction: 36.636234283447266
Step [ 128/151] -> Date: 7/2019, Prediction: 38.16963195800781
Step [ 129/151] -> Date: 8/2019, Prediction: 26.23995590209961
Step [ 130/151] -> Date: 9/2019, Prediction: 19.05416488647461
Step [ 131/151] -> Date: 10/2019, Prediction: 19.187532424926758
Step [ 132/151] -> Date: 11/2019, Prediction: 28.50415802001953
Step [ 133/151] -> Date: 12/2019, Prediction: 29.494977951049805
Step [ 134/151] -> Date: 1/2020, Prediction: 25.457515716552734
Step [ 135/151] -> Date: 2/2020, Prediction: 21.261734008789062
Step [ 136/151] -> Date: 3/2020, Prediction: 19.25655746459961
Step [ 137/151] -> Date: 4/2020, Prediction: 14.59223747253418
Step [ 138/151] -> Date: 5/2020, Prediction: 15.342947006225586
Step [ 139/151] -> Date: 6/2020, Prediction: 25.346435546875
Step [ 140/151] -> Date: 7/2020, Prediction: 17.555572509765625
Step [ 141/151] -> Date: 8/2020, Prediction: 20.9016170501709
Step [ 142/151] -> Date: 9/2020, Prediction: 29.887971878051758
Step [ 143/151] -> Date: 10/2020, Prediction: 18.529693603515625
Step [ 144/151] -> Date: 11/2020, Prediction: 16.90027618408203
Step [ 145/151] -> Date: 12/2020, Prediction: 19.548572540283203
Step [ 146/151] -> Date: 1/2021, Prediction: 13.859874725341797
Step [ 147/151] -> Date: 2/2021, Prediction: 12.567094802856445
Step [ 148/151] -> Date: 3/2021, Prediction: 13.99992561340332
Step [ 149/151] -> Date: 4/2021, Prediction: 17.54539680480957
Step [ 150/151] -> Date: 5/2021, Prediction: 16.356855392456055
Step [ 151/151] -> Date: 6/2021, Prediction: 12.059499740600586
----------------------------------------------------------------------------------------------------
Plotting data...
