----------------------------------------------------------------------------------------------------
Usage: python3 SSN_predictor.py <path_to_ssn_datafile> <path_to_aa_datafile>
----------------------------------------------------------------------------------------------------
Code running on device: cuda
----------------------------------------------------------------------------------------------------
Data loaded from file locations :
    SSN - /home/extern/Dropbox/Research/scripts/data/SILSO/TSN/SN_m_tot_V2.0.txt
    AA - /home/extern/Dropbox/Research/scripts/data/ISGI/aa_1869-01-01_2018-12-31_D.dat
----------------------------------------------------------------------------------------------------
Solar cycle data loaded/saved as: cycle_data.pickle
----------------------------------------------------------------------------------------------------
SC Number     Start Date       End Date      Solar Max   Length(in months)
         0      [1749, 1]      [1755, 1]         154.27                  73
         1      [1755, 2]      [1766, 5]         144.12                 136
         2      [1766, 6]      [1775, 5]         192.98                 108
         3      [1775, 6]      [1784, 8]         264.25                 111
         4      [1784, 9]      [1798, 3]         235.28                 163
         5      [1798, 4]     [1810, 11]          67.93                 152
         6     [1810, 12]      [1823, 4]          81.99                 149
         7      [1823, 5]     [1833, 10]          81.16                 126
         8     [1833, 11]      [1843, 6]         119.24                 116
         9      [1843, 7]     [1855, 11]         244.87                 149
        10     [1855, 12]      [1867, 2]         219.94                 135
        11      [1867, 3]     [1878, 11]         186.15                 141
        12     [1878, 12]      [1890, 2]         234.02                 135
        13      [1890, 3]      [1902, 0]         124.41                 142
        14      [1902, 1]      [1913, 6]         146.55                 138
        15      [1913, 7]      [1923, 7]         107.08                 121
        16      [1923, 8]      [1933, 8]         175.67                 121
        17      [1933, 9]      [1944, 1]         130.23                 125
        18      [1944, 2]      [1954, 3]         198.64                 122
        19      [1954, 4]      [1964, 9]         218.73                 126
        20     [1964, 10]      [1976, 2]          285.0                 137
        21      [1976, 3]      [1986, 8]         156.63                 126
        22      [1986, 9]      [1996, 4]         232.92                 116
        23      [1996, 5]     [2008, 11]         212.48                 151
        24     [2008, 12]     [2019, 11]         180.28                 132
----------------------------------------------------------------------------------------------------
Selected model: FFNN(
  (model): Sequential(
    (0): Linear(in_features=6, out_features=6, bias=True)
    (1): LeakyReLU(negative_slope=0.01, inplace=True)
    (2): Linear(in_features=6, out_features=3, bias=True)
    (3): LeakyReLU(negative_slope=0.01, inplace=True)
    (4): Linear(in_features=3, out_features=1, bias=True)
  )
)    Training mode: True    Prediction mode: True
----------------------------------------------------------------------------------------------------
Selected optimizer: Adam (
Parameter Group 0
    amsgrad: False
    betas: (0.9, 0.999)
    eps: 1e-08
    lr: 0.001
    weight_decay: 0
)
----------------------------------------------------------------------------------------------------
Selected scheduler: ReduceLROnPlateau(
    {'factor': 0.9, 'min_lrs': [0], 'patience': 10, 'verbose': True, 'cooldown': 0, 'cooldown_counter': 0, 'mode': 'min', 'threshold': 0.0001, 'threshold_mode': 'rel', 'best': inf, 'num_bad_epochs': 0, 'mode_worse': inf, 'eps': 1e-08, 'last_epoch': 0})
----------------------------------------------------------------------------------------------------
No pre-trained models available, initializing model weights
----------------------------------------------------------------------------------------------------
Training model with solar cycle 12 to 22 data with: num_epochs=800
Epoch [   5/800] -> Loss: 45.5819
Epoch [  10/800] -> Loss: 44.9594
Epoch [  15/800] -> Loss: 44.4785
Epoch [  20/800] -> Loss: 44.6940
Epoch [  25/800] -> Loss: 44.1073
Epoch [  30/800] -> Loss: 43.9858
Epoch [  35/800] -> Loss: 44.1691
Epoch    40: reducing learning rate of group 0 to 9.0000e-04.
Epoch [  40/800] -> Loss: 43.8311
Epoch [  45/800] -> Loss: 43.9365
Epoch [  50/800] -> Loss: 43.8684
Epoch [  55/800] -> Loss: 43.3819
Epoch [  60/800] -> Loss: 43.1908
Epoch [  65/800] -> Loss: 42.9249
Epoch [  70/800] -> Loss: 42.7706
Epoch [  75/800] -> Loss: 43.1899
Epoch [  80/800] -> Loss: 42.7121
Epoch [  85/800] -> Loss: 42.4187
Epoch [  90/800] -> Loss: 43.0224
Epoch [  95/800] -> Loss: 41.7347
----------------------------------------------------------------------------------------------------
Model checkpoint saved as _FFNN_100.pth
----------------------------------------------------------------------------------------------------
Epoch [ 100/800] -> Loss: 42.0084
Epoch [ 105/800] -> Loss: 41.3500
Epoch [ 110/800] -> Loss: 41.6149
Epoch [ 115/800] -> Loss: 41.5685
Epoch [ 120/800] -> Loss: 41.1506
Epoch [ 125/800] -> Loss: 40.8650
Epoch [ 130/800] -> Loss: 40.4865
Epoch [ 135/800] -> Loss: 40.7812
Epoch [ 140/800] -> Loss: 40.3872
Epoch [ 145/800] -> Loss: 39.6379
Epoch [ 150/800] -> Loss: 39.6429
Epoch [ 155/800] -> Loss: 39.2556
Epoch [ 160/800] -> Loss: 38.8262
Epoch [ 165/800] -> Loss: 39.1830
Epoch [ 170/800] -> Loss: 38.7540
Epoch [ 175/800] -> Loss: 38.5231
Epoch [ 180/800] -> Loss: 38.0644
Epoch [ 185/800] -> Loss: 38.6178
Epoch [ 190/800] -> Loss: 37.8724
Epoch [ 195/800] -> Loss: 37.6487
----------------------------------------------------------------------------------------------------
Model checkpoint saved as _FFNN_200.pth
----------------------------------------------------------------------------------------------------
Epoch [ 200/800] -> Loss: 38.0652
Epoch [ 205/800] -> Loss: 37.8441
Epoch [ 210/800] -> Loss: 37.6429
Epoch   215: reducing learning rate of group 0 to 8.1000e-04.
Epoch [ 215/800] -> Loss: 38.3684
Epoch [ 220/800] -> Loss: 37.6141
Epoch [ 225/800] -> Loss: 37.2375
Epoch [ 230/800] -> Loss: 37.0936
Epoch [ 235/800] -> Loss: 37.5141
Epoch [ 240/800] -> Loss: 37.8226
Epoch   241: reducing learning rate of group 0 to 7.2900e-04.
Epoch [ 245/800] -> Loss: 37.4359
Epoch [ 250/800] -> Loss: 37.6585
Epoch   252: reducing learning rate of group 0 to 6.5610e-04.
Epoch [ 255/800] -> Loss: 37.4683
Epoch [ 260/800] -> Loss: 37.3206
Epoch   263: reducing learning rate of group 0 to 5.9049e-04.
Epoch [ 265/800] -> Loss: 37.4264
Epoch [ 270/800] -> Loss: 37.6003
Epoch   274: reducing learning rate of group 0 to 5.3144e-04.
Epoch [ 275/800] -> Loss: 37.1021
Epoch [ 280/800] -> Loss: 37.2523
Epoch [ 285/800] -> Loss: 37.2838
Epoch [ 290/800] -> Loss: 37.3176
Epoch   295: reducing learning rate of group 0 to 4.7830e-04.
Epoch [ 295/800] -> Loss: 37.1731
----------------------------------------------------------------------------------------------------
Model checkpoint saved as _FFNN_300.pth
----------------------------------------------------------------------------------------------------
Epoch [ 300/800] -> Loss: 37.5408
Epoch [ 305/800] -> Loss: 36.9467
Epoch   306: reducing learning rate of group 0 to 4.3047e-04.
Epoch [ 310/800] -> Loss: 37.2272
Epoch [ 315/800] -> Loss: 37.0736
Epoch [ 320/800] -> Loss: 37.5313
Epoch   323: reducing learning rate of group 0 to 3.8742e-04.
Epoch [ 325/800] -> Loss: 37.6874
Epoch [ 330/800] -> Loss: 36.9811
Epoch   334: reducing learning rate of group 0 to 3.4868e-04.
Epoch [ 335/800] -> Loss: 37.4050
Epoch [ 340/800] -> Loss: 36.9238
Epoch   345: reducing learning rate of group 0 to 3.1381e-04.
Epoch [ 345/800] -> Loss: 36.8832
Epoch [ 350/800] -> Loss: 36.6815
Epoch [ 355/800] -> Loss: 36.8451
Epoch [ 360/800] -> Loss: 36.8405
Epoch [ 365/800] -> Loss: 36.9329
Epoch   367: reducing learning rate of group 0 to 2.8243e-04.
Epoch [ 370/800] -> Loss: 36.8259
Epoch [ 375/800] -> Loss: 37.2010
Epoch   378: reducing learning rate of group 0 to 2.5419e-04.
Epoch [ 380/800] -> Loss: 37.3032
Epoch [ 385/800] -> Loss: 37.1826
Epoch [ 390/800] -> Loss: 37.1802
Epoch   394: reducing learning rate of group 0 to 2.2877e-04.
Epoch [ 395/800] -> Loss: 37.3914
----------------------------------------------------------------------------------------------------
Model checkpoint saved as _FFNN_400.pth
----------------------------------------------------------------------------------------------------
Epoch [ 400/800] -> Loss: 37.1210
Epoch   405: reducing learning rate of group 0 to 2.0589e-04.
Epoch [ 405/800] -> Loss: 37.4527
Epoch [ 410/800] -> Loss: 37.1736
Epoch [ 415/800] -> Loss: 36.9283
Epoch   416: reducing learning rate of group 0 to 1.8530e-04.
Epoch [ 420/800] -> Loss: 37.2232
Epoch [ 425/800] -> Loss: 36.8888
Epoch   427: reducing learning rate of group 0 to 1.6677e-04.
Epoch [ 430/800] -> Loss: 37.0957
Epoch [ 435/800] -> Loss: 36.8549
Epoch   438: reducing learning rate of group 0 to 1.5009e-04.
Epoch [ 440/800] -> Loss: 36.7358
Epoch [ 445/800] -> Loss: 37.0000
Epoch   449: reducing learning rate of group 0 to 1.3509e-04.
Epoch [ 450/800] -> Loss: 36.9972
Epoch [ 455/800] -> Loss: 37.0525
Epoch   460: reducing learning rate of group 0 to 1.2158e-04.
Epoch [ 460/800] -> Loss: 37.3885
Epoch [ 465/800] -> Loss: 37.4227
Epoch [ 470/800] -> Loss: 37.2007
Epoch   471: reducing learning rate of group 0 to 1.0942e-04.
Epoch [ 475/800] -> Loss: 37.3195
Epoch [ 480/800] -> Loss: 36.6919
Epoch   482: reducing learning rate of group 0 to 9.8477e-05.
Epoch [ 485/800] -> Loss: 36.8174
Epoch [ 490/800] -> Loss: 36.9141
Epoch   493: reducing learning rate of group 0 to 8.8629e-05.
Epoch [ 495/800] -> Loss: 36.9455
----------------------------------------------------------------------------------------------------
Model checkpoint saved as _FFNN_500.pth
----------------------------------------------------------------------------------------------------
Epoch [ 500/800] -> Loss: 37.3106
Epoch   504: reducing learning rate of group 0 to 7.9766e-05.
Epoch [ 505/800] -> Loss: 37.0765
Epoch [ 510/800] -> Loss: 37.0764
Epoch   515: reducing learning rate of group 0 to 7.1790e-05.
Epoch [ 515/800] -> Loss: 37.0081
Epoch [ 520/800] -> Loss: 36.8366
Epoch [ 525/800] -> Loss: 36.6897
Epoch   526: reducing learning rate of group 0 to 6.4611e-05.
Epoch [ 530/800] -> Loss: 36.6999
Epoch [ 535/800] -> Loss: 36.6398
Epoch   537: reducing learning rate of group 0 to 5.8150e-05.
Epoch [ 540/800] -> Loss: 36.5639
Epoch [ 545/800] -> Loss: 36.6791
Epoch   548: reducing learning rate of group 0 to 5.2335e-05.
Epoch [ 550/800] -> Loss: 36.7228
Epoch [ 555/800] -> Loss: 37.0762
Epoch   559: reducing learning rate of group 0 to 4.7101e-05.
Epoch [ 560/800] -> Loss: 36.9014
Epoch [ 565/800] -> Loss: 37.0975
Epoch   570: reducing learning rate of group 0 to 4.2391e-05.
Epoch [ 570/800] -> Loss: 37.0769
Epoch [ 575/800] -> Loss: 36.7386
Epoch [ 580/800] -> Loss: 36.8938
Epoch   581: reducing learning rate of group 0 to 3.8152e-05.
Epoch [ 585/800] -> Loss: 36.8024
Epoch [ 590/800] -> Loss: 36.6000
Epoch   592: reducing learning rate of group 0 to 3.4337e-05.
Epoch [ 595/800] -> Loss: 37.2196
----------------------------------------------------------------------------------------------------
Model checkpoint saved as _FFNN_600.pth
----------------------------------------------------------------------------------------------------
Epoch [ 600/800] -> Loss: 37.0092
Epoch   603: reducing learning rate of group 0 to 3.0903e-05.
Epoch [ 605/800] -> Loss: 36.6160
Epoch [ 610/800] -> Loss: 36.8818
Epoch   614: reducing learning rate of group 0 to 2.7813e-05.
Epoch [ 615/800] -> Loss: 36.7909
Epoch [ 620/800] -> Loss: 36.9762
Epoch   625: reducing learning rate of group 0 to 2.5032e-05.
Epoch [ 625/800] -> Loss: 36.8349
Epoch [ 630/800] -> Loss: 37.0419
Epoch [ 635/800] -> Loss: 36.5430
Epoch   636: reducing learning rate of group 0 to 2.2528e-05.
Epoch [ 640/800] -> Loss: 36.7561
Epoch [ 645/800] -> Loss: 37.2156
Epoch   647: reducing learning rate of group 0 to 2.0276e-05.
Epoch [ 650/800] -> Loss: 36.7031
Epoch [ 655/800] -> Loss: 37.1263
Epoch   658: reducing learning rate of group 0 to 1.8248e-05.
Epoch [ 660/800] -> Loss: 36.7332
Epoch [ 665/800] -> Loss: 36.7739
Epoch [ 670/800] -> Loss: 36.7021
Epoch [ 675/800] -> Loss: 36.6802
Epoch   678: reducing learning rate of group 0 to 1.6423e-05.
Epoch [ 680/800] -> Loss: 36.9987
Epoch [ 685/800] -> Loss: 36.8120
Epoch   689: reducing learning rate of group 0 to 1.4781e-05.
Epoch [ 690/800] -> Loss: 37.0929
Epoch [ 695/800] -> Loss: 36.8869
Epoch   700: reducing learning rate of group 0 to 1.3303e-05.
----------------------------------------------------------------------------------------------------
Model checkpoint saved as _FFNN_700.pth
----------------------------------------------------------------------------------------------------
Epoch [ 700/800] -> Loss: 37.0747
Epoch [ 705/800] -> Loss: 36.6140
Epoch [ 710/800] -> Loss: 36.8862
Epoch   711: reducing learning rate of group 0 to 1.1973e-05.
Epoch [ 715/800] -> Loss: 36.9947
Epoch [ 720/800] -> Loss: 37.1340
Epoch   722: reducing learning rate of group 0 to 1.0775e-05.
Epoch [ 725/800] -> Loss: 37.3753
Epoch [ 730/800] -> Loss: 36.8564
Epoch   733: reducing learning rate of group 0 to 9.6977e-06.
Epoch [ 735/800] -> Loss: 36.8507
Epoch [ 740/800] -> Loss: 36.9258
Epoch   744: reducing learning rate of group 0 to 8.7280e-06.
Epoch [ 745/800] -> Loss: 37.0068
Epoch [ 750/800] -> Loss: 37.0004
Epoch   755: reducing learning rate of group 0 to 7.8552e-06.
Epoch [ 755/800] -> Loss: 36.8691
Epoch [ 760/800] -> Loss: 36.9338
Epoch [ 765/800] -> Loss: 36.7934
Epoch   766: reducing learning rate of group 0 to 7.0697e-06.
Epoch [ 770/800] -> Loss: 36.8693
Epoch [ 775/800] -> Loss: 36.8742
Epoch   777: reducing learning rate of group 0 to 6.3627e-06.
Epoch [ 780/800] -> Loss: 36.7502
Epoch [ 785/800] -> Loss: 37.1612
Epoch   788: reducing learning rate of group 0 to 5.7264e-06.
Epoch [ 790/800] -> Loss: 36.7305
Epoch [ 795/800] -> Loss: 36.6219
Epoch   799: reducing learning rate of group 0 to 5.1538e-06.
----------------------------------------------------------------------------------------------------
Model checkpoint saved as _FFNN_800.pth
----------------------------------------------------------------------------------------------------
Epoch [ 800/800] -> Loss: 37.2987
----------------------------------------------------------------------------------------------------
Plotting loss data...
----------------------------------------------------------------------------------------------------
Training finished successfully.
        Saved model checkpoints can be found in: /home/extern/Dropbox/Research/scripts/models/
        Saved data/loss graphs can be found in: /home/extern/Dropbox/Research/scripts/graphs/
----------------------------------------------------------------------------------------------------
Validating model for solar cycle 23 data
Step [   1/151] -> Date: 5/1996, Target: 7.6, Prediction: 27.7425537109375
Step [   2/151] -> Date: 6/1996, Target: 16.5, Prediction: 18.18596839904785
Step [   3/151] -> Date: 7/1996, Target: 11.8, Prediction: 6.716172218322754
Step [   4/151] -> Date: 8/1996, Target: 19.7, Prediction: 6.267926216125488
Step [   5/151] -> Date: 9/1996, Target: 3.0, Prediction: 6.281765460968018
Step [   6/151] -> Date: 10/1996, Target: 0.7, Prediction: 13.154197692871094
Step [   7/151] -> Date: 11/1996, Target: 24.9, Prediction: 20.089521408081055
Step [   8/151] -> Date: 12/1996, Target: 14.0, Prediction: 23.99361228942871
Step [   9/151] -> Date: 1/1997, Target: 7.4, Prediction: 21.139135360717773
Step [  10/151] -> Date: 2/1997, Target: 11.0, Prediction: 30.442712783813477
Step [  11/151] -> Date: 3/1997, Target: 12.1, Prediction: 38.50778579711914
Step [  12/151] -> Date: 4/1997, Target: 23.0, Prediction: 40.39252471923828
Step [  13/151] -> Date: 5/1997, Target: 25.4, Prediction: 60.725006103515625
Step [  14/151] -> Date: 6/1997, Target: 20.8, Prediction: 51.125396728515625
Step [  15/151] -> Date: 7/1997, Target: 12.9, Prediction: 41.524940490722656
Step [  16/151] -> Date: 8/1997, Target: 35.7, Prediction: 58.289276123046875
Step [  17/151] -> Date: 9/1997, Target: 59.7, Prediction: 52.59737014770508
Step [  18/151] -> Date: 10/1997, Target: 32.8, Prediction: 72.04268646240234
Step [  19/151] -> Date: 11/1997, Target: 50.4, Prediction: 81.61753845214844
Step [  20/151] -> Date: 12/1997, Target: 55.5, Prediction: 71.17166900634766
Step [  21/151] -> Date: 1/1998, Target: 44.5, Prediction: 87.57855224609375
Step [  22/151] -> Date: 2/1998, Target: 50.2, Prediction: 87.77467346191406
Step [  23/151] -> Date: 3/1998, Target: 82.0, Prediction: 89.19330596923828
Step [  24/151] -> Date: 4/1998, Target: 70.6, Prediction: 88.73716735839844
Step [  25/151] -> Date: 5/1998, Target: 74.0, Prediction: 135.0170135498047
Step [  26/151] -> Date: 6/1998, Target: 90.5, Prediction: 132.49224853515625
Step [  27/151] -> Date: 7/1998, Target: 96.7, Prediction: 157.283203125
Step [  28/151] -> Date: 8/1998, Target: 121.1, Prediction: 153.65431213378906
Step [  29/151] -> Date: 9/1998, Target: 132.0, Prediction: 153.63291931152344
Step [  30/151] -> Date: 10/1998, Target: 78.5, Prediction: 153.9215087890625
Step [  31/151] -> Date: 11/1998, Target: 97.3, Prediction: 147.96221923828125
Step [  32/151] -> Date: 12/1998, Target: 119.2, Prediction: 152.83248901367188
Step [  33/151] -> Date: 1/1999, Target: 86.0, Prediction: 173.58863830566406
Step [  34/151] -> Date: 2/1999, Target: 98.0, Prediction: 141.00863647460938
Step [  35/151] -> Date: 3/1999, Target: 103.5, Prediction: 158.59976196289062
Step [  36/151] -> Date: 4/1999, Target: 93.6, Prediction: 156.5060272216797
Step [  37/151] -> Date: 5/1999, Target: 149.6, Prediction: 184.42710876464844
Step [  38/151] -> Date: 6/1999, Target: 207.2, Prediction: 194.40533447265625
Step [  39/151] -> Date: 7/1999, Target: 173.5, Prediction: 187.53782653808594
Step [  40/151] -> Date: 8/1999, Target: 142.3, Prediction: 192.6014404296875
Step [  41/151] -> Date: 9/1999, Target: 106.3, Prediction: 179.42990112304688
Step [  42/151] -> Date: 10/1999, Target: 168.7, Prediction: 186.3913116455078
Step [  43/151] -> Date: 11/1999, Target: 188.3, Prediction: 185.8259735107422
Step [  44/151] -> Date: 12/1999, Target: 116.8, Prediction: 175.59854125976562
Step [  45/151] -> Date: 1/2000, Target: 133.1, Prediction: 167.6044464111328
Step [  46/151] -> Date: 2/2000, Target: 165.7, Prediction: 174.70687866210938
Step [  47/151] -> Date: 3/2000, Target: 217.7, Prediction: 192.05963134765625
Step [  48/151] -> Date: 4/2000, Target: 191.5, Prediction: 169.63807678222656
Step [  49/151] -> Date: 5/2000, Target: 165.9, Prediction: 183.95376586914062
Step [  50/151] -> Date: 6/2000, Target: 188.0, Prediction: 177.8226318359375
Step [  51/151] -> Date: 7/2000, Target: 244.3, Prediction: 183.89068603515625
Step [  52/151] -> Date: 8/2000, Target: 180.5, Prediction: 185.93568420410156
Step [  53/151] -> Date: 9/2000, Target: 156.0, Prediction: 199.45484924316406
Step [  54/151] -> Date: 10/2000, Target: 141.6, Prediction: 194.13633728027344
Step [  55/151] -> Date: 11/2000, Target: 158.1, Prediction: 188.23886108398438
Step [  56/151] -> Date: 12/2000, Target: 143.3, Prediction: 179.34747314453125
Step [  57/151] -> Date: 1/2001, Target: 142.6, Prediction: 202.7001953125
Step [  58/151] -> Date: 2/2001, Target: 121.5, Prediction: 197.46847534179688
Step [  59/151] -> Date: 3/2001, Target: 165.8, Prediction: 198.8459014892578
Step [  60/151] -> Date: 4/2001, Target: 161.7, Prediction: 176.67831420898438
Step [  61/151] -> Date: 5/2001, Target: 142.1, Prediction: 170.47543334960938
Step [  62/151] -> Date: 6/2001, Target: 202.9, Prediction: 164.82554626464844
Step [  63/151] -> Date: 7/2001, Target: 123.0, Prediction: 172.83619689941406
Step [  64/151] -> Date: 8/2001, Target: 161.5, Prediction: 170.05392456054688
Step [  65/151] -> Date: 9/2001, Target: 238.2, Prediction: 187.23291015625
Step [  66/151] -> Date: 10/2001, Target: 194.1, Prediction: 157.7973175048828
Step [  67/151] -> Date: 11/2001, Target: 176.6, Prediction: 152.49685668945312
Step [  68/151] -> Date: 12/2001, Target: 213.4, Prediction: 141.6106719970703
Step [  69/151] -> Date: 1/2002, Target: 184.6, Prediction: 138.7742156982422
Step [  70/151] -> Date: 2/2002, Target: 170.2, Prediction: 138.67564392089844
Step [  71/151] -> Date: 3/2002, Target: 147.1, Prediction: 134.2635040283203
Step [  72/151] -> Date: 4/2002, Target: 186.9, Prediction: 139.33441162109375
Step [  73/151] -> Date: 5/2002, Target: 187.5, Prediction: 117.68993377685547
Step [  74/151] -> Date: 6/2002, Target: 128.8, Prediction: 116.559326171875
Step [  75/151] -> Date: 7/2002, Target: 161.0, Prediction: 115.2744369506836
Step [  76/151] -> Date: 8/2002, Target: 175.6, Prediction: 107.63040924072266
Step [  77/151] -> Date: 9/2002, Target: 187.9, Prediction: 114.70565032958984
Step [  78/151] -> Date: 10/2002, Target: 151.2, Prediction: 114.04671478271484
Step [  79/151] -> Date: 11/2002, Target: 147.2, Prediction: 105.16504669189453
Step [  80/151] -> Date: 12/2002, Target: 135.3, Prediction: 96.53947448730469
Step [  81/151] -> Date: 1/2003, Target: 133.5, Prediction: 91.87748718261719
Step [  82/151] -> Date: 2/2003, Target: 75.7, Prediction: 91.74884796142578
Step [  83/151] -> Date: 3/2003, Target: 100.7, Prediction: 87.16283416748047
Step [  84/151] -> Date: 4/2003, Target: 97.9, Prediction: 85.76696014404297
Step [  85/151] -> Date: 5/2003, Target: 86.8, Prediction: 74.515625
Step [  86/151] -> Date: 6/2003, Target: 118.7, Prediction: 70.61510467529297
Step [  87/151] -> Date: 7/2003, Target: 128.3, Prediction: 75.69976806640625
Step [  88/151] -> Date: 8/2003, Target: 115.4, Prediction: 79.7900390625
Step [  89/151] -> Date: 9/2003, Target: 78.5, Prediction: 84.16110229492188
Step [  90/151] -> Date: 10/2003, Target: 97.8, Prediction: 74.86506652832031
Step [  91/151] -> Date: 11/2003, Target: 82.9, Prediction: 69.38826751708984
Step [  92/151] -> Date: 12/2003, Target: 72.2, Prediction: 68.6181869506836
Step [  93/151] -> Date: 1/2004, Target: 60.6, Prediction: 59.80328369140625
Step [  94/151] -> Date: 2/2004, Target: 74.6, Prediction: 58.35504913330078
Step [  95/151] -> Date: 3/2004, Target: 74.8, Prediction: 52.22719192504883
Step [  96/151] -> Date: 4/2004, Target: 59.2, Prediction: 60.19988250732422
Step [  97/151] -> Date: 5/2004, Target: 72.8, Prediction: 58.548465728759766
Step [  98/151] -> Date: 6/2004, Target: 66.5, Prediction: 41.39728546142578
Step [  99/151] -> Date: 7/2004, Target: 83.8, Prediction: 42.537353515625
Step [ 100/151] -> Date: 8/2004, Target: 69.7, Prediction: 40.67775344848633
Step [ 101/151] -> Date: 9/2004, Target: 48.8, Prediction: 42.75078201293945
Step [ 102/151] -> Date: 10/2004, Target: 74.2, Prediction: 39.4464225769043
Step [ 103/151] -> Date: 11/2004, Target: 70.1, Prediction: 35.215755462646484
Step [ 104/151] -> Date: 12/2004, Target: 28.9, Prediction: 39.645042419433594
Step [ 105/151] -> Date: 1/2005, Target: 48.1, Prediction: 30.194067001342773
Step [ 106/151] -> Date: 2/2005, Target: 43.5, Prediction: 26.287975311279297
Step [ 107/151] -> Date: 3/2005, Target: 39.6, Prediction: 27.574506759643555
Step [ 108/151] -> Date: 4/2005, Target: 38.7, Prediction: 32.88295364379883
Step [ 109/151] -> Date: 5/2005, Target: 61.9, Prediction: 33.06867980957031
Step [ 110/151] -> Date: 6/2005, Target: 56.8, Prediction: 22.469017028808594
Step [ 111/151] -> Date: 7/2005, Target: 62.4, Prediction: 20.70480728149414
Step [ 112/151] -> Date: 8/2005, Target: 60.5, Prediction: 20.379167556762695
Step [ 113/151] -> Date: 9/2005, Target: 37.2, Prediction: 22.247297286987305
Step [ 114/151] -> Date: 10/2005, Target: 13.2, Prediction: 27.197294235229492
Step [ 115/151] -> Date: 11/2005, Target: 27.5, Prediction: 24.444473266601562
Step [ 116/151] -> Date: 12/2005, Target: 59.3, Prediction: 18.722970962524414
Step [ 117/151] -> Date: 1/2006, Target: 20.9, Prediction: 17.062042236328125
Step [ 118/151] -> Date: 2/2006, Target: 5.7, Prediction: 18.923852920532227
Step [ 119/151] -> Date: 3/2006, Target: 17.3, Prediction: 23.344749450683594
Step [ 120/151] -> Date: 4/2006, Target: 50.3, Prediction: 27.40892791748047
Step [ 121/151] -> Date: 5/2006, Target: 37.2, Prediction: 18.3270320892334
Step [ 122/151] -> Date: 6/2006, Target: 24.5, Prediction: 14.136781692504883
Step [ 123/151] -> Date: 7/2006, Target: 22.2, Prediction: 8.863677978515625
Step [ 124/151] -> Date: 8/2006, Target: 20.8, Prediction: 7.934798240661621
Step [ 125/151] -> Date: 9/2006, Target: 23.7, Prediction: 13.117616653442383
Step [ 126/151] -> Date: 10/2006, Target: 14.9, Prediction: 13.32526969909668
Step [ 127/151] -> Date: 11/2006, Target: 35.7, Prediction: 21.612356185913086
Step [ 128/151] -> Date: 12/2006, Target: 22.3, Prediction: 21.65081787109375
Step [ 129/151] -> Date: 1/2007, Target: 29.3, Prediction: 19.3210391998291
Step [ 130/151] -> Date: 2/2007, Target: 18.4, Prediction: 16.834007263183594
Step [ 131/151] -> Date: 3/2007, Target: 7.2, Prediction: 21.182512283325195
Step [ 132/151] -> Date: 4/2007, Target: 5.4, Prediction: 28.57883071899414
Step [ 133/151] -> Date: 5/2007, Target: 19.5, Prediction: 25.145912170410156
Step [ 134/151] -> Date: 6/2007, Target: 21.3, Prediction: 27.194215774536133
Step [ 135/151] -> Date: 7/2007, Target: 15.1, Prediction: 19.862396240234375
Step [ 136/151] -> Date: 8/2007, Target: 9.8, Prediction: 18.93527603149414
Step [ 137/151] -> Date: 9/2007, Target: 4.0, Prediction: 19.76213264465332
Step [ 138/151] -> Date: 10/2007, Target: 1.5, Prediction: 37.34212875366211
Step [ 139/151] -> Date: 11/2007, Target: 2.8, Prediction: 31.800168991088867
Step [ 140/151] -> Date: 12/2007, Target: 17.3, Prediction: 44.44050216674805
Step [ 141/151] -> Date: 1/2008, Target: 4.1, Prediction: 43.47848892211914
Step [ 142/151] -> Date: 2/2008, Target: 2.9, Prediction: 46.88715362548828
Step [ 143/151] -> Date: 3/2008, Target: 15.5, Prediction: 62.43589401245117
Step [ 144/151] -> Date: 4/2008, Target: 3.6, Prediction: 62.93132400512695
Step [ 145/151] -> Date: 5/2008, Target: 4.6, Prediction: 63.78000259399414
Step [ 146/151] -> Date: 6/2008, Target: 5.2, Prediction: 69.53445434570312
Step [ 147/151] -> Date: 7/2008, Target: 0.6, Prediction: 71.96173858642578
Step [ 148/151] -> Date: 8/2008, Target: 0.3, Prediction: 63.0321044921875
Step [ 149/151] -> Date: 9/2008, Target: 1.2, Prediction: 69.71369171142578
Step [ 150/151] -> Date: 10/2008, Target: 4.2, Prediction: 75.7626953125
Step [ 151/151] -> Date: 11/2008, Target: 6.6, Prediction: 75.37884521484375
----------------------------------------------------------------------------------------------------
Average Validation Loss: 29.597610508369293
----------------------------------------------------------------------------------------------------
Plotting data...
----------------------------------------------------------------------------------------------------
Plotting loss data...
----------------------------------------------------------------------------------------------------
Validation finished successfully.        Saved prediction/loss graphs can be found in: /home/extern/Dropbox/Research/scripts/graphs/
----------------------------------------------------------------------------------------------------
Predicting SC 24 using the above trained model
Step [   1/151] -> Date: 12/2008, Prediction: 13.321796417236328
Step [   2/151] -> Date: 1/2009, Prediction: 11.284748077392578
Step [   3/151] -> Date: 2/2009, Prediction: 14.19677734375
Step [   4/151] -> Date: 3/2009, Prediction: 12.49358081817627
Step [   5/151] -> Date: 4/2009, Prediction: 10.341464042663574
Step [   6/151] -> Date: 5/2009, Prediction: 13.641847610473633
Step [   7/151] -> Date: 6/2009, Prediction: 15.330612182617188
Step [   8/151] -> Date: 7/2009, Prediction: 18.969404220581055
Step [   9/151] -> Date: 8/2009, Prediction: 25.10179901123047
Step [  10/151] -> Date: 9/2009, Prediction: 22.386493682861328
Step [  11/151] -> Date: 10/2009, Prediction: 25.25996971130371
Step [  12/151] -> Date: 11/2009, Prediction: 22.17606544494629
Step [  13/151] -> Date: 12/2009, Prediction: 41.67844772338867
Step [  14/151] -> Date: 1/2010, Prediction: 35.95172119140625
Step [  15/151] -> Date: 2/2010, Prediction: 43.06941604614258
Step [  16/151] -> Date: 3/2010, Prediction: 53.45165252685547
Step [  17/151] -> Date: 4/2010, Prediction: 46.95660400390625
Step [  18/151] -> Date: 5/2010, Prediction: 56.172359466552734
Step [  19/151] -> Date: 6/2010, Prediction: 59.297386169433594
Step [  20/151] -> Date: 7/2010, Prediction: 60.08155822753906
Step [  21/151] -> Date: 8/2010, Prediction: 62.869686126708984
Step [  22/151] -> Date: 9/2010, Prediction: 74.81412506103516
Step [  23/151] -> Date: 10/2010, Prediction: 66.90644073486328
Step [  24/151] -> Date: 11/2010, Prediction: 68.7928466796875
Step [  25/151] -> Date: 12/2010, Prediction: 111.41603088378906
Step [  26/151] -> Date: 1/2011, Prediction: 110.99809265136719
Step [  27/151] -> Date: 2/2011, Prediction: 120.5068130493164
Step [  28/151] -> Date: 3/2011, Prediction: 123.32022857666016
Step [  29/151] -> Date: 4/2011, Prediction: 108.10507202148438
Step [  30/151] -> Date: 5/2011, Prediction: 119.19634246826172
Step [  31/151] -> Date: 6/2011, Prediction: 127.02576446533203
Step [  32/151] -> Date: 7/2011, Prediction: 119.88877868652344
Step [  33/151] -> Date: 8/2011, Prediction: 123.66149139404297
Step [  34/151] -> Date: 9/2011, Prediction: 124.21421813964844
Step [  35/151] -> Date: 10/2011, Prediction: 120.09231567382812
Step [  36/151] -> Date: 11/2011, Prediction: 132.99160766601562
Step [  37/151] -> Date: 12/2011, Prediction: 176.60914611816406
Step [  38/151] -> Date: 1/2012, Prediction: 171.14247131347656
Step [  39/151] -> Date: 2/2012, Prediction: 162.64093017578125
Step [  40/151] -> Date: 3/2012, Prediction: 152.87527465820312
Step [  41/151] -> Date: 4/2012, Prediction: 176.4517822265625
Step [  42/151] -> Date: 5/2012, Prediction: 182.32901000976562
Step [  43/151] -> Date: 6/2012, Prediction: 160.69908142089844
Step [  44/151] -> Date: 7/2012, Prediction: 164.34275817871094
Step [  45/151] -> Date: 8/2012, Prediction: 172.54681396484375
Step [  46/151] -> Date: 9/2012, Prediction: 179.93496704101562
Step [  47/151] -> Date: 10/2012, Prediction: 175.2316131591797
Step [  48/151] -> Date: 11/2012, Prediction: 168.76817321777344
Step [  49/151] -> Date: 12/2012, Prediction: 180.86636352539062
Step [  50/151] -> Date: 1/2013, Prediction: 199.8118133544922
Step [  51/151] -> Date: 2/2013, Prediction: 182.86203002929688
Step [  52/151] -> Date: 3/2013, Prediction: 180.33729553222656
Step [  53/151] -> Date: 4/2013, Prediction: 176.6661834716797
Step [  54/151] -> Date: 5/2013, Prediction: 180.990478515625
Step [  55/151] -> Date: 6/2013, Prediction: 171.1481170654297
Step [  56/151] -> Date: 7/2013, Prediction: 169.6773681640625
Step [  57/151] -> Date: 8/2013, Prediction: 160.86265563964844
Step [  58/151] -> Date: 9/2013, Prediction: 176.24029541015625
Step [  59/151] -> Date: 10/2013, Prediction: 175.3807373046875
Step [  60/151] -> Date: 11/2013, Prediction: 165.08070373535156
Step [  61/151] -> Date: 12/2013, Prediction: 162.6636962890625
Step [  62/151] -> Date: 1/2014, Prediction: 144.04762268066406
Step [  63/151] -> Date: 2/2014, Prediction: 156.60528564453125
Step [  64/151] -> Date: 3/2014, Prediction: 179.27755737304688
Step [  65/151] -> Date: 4/2014, Prediction: 171.75547790527344
Step [  66/151] -> Date: 5/2014, Prediction: 164.37506103515625
Step [  67/151] -> Date: 6/2014, Prediction: 170.96096801757812
Step [  68/151] -> Date: 7/2014, Prediction: 160.48358154296875
Step [  69/151] -> Date: 8/2014, Prediction: 155.7664337158203
Step [  70/151] -> Date: 9/2014, Prediction: 148.09414672851562
Step [  71/151] -> Date: 10/2014, Prediction: 159.70425415039062
Step [  72/151] -> Date: 11/2014, Prediction: 157.95994567871094
Step [  73/151] -> Date: 12/2014, Prediction: 105.32377624511719
Step [  74/151] -> Date: 1/2015, Prediction: 120.22632598876953
Step [  75/151] -> Date: 2/2015, Prediction: 126.31119537353516
Step [  76/151] -> Date: 3/2015, Prediction: 127.46898651123047
Step [  77/151] -> Date: 4/2015, Prediction: 129.86587524414062
Step [  78/151] -> Date: 5/2015, Prediction: 120.24739074707031
Step [  79/151] -> Date: 6/2015, Prediction: 114.0798110961914
Step [  80/151] -> Date: 7/2015, Prediction: 111.58910369873047
Step [  81/151] -> Date: 8/2015, Prediction: 97.64214324951172
Step [  82/151] -> Date: 9/2015, Prediction: 109.04080200195312
Step [  83/151] -> Date: 10/2015, Prediction: 110.44181823730469
Step [  84/151] -> Date: 11/2015, Prediction: 116.50593566894531
Step [  85/151] -> Date: 12/2015, Prediction: 100.79481506347656
Step [  86/151] -> Date: 1/2016, Prediction: 97.72354125976562
Step [  87/151] -> Date: 2/2016, Prediction: 97.93531036376953
Step [  88/151] -> Date: 3/2016, Prediction: 81.71556091308594
Step [  89/151] -> Date: 4/2016, Prediction: 103.42694854736328
Step [  90/151] -> Date: 5/2016, Prediction: 90.14891052246094
Step [  91/151] -> Date: 6/2016, Prediction: 72.54183959960938
Step [  92/151] -> Date: 7/2016, Prediction: 74.88117980957031
Step [  93/151] -> Date: 8/2016, Prediction: 66.23788452148438
Step [  94/151] -> Date: 9/2016, Prediction: 68.708984375
Step [  95/151] -> Date: 10/2016, Prediction: 62.428016662597656
Step [  96/151] -> Date: 11/2016, Prediction: 65.72335052490234
Step [  97/151] -> Date: 12/2016, Prediction: 43.06809997558594
Step [  98/151] -> Date: 1/2017, Prediction: 61.265316009521484
Step [  99/151] -> Date: 2/2017, Prediction: 45.41542434692383
Step [ 100/151] -> Date: 3/2017, Prediction: 38.064239501953125
Step [ 101/151] -> Date: 4/2017, Prediction: 42.979454040527344
Step [ 102/151] -> Date: 5/2017, Prediction: 57.04611587524414
Step [ 103/151] -> Date: 6/2017, Prediction: 35.01199722290039
Step [ 104/151] -> Date: 7/2017, Prediction: 50.05728530883789
Step [ 105/151] -> Date: 8/2017, Prediction: 35.028995513916016
Step [ 106/151] -> Date: 9/2017, Prediction: 34.007225036621094
Step [ 107/151] -> Date: 10/2017, Prediction: 33.37872314453125
Step [ 108/151] -> Date: 11/2017, Prediction: 50.539695739746094
Step [ 109/151] -> Date: 12/2017, Prediction: 30.37593650817871
Step [ 110/151] -> Date: 1/2018, Prediction: 36.99620056152344
Step [ 111/151] -> Date: 2/2018, Prediction: 36.18659973144531
Step [ 112/151] -> Date: 3/2018, Prediction: 34.96259307861328
Step [ 113/151] -> Date: 4/2018, Prediction: 19.518360137939453
Step [ 114/151] -> Date: 5/2018, Prediction: 25.05234146118164
Step [ 115/151] -> Date: 6/2018, Prediction: 28.87379264831543
Step [ 116/151] -> Date: 7/2018, Prediction: 20.197717666625977
Step [ 117/151] -> Date: 8/2018, Prediction: 17.534135818481445
Step [ 118/151] -> Date: 9/2018, Prediction: 20.578689575195312
Step [ 119/151] -> Date: 10/2018, Prediction: 27.504901885986328
Step [ 120/151] -> Date: 11/2018, Prediction: 21.96725845336914
Step [ 121/151] -> Date: 12/2018, Prediction: 17.240482330322266
Step [ 122/151] -> Date: 1/2019, Prediction: 10.761476516723633
Step [ 123/151] -> Date: 2/2019, Prediction: 11.861438751220703
Step [ 124/151] -> Date: 3/2019, Prediction: 10.107600212097168
Step [ 125/151] -> Date: 4/2019, Prediction: 10.739768981933594
Step [ 126/151] -> Date: 5/2019, Prediction: 18.823801040649414
Step [ 127/151] -> Date: 6/2019, Prediction: 26.00777816772461
Step [ 128/151] -> Date: 7/2019, Prediction: 25.570117950439453
Step [ 129/151] -> Date: 8/2019, Prediction: 19.70496368408203
Step [ 130/151] -> Date: 9/2019, Prediction: 19.2506103515625
Step [ 131/151] -> Date: 10/2019, Prediction: 20.30791473388672
Step [ 132/151] -> Date: 11/2019, Prediction: 20.33446502685547
Step [ 133/151] -> Date: 12/2019, Prediction: 16.265180587768555
Step [ 134/151] -> Date: 1/2020, Prediction: 11.463655471801758
Step [ 135/151] -> Date: 2/2020, Prediction: 6.344536304473877
Step [ 136/151] -> Date: 3/2020, Prediction: 6.271233558654785
Step [ 137/151] -> Date: 4/2020, Prediction: 6.213992118835449
Step [ 138/151] -> Date: 5/2020, Prediction: 7.17972469329834
Step [ 139/151] -> Date: 6/2020, Prediction: 13.65530014038086
Step [ 140/151] -> Date: 7/2020, Prediction: 17.62192153930664
Step [ 141/151] -> Date: 8/2020, Prediction: 24.417861938476562
Step [ 142/151] -> Date: 9/2020, Prediction: 26.683820724487305
Step [ 143/151] -> Date: 10/2020, Prediction: 19.80487823486328
Step [ 144/151] -> Date: 11/2020, Prediction: 13.866857528686523
Step [ 145/151] -> Date: 12/2020, Prediction: 36.65926742553711
Step [ 146/151] -> Date: 1/2021, Prediction: 31.470239639282227
Step [ 147/151] -> Date: 2/2021, Prediction: 29.89054298400879
Step [ 148/151] -> Date: 3/2021, Prediction: 31.454893112182617
Step [ 149/151] -> Date: 4/2021, Prediction: 35.659637451171875
Step [ 150/151] -> Date: 5/2021, Prediction: 38.860965728759766
Step [ 151/151] -> Date: 6/2021, Prediction: 40.680442810058594
----------------------------------------------------------------------------------------------------
Plotting data...
