----------------------------------------------------------------------------------------------------
Usage: python3 SSN_predictor.py <path_to_ssn_datafile> <path_to_aa_datafile>
----------------------------------------------------------------------------------------------------
Code running on device: cuda
----------------------------------------------------------------------------------------------------
Data loaded from file locations :
    SSN - /home/extern/Dropbox/Research/scripts/data/SILSO/TSN/SN_m_tot_V2.0.txt
    AA - /home/extern/Dropbox/Research/scripts/data/ISGI/aa_1869-01-01_2018-12-31_D.dat
----------------------------------------------------------------------------------------------------
Solar cycle data loaded/saved as: cycle_data.pickle
----------------------------------------------------------------------------------------------------
SC Number     Start Date       End Date      Solar Max   Length(in months)
         0      [1749, 1]      [1755, 1]         154.27                  73
         1      [1755, 2]      [1766, 5]         144.12                 136
         2      [1766, 6]      [1775, 5]         192.98                 108
         3      [1775, 6]      [1784, 8]         264.25                 111
         4      [1784, 9]      [1798, 3]         235.28                 163
         5      [1798, 4]     [1810, 11]          67.93                 152
         6     [1810, 12]      [1823, 4]          81.99                 149
         7      [1823, 5]     [1833, 10]          81.16                 126
         8     [1833, 11]      [1843, 6]         119.24                 116
         9      [1843, 7]     [1855, 11]         244.87                 149
        10     [1855, 12]      [1867, 2]         219.94                 135
        11      [1867, 3]     [1878, 11]         186.15                 141
        12     [1878, 12]      [1890, 2]         234.02                 135
        13      [1890, 3]      [1902, 0]         124.41                 142
        14      [1902, 1]      [1913, 6]         146.55                 138
        15      [1913, 7]      [1923, 7]         107.08                 121
        16      [1923, 8]      [1933, 8]         175.67                 121
        17      [1933, 9]      [1944, 1]         130.23                 125
        18      [1944, 2]      [1954, 3]         198.64                 122
        19      [1954, 4]      [1964, 9]         218.73                 126
        20     [1964, 10]      [1976, 2]          285.0                 137
        21      [1976, 3]      [1986, 8]         156.63                 126
        22      [1986, 9]      [1996, 4]         232.92                 116
        23      [1996, 5]     [2008, 11]         212.48                 151
        24     [2008, 12]     [2019, 11]         180.28                 132
----------------------------------------------------------------------------------------------------
Selected model: FFNN(
  (model): Sequential(
    (0): Linear(in_features=6, out_features=6, bias=True)
    (1): LeakyReLU(negative_slope=0.01, inplace=True)
    (2): Linear(in_features=6, out_features=3, bias=True)
    (3): LeakyReLU(negative_slope=0.01, inplace=True)
    (4): Linear(in_features=3, out_features=1, bias=True)
  )
)    Training mode: True    Prediction mode: True
----------------------------------------------------------------------------------------------------
Selected optimizer: Adam (
Parameter Group 0
    amsgrad: False
    betas: (0.9, 0.999)
    eps: 1e-08
    lr: 0.0001
    weight_decay: 0
)
----------------------------------------------------------------------------------------------------
Selected scheduler: ReduceLROnPlateau(
    {'factor': 0.9, 'min_lrs': [0], 'patience': 10, 'verbose': True, 'cooldown': 0, 'cooldown_counter': 0, 'mode': 'min', 'threshold': 0.0001, 'threshold_mode': 'rel', 'best': inf, 'num_bad_epochs': 0, 'mode_worse': inf, 'eps': 1e-08, 'last_epoch': 0})
----------------------------------------------------------------------------------------------------
No pre-trained models available, initializing model weights
----------------------------------------------------------------------------------------------------
Training model with solar cycle 12 to 22 data with: num_epochs=1000
Epoch [   5/1000] -> Loss: 38.0573
Epoch [  10/1000] -> Loss: 34.7436
Epoch [  15/1000] -> Loss: 34.4403
Epoch [  20/1000] -> Loss: 34.2276
Epoch [  25/1000] -> Loss: 34.0685
Epoch [  30/1000] -> Loss: 33.9457
Epoch [  35/1000] -> Loss: 33.8305
Epoch [  40/1000] -> Loss: 33.7343
Epoch [  45/1000] -> Loss: 33.6662
Epoch [  50/1000] -> Loss: 33.6016
Epoch [  55/1000] -> Loss: 33.5513
Epoch [  60/1000] -> Loss: 33.4885
Epoch [  65/1000] -> Loss: 33.4451
Epoch [  70/1000] -> Loss: 33.4168
Epoch [  75/1000] -> Loss: 33.3752
Epoch [  80/1000] -> Loss: 33.3391
Epoch [  85/1000] -> Loss: 33.3066
Epoch [  90/1000] -> Loss: 33.2788
Epoch [  95/1000] -> Loss: 33.2364
----------------------------------------------------------------------------------------------------
Model checkpoint saved as _FFNN_100.pth
----------------------------------------------------------------------------------------------------
Epoch [ 100/1000] -> Loss: 33.2003
Epoch [ 105/1000] -> Loss: 33.1741
Epoch [ 110/1000] -> Loss: 33.1415
Epoch [ 115/1000] -> Loss: 33.1067
Epoch [ 120/1000] -> Loss: 33.0713
Epoch [ 125/1000] -> Loss: 33.0300
Epoch [ 130/1000] -> Loss: 32.9900
Epoch [ 135/1000] -> Loss: 32.9652
Epoch [ 140/1000] -> Loss: 32.9307
Epoch [ 145/1000] -> Loss: 32.8890
Epoch [ 150/1000] -> Loss: 32.8583
Epoch [ 155/1000] -> Loss: 32.8184
Epoch [ 160/1000] -> Loss: 32.7827
Epoch [ 165/1000] -> Loss: 32.7449
Epoch [ 170/1000] -> Loss: 32.7045
Epoch [ 175/1000] -> Loss: 32.6731
Epoch [ 180/1000] -> Loss: 32.6295
Epoch [ 185/1000] -> Loss: 32.5991
Epoch [ 190/1000] -> Loss: 32.5553
Epoch [ 195/1000] -> Loss: 32.5151
----------------------------------------------------------------------------------------------------
Model checkpoint saved as _FFNN_200.pth
----------------------------------------------------------------------------------------------------
Epoch [ 200/1000] -> Loss: 32.4887
Epoch [ 205/1000] -> Loss: 32.4485
Epoch [ 210/1000] -> Loss: 32.4158
Epoch [ 215/1000] -> Loss: 32.3761
Epoch [ 220/1000] -> Loss: 32.3370
Epoch [ 225/1000] -> Loss: 32.3019
Epoch [ 230/1000] -> Loss: 32.2624
Epoch [ 235/1000] -> Loss: 32.2193
Epoch [ 240/1000] -> Loss: 32.1801
Epoch [ 245/1000] -> Loss: 32.1402
Epoch [ 250/1000] -> Loss: 32.1041
Epoch [ 255/1000] -> Loss: 32.0576
Epoch [ 260/1000] -> Loss: 32.0092
Epoch [ 265/1000] -> Loss: 31.9708
Epoch [ 270/1000] -> Loss: 31.9256
Epoch [ 275/1000] -> Loss: 31.8836
Epoch [ 280/1000] -> Loss: 31.8352
Epoch [ 285/1000] -> Loss: 31.7907
Epoch [ 290/1000] -> Loss: 31.7414
Epoch [ 295/1000] -> Loss: 31.6903
----------------------------------------------------------------------------------------------------
Model checkpoint saved as _FFNN_300.pth
----------------------------------------------------------------------------------------------------
Epoch [ 300/1000] -> Loss: 31.6436
Epoch [ 305/1000] -> Loss: 31.5952
Epoch [ 310/1000] -> Loss: 31.5514
Epoch [ 315/1000] -> Loss: 31.4927
Epoch [ 320/1000] -> Loss: 31.4423
Epoch [ 325/1000] -> Loss: 31.3769
Epoch [ 330/1000] -> Loss: 31.3296
Epoch [ 335/1000] -> Loss: 31.2761
Epoch [ 340/1000] -> Loss: 31.2149
Epoch [ 345/1000] -> Loss: 31.1565
Epoch [ 350/1000] -> Loss: 31.1000
Epoch [ 355/1000] -> Loss: 31.0265
Epoch [ 360/1000] -> Loss: 30.9704
Epoch [ 365/1000] -> Loss: 30.9099
Epoch [ 370/1000] -> Loss: 30.8414
Epoch [ 375/1000] -> Loss: 30.7742
Epoch [ 380/1000] -> Loss: 30.7123
Epoch [ 385/1000] -> Loss: 30.6653
Epoch [ 390/1000] -> Loss: 30.5974
Epoch [ 395/1000] -> Loss: 30.5256
----------------------------------------------------------------------------------------------------
Model checkpoint saved as _FFNN_400.pth
----------------------------------------------------------------------------------------------------
Epoch [ 400/1000] -> Loss: 30.4669
Epoch [ 405/1000] -> Loss: 30.4057
Epoch [ 410/1000] -> Loss: 30.3424
Epoch [ 415/1000] -> Loss: 30.2811
Epoch [ 420/1000] -> Loss: 30.2265
Epoch [ 425/1000] -> Loss: 30.1549
Epoch [ 430/1000] -> Loss: 30.0978
Epoch [ 435/1000] -> Loss: 30.0372
Epoch [ 440/1000] -> Loss: 29.9780
Epoch [ 445/1000] -> Loss: 29.9093
Epoch [ 450/1000] -> Loss: 29.8467
Epoch [ 455/1000] -> Loss: 29.7787
Epoch [ 460/1000] -> Loss: 29.7207
Epoch [ 465/1000] -> Loss: 29.6722
Epoch [ 470/1000] -> Loss: 29.6054
Epoch [ 475/1000] -> Loss: 29.5461
Epoch [ 480/1000] -> Loss: 29.4862
Epoch [ 485/1000] -> Loss: 29.4320
Epoch [ 490/1000] -> Loss: 29.3862
Epoch [ 495/1000] -> Loss: 29.3119
----------------------------------------------------------------------------------------------------
Model checkpoint saved as _FFNN_500.pth
----------------------------------------------------------------------------------------------------
Epoch [ 500/1000] -> Loss: 29.2711
Epoch [ 505/1000] -> Loss: 29.2389
Epoch [ 510/1000] -> Loss: 29.1910
Epoch [ 515/1000] -> Loss: 29.1491
Epoch [ 520/1000] -> Loss: 29.1003
Epoch [ 525/1000] -> Loss: 29.0761
Epoch [ 530/1000] -> Loss: 29.0392
Epoch [ 535/1000] -> Loss: 29.0037
Epoch [ 540/1000] -> Loss: 28.9692
Epoch [ 545/1000] -> Loss: 28.9491
Epoch [ 550/1000] -> Loss: 28.9146
Epoch [ 555/1000] -> Loss: 28.8901
Epoch [ 560/1000] -> Loss: 28.8761
Epoch [ 565/1000] -> Loss: 28.8499
Epoch [ 570/1000] -> Loss: 28.7915
Epoch [ 575/1000] -> Loss: 28.7863
Epoch [ 580/1000] -> Loss: 28.7875
Epoch [ 585/1000] -> Loss: 28.7566
Epoch [ 590/1000] -> Loss: 28.7416
Epoch [ 595/1000] -> Loss: 28.7212
----------------------------------------------------------------------------------------------------
Model checkpoint saved as _FFNN_600.pth
----------------------------------------------------------------------------------------------------
Epoch [ 600/1000] -> Loss: 28.7130
Epoch [ 605/1000] -> Loss: 28.6744
Epoch [ 610/1000] -> Loss: 28.6468
Epoch [ 615/1000] -> Loss: 28.6235
Epoch [ 620/1000] -> Loss: 28.5979
Epoch [ 625/1000] -> Loss: 28.5715
Epoch [ 630/1000] -> Loss: 28.5356
Epoch [ 635/1000] -> Loss: 28.5513
Epoch [ 640/1000] -> Loss: 28.5117
Epoch [ 645/1000] -> Loss: 28.4897
Epoch [ 650/1000] -> Loss: 28.4750
Epoch   653: reducing learning rate of group 0 to 9.0000e-05.
Epoch [ 655/1000] -> Loss: 28.4680
Epoch [ 660/1000] -> Loss: 28.4487
Epoch [ 665/1000] -> Loss: 28.4399
Epoch [ 670/1000] -> Loss: 28.4288
Epoch [ 675/1000] -> Loss: 28.4230
Epoch [ 680/1000] -> Loss: 28.4131
Epoch [ 685/1000] -> Loss: 28.3972
Epoch [ 690/1000] -> Loss: 28.3760
Epoch [ 695/1000] -> Loss: 28.3696
----------------------------------------------------------------------------------------------------
Model checkpoint saved as _FFNN_700.pth
----------------------------------------------------------------------------------------------------
Epoch [ 700/1000] -> Loss: 28.3656
Epoch [ 705/1000] -> Loss: 28.3610
Epoch   709: reducing learning rate of group 0 to 8.1000e-05.
Epoch [ 710/1000] -> Loss: 28.3376
Epoch [ 715/1000] -> Loss: 28.3030
Epoch [ 720/1000] -> Loss: 28.3135
Epoch [ 725/1000] -> Loss: 28.3159
Epoch [ 730/1000] -> Loss: 28.3074
Epoch [ 735/1000] -> Loss: 28.3013
Epoch [ 740/1000] -> Loss: 28.3033
Epoch [ 745/1000] -> Loss: 28.2846
Epoch   750: reducing learning rate of group 0 to 7.2900e-05.
Epoch [ 750/1000] -> Loss: 28.2942
Epoch [ 755/1000] -> Loss: 28.2682
Epoch [ 760/1000] -> Loss: 28.2707
Epoch [ 765/1000] -> Loss: 28.2730
Epoch [ 770/1000] -> Loss: 28.2623
Epoch [ 775/1000] -> Loss: 28.2588
Epoch [ 780/1000] -> Loss: 28.2599
Epoch   784: reducing learning rate of group 0 to 6.5610e-05.
Epoch [ 785/1000] -> Loss: 28.2449
Epoch [ 790/1000] -> Loss: 28.2373
Epoch [ 795/1000] -> Loss: 28.2320
Epoch   798: reducing learning rate of group 0 to 5.9049e-05.
----------------------------------------------------------------------------------------------------
Model checkpoint saved as _FFNN_800.pth
----------------------------------------------------------------------------------------------------
Epoch [ 800/1000] -> Loss: 28.2255
Epoch [ 805/1000] -> Loss: 28.2271
Epoch [ 810/1000] -> Loss: 28.1862
Epoch [ 815/1000] -> Loss: 28.2218
Epoch [ 820/1000] -> Loss: 28.2090
Epoch   821: reducing learning rate of group 0 to 5.3144e-05.
Epoch [ 825/1000] -> Loss: 28.2135
Epoch [ 830/1000] -> Loss: 28.2000
Epoch   832: reducing learning rate of group 0 to 4.7830e-05.
Epoch [ 835/1000] -> Loss: 28.1921
Epoch [ 840/1000] -> Loss: 28.1833
Epoch [ 845/1000] -> Loss: 28.1897
Epoch [ 850/1000] -> Loss: 28.1708
Epoch [ 855/1000] -> Loss: 28.1830
Epoch [ 860/1000] -> Loss: 28.1754
Epoch [ 865/1000] -> Loss: 28.1717
Epoch [ 870/1000] -> Loss: 28.1804
Epoch [ 875/1000] -> Loss: 28.1754
Epoch [ 880/1000] -> Loss: 28.1586
Epoch [ 885/1000] -> Loss: 28.1592
Epoch [ 890/1000] -> Loss: 28.1436
Epoch   893: reducing learning rate of group 0 to 4.3047e-05.
Epoch [ 895/1000] -> Loss: 28.1506
----------------------------------------------------------------------------------------------------
Model checkpoint saved as _FFNN_900.pth
----------------------------------------------------------------------------------------------------
Epoch [ 900/1000] -> Loss: 28.1475
Epoch [ 905/1000] -> Loss: 28.1487
Epoch [ 910/1000] -> Loss: 28.1469
Epoch [ 915/1000] -> Loss: 28.1322
Epoch   919: reducing learning rate of group 0 to 3.8742e-05.
Epoch [ 920/1000] -> Loss: 28.1331
Epoch [ 925/1000] -> Loss: 28.1304
Epoch   930: reducing learning rate of group 0 to 3.4868e-05.
Epoch [ 930/1000] -> Loss: 28.1342
Epoch [ 935/1000] -> Loss: 28.1191
Epoch [ 940/1000] -> Loss: 28.1115
Epoch [ 945/1000] -> Loss: 28.1209
Epoch [ 950/1000] -> Loss: 28.1219
Epoch   951: reducing learning rate of group 0 to 3.1381e-05.
Epoch [ 955/1000] -> Loss: 28.1162
Epoch [ 960/1000] -> Loss: 28.1123
Epoch   962: reducing learning rate of group 0 to 2.8243e-05.
Epoch [ 965/1000] -> Loss: 28.1044
Epoch [ 970/1000] -> Loss: 28.1047
Epoch [ 975/1000] -> Loss: 28.1087
Epoch   976: reducing learning rate of group 0 to 2.5419e-05.
Epoch [ 980/1000] -> Loss: 28.1078
Epoch [ 985/1000] -> Loss: 28.1020
Epoch [ 990/1000] -> Loss: 28.1004
Epoch [ 995/1000] -> Loss: 28.1011
Epoch   999: reducing learning rate of group 0 to 2.2877e-05.
----------------------------------------------------------------------------------------------------
Model checkpoint saved as _FFNN_1000.pth
----------------------------------------------------------------------------------------------------
Epoch [1000/1000] -> Loss: 28.0974
----------------------------------------------------------------------------------------------------
Plotting loss data...
----------------------------------------------------------------------------------------------------
Training finished successfully.
        Saved model checkpoints can be found in: /home/extern/Dropbox/Research/scripts/models/
        Saved data/loss graphs can be found in: /home/extern/Dropbox/Research/scripts/graphs/
----------------------------------------------------------------------------------------------------
Validating model for solar cycle 23 data
Step [   1/151] -> Date: 5/1996, Target: 7.6, Prediction: 26.619747161865234
Step [   2/151] -> Date: 6/1996, Target: 16.5, Prediction: 24.546016693115234
Step [   3/151] -> Date: 7/1996, Target: 11.8, Prediction: 16.235885620117188
Step [   4/151] -> Date: 8/1996, Target: 19.7, Prediction: 15.393533706665039
Step [   5/151] -> Date: 9/1996, Target: 3.0, Prediction: 15.973244667053223
Step [   6/151] -> Date: 10/1996, Target: 0.7, Prediction: 18.925148010253906
Step [   7/151] -> Date: 11/1996, Target: 24.9, Prediction: 19.826845169067383
Step [   8/151] -> Date: 12/1996, Target: 14.0, Prediction: 20.43035125732422
Step [   9/151] -> Date: 1/1997, Target: 7.4, Prediction: 16.679887771606445
Step [  10/151] -> Date: 2/1997, Target: 11.0, Prediction: 23.475690841674805
Step [  11/151] -> Date: 3/1997, Target: 12.1, Prediction: 29.831174850463867
Step [  12/151] -> Date: 4/1997, Target: 23.0, Prediction: 36.48511505126953
Step [  13/151] -> Date: 5/1997, Target: 25.4, Prediction: 60.0054931640625
Step [  14/151] -> Date: 6/1997, Target: 20.8, Prediction: 54.3197021484375
Step [  15/151] -> Date: 7/1997, Target: 12.9, Prediction: 46.71363830566406
Step [  16/151] -> Date: 8/1997, Target: 35.7, Prediction: 61.704246520996094
Step [  17/151] -> Date: 9/1997, Target: 59.7, Prediction: 54.6568603515625
Step [  18/151] -> Date: 10/1997, Target: 32.8, Prediction: 68.19892120361328
Step [  19/151] -> Date: 11/1997, Target: 50.4, Prediction: 72.12820434570312
Step [  20/151] -> Date: 12/1997, Target: 55.5, Prediction: 58.900474548339844
Step [  21/151] -> Date: 1/1998, Target: 44.5, Prediction: 72.15009307861328
Step [  22/151] -> Date: 2/1998, Target: 50.2, Prediction: 73.04552459716797
Step [  23/151] -> Date: 3/1998, Target: 82.0, Prediction: 75.1619644165039
Step [  24/151] -> Date: 4/1998, Target: 70.6, Prediction: 76.91022491455078
Step [  25/151] -> Date: 5/1998, Target: 74.0, Prediction: 127.11595916748047
Step [  26/151] -> Date: 6/1998, Target: 90.5, Prediction: 129.1147003173828
Step [  27/151] -> Date: 7/1998, Target: 96.7, Prediction: 153.89816284179688
Step [  28/151] -> Date: 8/1998, Target: 121.1, Prediction: 150.40414428710938
Step [  29/151] -> Date: 9/1998, Target: 132.0, Prediction: 149.1084442138672
Step [  30/151] -> Date: 10/1998, Target: 78.5, Prediction: 142.82913208007812
Step [  31/151] -> Date: 11/1998, Target: 97.3, Prediction: 135.18589782714844
Step [  32/151] -> Date: 12/1998, Target: 119.2, Prediction: 140.81387329101562
Step [  33/151] -> Date: 1/1999, Target: 86.0, Prediction: 165.79225158691406
Step [  34/151] -> Date: 2/1999, Target: 98.0, Prediction: 131.1173858642578
Step [  35/151] -> Date: 3/1999, Target: 103.5, Prediction: 148.84683227539062
Step [  36/151] -> Date: 4/1999, Target: 93.6, Prediction: 147.08033752441406
Step [  37/151] -> Date: 5/1999, Target: 149.6, Prediction: 177.07066345214844
Step [  38/151] -> Date: 6/1999, Target: 207.2, Prediction: 187.4513397216797
Step [  39/151] -> Date: 7/1999, Target: 173.5, Prediction: 180.5690155029297
Step [  40/151] -> Date: 8/1999, Target: 142.3, Prediction: 185.96644592285156
Step [  41/151] -> Date: 9/1999, Target: 106.3, Prediction: 171.4060516357422
Step [  42/151] -> Date: 10/1999, Target: 168.7, Prediction: 176.11692810058594
Step [  43/151] -> Date: 11/1999, Target: 188.3, Prediction: 174.70199584960938
Step [  44/151] -> Date: 12/1999, Target: 116.8, Prediction: 166.16464233398438
Step [  45/151] -> Date: 1/2000, Target: 133.1, Prediction: 157.622314453125
Step [  46/151] -> Date: 2/2000, Target: 165.7, Prediction: 167.26107788085938
Step [  47/151] -> Date: 3/2000, Target: 217.7, Prediction: 186.49684143066406
Step [  48/151] -> Date: 4/2000, Target: 191.5, Prediction: 161.4375
Step [  49/151] -> Date: 5/2000, Target: 165.9, Prediction: 180.985107421875
Step [  50/151] -> Date: 6/2000, Target: 188.0, Prediction: 175.2538604736328
Step [  51/151] -> Date: 7/2000, Target: 244.3, Prediction: 182.20742797851562
Step [  52/151] -> Date: 8/2000, Target: 180.5, Prediction: 183.35089111328125
Step [  53/151] -> Date: 9/2000, Target: 156.0, Prediction: 197.850830078125
Step [  54/151] -> Date: 10/2000, Target: 141.6, Prediction: 187.27960205078125
Step [  55/151] -> Date: 11/2000, Target: 158.1, Prediction: 183.61798095703125
Step [  56/151] -> Date: 12/2000, Target: 143.3, Prediction: 172.981201171875
Step [  57/151] -> Date: 1/2001, Target: 142.6, Prediction: 193.91098022460938
Step [  58/151] -> Date: 2/2001, Target: 121.5, Prediction: 193.50454711914062
Step [  59/151] -> Date: 3/2001, Target: 165.8, Prediction: 194.33306884765625
Step [  60/151] -> Date: 4/2001, Target: 161.7, Prediction: 171.3025665283203
Step [  61/151] -> Date: 5/2001, Target: 142.1, Prediction: 167.1461944580078
Step [  62/151] -> Date: 6/2001, Target: 202.9, Prediction: 158.68560791015625
Step [  63/151] -> Date: 7/2001, Target: 123.0, Prediction: 172.64004516601562
Step [  64/151] -> Date: 8/2001, Target: 161.5, Prediction: 169.2061767578125
Step [  65/151] -> Date: 9/2001, Target: 238.2, Prediction: 183.39627075195312
Step [  66/151] -> Date: 10/2001, Target: 194.1, Prediction: 154.41700744628906
Step [  67/151] -> Date: 11/2001, Target: 176.6, Prediction: 149.4472198486328
Step [  68/151] -> Date: 12/2001, Target: 213.4, Prediction: 134.85824584960938
Step [  69/151] -> Date: 1/2002, Target: 184.6, Prediction: 133.38877868652344
Step [  70/151] -> Date: 2/2002, Target: 170.2, Prediction: 135.60800170898438
Step [  71/151] -> Date: 3/2002, Target: 147.1, Prediction: 129.5925750732422
Step [  72/151] -> Date: 4/2002, Target: 186.9, Prediction: 132.984130859375
Step [  73/151] -> Date: 5/2002, Target: 187.5, Prediction: 112.53553771972656
Step [  74/151] -> Date: 6/2002, Target: 128.8, Prediction: 110.90339660644531
Step [  75/151] -> Date: 7/2002, Target: 161.0, Prediction: 109.7490234375
Step [  76/151] -> Date: 8/2002, Target: 175.6, Prediction: 104.35224914550781
Step [  77/151] -> Date: 9/2002, Target: 187.9, Prediction: 111.6439437866211
Step [  78/151] -> Date: 10/2002, Target: 151.2, Prediction: 111.378662109375
Step [  79/151] -> Date: 11/2002, Target: 147.2, Prediction: 99.84932708740234
Step [  80/151] -> Date: 12/2002, Target: 135.3, Prediction: 91.93232727050781
Step [  81/151] -> Date: 1/2003, Target: 133.5, Prediction: 87.24678039550781
Step [  82/151] -> Date: 2/2003, Target: 75.7, Prediction: 88.61180114746094
Step [  83/151] -> Date: 3/2003, Target: 100.7, Prediction: 85.65787506103516
Step [  84/151] -> Date: 4/2003, Target: 97.9, Prediction: 85.4391860961914
Step [  85/151] -> Date: 5/2003, Target: 86.8, Prediction: 72.06620025634766
Step [  86/151] -> Date: 6/2003, Target: 118.7, Prediction: 68.71222686767578
Step [  87/151] -> Date: 7/2003, Target: 128.3, Prediction: 72.62692260742188
Step [  88/151] -> Date: 8/2003, Target: 115.4, Prediction: 76.16361236572266
Step [  89/151] -> Date: 9/2003, Target: 78.5, Prediction: 83.61531066894531
Step [  90/151] -> Date: 10/2003, Target: 97.8, Prediction: 74.77686309814453
Step [  91/151] -> Date: 11/2003, Target: 82.9, Prediction: 71.0207748413086
Step [  92/151] -> Date: 12/2003, Target: 72.2, Prediction: 70.66568756103516
Step [  93/151] -> Date: 1/2004, Target: 60.6, Prediction: 60.5902099609375
Step [  94/151] -> Date: 2/2004, Target: 74.6, Prediction: 58.06397247314453
Step [  95/151] -> Date: 3/2004, Target: 74.8, Prediction: 51.87300109863281
Step [  96/151] -> Date: 4/2004, Target: 59.2, Prediction: 59.34336853027344
Step [  97/151] -> Date: 5/2004, Target: 72.8, Prediction: 55.35761260986328
Step [  98/151] -> Date: 6/2004, Target: 66.5, Prediction: 38.48973846435547
Step [  99/151] -> Date: 7/2004, Target: 83.8, Prediction: 39.28473663330078
Step [ 100/151] -> Date: 8/2004, Target: 69.7, Prediction: 37.407135009765625
Step [ 101/151] -> Date: 9/2004, Target: 48.8, Prediction: 39.366493225097656
Step [ 102/151] -> Date: 10/2004, Target: 74.2, Prediction: 36.55250549316406
Step [ 103/151] -> Date: 11/2004, Target: 70.1, Prediction: 30.20892333984375
Step [ 104/151] -> Date: 12/2004, Target: 28.9, Prediction: 35.161293029785156
Step [ 105/151] -> Date: 1/2005, Target: 48.1, Prediction: 27.21610450744629
Step [ 106/151] -> Date: 2/2005, Target: 43.5, Prediction: 23.996543884277344
Step [ 107/151] -> Date: 3/2005, Target: 39.6, Prediction: 25.07588005065918
Step [ 108/151] -> Date: 4/2005, Target: 38.7, Prediction: 31.624502182006836
Step [ 109/151] -> Date: 5/2005, Target: 61.9, Prediction: 26.327526092529297
Step [ 110/151] -> Date: 6/2005, Target: 56.8, Prediction: 16.196739196777344
Step [ 111/151] -> Date: 7/2005, Target: 62.4, Prediction: 16.833614349365234
Step [ 112/151] -> Date: 8/2005, Target: 60.5, Prediction: 17.174545288085938
Step [ 113/151] -> Date: 9/2005, Target: 37.2, Prediction: 17.891935348510742
Step [ 114/151] -> Date: 10/2005, Target: 13.2, Prediction: 19.937864303588867
Step [ 115/151] -> Date: 11/2005, Target: 27.5, Prediction: 18.197463989257812
Step [ 116/151] -> Date: 12/2005, Target: 59.3, Prediction: 13.986330032348633
Step [ 117/151] -> Date: 1/2006, Target: 20.9, Prediction: 13.28749942779541
Step [ 118/151] -> Date: 2/2006, Target: 5.7, Prediction: 15.08509635925293
Step [ 119/151] -> Date: 3/2006, Target: 17.3, Prediction: 18.92898178100586
Step [ 120/151] -> Date: 4/2006, Target: 50.3, Prediction: 21.65130615234375
Step [ 121/151] -> Date: 5/2006, Target: 37.2, Prediction: 16.532615661621094
Step [ 122/151] -> Date: 6/2006, Target: 24.5, Prediction: 14.859745025634766
Step [ 123/151] -> Date: 7/2006, Target: 22.2, Prediction: 12.936600685119629
Step [ 124/151] -> Date: 8/2006, Target: 20.8, Prediction: 13.034162521362305
Step [ 125/151] -> Date: 9/2006, Target: 23.7, Prediction: 16.298789978027344
Step [ 126/151] -> Date: 10/2006, Target: 14.9, Prediction: 13.397767066955566
Step [ 127/151] -> Date: 11/2006, Target: 35.7, Prediction: 16.758636474609375
Step [ 128/151] -> Date: 12/2006, Target: 22.3, Prediction: 14.952864646911621
Step [ 129/151] -> Date: 1/2007, Target: 29.3, Prediction: 13.429030418395996
Step [ 130/151] -> Date: 2/2007, Target: 18.4, Prediction: 11.35289192199707
Step [ 131/151] -> Date: 3/2007, Target: 7.2, Prediction: 15.395800590515137
Step [ 132/151] -> Date: 4/2007, Target: 5.4, Prediction: 21.760242462158203
Step [ 133/151] -> Date: 5/2007, Target: 19.5, Prediction: 24.885162353515625
Step [ 134/151] -> Date: 6/2007, Target: 21.3, Prediction: 28.802804946899414
Step [ 135/151] -> Date: 7/2007, Target: 15.1, Prediction: 22.698734283447266
Step [ 136/151] -> Date: 8/2007, Target: 9.8, Prediction: 24.918338775634766
Step [ 137/151] -> Date: 9/2007, Target: 4.0, Prediction: 23.654401779174805
Step [ 138/151] -> Date: 10/2007, Target: 1.5, Prediction: 35.21221160888672
Step [ 139/151] -> Date: 11/2007, Target: 2.8, Prediction: 26.792335510253906
Step [ 140/151] -> Date: 12/2007, Target: 17.3, Prediction: 35.66222381591797
Step [ 141/151] -> Date: 1/2008, Target: 4.1, Prediction: 30.664379119873047
Step [ 142/151] -> Date: 2/2008, Target: 2.9, Prediction: 33.785850524902344
Step [ 143/151] -> Date: 3/2008, Target: 15.5, Prediction: 48.55596160888672
Step [ 144/151] -> Date: 4/2008, Target: 3.6, Prediction: 47.50615692138672
Step [ 145/151] -> Date: 5/2008, Target: 4.6, Prediction: 60.015052795410156
Step [ 146/151] -> Date: 6/2008, Target: 5.2, Prediction: 68.93246459960938
Step [ 147/151] -> Date: 7/2008, Target: 0.6, Prediction: 73.99388885498047
Step [ 148/151] -> Date: 8/2008, Target: 0.3, Prediction: 66.09654235839844
Step [ 149/151] -> Date: 9/2008, Target: 1.2, Prediction: 70.18505859375
Step [ 150/151] -> Date: 10/2008, Target: 4.2, Prediction: 71.65778350830078
Step [ 151/151] -> Date: 11/2008, Target: 6.6, Prediction: 66.85284423828125
----------------------------------------------------------------------------------------------------
Average Validation Loss: 28.42510030127519
----------------------------------------------------------------------------------------------------
Plotting data...
----------------------------------------------------------------------------------------------------
Plotting loss data...
----------------------------------------------------------------------------------------------------
Validation finished successfully.        Saved prediction/loss graphs can be found in: /home/extern/Dropbox/Research/scripts/graphs/
----------------------------------------------------------------------------------------------------
Predicting SC 24 using the above trained model
Step [   1/151] -> Date: 12/2008, Prediction: 13.971037864685059
Step [   2/151] -> Date: 1/2009, Prediction: 17.060062408447266
Step [   3/151] -> Date: 2/2009, Prediction: 22.530731201171875
Step [   4/151] -> Date: 3/2009, Prediction: 24.872224807739258
Step [   5/151] -> Date: 4/2009, Prediction: 19.816753387451172
Step [   6/151] -> Date: 5/2009, Prediction: 18.892915725708008
Step [   7/151] -> Date: 6/2009, Prediction: 17.41400146484375
Step [   8/151] -> Date: 7/2009, Prediction: 17.745018005371094
Step [   9/151] -> Date: 8/2009, Prediction: 20.96976661682129
Step [  10/151] -> Date: 9/2009, Prediction: 17.76622200012207
Step [  11/151] -> Date: 10/2009, Prediction: 20.642980575561523
Step [  12/151] -> Date: 11/2009, Prediction: 18.301231384277344
Step [  13/151] -> Date: 12/2009, Prediction: 40.02918243408203
Step [  14/151] -> Date: 1/2010, Prediction: 39.28178405761719
Step [  15/151] -> Date: 2/2010, Prediction: 48.29424285888672
Step [  16/151] -> Date: 3/2010, Prediction: 57.709083557128906
Step [  17/151] -> Date: 4/2010, Prediction: 49.99774932861328
Step [  18/151] -> Date: 5/2010, Prediction: 54.572654724121094
Step [  19/151] -> Date: 6/2010, Prediction: 53.35917663574219
Step [  20/151] -> Date: 7/2010, Prediction: 49.263404846191406
Step [  21/151] -> Date: 8/2010, Prediction: 49.04974365234375
Step [  22/151] -> Date: 9/2010, Prediction: 58.64990234375
Step [  23/151] -> Date: 10/2010, Prediction: 53.871826171875
Step [  24/151] -> Date: 11/2010, Prediction: 62.918479919433594
Step [  25/151] -> Date: 12/2010, Prediction: 106.33662414550781
Step [  26/151] -> Date: 1/2011, Prediction: 110.19110870361328
Step [  27/151] -> Date: 2/2011, Prediction: 120.81636810302734
Step [  28/151] -> Date: 3/2011, Prediction: 124.34807586669922
Step [  29/151] -> Date: 4/2011, Prediction: 108.74484252929688
Step [  30/151] -> Date: 5/2011, Prediction: 114.57950592041016
Step [  31/151] -> Date: 6/2011, Prediction: 117.86072540283203
Step [  32/151] -> Date: 7/2011, Prediction: 106.78612518310547
Step [  33/151] -> Date: 8/2011, Prediction: 108.65272521972656
Step [  34/151] -> Date: 9/2011, Prediction: 109.4542236328125
Step [  35/151] -> Date: 10/2011, Prediction: 105.70855712890625
Step [  36/151] -> Date: 11/2011, Prediction: 122.28147888183594
Step [  37/151] -> Date: 12/2011, Prediction: 172.26768493652344
Step [  38/151] -> Date: 1/2012, Prediction: 164.62875366210938
Step [  39/151] -> Date: 2/2012, Prediction: 158.699462890625
Step [  40/151] -> Date: 3/2012, Prediction: 150.02130126953125
Step [  41/151] -> Date: 4/2012, Prediction: 169.29005432128906
Step [  42/151] -> Date: 5/2012, Prediction: 173.48394775390625
Step [  43/151] -> Date: 6/2012, Prediction: 149.53431701660156
Step [  44/151] -> Date: 7/2012, Prediction: 153.27354431152344
Step [  45/151] -> Date: 8/2012, Prediction: 162.24066162109375
Step [  46/151] -> Date: 9/2012, Prediction: 174.4551239013672
Step [  47/151] -> Date: 10/2012, Prediction: 167.62489318847656
Step [  48/151] -> Date: 11/2012, Prediction: 160.45037841796875
Step [  49/151] -> Date: 12/2012, Prediction: 177.47445678710938
Step [  50/151] -> Date: 1/2013, Prediction: 197.57040405273438
Step [  51/151] -> Date: 2/2013, Prediction: 178.84568786621094
Step [  52/151] -> Date: 3/2013, Prediction: 173.7952880859375
Step [  53/151] -> Date: 4/2013, Prediction: 169.44586181640625
Step [  54/151] -> Date: 5/2013, Prediction: 173.98223876953125
Step [  55/151] -> Date: 6/2013, Prediction: 165.69212341308594
Step [  56/151] -> Date: 7/2013, Prediction: 163.9384765625
Step [  57/151] -> Date: 8/2013, Prediction: 155.11883544921875
Step [  58/151] -> Date: 9/2013, Prediction: 170.04824829101562
Step [  59/151] -> Date: 10/2013, Prediction: 168.9426727294922
Step [  60/151] -> Date: 11/2013, Prediction: 160.85867309570312
Step [  61/151] -> Date: 12/2013, Prediction: 164.19566345214844
Step [  62/151] -> Date: 1/2014, Prediction: 142.00758361816406
Step [  63/151] -> Date: 2/2014, Prediction: 155.6962127685547
Step [  64/151] -> Date: 3/2014, Prediction: 180.6947021484375
Step [  65/151] -> Date: 4/2014, Prediction: 169.3156280517578
Step [  66/151] -> Date: 5/2014, Prediction: 162.12120056152344
Step [  67/151] -> Date: 6/2014, Prediction: 170.96017456054688
Step [  68/151] -> Date: 7/2014, Prediction: 159.8480682373047
Step [  69/151] -> Date: 8/2014, Prediction: 154.24424743652344
Step [  70/151] -> Date: 9/2014, Prediction: 145.9962921142578
Step [  71/151] -> Date: 10/2014, Prediction: 158.70286560058594
Step [  72/151] -> Date: 11/2014, Prediction: 158.39700317382812
Step [  73/151] -> Date: 12/2014, Prediction: 104.18281555175781
Step [  74/151] -> Date: 1/2015, Prediction: 116.88131713867188
Step [  75/151] -> Date: 2/2015, Prediction: 123.6054916381836
Step [  76/151] -> Date: 3/2015, Prediction: 128.40870666503906
Step [  77/151] -> Date: 4/2015, Prediction: 124.5185546875
Step [  78/151] -> Date: 5/2015, Prediction: 117.29151916503906
Step [  79/151] -> Date: 6/2015, Prediction: 111.35315704345703
Step [  80/151] -> Date: 7/2015, Prediction: 108.89622497558594
Step [  81/151] -> Date: 8/2015, Prediction: 97.02079010009766
Step [  82/151] -> Date: 9/2015, Prediction: 107.60713195800781
Step [  83/151] -> Date: 10/2015, Prediction: 108.74029541015625
Step [  84/151] -> Date: 11/2015, Prediction: 115.30912780761719
Step [  85/151] -> Date: 12/2015, Prediction: 97.59785461425781
Step [  86/151] -> Date: 1/2016, Prediction: 92.91609954833984
Step [  87/151] -> Date: 2/2016, Prediction: 93.76714324951172
Step [  88/151] -> Date: 3/2016, Prediction: 78.71485137939453
Step [  89/151] -> Date: 4/2016, Prediction: 101.78229522705078
Step [  90/151] -> Date: 5/2016, Prediction: 89.09488677978516
Step [  91/151] -> Date: 6/2016, Prediction: 71.3944320678711
Step [  92/151] -> Date: 7/2016, Prediction: 75.41148376464844
Step [  93/151] -> Date: 8/2016, Prediction: 65.24193572998047
Step [  94/151] -> Date: 9/2016, Prediction: 67.74858093261719
Step [  95/151] -> Date: 10/2016, Prediction: 61.341590881347656
Step [  96/151] -> Date: 11/2016, Prediction: 63.175262451171875
Step [  97/151] -> Date: 12/2016, Prediction: 38.42906188964844
Step [  98/151] -> Date: 1/2017, Prediction: 56.53224182128906
Step [  99/151] -> Date: 2/2017, Prediction: 39.85881042480469
Step [ 100/151] -> Date: 3/2017, Prediction: 33.42720031738281
Step [ 101/151] -> Date: 4/2017, Prediction: 37.66255187988281
Step [ 102/151] -> Date: 5/2017, Prediction: 54.207557678222656
Step [ 103/151] -> Date: 6/2017, Prediction: 30.158708572387695
Step [ 104/151] -> Date: 7/2017, Prediction: 49.31541442871094
Step [ 105/151] -> Date: 8/2017, Prediction: 31.83019256591797
Step [ 106/151] -> Date: 9/2017, Prediction: 32.05046844482422
Step [ 107/151] -> Date: 10/2017, Prediction: 31.427724838256836
Step [ 108/151] -> Date: 11/2017, Prediction: 47.80043029785156
Step [ 109/151] -> Date: 12/2017, Prediction: 24.082685470581055
Step [ 110/151] -> Date: 1/2018, Prediction: 29.703702926635742
Step [ 111/151] -> Date: 2/2018, Prediction: 29.0079345703125
Step [ 112/151] -> Date: 3/2018, Prediction: 30.030031204223633
Step [ 113/151] -> Date: 4/2018, Prediction: 14.929153442382812
Step [ 114/151] -> Date: 5/2018, Prediction: 18.317628860473633
Step [ 115/151] -> Date: 6/2018, Prediction: 23.010608673095703
Step [ 116/151] -> Date: 7/2018, Prediction: 15.515212059020996
Step [ 117/151] -> Date: 8/2018, Prediction: 13.511576652526855
Step [ 118/151] -> Date: 9/2018, Prediction: 16.634605407714844
Step [ 119/151] -> Date: 10/2018, Prediction: 23.11992645263672
Step [ 120/151] -> Date: 11/2018, Prediction: 17.47736930847168
Step [ 121/151] -> Date: 12/2018, Prediction: 14.270703315734863
Step [ 122/151] -> Date: 1/2019, Prediction: 11.824405670166016
Step [ 123/151] -> Date: 2/2019, Prediction: 15.34095573425293
Step [ 124/151] -> Date: 3/2019, Prediction: 14.023938179016113
Step [ 125/151] -> Date: 4/2019, Prediction: 13.77626895904541
Step [ 126/151] -> Date: 5/2019, Prediction: 17.071094512939453
Step [ 127/151] -> Date: 6/2019, Prediction: 20.990495681762695
Step [ 128/151] -> Date: 7/2019, Prediction: 18.461889266967773
Step [ 129/151] -> Date: 8/2019, Prediction: 13.723740577697754
Step [ 130/151] -> Date: 9/2019, Prediction: 13.373703956604004
Step [ 131/151] -> Date: 10/2019, Prediction: 14.09414291381836
Step [ 132/151] -> Date: 11/2019, Prediction: 13.815065383911133
Step [ 133/151] -> Date: 12/2019, Prediction: 16.5018310546875
Step [ 134/151] -> Date: 1/2020, Prediction: 16.67051887512207
Step [ 135/151] -> Date: 2/2020, Prediction: 15.069483757019043
Step [ 136/151] -> Date: 3/2020, Prediction: 16.143211364746094
Step [ 137/151] -> Date: 4/2020, Prediction: 13.410500526428223
Step [ 138/151] -> Date: 5/2020, Prediction: 14.202692031860352
Step [ 139/151] -> Date: 6/2020, Prediction: 15.600198745727539
Step [ 140/151] -> Date: 7/2020, Prediction: 16.680389404296875
Step [ 141/151] -> Date: 8/2020, Prediction: 20.854812622070312
Step [ 142/151] -> Date: 9/2020, Prediction: 21.63319969177246
Step [ 143/151] -> Date: 10/2020, Prediction: 17.30301284790039
Step [ 144/151] -> Date: 11/2020, Prediction: 14.383398056030273
Step [ 145/151] -> Date: 12/2020, Prediction: 36.22168731689453
Step [ 146/151] -> Date: 1/2021, Prediction: 34.09329605102539
Step [ 147/151] -> Date: 2/2021, Prediction: 35.4818000793457
Step [ 148/151] -> Date: 3/2021, Prediction: 37.96753692626953
Step [ 149/151] -> Date: 4/2021, Prediction: 40.34101104736328
Step [ 150/151] -> Date: 5/2021, Prediction: 39.77729034423828
Step [ 151/151] -> Date: 6/2021, Prediction: 36.159912109375
----------------------------------------------------------------------------------------------------
Plotting data...
