----------------------------------------------------------------------------------------------------
Usage: python3 SSN_predictor.py <path_to_ssn_datafile> <path_to_aa_datafile>
----------------------------------------------------------------------------------------------------
Code running on device: cuda
----------------------------------------------------------------------------------------------------
Data loaded from file locations :
    SSN - /home/extern/Dropbox/Research/scripts/data/SILSO/TSN/SN_m_tot_V2.0.txt
    AA - /home/extern/Dropbox/Research/scripts/data/ISGI/aa_1869-01-01_2018-12-31_D.dat
----------------------------------------------------------------------------------------------------
Solar cycle data loaded/saved as: cycle_data.pickle
----------------------------------------------------------------------------------------------------
SC Number     Start Date       End Date      Solar Max   Length(in months)
         0      [1749, 1]      [1755, 1]         154.27                  73
         1      [1755, 2]      [1766, 5]         144.12                 136
         2      [1766, 6]      [1775, 5]         192.98                 108
         3      [1775, 6]      [1784, 8]         264.25                 111
         4      [1784, 9]      [1798, 3]         235.28                 163
         5      [1798, 4]     [1810, 11]          67.93                 152
         6     [1810, 12]      [1823, 4]          81.99                 149
         7      [1823, 5]     [1833, 10]          81.16                 126
         8     [1833, 11]      [1843, 6]         119.24                 116
         9      [1843, 7]     [1855, 11]         244.87                 149
        10     [1855, 12]      [1867, 2]         219.94                 135
        11      [1867, 3]     [1878, 11]         186.15                 141
        12     [1878, 12]      [1890, 2]         234.02                 135
        13      [1890, 3]      [1902, 0]         124.41                 142
        14      [1902, 1]      [1913, 6]         146.55                 138
        15      [1913, 7]      [1923, 7]         107.08                 121
        16      [1923, 8]      [1933, 8]         175.67                 121
        17      [1933, 9]      [1944, 1]         130.23                 125
        18      [1944, 2]      [1954, 3]         198.64                 122
        19      [1954, 4]      [1964, 9]         218.73                 126
        20     [1964, 10]      [1976, 2]          285.0                 137
        21      [1976, 3]      [1986, 8]         156.63                 126
        22      [1986, 9]      [1996, 4]         232.92                 116
        23      [1996, 5]     [2008, 11]         212.48                 151
        24     [2008, 12]     [2019, 11]         180.28                 132
----------------------------------------------------------------------------------------------------
Selected model: FFNN(
  (model): Sequential(
    (0): Linear(in_features=6, out_features=6, bias=True)
    (1): LeakyReLU(negative_slope=0.01, inplace=True)
    (2): Linear(in_features=6, out_features=3, bias=True)
    (3): LeakyReLU(negative_slope=0.01, inplace=True)
    (4): Linear(in_features=3, out_features=1, bias=True)
  )
)    Training mode: True    Prediction mode: True
----------------------------------------------------------------------------------------------------
Selected optimizer: Adam (
Parameter Group 0
    amsgrad: False
    betas: (0.9, 0.999)
    eps: 1e-08
    lr: 0.001
    weight_decay: 0
)
----------------------------------------------------------------------------------------------------
Selected scheduler: ReduceLROnPlateau(
    {'factor': 0.9, 'min_lrs': [0], 'patience': 10, 'verbose': True, 'cooldown': 0, 'cooldown_counter': 0, 'mode': 'min', 'threshold': 0.0001, 'threshold_mode': 'rel', 'best': inf, 'num_bad_epochs': 0, 'mode_worse': inf, 'eps': 1e-08, 'last_epoch': 0})
----------------------------------------------------------------------------------------------------
No pre-trained models available, initializing model weights
----------------------------------------------------------------------------------------------------
Training model with solar cycle 12 to 22 data with: num_epochs=1200
Epoch [   5/1200] -> Loss: 42.3228
Epoch [  10/1200] -> Loss: 41.4715
Epoch [  15/1200] -> Loss: 41.5383
Epoch [  20/1200] -> Loss: 41.2125
Epoch [  25/1200] -> Loss: 40.8614
Epoch [  30/1200] -> Loss: 40.6985
Epoch [  35/1200] -> Loss: 40.3952
Epoch [  40/1200] -> Loss: 40.1163
Epoch [  45/1200] -> Loss: 40.0016
Epoch [  50/1200] -> Loss: 39.5252
Epoch [  55/1200] -> Loss: 39.3384
Epoch [  60/1200] -> Loss: 38.9969
Epoch [  65/1200] -> Loss: 38.0929
Epoch [  70/1200] -> Loss: 37.7953
Epoch [  75/1200] -> Loss: 37.3007
Epoch [  80/1200] -> Loss: 36.9858
Epoch [  85/1200] -> Loss: 36.5371
Epoch [  90/1200] -> Loss: 36.4422
Epoch [  95/1200] -> Loss: 35.9593
----------------------------------------------------------------------------------------------------
Model checkpoint saved as _FFNN_100.pth
----------------------------------------------------------------------------------------------------
Epoch [ 100/1200] -> Loss: 35.8993
Epoch [ 105/1200] -> Loss: 35.7748
Epoch [ 110/1200] -> Loss: 35.6334
Epoch [ 115/1200] -> Loss: 35.8527
Epoch [ 120/1200] -> Loss: 35.5150
Epoch [ 125/1200] -> Loss: 35.8263
Epoch   127: reducing learning rate of group 0 to 9.0000e-04.
Epoch [ 130/1200] -> Loss: 35.1870
Epoch [ 135/1200] -> Loss: 35.2657
Epoch   138: reducing learning rate of group 0 to 8.1000e-04.
Epoch [ 140/1200] -> Loss: 35.2246
Epoch [ 145/1200] -> Loss: 35.1507
Epoch [ 150/1200] -> Loss: 35.4175
Epoch   154: reducing learning rate of group 0 to 7.2900e-04.
Epoch [ 155/1200] -> Loss: 35.0197
Epoch [ 160/1200] -> Loss: 34.7725
Epoch [ 165/1200] -> Loss: 35.3187
Epoch [ 170/1200] -> Loss: 34.9024
Epoch [ 175/1200] -> Loss: 34.9011
Epoch   180: reducing learning rate of group 0 to 6.5610e-04.
Epoch [ 180/1200] -> Loss: 34.9883
Epoch [ 185/1200] -> Loss: 34.9652
Epoch [ 190/1200] -> Loss: 34.8104
Epoch   193: reducing learning rate of group 0 to 5.9049e-04.
Epoch [ 195/1200] -> Loss: 34.8046
----------------------------------------------------------------------------------------------------
Model checkpoint saved as _FFNN_200.pth
----------------------------------------------------------------------------------------------------
Epoch [ 200/1200] -> Loss: 35.0852
Epoch [ 205/1200] -> Loss: 34.7806
Epoch   210: reducing learning rate of group 0 to 5.3144e-04.
Epoch [ 210/1200] -> Loss: 34.9132
Epoch [ 215/1200] -> Loss: 34.9743
Epoch [ 220/1200] -> Loss: 34.9415
Epoch   221: reducing learning rate of group 0 to 4.7830e-04.
Epoch [ 225/1200] -> Loss: 34.5433
Epoch [ 230/1200] -> Loss: 34.5063
Epoch [ 235/1200] -> Loss: 34.7815
Epoch [ 240/1200] -> Loss: 34.8513
Epoch [ 245/1200] -> Loss: 34.6732
Epoch [ 250/1200] -> Loss: 34.7267
Epoch [ 255/1200] -> Loss: 34.6959
Epoch   258: reducing learning rate of group 0 to 4.3047e-04.
Epoch [ 260/1200] -> Loss: 34.3383
Epoch [ 265/1200] -> Loss: 34.7948
Epoch [ 270/1200] -> Loss: 34.9048
Epoch   271: reducing learning rate of group 0 to 3.8742e-04.
Epoch [ 275/1200] -> Loss: 34.5891
Epoch [ 280/1200] -> Loss: 34.5837
Epoch   282: reducing learning rate of group 0 to 3.4868e-04.
Epoch [ 285/1200] -> Loss: 34.5546
Epoch [ 290/1200] -> Loss: 34.4824
Epoch   293: reducing learning rate of group 0 to 3.1381e-04.
Epoch [ 295/1200] -> Loss: 34.7692
----------------------------------------------------------------------------------------------------
Model checkpoint saved as _FFNN_300.pth
----------------------------------------------------------------------------------------------------
Epoch [ 300/1200] -> Loss: 34.7550
Epoch [ 305/1200] -> Loss: 34.5988
Epoch [ 310/1200] -> Loss: 34.6121
Epoch   314: reducing learning rate of group 0 to 2.8243e-04.
Epoch [ 315/1200] -> Loss: 34.5336
Epoch [ 320/1200] -> Loss: 34.6129
Epoch [ 325/1200] -> Loss: 34.6083
Epoch [ 330/1200] -> Loss: 34.5205
Epoch   332: reducing learning rate of group 0 to 2.5419e-04.
Epoch [ 335/1200] -> Loss: 34.8027
Epoch [ 340/1200] -> Loss: 34.2918
Epoch   343: reducing learning rate of group 0 to 2.2877e-04.
Epoch [ 345/1200] -> Loss: 34.2991
Epoch [ 350/1200] -> Loss: 34.4056
Epoch   354: reducing learning rate of group 0 to 2.0589e-04.
Epoch [ 355/1200] -> Loss: 34.3662
Epoch [ 360/1200] -> Loss: 34.2413
Epoch   365: reducing learning rate of group 0 to 1.8530e-04.
Epoch [ 365/1200] -> Loss: 34.5845
Epoch [ 370/1200] -> Loss: 34.3010
Epoch [ 375/1200] -> Loss: 34.4652
Epoch   376: reducing learning rate of group 0 to 1.6677e-04.
Epoch [ 380/1200] -> Loss: 34.6110
Epoch [ 385/1200] -> Loss: 34.5849
Epoch   387: reducing learning rate of group 0 to 1.5009e-04.
Epoch [ 390/1200] -> Loss: 34.3762
Epoch [ 395/1200] -> Loss: 34.6079
Epoch   398: reducing learning rate of group 0 to 1.3509e-04.
----------------------------------------------------------------------------------------------------
Model checkpoint saved as _FFNN_400.pth
----------------------------------------------------------------------------------------------------
Epoch [ 400/1200] -> Loss: 34.4063
Epoch [ 405/1200] -> Loss: 34.6755
Epoch   409: reducing learning rate of group 0 to 1.2158e-04.
Epoch [ 410/1200] -> Loss: 34.6658
Epoch [ 415/1200] -> Loss: 34.0652
Epoch   420: reducing learning rate of group 0 to 1.0942e-04.
Epoch [ 420/1200] -> Loss: 34.5482
Epoch [ 425/1200] -> Loss: 34.6135
Epoch [ 430/1200] -> Loss: 34.3053
Epoch   431: reducing learning rate of group 0 to 9.8477e-05.
Epoch [ 435/1200] -> Loss: 34.0010
Epoch [ 440/1200] -> Loss: 34.1962
Epoch   442: reducing learning rate of group 0 to 8.8629e-05.
Epoch [ 445/1200] -> Loss: 34.2880
Epoch [ 450/1200] -> Loss: 34.3091
Epoch   453: reducing learning rate of group 0 to 7.9766e-05.
Epoch [ 455/1200] -> Loss: 34.3421
Epoch [ 460/1200] -> Loss: 34.8391
Epoch   464: reducing learning rate of group 0 to 7.1790e-05.
Epoch [ 465/1200] -> Loss: 34.4826
Epoch [ 470/1200] -> Loss: 34.5008
Epoch   475: reducing learning rate of group 0 to 6.4611e-05.
Epoch [ 475/1200] -> Loss: 34.5057
Epoch [ 480/1200] -> Loss: 34.4888
Epoch [ 485/1200] -> Loss: 34.3365
Epoch   486: reducing learning rate of group 0 to 5.8150e-05.
Epoch [ 490/1200] -> Loss: 34.5797
Epoch [ 495/1200] -> Loss: 34.5468
Epoch   497: reducing learning rate of group 0 to 5.2335e-05.
----------------------------------------------------------------------------------------------------
Model checkpoint saved as _FFNN_500.pth
----------------------------------------------------------------------------------------------------
Epoch [ 500/1200] -> Loss: 34.4541
Epoch [ 505/1200] -> Loss: 34.4597
Epoch   508: reducing learning rate of group 0 to 4.7101e-05.
Epoch [ 510/1200] -> Loss: 34.3722
Epoch [ 515/1200] -> Loss: 34.2810
Epoch   519: reducing learning rate of group 0 to 4.2391e-05.
Epoch [ 520/1200] -> Loss: 34.4834
Epoch [ 525/1200] -> Loss: 34.4278
Epoch   530: reducing learning rate of group 0 to 3.8152e-05.
Epoch [ 530/1200] -> Loss: 34.1526
Epoch [ 535/1200] -> Loss: 34.4905
Epoch [ 540/1200] -> Loss: 34.3103
Epoch   541: reducing learning rate of group 0 to 3.4337e-05.
Epoch [ 545/1200] -> Loss: 34.2661
Epoch [ 550/1200] -> Loss: 34.1274
Epoch   552: reducing learning rate of group 0 to 3.0903e-05.
Epoch [ 555/1200] -> Loss: 34.2330
Epoch [ 560/1200] -> Loss: 34.4662
Epoch [ 565/1200] -> Loss: 34.7493
Epoch [ 570/1200] -> Loss: 34.2948
Epoch   574: reducing learning rate of group 0 to 2.7813e-05.
Epoch [ 575/1200] -> Loss: 34.1719
Epoch [ 580/1200] -> Loss: 34.1854
Epoch   585: reducing learning rate of group 0 to 2.5032e-05.
Epoch [ 585/1200] -> Loss: 34.3633
Epoch [ 590/1200] -> Loss: 34.2684
Epoch [ 595/1200] -> Loss: 34.4964
Epoch   596: reducing learning rate of group 0 to 2.2528e-05.
----------------------------------------------------------------------------------------------------
Model checkpoint saved as _FFNN_600.pth
----------------------------------------------------------------------------------------------------
Epoch [ 600/1200] -> Loss: 34.1304
Epoch [ 605/1200] -> Loss: 34.4221
Epoch   607: reducing learning rate of group 0 to 2.0276e-05.
Epoch [ 610/1200] -> Loss: 34.4679
Epoch [ 615/1200] -> Loss: 34.3272
Epoch   618: reducing learning rate of group 0 to 1.8248e-05.
Epoch [ 620/1200] -> Loss: 34.5381
Epoch [ 625/1200] -> Loss: 34.2369
Epoch   629: reducing learning rate of group 0 to 1.6423e-05.
Epoch [ 630/1200] -> Loss: 34.3926
Epoch [ 635/1200] -> Loss: 34.1332
Epoch   640: reducing learning rate of group 0 to 1.4781e-05.
Epoch [ 640/1200] -> Loss: 34.4914
Epoch [ 645/1200] -> Loss: 34.8610
Epoch [ 650/1200] -> Loss: 34.2659
Epoch   651: reducing learning rate of group 0 to 1.3303e-05.
Epoch [ 655/1200] -> Loss: 34.5541
Epoch [ 660/1200] -> Loss: 34.4671
Epoch   662: reducing learning rate of group 0 to 1.1973e-05.
Epoch [ 665/1200] -> Loss: 34.4339
Epoch [ 670/1200] -> Loss: 34.2273
Epoch   673: reducing learning rate of group 0 to 1.0775e-05.
Epoch [ 675/1200] -> Loss: 34.2825
Epoch [ 680/1200] -> Loss: 34.2527
Epoch   684: reducing learning rate of group 0 to 9.6977e-06.
Epoch [ 685/1200] -> Loss: 34.4285
Epoch [ 690/1200] -> Loss: 34.3483
Epoch   695: reducing learning rate of group 0 to 8.7280e-06.
Epoch [ 695/1200] -> Loss: 34.3259
----------------------------------------------------------------------------------------------------
Model checkpoint saved as _FFNN_700.pth
----------------------------------------------------------------------------------------------------
Epoch [ 700/1200] -> Loss: 34.5232
Epoch [ 705/1200] -> Loss: 34.3010
Epoch   706: reducing learning rate of group 0 to 7.8552e-06.
Epoch [ 710/1200] -> Loss: 34.5856
Epoch [ 715/1200] -> Loss: 34.8099
Epoch   717: reducing learning rate of group 0 to 7.0697e-06.
Epoch [ 720/1200] -> Loss: 34.3270
Epoch [ 725/1200] -> Loss: 34.6399
Epoch   728: reducing learning rate of group 0 to 6.3627e-06.
Epoch [ 730/1200] -> Loss: 34.5563
Epoch [ 735/1200] -> Loss: 34.4018
Epoch   739: reducing learning rate of group 0 to 5.7264e-06.
Epoch [ 740/1200] -> Loss: 34.4493
Epoch [ 745/1200] -> Loss: 34.5307
Epoch   750: reducing learning rate of group 0 to 5.1538e-06.
Epoch [ 750/1200] -> Loss: 34.3886
Epoch [ 755/1200] -> Loss: 34.4305
Epoch [ 760/1200] -> Loss: 34.3892
Epoch   761: reducing learning rate of group 0 to 4.6384e-06.
Epoch [ 765/1200] -> Loss: 34.2285
Epoch [ 770/1200] -> Loss: 34.0495
Epoch   772: reducing learning rate of group 0 to 4.1746e-06.
Epoch [ 775/1200] -> Loss: 34.3762
Epoch [ 780/1200] -> Loss: 34.1070
Epoch   783: reducing learning rate of group 0 to 3.7571e-06.
Epoch [ 785/1200] -> Loss: 34.3378
Epoch [ 790/1200] -> Loss: 34.2163
Epoch   794: reducing learning rate of group 0 to 3.3814e-06.
Epoch [ 795/1200] -> Loss: 34.3077
----------------------------------------------------------------------------------------------------
Model checkpoint saved as _FFNN_800.pth
----------------------------------------------------------------------------------------------------
Epoch [ 800/1200] -> Loss: 34.5277
Epoch   805: reducing learning rate of group 0 to 3.0433e-06.
Epoch [ 805/1200] -> Loss: 34.1902
Epoch [ 810/1200] -> Loss: 34.2712
Epoch [ 815/1200] -> Loss: 34.3523
Epoch   816: reducing learning rate of group 0 to 2.7389e-06.
Epoch [ 820/1200] -> Loss: 34.3579
Epoch [ 825/1200] -> Loss: 34.2027
Epoch   827: reducing learning rate of group 0 to 2.4650e-06.
Epoch [ 830/1200] -> Loss: 34.4459
Epoch [ 835/1200] -> Loss: 34.5354
Epoch   838: reducing learning rate of group 0 to 2.2185e-06.
Epoch [ 840/1200] -> Loss: 34.3436
Epoch [ 845/1200] -> Loss: 34.1902
Epoch   849: reducing learning rate of group 0 to 1.9967e-06.
Epoch [ 850/1200] -> Loss: 34.3590
Epoch [ 855/1200] -> Loss: 33.9454
Epoch   860: reducing learning rate of group 0 to 1.7970e-06.
Epoch [ 860/1200] -> Loss: 34.8268
Epoch [ 865/1200] -> Loss: 34.4966
Epoch [ 870/1200] -> Loss: 34.2541
Epoch   871: reducing learning rate of group 0 to 1.6173e-06.
Epoch [ 875/1200] -> Loss: 34.4237
Epoch [ 880/1200] -> Loss: 34.3404
Epoch   882: reducing learning rate of group 0 to 1.4556e-06.
Epoch [ 885/1200] -> Loss: 34.5066
Epoch [ 890/1200] -> Loss: 34.3607
Epoch   893: reducing learning rate of group 0 to 1.3100e-06.
Epoch [ 895/1200] -> Loss: 34.1073
----------------------------------------------------------------------------------------------------
Model checkpoint saved as _FFNN_900.pth
----------------------------------------------------------------------------------------------------
Epoch [ 900/1200] -> Loss: 34.6926
Epoch   904: reducing learning rate of group 0 to 1.1790e-06.
Epoch [ 905/1200] -> Loss: 34.2832
Epoch [ 910/1200] -> Loss: 34.3867
Epoch   915: reducing learning rate of group 0 to 1.0611e-06.
Epoch [ 915/1200] -> Loss: 34.4297
Epoch [ 920/1200] -> Loss: 34.2920
Epoch [ 925/1200] -> Loss: 33.8048
Epoch [ 930/1200] -> Loss: 34.2376
Epoch [ 935/1200] -> Loss: 33.9379
Epoch   936: reducing learning rate of group 0 to 9.5500e-07.
Epoch [ 940/1200] -> Loss: 34.4121
Epoch [ 945/1200] -> Loss: 34.2077
Epoch   947: reducing learning rate of group 0 to 8.5950e-07.
Epoch [ 950/1200] -> Loss: 34.4493
Epoch [ 955/1200] -> Loss: 34.1794
Epoch   958: reducing learning rate of group 0 to 7.7355e-07.
Epoch [ 960/1200] -> Loss: 34.4549
Epoch [ 965/1200] -> Loss: 34.1272
Epoch   969: reducing learning rate of group 0 to 6.9620e-07.
Epoch [ 970/1200] -> Loss: 34.6418
Epoch [ 975/1200] -> Loss: 34.3046
Epoch   980: reducing learning rate of group 0 to 6.2658e-07.
Epoch [ 980/1200] -> Loss: 34.1567
Epoch [ 985/1200] -> Loss: 34.0739
Epoch [ 990/1200] -> Loss: 34.4496
Epoch   991: reducing learning rate of group 0 to 5.6392e-07.
Epoch [ 995/1200] -> Loss: 34.4311
----------------------------------------------------------------------------------------------------
Model checkpoint saved as _FFNN_1000.pth
----------------------------------------------------------------------------------------------------
Epoch [1000/1200] -> Loss: 34.3565
Epoch  1002: reducing learning rate of group 0 to 5.0753e-07.
Epoch [1005/1200] -> Loss: 34.2285
Epoch [1010/1200] -> Loss: 34.2160
Epoch  1013: reducing learning rate of group 0 to 4.5678e-07.
Epoch [1015/1200] -> Loss: 34.2245
Epoch [1020/1200] -> Loss: 34.4928
Epoch  1024: reducing learning rate of group 0 to 4.1110e-07.
Epoch [1025/1200] -> Loss: 34.3486
Epoch [1030/1200] -> Loss: 34.3353
Epoch  1035: reducing learning rate of group 0 to 3.6999e-07.
Epoch [1035/1200] -> Loss: 34.4278
Epoch [1040/1200] -> Loss: 34.2258
Epoch [1045/1200] -> Loss: 33.8733
Epoch  1046: reducing learning rate of group 0 to 3.3299e-07.
Epoch [1050/1200] -> Loss: 34.2078
Epoch [1055/1200] -> Loss: 34.0739
Epoch  1057: reducing learning rate of group 0 to 2.9969e-07.
Epoch [1060/1200] -> Loss: 34.1962
Epoch [1065/1200] -> Loss: 34.1595
Epoch  1068: reducing learning rate of group 0 to 2.6972e-07.
Epoch [1070/1200] -> Loss: 34.2844
Epoch [1075/1200] -> Loss: 34.1125
Epoch  1079: reducing learning rate of group 0 to 2.4275e-07.
Epoch [1080/1200] -> Loss: 34.7461
Epoch [1085/1200] -> Loss: 34.3751
Epoch  1090: reducing learning rate of group 0 to 2.1847e-07.
Epoch [1090/1200] -> Loss: 34.2111
Epoch [1095/1200] -> Loss: 34.4470
----------------------------------------------------------------------------------------------------
Model checkpoint saved as _FFNN_1100.pth
----------------------------------------------------------------------------------------------------
Epoch [1100/1200] -> Loss: 34.6306
Epoch  1101: reducing learning rate of group 0 to 1.9663e-07.
Epoch [1105/1200] -> Loss: 34.6126
Epoch [1110/1200] -> Loss: 34.2298
Epoch  1112: reducing learning rate of group 0 to 1.7696e-07.
Epoch [1115/1200] -> Loss: 34.3071
Epoch [1120/1200] -> Loss: 34.2185
Epoch  1123: reducing learning rate of group 0 to 1.5927e-07.
Epoch [1125/1200] -> Loss: 34.6140
Epoch [1130/1200] -> Loss: 34.2697
Epoch  1134: reducing learning rate of group 0 to 1.4334e-07.
Epoch [1135/1200] -> Loss: 34.3388
Epoch [1140/1200] -> Loss: 34.4922
Epoch  1145: reducing learning rate of group 0 to 1.2901e-07.
Epoch [1145/1200] -> Loss: 34.3833
Epoch [1150/1200] -> Loss: 34.6016
Epoch [1155/1200] -> Loss: 34.2410
Epoch  1156: reducing learning rate of group 0 to 1.1611e-07.
Epoch [1160/1200] -> Loss: 34.4867
Epoch [1165/1200] -> Loss: 34.4752
Epoch  1167: reducing learning rate of group 0 to 1.0450e-07.
Epoch [1170/1200] -> Loss: 34.4580
Epoch [1175/1200] -> Loss: 34.4244
Epoch  1178: reducing learning rate of group 0 to 9.4046e-08.
Epoch [1180/1200] -> Loss: 34.3135
Epoch [1185/1200] -> Loss: 34.2296
Epoch [1190/1200] -> Loss: 34.6195
Epoch [1195/1200] -> Loss: 34.3264
----------------------------------------------------------------------------------------------------
Model checkpoint saved as _FFNN_1200.pth
----------------------------------------------------------------------------------------------------
Epoch [1200/1200] -> Loss: 34.0814
----------------------------------------------------------------------------------------------------
Plotting loss data...
----------------------------------------------------------------------------------------------------
Training finished successfully.
        Saved model checkpoints can be found in: /home/extern/Dropbox/Research/scripts/models/
        Saved data/loss graphs can be found in: /home/extern/Dropbox/Research/scripts/graphs/
----------------------------------------------------------------------------------------------------
Validating model for solar cycle 23 data
Step [   1/151] -> Date: 5/1996, Target: 7.6, Prediction: 21.960329055786133
Step [   2/151] -> Date: 6/1996, Target: 16.5, Prediction: 11.321035385131836
Step [   3/151] -> Date: 7/1996, Target: 11.8, Prediction: 6.808748722076416
Step [   4/151] -> Date: 8/1996, Target: 19.7, Prediction: 6.7906670570373535
Step [   5/151] -> Date: 9/1996, Target: 3.0, Prediction: 6.787348747253418
Step [   6/151] -> Date: 10/1996, Target: 0.7, Prediction: 7.405635356903076
Step [   7/151] -> Date: 11/1996, Target: 24.9, Prediction: 18.047685623168945
Step [   8/151] -> Date: 12/1996, Target: 14.0, Prediction: 24.828433990478516
Step [   9/151] -> Date: 1/1997, Target: 7.4, Prediction: 21.379270553588867
Step [  10/151] -> Date: 2/1997, Target: 11.0, Prediction: 26.623422622680664
Step [  11/151] -> Date: 3/1997, Target: 12.1, Prediction: 33.311641693115234
Step [  12/151] -> Date: 4/1997, Target: 23.0, Prediction: 36.914207458496094
Step [  13/151] -> Date: 5/1997, Target: 25.4, Prediction: 56.51153564453125
Step [  14/151] -> Date: 6/1997, Target: 20.8, Prediction: 45.36305618286133
Step [  15/151] -> Date: 7/1997, Target: 12.9, Prediction: 34.030757904052734
Step [  16/151] -> Date: 8/1997, Target: 35.7, Prediction: 51.345245361328125
Step [  17/151] -> Date: 9/1997, Target: 59.7, Prediction: 46.283233642578125
Step [  18/151] -> Date: 10/1997, Target: 32.8, Prediction: 68.76835632324219
Step [  19/151] -> Date: 11/1997, Target: 50.4, Prediction: 81.27469635009766
Step [  20/151] -> Date: 12/1997, Target: 55.5, Prediction: 72.53956604003906
Step [  21/151] -> Date: 1/1998, Target: 44.5, Prediction: 83.94837951660156
Step [  22/151] -> Date: 2/1998, Target: 50.2, Prediction: 84.3935317993164
Step [  23/151] -> Date: 3/1998, Target: 82.0, Prediction: 86.77798461914062
Step [  24/151] -> Date: 4/1998, Target: 70.6, Prediction: 89.66061401367188
Step [  25/151] -> Date: 5/1998, Target: 74.0, Prediction: 135.81935119628906
Step [  26/151] -> Date: 6/1998, Target: 90.5, Prediction: 130.97463989257812
Step [  27/151] -> Date: 7/1998, Target: 96.7, Prediction: 155.76852416992188
Step [  28/151] -> Date: 8/1998, Target: 121.1, Prediction: 151.40728759765625
Step [  29/151] -> Date: 9/1998, Target: 132.0, Prediction: 152.6118621826172
Step [  30/151] -> Date: 10/1998, Target: 78.5, Prediction: 153.77378845214844
Step [  31/151] -> Date: 11/1998, Target: 97.3, Prediction: 146.9514923095703
Step [  32/151] -> Date: 12/1998, Target: 119.2, Prediction: 149.38111877441406
Step [  33/151] -> Date: 1/1999, Target: 86.0, Prediction: 167.918701171875
Step [  34/151] -> Date: 2/1999, Target: 98.0, Prediction: 139.85006713867188
Step [  35/151] -> Date: 3/1999, Target: 103.5, Prediction: 155.09164428710938
Step [  36/151] -> Date: 4/1999, Target: 93.6, Prediction: 155.1063232421875
Step [  37/151] -> Date: 5/1999, Target: 149.6, Prediction: 184.5184783935547
Step [  38/151] -> Date: 6/1999, Target: 207.2, Prediction: 194.59095764160156
Step [  39/151] -> Date: 7/1999, Target: 173.5, Prediction: 188.65248107910156
Step [  40/151] -> Date: 8/1999, Target: 142.3, Prediction: 193.92660522460938
Step [  41/151] -> Date: 9/1999, Target: 106.3, Prediction: 180.6275634765625
Step [  42/151] -> Date: 10/1999, Target: 168.7, Prediction: 184.86618041992188
Step [  43/151] -> Date: 11/1999, Target: 188.3, Prediction: 182.0301971435547
Step [  44/151] -> Date: 12/1999, Target: 116.8, Prediction: 173.0629425048828
Step [  45/151] -> Date: 1/2000, Target: 133.1, Prediction: 165.13833618164062
Step [  46/151] -> Date: 2/2000, Target: 165.7, Prediction: 172.37242126464844
Step [  47/151] -> Date: 3/2000, Target: 217.7, Prediction: 188.51052856445312
Step [  48/151] -> Date: 4/2000, Target: 191.5, Prediction: 170.07029724121094
Step [  49/151] -> Date: 5/2000, Target: 165.9, Prediction: 183.7627716064453
Step [  50/151] -> Date: 6/2000, Target: 188.0, Prediction: 180.6781463623047
Step [  51/151] -> Date: 7/2000, Target: 244.3, Prediction: 187.24082946777344
Step [  52/151] -> Date: 8/2000, Target: 180.5, Prediction: 188.49937438964844
Step [  53/151] -> Date: 9/2000, Target: 156.0, Prediction: 199.36354064941406
Step [  54/151] -> Date: 10/2000, Target: 141.6, Prediction: 190.21510314941406
Step [  55/151] -> Date: 11/2000, Target: 158.1, Prediction: 184.95449829101562
Step [  56/151] -> Date: 12/2000, Target: 143.3, Prediction: 174.9296417236328
Step [  57/151] -> Date: 1/2001, Target: 142.6, Prediction: 191.4314422607422
Step [  58/151] -> Date: 2/2001, Target: 121.5, Prediction: 190.02462768554688
Step [  59/151] -> Date: 3/2001, Target: 165.8, Prediction: 191.59564208984375
Step [  60/151] -> Date: 4/2001, Target: 161.7, Prediction: 174.47293090820312
Step [  61/151] -> Date: 5/2001, Target: 142.1, Prediction: 163.81825256347656
Step [  62/151] -> Date: 6/2001, Target: 202.9, Prediction: 159.0953826904297
Step [  63/151] -> Date: 7/2001, Target: 123.0, Prediction: 170.43136596679688
Step [  64/151] -> Date: 8/2001, Target: 161.5, Prediction: 167.90408325195312
Step [  65/151] -> Date: 9/2001, Target: 238.2, Prediction: 179.274169921875
Step [  66/151] -> Date: 10/2001, Target: 194.1, Prediction: 154.00157165527344
Step [  67/151] -> Date: 11/2001, Target: 176.6, Prediction: 148.03692626953125
Step [  68/151] -> Date: 12/2001, Target: 213.4, Prediction: 135.15875244140625
Step [  69/151] -> Date: 1/2002, Target: 184.6, Prediction: 132.6439208984375
Step [  70/151] -> Date: 2/2002, Target: 170.2, Prediction: 133.8607177734375
Step [  71/151] -> Date: 3/2002, Target: 147.1, Prediction: 130.0443115234375
Step [  72/151] -> Date: 4/2002, Target: 186.9, Prediction: 134.65492248535156
Step [  73/151] -> Date: 5/2002, Target: 187.5, Prediction: 114.07237243652344
Step [  74/151] -> Date: 6/2002, Target: 128.8, Prediction: 115.35556030273438
Step [  75/151] -> Date: 7/2002, Target: 161.0, Prediction: 115.47994995117188
Step [  76/151] -> Date: 8/2002, Target: 175.6, Prediction: 109.41456604003906
Step [  77/151] -> Date: 9/2002, Target: 187.9, Prediction: 112.35066223144531
Step [  78/151] -> Date: 10/2002, Target: 151.2, Prediction: 110.38887786865234
Step [  79/151] -> Date: 11/2002, Target: 147.2, Prediction: 97.53169250488281
Step [  80/151] -> Date: 12/2002, Target: 135.3, Prediction: 88.1490478515625
Step [  81/151] -> Date: 1/2003, Target: 133.5, Prediction: 83.27373504638672
Step [  82/151] -> Date: 2/2003, Target: 75.7, Prediction: 83.95050811767578
Step [  83/151] -> Date: 3/2003, Target: 100.7, Prediction: 84.09988403320312
Step [  84/151] -> Date: 4/2003, Target: 97.9, Prediction: 86.01824951171875
Step [  85/151] -> Date: 5/2003, Target: 86.8, Prediction: 74.94923400878906
Step [  86/151] -> Date: 6/2003, Target: 118.7, Prediction: 74.23609161376953
Step [  87/151] -> Date: 7/2003, Target: 128.3, Prediction: 79.2724380493164
Step [  88/151] -> Date: 8/2003, Target: 115.4, Prediction: 82.13887786865234
Step [  89/151] -> Date: 9/2003, Target: 78.5, Prediction: 84.86688232421875
Step [  90/151] -> Date: 10/2003, Target: 97.8, Prediction: 74.5445556640625
Step [  91/151] -> Date: 11/2003, Target: 82.9, Prediction: 67.54891204833984
Step [  92/151] -> Date: 12/2003, Target: 72.2, Prediction: 64.66254425048828
Step [  93/151] -> Date: 1/2004, Target: 60.6, Prediction: 55.82530212402344
Step [  94/151] -> Date: 2/2004, Target: 74.6, Prediction: 54.68010711669922
Step [  95/151] -> Date: 3/2004, Target: 74.8, Prediction: 51.367149353027344
Step [  96/151] -> Date: 4/2004, Target: 59.2, Prediction: 60.57778549194336
Step [  97/151] -> Date: 5/2004, Target: 72.8, Prediction: 57.452083587646484
Step [  98/151] -> Date: 6/2004, Target: 66.5, Prediction: 45.660953521728516
Step [  99/151] -> Date: 7/2004, Target: 83.8, Prediction: 47.66102981567383
Step [ 100/151] -> Date: 8/2004, Target: 69.7, Prediction: 45.74246597290039
Step [ 101/151] -> Date: 9/2004, Target: 48.8, Prediction: 45.63758087158203
Step [ 102/151] -> Date: 10/2004, Target: 74.2, Prediction: 40.299522399902344
Step [ 103/151] -> Date: 11/2004, Target: 70.1, Prediction: 34.49564743041992
Step [ 104/151] -> Date: 12/2004, Target: 28.9, Prediction: 37.19869613647461
Step [ 105/151] -> Date: 1/2005, Target: 48.1, Prediction: 29.216859817504883
Step [ 106/151] -> Date: 2/2005, Target: 43.5, Prediction: 26.021236419677734
Step [ 107/151] -> Date: 3/2005, Target: 39.6, Prediction: 27.333820343017578
Step [ 108/151] -> Date: 4/2005, Target: 38.7, Prediction: 33.75542449951172
Step [ 109/151] -> Date: 5/2005, Target: 61.9, Prediction: 31.213565826416016
Step [ 110/151] -> Date: 6/2005, Target: 56.8, Prediction: 24.01873016357422
Step [ 111/151] -> Date: 7/2005, Target: 62.4, Prediction: 21.77903175354004
Step [ 112/151] -> Date: 8/2005, Target: 60.5, Prediction: 21.779733657836914
Step [ 113/151] -> Date: 9/2005, Target: 37.2, Prediction: 25.68706703186035
Step [ 114/151] -> Date: 10/2005, Target: 13.2, Prediction: 27.266632080078125
Step [ 115/151] -> Date: 11/2005, Target: 27.5, Prediction: 24.32679557800293
Step [ 116/151] -> Date: 12/2005, Target: 59.3, Prediction: 19.04119873046875
Step [ 117/151] -> Date: 1/2006, Target: 20.9, Prediction: 17.12460708618164
Step [ 118/151] -> Date: 2/2006, Target: 5.7, Prediction: 18.47554588317871
Step [ 119/151] -> Date: 3/2006, Target: 17.3, Prediction: 22.165733337402344
Step [ 120/151] -> Date: 4/2006, Target: 50.3, Prediction: 26.131668090820312
Step [ 121/151] -> Date: 5/2006, Target: 37.2, Prediction: 17.361595153808594
Step [ 122/151] -> Date: 6/2006, Target: 24.5, Prediction: 10.403791427612305
Step [ 123/151] -> Date: 7/2006, Target: 22.2, Prediction: 6.853176593780518
Step [ 124/151] -> Date: 8/2006, Target: 20.8, Prediction: 6.8489460945129395
Step [ 125/151] -> Date: 9/2006, Target: 23.7, Prediction: 10.219650268554688
Step [ 126/151] -> Date: 10/2006, Target: 14.9, Prediction: 13.730369567871094
Step [ 127/151] -> Date: 11/2006, Target: 35.7, Prediction: 23.21076202392578
Step [ 128/151] -> Date: 12/2006, Target: 22.3, Prediction: 20.037067413330078
Step [ 129/151] -> Date: 1/2007, Target: 29.3, Prediction: 17.704830169677734
Step [ 130/151] -> Date: 2/2007, Target: 18.4, Prediction: 16.354764938354492
Step [ 131/151] -> Date: 3/2007, Target: 7.2, Prediction: 19.18242835998535
Step [ 132/151] -> Date: 4/2007, Target: 5.4, Prediction: 25.433761596679688
Step [ 133/151] -> Date: 5/2007, Target: 19.5, Prediction: 19.47673988342285
Step [ 134/151] -> Date: 6/2007, Target: 21.3, Prediction: 19.628969192504883
Step [ 135/151] -> Date: 7/2007, Target: 15.1, Prediction: 11.110038757324219
Step [ 136/151] -> Date: 8/2007, Target: 9.8, Prediction: 10.72961711883545
Step [ 137/151] -> Date: 9/2007, Target: 4.0, Prediction: 12.514474868774414
Step [ 138/151] -> Date: 10/2007, Target: 1.5, Prediction: 31.559120178222656
Step [ 139/151] -> Date: 11/2007, Target: 2.8, Prediction: 27.914291381835938
Step [ 140/151] -> Date: 12/2007, Target: 17.3, Prediction: 37.49929428100586
Step [ 141/151] -> Date: 1/2008, Target: 4.1, Prediction: 32.860984802246094
Step [ 142/151] -> Date: 2/2008, Target: 2.9, Prediction: 35.97734069824219
Step [ 143/151] -> Date: 3/2008, Target: 15.5, Prediction: 50.45488739013672
Step [ 144/151] -> Date: 4/2008, Target: 3.6, Prediction: 53.15532302856445
Step [ 145/151] -> Date: 5/2008, Target: 4.6, Prediction: 60.9350471496582
Step [ 146/151] -> Date: 6/2008, Target: 5.2, Prediction: 63.85798645019531
Step [ 147/151] -> Date: 7/2008, Target: 0.6, Prediction: 66.26117706298828
Step [ 148/151] -> Date: 8/2008, Target: 0.3, Prediction: 56.42286682128906
Step [ 149/151] -> Date: 9/2008, Target: 1.2, Prediction: 64.48137664794922
Step [ 150/151] -> Date: 10/2008, Target: 4.2, Prediction: 72.7563705444336
Step [ 151/151] -> Date: 11/2008, Target: 6.6, Prediction: 74.79216003417969
----------------------------------------------------------------------------------------------------
Average Validation Loss: 28.459700938092162
----------------------------------------------------------------------------------------------------
Plotting data...
----------------------------------------------------------------------------------------------------
Plotting loss data...
----------------------------------------------------------------------------------------------------
Validation finished successfully.        Saved prediction/loss graphs can be found in: /home/extern/Dropbox/Research/scripts/graphs/
----------------------------------------------------------------------------------------------------
Predicting SC 24 using the above trained model
Step [   1/151] -> Date: 12/2008, Prediction: 7.62789249420166
Step [   2/151] -> Date: 1/2009, Prediction: 6.892020225524902
Step [   3/151] -> Date: 2/2009, Prediction: 6.971737384796143
Step [   4/151] -> Date: 3/2009, Prediction: 6.984994888305664
Step [   5/151] -> Date: 4/2009, Prediction: 6.9126739501953125
Step [   6/151] -> Date: 5/2009, Prediction: 7.93305778503418
Step [   7/151] -> Date: 6/2009, Prediction: 13.152029037475586
Step [   8/151] -> Date: 7/2009, Prediction: 19.672576904296875
Step [   9/151] -> Date: 8/2009, Prediction: 25.399703979492188
Step [  10/151] -> Date: 9/2009, Prediction: 22.14211654663086
Step [  11/151] -> Date: 10/2009, Prediction: 24.482318878173828
Step [  12/151] -> Date: 11/2009, Prediction: 18.39493751525879
Step [  13/151] -> Date: 12/2009, Prediction: 37.82369613647461
Step [  14/151] -> Date: 1/2010, Prediction: 29.63677978515625
Step [  15/151] -> Date: 2/2010, Prediction: 35.74306869506836
Step [  16/151] -> Date: 3/2010, Prediction: 46.355892181396484
Step [  17/151] -> Date: 4/2010, Prediction: 40.46529006958008
Step [  18/151] -> Date: 5/2010, Prediction: 52.1968879699707
Step [  19/151] -> Date: 6/2010, Prediction: 58.12306213378906
Step [  20/151] -> Date: 7/2010, Prediction: 60.91447067260742
Step [  21/151] -> Date: 8/2010, Prediction: 65.26654052734375
Step [  22/151] -> Date: 9/2010, Prediction: 73.1414566040039
Step [  23/151] -> Date: 10/2010, Prediction: 68.70957946777344
Step [  24/151] -> Date: 11/2010, Prediction: 67.09649658203125
Step [  25/151] -> Date: 12/2010, Prediction: 110.97392272949219
Step [  26/151] -> Date: 1/2011, Prediction: 108.34745788574219
Step [  27/151] -> Date: 2/2011, Prediction: 116.77818298339844
Step [  28/151] -> Date: 3/2011, Prediction: 119.72865295410156
Step [  29/151] -> Date: 4/2011, Prediction: 104.57427215576172
Step [  30/151] -> Date: 5/2011, Prediction: 118.1270751953125
Step [  31/151] -> Date: 6/2011, Prediction: 129.14370727539062
Step [  32/151] -> Date: 7/2011, Prediction: 122.30606079101562
Step [  33/151] -> Date: 8/2011, Prediction: 122.6353988647461
Step [  34/151] -> Date: 9/2011, Prediction: 123.08998107910156
Step [  35/151] -> Date: 10/2011, Prediction: 120.74870300292969
Step [  36/151] -> Date: 11/2011, Prediction: 135.10025024414062
Step [  37/151] -> Date: 12/2011, Prediction: 180.01974487304688
Step [  38/151] -> Date: 1/2012, Prediction: 173.48655700683594
Step [  39/151] -> Date: 2/2012, Prediction: 162.4626922607422
Step [  40/151] -> Date: 3/2012, Prediction: 151.726806640625
Step [  41/151] -> Date: 4/2012, Prediction: 177.69046020507812
Step [  42/151] -> Date: 5/2012, Prediction: 182.44273376464844
Step [  43/151] -> Date: 6/2012, Prediction: 161.48513793945312
Step [  44/151] -> Date: 7/2012, Prediction: 162.8482666015625
Step [  45/151] -> Date: 8/2012, Prediction: 168.9718017578125
Step [  46/151] -> Date: 9/2012, Prediction: 177.8714599609375
Step [  47/151] -> Date: 10/2012, Prediction: 173.48977661132812
Step [  48/151] -> Date: 11/2012, Prediction: 169.28660583496094
Step [  49/151] -> Date: 12/2012, Prediction: 180.9767303466797
Step [  50/151] -> Date: 1/2013, Prediction: 198.840087890625
Step [  51/151] -> Date: 2/2013, Prediction: 184.9415740966797
Step [  52/151] -> Date: 3/2013, Prediction: 181.45249938964844
Step [  53/151] -> Date: 4/2013, Prediction: 177.24078369140625
Step [  54/151] -> Date: 5/2013, Prediction: 179.3849639892578
Step [  55/151] -> Date: 6/2013, Prediction: 170.47525024414062
Step [  56/151] -> Date: 7/2013, Prediction: 167.42503356933594
Step [  57/151] -> Date: 8/2013, Prediction: 159.17013549804688
Step [  58/151] -> Date: 9/2013, Prediction: 171.29531860351562
Step [  59/151] -> Date: 10/2013, Prediction: 171.22900390625
Step [  60/151] -> Date: 11/2013, Prediction: 165.72348022460938
Step [  61/151] -> Date: 12/2013, Prediction: 160.4793243408203
Step [  62/151] -> Date: 1/2014, Prediction: 144.71487426757812
Step [  63/151] -> Date: 2/2014, Prediction: 156.73072814941406
Step [  64/151] -> Date: 3/2014, Prediction: 176.85302734375
Step [  65/151] -> Date: 4/2014, Prediction: 167.50836181640625
Step [  66/151] -> Date: 5/2014, Prediction: 160.07774353027344
Step [  67/151] -> Date: 6/2014, Prediction: 165.0222930908203
Step [  68/151] -> Date: 7/2014, Prediction: 154.39686584472656
Step [  69/151] -> Date: 8/2014, Prediction: 148.93667602539062
Step [  70/151] -> Date: 9/2014, Prediction: 142.1587677001953
Step [  71/151] -> Date: 10/2014, Prediction: 153.11529541015625
Step [  72/151] -> Date: 11/2014, Prediction: 154.1103515625
Step [  73/151] -> Date: 12/2014, Prediction: 103.55213928222656
Step [  74/151] -> Date: 1/2015, Prediction: 117.87664031982422
Step [  75/151] -> Date: 2/2015, Prediction: 123.88291931152344
Step [  76/151] -> Date: 3/2015, Prediction: 124.09453582763672
Step [  77/151] -> Date: 4/2015, Prediction: 125.48397064208984
Step [  78/151] -> Date: 5/2015, Prediction: 113.16545104980469
Step [  79/151] -> Date: 6/2015, Prediction: 105.32150268554688
Step [  80/151] -> Date: 7/2015, Prediction: 101.63639831542969
Step [  81/151] -> Date: 8/2015, Prediction: 90.89395141601562
Step [  82/151] -> Date: 9/2015, Prediction: 100.4922103881836
Step [  83/151] -> Date: 10/2015, Prediction: 103.37105560302734
Step [  84/151] -> Date: 11/2015, Prediction: 111.28861236572266
Step [  85/151] -> Date: 12/2015, Prediction: 96.55191040039062
Step [  86/151] -> Date: 1/2016, Prediction: 95.90271759033203
Step [  87/151] -> Date: 2/2016, Prediction: 97.41705322265625
Step [  88/151] -> Date: 3/2016, Prediction: 83.91877746582031
Step [  89/151] -> Date: 4/2016, Prediction: 100.54478454589844
Step [  90/151] -> Date: 5/2016, Prediction: 86.95480346679688
Step [  91/151] -> Date: 6/2016, Prediction: 69.36236572265625
Step [  92/151] -> Date: 7/2016, Prediction: 69.42330169677734
Step [  93/151] -> Date: 8/2016, Prediction: 60.65161895751953
Step [  94/151] -> Date: 9/2016, Prediction: 63.08298873901367
Step [  95/151] -> Date: 10/2016, Prediction: 59.62469482421875
Step [  96/151] -> Date: 11/2016, Prediction: 64.67404174804688
Step [  97/151] -> Date: 12/2016, Prediction: 44.179725646972656
Step [  98/151] -> Date: 1/2017, Prediction: 61.62843704223633
Step [  99/151] -> Date: 2/2017, Prediction: 49.383541107177734
Step [ 100/151] -> Date: 3/2017, Prediction: 43.17688751220703
Step [ 101/151] -> Date: 4/2017, Prediction: 45.267879486083984
Step [ 102/151] -> Date: 5/2017, Prediction: 54.92823791503906
Step [ 103/151] -> Date: 6/2017, Prediction: 34.276763916015625
Step [ 104/151] -> Date: 7/2017, Prediction: 45.13622283935547
Step [ 105/151] -> Date: 8/2017, Prediction: 32.84061813354492
Step [ 106/151] -> Date: 9/2017, Prediction: 31.922607421875
Step [ 107/151] -> Date: 10/2017, Prediction: 31.23004150390625
Step [ 108/151] -> Date: 11/2017, Prediction: 47.986724853515625
Step [ 109/151] -> Date: 12/2017, Prediction: 30.276996612548828
Step [ 110/151] -> Date: 1/2018, Prediction: 38.02420425415039
Step [ 111/151] -> Date: 2/2018, Prediction: 38.70111846923828
Step [ 112/151] -> Date: 3/2018, Prediction: 37.791648864746094
Step [ 113/151] -> Date: 4/2018, Prediction: 23.02527618408203
Step [ 114/151] -> Date: 5/2018, Prediction: 25.46323013305664
Step [ 115/151] -> Date: 6/2018, Prediction: 27.377653121948242
Step [ 116/151] -> Date: 7/2018, Prediction: 20.090776443481445
Step [ 117/151] -> Date: 8/2018, Prediction: 17.582324981689453
Step [ 118/151] -> Date: 9/2018, Prediction: 19.729480743408203
Step [ 119/151] -> Date: 10/2018, Prediction: 25.18244171142578
Step [ 120/151] -> Date: 11/2018, Prediction: 21.58560562133789
Step [ 121/151] -> Date: 12/2018, Prediction: 16.433664321899414
Step [ 122/151] -> Date: 1/2019, Prediction: 7.053537368774414
Step [ 123/151] -> Date: 2/2019, Prediction: 6.923776626586914
Step [ 124/151] -> Date: 3/2019, Prediction: 6.891672134399414
Step [ 125/151] -> Date: 4/2019, Prediction: 7.894859313964844
Step [ 126/151] -> Date: 5/2019, Prediction: 19.305278778076172
Step [ 127/151] -> Date: 6/2019, Prediction: 27.010103225708008
Step [ 128/151] -> Date: 7/2019, Prediction: 23.080656051635742
Step [ 129/151] -> Date: 8/2019, Prediction: 18.025461196899414
Step [ 130/151] -> Date: 9/2019, Prediction: 17.61166763305664
Step [ 131/151] -> Date: 10/2019, Prediction: 18.74116325378418
Step [ 132/151] -> Date: 11/2019, Prediction: 19.29014778137207
Step [ 133/151] -> Date: 12/2019, Prediction: 10.553788185119629
Step [ 134/151] -> Date: 1/2020, Prediction: 6.8897786140441895
Step [ 135/151] -> Date: 2/2020, Prediction: 6.790946960449219
Step [ 136/151] -> Date: 3/2020, Prediction: 6.797211170196533
Step [ 137/151] -> Date: 4/2020, Prediction: 6.710940837860107
Step [ 138/151] -> Date: 5/2020, Prediction: 6.826291561126709
Step [ 139/151] -> Date: 6/2020, Prediction: 11.517471313476562
Step [ 140/151] -> Date: 7/2020, Prediction: 18.321531295776367
Step [ 141/151] -> Date: 8/2020, Prediction: 25.490020751953125
Step [ 142/151] -> Date: 9/2020, Prediction: 25.517581939697266
Step [ 143/151] -> Date: 10/2020, Prediction: 19.567258834838867
Step [ 144/151] -> Date: 11/2020, Prediction: 10.365968704223633
Step [ 145/151] -> Date: 12/2020, Prediction: 32.48063278198242
Step [ 146/151] -> Date: 1/2021, Prediction: 24.927791595458984
Step [ 147/151] -> Date: 2/2021, Prediction: 21.92440414428711
Step [ 148/151] -> Date: 3/2021, Prediction: 23.313459396362305
Step [ 149/151] -> Date: 4/2021, Prediction: 28.685993194580078
Step [ 150/151] -> Date: 5/2021, Prediction: 34.14738082885742
Step [ 151/151] -> Date: 6/2021, Prediction: 38.43214416503906
----------------------------------------------------------------------------------------------------
Plotting data...
