----------------------------------------------------------------------------------------------------
Usage: python3 SSN_predictor.py <path_to_ssn_datafile> <path_to_aa_datafile>
----------------------------------------------------------------------------------------------------
Code running on device: cuda
----------------------------------------------------------------------------------------------------
Data loaded from file locations :
    SSN - /home/extern/Dropbox/Research/scripts/data/SILSO/TSN/SN_m_tot_V2.0.txt
    AA - /home/extern/Dropbox/Research/scripts/data/ISGI/aa_1869-01-01_2018-12-31_D.dat
----------------------------------------------------------------------------------------------------
Solar cycle data loaded/saved as: cycle_data.pickle
----------------------------------------------------------------------------------------------------
SC Number     Start Date       End Date      Solar Max   Length(in months)
         0      [1749, 1]      [1755, 1]         154.27                  73
         1      [1755, 2]      [1766, 5]         144.12                 136
         2      [1766, 6]      [1775, 5]         192.98                 108
         3      [1775, 6]      [1784, 8]         264.25                 111
         4      [1784, 9]      [1798, 3]         235.28                 163
         5      [1798, 4]     [1810, 11]          67.93                 152
         6     [1810, 12]      [1823, 4]          81.99                 149
         7      [1823, 5]     [1833, 10]          81.16                 126
         8     [1833, 11]      [1843, 6]         119.24                 116
         9      [1843, 7]     [1855, 11]         244.87                 149
        10     [1855, 12]      [1867, 2]         219.94                 135
        11      [1867, 3]     [1878, 11]         186.15                 141
        12     [1878, 12]      [1890, 2]         234.02                 135
        13      [1890, 3]      [1902, 0]         124.41                 142
        14      [1902, 1]      [1913, 6]         146.55                 138
        15      [1913, 7]      [1923, 7]         107.08                 121
        16      [1923, 8]      [1933, 8]         175.67                 121
        17      [1933, 9]      [1944, 1]         130.23                 125
        18      [1944, 2]      [1954, 3]         198.64                 122
        19      [1954, 4]      [1964, 9]         218.73                 126
        20     [1964, 10]      [1976, 2]          285.0                 137
        21      [1976, 3]      [1986, 8]         156.63                 126
        22      [1986, 9]      [1996, 4]         232.92                 116
        23      [1996, 5]     [2008, 11]         212.48                 151
        24     [2008, 12]     [2019, 11]         180.28                 132
----------------------------------------------------------------------------------------------------
Selected data:
    Training: SC 13 to 22
    Validation: SC 23
    Prediction: SC 24
----------------------------------------------------------------------------------------------------
Selected model: FFNN(
  (model): Sequential(
    (0): Linear(in_features=6, out_features=6, bias=True)
    (1): LeakyReLU(negative_slope=0.01, inplace=True)
    (2): Linear(in_features=6, out_features=3, bias=True)
    (3): LeakyReLU(negative_slope=0.01, inplace=True)
    (4): Linear(in_features=3, out_features=1, bias=True)
  )
)    Training mode: True    Prediction mode: True
----------------------------------------------------------------------------------------------------
Selected optimizer: Adam (
Parameter Group 0
    amsgrad: False
    betas: (0.9, 0.999)
    eps: 1e-08
    lr: 0.001
    weight_decay: 0
)
----------------------------------------------------------------------------------------------------
Selected scheduler: ReduceLROnPlateau(
    {'factor': 0.9, 'min_lrs': [0], 'patience': 10, 'verbose': True, 'cooldown': 0, 'cooldown_counter': 0, 'mode': 'min', 'threshold': 0.0001, 'threshold_mode': 'rel', 'best': inf, 'num_bad_epochs': 0, 'mode_worse': inf, 'eps': 1e-08, 'last_epoch': 0})
----------------------------------------------------------------------------------------------------
No pre-trained models available, initializing model weights
----------------------------------------------------------------------------------------------------
Training model with solar cycle 12 to 22 data with: num_epochs=1000
Epoch [   5/1000] -> Loss: 103.9725
Epoch [  10/1000] -> Loss: 79.1170
Epoch [  15/1000] -> Loss: 69.1676
Epoch [  20/1000] -> Loss: 65.6780
Epoch [  25/1000] -> Loss: 62.5080
Epoch [  30/1000] -> Loss: 58.5858
Epoch [  35/1000] -> Loss: 49.3222
Epoch [  40/1000] -> Loss: 41.4877
Epoch [  45/1000] -> Loss: 40.0982
Epoch [  50/1000] -> Loss: 39.5555
Epoch [  55/1000] -> Loss: 39.2104
Epoch [  60/1000] -> Loss: 39.2323
Epoch [  65/1000] -> Loss: 38.7697
Epoch [  70/1000] -> Loss: 38.9975
Epoch [  75/1000] -> Loss: 39.3564
Epoch    76: reducing learning rate of group 0 to 9.0000e-04.
Epoch [  80/1000] -> Loss: 38.5556
Epoch [  85/1000] -> Loss: 38.5744
Epoch [  90/1000] -> Loss: 39.1982
Epoch [  95/1000] -> Loss: 38.3365
----------------------------------------------------------------------------------------------------
Model checkpoint saved as _FFNN_100.pth
----------------------------------------------------------------------------------------------------
Epoch [ 100/1000] -> Loss: 38.5929
Epoch [ 105/1000] -> Loss: 38.1663
Epoch [ 110/1000] -> Loss: 38.2829
Epoch [ 115/1000] -> Loss: 38.7052
Epoch   120: reducing learning rate of group 0 to 8.1000e-04.
Epoch [ 120/1000] -> Loss: 38.4656
Epoch [ 125/1000] -> Loss: 38.5776
Epoch [ 130/1000] -> Loss: 38.4610
Epoch [ 135/1000] -> Loss: 38.6952
Epoch   140: reducing learning rate of group 0 to 7.2900e-04.
Epoch [ 140/1000] -> Loss: 38.6263
Epoch [ 145/1000] -> Loss: 37.9629
Epoch [ 150/1000] -> Loss: 38.4232
Epoch [ 155/1000] -> Loss: 38.2306
Epoch [ 160/1000] -> Loss: 38.1811
Epoch   162: reducing learning rate of group 0 to 6.5610e-04.
Epoch [ 165/1000] -> Loss: 38.7141
Epoch [ 170/1000] -> Loss: 38.2815
Epoch   173: reducing learning rate of group 0 to 5.9049e-04.
Epoch [ 175/1000] -> Loss: 38.2704
Epoch [ 180/1000] -> Loss: 38.1044
Epoch   184: reducing learning rate of group 0 to 5.3144e-04.
Epoch [ 185/1000] -> Loss: 38.5192
Epoch [ 190/1000] -> Loss: 37.9731
Epoch [ 195/1000] -> Loss: 37.9479
Epoch   200: reducing learning rate of group 0 to 4.7830e-04.
----------------------------------------------------------------------------------------------------
Model checkpoint saved as _FFNN_200.pth
----------------------------------------------------------------------------------------------------
Epoch [ 200/1000] -> Loss: 38.3434
Epoch [ 205/1000] -> Loss: 38.1529
Epoch [ 210/1000] -> Loss: 38.1371
Epoch   214: reducing learning rate of group 0 to 4.3047e-04.
Epoch [ 215/1000] -> Loss: 38.6835
Epoch [ 220/1000] -> Loss: 38.0066
Epoch [ 225/1000] -> Loss: 37.7887
Epoch [ 230/1000] -> Loss: 37.7543
Epoch [ 235/1000] -> Loss: 38.0612
Epoch [ 240/1000] -> Loss: 38.2695
Epoch   241: reducing learning rate of group 0 to 3.8742e-04.
Epoch [ 245/1000] -> Loss: 38.0766
Epoch [ 250/1000] -> Loss: 38.4138
Epoch   252: reducing learning rate of group 0 to 3.4868e-04.
Epoch [ 255/1000] -> Loss: 38.3545
Epoch [ 260/1000] -> Loss: 37.9635
Epoch   263: reducing learning rate of group 0 to 3.1381e-04.
Epoch [ 265/1000] -> Loss: 38.2026
Epoch [ 270/1000] -> Loss: 38.3609
Epoch   274: reducing learning rate of group 0 to 2.8243e-04.
Epoch [ 275/1000] -> Loss: 37.9151
Epoch [ 280/1000] -> Loss: 38.1338
Epoch [ 285/1000] -> Loss: 37.9737
Epoch [ 290/1000] -> Loss: 38.2494
Epoch   295: reducing learning rate of group 0 to 2.5419e-04.
Epoch [ 295/1000] -> Loss: 37.9915
----------------------------------------------------------------------------------------------------
Model checkpoint saved as _FFNN_300.pth
----------------------------------------------------------------------------------------------------
Epoch [ 300/1000] -> Loss: 38.3415
Epoch [ 305/1000] -> Loss: 37.8129
Epoch   306: reducing learning rate of group 0 to 2.2877e-04.
Epoch [ 310/1000] -> Loss: 38.1595
Epoch [ 315/1000] -> Loss: 37.9607
Epoch [ 320/1000] -> Loss: 38.4112
Epoch   323: reducing learning rate of group 0 to 2.0589e-04.
Epoch [ 325/1000] -> Loss: 38.6627
Epoch [ 330/1000] -> Loss: 37.8602
Epoch   334: reducing learning rate of group 0 to 1.8530e-04.
Epoch [ 335/1000] -> Loss: 38.3557
Epoch [ 340/1000] -> Loss: 37.8495
Epoch   345: reducing learning rate of group 0 to 1.6677e-04.
Epoch [ 345/1000] -> Loss: 38.0470
Epoch [ 350/1000] -> Loss: 37.7092
Epoch [ 355/1000] -> Loss: 37.8822
Epoch   356: reducing learning rate of group 0 to 1.5009e-04.
Epoch [ 360/1000] -> Loss: 37.7720
Epoch [ 365/1000] -> Loss: 37.9667
Epoch   367: reducing learning rate of group 0 to 1.3509e-04.
Epoch [ 370/1000] -> Loss: 37.8565
Epoch [ 375/1000] -> Loss: 38.1684
Epoch   378: reducing learning rate of group 0 to 1.2158e-04.
Epoch [ 380/1000] -> Loss: 38.2646
Epoch [ 385/1000] -> Loss: 38.0926
Epoch [ 390/1000] -> Loss: 38.1297
Epoch   394: reducing learning rate of group 0 to 1.0942e-04.
Epoch [ 395/1000] -> Loss: 38.3519
----------------------------------------------------------------------------------------------------
Model checkpoint saved as _FFNN_400.pth
----------------------------------------------------------------------------------------------------
Epoch [ 400/1000] -> Loss: 38.0410
Epoch   405: reducing learning rate of group 0 to 9.8477e-05.
Epoch [ 405/1000] -> Loss: 38.3885
Epoch [ 410/1000] -> Loss: 38.1874
Epoch [ 415/1000] -> Loss: 38.0679
Epoch   416: reducing learning rate of group 0 to 8.8629e-05.
Epoch [ 420/1000] -> Loss: 38.2710
Epoch [ 425/1000] -> Loss: 37.9877
Epoch   427: reducing learning rate of group 0 to 7.9766e-05.
Epoch [ 430/1000] -> Loss: 38.0839
Epoch [ 435/1000] -> Loss: 37.9393
Epoch   438: reducing learning rate of group 0 to 7.1790e-05.
Epoch [ 440/1000] -> Loss: 37.7130
Epoch [ 445/1000] -> Loss: 37.9704
Epoch   449: reducing learning rate of group 0 to 6.4611e-05.
Epoch [ 450/1000] -> Loss: 38.1429
Epoch [ 455/1000] -> Loss: 38.0927
Epoch   460: reducing learning rate of group 0 to 5.8150e-05.
Epoch [ 460/1000] -> Loss: 38.4983
Epoch [ 465/1000] -> Loss: 38.4874
Epoch [ 470/1000] -> Loss: 38.2594
Epoch   471: reducing learning rate of group 0 to 5.2335e-05.
Epoch [ 475/1000] -> Loss: 38.4085
Epoch [ 480/1000] -> Loss: 37.9315
Epoch   482: reducing learning rate of group 0 to 4.7101e-05.
Epoch [ 485/1000] -> Loss: 37.8766
Epoch [ 490/1000] -> Loss: 38.1624
Epoch   493: reducing learning rate of group 0 to 4.2391e-05.
Epoch [ 495/1000] -> Loss: 38.0178
----------------------------------------------------------------------------------------------------
Model checkpoint saved as _FFNN_500.pth
----------------------------------------------------------------------------------------------------
Epoch [ 500/1000] -> Loss: 38.4007
Epoch   504: reducing learning rate of group 0 to 3.8152e-05.
Epoch [ 505/1000] -> Loss: 38.1643
Epoch [ 510/1000] -> Loss: 38.1686
Epoch   515: reducing learning rate of group 0 to 3.4337e-05.
Epoch [ 515/1000] -> Loss: 37.9998
Epoch [ 520/1000] -> Loss: 37.9003
Epoch [ 525/1000] -> Loss: 37.7896
Epoch   526: reducing learning rate of group 0 to 3.0903e-05.
Epoch [ 530/1000] -> Loss: 37.8069
Epoch [ 535/1000] -> Loss: 37.7726
Epoch   537: reducing learning rate of group 0 to 2.7813e-05.
Epoch [ 540/1000] -> Loss: 37.7345
Epoch [ 545/1000] -> Loss: 37.8832
Epoch   548: reducing learning rate of group 0 to 2.5032e-05.
Epoch [ 550/1000] -> Loss: 38.0704
Epoch [ 555/1000] -> Loss: 38.1536
Epoch   559: reducing learning rate of group 0 to 2.2528e-05.
Epoch [ 560/1000] -> Loss: 38.0968
Epoch [ 565/1000] -> Loss: 38.1494
Epoch   570: reducing learning rate of group 0 to 2.0276e-05.
Epoch [ 570/1000] -> Loss: 38.2598
Epoch [ 575/1000] -> Loss: 37.9855
Epoch [ 580/1000] -> Loss: 37.9420
Epoch   581: reducing learning rate of group 0 to 1.8248e-05.
Epoch [ 585/1000] -> Loss: 37.8569
Epoch [ 590/1000] -> Loss: 37.6887
Epoch   592: reducing learning rate of group 0 to 1.6423e-05.
Epoch [ 595/1000] -> Loss: 38.3994
----------------------------------------------------------------------------------------------------
Model checkpoint saved as _FFNN_600.pth
----------------------------------------------------------------------------------------------------
Epoch [ 600/1000] -> Loss: 38.2164
Epoch   603: reducing learning rate of group 0 to 1.4781e-05.
Epoch [ 605/1000] -> Loss: 37.6177
Epoch [ 610/1000] -> Loss: 37.9465
Epoch   614: reducing learning rate of group 0 to 1.3303e-05.
Epoch [ 615/1000] -> Loss: 37.7190
Epoch [ 620/1000] -> Loss: 38.0752
Epoch   625: reducing learning rate of group 0 to 1.1973e-05.
Epoch [ 625/1000] -> Loss: 38.1054
Epoch [ 630/1000] -> Loss: 38.2394
Epoch [ 635/1000] -> Loss: 37.6811
Epoch   636: reducing learning rate of group 0 to 1.0775e-05.
Epoch [ 640/1000] -> Loss: 37.8095
Epoch [ 645/1000] -> Loss: 38.2733
Epoch   647: reducing learning rate of group 0 to 9.6977e-06.
Epoch [ 650/1000] -> Loss: 37.8543
Epoch [ 655/1000] -> Loss: 38.3374
Epoch   658: reducing learning rate of group 0 to 8.7280e-06.
Epoch [ 660/1000] -> Loss: 37.7604
Epoch [ 665/1000] -> Loss: 37.8810
Epoch   669: reducing learning rate of group 0 to 7.8552e-06.
Epoch [ 670/1000] -> Loss: 37.8477
Epoch [ 675/1000] -> Loss: 37.8020
Epoch   680: reducing learning rate of group 0 to 7.0697e-06.
Epoch [ 680/1000] -> Loss: 38.0116
Epoch [ 685/1000] -> Loss: 37.9530
Epoch [ 690/1000] -> Loss: 38.1946
Epoch   691: reducing learning rate of group 0 to 6.3627e-06.
Epoch [ 695/1000] -> Loss: 37.8737
----------------------------------------------------------------------------------------------------
Model checkpoint saved as _FFNN_700.pth
----------------------------------------------------------------------------------------------------
Epoch [ 700/1000] -> Loss: 38.1220
Epoch   702: reducing learning rate of group 0 to 5.7264e-06.
Epoch [ 705/1000] -> Loss: 37.7755
Epoch [ 710/1000] -> Loss: 38.0425
Epoch   713: reducing learning rate of group 0 to 5.1538e-06.
Epoch [ 715/1000] -> Loss: 38.0571
Epoch [ 720/1000] -> Loss: 38.2057
Epoch   724: reducing learning rate of group 0 to 4.6384e-06.
Epoch [ 725/1000] -> Loss: 38.4475
Epoch [ 730/1000] -> Loss: 37.9886
Epoch   735: reducing learning rate of group 0 to 4.1746e-06.
Epoch [ 735/1000] -> Loss: 37.9917
Epoch [ 740/1000] -> Loss: 38.0520
Epoch [ 745/1000] -> Loss: 38.1916
Epoch   746: reducing learning rate of group 0 to 3.7571e-06.
Epoch [ 750/1000] -> Loss: 38.2409
Epoch [ 755/1000] -> Loss: 37.9967
Epoch   757: reducing learning rate of group 0 to 3.3814e-06.
Epoch [ 760/1000] -> Loss: 38.0515
Epoch [ 765/1000] -> Loss: 38.0649
Epoch   768: reducing learning rate of group 0 to 3.0433e-06.
Epoch [ 770/1000] -> Loss: 37.8685
Epoch [ 775/1000] -> Loss: 38.0265
Epoch   779: reducing learning rate of group 0 to 2.7389e-06.
Epoch [ 780/1000] -> Loss: 37.9300
Epoch [ 785/1000] -> Loss: 38.2532
Epoch   790: reducing learning rate of group 0 to 2.4650e-06.
Epoch [ 790/1000] -> Loss: 37.8067
Epoch [ 795/1000] -> Loss: 37.7423
----------------------------------------------------------------------------------------------------
Model checkpoint saved as _FFNN_800.pth
----------------------------------------------------------------------------------------------------
Epoch [ 800/1000] -> Loss: 38.4610
Epoch   801: reducing learning rate of group 0 to 2.2185e-06.
Epoch [ 805/1000] -> Loss: 37.8233
Epoch [ 810/1000] -> Loss: 37.6900
Epoch   812: reducing learning rate of group 0 to 1.9967e-06.
Epoch [ 815/1000] -> Loss: 38.2890
Epoch [ 820/1000] -> Loss: 37.9322
Epoch   823: reducing learning rate of group 0 to 1.7970e-06.
Epoch [ 825/1000] -> Loss: 38.1541
Epoch [ 830/1000] -> Loss: 37.8292
Epoch   834: reducing learning rate of group 0 to 1.6173e-06.
Epoch [ 835/1000] -> Loss: 38.2331
Epoch [ 840/1000] -> Loss: 38.6223
Epoch   845: reducing learning rate of group 0 to 1.4556e-06.
Epoch [ 845/1000] -> Loss: 37.9881
Epoch [ 850/1000] -> Loss: 37.7405
Epoch [ 855/1000] -> Loss: 37.9578
Epoch   856: reducing learning rate of group 0 to 1.3100e-06.
Epoch [ 860/1000] -> Loss: 37.9649
Epoch [ 865/1000] -> Loss: 37.9279
Epoch   867: reducing learning rate of group 0 to 1.1790e-06.
Epoch [ 870/1000] -> Loss: 38.2072
Epoch [ 875/1000] -> Loss: 38.2248
Epoch   878: reducing learning rate of group 0 to 1.0611e-06.
Epoch [ 880/1000] -> Loss: 38.1286
Epoch [ 885/1000] -> Loss: 38.0720
Epoch   889: reducing learning rate of group 0 to 9.5500e-07.
Epoch [ 890/1000] -> Loss: 38.0059
Epoch [ 895/1000] -> Loss: 38.2476
Epoch   900: reducing learning rate of group 0 to 8.5950e-07.
----------------------------------------------------------------------------------------------------
Model checkpoint saved as _FFNN_900.pth
----------------------------------------------------------------------------------------------------
Epoch [ 900/1000] -> Loss: 37.8159
Epoch [ 905/1000] -> Loss: 37.9511
Epoch [ 910/1000] -> Loss: 37.9517
Epoch   911: reducing learning rate of group 0 to 7.7355e-07.
Epoch [ 915/1000] -> Loss: 38.2062
Epoch [ 920/1000] -> Loss: 37.8788
Epoch   922: reducing learning rate of group 0 to 6.9620e-07.
Epoch [ 925/1000] -> Loss: 37.6730
Epoch [ 930/1000] -> Loss: 38.0430
Epoch   933: reducing learning rate of group 0 to 6.2658e-07.
Epoch [ 935/1000] -> Loss: 37.8384
Epoch [ 940/1000] -> Loss: 38.3885
Epoch   944: reducing learning rate of group 0 to 5.6392e-07.
Epoch [ 945/1000] -> Loss: 37.8096
Epoch [ 950/1000] -> Loss: 38.3231
Epoch   955: reducing learning rate of group 0 to 5.0753e-07.
Epoch [ 955/1000] -> Loss: 37.7253
Epoch [ 960/1000] -> Loss: 37.8445
Epoch [ 965/1000] -> Loss: 37.9000
Epoch   966: reducing learning rate of group 0 to 4.5678e-07.
Epoch [ 970/1000] -> Loss: 38.0879
Epoch [ 975/1000] -> Loss: 38.2470
Epoch   977: reducing learning rate of group 0 to 4.1110e-07.
Epoch [ 980/1000] -> Loss: 37.9807
Epoch [ 985/1000] -> Loss: 37.8807
Epoch   988: reducing learning rate of group 0 to 3.6999e-07.
Epoch [ 990/1000] -> Loss: 38.0805
Epoch [ 995/1000] -> Loss: 38.1122
Epoch   999: reducing learning rate of group 0 to 3.3299e-07.
----------------------------------------------------------------------------------------------------
Model checkpoint saved as _FFNN_1000.pth
----------------------------------------------------------------------------------------------------
Epoch [1000/1000] -> Loss: 37.9334
----------------------------------------------------------------------------------------------------
Plotting loss data...
----------------------------------------------------------------------------------------------------
Training finished successfully.
        Saved model checkpoints can be found in: /home/extern/Dropbox/Research/scripts/models/
        Saved data/loss graphs can be found in: /home/extern/Dropbox/Research/scripts/graphs/
----------------------------------------------------------------------------------------------------
Validating model for solar cycle 23 data
Step [   1/151] -> Date: 5/1996, Target: 7.6, Prediction: 30.63066864013672
Step [   2/151] -> Date: 6/1996, Target: 16.5, Prediction: 20.602127075195312
Step [   3/151] -> Date: 7/1996, Target: 11.8, Prediction: 11.844184875488281
Step [   4/151] -> Date: 8/1996, Target: 19.7, Prediction: 13.565155029296875
Step [   5/151] -> Date: 9/1996, Target: 3.0, Prediction: 12.459671974182129
Step [   6/151] -> Date: 10/1996, Target: 0.7, Prediction: 20.353652954101562
Step [   7/151] -> Date: 11/1996, Target: 24.9, Prediction: 30.91926383972168
Step [   8/151] -> Date: 12/1996, Target: 14.0, Prediction: 29.574607849121094
Step [   9/151] -> Date: 1/1997, Target: 7.4, Prediction: 19.409866333007812
Step [  10/151] -> Date: 2/1997, Target: 11.0, Prediction: 32.12407684326172
Step [  11/151] -> Date: 3/1997, Target: 12.1, Prediction: 39.43659210205078
Step [  12/151] -> Date: 4/1997, Target: 23.0, Prediction: 40.18327331542969
Step [  13/151] -> Date: 5/1997, Target: 25.4, Prediction: 76.2436752319336
Step [  14/151] -> Date: 6/1997, Target: 20.8, Prediction: 66.70780181884766
Step [  15/151] -> Date: 7/1997, Target: 12.9, Prediction: 53.124969482421875
Step [  16/151] -> Date: 8/1997, Target: 35.7, Prediction: 76.71842956542969
Step [  17/151] -> Date: 9/1997, Target: 59.7, Prediction: 66.3874740600586
Step [  18/151] -> Date: 10/1997, Target: 32.8, Prediction: 89.22618865966797
Step [  19/151] -> Date: 11/1997, Target: 50.4, Prediction: 98.2282943725586
Step [  20/151] -> Date: 12/1997, Target: 55.5, Prediction: 79.69518280029297
Step [  21/151] -> Date: 1/1998, Target: 44.5, Prediction: 102.54344177246094
Step [  22/151] -> Date: 2/1998, Target: 50.2, Prediction: 105.6894302368164
Step [  23/151] -> Date: 3/1998, Target: 82.0, Prediction: 109.09992980957031
Step [  24/151] -> Date: 4/1998, Target: 70.6, Prediction: 110.36721801757812
Step [  25/151] -> Date: 5/1998, Target: 74.0, Prediction: 150.1319122314453
Step [  26/151] -> Date: 6/1998, Target: 90.5, Prediction: 149.7764129638672
Step [  27/151] -> Date: 7/1998, Target: 96.7, Prediction: 185.29222106933594
Step [  28/151] -> Date: 8/1998, Target: 121.1, Prediction: 181.862548828125
Step [  29/151] -> Date: 9/1998, Target: 132.0, Prediction: 177.07305908203125
Step [  30/151] -> Date: 10/1998, Target: 78.5, Prediction: 182.45008850097656
Step [  31/151] -> Date: 11/1998, Target: 97.3, Prediction: 162.7830352783203
Step [  32/151] -> Date: 12/1998, Target: 119.2, Prediction: 171.85247802734375
Step [  33/151] -> Date: 1/1999, Target: 86.0, Prediction: 211.32032775878906
Step [  34/151] -> Date: 2/1999, Target: 98.0, Prediction: 157.25265502929688
Step [  35/151] -> Date: 3/1999, Target: 103.5, Prediction: 189.7521209716797
Step [  36/151] -> Date: 4/1999, Target: 93.6, Prediction: 184.74563598632812
Step [  37/151] -> Date: 5/1999, Target: 149.6, Prediction: 206.49681091308594
Step [  38/151] -> Date: 6/1999, Target: 207.2, Prediction: 220.17575073242188
Step [  39/151] -> Date: 7/1999, Target: 173.5, Prediction: 205.44203186035156
Step [  40/151] -> Date: 8/1999, Target: 142.3, Prediction: 210.266845703125
Step [  41/151] -> Date: 9/1999, Target: 106.3, Prediction: 192.3889923095703
Step [  42/151] -> Date: 10/1999, Target: 168.7, Prediction: 199.08685302734375
Step [  43/151] -> Date: 11/1999, Target: 188.3, Prediction: 195.3271026611328
Step [  44/151] -> Date: 12/1999, Target: 116.8, Prediction: 178.60401916503906
Step [  45/151] -> Date: 1/2000, Target: 133.1, Prediction: 169.53025817871094
Step [  46/151] -> Date: 2/2000, Target: 165.7, Prediction: 181.7644500732422
Step [  47/151] -> Date: 3/2000, Target: 217.7, Prediction: 210.1716766357422
Step [  48/151] -> Date: 4/2000, Target: 191.5, Prediction: 183.22921752929688
Step [  49/151] -> Date: 5/2000, Target: 165.9, Prediction: 194.89932250976562
Step [  50/151] -> Date: 6/2000, Target: 188.0, Prediction: 187.01719665527344
Step [  51/151] -> Date: 7/2000, Target: 244.3, Prediction: 193.125732421875
Step [  52/151] -> Date: 8/2000, Target: 180.5, Prediction: 192.55230712890625
Step [  53/151] -> Date: 9/2000, Target: 156.0, Prediction: 205.4851837158203
Step [  54/151] -> Date: 10/2000, Target: 141.6, Prediction: 196.74359130859375
Step [  55/151] -> Date: 11/2000, Target: 158.1, Prediction: 183.16439819335938
Step [  56/151] -> Date: 12/2000, Target: 143.3, Prediction: 170.89413452148438
Step [  57/151] -> Date: 1/2001, Target: 142.6, Prediction: 207.3754425048828
Step [  58/151] -> Date: 2/2001, Target: 121.5, Prediction: 200.5239715576172
Step [  59/151] -> Date: 3/2001, Target: 165.8, Prediction: 208.24978637695312
Step [  60/151] -> Date: 4/2001, Target: 161.7, Prediction: 182.853759765625
Step [  61/151] -> Date: 5/2001, Target: 142.1, Prediction: 193.18804931640625
Step [  62/151] -> Date: 6/2001, Target: 202.9, Prediction: 188.12429809570312
Step [  63/151] -> Date: 7/2001, Target: 123.0, Prediction: 193.44581604003906
Step [  64/151] -> Date: 8/2001, Target: 161.5, Prediction: 185.88616943359375
Step [  65/151] -> Date: 9/2001, Target: 238.2, Prediction: 206.9446258544922
Step [  66/151] -> Date: 10/2001, Target: 194.1, Prediction: 159.9615936279297
Step [  67/151] -> Date: 11/2001, Target: 176.6, Prediction: 148.6490936279297
Step [  68/151] -> Date: 12/2001, Target: 213.4, Prediction: 135.03396606445312
Step [  69/151] -> Date: 1/2002, Target: 184.6, Prediction: 131.7914276123047
Step [  70/151] -> Date: 2/2002, Target: 170.2, Prediction: 134.0465087890625
Step [  71/151] -> Date: 3/2002, Target: 147.1, Prediction: 134.40679931640625
Step [  72/151] -> Date: 4/2002, Target: 186.9, Prediction: 147.9873046875
Step [  73/151] -> Date: 5/2002, Target: 187.5, Prediction: 142.60971069335938
Step [  74/151] -> Date: 6/2002, Target: 128.8, Prediction: 139.20851135253906
Step [  75/151] -> Date: 7/2002, Target: 161.0, Prediction: 136.12405395507812
Step [  76/151] -> Date: 8/2002, Target: 175.6, Prediction: 121.18250274658203
Step [  77/151] -> Date: 9/2002, Target: 187.9, Prediction: 140.28012084960938
Step [  78/151] -> Date: 10/2002, Target: 151.2, Prediction: 136.5641632080078
Step [  79/151] -> Date: 11/2002, Target: 147.2, Prediction: 122.98051452636719
Step [  80/151] -> Date: 12/2002, Target: 135.3, Prediction: 109.24822235107422
Step [  81/151] -> Date: 1/2003, Target: 133.5, Prediction: 104.47509002685547
Step [  82/151] -> Date: 2/2003, Target: 75.7, Prediction: 107.30453491210938
Step [  83/151] -> Date: 3/2003, Target: 100.7, Prediction: 105.7015151977539
Step [  84/151] -> Date: 4/2003, Target: 97.9, Prediction: 94.46620178222656
Step [  85/151] -> Date: 5/2003, Target: 86.8, Prediction: 79.54716491699219
Step [  86/151] -> Date: 6/2003, Target: 118.7, Prediction: 69.15550994873047
Step [  87/151] -> Date: 7/2003, Target: 128.3, Prediction: 78.06122589111328
Step [  88/151] -> Date: 8/2003, Target: 115.4, Prediction: 86.69979095458984
Step [  89/151] -> Date: 9/2003, Target: 78.5, Prediction: 84.87370300292969
Step [  90/151] -> Date: 10/2003, Target: 97.8, Prediction: 78.62159729003906
Step [  91/151] -> Date: 11/2003, Target: 82.9, Prediction: 71.81733703613281
Step [  92/151] -> Date: 12/2003, Target: 72.2, Prediction: 73.3878173828125
Step [  93/151] -> Date: 1/2004, Target: 60.6, Prediction: 69.21179962158203
Step [  94/151] -> Date: 2/2004, Target: 74.6, Prediction: 69.56739807128906
Step [  95/151] -> Date: 3/2004, Target: 74.8, Prediction: 58.29804229736328
Step [  96/151] -> Date: 4/2004, Target: 59.2, Prediction: 63.21842956542969
Step [  97/151] -> Date: 5/2004, Target: 72.8, Prediction: 53.368927001953125
Step [  98/151] -> Date: 6/2004, Target: 66.5, Prediction: 28.962589263916016
Step [  99/151] -> Date: 7/2004, Target: 83.8, Prediction: 30.37102508544922
Step [ 100/151] -> Date: 8/2004, Target: 69.7, Prediction: 30.309764862060547
Step [ 101/151] -> Date: 9/2004, Target: 48.8, Prediction: 37.644813537597656
Step [ 102/151] -> Date: 10/2004, Target: 74.2, Prediction: 38.04730987548828
Step [ 103/151] -> Date: 11/2004, Target: 70.1, Prediction: 27.834712982177734
Step [ 104/151] -> Date: 12/2004, Target: 28.9, Prediction: 31.960805892944336
Step [ 105/151] -> Date: 1/2005, Target: 48.1, Prediction: 25.54799461364746
Step [ 106/151] -> Date: 2/2005, Target: 43.5, Prediction: 21.526912689208984
Step [ 107/151] -> Date: 3/2005, Target: 39.6, Prediction: 21.31722640991211
Step [ 108/151] -> Date: 4/2005, Target: 38.7, Prediction: 22.956117630004883
Step [ 109/151] -> Date: 5/2005, Target: 61.9, Prediction: 14.889985084533691
Step [ 110/151] -> Date: 6/2005, Target: 56.8, Prediction: 7.524262428283691
Step [ 111/151] -> Date: 7/2005, Target: 62.4, Prediction: 7.593271732330322
Step [ 112/151] -> Date: 8/2005, Target: 60.5, Prediction: 7.566131114959717
Step [ 113/151] -> Date: 9/2005, Target: 37.2, Prediction: 7.458554267883301
Step [ 114/151] -> Date: 10/2005, Target: 13.2, Prediction: 7.42756462097168
Step [ 115/151] -> Date: 11/2005, Target: 27.5, Prediction: 7.2025017738342285
Step [ 116/151] -> Date: 12/2005, Target: 59.3, Prediction: 6.983161926269531
Step [ 117/151] -> Date: 1/2006, Target: 20.9, Prediction: 6.983597755432129
Step [ 118/151] -> Date: 2/2006, Target: 5.7, Prediction: 7.027833938598633
Step [ 119/151] -> Date: 3/2006, Target: 17.3, Prediction: 7.286318778991699
Step [ 120/151] -> Date: 4/2006, Target: 50.3, Prediction: 7.371767044067383
Step [ 121/151] -> Date: 5/2006, Target: 37.2, Prediction: 7.664695739746094
Step [ 122/151] -> Date: 6/2006, Target: 24.5, Prediction: 7.8824920654296875
Step [ 123/151] -> Date: 7/2006, Target: 22.2, Prediction: 7.790380477905273
Step [ 124/151] -> Date: 8/2006, Target: 20.8, Prediction: 7.719718933105469
Step [ 125/151] -> Date: 9/2006, Target: 23.7, Prediction: 7.7539801597595215
Step [ 126/151] -> Date: 10/2006, Target: 14.9, Prediction: 7.54982852935791
Step [ 127/151] -> Date: 11/2006, Target: 35.7, Prediction: 7.596279144287109
Step [ 128/151] -> Date: 12/2006, Target: 22.3, Prediction: 7.459334850311279
Step [ 129/151] -> Date: 1/2007, Target: 29.3, Prediction: 7.3373260498046875
Step [ 130/151] -> Date: 2/2007, Target: 18.4, Prediction: 7.244334697723389
Step [ 131/151] -> Date: 3/2007, Target: 7.2, Prediction: 8.782261848449707
Step [ 132/151] -> Date: 4/2007, Target: 5.4, Prediction: 22.266942977905273
Step [ 133/151] -> Date: 5/2007, Target: 19.5, Prediction: 27.196332931518555
Step [ 134/151] -> Date: 6/2007, Target: 21.3, Prediction: 34.19219207763672
Step [ 135/151] -> Date: 7/2007, Target: 15.1, Prediction: 31.4383544921875
Step [ 136/151] -> Date: 8/2007, Target: 9.8, Prediction: 30.83534049987793
Step [ 137/151] -> Date: 9/2007, Target: 4.0, Prediction: 33.6209716796875
Step [ 138/151] -> Date: 10/2007, Target: 1.5, Prediction: 53.661285400390625
Step [ 139/151] -> Date: 11/2007, Target: 2.8, Prediction: 45.672874450683594
Step [ 140/151] -> Date: 12/2007, Target: 17.3, Prediction: 54.58934020996094
Step [ 141/151] -> Date: 1/2008, Target: 4.1, Prediction: 56.004432678222656
Step [ 142/151] -> Date: 2/2008, Target: 2.9, Prediction: 58.94090270996094
Step [ 143/151] -> Date: 3/2008, Target: 15.5, Prediction: 74.8172836303711
Step [ 144/151] -> Date: 4/2008, Target: 3.6, Prediction: 75.12187957763672
Step [ 145/151] -> Date: 5/2008, Target: 4.6, Prediction: 80.81259155273438
Step [ 146/151] -> Date: 6/2008, Target: 5.2, Prediction: 91.712890625
Step [ 147/151] -> Date: 7/2008, Target: 0.6, Prediction: 94.44947814941406
Step [ 148/151] -> Date: 8/2008, Target: 0.3, Prediction: 82.70221710205078
Step [ 149/151] -> Date: 9/2008, Target: 1.2, Prediction: 89.02376556396484
Step [ 150/151] -> Date: 10/2008, Target: 4.2, Prediction: 93.875
Step [ 151/151] -> Date: 11/2008, Target: 6.6, Prediction: 88.7381362915039
----------------------------------------------------------------------------------------------------
Average Validation Loss: 35.74391294946734
----------------------------------------------------------------------------------------------------
Plotting data...
----------------------------------------------------------------------------------------------------
Plotting loss data...
----------------------------------------------------------------------------------------------------
Validation finished successfully.

        Saved prediction/loss graphs can be found in: /home/extern/Dropbox/Research/scripts/graphs/
----------------------------------------------------------------------------------------------------
Predicting SC 24 using the above trained model
Step [   1/151] -> Date: 12/2008, Prediction: 14.491899490356445
Step [   2/151] -> Date: 1/2009, Prediction: 14.211326599121094
Step [   3/151] -> Date: 2/2009, Prediction: 20.503137588500977
Step [   4/151] -> Date: 3/2009, Prediction: 18.26433563232422
Step [   5/151] -> Date: 4/2009, Prediction: 15.89584732055664
Step [   6/151] -> Date: 5/2009, Prediction: 22.74347496032715
Step [   7/151] -> Date: 6/2009, Prediction: 18.228689193725586
Step [   8/151] -> Date: 7/2009, Prediction: 16.71440887451172
Step [   9/151] -> Date: 8/2009, Prediction: 21.086793899536133
Step [  10/151] -> Date: 9/2009, Prediction: 18.11448097229004
Step [  11/151] -> Date: 10/2009, Prediction: 24.05286407470703
Step [  12/151] -> Date: 11/2009, Prediction: 22.050235748291016
Step [  13/151] -> Date: 12/2009, Prediction: 48.39410400390625
Step [  14/151] -> Date: 1/2010, Prediction: 43.29228210449219
Step [  15/151] -> Date: 2/2010, Prediction: 54.58910369873047
Step [  16/151] -> Date: 3/2010, Prediction: 69.05175018310547
Step [  17/151] -> Date: 4/2010, Prediction: 57.45014953613281
Step [  18/151] -> Date: 5/2010, Prediction: 65.75037384033203
Step [  19/151] -> Date: 6/2010, Prediction: 63.93806457519531
Step [  20/151] -> Date: 7/2010, Prediction: 63.661468505859375
Step [  21/151] -> Date: 8/2010, Prediction: 66.0709228515625
Step [  22/151] -> Date: 9/2010, Prediction: 85.13323974609375
Step [  23/151] -> Date: 10/2010, Prediction: 75.82713317871094
Step [  24/151] -> Date: 11/2010, Prediction: 83.43922424316406
Step [  25/151] -> Date: 12/2010, Prediction: 116.88257598876953
Step [  26/151] -> Date: 1/2011, Prediction: 119.49264526367188
Step [  27/151] -> Date: 2/2011, Prediction: 135.7451934814453
Step [  28/151] -> Date: 3/2011, Prediction: 137.0277557373047
Step [  29/151] -> Date: 4/2011, Prediction: 113.8321533203125
Step [  30/151] -> Date: 5/2011, Prediction: 126.0368423461914
Step [  31/151] -> Date: 6/2011, Prediction: 129.71495056152344
Step [  32/151] -> Date: 7/2011, Prediction: 118.2940902709961
Step [  33/151] -> Date: 8/2011, Prediction: 124.23947143554688
Step [  34/151] -> Date: 9/2011, Prediction: 128.11276245117188
Step [  35/151] -> Date: 10/2011, Prediction: 121.65815734863281
Step [  36/151] -> Date: 11/2011, Prediction: 142.86196899414062
Step [  37/151] -> Date: 12/2011, Prediction: 191.89715576171875
Step [  38/151] -> Date: 1/2012, Prediction: 178.40484619140625
Step [  39/151] -> Date: 2/2012, Prediction: 170.20352172851562
Step [  40/151] -> Date: 3/2012, Prediction: 157.42266845703125
Step [  41/151] -> Date: 4/2012, Prediction: 186.56187438964844
Step [  42/151] -> Date: 5/2012, Prediction: 192.0880889892578
Step [  43/151] -> Date: 6/2012, Prediction: 156.85142517089844
Step [  44/151] -> Date: 7/2012, Prediction: 163.9740447998047
Step [  45/151] -> Date: 8/2012, Prediction: 176.73410034179688
Step [  46/151] -> Date: 9/2012, Prediction: 187.6569366455078
Step [  47/151] -> Date: 10/2012, Prediction: 187.9989471435547
Step [  48/151] -> Date: 11/2012, Prediction: 181.6934051513672
Step [  49/151] -> Date: 12/2012, Prediction: 190.86740112304688
Step [  50/151] -> Date: 1/2013, Prediction: 217.74412536621094
Step [  51/151] -> Date: 2/2013, Prediction: 193.42286682128906
Step [  52/151] -> Date: 3/2013, Prediction: 187.6283721923828
Step [  53/151] -> Date: 4/2013, Prediction: 177.59027099609375
Step [  54/151] -> Date: 5/2013, Prediction: 178.34095764160156
Step [  55/151] -> Date: 6/2013, Prediction: 159.71701049804688
Step [  56/151] -> Date: 7/2013, Prediction: 156.80421447753906
Step [  57/151] -> Date: 8/2013, Prediction: 146.1680450439453
Step [  58/151] -> Date: 9/2013, Prediction: 172.29139709472656
Step [  59/151] -> Date: 10/2013, Prediction: 176.63983154296875
Step [  60/151] -> Date: 11/2013, Prediction: 165.65509033203125
Step [  61/151] -> Date: 12/2013, Prediction: 178.5472869873047
Step [  62/151] -> Date: 1/2014, Prediction: 156.052490234375
Step [  63/151] -> Date: 2/2014, Prediction: 171.11802673339844
Step [  64/151] -> Date: 3/2014, Prediction: 197.18275451660156
Step [  65/151] -> Date: 4/2014, Prediction: 184.0992889404297
Step [  66/151] -> Date: 5/2014, Prediction: 168.38336181640625
Step [  67/151] -> Date: 6/2014, Prediction: 172.37423706054688
Step [  68/151] -> Date: 7/2014, Prediction: 157.03887939453125
Step [  69/151] -> Date: 8/2014, Prediction: 152.83392333984375
Step [  70/151] -> Date: 9/2014, Prediction: 146.58677673339844
Step [  71/151] -> Date: 10/2014, Prediction: 167.4940948486328
Step [  72/151] -> Date: 11/2014, Prediction: 169.14210510253906
Step [  73/151] -> Date: 12/2014, Prediction: 131.84100341796875
Step [  74/151] -> Date: 1/2015, Prediction: 150.01210021972656
Step [  75/151] -> Date: 2/2015, Prediction: 158.2756805419922
Step [  76/151] -> Date: 3/2015, Prediction: 163.3718719482422
Step [  77/151] -> Date: 4/2015, Prediction: 158.42868041992188
Step [  78/151] -> Date: 5/2015, Prediction: 146.0574493408203
Step [  79/151] -> Date: 6/2015, Prediction: 133.59950256347656
Step [  80/151] -> Date: 7/2015, Prediction: 129.0131072998047
Step [  81/151] -> Date: 8/2015, Prediction: 112.67613983154297
Step [  82/151] -> Date: 9/2015, Prediction: 124.96240234375
Step [  83/151] -> Date: 10/2015, Prediction: 127.75822448730469
Step [  84/151] -> Date: 11/2015, Prediction: 132.42477416992188
Step [  85/151] -> Date: 12/2015, Prediction: 112.01541900634766
Step [  86/151] -> Date: 1/2016, Prediction: 110.5023422241211
Step [  87/151] -> Date: 2/2016, Prediction: 107.23725891113281
Step [  88/151] -> Date: 3/2016, Prediction: 86.57350158691406
Step [  89/151] -> Date: 4/2016, Prediction: 110.70471954345703
Step [  90/151] -> Date: 5/2016, Prediction: 99.46001434326172
Step [  91/151] -> Date: 6/2016, Prediction: 85.61742401123047
Step [  92/151] -> Date: 7/2016, Prediction: 86.05535888671875
Step [  93/151] -> Date: 8/2016, Prediction: 83.05144500732422
Step [  94/151] -> Date: 9/2016, Prediction: 83.73959350585938
Step [  95/151] -> Date: 10/2016, Prediction: 72.5287094116211
Step [  96/151] -> Date: 11/2016, Prediction: 75.6917495727539
Step [  97/151] -> Date: 12/2016, Prediction: 41.195289611816406
Step [  98/151] -> Date: 1/2017, Prediction: 58.149696350097656
Step [  99/151] -> Date: 2/2017, Prediction: 42.10753631591797
Step [ 100/151] -> Date: 3/2017, Prediction: 32.38481903076172
Step [ 101/151] -> Date: 4/2017, Prediction: 45.018157958984375
Step [ 102/151] -> Date: 5/2017, Prediction: 57.745018005371094
Step [ 103/151] -> Date: 6/2017, Prediction: 30.142377853393555
Step [ 104/151] -> Date: 7/2017, Prediction: 50.658836364746094
Step [ 105/151] -> Date: 8/2017, Prediction: 36.83990478515625
Step [ 106/151] -> Date: 9/2017, Prediction: 34.68255615234375
Step [ 107/151] -> Date: 10/2017, Prediction: 32.010581970214844
Step [ 108/151] -> Date: 11/2017, Prediction: 48.373680114746094
Step [ 109/151] -> Date: 12/2017, Prediction: 21.153268814086914
Step [ 110/151] -> Date: 1/2018, Prediction: 26.15288543701172
Step [ 111/151] -> Date: 2/2018, Prediction: 25.115440368652344
Step [ 112/151] -> Date: 3/2018, Prediction: 19.94791030883789
Step [ 113/151] -> Date: 4/2018, Prediction: 7.411394119262695
Step [ 114/151] -> Date: 5/2018, Prediction: 7.488256931304932
Step [ 115/151] -> Date: 6/2018, Prediction: 22.088985443115234
Step [ 116/151] -> Date: 7/2018, Prediction: 7.124858856201172
Step [ 117/151] -> Date: 8/2018, Prediction: 6.911649703979492
Step [ 118/151] -> Date: 9/2018, Prediction: 7.1134138107299805
Step [ 119/151] -> Date: 10/2018, Prediction: 19.05121421813965
Step [ 120/151] -> Date: 11/2018, Prediction: 8.816585540771484
Step [ 121/151] -> Date: 12/2018, Prediction: 7.760979652404785
Step [ 122/151] -> Date: 1/2019, Prediction: 7.773565292358398
Step [ 123/151] -> Date: 2/2019, Prediction: 7.910561561584473
Step [ 124/151] -> Date: 3/2019, Prediction: 7.867372989654541
Step [ 125/151] -> Date: 4/2019, Prediction: 7.708135604858398
Step [ 126/151] -> Date: 5/2019, Prediction: 10.209149360656738
Step [ 127/151] -> Date: 6/2019, Prediction: 10.166319847106934
Step [ 128/151] -> Date: 7/2019, Prediction: 10.246273040771484
Step [ 129/151] -> Date: 8/2019, Prediction: 7.328542232513428
Step [ 130/151] -> Date: 9/2019, Prediction: 7.262331008911133
Step [ 131/151] -> Date: 10/2019, Prediction: 7.3583903312683105
Step [ 132/151] -> Date: 11/2019, Prediction: 7.579529285430908
Step [ 133/151] -> Date: 12/2019, Prediction: 17.783004760742188
Step [ 134/151] -> Date: 1/2020, Prediction: 14.932384490966797
Step [ 135/151] -> Date: 2/2020, Prediction: 12.226415634155273
Step [ 136/151] -> Date: 3/2020, Prediction: 12.382722854614258
Step [ 137/151] -> Date: 4/2020, Prediction: 9.511343002319336
Step [ 138/151] -> Date: 5/2020, Prediction: 11.021976470947266
Step [ 139/151] -> Date: 6/2020, Prediction: 17.52034568786621
Step [ 140/151] -> Date: 7/2020, Prediction: 14.60789966583252
Step [ 141/151] -> Date: 8/2020, Prediction: 18.359336853027344
Step [ 142/151] -> Date: 9/2020, Prediction: 22.99370574951172
Step [ 143/151] -> Date: 10/2020, Prediction: 14.523489952087402
Step [ 144/151] -> Date: 11/2020, Prediction: 11.50375747680664
Step [ 145/151] -> Date: 12/2020, Prediction: 41.811065673828125
Step [ 146/151] -> Date: 1/2021, Prediction: 36.90617752075195
Step [ 147/151] -> Date: 2/2021, Prediction: 35.56861877441406
Step [ 148/151] -> Date: 3/2021, Prediction: 37.12199401855469
Step [ 149/151] -> Date: 4/2021, Prediction: 40.601226806640625
Step [ 150/151] -> Date: 5/2021, Prediction: 39.922935485839844
Step [ 151/151] -> Date: 6/2021, Prediction: 38.47106170654297
----------------------------------------------------------------------------------------------------
Plotting data...
----------------------------------------------------------------------------------------------------
All newly generated files moved to saved outputs and shared with the cloud(Dropbox) successfully!
