----------------------------------------------------------------------------------------------------
Usage: python3 SSN_predictor.py <path_to_ssn_datafile> <path_to_aa_datafile>
----------------------------------------------------------------------------------------------------
Code running on device: cuda
----------------------------------------------------------------------------------------------------
Data loaded from file locations :
    SSN - /home/extern/Dropbox/Research/scripts/data/SILSO/TSN/SN_m_tot_V2.0.txt
    AA - /home/extern/Dropbox/Research/scripts/data/ISGI/aa_1869-01-01_2018-12-31_D.dat
----------------------------------------------------------------------------------------------------
Solar cycle data loaded/saved as: cycle_data.pickle
----------------------------------------------------------------------------------------------------
SC Number     Start Date       End Date      Solar Max   Length(in months)
         0      [1749, 1]      [1755, 1]         154.27                  73
         1      [1755, 2]      [1766, 5]         144.12                 136
         2      [1766, 6]      [1775, 5]         192.98                 108
         3      [1775, 6]      [1784, 8]         264.25                 111
         4      [1784, 9]      [1798, 3]         235.28                 163
         5      [1798, 4]     [1810, 11]          67.93                 152
         6     [1810, 12]      [1823, 4]          81.99                 149
         7      [1823, 5]     [1833, 10]          81.16                 126
         8     [1833, 11]      [1843, 6]         119.24                 116
         9      [1843, 7]     [1855, 11]         244.87                 149
        10     [1855, 12]      [1867, 2]         219.94                 135
        11      [1867, 3]     [1878, 11]         186.15                 141
        12     [1878, 12]      [1890, 2]         234.02                 135
        13      [1890, 3]      [1902, 0]         124.41                 142
        14      [1902, 1]      [1913, 6]         146.55                 138
        15      [1913, 7]      [1923, 7]         107.08                 121
        16      [1923, 8]      [1933, 8]         175.67                 121
        17      [1933, 9]      [1944, 1]         130.23                 125
        18      [1944, 2]      [1954, 3]         198.64                 122
        19      [1954, 4]      [1964, 9]         218.73                 126
        20     [1964, 10]      [1976, 2]          285.0                 137
        21      [1976, 3]      [1986, 8]         156.63                 126
        22      [1986, 9]      [1996, 4]         232.92                 116
        23      [1996, 5]     [2008, 11]         212.48                 151
        24     [2008, 12]     [2019, 11]         180.28                 132
----------------------------------------------------------------------------------------------------
Selected model: FFNN(
  (model): Sequential(
    (0): Linear(in_features=6, out_features=6, bias=True)
    (1): LeakyReLU(negative_slope=0.01, inplace=True)
    (2): Linear(in_features=6, out_features=3, bias=True)
    (3): LeakyReLU(negative_slope=0.01, inplace=True)
    (4): Linear(in_features=3, out_features=1, bias=True)
  )
)    Training mode: True    Prediction mode: True
----------------------------------------------------------------------------------------------------
Selected optimizer: Adam (
Parameter Group 0
    amsgrad: False
    betas: (0.9, 0.999)
    eps: 1e-08
    lr: 0.0005
    weight_decay: 0
)
----------------------------------------------------------------------------------------------------
Selected scheduler: ReduceLROnPlateau(
    {'factor': 0.9, 'min_lrs': [0], 'patience': 10, 'verbose': True, 'cooldown': 0, 'cooldown_counter': 0, 'mode': 'min', 'threshold': 0.0001, 'threshold_mode': 'rel', 'best': inf, 'num_bad_epochs': 0, 'mode_worse': inf, 'eps': 1e-08, 'last_epoch': 0})
----------------------------------------------------------------------------------------------------
No pre-trained models available, initializing model weights
----------------------------------------------------------------------------------------------------
Training model with solar cycle 12 to 22 data with: num_epochs=1000
Epoch [   5/1000] -> Loss: 34.1510
Epoch [  10/1000] -> Loss: 33.6696
Epoch [  15/1000] -> Loss: 33.4822
Epoch [  20/1000] -> Loss: 33.2776
Epoch [  25/1000] -> Loss: 33.0884
Epoch [  30/1000] -> Loss: 32.9562
Epoch [  35/1000] -> Loss: 32.7512
Epoch [  40/1000] -> Loss: 32.5019
Epoch [  45/1000] -> Loss: 32.3357
Epoch [  50/1000] -> Loss: 32.1224
Epoch [  55/1000] -> Loss: 31.9518
Epoch [  60/1000] -> Loss: 31.5534
Epoch [  65/1000] -> Loss: 31.3199
Epoch [  70/1000] -> Loss: 31.1089
Epoch [  75/1000] -> Loss: 30.7831
Epoch [  80/1000] -> Loss: 30.4741
Epoch [  85/1000] -> Loss: 30.2024
Epoch [  90/1000] -> Loss: 29.8553
Epoch [  95/1000] -> Loss: 29.5939
----------------------------------------------------------------------------------------------------
Model checkpoint saved as _FFNN_100.pth
----------------------------------------------------------------------------------------------------
Epoch [ 100/1000] -> Loss: 29.3110
Epoch [ 105/1000] -> Loss: 29.2488
Epoch [ 110/1000] -> Loss: 29.0258
Epoch [ 115/1000] -> Loss: 28.9388
Epoch [ 120/1000] -> Loss: 28.7950
Epoch [ 125/1000] -> Loss: 28.6955
Epoch [ 130/1000] -> Loss: 28.5206
Epoch [ 135/1000] -> Loss: 28.5766
Epoch [ 140/1000] -> Loss: 28.5252
Epoch [ 145/1000] -> Loss: 28.4517
Epoch [ 150/1000] -> Loss: 28.3778
Epoch [ 155/1000] -> Loss: 28.2851
Epoch [ 160/1000] -> Loss: 28.3211
Epoch [ 165/1000] -> Loss: 28.3388
Epoch   166: reducing learning rate of group 0 to 4.5000e-04.
Epoch [ 170/1000] -> Loss: 28.2608
Epoch [ 175/1000] -> Loss: 28.1986
Epoch   178: reducing learning rate of group 0 to 4.0500e-04.
Epoch [ 180/1000] -> Loss: 28.2095
Epoch [ 185/1000] -> Loss: 28.1212
Epoch [ 190/1000] -> Loss: 28.0321
Epoch [ 195/1000] -> Loss: 28.2071
----------------------------------------------------------------------------------------------------
Model checkpoint saved as _FFNN_200.pth
----------------------------------------------------------------------------------------------------
Epoch [ 200/1000] -> Loss: 28.1691
Epoch   201: reducing learning rate of group 0 to 3.6450e-04.
Epoch [ 205/1000] -> Loss: 28.0995
Epoch [ 210/1000] -> Loss: 28.0716
Epoch   214: reducing learning rate of group 0 to 3.2805e-04.
Epoch [ 215/1000] -> Loss: 28.0798
Epoch [ 220/1000] -> Loss: 28.0153
Epoch [ 225/1000] -> Loss: 28.0917
Epoch [ 230/1000] -> Loss: 27.9868
Epoch [ 235/1000] -> Loss: 28.0245
Epoch [ 240/1000] -> Loss: 28.0220
Epoch   243: reducing learning rate of group 0 to 2.9525e-04.
Epoch [ 245/1000] -> Loss: 27.9545
Epoch [ 250/1000] -> Loss: 27.9696
Epoch   254: reducing learning rate of group 0 to 2.6572e-04.
Epoch [ 255/1000] -> Loss: 27.9175
Epoch [ 260/1000] -> Loss: 27.9381
Epoch   265: reducing learning rate of group 0 to 2.3915e-04.
Epoch [ 265/1000] -> Loss: 27.9167
Epoch [ 270/1000] -> Loss: 27.9323
Epoch [ 275/1000] -> Loss: 27.8092
Epoch   276: reducing learning rate of group 0 to 2.1523e-04.
Epoch [ 280/1000] -> Loss: 27.8832
Epoch [ 285/1000] -> Loss: 27.8608
Epoch [ 290/1000] -> Loss: 27.8440
Epoch [ 295/1000] -> Loss: 27.8686
Epoch   297: reducing learning rate of group 0 to 1.9371e-04.
----------------------------------------------------------------------------------------------------
Model checkpoint saved as _FFNN_300.pth
----------------------------------------------------------------------------------------------------
Epoch [ 300/1000] -> Loss: 27.8003
Epoch [ 305/1000] -> Loss: 27.7694
Epoch [ 310/1000] -> Loss: 27.7572
Epoch [ 315/1000] -> Loss: 27.7481
Epoch [ 320/1000] -> Loss: 27.7148
Epoch [ 325/1000] -> Loss: 27.6801
Epoch [ 330/1000] -> Loss: 27.7042
Epoch   332: reducing learning rate of group 0 to 1.7434e-04.
Epoch [ 335/1000] -> Loss: 27.6949
Epoch [ 340/1000] -> Loss: 27.6751
Epoch   343: reducing learning rate of group 0 to 1.5691e-04.
Epoch [ 345/1000] -> Loss: 27.5510
Epoch [ 350/1000] -> Loss: 27.6958
Epoch   354: reducing learning rate of group 0 to 1.4121e-04.
Epoch [ 355/1000] -> Loss: 27.6197
Epoch [ 360/1000] -> Loss: 27.6561
Epoch   365: reducing learning rate of group 0 to 1.2709e-04.
Epoch [ 365/1000] -> Loss: 27.6661
Epoch [ 370/1000] -> Loss: 27.6445
Epoch [ 375/1000] -> Loss: 27.6415
Epoch   376: reducing learning rate of group 0 to 1.1438e-04.
Epoch [ 380/1000] -> Loss: 27.6246
Epoch [ 385/1000] -> Loss: 27.6659
Epoch   387: reducing learning rate of group 0 to 1.0295e-04.
Epoch [ 390/1000] -> Loss: 27.6205
Epoch [ 395/1000] -> Loss: 27.6140
Epoch   398: reducing learning rate of group 0 to 9.2651e-05.
----------------------------------------------------------------------------------------------------
Model checkpoint saved as _FFNN_400.pth
----------------------------------------------------------------------------------------------------
Epoch [ 400/1000] -> Loss: 27.6116
Epoch [ 405/1000] -> Loss: 27.6067
Epoch   409: reducing learning rate of group 0 to 8.3386e-05.
Epoch [ 410/1000] -> Loss: 27.5766
Epoch [ 415/1000] -> Loss: 27.5961
Epoch   420: reducing learning rate of group 0 to 7.5047e-05.
Epoch [ 420/1000] -> Loss: 27.6016
Epoch [ 425/1000] -> Loss: 27.5758
Epoch [ 430/1000] -> Loss: 27.5851
Epoch   431: reducing learning rate of group 0 to 6.7543e-05.
Epoch [ 435/1000] -> Loss: 27.5762
Epoch [ 440/1000] -> Loss: 27.5771
Epoch   442: reducing learning rate of group 0 to 6.0788e-05.
Epoch [ 445/1000] -> Loss: 27.5627
Epoch [ 450/1000] -> Loss: 27.5667
Epoch [ 455/1000] -> Loss: 27.5617
Epoch [ 460/1000] -> Loss: 27.5465
Epoch   462: reducing learning rate of group 0 to 5.4709e-05.
Epoch [ 465/1000] -> Loss: 27.5563
Epoch [ 470/1000] -> Loss: 27.5547
Epoch   473: reducing learning rate of group 0 to 4.9239e-05.
Epoch [ 475/1000] -> Loss: 27.5486
Epoch [ 480/1000] -> Loss: 27.5382
Epoch   485: reducing learning rate of group 0 to 4.4315e-05.
Epoch [ 485/1000] -> Loss: 27.5410
Epoch [ 490/1000] -> Loss: 27.5260
Epoch [ 495/1000] -> Loss: 27.5323
Epoch   496: reducing learning rate of group 0 to 3.9883e-05.
----------------------------------------------------------------------------------------------------
Model checkpoint saved as _FFNN_500.pth
----------------------------------------------------------------------------------------------------
Epoch [ 500/1000] -> Loss: 27.5208
Epoch [ 505/1000] -> Loss: 27.5233
Epoch   507: reducing learning rate of group 0 to 3.5895e-05.
Epoch [ 510/1000] -> Loss: 27.5246
Epoch [ 515/1000] -> Loss: 27.5213
Epoch [ 520/1000] -> Loss: 27.5149
Epoch   525: reducing learning rate of group 0 to 3.2305e-05.
Epoch [ 525/1000] -> Loss: 27.5167
Epoch [ 530/1000] -> Loss: 27.5122
Epoch [ 535/1000] -> Loss: 27.5127
Epoch   536: reducing learning rate of group 0 to 2.9075e-05.
Epoch [ 540/1000] -> Loss: 27.5083
Epoch [ 545/1000] -> Loss: 27.5129
Epoch [ 550/1000] -> Loss: 27.5082
Epoch   552: reducing learning rate of group 0 to 2.6167e-05.
Epoch [ 555/1000] -> Loss: 27.5050
Epoch [ 560/1000] -> Loss: 27.5083
Epoch [ 565/1000] -> Loss: 27.4988
Epoch   567: reducing learning rate of group 0 to 2.3551e-05.
Epoch [ 570/1000] -> Loss: 27.4958
Epoch [ 575/1000] -> Loss: 27.5060
Epoch   578: reducing learning rate of group 0 to 2.1196e-05.
Epoch [ 580/1000] -> Loss: 27.5001
Epoch [ 585/1000] -> Loss: 27.4971
Epoch [ 590/1000] -> Loss: 27.4998
Epoch [ 595/1000] -> Loss: 27.4986
Epoch   598: reducing learning rate of group 0 to 1.9076e-05.
----------------------------------------------------------------------------------------------------
Model checkpoint saved as _FFNN_600.pth
----------------------------------------------------------------------------------------------------
Epoch [ 600/1000] -> Loss: 27.4961
Epoch [ 605/1000] -> Loss: 27.4931
Epoch   609: reducing learning rate of group 0 to 1.7168e-05.
Epoch [ 610/1000] -> Loss: 27.4915
Epoch [ 615/1000] -> Loss: 27.4934
Epoch [ 620/1000] -> Loss: 27.4893
Epoch [ 625/1000] -> Loss: 27.4903
Epoch   627: reducing learning rate of group 0 to 1.5452e-05.
Epoch [ 630/1000] -> Loss: 27.4874
Epoch [ 635/1000] -> Loss: 27.4878
Epoch [ 640/1000] -> Loss: 27.4882
Epoch   641: reducing learning rate of group 0 to 1.3906e-05.
Epoch [ 645/1000] -> Loss: 27.4874
Epoch [ 650/1000] -> Loss: 27.4847
Epoch   653: reducing learning rate of group 0 to 1.2516e-05.
Epoch [ 655/1000] -> Loss: 27.4860
Epoch [ 660/1000] -> Loss: 27.4836
Epoch   664: reducing learning rate of group 0 to 1.1264e-05.
Epoch [ 665/1000] -> Loss: 27.4823
Epoch [ 670/1000] -> Loss: 27.4840
Epoch   675: reducing learning rate of group 0 to 1.0138e-05.
Epoch [ 675/1000] -> Loss: 27.4831
Epoch [ 680/1000] -> Loss: 27.4834
Epoch [ 685/1000] -> Loss: 27.4814
Epoch   688: reducing learning rate of group 0 to 9.1240e-06.
Epoch [ 690/1000] -> Loss: 27.4796
Epoch [ 695/1000] -> Loss: 27.4807
Epoch   699: reducing learning rate of group 0 to 8.2116e-06.
----------------------------------------------------------------------------------------------------
Model checkpoint saved as _FFNN_700.pth
----------------------------------------------------------------------------------------------------
Epoch [ 700/1000] -> Loss: 27.4789
Epoch [ 705/1000] -> Loss: 27.4807
Epoch   710: reducing learning rate of group 0 to 7.3904e-06.
Epoch [ 710/1000] -> Loss: 27.4793
Epoch [ 715/1000] -> Loss: 27.4758
Epoch [ 720/1000] -> Loss: 27.4768
Epoch   722: reducing learning rate of group 0 to 6.6514e-06.
Epoch [ 725/1000] -> Loss: 27.4763
Epoch [ 730/1000] -> Loss: 27.4770
Epoch   733: reducing learning rate of group 0 to 5.9863e-06.
Epoch [ 735/1000] -> Loss: 27.4760
Epoch [ 740/1000] -> Loss: 27.4759
Epoch   744: reducing learning rate of group 0 to 5.3876e-06.
Epoch [ 745/1000] -> Loss: 27.4751
Epoch [ 750/1000] -> Loss: 27.4754
Epoch   755: reducing learning rate of group 0 to 4.8489e-06.
Epoch [ 755/1000] -> Loss: 27.4752
Epoch [ 760/1000] -> Loss: 27.4745
Epoch [ 765/1000] -> Loss: 27.4745
Epoch   766: reducing learning rate of group 0 to 4.3640e-06.
Epoch [ 770/1000] -> Loss: 27.4745
Epoch [ 775/1000] -> Loss: 27.4737
Epoch   779: reducing learning rate of group 0 to 3.9276e-06.
Epoch [ 780/1000] -> Loss: 27.4737
Epoch [ 785/1000] -> Loss: 27.4731
Epoch   790: reducing learning rate of group 0 to 3.5348e-06.
Epoch [ 790/1000] -> Loss: 27.4733
Epoch [ 795/1000] -> Loss: 27.4728
----------------------------------------------------------------------------------------------------
Model checkpoint saved as _FFNN_800.pth
----------------------------------------------------------------------------------------------------
Epoch [ 800/1000] -> Loss: 27.4724
Epoch   801: reducing learning rate of group 0 to 3.1813e-06.
Epoch [ 805/1000] -> Loss: 27.4724
Epoch [ 810/1000] -> Loss: 27.4718
Epoch   812: reducing learning rate of group 0 to 2.8632e-06.
Epoch [ 815/1000] -> Loss: 27.4723
Epoch [ 820/1000] -> Loss: 27.4717
Epoch   823: reducing learning rate of group 0 to 2.5769e-06.
Epoch [ 825/1000] -> Loss: 27.4717
Epoch [ 830/1000] -> Loss: 27.4714
Epoch   834: reducing learning rate of group 0 to 2.3192e-06.
Epoch [ 835/1000] -> Loss: 27.4710
Epoch [ 840/1000] -> Loss: 27.4710
Epoch   845: reducing learning rate of group 0 to 2.0873e-06.
Epoch [ 845/1000] -> Loss: 27.4714
Epoch [ 850/1000] -> Loss: 27.4709
Epoch [ 855/1000] -> Loss: 27.4707
Epoch [ 860/1000] -> Loss: 27.4707
Epoch   865: reducing learning rate of group 0 to 1.8786e-06.
Epoch [ 865/1000] -> Loss: 27.4707
Epoch [ 870/1000] -> Loss: 27.4704
Epoch [ 875/1000] -> Loss: 27.4710
Epoch   876: reducing learning rate of group 0 to 1.6907e-06.
Epoch [ 880/1000] -> Loss: 27.4702
Epoch [ 885/1000] -> Loss: 27.4703
Epoch   887: reducing learning rate of group 0 to 1.5216e-06.
Epoch [ 890/1000] -> Loss: 27.4702
Epoch [ 895/1000] -> Loss: 27.4701
Epoch   898: reducing learning rate of group 0 to 1.3695e-06.
----------------------------------------------------------------------------------------------------
Model checkpoint saved as _FFNN_900.pth
----------------------------------------------------------------------------------------------------
Epoch [ 900/1000] -> Loss: 27.4703
Epoch [ 905/1000] -> Loss: 27.4699
Epoch   909: reducing learning rate of group 0 to 1.2325e-06.
Epoch [ 910/1000] -> Loss: 27.4699
Epoch [ 915/1000] -> Loss: 27.4699
Epoch   920: reducing learning rate of group 0 to 1.1093e-06.
Epoch [ 920/1000] -> Loss: 27.4697
Epoch [ 925/1000] -> Loss: 27.4696
Epoch [ 930/1000] -> Loss: 27.4696
Epoch   931: reducing learning rate of group 0 to 9.9834e-07.
Epoch [ 935/1000] -> Loss: 27.4693
Epoch [ 940/1000] -> Loss: 27.4694
Epoch   942: reducing learning rate of group 0 to 8.9851e-07.
Epoch [ 945/1000] -> Loss: 27.4693
Epoch [ 950/1000] -> Loss: 27.4692
Epoch   953: reducing learning rate of group 0 to 8.0865e-07.
Epoch [ 955/1000] -> Loss: 27.4692
Epoch [ 960/1000] -> Loss: 27.4692
Epoch   964: reducing learning rate of group 0 to 7.2779e-07.
Epoch [ 965/1000] -> Loss: 27.4690
Epoch [ 970/1000] -> Loss: 27.4690
Epoch   975: reducing learning rate of group 0 to 6.5501e-07.
Epoch [ 975/1000] -> Loss: 27.4690
Epoch [ 980/1000] -> Loss: 27.4690
Epoch [ 985/1000] -> Loss: 27.4689
Epoch   986: reducing learning rate of group 0 to 5.8951e-07.
Epoch [ 990/1000] -> Loss: 27.4689
Epoch [ 995/1000] -> Loss: 27.4689
Epoch   997: reducing learning rate of group 0 to 5.3056e-07.
----------------------------------------------------------------------------------------------------
Model checkpoint saved as _FFNN_1000.pth
----------------------------------------------------------------------------------------------------
Epoch [1000/1000] -> Loss: 27.4689
----------------------------------------------------------------------------------------------------
Plotting loss data...
----------------------------------------------------------------------------------------------------
Training finished successfully.
        Saved model checkpoints can be found in: /home/extern/Dropbox/Research/scripts/models/
        Saved data/loss graphs can be found in: /home/extern/Dropbox/Research/scripts/graphs/
----------------------------------------------------------------------------------------------------
Validating model for solar cycle 23 data
Step [   1/151] -> Date: 5/1996, Target: 7.6, Prediction: 22.877819061279297
Step [   2/151] -> Date: 6/1996, Target: 16.5, Prediction: 21.140575408935547
Step [   3/151] -> Date: 7/1996, Target: 11.8, Prediction: 14.831157684326172
Step [   4/151] -> Date: 8/1996, Target: 19.7, Prediction: 15.495776176452637
Step [   5/151] -> Date: 9/1996, Target: 3.0, Prediction: 10.088629722595215
Step [   6/151] -> Date: 10/1996, Target: 0.7, Prediction: 17.40340805053711
Step [   7/151] -> Date: 11/1996, Target: 24.9, Prediction: 15.998727798461914
Step [   8/151] -> Date: 12/1996, Target: 14.0, Prediction: 20.456510543823242
Step [   9/151] -> Date: 1/1997, Target: 7.4, Prediction: 15.956521034240723
Step [  10/151] -> Date: 2/1997, Target: 11.0, Prediction: 21.944873809814453
Step [  11/151] -> Date: 3/1997, Target: 12.1, Prediction: 25.667339324951172
Step [  12/151] -> Date: 4/1997, Target: 23.0, Prediction: 27.28829574584961
Step [  13/151] -> Date: 5/1997, Target: 25.4, Prediction: 51.054508209228516
Step [  14/151] -> Date: 6/1997, Target: 20.8, Prediction: 47.875038146972656
Step [  15/151] -> Date: 7/1997, Target: 12.9, Prediction: 41.13175582885742
Step [  16/151] -> Date: 8/1997, Target: 35.7, Prediction: 56.001495361328125
Step [  17/151] -> Date: 9/1997, Target: 59.7, Prediction: 46.57583236694336
Step [  18/151] -> Date: 10/1997, Target: 32.8, Prediction: 65.41583251953125
Step [  19/151] -> Date: 11/1997, Target: 50.4, Prediction: 70.34174346923828
Step [  20/151] -> Date: 12/1997, Target: 55.5, Prediction: 61.334251403808594
Step [  21/151] -> Date: 1/1998, Target: 44.5, Prediction: 71.59260559082031
Step [  22/151] -> Date: 2/1998, Target: 50.2, Prediction: 72.14710998535156
Step [  23/151] -> Date: 3/1998, Target: 82.0, Prediction: 72.01006317138672
Step [  24/151] -> Date: 4/1998, Target: 70.6, Prediction: 70.79912567138672
Step [  25/151] -> Date: 5/1998, Target: 74.0, Prediction: 126.73636627197266
Step [  26/151] -> Date: 6/1998, Target: 90.5, Prediction: 125.24512481689453
Step [  27/151] -> Date: 7/1998, Target: 96.7, Prediction: 136.86099243164062
Step [  28/151] -> Date: 8/1998, Target: 121.1, Prediction: 139.7752685546875
Step [  29/151] -> Date: 9/1998, Target: 132.0, Prediction: 136.9219207763672
Step [  30/151] -> Date: 10/1998, Target: 78.5, Prediction: 129.42332458496094
Step [  31/151] -> Date: 11/1998, Target: 97.3, Prediction: 138.34378051757812
Step [  32/151] -> Date: 12/1998, Target: 119.2, Prediction: 139.82273864746094
Step [  33/151] -> Date: 1/1999, Target: 86.0, Prediction: 152.7672119140625
Step [  34/151] -> Date: 2/1999, Target: 98.0, Prediction: 130.7451934814453
Step [  35/151] -> Date: 3/1999, Target: 103.5, Prediction: 145.09812927246094
Step [  36/151] -> Date: 4/1999, Target: 93.6, Prediction: 140.97962951660156
Step [  37/151] -> Date: 5/1999, Target: 149.6, Prediction: 179.01055908203125
Step [  38/151] -> Date: 6/1999, Target: 207.2, Prediction: 183.2570037841797
Step [  39/151] -> Date: 7/1999, Target: 173.5, Prediction: 176.77120971679688
Step [  40/151] -> Date: 8/1999, Target: 142.3, Prediction: 177.21409606933594
Step [  41/151] -> Date: 9/1999, Target: 106.3, Prediction: 168.53016662597656
Step [  42/151] -> Date: 10/1999, Target: 168.7, Prediction: 179.12088012695312
Step [  43/151] -> Date: 11/1999, Target: 188.3, Prediction: 177.6446533203125
Step [  44/151] -> Date: 12/1999, Target: 116.8, Prediction: 175.6564483642578
Step [  45/151] -> Date: 1/2000, Target: 133.1, Prediction: 168.05555725097656
Step [  46/151] -> Date: 2/2000, Target: 165.7, Prediction: 175.96092224121094
Step [  47/151] -> Date: 3/2000, Target: 217.7, Prediction: 187.09869384765625
Step [  48/151] -> Date: 4/2000, Target: 191.5, Prediction: 171.10791015625
Step [  49/151] -> Date: 5/2000, Target: 165.9, Prediction: 184.36141967773438
Step [  50/151] -> Date: 6/2000, Target: 188.0, Prediction: 175.14210510253906
Step [  51/151] -> Date: 7/2000, Target: 244.3, Prediction: 175.79820251464844
Step [  52/151] -> Date: 8/2000, Target: 180.5, Prediction: 177.46713256835938
Step [  53/151] -> Date: 9/2000, Target: 156.0, Prediction: 187.19329833984375
Step [  54/151] -> Date: 10/2000, Target: 141.6, Prediction: 185.1450653076172
Step [  55/151] -> Date: 11/2000, Target: 158.1, Prediction: 187.8359832763672
Step [  56/151] -> Date: 12/2000, Target: 143.3, Prediction: 178.06655883789062
Step [  57/151] -> Date: 1/2001, Target: 142.6, Prediction: 189.42840576171875
Step [  58/151] -> Date: 2/2001, Target: 121.5, Prediction: 202.30584716796875
Step [  59/151] -> Date: 3/2001, Target: 165.8, Prediction: 200.21664428710938
Step [  60/151] -> Date: 4/2001, Target: 161.7, Prediction: 174.36224365234375
Step [  61/151] -> Date: 5/2001, Target: 142.1, Prediction: 157.86912536621094
Step [  62/151] -> Date: 6/2001, Target: 202.9, Prediction: 147.49542236328125
Step [  63/151] -> Date: 7/2001, Target: 123.0, Prediction: 165.1484375
Step [  64/151] -> Date: 8/2001, Target: 161.5, Prediction: 162.34901428222656
Step [  65/151] -> Date: 9/2001, Target: 238.2, Prediction: 171.80157470703125
Step [  66/151] -> Date: 10/2001, Target: 194.1, Prediction: 150.07240295410156
Step [  67/151] -> Date: 11/2001, Target: 176.6, Prediction: 149.1555938720703
Step [  68/151] -> Date: 12/2001, Target: 213.4, Prediction: 126.12382507324219
Step [  69/151] -> Date: 1/2002, Target: 184.6, Prediction: 129.5030517578125
Step [  70/151] -> Date: 2/2002, Target: 170.2, Prediction: 137.80130004882812
Step [  71/151] -> Date: 3/2002, Target: 147.1, Prediction: 125.29766082763672
Step [  72/151] -> Date: 4/2002, Target: 186.9, Prediction: 120.38905334472656
Step [  73/151] -> Date: 5/2002, Target: 187.5, Prediction: 110.38661193847656
Step [  74/151] -> Date: 6/2002, Target: 128.8, Prediction: 111.02835083007812
Step [  75/151] -> Date: 7/2002, Target: 161.0, Prediction: 110.68916320800781
Step [  76/151] -> Date: 8/2002, Target: 175.6, Prediction: 102.94400024414062
Step [  77/151] -> Date: 9/2002, Target: 187.9, Prediction: 109.26191711425781
Step [  78/151] -> Date: 10/2002, Target: 151.2, Prediction: 106.33673858642578
Step [  79/151] -> Date: 11/2002, Target: 147.2, Prediction: 95.08453369140625
Step [  80/151] -> Date: 12/2002, Target: 135.3, Prediction: 83.8925552368164
Step [  81/151] -> Date: 1/2003, Target: 133.5, Prediction: 80.37422180175781
Step [  82/151] -> Date: 2/2003, Target: 75.7, Prediction: 82.1987075805664
Step [  83/151] -> Date: 3/2003, Target: 100.7, Prediction: 80.46408081054688
Step [  84/151] -> Date: 4/2003, Target: 97.9, Prediction: 79.37548065185547
Step [  85/151] -> Date: 5/2003, Target: 86.8, Prediction: 72.17059326171875
Step [  86/151] -> Date: 6/2003, Target: 118.7, Prediction: 69.74506378173828
Step [  87/151] -> Date: 7/2003, Target: 128.3, Prediction: 75.60673522949219
Step [  88/151] -> Date: 8/2003, Target: 115.4, Prediction: 79.59632110595703
Step [  89/151] -> Date: 9/2003, Target: 78.5, Prediction: 80.37641906738281
Step [  90/151] -> Date: 10/2003, Target: 97.8, Prediction: 71.47748565673828
Step [  91/151] -> Date: 11/2003, Target: 82.9, Prediction: 64.44988250732422
Step [  92/151] -> Date: 12/2003, Target: 72.2, Prediction: 62.32244110107422
Step [  93/151] -> Date: 1/2004, Target: 60.6, Prediction: 55.281925201416016
Step [  94/151] -> Date: 2/2004, Target: 74.6, Prediction: 54.703556060791016
Step [  95/151] -> Date: 3/2004, Target: 74.8, Prediction: 50.1702995300293
Step [  96/151] -> Date: 4/2004, Target: 59.2, Prediction: 58.02290725708008
Step [  97/151] -> Date: 5/2004, Target: 72.8, Prediction: 54.33378982543945
Step [  98/151] -> Date: 6/2004, Target: 66.5, Prediction: 41.28939437866211
Step [  99/151] -> Date: 7/2004, Target: 83.8, Prediction: 43.29594039916992
Step [ 100/151] -> Date: 8/2004, Target: 69.7, Prediction: 42.01506042480469
Step [ 101/151] -> Date: 9/2004, Target: 48.8, Prediction: 43.3727912902832
Step [ 102/151] -> Date: 10/2004, Target: 74.2, Prediction: 39.34174728393555
Step [ 103/151] -> Date: 11/2004, Target: 70.1, Prediction: 30.058753967285156
Step [ 104/151] -> Date: 12/2004, Target: 28.9, Prediction: 32.36048889160156
Step [ 105/151] -> Date: 1/2005, Target: 48.1, Prediction: 28.19507598876953
Step [ 106/151] -> Date: 2/2005, Target: 43.5, Prediction: 25.996501922607422
Step [ 107/151] -> Date: 3/2005, Target: 39.6, Prediction: 26.209339141845703
Step [ 108/151] -> Date: 4/2005, Target: 38.7, Prediction: 30.656497955322266
Step [ 109/151] -> Date: 5/2005, Target: 61.9, Prediction: 25.44717025756836
Step [ 110/151] -> Date: 6/2005, Target: 56.8, Prediction: 17.865489959716797
Step [ 111/151] -> Date: 7/2005, Target: 62.4, Prediction: 18.46490478515625
Step [ 112/151] -> Date: 8/2005, Target: 60.5, Prediction: 18.591516494750977
Step [ 113/151] -> Date: 9/2005, Target: 37.2, Prediction: 18.43114471435547
Step [ 114/151] -> Date: 10/2005, Target: 13.2, Prediction: 20.157535552978516
Step [ 115/151] -> Date: 11/2005, Target: 27.5, Prediction: 18.431835174560547
Step [ 116/151] -> Date: 12/2005, Target: 59.3, Prediction: 15.989233016967773
Step [ 117/151] -> Date: 1/2006, Target: 20.9, Prediction: 16.46538543701172
Step [ 118/151] -> Date: 2/2006, Target: 5.7, Prediction: 16.852081298828125
Step [ 119/151] -> Date: 3/2006, Target: 17.3, Prediction: 19.891590118408203
Step [ 120/151] -> Date: 4/2006, Target: 50.3, Prediction: 19.56448745727539
Step [ 121/151] -> Date: 5/2006, Target: 37.2, Prediction: 12.8739652633667
Step [ 122/151] -> Date: 6/2006, Target: 24.5, Prediction: 16.182571411132812
Step [ 123/151] -> Date: 7/2006, Target: 22.2, Prediction: 13.974535942077637
Step [ 124/151] -> Date: 8/2006, Target: 20.8, Prediction: 13.394539833068848
Step [ 125/151] -> Date: 9/2006, Target: 23.7, Prediction: 15.739493370056152
Step [ 126/151] -> Date: 10/2006, Target: 14.9, Prediction: 14.195276260375977
Step [ 127/151] -> Date: 11/2006, Target: 35.7, Prediction: 17.291378021240234
Step [ 128/151] -> Date: 12/2006, Target: 22.3, Prediction: 16.410964965820312
Step [ 129/151] -> Date: 1/2007, Target: 29.3, Prediction: 14.882889747619629
Step [ 130/151] -> Date: 2/2007, Target: 18.4, Prediction: 12.68307876586914
Step [ 131/151] -> Date: 3/2007, Target: 7.2, Prediction: 16.139780044555664
Step [ 132/151] -> Date: 4/2007, Target: 5.4, Prediction: 20.017032623291016
Step [ 133/151] -> Date: 5/2007, Target: 19.5, Prediction: 20.976158142089844
Step [ 134/151] -> Date: 6/2007, Target: 21.3, Prediction: 24.310314178466797
Step [ 135/151] -> Date: 7/2007, Target: 15.1, Prediction: 12.389654159545898
Step [ 136/151] -> Date: 8/2007, Target: 9.8, Prediction: 21.646682739257812
Step [ 137/151] -> Date: 9/2007, Target: 4.0, Prediction: 18.545963287353516
Step [ 138/151] -> Date: 10/2007, Target: 1.5, Prediction: 27.263328552246094
Step [ 139/151] -> Date: 11/2007, Target: 2.8, Prediction: 21.599193572998047
Step [ 140/151] -> Date: 12/2007, Target: 17.3, Prediction: 32.56972885131836
Step [ 141/151] -> Date: 1/2008, Target: 4.1, Prediction: 23.497440338134766
Step [ 142/151] -> Date: 2/2008, Target: 2.9, Prediction: 23.826351165771484
Step [ 143/151] -> Date: 3/2008, Target: 15.5, Prediction: 32.718505859375
Step [ 144/151] -> Date: 4/2008, Target: 3.6, Prediction: 25.492202758789062
Step [ 145/151] -> Date: 5/2008, Target: 4.6, Prediction: 58.42628479003906
Step [ 146/151] -> Date: 6/2008, Target: 5.2, Prediction: 63.589698791503906
Step [ 147/151] -> Date: 7/2008, Target: 0.6, Prediction: 59.803192138671875
Step [ 148/151] -> Date: 8/2008, Target: 0.3, Prediction: 58.484344482421875
Step [ 149/151] -> Date: 9/2008, Target: 1.2, Prediction: 62.020816802978516
Step [ 150/151] -> Date: 10/2008, Target: 4.2, Prediction: 66.37254333496094
Step [ 151/151] -> Date: 11/2008, Target: 6.6, Prediction: 65.88258361816406
----------------------------------------------------------------------------------------------------
Average Validation Loss: 27.186316919642568
----------------------------------------------------------------------------------------------------
Plotting data...
----------------------------------------------------------------------------------------------------
Plotting loss data...
----------------------------------------------------------------------------------------------------
Validation finished successfully.        Saved prediction/loss graphs can be found in: /home/extern/Dropbox/Research/scripts/graphs/
----------------------------------------------------------------------------------------------------
Predicting SC 24 using the above trained model
Step [   1/151] -> Date: 12/2008, Prediction: 13.942270278930664
Step [   2/151] -> Date: 1/2009, Prediction: 15.710383415222168
Step [   3/151] -> Date: 2/2009, Prediction: 21.40229034423828
Step [   4/151] -> Date: 3/2009, Prediction: 18.039518356323242
Step [   5/151] -> Date: 4/2009, Prediction: 10.509566307067871
Step [   6/151] -> Date: 5/2009, Prediction: 18.235260009765625
Step [   7/151] -> Date: 6/2009, Prediction: 16.081422805786133
Step [   8/151] -> Date: 7/2009, Prediction: 14.083402633666992
Step [   9/151] -> Date: 8/2009, Prediction: 17.53472328186035
Step [  10/151] -> Date: 9/2009, Prediction: 15.708158493041992
Step [  11/151] -> Date: 10/2009, Prediction: 18.532642364501953
Step [  12/151] -> Date: 11/2009, Prediction: 17.46411895751953
Step [  13/151] -> Date: 12/2009, Prediction: 38.69841766357422
Step [  14/151] -> Date: 1/2010, Prediction: 35.82345962524414
Step [  15/151] -> Date: 2/2010, Prediction: 44.7104606628418
Step [  16/151] -> Date: 3/2010, Prediction: 53.25016784667969
Step [  17/151] -> Date: 4/2010, Prediction: 43.36257553100586
Step [  18/151] -> Date: 5/2010, Prediction: 51.79167938232422
Step [  19/151] -> Date: 6/2010, Prediction: 53.79861068725586
Step [  20/151] -> Date: 7/2010, Prediction: 50.794918060302734
Step [  21/151] -> Date: 8/2010, Prediction: 53.01100158691406
Step [  22/151] -> Date: 9/2010, Prediction: 62.267967224121094
Step [  23/151] -> Date: 10/2010, Prediction: 58.70137023925781
Step [  24/151] -> Date: 11/2010, Prediction: 55.028656005859375
Step [  25/151] -> Date: 12/2010, Prediction: 110.88656616210938
Step [  26/151] -> Date: 1/2011, Prediction: 112.95624542236328
Step [  27/151] -> Date: 2/2011, Prediction: 120.00015258789062
Step [  28/151] -> Date: 3/2011, Prediction: 120.38128662109375
Step [  29/151] -> Date: 4/2011, Prediction: 106.53325653076172
Step [  30/151] -> Date: 5/2011, Prediction: 113.46944427490234
Step [  31/151] -> Date: 6/2011, Prediction: 121.2466812133789
Step [  32/151] -> Date: 7/2011, Prediction: 112.16997528076172
Step [  33/151] -> Date: 8/2011, Prediction: 116.54224395751953
Step [  34/151] -> Date: 9/2011, Prediction: 117.05018615722656
Step [  35/151] -> Date: 10/2011, Prediction: 112.81293487548828
Step [  36/151] -> Date: 11/2011, Prediction: 123.5378646850586
Step [  37/151] -> Date: 12/2011, Prediction: 167.26194763183594
Step [  38/151] -> Date: 1/2012, Prediction: 163.0442657470703
Step [  39/151] -> Date: 2/2012, Prediction: 159.4606170654297
Step [  40/151] -> Date: 3/2012, Prediction: 143.6764678955078
Step [  41/151] -> Date: 4/2012, Prediction: 169.8772735595703
Step [  42/151] -> Date: 5/2012, Prediction: 173.86070251464844
Step [  43/151] -> Date: 6/2012, Prediction: 155.11082458496094
Step [  44/151] -> Date: 7/2012, Prediction: 160.37982177734375
Step [  45/151] -> Date: 8/2012, Prediction: 171.14463806152344
Step [  46/151] -> Date: 9/2012, Prediction: 176.9342498779297
Step [  47/151] -> Date: 10/2012, Prediction: 176.56069946289062
Step [  48/151] -> Date: 11/2012, Prediction: 170.11495971679688
Step [  49/151] -> Date: 12/2012, Prediction: 182.5113983154297
Step [  50/151] -> Date: 1/2013, Prediction: 192.962890625
Step [  51/151] -> Date: 2/2013, Prediction: 178.97085571289062
Step [  52/151] -> Date: 3/2013, Prediction: 169.41481018066406
Step [  53/151] -> Date: 4/2013, Prediction: 165.49237060546875
Step [  54/151] -> Date: 5/2013, Prediction: 172.8292236328125
Step [  55/151] -> Date: 6/2013, Prediction: 172.8108673095703
Step [  56/151] -> Date: 7/2013, Prediction: 171.99591064453125
Step [  57/151] -> Date: 8/2013, Prediction: 164.5030975341797
Step [  58/151] -> Date: 9/2013, Prediction: 175.38902282714844
Step [  59/151] -> Date: 10/2013, Prediction: 171.53875732421875
Step [  60/151] -> Date: 11/2013, Prediction: 168.70494079589844
Step [  61/151] -> Date: 12/2013, Prediction: 159.9440155029297
Step [  62/151] -> Date: 1/2014, Prediction: 137.91871643066406
Step [  63/151] -> Date: 2/2014, Prediction: 152.8090057373047
Step [  64/151] -> Date: 3/2014, Prediction: 166.1466064453125
Step [  65/151] -> Date: 4/2014, Prediction: 163.67369079589844
Step [  66/151] -> Date: 5/2014, Prediction: 160.48507690429688
Step [  67/151] -> Date: 6/2014, Prediction: 166.56704711914062
Step [  68/151] -> Date: 7/2014, Prediction: 162.30477905273438
Step [  69/151] -> Date: 8/2014, Prediction: 160.25869750976562
Step [  70/151] -> Date: 9/2014, Prediction: 150.10914611816406
Step [  71/151] -> Date: 10/2014, Prediction: 162.7906951904297
Step [  72/151] -> Date: 11/2014, Prediction: 160.90780639648438
Step [  73/151] -> Date: 12/2014, Prediction: 100.95878601074219
Step [  74/151] -> Date: 1/2015, Prediction: 111.97311401367188
Step [  75/151] -> Date: 2/2015, Prediction: 116.23120880126953
Step [  76/151] -> Date: 3/2015, Prediction: 113.11273956298828
Step [  77/151] -> Date: 4/2015, Prediction: 122.269775390625
Step [  78/151] -> Date: 5/2015, Prediction: 111.8815689086914
Step [  79/151] -> Date: 6/2015, Prediction: 102.71603393554688
Step [  80/151] -> Date: 7/2015, Prediction: 102.2741928100586
Step [  81/151] -> Date: 8/2015, Prediction: 88.14444732666016
Step [  82/151] -> Date: 9/2015, Prediction: 97.85332489013672
Step [  83/151] -> Date: 10/2015, Prediction: 99.62577819824219
Step [  84/151] -> Date: 11/2015, Prediction: 105.14603424072266
Step [  85/151] -> Date: 12/2015, Prediction: 94.20574951171875
Step [  86/151] -> Date: 1/2016, Prediction: 94.11470794677734
Step [  87/151] -> Date: 2/2016, Prediction: 94.60687255859375
Step [  88/151] -> Date: 3/2016, Prediction: 80.68798828125
Step [  89/151] -> Date: 4/2016, Prediction: 96.95408630371094
Step [  90/151] -> Date: 5/2016, Prediction: 84.7010498046875
Step [  91/151] -> Date: 6/2016, Prediction: 69.1611328125
Step [  92/151] -> Date: 7/2016, Prediction: 68.60279083251953
Step [  93/151] -> Date: 8/2016, Prediction: 61.90653991699219
Step [  94/151] -> Date: 9/2016, Prediction: 63.6733283996582
Step [  95/151] -> Date: 10/2016, Prediction: 59.0633659362793
Step [  96/151] -> Date: 11/2016, Prediction: 63.83332443237305
Step [  97/151] -> Date: 12/2016, Prediction: 42.80449676513672
Step [  98/151] -> Date: 1/2017, Prediction: 58.917152404785156
Step [  99/151] -> Date: 2/2017, Prediction: 45.934486389160156
Step [ 100/151] -> Date: 3/2017, Prediction: 40.93061065673828
Step [ 101/151] -> Date: 4/2017, Prediction: 42.810794830322266
Step [ 102/151] -> Date: 5/2017, Prediction: 53.67191696166992
Step [ 103/151] -> Date: 6/2017, Prediction: 30.85760498046875
Step [ 104/151] -> Date: 7/2017, Prediction: 43.559852600097656
Step [ 105/151] -> Date: 8/2017, Prediction: 33.22474670410156
Step [ 106/151] -> Date: 9/2017, Prediction: 32.25724792480469
Step [ 107/151] -> Date: 10/2017, Prediction: 30.925724029541016
Step [ 108/151] -> Date: 11/2017, Prediction: 46.213558197021484
Step [ 109/151] -> Date: 12/2017, Prediction: 27.129112243652344
Step [ 110/151] -> Date: 1/2018, Prediction: 32.913936614990234
Step [ 111/151] -> Date: 2/2018, Prediction: 33.452693939208984
Step [ 112/151] -> Date: 3/2018, Prediction: 31.778034210205078
Step [ 113/151] -> Date: 4/2018, Prediction: 17.35397720336914
Step [ 114/151] -> Date: 5/2018, Prediction: 20.916824340820312
Step [ 115/151] -> Date: 6/2018, Prediction: 24.61394500732422
Step [ 116/151] -> Date: 7/2018, Prediction: 18.374839782714844
Step [ 117/151] -> Date: 8/2018, Prediction: 15.369502067565918
Step [ 118/151] -> Date: 9/2018, Prediction: 18.365156173706055
Step [ 119/151] -> Date: 10/2018, Prediction: 25.76681900024414
Step [ 120/151] -> Date: 11/2018, Prediction: 21.046091079711914
Step [ 121/151] -> Date: 12/2018, Prediction: 15.683147430419922
Step [ 122/151] -> Date: 1/2019, Prediction: 11.114265441894531
Step [ 123/151] -> Date: 2/2019, Prediction: 16.1257266998291
Step [ 124/151] -> Date: 3/2019, Prediction: 14.351170539855957
Step [ 125/151] -> Date: 4/2019, Prediction: 14.73364543914795
Step [ 126/151] -> Date: 5/2019, Prediction: 17.419841766357422
Step [ 127/151] -> Date: 6/2019, Prediction: 19.641279220581055
Step [ 128/151] -> Date: 7/2019, Prediction: 18.867477416992188
Step [ 129/151] -> Date: 8/2019, Prediction: 14.779952049255371
Step [ 130/151] -> Date: 9/2019, Prediction: 13.1968412399292
Step [ 131/151] -> Date: 10/2019, Prediction: 13.343568801879883
Step [ 132/151] -> Date: 11/2019, Prediction: 14.78565788269043
Step [ 133/151] -> Date: 12/2019, Prediction: 15.604823112487793
Step [ 134/151] -> Date: 1/2020, Prediction: 15.774840354919434
Step [ 135/151] -> Date: 2/2020, Prediction: 15.361918449401855
Step [ 136/151] -> Date: 3/2020, Prediction: 12.559042930603027
Step [ 137/151] -> Date: 4/2020, Prediction: 5.510221481323242
Step [ 138/151] -> Date: 5/2020, Prediction: 7.8581953048706055
Step [ 139/151] -> Date: 6/2020, Prediction: 15.414379119873047
Step [ 140/151] -> Date: 7/2020, Prediction: 10.440240859985352
Step [ 141/151] -> Date: 8/2020, Prediction: 12.379348754882812
Step [ 142/151] -> Date: 9/2020, Prediction: 18.313465118408203
Step [ 143/151] -> Date: 10/2020, Prediction: 11.834811210632324
Step [ 144/151] -> Date: 11/2020, Prediction: 11.344083786010742
Step [ 145/151] -> Date: 12/2020, Prediction: 31.622814178466797
Step [ 146/151] -> Date: 1/2021, Prediction: 26.87865447998047
Step [ 147/151] -> Date: 2/2021, Prediction: 26.889759063720703
Step [ 148/151] -> Date: 3/2021, Prediction: 27.633068084716797
Step [ 149/151] -> Date: 4/2021, Prediction: 30.82748794555664
Step [ 150/151] -> Date: 5/2021, Prediction: 35.56398391723633
Step [ 151/151] -> Date: 6/2021, Prediction: 29.240936279296875
----------------------------------------------------------------------------------------------------
Plotting data...
