----------------------------------------------------------------------------------------------------
Usage: python3 SSN_predictor.py <path_to_ssn_datafile> <path_to_aa_datafile>
----------------------------------------------------------------------------------------------------
Code running on device: cuda
----------------------------------------------------------------------------------------------------
Data loaded from file locations :
    SSN - /home/extern/Dropbox/Research/scripts/data/SILSO/TSN/SN_m_tot_V2.0.txt
    AA - /home/extern/Dropbox/Research/scripts/data/ISGI/aa_1869-01-01_2018-12-31_D.dat
----------------------------------------------------------------------------------------------------
Solar cycle data loaded/saved as: cycle_data.pickle
----------------------------------------------------------------------------------------------------
SC Number     Start Date       End Date      Solar Max   Length(in months)
         0      [1749, 1]      [1755, 1]         154.27                  73
         1      [1755, 2]      [1766, 5]         144.12                 136
         2      [1766, 6]      [1775, 5]         192.98                 108
         3      [1775, 6]      [1784, 8]         264.25                 111
         4      [1784, 9]      [1798, 3]         235.28                 163
         5      [1798, 4]     [1810, 11]          67.93                 152
         6     [1810, 12]      [1823, 4]          81.99                 149
         7      [1823, 5]     [1833, 10]          81.16                 126
         8     [1833, 11]      [1843, 6]         119.24                 116
         9      [1843, 7]     [1855, 11]         244.87                 149
        10     [1855, 12]      [1867, 2]         219.94                 135
        11      [1867, 3]     [1878, 11]         186.15                 141
        12     [1878, 12]      [1890, 2]         234.02                 135
        13      [1890, 3]      [1902, 0]         124.41                 142
        14      [1902, 1]      [1913, 6]         146.55                 138
        15      [1913, 7]      [1923, 7]         107.08                 121
        16      [1923, 8]      [1933, 8]         175.67                 121
        17      [1933, 9]      [1944, 1]         130.23                 125
        18      [1944, 2]      [1954, 3]         198.64                 122
        19      [1954, 4]      [1964, 9]         218.73                 126
        20     [1964, 10]      [1976, 2]          285.0                 137
        21      [1976, 3]      [1986, 8]         156.63                 126
        22      [1986, 9]      [1996, 4]         232.92                 116
        23      [1996, 5]     [2008, 11]         212.48                 151
        24     [2008, 12]     [2019, 11]         180.28                 132
----------------------------------------------------------------------------------------------------
Selected data:
    Training: SC 13 to 22
    Validation: SC 23
    Prediction: SC 24
----------------------------------------------------------------------------------------------------
Selected model: FFNN(
  (model): Sequential(
    (0): Linear(in_features=6, out_features=6, bias=True)
    (1): LeakyReLU(negative_slope=0.01, inplace=True)
    (2): Linear(in_features=6, out_features=3, bias=True)
    (3): LeakyReLU(negative_slope=0.01, inplace=True)
    (4): Linear(in_features=3, out_features=1, bias=True)
  )
)    Training mode: True    Prediction mode: True
----------------------------------------------------------------------------------------------------
Selected optimizer: Adam (
Parameter Group 0
    amsgrad: False
    betas: (0.9, 0.999)
    eps: 1e-08
    lr: 0.001
    weight_decay: 0
)
----------------------------------------------------------------------------------------------------
Selected scheduler: ReduceLROnPlateau(
    {'factor': 0.9, 'min_lrs': [0], 'patience': 10, 'verbose': True, 'cooldown': 0, 'cooldown_counter': 0, 'mode': 'min', 'threshold': 0.0001, 'threshold_mode': 'rel', 'best': inf, 'num_bad_epochs': 0, 'mode_worse': inf, 'eps': 1e-08, 'last_epoch': 0})
----------------------------------------------------------------------------------------------------
No pre-trained models available, initializing model weights
----------------------------------------------------------------------------------------------------
Training model with solar cycle 12 to 22 data with: num_epochs=1200
Epoch [   5/1200] -> Loss: 103.9725
Epoch [  10/1200] -> Loss: 79.1170
Epoch [  15/1200] -> Loss: 69.1676
Epoch [  20/1200] -> Loss: 65.6780
Epoch [  25/1200] -> Loss: 62.5080
Epoch [  30/1200] -> Loss: 58.5858
Epoch [  35/1200] -> Loss: 49.3222
Epoch [  40/1200] -> Loss: 41.4877
Epoch [  45/1200] -> Loss: 40.0982
Epoch [  50/1200] -> Loss: 39.5555
Epoch [  55/1200] -> Loss: 39.2104
Epoch [  60/1200] -> Loss: 39.2323
Epoch [  65/1200] -> Loss: 38.7697
Epoch [  70/1200] -> Loss: 38.9975
Epoch [  75/1200] -> Loss: 39.3564
Epoch    76: reducing learning rate of group 0 to 9.0000e-04.
Epoch [  80/1200] -> Loss: 38.5556
Epoch [  85/1200] -> Loss: 38.5744
Epoch [  90/1200] -> Loss: 39.1982
Epoch [  95/1200] -> Loss: 38.3365
----------------------------------------------------------------------------------------------------
Model checkpoint saved as _FFNN_100.pth
----------------------------------------------------------------------------------------------------
Epoch [ 100/1200] -> Loss: 38.5929
Epoch [ 105/1200] -> Loss: 38.1663
Epoch [ 110/1200] -> Loss: 38.2829
Epoch [ 115/1200] -> Loss: 38.7052
Epoch   120: reducing learning rate of group 0 to 8.1000e-04.
Epoch [ 120/1200] -> Loss: 38.4656
Epoch [ 125/1200] -> Loss: 38.5776
Epoch [ 130/1200] -> Loss: 38.4610
Epoch [ 135/1200] -> Loss: 38.6952
Epoch   140: reducing learning rate of group 0 to 7.2900e-04.
Epoch [ 140/1200] -> Loss: 38.6263
Epoch [ 145/1200] -> Loss: 37.9629
Epoch [ 150/1200] -> Loss: 38.4232
Epoch [ 155/1200] -> Loss: 38.2306
Epoch [ 160/1200] -> Loss: 38.1811
Epoch   162: reducing learning rate of group 0 to 6.5610e-04.
Epoch [ 165/1200] -> Loss: 38.7141
Epoch [ 170/1200] -> Loss: 38.2815
Epoch   173: reducing learning rate of group 0 to 5.9049e-04.
Epoch [ 175/1200] -> Loss: 38.2704
Epoch [ 180/1200] -> Loss: 38.1044
Epoch   184: reducing learning rate of group 0 to 5.3144e-04.
Epoch [ 185/1200] -> Loss: 38.5192
Epoch [ 190/1200] -> Loss: 37.9731
Epoch [ 195/1200] -> Loss: 37.9479
Epoch   200: reducing learning rate of group 0 to 4.7830e-04.
----------------------------------------------------------------------------------------------------
Model checkpoint saved as _FFNN_200.pth
----------------------------------------------------------------------------------------------------
Epoch [ 200/1200] -> Loss: 38.3434
Epoch [ 205/1200] -> Loss: 38.1529
Epoch [ 210/1200] -> Loss: 38.1371
Epoch   214: reducing learning rate of group 0 to 4.3047e-04.
Epoch [ 215/1200] -> Loss: 38.6835
Epoch [ 220/1200] -> Loss: 38.0066
Epoch [ 225/1200] -> Loss: 37.7887
Epoch [ 230/1200] -> Loss: 37.7543
Epoch [ 235/1200] -> Loss: 38.0612
Epoch [ 240/1200] -> Loss: 38.2695
Epoch   241: reducing learning rate of group 0 to 3.8742e-04.
Epoch [ 245/1200] -> Loss: 38.0766
Epoch [ 250/1200] -> Loss: 38.4138
Epoch   252: reducing learning rate of group 0 to 3.4868e-04.
Epoch [ 255/1200] -> Loss: 38.3545
Epoch [ 260/1200] -> Loss: 37.9635
Epoch   263: reducing learning rate of group 0 to 3.1381e-04.
Epoch [ 265/1200] -> Loss: 38.2026
Epoch [ 270/1200] -> Loss: 38.3609
Epoch   274: reducing learning rate of group 0 to 2.8243e-04.
Epoch [ 275/1200] -> Loss: 37.9151
Epoch [ 280/1200] -> Loss: 38.1338
Epoch [ 285/1200] -> Loss: 37.9737
Epoch [ 290/1200] -> Loss: 38.2494
Epoch   295: reducing learning rate of group 0 to 2.5419e-04.
Epoch [ 295/1200] -> Loss: 37.9915
----------------------------------------------------------------------------------------------------
Model checkpoint saved as _FFNN_300.pth
----------------------------------------------------------------------------------------------------
Epoch [ 300/1200] -> Loss: 38.3415
Epoch [ 305/1200] -> Loss: 37.8129
Epoch   306: reducing learning rate of group 0 to 2.2877e-04.
Epoch [ 310/1200] -> Loss: 38.1595
Epoch [ 315/1200] -> Loss: 37.9607
Epoch [ 320/1200] -> Loss: 38.4112
Epoch   323: reducing learning rate of group 0 to 2.0589e-04.
Epoch [ 325/1200] -> Loss: 38.6627
Epoch [ 330/1200] -> Loss: 37.8602
Epoch   334: reducing learning rate of group 0 to 1.8530e-04.
Epoch [ 335/1200] -> Loss: 38.3557
Epoch [ 340/1200] -> Loss: 37.8495
Epoch   345: reducing learning rate of group 0 to 1.6677e-04.
Epoch [ 345/1200] -> Loss: 38.0470
Epoch [ 350/1200] -> Loss: 37.7092
Epoch [ 355/1200] -> Loss: 37.8822
Epoch   356: reducing learning rate of group 0 to 1.5009e-04.
Epoch [ 360/1200] -> Loss: 37.7720
Epoch [ 365/1200] -> Loss: 37.9667
Epoch   367: reducing learning rate of group 0 to 1.3509e-04.
Epoch [ 370/1200] -> Loss: 37.8565
Epoch [ 375/1200] -> Loss: 38.1684
Epoch   378: reducing learning rate of group 0 to 1.2158e-04.
Epoch [ 380/1200] -> Loss: 38.2646
Epoch [ 385/1200] -> Loss: 38.0926
Epoch [ 390/1200] -> Loss: 38.1297
Epoch   394: reducing learning rate of group 0 to 1.0942e-04.
Epoch [ 395/1200] -> Loss: 38.3519
----------------------------------------------------------------------------------------------------
Model checkpoint saved as _FFNN_400.pth
----------------------------------------------------------------------------------------------------
Epoch [ 400/1200] -> Loss: 38.0410
Epoch   405: reducing learning rate of group 0 to 9.8477e-05.
Epoch [ 405/1200] -> Loss: 38.3885
Epoch [ 410/1200] -> Loss: 38.1874
Epoch [ 415/1200] -> Loss: 38.0679
Epoch   416: reducing learning rate of group 0 to 8.8629e-05.
Epoch [ 420/1200] -> Loss: 38.2710
Epoch [ 425/1200] -> Loss: 37.9877
Epoch   427: reducing learning rate of group 0 to 7.9766e-05.
Epoch [ 430/1200] -> Loss: 38.0839
Epoch [ 435/1200] -> Loss: 37.9393
Epoch   438: reducing learning rate of group 0 to 7.1790e-05.
Epoch [ 440/1200] -> Loss: 37.7130
Epoch [ 445/1200] -> Loss: 37.9704
Epoch   449: reducing learning rate of group 0 to 6.4611e-05.
Epoch [ 450/1200] -> Loss: 38.1429
Epoch [ 455/1200] -> Loss: 38.0927
Epoch   460: reducing learning rate of group 0 to 5.8150e-05.
Epoch [ 460/1200] -> Loss: 38.4983
Epoch [ 465/1200] -> Loss: 38.4874
Epoch [ 470/1200] -> Loss: 38.2594
Epoch   471: reducing learning rate of group 0 to 5.2335e-05.
Epoch [ 475/1200] -> Loss: 38.4085
Epoch [ 480/1200] -> Loss: 37.9315
Epoch   482: reducing learning rate of group 0 to 4.7101e-05.
Epoch [ 485/1200] -> Loss: 37.8766
Epoch [ 490/1200] -> Loss: 38.1624
Epoch   493: reducing learning rate of group 0 to 4.2391e-05.
Epoch [ 495/1200] -> Loss: 38.0178
----------------------------------------------------------------------------------------------------
Model checkpoint saved as _FFNN_500.pth
----------------------------------------------------------------------------------------------------
Epoch [ 500/1200] -> Loss: 38.4007
Epoch   504: reducing learning rate of group 0 to 3.8152e-05.
Epoch [ 505/1200] -> Loss: 38.1643
Epoch [ 510/1200] -> Loss: 38.1686
Epoch   515: reducing learning rate of group 0 to 3.4337e-05.
Epoch [ 515/1200] -> Loss: 37.9998
Epoch [ 520/1200] -> Loss: 37.9003
Epoch [ 525/1200] -> Loss: 37.7896
Epoch   526: reducing learning rate of group 0 to 3.0903e-05.
Epoch [ 530/1200] -> Loss: 37.8069
Epoch [ 535/1200] -> Loss: 37.7726
Epoch   537: reducing learning rate of group 0 to 2.7813e-05.
Epoch [ 540/1200] -> Loss: 37.7345
Epoch [ 545/1200] -> Loss: 37.8832
Epoch   548: reducing learning rate of group 0 to 2.5032e-05.
Epoch [ 550/1200] -> Loss: 38.0704
Epoch [ 555/1200] -> Loss: 38.1536
Epoch   559: reducing learning rate of group 0 to 2.2528e-05.
Epoch [ 560/1200] -> Loss: 38.0968
Epoch [ 565/1200] -> Loss: 38.1494
Epoch   570: reducing learning rate of group 0 to 2.0276e-05.
Epoch [ 570/1200] -> Loss: 38.2598
Epoch [ 575/1200] -> Loss: 37.9855
Epoch [ 580/1200] -> Loss: 37.9420
Epoch   581: reducing learning rate of group 0 to 1.8248e-05.
Epoch [ 585/1200] -> Loss: 37.8569
Epoch [ 590/1200] -> Loss: 37.6887
Epoch   592: reducing learning rate of group 0 to 1.6423e-05.
Epoch [ 595/1200] -> Loss: 38.3994
----------------------------------------------------------------------------------------------------
Model checkpoint saved as _FFNN_600.pth
----------------------------------------------------------------------------------------------------
Epoch [ 600/1200] -> Loss: 38.2164
Epoch   603: reducing learning rate of group 0 to 1.4781e-05.
Epoch [ 605/1200] -> Loss: 37.6177
Epoch [ 610/1200] -> Loss: 37.9465
Epoch   614: reducing learning rate of group 0 to 1.3303e-05.
Epoch [ 615/1200] -> Loss: 37.7190
Epoch [ 620/1200] -> Loss: 38.0752
Epoch   625: reducing learning rate of group 0 to 1.1973e-05.
Epoch [ 625/1200] -> Loss: 38.1054
Epoch [ 630/1200] -> Loss: 38.2394
Epoch [ 635/1200] -> Loss: 37.6811
Epoch   636: reducing learning rate of group 0 to 1.0775e-05.
Epoch [ 640/1200] -> Loss: 37.8095
Epoch [ 645/1200] -> Loss: 38.2733
Epoch   647: reducing learning rate of group 0 to 9.6977e-06.
Epoch [ 650/1200] -> Loss: 37.8543
Epoch [ 655/1200] -> Loss: 38.3374
Epoch   658: reducing learning rate of group 0 to 8.7280e-06.
Epoch [ 660/1200] -> Loss: 37.7604
Epoch [ 665/1200] -> Loss: 37.8810
Epoch   669: reducing learning rate of group 0 to 7.8552e-06.
Epoch [ 670/1200] -> Loss: 37.8477
Epoch [ 675/1200] -> Loss: 37.8020
Epoch   680: reducing learning rate of group 0 to 7.0697e-06.
Epoch [ 680/1200] -> Loss: 38.0116
Epoch [ 685/1200] -> Loss: 37.9530
Epoch [ 690/1200] -> Loss: 38.1946
Epoch   691: reducing learning rate of group 0 to 6.3627e-06.
Epoch [ 695/1200] -> Loss: 37.8737
----------------------------------------------------------------------------------------------------
Model checkpoint saved as _FFNN_700.pth
----------------------------------------------------------------------------------------------------
Epoch [ 700/1200] -> Loss: 38.1220
Epoch   702: reducing learning rate of group 0 to 5.7264e-06.
Epoch [ 705/1200] -> Loss: 37.7755
Epoch [ 710/1200] -> Loss: 38.0425
Epoch   713: reducing learning rate of group 0 to 5.1538e-06.
Epoch [ 715/1200] -> Loss: 38.0571
Epoch [ 720/1200] -> Loss: 38.2057
Epoch   724: reducing learning rate of group 0 to 4.6384e-06.
Epoch [ 725/1200] -> Loss: 38.4475
Epoch [ 730/1200] -> Loss: 37.9886
Epoch   735: reducing learning rate of group 0 to 4.1746e-06.
Epoch [ 735/1200] -> Loss: 37.9917
Epoch [ 740/1200] -> Loss: 38.0520
Epoch [ 745/1200] -> Loss: 38.1916
Epoch   746: reducing learning rate of group 0 to 3.7571e-06.
Epoch [ 750/1200] -> Loss: 38.2409
Epoch [ 755/1200] -> Loss: 37.9967
Epoch   757: reducing learning rate of group 0 to 3.3814e-06.
Epoch [ 760/1200] -> Loss: 38.0515
Epoch [ 765/1200] -> Loss: 38.0649
Epoch   768: reducing learning rate of group 0 to 3.0433e-06.
Epoch [ 770/1200] -> Loss: 37.8685
Epoch [ 775/1200] -> Loss: 38.0265
Epoch   779: reducing learning rate of group 0 to 2.7389e-06.
Epoch [ 780/1200] -> Loss: 37.9300
Epoch [ 785/1200] -> Loss: 38.2532
Epoch   790: reducing learning rate of group 0 to 2.4650e-06.
Epoch [ 790/1200] -> Loss: 37.8067
Epoch [ 795/1200] -> Loss: 37.7423
----------------------------------------------------------------------------------------------------
Model checkpoint saved as _FFNN_800.pth
----------------------------------------------------------------------------------------------------
Epoch [ 800/1200] -> Loss: 38.4610
Epoch   801: reducing learning rate of group 0 to 2.2185e-06.
Epoch [ 805/1200] -> Loss: 37.8233
Epoch [ 810/1200] -> Loss: 37.6900
Epoch   812: reducing learning rate of group 0 to 1.9967e-06.
Epoch [ 815/1200] -> Loss: 38.2890
Epoch [ 820/1200] -> Loss: 37.9322
Epoch   823: reducing learning rate of group 0 to 1.7970e-06.
Epoch [ 825/1200] -> Loss: 38.1541
Epoch [ 830/1200] -> Loss: 37.8292
Epoch   834: reducing learning rate of group 0 to 1.6173e-06.
Epoch [ 835/1200] -> Loss: 38.2331
Epoch [ 840/1200] -> Loss: 38.6223
Epoch   845: reducing learning rate of group 0 to 1.4556e-06.
Epoch [ 845/1200] -> Loss: 37.9881
Epoch [ 850/1200] -> Loss: 37.7405
Epoch [ 855/1200] -> Loss: 37.9578
Epoch   856: reducing learning rate of group 0 to 1.3100e-06.
Epoch [ 860/1200] -> Loss: 37.9649
Epoch [ 865/1200] -> Loss: 37.9279
Epoch   867: reducing learning rate of group 0 to 1.1790e-06.
Epoch [ 870/1200] -> Loss: 38.2072
Epoch [ 875/1200] -> Loss: 38.2248
Epoch   878: reducing learning rate of group 0 to 1.0611e-06.
Epoch [ 880/1200] -> Loss: 38.1286
Epoch [ 885/1200] -> Loss: 38.0720
Epoch   889: reducing learning rate of group 0 to 9.5500e-07.
Epoch [ 890/1200] -> Loss: 38.0059
Epoch [ 895/1200] -> Loss: 38.2476
Epoch   900: reducing learning rate of group 0 to 8.5950e-07.
----------------------------------------------------------------------------------------------------
Model checkpoint saved as _FFNN_900.pth
----------------------------------------------------------------------------------------------------
Epoch [ 900/1200] -> Loss: 37.8159
Epoch [ 905/1200] -> Loss: 37.9511
Epoch [ 910/1200] -> Loss: 37.9517
Epoch   911: reducing learning rate of group 0 to 7.7355e-07.
Epoch [ 915/1200] -> Loss: 38.2062
Epoch [ 920/1200] -> Loss: 37.8788
Epoch   922: reducing learning rate of group 0 to 6.9620e-07.
Epoch [ 925/1200] -> Loss: 37.6730
Epoch [ 930/1200] -> Loss: 38.0430
Epoch   933: reducing learning rate of group 0 to 6.2658e-07.
Epoch [ 935/1200] -> Loss: 37.8384
Epoch [ 940/1200] -> Loss: 38.3885
Epoch   944: reducing learning rate of group 0 to 5.6392e-07.
Epoch [ 945/1200] -> Loss: 37.8096
Epoch [ 950/1200] -> Loss: 38.3231
Epoch   955: reducing learning rate of group 0 to 5.0753e-07.
Epoch [ 955/1200] -> Loss: 37.7253
Epoch [ 960/1200] -> Loss: 37.8445
Epoch [ 965/1200] -> Loss: 37.9000
Epoch   966: reducing learning rate of group 0 to 4.5678e-07.
Epoch [ 970/1200] -> Loss: 38.0879
Epoch [ 975/1200] -> Loss: 38.2470
Epoch   977: reducing learning rate of group 0 to 4.1110e-07.
Epoch [ 980/1200] -> Loss: 37.9807
Epoch [ 985/1200] -> Loss: 37.8807
Epoch   988: reducing learning rate of group 0 to 3.6999e-07.
Epoch [ 990/1200] -> Loss: 38.0805
Epoch [ 995/1200] -> Loss: 38.1122
Epoch   999: reducing learning rate of group 0 to 3.3299e-07.
----------------------------------------------------------------------------------------------------
Model checkpoint saved as _FFNN_1000.pth
----------------------------------------------------------------------------------------------------
Epoch [1000/1200] -> Loss: 37.9334
Epoch [1005/1200] -> Loss: 37.8221
Epoch  1010: reducing learning rate of group 0 to 2.9969e-07.
Epoch [1010/1200] -> Loss: 37.8428
Epoch [1015/1200] -> Loss: 37.9142
Epoch [1020/1200] -> Loss: 38.1270
Epoch  1021: reducing learning rate of group 0 to 2.6972e-07.
Epoch [1025/1200] -> Loss: 37.9037
Epoch [1030/1200] -> Loss: 37.9327
Epoch  1032: reducing learning rate of group 0 to 2.4275e-07.
Epoch [1035/1200] -> Loss: 37.9110
Epoch [1040/1200] -> Loss: 37.9158
Epoch  1043: reducing learning rate of group 0 to 2.1847e-07.
Epoch [1045/1200] -> Loss: 37.7633
Epoch [1050/1200] -> Loss: 37.9775
Epoch  1054: reducing learning rate of group 0 to 1.9663e-07.
Epoch [1055/1200] -> Loss: 37.8125
Epoch [1060/1200] -> Loss: 37.9057
Epoch  1065: reducing learning rate of group 0 to 1.7696e-07.
Epoch [1065/1200] -> Loss: 37.9135
Epoch [1070/1200] -> Loss: 37.9926
Epoch [1075/1200] -> Loss: 37.9741
Epoch  1076: reducing learning rate of group 0 to 1.5927e-07.
Epoch [1080/1200] -> Loss: 37.8320
Epoch [1085/1200] -> Loss: 37.8586
Epoch  1087: reducing learning rate of group 0 to 1.4334e-07.
Epoch [1090/1200] -> Loss: 37.8565
Epoch [1095/1200] -> Loss: 38.0086
Epoch  1098: reducing learning rate of group 0 to 1.2901e-07.
----------------------------------------------------------------------------------------------------
Model checkpoint saved as _FFNN_1100.pth
----------------------------------------------------------------------------------------------------
Epoch [1100/1200] -> Loss: 38.0310
Epoch [1105/1200] -> Loss: 38.0093
Epoch  1109: reducing learning rate of group 0 to 1.1611e-07.
Epoch [1110/1200] -> Loss: 37.8885
Epoch [1115/1200] -> Loss: 37.7002
Epoch  1120: reducing learning rate of group 0 to 1.0450e-07.
Epoch [1120/1200] -> Loss: 38.0867
Epoch [1125/1200] -> Loss: 38.2577
Epoch [1130/1200] -> Loss: 38.3588
Epoch  1131: reducing learning rate of group 0 to 9.4046e-08.
Epoch [1135/1200] -> Loss: 37.8073
Epoch [1140/1200] -> Loss: 38.1307
Epoch [1145/1200] -> Loss: 38.2531
Epoch [1150/1200] -> Loss: 37.9706
Epoch [1155/1200] -> Loss: 38.1794
Epoch [1160/1200] -> Loss: 37.9958
Epoch [1165/1200] -> Loss: 38.0277
Epoch [1170/1200] -> Loss: 37.8048
Epoch [1175/1200] -> Loss: 38.2167
Epoch [1180/1200] -> Loss: 38.1762
Epoch [1185/1200] -> Loss: 38.2841
Epoch [1190/1200] -> Loss: 38.1769
Epoch [1195/1200] -> Loss: 38.0340
----------------------------------------------------------------------------------------------------
Model checkpoint saved as _FFNN_1200.pth
----------------------------------------------------------------------------------------------------
Epoch [1200/1200] -> Loss: 37.8552
----------------------------------------------------------------------------------------------------
Plotting loss data...
----------------------------------------------------------------------------------------------------
Training finished successfully.
        Saved model checkpoints can be found in: /home/extern/Dropbox/Research/scripts/models/
        Saved data/loss graphs can be found in: /home/extern/Dropbox/Research/scripts/graphs/
----------------------------------------------------------------------------------------------------
Validating model for solar cycle 23 data
Step [   1/151] -> Date: 5/1996, Target: 7.6, Prediction: 30.629175186157227
Step [   2/151] -> Date: 6/1996, Target: 16.5, Prediction: 20.60038948059082
Step [   3/151] -> Date: 7/1996, Target: 11.8, Prediction: 11.842586517333984
Step [   4/151] -> Date: 8/1996, Target: 19.7, Prediction: 13.563545227050781
Step [   5/151] -> Date: 9/1996, Target: 3.0, Prediction: 12.458065032958984
Step [   6/151] -> Date: 10/1996, Target: 0.7, Prediction: 20.352144241333008
Step [   7/151] -> Date: 11/1996, Target: 24.9, Prediction: 30.9180965423584
Step [   8/151] -> Date: 12/1996, Target: 14.0, Prediction: 29.57353401184082
Step [   9/151] -> Date: 1/1997, Target: 7.4, Prediction: 19.40899658203125
Step [  10/151] -> Date: 2/1997, Target: 11.0, Prediction: 32.12297058105469
Step [  11/151] -> Date: 3/1997, Target: 12.1, Prediction: 39.435211181640625
Step [  12/151] -> Date: 4/1997, Target: 23.0, Prediction: 40.1815185546875
Step [  13/151] -> Date: 5/1997, Target: 25.4, Prediction: 76.24171447753906
Step [  14/151] -> Date: 6/1997, Target: 20.8, Prediction: 66.7058334350586
Step [  15/151] -> Date: 7/1997, Target: 12.9, Prediction: 53.123172760009766
Step [  16/151] -> Date: 8/1997, Target: 35.7, Prediction: 76.71630096435547
Step [  17/151] -> Date: 9/1997, Target: 59.7, Prediction: 66.38541412353516
Step [  18/151] -> Date: 10/1997, Target: 32.8, Prediction: 89.22418975830078
Step [  19/151] -> Date: 11/1997, Target: 50.4, Prediction: 98.2264404296875
Step [  20/151] -> Date: 12/1997, Target: 55.5, Prediction: 79.69368743896484
Step [  21/151] -> Date: 1/1998, Target: 44.5, Prediction: 102.54203796386719
Step [  22/151] -> Date: 2/1998, Target: 50.2, Prediction: 105.68803405761719
Step [  23/151] -> Date: 3/1998, Target: 82.0, Prediction: 109.09844207763672
Step [  24/151] -> Date: 4/1998, Target: 70.6, Prediction: 110.36553955078125
Step [  25/151] -> Date: 5/1998, Target: 74.0, Prediction: 150.1300811767578
Step [  26/151] -> Date: 6/1998, Target: 90.5, Prediction: 149.7744140625
Step [  27/151] -> Date: 7/1998, Target: 96.7, Prediction: 185.28997802734375
Step [  28/151] -> Date: 8/1998, Target: 121.1, Prediction: 181.8599395751953
Step [  29/151] -> Date: 9/1998, Target: 132.0, Prediction: 177.07078552246094
Step [  30/151] -> Date: 10/1998, Target: 78.5, Prediction: 182.44674682617188
Step [  31/151] -> Date: 11/1998, Target: 97.3, Prediction: 162.78094482421875
Step [  32/151] -> Date: 12/1998, Target: 119.2, Prediction: 171.8507537841797
Step [  33/151] -> Date: 1/1999, Target: 86.0, Prediction: 211.31700134277344
Step [  34/151] -> Date: 2/1999, Target: 98.0, Prediction: 157.25149536132812
Step [  35/151] -> Date: 3/1999, Target: 103.5, Prediction: 189.75033569335938
Step [  36/151] -> Date: 4/1999, Target: 93.6, Prediction: 184.74378967285156
Step [  37/151] -> Date: 5/1999, Target: 149.6, Prediction: 206.49493408203125
Step [  38/151] -> Date: 6/1999, Target: 207.2, Prediction: 220.17355346679688
Step [  39/151] -> Date: 7/1999, Target: 173.5, Prediction: 205.43988037109375
Step [  40/151] -> Date: 8/1999, Target: 142.3, Prediction: 210.2648162841797
Step [  41/151] -> Date: 9/1999, Target: 106.3, Prediction: 192.38670349121094
Step [  42/151] -> Date: 10/1999, Target: 168.7, Prediction: 199.08392333984375
Step [  43/151] -> Date: 11/1999, Target: 188.3, Prediction: 195.32411193847656
Step [  44/151] -> Date: 12/1999, Target: 116.8, Prediction: 178.60153198242188
Step [  45/151] -> Date: 1/2000, Target: 133.1, Prediction: 169.5274200439453
Step [  46/151] -> Date: 2/2000, Target: 165.7, Prediction: 181.76107788085938
Step [  47/151] -> Date: 3/2000, Target: 217.7, Prediction: 210.16725158691406
Step [  48/151] -> Date: 4/2000, Target: 191.5, Prediction: 183.22781372070312
Step [  49/151] -> Date: 5/2000, Target: 165.9, Prediction: 194.89476013183594
Step [  50/151] -> Date: 6/2000, Target: 188.0, Prediction: 187.01329040527344
Step [  51/151] -> Date: 7/2000, Target: 244.3, Prediction: 193.1223602294922
Step [  52/151] -> Date: 8/2000, Target: 180.5, Prediction: 192.5494384765625
Step [  53/151] -> Date: 9/2000, Target: 156.0, Prediction: 205.482666015625
Step [  54/151] -> Date: 10/2000, Target: 141.6, Prediction: 196.74061584472656
Step [  55/151] -> Date: 11/2000, Target: 158.1, Prediction: 183.16229248046875
Step [  56/151] -> Date: 12/2000, Target: 143.3, Prediction: 170.8917236328125
Step [  57/151] -> Date: 1/2001, Target: 142.6, Prediction: 207.37086486816406
Step [  58/151] -> Date: 2/2001, Target: 121.5, Prediction: 200.5199432373047
Step [  59/151] -> Date: 3/2001, Target: 165.8, Prediction: 208.244873046875
Step [  60/151] -> Date: 4/2001, Target: 161.7, Prediction: 182.84912109375
Step [  61/151] -> Date: 5/2001, Target: 142.1, Prediction: 193.18251037597656
Step [  62/151] -> Date: 6/2001, Target: 202.9, Prediction: 188.11865234375
Step [  63/151] -> Date: 7/2001, Target: 123.0, Prediction: 193.44178771972656
Step [  64/151] -> Date: 8/2001, Target: 161.5, Prediction: 185.88287353515625
Step [  65/151] -> Date: 9/2001, Target: 238.2, Prediction: 206.94065856933594
Step [  66/151] -> Date: 10/2001, Target: 194.1, Prediction: 159.95944213867188
Step [  67/151] -> Date: 11/2001, Target: 176.6, Prediction: 148.64736938476562
Step [  68/151] -> Date: 12/2001, Target: 213.4, Prediction: 135.0315704345703
Step [  69/151] -> Date: 1/2002, Target: 184.6, Prediction: 131.78887939453125
Step [  70/151] -> Date: 2/2002, Target: 170.2, Prediction: 134.043701171875
Step [  71/151] -> Date: 3/2002, Target: 147.1, Prediction: 134.40310668945312
Step [  72/151] -> Date: 4/2002, Target: 186.9, Prediction: 147.98252868652344
Step [  73/151] -> Date: 5/2002, Target: 187.5, Prediction: 142.60928344726562
Step [  74/151] -> Date: 6/2002, Target: 128.8, Prediction: 139.20799255371094
Step [  75/151] -> Date: 7/2002, Target: 161.0, Prediction: 136.12338256835938
Step [  76/151] -> Date: 8/2002, Target: 175.6, Prediction: 121.1816635131836
Step [  77/151] -> Date: 9/2002, Target: 187.9, Prediction: 140.2794647216797
Step [  78/151] -> Date: 10/2002, Target: 151.2, Prediction: 136.56129455566406
Step [  79/151] -> Date: 11/2002, Target: 147.2, Prediction: 122.97828674316406
Step [  80/151] -> Date: 12/2002, Target: 135.3, Prediction: 109.2462387084961
Step [  81/151] -> Date: 1/2003, Target: 133.5, Prediction: 104.47267150878906
Step [  82/151] -> Date: 2/2003, Target: 75.7, Prediction: 107.30169677734375
Step [  83/151] -> Date: 3/2003, Target: 100.7, Prediction: 105.69808959960938
Step [  84/151] -> Date: 4/2003, Target: 97.9, Prediction: 94.4661636352539
Step [  85/151] -> Date: 5/2003, Target: 86.8, Prediction: 79.54691314697266
Step [  86/151] -> Date: 6/2003, Target: 118.7, Prediction: 69.15508270263672
Step [  87/151] -> Date: 7/2003, Target: 128.3, Prediction: 78.06067657470703
Step [  88/151] -> Date: 8/2003, Target: 115.4, Prediction: 86.69915771484375
Step [  89/151] -> Date: 9/2003, Target: 78.5, Prediction: 84.87254333496094
Step [  90/151] -> Date: 10/2003, Target: 97.8, Prediction: 78.62078857421875
Step [  91/151] -> Date: 11/2003, Target: 82.9, Prediction: 71.81665802001953
Step [  92/151] -> Date: 12/2003, Target: 72.2, Prediction: 73.38729095458984
Step [  93/151] -> Date: 1/2004, Target: 60.6, Prediction: 69.21186828613281
Step [  94/151] -> Date: 2/2004, Target: 74.6, Prediction: 69.56771850585938
Step [  95/151] -> Date: 3/2004, Target: 74.8, Prediction: 58.298484802246094
Step [  96/151] -> Date: 4/2004, Target: 59.2, Prediction: 63.21856689453125
Step [  97/151] -> Date: 5/2004, Target: 72.8, Prediction: 53.368125915527344
Step [  98/151] -> Date: 6/2004, Target: 66.5, Prediction: 28.962026596069336
Step [  99/151] -> Date: 7/2004, Target: 83.8, Prediction: 30.370332717895508
Step [ 100/151] -> Date: 8/2004, Target: 69.7, Prediction: 30.309083938598633
Step [ 101/151] -> Date: 9/2004, Target: 48.8, Prediction: 37.64411926269531
Step [ 102/151] -> Date: 10/2004, Target: 74.2, Prediction: 38.046810150146484
Step [ 103/151] -> Date: 11/2004, Target: 70.1, Prediction: 27.83441162109375
Step [ 104/151] -> Date: 12/2004, Target: 28.9, Prediction: 31.960407257080078
Step [ 105/151] -> Date: 1/2005, Target: 48.1, Prediction: 25.54814910888672
Step [ 106/151] -> Date: 2/2005, Target: 43.5, Prediction: 21.52724266052246
Step [ 107/151] -> Date: 3/2005, Target: 39.6, Prediction: 21.317419052124023
Step [ 108/151] -> Date: 4/2005, Target: 38.7, Prediction: 22.95595932006836
Step [ 109/151] -> Date: 5/2005, Target: 61.9, Prediction: 14.888984680175781
Step [ 110/151] -> Date: 6/2005, Target: 56.8, Prediction: 7.524357795715332
Step [ 111/151] -> Date: 7/2005, Target: 62.4, Prediction: 7.593379974365234
Step [ 112/151] -> Date: 8/2005, Target: 60.5, Prediction: 7.566248893737793
Step [ 113/151] -> Date: 9/2005, Target: 37.2, Prediction: 7.458674430847168
Step [ 114/151] -> Date: 10/2005, Target: 13.2, Prediction: 7.427679061889648
Step [ 115/151] -> Date: 11/2005, Target: 27.5, Prediction: 7.202609539031982
Step [ 116/151] -> Date: 12/2005, Target: 59.3, Prediction: 6.9832658767700195
Step [ 117/151] -> Date: 1/2006, Target: 20.9, Prediction: 6.98369026184082
Step [ 118/151] -> Date: 2/2006, Target: 5.7, Prediction: 7.027911186218262
Step [ 119/151] -> Date: 3/2006, Target: 17.3, Prediction: 7.286384582519531
Step [ 120/151] -> Date: 4/2006, Target: 50.3, Prediction: 7.371827125549316
Step [ 121/151] -> Date: 5/2006, Target: 37.2, Prediction: 7.664788246154785
Step [ 122/151] -> Date: 6/2006, Target: 24.5, Prediction: 7.882606029510498
Step [ 123/151] -> Date: 7/2006, Target: 22.2, Prediction: 7.790510177612305
Step [ 124/151] -> Date: 8/2006, Target: 20.8, Prediction: 7.719858169555664
Step [ 125/151] -> Date: 9/2006, Target: 23.7, Prediction: 7.7541184425354
Step [ 126/151] -> Date: 10/2006, Target: 14.9, Prediction: 7.5499701499938965
Step [ 127/151] -> Date: 11/2006, Target: 35.7, Prediction: 7.59640645980835
Step [ 128/151] -> Date: 12/2006, Target: 22.3, Prediction: 7.459453582763672
Step [ 129/151] -> Date: 1/2007, Target: 29.3, Prediction: 7.337432861328125
Step [ 130/151] -> Date: 2/2007, Target: 18.4, Prediction: 7.244433879852295
Step [ 131/151] -> Date: 3/2007, Target: 7.2, Prediction: 8.781675338745117
Step [ 132/151] -> Date: 4/2007, Target: 5.4, Prediction: 22.26599884033203
Step [ 133/151] -> Date: 5/2007, Target: 19.5, Prediction: 27.194843292236328
Step [ 134/151] -> Date: 6/2007, Target: 21.3, Prediction: 34.19055938720703
Step [ 135/151] -> Date: 7/2007, Target: 15.1, Prediction: 31.43687629699707
Step [ 136/151] -> Date: 8/2007, Target: 9.8, Prediction: 30.8336124420166
Step [ 137/151] -> Date: 9/2007, Target: 4.0, Prediction: 33.61933517456055
Step [ 138/151] -> Date: 10/2007, Target: 1.5, Prediction: 53.65950012207031
Step [ 139/151] -> Date: 11/2007, Target: 2.8, Prediction: 45.67148208618164
Step [ 140/151] -> Date: 12/2007, Target: 17.3, Prediction: 54.58774185180664
Step [ 141/151] -> Date: 1/2008, Target: 4.1, Prediction: 56.003265380859375
Step [ 142/151] -> Date: 2/2008, Target: 2.9, Prediction: 58.93974685668945
Step [ 143/151] -> Date: 3/2008, Target: 15.5, Prediction: 74.81572723388672
Step [ 144/151] -> Date: 4/2008, Target: 3.6, Prediction: 75.12036895751953
Step [ 145/151] -> Date: 5/2008, Target: 4.6, Prediction: 80.8107681274414
Step [ 146/151] -> Date: 6/2008, Target: 5.2, Prediction: 91.71072387695312
Step [ 147/151] -> Date: 7/2008, Target: 0.6, Prediction: 94.44758605957031
Step [ 148/151] -> Date: 8/2008, Target: 0.3, Prediction: 82.70012664794922
Step [ 149/151] -> Date: 9/2008, Target: 1.2, Prediction: 89.02174377441406
Step [ 150/151] -> Date: 10/2008, Target: 4.2, Prediction: 93.87303924560547
Step [ 151/151] -> Date: 11/2008, Target: 6.6, Prediction: 88.73643493652344
----------------------------------------------------------------------------------------------------
Average Validation Loss: 35.743140691163525
----------------------------------------------------------------------------------------------------
Plotting data...
----------------------------------------------------------------------------------------------------
Plotting loss data...
----------------------------------------------------------------------------------------------------
Validation finished successfully.

        Saved prediction/loss graphs can be found in: /home/extern/Dropbox/Research/scripts/graphs/
----------------------------------------------------------------------------------------------------
Predicting SC 24 using the above trained model
Step [   1/151] -> Date: 12/2008, Prediction: 14.49072265625
Step [   2/151] -> Date: 1/2009, Prediction: 14.209863662719727
Step [   3/151] -> Date: 2/2009, Prediction: 20.50138282775879
Step [   4/151] -> Date: 3/2009, Prediction: 18.262279510498047
Step [   5/151] -> Date: 4/2009, Prediction: 15.893993377685547
Step [   6/151] -> Date: 5/2009, Prediction: 22.742015838623047
Step [   7/151] -> Date: 6/2009, Prediction: 18.22743034362793
Step [   8/151] -> Date: 7/2009, Prediction: 16.713268280029297
Step [   9/151] -> Date: 8/2009, Prediction: 21.08562660217285
Step [  10/151] -> Date: 9/2009, Prediction: 18.113513946533203
Step [  11/151] -> Date: 10/2009, Prediction: 24.051729202270508
Step [  12/151] -> Date: 11/2009, Prediction: 22.049062728881836
Step [  13/151] -> Date: 12/2009, Prediction: 48.392669677734375
Step [  14/151] -> Date: 1/2010, Prediction: 43.290740966796875
Step [  15/151] -> Date: 2/2010, Prediction: 54.58736801147461
Step [  16/151] -> Date: 3/2010, Prediction: 69.04978942871094
Step [  17/151] -> Date: 4/2010, Prediction: 57.448265075683594
Step [  18/151] -> Date: 5/2010, Prediction: 65.7486801147461
Step [  19/151] -> Date: 6/2010, Prediction: 63.93681716918945
Step [  20/151] -> Date: 7/2010, Prediction: 63.660152435302734
Step [  21/151] -> Date: 8/2010, Prediction: 66.06973266601562
Step [  22/151] -> Date: 9/2010, Prediction: 85.13179779052734
Step [  23/151] -> Date: 10/2010, Prediction: 75.8258056640625
Step [  24/151] -> Date: 11/2010, Prediction: 83.43736267089844
Step [  25/151] -> Date: 12/2010, Prediction: 116.8809814453125
Step [  26/151] -> Date: 1/2011, Prediction: 119.49085235595703
Step [  27/151] -> Date: 2/2011, Prediction: 135.74298095703125
Step [  28/151] -> Date: 3/2011, Prediction: 137.02572631835938
Step [  29/151] -> Date: 4/2011, Prediction: 113.8302001953125
Step [  30/151] -> Date: 5/2011, Prediction: 126.03486633300781
Step [  31/151] -> Date: 6/2011, Prediction: 129.71353149414062
Step [  32/151] -> Date: 7/2011, Prediction: 118.29268646240234
Step [  33/151] -> Date: 8/2011, Prediction: 124.23815155029297
Step [  34/151] -> Date: 9/2011, Prediction: 128.11134338378906
Step [  35/151] -> Date: 10/2011, Prediction: 121.65678405761719
Step [  36/151] -> Date: 11/2011, Prediction: 142.86061096191406
Step [  37/151] -> Date: 12/2011, Prediction: 191.89596557617188
Step [  38/151] -> Date: 1/2012, Prediction: 178.40341186523438
Step [  39/151] -> Date: 2/2012, Prediction: 170.20162963867188
Step [  40/151] -> Date: 3/2012, Prediction: 157.42062377929688
Step [  41/151] -> Date: 4/2012, Prediction: 186.55984497070312
Step [  42/151] -> Date: 5/2012, Prediction: 192.08644104003906
Step [  43/151] -> Date: 6/2012, Prediction: 156.85018920898438
Step [  44/151] -> Date: 7/2012, Prediction: 163.9716796875
Step [  45/151] -> Date: 8/2012, Prediction: 176.73094177246094
Step [  46/151] -> Date: 9/2012, Prediction: 187.65379333496094
Step [  47/151] -> Date: 10/2012, Prediction: 187.99478149414062
Step [  48/151] -> Date: 11/2012, Prediction: 181.6920166015625
Step [  49/151] -> Date: 12/2012, Prediction: 190.86288452148438
Step [  50/151] -> Date: 1/2013, Prediction: 217.7393341064453
Step [  51/151] -> Date: 2/2013, Prediction: 193.4190216064453
Step [  52/151] -> Date: 3/2013, Prediction: 187.62484741210938
Step [  53/151] -> Date: 4/2013, Prediction: 177.5874481201172
Step [  54/151] -> Date: 5/2013, Prediction: 178.33853149414062
Step [  55/151] -> Date: 6/2013, Prediction: 159.71542358398438
Step [  56/151] -> Date: 7/2013, Prediction: 156.80238342285156
Step [  57/151] -> Date: 8/2013, Prediction: 146.1659393310547
Step [  58/151] -> Date: 9/2013, Prediction: 172.2877655029297
Step [  59/151] -> Date: 10/2013, Prediction: 176.63543701171875
Step [  60/151] -> Date: 11/2013, Prediction: 165.65121459960938
Step [  61/151] -> Date: 12/2013, Prediction: 178.54318237304688
Step [  62/151] -> Date: 1/2014, Prediction: 156.04867553710938
Step [  63/151] -> Date: 2/2014, Prediction: 171.11453247070312
Step [  64/151] -> Date: 3/2014, Prediction: 197.1795654296875
Step [  65/151] -> Date: 4/2014, Prediction: 184.09629821777344
Step [  66/151] -> Date: 5/2014, Prediction: 168.38119506835938
Step [  67/151] -> Date: 6/2014, Prediction: 172.37240600585938
Step [  68/151] -> Date: 7/2014, Prediction: 157.03709411621094
Step [  69/151] -> Date: 8/2014, Prediction: 152.83151245117188
Step [  70/151] -> Date: 9/2014, Prediction: 146.58377075195312
Step [  71/151] -> Date: 10/2014, Prediction: 167.49012756347656
Step [  72/151] -> Date: 11/2014, Prediction: 169.13803100585938
Step [  73/151] -> Date: 12/2014, Prediction: 131.84104919433594
Step [  74/151] -> Date: 1/2015, Prediction: 150.01174926757812
Step [  75/151] -> Date: 2/2015, Prediction: 158.27508544921875
Step [  76/151] -> Date: 3/2015, Prediction: 163.37127685546875
Step [  77/151] -> Date: 4/2015, Prediction: 158.42529296875
Step [  78/151] -> Date: 5/2015, Prediction: 146.0549774169922
Step [  79/151] -> Date: 6/2015, Prediction: 133.5974578857422
Step [  80/151] -> Date: 7/2015, Prediction: 129.0109100341797
Step [  81/151] -> Date: 8/2015, Prediction: 112.6731948852539
Step [  82/151] -> Date: 9/2015, Prediction: 124.95860290527344
Step [  83/151] -> Date: 10/2015, Prediction: 127.75383758544922
Step [  84/151] -> Date: 11/2015, Prediction: 132.42398071289062
Step [  85/151] -> Date: 12/2015, Prediction: 112.0145263671875
Step [  86/151] -> Date: 1/2016, Prediction: 110.50155639648438
Step [  87/151] -> Date: 2/2016, Prediction: 107.23623657226562
Step [  88/151] -> Date: 3/2016, Prediction: 86.57271575927734
Step [  89/151] -> Date: 4/2016, Prediction: 110.70317077636719
Step [  90/151] -> Date: 5/2016, Prediction: 99.45890808105469
Step [  91/151] -> Date: 6/2016, Prediction: 85.61705780029297
Step [  92/151] -> Date: 7/2016, Prediction: 86.05488586425781
Step [  93/151] -> Date: 8/2016, Prediction: 83.05158996582031
Step [  94/151] -> Date: 9/2016, Prediction: 83.73973083496094
Step [  95/151] -> Date: 10/2016, Prediction: 72.52897644042969
Step [  96/151] -> Date: 11/2016, Prediction: 75.69197082519531
Step [  97/151] -> Date: 12/2016, Prediction: 41.19513702392578
Step [  98/151] -> Date: 1/2017, Prediction: 58.14883804321289
Step [  99/151] -> Date: 2/2017, Prediction: 42.10710525512695
Step [ 100/151] -> Date: 3/2017, Prediction: 32.38440704345703
Step [ 101/151] -> Date: 4/2017, Prediction: 45.01776885986328
Step [ 102/151] -> Date: 5/2017, Prediction: 57.74399948120117
Step [ 103/151] -> Date: 6/2017, Prediction: 30.142126083374023
Step [ 104/151] -> Date: 7/2017, Prediction: 50.658103942871094
Step [ 105/151] -> Date: 8/2017, Prediction: 36.83993911743164
Step [ 106/151] -> Date: 9/2017, Prediction: 34.6826286315918
Step [ 107/151] -> Date: 10/2017, Prediction: 32.010684967041016
Step [ 108/151] -> Date: 11/2017, Prediction: 48.37322998046875
Step [ 109/151] -> Date: 12/2017, Prediction: 21.152568817138672
Step [ 110/151] -> Date: 1/2018, Prediction: 26.151844024658203
Step [ 111/151] -> Date: 2/2018, Prediction: 25.114299774169922
Step [ 112/151] -> Date: 3/2018, Prediction: 19.946462631225586
Step [ 113/151] -> Date: 4/2018, Prediction: 7.411520957946777
Step [ 114/151] -> Date: 5/2018, Prediction: 7.488377571105957
Step [ 115/151] -> Date: 6/2018, Prediction: 22.088483810424805
Step [ 116/151] -> Date: 7/2018, Prediction: 7.124960899353027
Step [ 117/151] -> Date: 8/2018, Prediction: 6.911739826202393
Step [ 118/151] -> Date: 9/2018, Prediction: 7.113488674163818
Step [ 119/151] -> Date: 10/2018, Prediction: 19.05088233947754
Step [ 120/151] -> Date: 11/2018, Prediction: 8.816306114196777
Step [ 121/151] -> Date: 12/2018, Prediction: 7.761081695556641
Step [ 122/151] -> Date: 1/2019, Prediction: 7.773684501647949
Step [ 123/151] -> Date: 2/2019, Prediction: 7.9106879234313965
Step [ 124/151] -> Date: 3/2019, Prediction: 7.867513179779053
Step [ 125/151] -> Date: 4/2019, Prediction: 7.708279609680176
Step [ 126/151] -> Date: 5/2019, Prediction: 10.208044052124023
Step [ 127/151] -> Date: 6/2019, Prediction: 10.165111541748047
Step [ 128/151] -> Date: 7/2019, Prediction: 10.245424270629883
Step [ 129/151] -> Date: 8/2019, Prediction: 7.328648090362549
Step [ 130/151] -> Date: 9/2019, Prediction: 7.262424468994141
Step [ 131/151] -> Date: 10/2019, Prediction: 7.358477592468262
Step [ 132/151] -> Date: 11/2019, Prediction: 7.579622268676758
Step [ 133/151] -> Date: 12/2019, Prediction: 17.78177261352539
Step [ 134/151] -> Date: 1/2020, Prediction: 14.930963516235352
Step [ 135/151] -> Date: 2/2020, Prediction: 12.224891662597656
Step [ 136/151] -> Date: 3/2020, Prediction: 12.381041526794434
Step [ 137/151] -> Date: 4/2020, Prediction: 9.509856224060059
Step [ 138/151] -> Date: 5/2020, Prediction: 11.020647048950195
Step [ 139/151] -> Date: 6/2020, Prediction: 17.519207000732422
Step [ 140/151] -> Date: 7/2020, Prediction: 14.606800079345703
Step [ 141/151] -> Date: 8/2020, Prediction: 18.35812759399414
Step [ 142/151] -> Date: 9/2020, Prediction: 22.992557525634766
Step [ 143/151] -> Date: 10/2020, Prediction: 14.522415161132812
Step [ 144/151] -> Date: 11/2020, Prediction: 11.502687454223633
Step [ 145/151] -> Date: 12/2020, Prediction: 41.80959701538086
Step [ 146/151] -> Date: 1/2021, Prediction: 36.90468978881836
Step [ 147/151] -> Date: 2/2021, Prediction: 35.567081451416016
Step [ 148/151] -> Date: 3/2021, Prediction: 37.120365142822266
Step [ 149/151] -> Date: 4/2021, Prediction: 40.59958267211914
Step [ 150/151] -> Date: 5/2021, Prediction: 39.92159652709961
Step [ 151/151] -> Date: 6/2021, Prediction: 38.469879150390625
----------------------------------------------------------------------------------------------------
Plotting data...
----------------------------------------------------------------------------------------------------
All newly generated files moved to saved outputs and shared with the cloud(Dropbox) successfully!
