----------------------------------------------------------------------------------------------------
Usage: python3 SSN_predictor.py <path_to_ssn_datafile> <path_to_aa_datafile>
----------------------------------------------------------------------------------------------------
Code running on device: cuda
----------------------------------------------------------------------------------------------------
Data loaded from file locations :
    SSN - /home/extern/Dropbox/Research/scripts/data/SILSO/TSN/SN_m_tot_V2.0.txt
    AA - /home/extern/Dropbox/Research/scripts/data/ISGI/aa_1869-01-01_2018-12-31_D.dat
----------------------------------------------------------------------------------------------------
Solar cycle data loaded/saved as: cycle_data.pickle
----------------------------------------------------------------------------------------------------
SC Number     Start Date       End Date      Solar Max   Length(in months)
         0      [1749, 1]      [1755, 1]         154.27                  73
         1      [1755, 2]      [1766, 5]         144.12                 136
         2      [1766, 6]      [1775, 5]         192.98                 108
         3      [1775, 6]      [1784, 8]         264.25                 111
         4      [1784, 9]      [1798, 3]         235.28                 163
         5      [1798, 4]     [1810, 11]          67.93                 152
         6     [1810, 12]      [1823, 4]          81.99                 149
         7      [1823, 5]     [1833, 10]          81.16                 126
         8     [1833, 11]      [1843, 6]         119.24                 116
         9      [1843, 7]     [1855, 11]         244.87                 149
        10     [1855, 12]      [1867, 2]         219.94                 135
        11      [1867, 3]     [1878, 11]         186.15                 141
        12     [1878, 12]      [1890, 2]         234.02                 135
        13      [1890, 3]      [1902, 0]         124.41                 142
        14      [1902, 1]      [1913, 6]         146.55                 138
        15      [1913, 7]      [1923, 7]         107.08                 121
        16      [1923, 8]      [1933, 8]         175.67                 121
        17      [1933, 9]      [1944, 1]         130.23                 125
        18      [1944, 2]      [1954, 3]         198.64                 122
        19      [1954, 4]      [1964, 9]         218.73                 126
        20     [1964, 10]      [1976, 2]          285.0                 137
        21      [1976, 3]      [1986, 8]         156.63                 126
        22      [1986, 9]      [1996, 4]         232.92                 116
        23      [1996, 5]     [2008, 11]         212.48                 151
        24     [2008, 12]     [2019, 11]         180.28                 132
----------------------------------------------------------------------------------------------------
Selected data:
    Training: SC 13 to 22
    Validation: SC 23
    Prediction: SC 24
----------------------------------------------------------------------------------------------------
Selected model: FFNN(
  (model): Sequential(
    (0): Linear(in_features=6, out_features=6, bias=True)
    (1): LeakyReLU(negative_slope=0.01, inplace=True)
    (2): Linear(in_features=6, out_features=3, bias=True)
    (3): LeakyReLU(negative_slope=0.01, inplace=True)
    (4): Linear(in_features=3, out_features=1, bias=True)
  )
)    Training mode: True    Prediction mode: True
----------------------------------------------------------------------------------------------------
Selected optimizer: Adam (
Parameter Group 0
    amsgrad: False
    betas: (0.9, 0.999)
    eps: 1e-08
    lr: 0.001
    weight_decay: 0
)
----------------------------------------------------------------------------------------------------
Selected scheduler: ReduceLROnPlateau(
    {'factor': 0.9, 'min_lrs': [0], 'patience': 10, 'verbose': True, 'cooldown': 0, 'cooldown_counter': 0, 'mode': 'min', 'threshold': 0.0001, 'threshold_mode': 'rel', 'best': inf, 'num_bad_epochs': 0, 'mode_worse': inf, 'eps': 1e-08, 'last_epoch': 0})
----------------------------------------------------------------------------------------------------
No pre-trained models available, initializing model weights
----------------------------------------------------------------------------------------------------
Training model with solar cycle 12 to 22 data with: num_epochs=800
Epoch [   5/800] -> Loss: 47.8022
Epoch [  10/800] -> Loss: 30.4559
Epoch [  15/800] -> Loss: 29.9169
Epoch [  20/800] -> Loss: 29.6785
Epoch [  25/800] -> Loss: 29.5221
Epoch [  30/800] -> Loss: 29.3691
Epoch [  35/800] -> Loss: 29.3385
Epoch [  40/800] -> Loss: 29.2433
Epoch [  45/800] -> Loss: 29.2311
Epoch [  50/800] -> Loss: 29.1347
Epoch [  55/800] -> Loss: 29.2006
Epoch [  60/800] -> Loss: 29.1496
Epoch    61: reducing learning rate of group 0 to 9.0000e-04.
Epoch [  65/800] -> Loss: 29.1111
Epoch [  70/800] -> Loss: 29.1116
Epoch [  75/800] -> Loss: 29.1014
Epoch [  80/800] -> Loss: 29.0609
Epoch [  85/800] -> Loss: 29.0922
Epoch [  90/800] -> Loss: 29.0933
Epoch    91: reducing learning rate of group 0 to 8.1000e-04.
Epoch [  95/800] -> Loss: 29.0584
----------------------------------------------------------------------------------------------------
Model checkpoint saved as _FFNN_100.pth
----------------------------------------------------------------------------------------------------
Epoch [ 100/800] -> Loss: 29.0559
Epoch [ 105/800] -> Loss: 29.0653
Epoch   109: reducing learning rate of group 0 to 7.2900e-04.
Epoch [ 110/800] -> Loss: 29.0466
Epoch [ 115/800] -> Loss: 29.0464
Epoch [ 120/800] -> Loss: 29.0283
Epoch   122: reducing learning rate of group 0 to 6.5610e-04.
Epoch [ 125/800] -> Loss: 29.0224
Epoch [ 130/800] -> Loss: 29.0016
Epoch [ 135/800] -> Loss: 29.0267
Epoch [ 140/800] -> Loss: 29.0094
Epoch   141: reducing learning rate of group 0 to 5.9049e-04.
Epoch [ 145/800] -> Loss: 29.0247
Epoch [ 150/800] -> Loss: 29.0159
Epoch   152: reducing learning rate of group 0 to 5.3144e-04.
Epoch [ 155/800] -> Loss: 29.0052
Epoch [ 160/800] -> Loss: 29.0003
Epoch   163: reducing learning rate of group 0 to 4.7830e-04.
Epoch [ 165/800] -> Loss: 29.0143
Epoch [ 170/800] -> Loss: 29.0028
Epoch [ 175/800] -> Loss: 29.0007
Epoch   178: reducing learning rate of group 0 to 4.3047e-04.
Epoch [ 180/800] -> Loss: 28.9970
Epoch [ 185/800] -> Loss: 28.9987
Epoch [ 190/800] -> Loss: 28.9903
Epoch   192: reducing learning rate of group 0 to 3.8742e-04.
Epoch [ 195/800] -> Loss: 28.9879
----------------------------------------------------------------------------------------------------
Model checkpoint saved as _FFNN_200.pth
----------------------------------------------------------------------------------------------------
Epoch [ 200/800] -> Loss: 28.9976
Epoch   203: reducing learning rate of group 0 to 3.4868e-04.
Epoch [ 205/800] -> Loss: 28.9976
Epoch [ 210/800] -> Loss: 28.9871
Epoch   214: reducing learning rate of group 0 to 3.1381e-04.
Epoch [ 215/800] -> Loss: 28.9908
Epoch [ 220/800] -> Loss: 28.9840
Epoch [ 225/800] -> Loss: 28.9911
Epoch [ 230/800] -> Loss: 28.9842
Epoch   234: reducing learning rate of group 0 to 2.8243e-04.
Epoch [ 235/800] -> Loss: 28.9824
Epoch [ 240/800] -> Loss: 28.9866
Epoch   245: reducing learning rate of group 0 to 2.5419e-04.
Epoch [ 245/800] -> Loss: 28.9854
Epoch [ 250/800] -> Loss: 28.9795
Epoch [ 255/800] -> Loss: 28.9729
Epoch   256: reducing learning rate of group 0 to 2.2877e-04.
Epoch [ 260/800] -> Loss: 28.9765
Epoch [ 265/800] -> Loss: 28.9752
Epoch [ 270/800] -> Loss: 28.9766
Epoch   275: reducing learning rate of group 0 to 2.0589e-04.
Epoch [ 275/800] -> Loss: 28.9773
Epoch [ 280/800] -> Loss: 28.9720
Epoch [ 285/800] -> Loss: 28.9698
Epoch   286: reducing learning rate of group 0 to 1.8530e-04.
Epoch [ 290/800] -> Loss: 28.9712
Epoch [ 295/800] -> Loss: 28.9695
Epoch   297: reducing learning rate of group 0 to 1.6677e-04.
----------------------------------------------------------------------------------------------------
Model checkpoint saved as _FFNN_300.pth
----------------------------------------------------------------------------------------------------
Epoch [ 300/800] -> Loss: 28.9713
Epoch [ 305/800] -> Loss: 28.9681
Epoch [ 310/800] -> Loss: 28.9697
Epoch   312: reducing learning rate of group 0 to 1.5009e-04.
Epoch [ 315/800] -> Loss: 28.9660
Epoch [ 320/800] -> Loss: 28.9656
Epoch [ 325/800] -> Loss: 28.9627
Epoch [ 330/800] -> Loss: 28.9659
Epoch   332: reducing learning rate of group 0 to 1.3509e-04.
Epoch [ 335/800] -> Loss: 28.9661
Epoch [ 340/800] -> Loss: 28.9669
Epoch   343: reducing learning rate of group 0 to 1.2158e-04.
Epoch [ 345/800] -> Loss: 28.9567
Epoch [ 350/800] -> Loss: 28.9629
Epoch [ 355/800] -> Loss: 28.9639
Epoch   356: reducing learning rate of group 0 to 1.0942e-04.
Epoch [ 360/800] -> Loss: 28.9626
Epoch [ 365/800] -> Loss: 28.9636
Epoch   367: reducing learning rate of group 0 to 9.8477e-05.
Epoch [ 370/800] -> Loss: 28.9607
Epoch [ 375/800] -> Loss: 28.9611
Epoch   378: reducing learning rate of group 0 to 8.8629e-05.
Epoch [ 380/800] -> Loss: 28.9609
Epoch [ 385/800] -> Loss: 28.9613
Epoch   389: reducing learning rate of group 0 to 7.9766e-05.
Epoch [ 390/800] -> Loss: 28.9599
Epoch [ 395/800] -> Loss: 28.9594
Epoch   400: reducing learning rate of group 0 to 7.1790e-05.
----------------------------------------------------------------------------------------------------
Model checkpoint saved as _FFNN_400.pth
----------------------------------------------------------------------------------------------------
Epoch [ 400/800] -> Loss: 28.9596
Epoch [ 405/800] -> Loss: 28.9582
Epoch [ 410/800] -> Loss: 28.9583
Epoch   411: reducing learning rate of group 0 to 6.4611e-05.
Epoch [ 415/800] -> Loss: 28.9567
Epoch [ 420/800] -> Loss: 28.9585
Epoch   422: reducing learning rate of group 0 to 5.8150e-05.
Epoch [ 425/800] -> Loss: 28.9566
Epoch [ 430/800] -> Loss: 28.9580
Epoch   433: reducing learning rate of group 0 to 5.2335e-05.
Epoch [ 435/800] -> Loss: 28.9561
Epoch [ 440/800] -> Loss: 28.9561
Epoch   444: reducing learning rate of group 0 to 4.7101e-05.
Epoch [ 445/800] -> Loss: 28.9555
Epoch [ 450/800] -> Loss: 28.9556
Epoch   455: reducing learning rate of group 0 to 4.2391e-05.
Epoch [ 455/800] -> Loss: 28.9558
Epoch [ 460/800] -> Loss: 28.9549
Epoch [ 465/800] -> Loss: 28.9548
Epoch   466: reducing learning rate of group 0 to 3.8152e-05.
Epoch [ 470/800] -> Loss: 28.9553
Epoch [ 475/800] -> Loss: 28.9552
Epoch [ 480/800] -> Loss: 28.9546
Epoch   485: reducing learning rate of group 0 to 3.4337e-05.
Epoch [ 485/800] -> Loss: 28.9542
Epoch [ 490/800] -> Loss: 28.9543
Epoch [ 495/800] -> Loss: 28.9549
Epoch   496: reducing learning rate of group 0 to 3.0903e-05.
----------------------------------------------------------------------------------------------------
Model checkpoint saved as _FFNN_500.pth
----------------------------------------------------------------------------------------------------
Epoch [ 500/800] -> Loss: 28.9534
Epoch [ 505/800] -> Loss: 28.9537
Epoch   507: reducing learning rate of group 0 to 2.7813e-05.
Epoch [ 510/800] -> Loss: 28.9538
Epoch [ 515/800] -> Loss: 28.9535
Epoch   518: reducing learning rate of group 0 to 2.5032e-05.
Epoch [ 520/800] -> Loss: 28.9528
Epoch [ 525/800] -> Loss: 28.9531
Epoch   529: reducing learning rate of group 0 to 2.2528e-05.
Epoch [ 530/800] -> Loss: 28.9529
Epoch [ 535/800] -> Loss: 28.9529
Epoch   540: reducing learning rate of group 0 to 2.0276e-05.
Epoch [ 540/800] -> Loss: 28.9527
Epoch [ 545/800] -> Loss: 28.9529
Epoch [ 550/800] -> Loss: 28.9528
Epoch   551: reducing learning rate of group 0 to 1.8248e-05.
Epoch [ 555/800] -> Loss: 28.9521
Epoch [ 560/800] -> Loss: 28.9525
Epoch   562: reducing learning rate of group 0 to 1.6423e-05.
Epoch [ 565/800] -> Loss: 28.9521
Epoch [ 570/800] -> Loss: 28.9521
Epoch   573: reducing learning rate of group 0 to 1.4781e-05.
Epoch [ 575/800] -> Loss: 28.9521
Epoch [ 580/800] -> Loss: 28.9520
Epoch   584: reducing learning rate of group 0 to 1.3303e-05.
Epoch [ 585/800] -> Loss: 28.9515
Epoch [ 590/800] -> Loss: 28.9521
Epoch   595: reducing learning rate of group 0 to 1.1973e-05.
Epoch [ 595/800] -> Loss: 28.9518
----------------------------------------------------------------------------------------------------
Model checkpoint saved as _FFNN_600.pth
----------------------------------------------------------------------------------------------------
Epoch [ 600/800] -> Loss: 28.9517
Epoch [ 605/800] -> Loss: 28.9514
Epoch   606: reducing learning rate of group 0 to 1.0775e-05.
Epoch [ 610/800] -> Loss: 28.9515
Epoch [ 615/800] -> Loss: 28.9515
Epoch   617: reducing learning rate of group 0 to 9.6977e-06.
Epoch [ 620/800] -> Loss: 28.9513
Epoch [ 625/800] -> Loss: 28.9514
Epoch   628: reducing learning rate of group 0 to 8.7280e-06.
Epoch [ 630/800] -> Loss: 28.9512
Epoch [ 635/800] -> Loss: 28.9514
Epoch   639: reducing learning rate of group 0 to 7.8552e-06.
Epoch [ 640/800] -> Loss: 28.9511
Epoch [ 645/800] -> Loss: 28.9513
Epoch   650: reducing learning rate of group 0 to 7.0697e-06.
Epoch [ 650/800] -> Loss: 28.9511
Epoch [ 655/800] -> Loss: 28.9511
Epoch [ 660/800] -> Loss: 28.9510
Epoch   661: reducing learning rate of group 0 to 6.3627e-06.
Epoch [ 665/800] -> Loss: 28.9510
Epoch [ 670/800] -> Loss: 28.9512
Epoch   672: reducing learning rate of group 0 to 5.7264e-06.
Epoch [ 675/800] -> Loss: 28.9509
Epoch [ 680/800] -> Loss: 28.9509
Epoch   683: reducing learning rate of group 0 to 5.1538e-06.
Epoch [ 685/800] -> Loss: 28.9509
Epoch [ 690/800] -> Loss: 28.9509
Epoch   694: reducing learning rate of group 0 to 4.6384e-06.
Epoch [ 695/800] -> Loss: 28.9508
----------------------------------------------------------------------------------------------------
Model checkpoint saved as _FFNN_700.pth
----------------------------------------------------------------------------------------------------
Epoch [ 700/800] -> Loss: 28.9508
Epoch   705: reducing learning rate of group 0 to 4.1746e-06.
Epoch [ 705/800] -> Loss: 28.9509
Epoch [ 710/800] -> Loss: 28.9508
Epoch [ 715/800] -> Loss: 28.9507
Epoch   717: reducing learning rate of group 0 to 3.7571e-06.
Epoch [ 720/800] -> Loss: 28.9507
Epoch [ 725/800] -> Loss: 28.9507
Epoch   728: reducing learning rate of group 0 to 3.3814e-06.
Epoch [ 730/800] -> Loss: 28.9507
Epoch [ 735/800] -> Loss: 28.9506
Epoch   739: reducing learning rate of group 0 to 3.0433e-06.
Epoch [ 740/800] -> Loss: 28.9506
Epoch [ 745/800] -> Loss: 28.9506
Epoch   750: reducing learning rate of group 0 to 2.7389e-06.
Epoch [ 750/800] -> Loss: 28.9507
Epoch [ 755/800] -> Loss: 28.9506
Epoch [ 760/800] -> Loss: 28.9506
Epoch   761: reducing learning rate of group 0 to 2.4650e-06.
Epoch [ 765/800] -> Loss: 28.9506
Epoch [ 770/800] -> Loss: 28.9506
Epoch   772: reducing learning rate of group 0 to 2.2185e-06.
Epoch [ 775/800] -> Loss: 28.9505
Epoch [ 780/800] -> Loss: 28.9505
Epoch   783: reducing learning rate of group 0 to 1.9967e-06.
Epoch [ 785/800] -> Loss: 28.9505
Epoch [ 790/800] -> Loss: 28.9505
Epoch   794: reducing learning rate of group 0 to 1.7970e-06.
Epoch [ 795/800] -> Loss: 28.9505
----------------------------------------------------------------------------------------------------
Model checkpoint saved as _FFNN_800.pth
----------------------------------------------------------------------------------------------------
Epoch [ 800/800] -> Loss: 28.9505
----------------------------------------------------------------------------------------------------
Plotting loss data...
----------------------------------------------------------------------------------------------------
Training finished successfully.
        Saved model checkpoints can be found in: /home/extern/Dropbox/Research/scripts/models/
        Saved data/loss graphs can be found in: /home/extern/Dropbox/Research/scripts/graphs/
----------------------------------------------------------------------------------------------------
Validating model for solar cycle 23 data
Step [   1/151] -> Date: 5/1996, Target: 7.6, Prediction: 24.72637367248535
Step [   2/151] -> Date: 6/1996, Target: 16.5, Prediction: 16.788036346435547
Step [   3/151] -> Date: 7/1996, Target: 11.8, Prediction: 14.980016708374023
Step [   4/151] -> Date: 8/1996, Target: 19.7, Prediction: 14.78146743774414
Step [   5/151] -> Date: 9/1996, Target: 3.0, Prediction: 14.36987590789795
Step [   6/151] -> Date: 10/1996, Target: 0.7, Prediction: 16.90248680114746
Step [   7/151] -> Date: 11/1996, Target: 24.9, Prediction: 25.678890228271484
Step [   8/151] -> Date: 12/1996, Target: 14.0, Prediction: 22.624698638916016
Step [   9/151] -> Date: 1/1997, Target: 7.4, Prediction: 13.427972793579102
Step [  10/151] -> Date: 2/1997, Target: 11.0, Prediction: 22.696062088012695
Step [  11/151] -> Date: 3/1997, Target: 12.1, Prediction: 28.714101791381836
Step [  12/151] -> Date: 4/1997, Target: 23.0, Prediction: 29.38255500793457
Step [  13/151] -> Date: 5/1997, Target: 25.4, Prediction: 67.16438293457031
Step [  14/151] -> Date: 6/1997, Target: 20.8, Prediction: 60.86012268066406
Step [  15/151] -> Date: 7/1997, Target: 12.9, Prediction: 51.10121154785156
Step [  16/151] -> Date: 8/1997, Target: 35.7, Prediction: 71.05882263183594
Step [  17/151] -> Date: 9/1997, Target: 59.7, Prediction: 61.19329833984375
Step [  18/151] -> Date: 10/1997, Target: 32.8, Prediction: 79.9481201171875
Step [  19/151] -> Date: 11/1997, Target: 50.4, Prediction: 86.3306884765625
Step [  20/151] -> Date: 12/1997, Target: 55.5, Prediction: 69.32337951660156
Step [  21/151] -> Date: 1/1998, Target: 44.5, Prediction: 88.65509033203125
Step [  22/151] -> Date: 2/1998, Target: 50.2, Prediction: 91.12105560302734
Step [  23/151] -> Date: 3/1998, Target: 82.0, Prediction: 94.58002471923828
Step [  24/151] -> Date: 4/1998, Target: 70.6, Prediction: 96.75341033935547
Step [  25/151] -> Date: 5/1998, Target: 74.0, Prediction: 137.7906951904297
Step [  26/151] -> Date: 6/1998, Target: 90.5, Prediction: 138.9528045654297
Step [  27/151] -> Date: 7/1998, Target: 96.7, Prediction: 171.0368194580078
Step [  28/151] -> Date: 8/1998, Target: 121.1, Prediction: 166.54454040527344
Step [  29/151] -> Date: 9/1998, Target: 132.0, Prediction: 163.1361541748047
Step [  30/151] -> Date: 10/1998, Target: 78.5, Prediction: 160.29478454589844
Step [  31/151] -> Date: 11/1998, Target: 97.3, Prediction: 146.6538543701172
Step [  32/151] -> Date: 12/1998, Target: 119.2, Prediction: 154.6021270751953
Step [  33/151] -> Date: 1/1999, Target: 86.0, Prediction: 189.6255645751953
Step [  34/151] -> Date: 2/1999, Target: 98.0, Prediction: 142.5606231689453
Step [  35/151] -> Date: 3/1999, Target: 103.5, Prediction: 169.1852264404297
Step [  36/151] -> Date: 4/1999, Target: 93.6, Prediction: 166.25384521484375
Step [  37/151] -> Date: 5/1999, Target: 149.6, Prediction: 190.52503967285156
Step [  38/151] -> Date: 6/1999, Target: 207.2, Prediction: 203.48873901367188
Step [  39/151] -> Date: 7/1999, Target: 173.5, Prediction: 192.0999755859375
Step [  40/151] -> Date: 8/1999, Target: 142.3, Prediction: 197.46441650390625
Step [  41/151] -> Date: 9/1999, Target: 106.3, Prediction: 179.0406036376953
Step [  42/151] -> Date: 10/1999, Target: 168.7, Prediction: 185.04275512695312
Step [  43/151] -> Date: 11/1999, Target: 188.3, Prediction: 184.77040100097656
Step [  44/151] -> Date: 12/1999, Target: 116.8, Prediction: 172.819580078125
Step [  45/151] -> Date: 1/2000, Target: 133.1, Prediction: 162.871337890625
Step [  46/151] -> Date: 2/2000, Target: 165.7, Prediction: 176.59454345703125
Step [  47/151] -> Date: 3/2000, Target: 217.7, Prediction: 204.0191192626953
Step [  48/151] -> Date: 4/2000, Target: 191.5, Prediction: 169.5586700439453
Step [  49/151] -> Date: 5/2000, Target: 165.9, Prediction: 193.97872924804688
Step [  50/151] -> Date: 6/2000, Target: 188.0, Prediction: 183.4991455078125
Step [  51/151] -> Date: 7/2000, Target: 244.3, Prediction: 190.86647033691406
Step [  52/151] -> Date: 8/2000, Target: 180.5, Prediction: 191.5287322998047
Step [  53/151] -> Date: 9/2000, Target: 156.0, Prediction: 210.90992736816406
Step [  54/151] -> Date: 10/2000, Target: 141.6, Prediction: 199.81768798828125
Step [  55/151] -> Date: 11/2000, Target: 158.1, Prediction: 190.66787719726562
Step [  56/151] -> Date: 12/2000, Target: 143.3, Prediction: 179.78924560546875
Step [  57/151] -> Date: 1/2001, Target: 142.6, Prediction: 215.98324584960938
Step [  58/151] -> Date: 2/2001, Target: 121.5, Prediction: 213.2630615234375
Step [  59/151] -> Date: 3/2001, Target: 165.8, Prediction: 215.842529296875
Step [  60/151] -> Date: 4/2001, Target: 161.7, Prediction: 182.9183807373047
Step [  61/151] -> Date: 5/2001, Target: 142.1, Prediction: 192.855224609375
Step [  62/151] -> Date: 6/2001, Target: 202.9, Prediction: 180.8685760498047
Step [  63/151] -> Date: 7/2001, Target: 123.0, Prediction: 194.48458862304688
Step [  64/151] -> Date: 8/2001, Target: 161.5, Prediction: 188.28675842285156
Step [  65/151] -> Date: 9/2001, Target: 238.2, Prediction: 210.38409423828125
Step [  66/151] -> Date: 10/2001, Target: 194.1, Prediction: 167.95065307617188
Step [  67/151] -> Date: 11/2001, Target: 176.6, Prediction: 158.6536102294922
Step [  68/151] -> Date: 12/2001, Target: 213.4, Prediction: 145.10951232910156
Step [  69/151] -> Date: 1/2002, Target: 184.6, Prediction: 143.92530822753906
Step [  70/151] -> Date: 2/2002, Target: 170.2, Prediction: 147.02635192871094
Step [  71/151] -> Date: 3/2002, Target: 147.1, Prediction: 140.48805236816406
Step [  72/151] -> Date: 4/2002, Target: 186.9, Prediction: 146.66331481933594
Step [  73/151] -> Date: 5/2002, Target: 187.5, Prediction: 135.43008422851562
Step [  74/151] -> Date: 6/2002, Target: 128.8, Prediction: 134.22695922851562
Step [  75/151] -> Date: 7/2002, Target: 161.0, Prediction: 132.35128784179688
Step [  76/151] -> Date: 8/2002, Target: 175.6, Prediction: 118.3882827758789
Step [  77/151] -> Date: 9/2002, Target: 187.9, Prediction: 135.60475158691406
Step [  78/151] -> Date: 10/2002, Target: 151.2, Prediction: 129.1224822998047
Step [  79/151] -> Date: 11/2002, Target: 147.2, Prediction: 121.44867706298828
Step [  80/151] -> Date: 12/2002, Target: 135.3, Prediction: 111.18363189697266
Step [  81/151] -> Date: 1/2003, Target: 133.5, Prediction: 106.428955078125
Step [  82/151] -> Date: 2/2003, Target: 75.7, Prediction: 108.94449615478516
Step [  83/151] -> Date: 3/2003, Target: 100.7, Prediction: 102.0128173828125
Step [  84/151] -> Date: 4/2003, Target: 97.9, Prediction: 91.74889373779297
Step [  85/151] -> Date: 5/2003, Target: 86.8, Prediction: 75.82128143310547
Step [  86/151] -> Date: 6/2003, Target: 118.7, Prediction: 67.90451049804688
Step [  87/151] -> Date: 7/2003, Target: 128.3, Prediction: 76.88638305664062
Step [  88/151] -> Date: 8/2003, Target: 115.4, Prediction: 84.59800720214844
Step [  89/151] -> Date: 9/2003, Target: 78.5, Prediction: 79.16898345947266
Step [  90/151] -> Date: 10/2003, Target: 97.8, Prediction: 73.47071075439453
Step [  91/151] -> Date: 11/2003, Target: 82.9, Prediction: 65.40052032470703
Step [  92/151] -> Date: 12/2003, Target: 72.2, Prediction: 65.3230972290039
Step [  93/151] -> Date: 1/2004, Target: 60.6, Prediction: 63.16163635253906
Step [  94/151] -> Date: 2/2004, Target: 74.6, Prediction: 64.46273040771484
Step [  95/151] -> Date: 3/2004, Target: 74.8, Prediction: 55.919761657714844
Step [  96/151] -> Date: 4/2004, Target: 59.2, Prediction: 60.66246795654297
Step [  97/151] -> Date: 5/2004, Target: 72.8, Prediction: 46.227333068847656
Step [  98/151] -> Date: 6/2004, Target: 66.5, Prediction: 27.979541778564453
Step [  99/151] -> Date: 7/2004, Target: 83.8, Prediction: 30.15684700012207
Step [ 100/151] -> Date: 8/2004, Target: 69.7, Prediction: 30.530344009399414
Step [ 101/151] -> Date: 9/2004, Target: 48.8, Prediction: 36.30926513671875
Step [ 102/151] -> Date: 10/2004, Target: 74.2, Prediction: 35.63848114013672
Step [ 103/151] -> Date: 11/2004, Target: 70.1, Prediction: 24.919862747192383
Step [ 104/151] -> Date: 12/2004, Target: 28.9, Prediction: 25.760793685913086
Step [ 105/151] -> Date: 1/2005, Target: 48.1, Prediction: 21.359817504882812
Step [ 106/151] -> Date: 2/2005, Target: 43.5, Prediction: 18.319398880004883
Step [ 107/151] -> Date: 3/2005, Target: 39.6, Prediction: 18.260608673095703
Step [ 108/151] -> Date: 4/2005, Target: 38.7, Prediction: 19.887022018432617
Step [ 109/151] -> Date: 5/2005, Target: 61.9, Prediction: 14.733646392822266
Step [ 110/151] -> Date: 6/2005, Target: 56.8, Prediction: 14.142574310302734
Step [ 111/151] -> Date: 7/2005, Target: 62.4, Prediction: 14.185256958007812
Step [ 112/151] -> Date: 8/2005, Target: 60.5, Prediction: 13.95720100402832
Step [ 113/151] -> Date: 9/2005, Target: 37.2, Prediction: 13.560490608215332
Step [ 114/151] -> Date: 10/2005, Target: 13.2, Prediction: 13.26657485961914
Step [ 115/151] -> Date: 11/2005, Target: 27.5, Prediction: 12.7040376663208
Step [ 116/151] -> Date: 12/2005, Target: 59.3, Prediction: 12.186002731323242
Step [ 117/151] -> Date: 1/2006, Target: 20.9, Prediction: 12.202974319458008
Step [ 118/151] -> Date: 2/2006, Target: 5.7, Prediction: 12.539881706237793
Step [ 119/151] -> Date: 3/2006, Target: 17.3, Prediction: 13.27153491973877
Step [ 120/151] -> Date: 4/2006, Target: 50.3, Prediction: 13.822832107543945
Step [ 121/151] -> Date: 5/2006, Target: 37.2, Prediction: 14.459256172180176
Step [ 122/151] -> Date: 6/2006, Target: 24.5, Prediction: 14.703402519226074
Step [ 123/151] -> Date: 7/2006, Target: 22.2, Prediction: 14.489468574523926
Step [ 124/151] -> Date: 8/2006, Target: 20.8, Prediction: 14.211691856384277
Step [ 125/151] -> Date: 9/2006, Target: 23.7, Prediction: 14.05372142791748
Step [ 126/151] -> Date: 10/2006, Target: 14.9, Prediction: 13.388016700744629
Step [ 127/151] -> Date: 11/2006, Target: 35.7, Prediction: 13.29233455657959
Step [ 128/151] -> Date: 12/2006, Target: 22.3, Prediction: 12.953457832336426
Step [ 129/151] -> Date: 1/2007, Target: 29.3, Prediction: 12.824403762817383
Step [ 130/151] -> Date: 2/2007, Target: 18.4, Prediction: 12.868715286254883
Step [ 131/151] -> Date: 3/2007, Target: 7.2, Prediction: 13.711629867553711
Step [ 132/151] -> Date: 4/2007, Target: 5.4, Prediction: 14.78416919708252
Step [ 133/151] -> Date: 5/2007, Target: 19.5, Prediction: 21.70433807373047
Step [ 134/151] -> Date: 6/2007, Target: 21.3, Prediction: 29.557231903076172
Step [ 135/151] -> Date: 7/2007, Target: 15.1, Prediction: 29.563554763793945
Step [ 136/151] -> Date: 8/2007, Target: 9.8, Prediction: 28.10121726989746
Step [ 137/151] -> Date: 9/2007, Target: 4.0, Prediction: 30.16472816467285
Step [ 138/151] -> Date: 10/2007, Target: 1.5, Prediction: 45.389305114746094
Step [ 139/151] -> Date: 11/2007, Target: 2.8, Prediction: 37.764713287353516
Step [ 140/151] -> Date: 12/2007, Target: 17.3, Prediction: 42.21319580078125
Step [ 141/151] -> Date: 1/2008, Target: 4.1, Prediction: 44.27081298828125
Step [ 142/151] -> Date: 2/2008, Target: 2.9, Prediction: 46.492095947265625
Step [ 143/151] -> Date: 3/2008, Target: 15.5, Prediction: 59.58125305175781
Step [ 144/151] -> Date: 4/2008, Target: 3.6, Prediction: 62.18678283691406
Step [ 145/151] -> Date: 5/2008, Target: 4.6, Prediction: 71.89935302734375
Step [ 146/151] -> Date: 6/2008, Target: 5.2, Prediction: 82.24647521972656
Step [ 147/151] -> Date: 7/2008, Target: 0.6, Prediction: 87.76432800292969
Step [ 148/151] -> Date: 8/2008, Target: 0.3, Prediction: 76.69302368164062
Step [ 149/151] -> Date: 9/2008, Target: 1.2, Prediction: 81.70670318603516
Step [ 150/151] -> Date: 10/2008, Target: 4.2, Prediction: 84.35958099365234
Step [ 151/151] -> Date: 11/2008, Target: 6.6, Prediction: 78.63926696777344
----------------------------------------------------------------------------------------------------
Average Validation Loss: 31.41173281574881
----------------------------------------------------------------------------------------------------
Plotting data...
----------------------------------------------------------------------------------------------------
Plotting loss data...
----------------------------------------------------------------------------------------------------
Validation finished successfully.

        Saved prediction/loss graphs can be found in: /home/extern/Dropbox/Research/scripts/graphs/
----------------------------------------------------------------------------------------------------
Predicting SC 24 using the above trained model
Step [   1/151] -> Date: 12/2008, Prediction: 14.746938705444336
Step [   2/151] -> Date: 1/2009, Prediction: 15.053848266601562
Step [   3/151] -> Date: 2/2009, Prediction: 18.27599334716797
Step [   4/151] -> Date: 3/2009, Prediction: 15.231557846069336
Step [   5/151] -> Date: 4/2009, Prediction: 14.66121768951416
Step [   6/151] -> Date: 5/2009, Prediction: 19.32636260986328
Step [   7/151] -> Date: 6/2009, Prediction: 13.84546184539795
Step [   8/151] -> Date: 7/2009, Prediction: 13.420368194580078
Step [   9/151] -> Date: 8/2009, Prediction: 13.677923202514648
Step [  10/151] -> Date: 9/2009, Prediction: 13.701932907104492
Step [  11/151] -> Date: 10/2009, Prediction: 16.211641311645508
Step [  12/151] -> Date: 11/2009, Prediction: 16.31005096435547
Step [  13/151] -> Date: 12/2009, Prediction: 44.859352111816406
Step [  14/151] -> Date: 1/2010, Prediction: 42.095436096191406
Step [  15/151] -> Date: 2/2010, Prediction: 52.852134704589844
Step [  16/151] -> Date: 3/2010, Prediction: 65.04147338867188
Step [  17/151] -> Date: 4/2010, Prediction: 54.17732238769531
Step [  18/151] -> Date: 5/2010, Prediction: 60.49755096435547
Step [  19/151] -> Date: 6/2010, Prediction: 58.754783630371094
Step [  20/151] -> Date: 7/2010, Prediction: 55.795616149902344
Step [  21/151] -> Date: 8/2010, Prediction: 57.015625
Step [  22/151] -> Date: 9/2010, Prediction: 72.27604675292969
Step [  23/151] -> Date: 10/2010, Prediction: 65.55702209472656
Step [  24/151] -> Date: 11/2010, Prediction: 71.53817749023438
Step [  25/151] -> Date: 12/2010, Prediction: 109.15306091308594
Step [  26/151] -> Date: 1/2011, Prediction: 112.87117767333984
Step [  27/151] -> Date: 2/2011, Prediction: 126.80384826660156
Step [  28/151] -> Date: 3/2011, Prediction: 129.37351989746094
Step [  29/151] -> Date: 4/2011, Prediction: 108.04790496826172
Step [  30/151] -> Date: 5/2011, Prediction: 116.86233520507812
Step [  31/151] -> Date: 6/2011, Prediction: 120.63109588623047
Step [  32/151] -> Date: 7/2011, Prediction: 108.06297302246094
Step [  33/151] -> Date: 8/2011, Prediction: 112.23314666748047
Step [  34/151] -> Date: 9/2011, Prediction: 114.9218521118164
Step [  35/151] -> Date: 10/2011, Prediction: 110.10713958740234
Step [  36/151] -> Date: 11/2011, Prediction: 131.1925506591797
Step [  37/151] -> Date: 12/2011, Prediction: 181.1305694580078
Step [  38/151] -> Date: 1/2012, Prediction: 169.9271697998047
Step [  39/151] -> Date: 2/2012, Prediction: 161.861572265625
Step [  40/151] -> Date: 3/2012, Prediction: 149.80081176757812
Step [  41/151] -> Date: 4/2012, Prediction: 175.1445770263672
Step [  42/151] -> Date: 5/2012, Prediction: 180.071044921875
Step [  43/151] -> Date: 6/2012, Prediction: 148.18020629882812
Step [  44/151] -> Date: 7/2012, Prediction: 155.36578369140625
Step [  45/151] -> Date: 8/2012, Prediction: 169.85023498535156
Step [  46/151] -> Date: 9/2012, Prediction: 185.4944610595703
Step [  47/151] -> Date: 10/2012, Prediction: 178.18826293945312
Step [  48/151] -> Date: 11/2012, Prediction: 168.21580505371094
Step [  49/151] -> Date: 12/2012, Prediction: 189.20787048339844
Step [  50/151] -> Date: 1/2013, Prediction: 215.71192932128906
Step [  51/151] -> Date: 2/2013, Prediction: 187.8360137939453
Step [  52/151] -> Date: 3/2013, Prediction: 180.78103637695312
Step [  53/151] -> Date: 4/2013, Prediction: 174.05718994140625
Step [  54/151] -> Date: 5/2013, Prediction: 180.58889770507812
Step [  55/151] -> Date: 6/2013, Prediction: 166.13182067871094
Step [  56/151] -> Date: 7/2013, Prediction: 163.95103454589844
Step [  57/151] -> Date: 8/2013, Prediction: 154.57992553710938
Step [  58/151] -> Date: 9/2013, Prediction: 180.90823364257812
Step [  59/151] -> Date: 10/2013, Prediction: 180.4316864013672
Step [  60/151] -> Date: 11/2013, Prediction: 166.80052185058594
Step [  61/151] -> Date: 12/2013, Prediction: 184.6834259033203
Step [  62/151] -> Date: 1/2014, Prediction: 153.42556762695312
Step [  63/151] -> Date: 2/2014, Prediction: 170.39755249023438
Step [  64/151] -> Date: 3/2014, Prediction: 203.1973114013672
Step [  65/151] -> Date: 4/2014, Prediction: 188.78028869628906
Step [  66/151] -> Date: 5/2014, Prediction: 178.2626953125
Step [  67/151] -> Date: 6/2014, Prediction: 181.3450469970703
Step [  68/151] -> Date: 7/2014, Prediction: 166.0771484375
Step [  69/151] -> Date: 8/2014, Prediction: 164.5120391845703
Step [  70/151] -> Date: 9/2014, Prediction: 161.29736328125
Step [  71/151] -> Date: 10/2014, Prediction: 179.92030334472656
Step [  72/151] -> Date: 11/2014, Prediction: 178.2278289794922
Step [  73/151] -> Date: 12/2014, Prediction: 128.3797607421875
Step [  74/151] -> Date: 1/2015, Prediction: 144.852294921875
Step [  75/151] -> Date: 2/2015, Prediction: 152.70745849609375
Step [  76/151] -> Date: 3/2015, Prediction: 157.74356079101562
Step [  77/151] -> Date: 4/2015, Prediction: 149.61402893066406
Step [  78/151] -> Date: 5/2015, Prediction: 143.8381805419922
Step [  79/151] -> Date: 6/2015, Prediction: 136.1228790283203
Step [  80/151] -> Date: 7/2015, Prediction: 134.3413848876953
Step [  81/151] -> Date: 8/2015, Prediction: 112.81937408447266
Step [  82/151] -> Date: 9/2015, Prediction: 124.09346771240234
Step [  83/151] -> Date: 10/2015, Prediction: 122.88314056396484
Step [  84/151] -> Date: 11/2015, Prediction: 121.82367706298828
Step [  85/151] -> Date: 12/2015, Prediction: 101.55162048339844
Step [  86/151] -> Date: 1/2016, Prediction: 103.25479888916016
Step [  87/151] -> Date: 2/2016, Prediction: 100.56822967529297
Step [  88/151] -> Date: 3/2016, Prediction: 83.6737289428711
Step [  89/151] -> Date: 4/2016, Prediction: 100.3066177368164
Step [  90/151] -> Date: 5/2016, Prediction: 90.62785339355469
Step [  91/151] -> Date: 6/2016, Prediction: 79.59496307373047
Step [  92/151] -> Date: 7/2016, Prediction: 76.98358154296875
Step [  93/151] -> Date: 8/2016, Prediction: 76.06683349609375
Step [  94/151] -> Date: 9/2016, Prediction: 76.1478042602539
Step [  95/151] -> Date: 10/2016, Prediction: 67.73262786865234
Step [  96/151] -> Date: 11/2016, Prediction: 72.40573120117188
Step [  97/151] -> Date: 12/2016, Prediction: 38.86728286743164
Step [  98/151] -> Date: 1/2017, Prediction: 52.63611602783203
Step [  99/151] -> Date: 2/2017, Prediction: 42.14906311035156
Step [ 100/151] -> Date: 3/2017, Prediction: 33.91974639892578
Step [ 101/151] -> Date: 4/2017, Prediction: 44.48528289794922
Step [ 102/151] -> Date: 5/2017, Prediction: 50.575050354003906
Step [ 103/151] -> Date: 6/2017, Prediction: 27.26808738708496
Step [ 104/151] -> Date: 7/2017, Prediction: 40.74932861328125
Step [ 105/151] -> Date: 8/2017, Prediction: 30.897951126098633
Step [ 106/151] -> Date: 9/2017, Prediction: 28.733427047729492
Step [ 107/151] -> Date: 10/2017, Prediction: 27.374467849731445
Step [ 108/151] -> Date: 11/2017, Prediction: 41.21501159667969
Step [ 109/151] -> Date: 12/2017, Prediction: 16.66839599609375
Step [ 110/151] -> Date: 1/2018, Prediction: 21.736007690429688
Step [ 111/151] -> Date: 2/2018, Prediction: 21.840499877929688
Step [ 112/151] -> Date: 3/2018, Prediction: 16.017133712768555
Step [ 113/151] -> Date: 4/2018, Prediction: 13.388601303100586
Step [ 114/151] -> Date: 5/2018, Prediction: 13.250236511230469
Step [ 115/151] -> Date: 6/2018, Prediction: 17.557022094726562
Step [ 116/151] -> Date: 7/2018, Prediction: 12.380090713500977
Step [ 117/151] -> Date: 8/2018, Prediction: 12.148161888122559
Step [ 118/151] -> Date: 9/2018, Prediction: 12.684479713439941
Step [ 119/151] -> Date: 10/2018, Prediction: 13.765314102172852
Step [ 120/151] -> Date: 11/2018, Prediction: 13.753416061401367
Step [ 121/151] -> Date: 12/2018, Prediction: 14.4315824508667
Step [ 122/151] -> Date: 1/2019, Prediction: 14.472875595092773
Step [ 123/151] -> Date: 2/2019, Prediction: 14.7025146484375
Step [ 124/151] -> Date: 3/2019, Prediction: 14.38755989074707
Step [ 125/151] -> Date: 4/2019, Prediction: 13.902263641357422
Step [ 126/151] -> Date: 5/2019, Prediction: 13.79977798461914
Step [ 127/151] -> Date: 6/2019, Prediction: 13.58458137512207
Step [ 128/151] -> Date: 7/2019, Prediction: 13.225046157836914
Step [ 129/151] -> Date: 8/2019, Prediction: 12.829401016235352
Step [ 130/151] -> Date: 9/2019, Prediction: 12.973228454589844
Step [ 131/151] -> Date: 10/2019, Prediction: 13.422462463378906
Step [ 132/151] -> Date: 11/2019, Prediction: 13.964380264282227
Step [ 133/151] -> Date: 12/2019, Prediction: 14.903186798095703
Step [ 134/151] -> Date: 1/2020, Prediction: 15.050703048706055
Step [ 135/151] -> Date: 2/2020, Prediction: 14.94093132019043
Step [ 136/151] -> Date: 3/2020, Prediction: 14.793085098266602
Step [ 137/151] -> Date: 4/2020, Prediction: 14.189998626708984
Step [ 138/151] -> Date: 5/2020, Prediction: 13.772358894348145
Step [ 139/151] -> Date: 6/2020, Prediction: 13.859482765197754
Step [ 140/151] -> Date: 7/2020, Prediction: 13.324146270751953
Step [ 141/151] -> Date: 8/2020, Prediction: 13.616964340209961
Step [ 142/151] -> Date: 9/2020, Prediction: 14.225179672241211
Step [ 143/151] -> Date: 10/2020, Prediction: 14.024393081665039
Step [ 144/151] -> Date: 11/2020, Prediction: 14.29555892944336
Step [ 145/151] -> Date: 12/2020, Prediction: 38.853492736816406
Step [ 146/151] -> Date: 1/2021, Prediction: 36.64500427246094
Step [ 147/151] -> Date: 2/2021, Prediction: 36.782196044921875
Step [ 148/151] -> Date: 3/2021, Prediction: 38.187644958496094
Step [ 149/151] -> Date: 4/2021, Prediction: 40.307899475097656
Step [ 150/151] -> Date: 5/2021, Prediction: 39.24272155761719
Step [ 151/151] -> Date: 6/2021, Prediction: 36.296485900878906
----------------------------------------------------------------------------------------------------
Plotting data...
----------------------------------------------------------------------------------------------------
All newly generated files moved to saved outputs and shared with the cloud(Dropbox) successfully!
