----------------------------------------------------------------------------------------------------
Usage: python3 SSN_predictor.py <path_to_ssn_datafile> <path_to_aa_datafile>
----------------------------------------------------------------------------------------------------
Code running on device: cuda
----------------------------------------------------------------------------------------------------
Data loaded from file locations :
    SSN - /home/extern/Dropbox/Research/scripts/data/SILSO/TSN/SN_m_tot_V2.0.txt
    AA - /home/extern/Dropbox/Research/scripts/data/ISGI/aa_1869-01-01_2018-12-31_D.dat
----------------------------------------------------------------------------------------------------
Solar cycle data loaded/saved as: cycle_data.pickle
----------------------------------------------------------------------------------------------------
SC Number     Start Date       End Date      Solar Max   Length(in months)
         0      [1749, 1]      [1755, 1]         154.27                  73
         1      [1755, 2]      [1766, 5]         144.12                 136
         2      [1766, 6]      [1775, 5]         192.98                 108
         3      [1775, 6]      [1784, 8]         264.25                 111
         4      [1784, 9]      [1798, 3]         235.28                 163
         5      [1798, 4]     [1810, 11]          67.93                 152
         6     [1810, 12]      [1823, 4]          81.99                 149
         7      [1823, 5]     [1833, 10]          81.16                 126
         8     [1833, 11]      [1843, 6]         119.24                 116
         9      [1843, 7]     [1855, 11]         244.87                 149
        10     [1855, 12]      [1867, 2]         219.94                 135
        11      [1867, 3]     [1878, 11]         186.15                 141
        12     [1878, 12]      [1890, 2]         234.02                 135
        13      [1890, 3]      [1902, 0]         124.41                 142
        14      [1902, 1]      [1913, 6]         146.55                 138
        15      [1913, 7]      [1923, 7]         107.08                 121
        16      [1923, 8]      [1933, 8]         175.67                 121
        17      [1933, 9]      [1944, 1]         130.23                 125
        18      [1944, 2]      [1954, 3]         198.64                 122
        19      [1954, 4]      [1964, 9]         218.73                 126
        20     [1964, 10]      [1976, 2]          285.0                 137
        21      [1976, 3]      [1986, 8]         156.63                 126
        22      [1986, 9]      [1996, 4]         232.92                 116
        23      [1996, 5]     [2008, 11]         212.48                 151
        24     [2008, 12]     [2019, 11]         180.28                 132
----------------------------------------------------------------------------------------------------
Selected data:
    Training: SC 13 to 22
    Validation: SC 23
    Prediction: SC 24
----------------------------------------------------------------------------------------------------
Selected model: FFNN(
  (model): Sequential(
    (0): Linear(in_features=6, out_features=6, bias=True)
    (1): LeakyReLU(negative_slope=0.01, inplace=True)
    (2): Linear(in_features=6, out_features=3, bias=True)
    (3): LeakyReLU(negative_slope=0.01, inplace=True)
    (4): Linear(in_features=3, out_features=1, bias=True)
  )
)    Training mode: True    Prediction mode: True
----------------------------------------------------------------------------------------------------
Selected optimizer: Adam (
Parameter Group 0
    amsgrad: False
    betas: (0.9, 0.999)
    eps: 1e-08
    lr: 0.0005
    weight_decay: 0
)
----------------------------------------------------------------------------------------------------
Selected scheduler: ReduceLROnPlateau(
    {'factor': 0.9, 'min_lrs': [0], 'patience': 10, 'verbose': True, 'cooldown': 0, 'cooldown_counter': 0, 'mode': 'min', 'threshold': 0.0001, 'threshold_mode': 'rel', 'best': inf, 'num_bad_epochs': 0, 'mode_worse': inf, 'eps': 1e-08, 'last_epoch': 0})
----------------------------------------------------------------------------------------------------
No pre-trained models available, initializing model weights
----------------------------------------------------------------------------------------------------
Training model with solar cycle 12 to 22 data with: num_epochs=1200
Epoch [   5/1200] -> Loss: 57.7254
Epoch [  10/1200] -> Loss: 49.7633
Epoch [  15/1200] -> Loss: 33.8869
Epoch [  20/1200] -> Loss: 30.6545
Epoch [  25/1200] -> Loss: 30.1057
Epoch [  30/1200] -> Loss: 29.8722
Epoch [  35/1200] -> Loss: 29.7374
Epoch [  40/1200] -> Loss: 29.6386
Epoch [  45/1200] -> Loss: 29.5805
Epoch [  50/1200] -> Loss: 29.4869
Epoch [  55/1200] -> Loss: 29.4723
Epoch [  60/1200] -> Loss: 29.4177
Epoch [  65/1200] -> Loss: 29.3606
Epoch [  70/1200] -> Loss: 29.3255
Epoch [  75/1200] -> Loss: 29.2938
Epoch [  80/1200] -> Loss: 29.2572
Epoch [  85/1200] -> Loss: 29.2436
Epoch [  90/1200] -> Loss: 29.2419
Epoch [  95/1200] -> Loss: 29.2091
----------------------------------------------------------------------------------------------------
Model checkpoint saved as _FFNN_100.pth
----------------------------------------------------------------------------------------------------
Epoch [ 100/1200] -> Loss: 29.2069
Epoch [ 105/1200] -> Loss: 29.1940
Epoch [ 110/1200] -> Loss: 29.1769
Epoch [ 115/1200] -> Loss: 29.1712
Epoch [ 120/1200] -> Loss: 29.1368
Epoch [ 125/1200] -> Loss: 29.1206
Epoch [ 130/1200] -> Loss: 29.1306
Epoch [ 135/1200] -> Loss: 29.1312
Epoch   136: reducing learning rate of group 0 to 4.5000e-04.
Epoch [ 140/1200] -> Loss: 29.1119
Epoch [ 145/1200] -> Loss: 29.1066
Epoch [ 150/1200] -> Loss: 29.1011
Epoch [ 155/1200] -> Loss: 29.0984
Epoch [ 160/1200] -> Loss: 29.0902
Epoch [ 165/1200] -> Loss: 29.0932
Epoch [ 170/1200] -> Loss: 29.0820
Epoch [ 175/1200] -> Loss: 29.0852
Epoch [ 180/1200] -> Loss: 29.0782
Epoch [ 185/1200] -> Loss: 29.0809
Epoch [ 190/1200] -> Loss: 29.0617
Epoch [ 195/1200] -> Loss: 29.0670
Epoch   200: reducing learning rate of group 0 to 4.0500e-04.
----------------------------------------------------------------------------------------------------
Model checkpoint saved as _FFNN_200.pth
----------------------------------------------------------------------------------------------------
Epoch [ 200/1200] -> Loss: 29.0658
Epoch [ 205/1200] -> Loss: 29.0585
Epoch [ 210/1200] -> Loss: 29.0401
Epoch [ 215/1200] -> Loss: 29.0497
Epoch [ 220/1200] -> Loss: 29.0428
Epoch [ 225/1200] -> Loss: 29.0434
Epoch [ 230/1200] -> Loss: 29.0341
Epoch   234: reducing learning rate of group 0 to 3.6450e-04.
Epoch [ 235/1200] -> Loss: 29.0283
Epoch [ 240/1200] -> Loss: 29.0379
Epoch   245: reducing learning rate of group 0 to 3.2805e-04.
Epoch [ 245/1200] -> Loss: 29.0310
Epoch [ 250/1200] -> Loss: 29.0162
Epoch [ 255/1200] -> Loss: 29.0131
Epoch [ 260/1200] -> Loss: 29.0208
Epoch [ 265/1200] -> Loss: 29.0152
Epoch   266: reducing learning rate of group 0 to 2.9525e-04.
Epoch [ 270/1200] -> Loss: 29.0137
Epoch [ 275/1200] -> Loss: 29.0087
Epoch [ 280/1200] -> Loss: 29.0113
Epoch [ 285/1200] -> Loss: 29.0104
Epoch [ 290/1200] -> Loss: 29.0115
Epoch   293: reducing learning rate of group 0 to 2.6572e-04.
Epoch [ 295/1200] -> Loss: 29.0059
----------------------------------------------------------------------------------------------------
Model checkpoint saved as _FFNN_300.pth
----------------------------------------------------------------------------------------------------
Epoch [ 300/1200] -> Loss: 29.0055
Epoch   304: reducing learning rate of group 0 to 2.3915e-04.
Epoch [ 305/1200] -> Loss: 28.9998
Epoch [ 310/1200] -> Loss: 29.0027
Epoch   315: reducing learning rate of group 0 to 2.1523e-04.
Epoch [ 315/1200] -> Loss: 29.0022
Epoch [ 320/1200] -> Loss: 28.9988
Epoch [ 325/1200] -> Loss: 28.9977
Epoch   326: reducing learning rate of group 0 to 1.9371e-04.
Epoch [ 330/1200] -> Loss: 28.9962
Epoch [ 335/1200] -> Loss: 28.9981
Epoch   337: reducing learning rate of group 0 to 1.7434e-04.
Epoch [ 340/1200] -> Loss: 28.9956
Epoch [ 345/1200] -> Loss: 28.9813
Epoch [ 350/1200] -> Loss: 28.9927
Epoch [ 355/1200] -> Loss: 28.9934
Epoch   356: reducing learning rate of group 0 to 1.5691e-04.
Epoch [ 360/1200] -> Loss: 28.9904
Epoch [ 365/1200] -> Loss: 28.9922
Epoch   367: reducing learning rate of group 0 to 1.4121e-04.
Epoch [ 370/1200] -> Loss: 28.9875
Epoch [ 375/1200] -> Loss: 28.9873
Epoch   378: reducing learning rate of group 0 to 1.2709e-04.
Epoch [ 380/1200] -> Loss: 28.9890
Epoch [ 385/1200] -> Loss: 28.9883
Epoch   389: reducing learning rate of group 0 to 1.1438e-04.
Epoch [ 390/1200] -> Loss: 28.9880
Epoch [ 395/1200] -> Loss: 28.9859
Epoch   400: reducing learning rate of group 0 to 1.0295e-04.
----------------------------------------------------------------------------------------------------
Model checkpoint saved as _FFNN_400.pth
----------------------------------------------------------------------------------------------------
Epoch [ 400/1200] -> Loss: 28.9863
Epoch [ 405/1200] -> Loss: 28.9842
Epoch [ 410/1200] -> Loss: 28.9837
Epoch   411: reducing learning rate of group 0 to 9.2651e-05.
Epoch [ 415/1200] -> Loss: 28.9823
Epoch [ 420/1200] -> Loss: 28.9838
Epoch   422: reducing learning rate of group 0 to 8.3386e-05.
Epoch [ 425/1200] -> Loss: 28.9818
Epoch [ 430/1200] -> Loss: 28.9828
Epoch   433: reducing learning rate of group 0 to 7.5047e-05.
Epoch [ 435/1200] -> Loss: 28.9807
Epoch [ 440/1200] -> Loss: 28.9810
Epoch   444: reducing learning rate of group 0 to 6.7543e-05.
Epoch [ 445/1200] -> Loss: 28.9798
Epoch [ 450/1200] -> Loss: 28.9795
Epoch   455: reducing learning rate of group 0 to 6.0788e-05.
Epoch [ 455/1200] -> Loss: 28.9802
Epoch [ 460/1200] -> Loss: 28.9785
Epoch [ 465/1200] -> Loss: 28.9790
Epoch   466: reducing learning rate of group 0 to 5.4709e-05.
Epoch [ 470/1200] -> Loss: 28.9793
Epoch [ 475/1200] -> Loss: 28.9790
Epoch   480: reducing learning rate of group 0 to 4.9239e-05.
Epoch [ 480/1200] -> Loss: 28.9780
Epoch [ 485/1200] -> Loss: 28.9776
Epoch [ 490/1200] -> Loss: 28.9779
Epoch   491: reducing learning rate of group 0 to 4.4315e-05.
Epoch [ 495/1200] -> Loss: 28.9777
----------------------------------------------------------------------------------------------------
Model checkpoint saved as _FFNN_500.pth
----------------------------------------------------------------------------------------------------
Epoch [ 500/1200] -> Loss: 28.9766
Epoch   502: reducing learning rate of group 0 to 3.9883e-05.
Epoch [ 505/1200] -> Loss: 28.9764
Epoch [ 510/1200] -> Loss: 28.9769
Epoch   513: reducing learning rate of group 0 to 3.5895e-05.
Epoch [ 515/1200] -> Loss: 28.9761
Epoch [ 520/1200] -> Loss: 28.9757
Epoch   524: reducing learning rate of group 0 to 3.2305e-05.
Epoch [ 525/1200] -> Loss: 28.9756
Epoch [ 530/1200] -> Loss: 28.9757
Epoch   535: reducing learning rate of group 0 to 2.9075e-05.
Epoch [ 535/1200] -> Loss: 28.9759
Epoch [ 540/1200] -> Loss: 28.9749
Epoch [ 545/1200] -> Loss: 28.9757
Epoch   546: reducing learning rate of group 0 to 2.6167e-05.
Epoch [ 550/1200] -> Loss: 28.9750
Epoch [ 555/1200] -> Loss: 28.9746
Epoch   560: reducing learning rate of group 0 to 2.3551e-05.
Epoch [ 560/1200] -> Loss: 28.9750
Epoch [ 565/1200] -> Loss: 28.9745
Epoch [ 570/1200] -> Loss: 28.9745
Epoch   571: reducing learning rate of group 0 to 2.1196e-05.
Epoch [ 575/1200] -> Loss: 28.9742
Epoch [ 580/1200] -> Loss: 28.9742
Epoch   582: reducing learning rate of group 0 to 1.9076e-05.
Epoch [ 585/1200] -> Loss: 28.9736
Epoch [ 590/1200] -> Loss: 28.9742
Epoch   593: reducing learning rate of group 0 to 1.7168e-05.
Epoch [ 595/1200] -> Loss: 28.9737
----------------------------------------------------------------------------------------------------
Model checkpoint saved as _FFNN_600.pth
----------------------------------------------------------------------------------------------------
Epoch [ 600/1200] -> Loss: 28.9738
Epoch   604: reducing learning rate of group 0 to 1.5452e-05.
Epoch [ 605/1200] -> Loss: 28.9732
Epoch [ 610/1200] -> Loss: 28.9734
Epoch   615: reducing learning rate of group 0 to 1.3906e-05.
Epoch [ 615/1200] -> Loss: 28.9735
Epoch [ 620/1200] -> Loss: 28.9731
Epoch [ 625/1200] -> Loss: 28.9733
Epoch   626: reducing learning rate of group 0 to 1.2516e-05.
Epoch [ 630/1200] -> Loss: 28.9730
Epoch [ 635/1200] -> Loss: 28.9732
Epoch   637: reducing learning rate of group 0 to 1.1264e-05.
Epoch [ 640/1200] -> Loss: 28.9729
Epoch [ 645/1200] -> Loss: 28.9731
Epoch   648: reducing learning rate of group 0 to 1.0138e-05.
Epoch [ 650/1200] -> Loss: 28.9728
Epoch [ 655/1200] -> Loss: 28.9729
Epoch   659: reducing learning rate of group 0 to 9.1240e-06.
Epoch [ 660/1200] -> Loss: 28.9726
Epoch [ 665/1200] -> Loss: 28.9726
Epoch   670: reducing learning rate of group 0 to 8.2116e-06.
Epoch [ 670/1200] -> Loss: 28.9729
Epoch [ 675/1200] -> Loss: 28.9725
Epoch [ 680/1200] -> Loss: 28.9725
Epoch   681: reducing learning rate of group 0 to 7.3904e-06.
Epoch [ 685/1200] -> Loss: 28.9725
Epoch [ 690/1200] -> Loss: 28.9724
Epoch   692: reducing learning rate of group 0 to 6.6514e-06.
Epoch [ 695/1200] -> Loss: 28.9723
----------------------------------------------------------------------------------------------------
Model checkpoint saved as _FFNN_700.pth
----------------------------------------------------------------------------------------------------
Epoch [ 700/1200] -> Loss: 28.9724
Epoch   703: reducing learning rate of group 0 to 5.9863e-06.
Epoch [ 705/1200] -> Loss: 28.9724
Epoch [ 710/1200] -> Loss: 28.9723
Epoch   714: reducing learning rate of group 0 to 5.3876e-06.
Epoch [ 715/1200] -> Loss: 28.9722
Epoch [ 720/1200] -> Loss: 28.9721
Epoch   725: reducing learning rate of group 0 to 4.8489e-06.
Epoch [ 725/1200] -> Loss: 28.9722
Epoch [ 730/1200] -> Loss: 28.9721
Epoch [ 735/1200] -> Loss: 28.9721
Epoch   736: reducing learning rate of group 0 to 4.3640e-06.
Epoch [ 740/1200] -> Loss: 28.9721
Epoch [ 745/1200] -> Loss: 28.9721
Epoch   747: reducing learning rate of group 0 to 3.9276e-06.
Epoch [ 750/1200] -> Loss: 28.9721
Epoch [ 755/1200] -> Loss: 28.9721
Epoch   758: reducing learning rate of group 0 to 3.5348e-06.
Epoch [ 760/1200] -> Loss: 28.9720
Epoch [ 765/1200] -> Loss: 28.9720
Epoch   769: reducing learning rate of group 0 to 3.1813e-06.
Epoch [ 770/1200] -> Loss: 28.9719
Epoch [ 775/1200] -> Loss: 28.9719
Epoch   780: reducing learning rate of group 0 to 2.8632e-06.
Epoch [ 780/1200] -> Loss: 28.9719
Epoch [ 785/1200] -> Loss: 28.9719
Epoch [ 790/1200] -> Loss: 28.9719
Epoch   791: reducing learning rate of group 0 to 2.5769e-06.
Epoch [ 795/1200] -> Loss: 28.9718
----------------------------------------------------------------------------------------------------
Model checkpoint saved as _FFNN_800.pth
----------------------------------------------------------------------------------------------------
Epoch [ 800/1200] -> Loss: 28.9718
Epoch   802: reducing learning rate of group 0 to 2.3192e-06.
Epoch [ 805/1200] -> Loss: 28.9718
Epoch [ 810/1200] -> Loss: 28.9718
Epoch   813: reducing learning rate of group 0 to 2.0873e-06.
Epoch [ 815/1200] -> Loss: 28.9718
Epoch [ 820/1200] -> Loss: 28.9718
Epoch   824: reducing learning rate of group 0 to 1.8786e-06.
Epoch [ 825/1200] -> Loss: 28.9718
Epoch [ 830/1200] -> Loss: 28.9717
Epoch   835: reducing learning rate of group 0 to 1.6907e-06.
Epoch [ 835/1200] -> Loss: 28.9717
Epoch [ 840/1200] -> Loss: 28.9717
Epoch [ 845/1200] -> Loss: 28.9718
Epoch [ 850/1200] -> Loss: 28.9717
Epoch [ 855/1200] -> Loss: 28.9717
Epoch   857: reducing learning rate of group 0 to 1.5216e-06.
Epoch [ 860/1200] -> Loss: 28.9717
Epoch [ 865/1200] -> Loss: 28.9717
Epoch   868: reducing learning rate of group 0 to 1.3695e-06.
Epoch [ 870/1200] -> Loss: 28.9717
Epoch [ 875/1200] -> Loss: 28.9717
Epoch   879: reducing learning rate of group 0 to 1.2325e-06.
Epoch [ 880/1200] -> Loss: 28.9717
Epoch [ 885/1200] -> Loss: 28.9717
Epoch   890: reducing learning rate of group 0 to 1.1093e-06.
Epoch [ 890/1200] -> Loss: 28.9717
Epoch [ 895/1200] -> Loss: 28.9717
----------------------------------------------------------------------------------------------------
Model checkpoint saved as _FFNN_900.pth
----------------------------------------------------------------------------------------------------
Epoch [ 900/1200] -> Loss: 28.9717
Epoch   901: reducing learning rate of group 0 to 9.9834e-07.
Epoch [ 905/1200] -> Loss: 28.9716
Epoch [ 910/1200] -> Loss: 28.9717
Epoch   912: reducing learning rate of group 0 to 8.9851e-07.
Epoch [ 915/1200] -> Loss: 28.9716
Epoch [ 920/1200] -> Loss: 28.9716
Epoch   923: reducing learning rate of group 0 to 8.0865e-07.
Epoch [ 925/1200] -> Loss: 28.9716
Epoch [ 930/1200] -> Loss: 28.9716
Epoch   934: reducing learning rate of group 0 to 7.2779e-07.
Epoch [ 935/1200] -> Loss: 28.9716
Epoch [ 940/1200] -> Loss: 28.9716
Epoch   945: reducing learning rate of group 0 to 6.5501e-07.
Epoch [ 945/1200] -> Loss: 28.9716
Epoch [ 950/1200] -> Loss: 28.9716
Epoch [ 955/1200] -> Loss: 28.9716
Epoch   956: reducing learning rate of group 0 to 5.8951e-07.
Epoch [ 960/1200] -> Loss: 28.9716
Epoch [ 965/1200] -> Loss: 28.9716
Epoch   967: reducing learning rate of group 0 to 5.3056e-07.
Epoch [ 970/1200] -> Loss: 28.9716
Epoch [ 975/1200] -> Loss: 28.9716
Epoch   978: reducing learning rate of group 0 to 4.7750e-07.
Epoch [ 980/1200] -> Loss: 28.9716
Epoch [ 985/1200] -> Loss: 28.9716
Epoch   989: reducing learning rate of group 0 to 4.2975e-07.
Epoch [ 990/1200] -> Loss: 28.9716
Epoch [ 995/1200] -> Loss: 28.9716
Epoch  1000: reducing learning rate of group 0 to 3.8678e-07.
----------------------------------------------------------------------------------------------------
Model checkpoint saved as _FFNN_1000.pth
----------------------------------------------------------------------------------------------------
Epoch [1000/1200] -> Loss: 28.9716
Epoch [1005/1200] -> Loss: 28.9716
Epoch [1010/1200] -> Loss: 28.9716
Epoch  1011: reducing learning rate of group 0 to 3.4810e-07.
Epoch [1015/1200] -> Loss: 28.9715
Epoch [1020/1200] -> Loss: 28.9716
Epoch  1022: reducing learning rate of group 0 to 3.1329e-07.
Epoch [1025/1200] -> Loss: 28.9715
Epoch [1030/1200] -> Loss: 28.9715
Epoch  1033: reducing learning rate of group 0 to 2.8196e-07.
Epoch [1035/1200] -> Loss: 28.9715
Epoch [1040/1200] -> Loss: 28.9715
Epoch  1044: reducing learning rate of group 0 to 2.5376e-07.
Epoch [1045/1200] -> Loss: 28.9715
Epoch [1050/1200] -> Loss: 28.9715
Epoch  1055: reducing learning rate of group 0 to 2.2839e-07.
Epoch [1055/1200] -> Loss: 28.9715
Epoch [1060/1200] -> Loss: 28.9715
Epoch [1065/1200] -> Loss: 28.9715
Epoch  1066: reducing learning rate of group 0 to 2.0555e-07.
Epoch [1070/1200] -> Loss: 28.9715
Epoch [1075/1200] -> Loss: 28.9715
Epoch  1077: reducing learning rate of group 0 to 1.8499e-07.
Epoch [1080/1200] -> Loss: 28.9715
Epoch [1085/1200] -> Loss: 28.9715
Epoch  1088: reducing learning rate of group 0 to 1.6649e-07.
Epoch [1090/1200] -> Loss: 28.9715
Epoch [1095/1200] -> Loss: 28.9715
Epoch  1099: reducing learning rate of group 0 to 1.4985e-07.
----------------------------------------------------------------------------------------------------
Model checkpoint saved as _FFNN_1100.pth
----------------------------------------------------------------------------------------------------
Epoch [1100/1200] -> Loss: 28.9715
Epoch [1105/1200] -> Loss: 28.9715
Epoch  1110: reducing learning rate of group 0 to 1.3486e-07.
Epoch [1110/1200] -> Loss: 28.9715
Epoch [1115/1200] -> Loss: 28.9715
Epoch [1120/1200] -> Loss: 28.9715
Epoch  1121: reducing learning rate of group 0 to 1.2137e-07.
Epoch [1125/1200] -> Loss: 28.9715
Epoch [1130/1200] -> Loss: 28.9715
Epoch  1132: reducing learning rate of group 0 to 1.0924e-07.
Epoch [1135/1200] -> Loss: 28.9715
Epoch [1140/1200] -> Loss: 28.9715
Epoch  1143: reducing learning rate of group 0 to 9.8314e-08.
Epoch [1145/1200] -> Loss: 28.9715
Epoch [1150/1200] -> Loss: 28.9715
Epoch [1155/1200] -> Loss: 28.9715
Epoch [1160/1200] -> Loss: 28.9715
Epoch [1165/1200] -> Loss: 28.9715
Epoch [1170/1200] -> Loss: 28.9715
Epoch [1175/1200] -> Loss: 28.9715
Epoch [1180/1200] -> Loss: 28.9715
Epoch [1185/1200] -> Loss: 28.9715
Epoch [1190/1200] -> Loss: 28.9715
Epoch [1195/1200] -> Loss: 28.9715
----------------------------------------------------------------------------------------------------
Model checkpoint saved as _FFNN_1200.pth
----------------------------------------------------------------------------------------------------
Epoch [1200/1200] -> Loss: 28.9715
----------------------------------------------------------------------------------------------------
Plotting loss data...
----------------------------------------------------------------------------------------------------
Training finished successfully.
        Saved model checkpoints can be found in: /home/extern/Dropbox/Research/scripts/models/
        Saved data/loss graphs can be found in: /home/extern/Dropbox/Research/scripts/graphs/
----------------------------------------------------------------------------------------------------
Validating model for solar cycle 23 data
Step [   1/151] -> Date: 5/1996, Target: 7.6, Prediction: 25.052425384521484
Step [   2/151] -> Date: 6/1996, Target: 16.5, Prediction: 16.800270080566406
Step [   3/151] -> Date: 7/1996, Target: 11.8, Prediction: 14.829742431640625
Step [   4/151] -> Date: 8/1996, Target: 19.7, Prediction: 14.67725944519043
Step [   5/151] -> Date: 9/1996, Target: 3.0, Prediction: 14.258626937866211
Step [   6/151] -> Date: 10/1996, Target: 0.7, Prediction: 17.012231826782227
Step [   7/151] -> Date: 11/1996, Target: 24.9, Prediction: 26.152507781982422
Step [   8/151] -> Date: 12/1996, Target: 14.0, Prediction: 23.16228675842285
Step [   9/151] -> Date: 1/1997, Target: 7.4, Prediction: 13.362910270690918
Step [  10/151] -> Date: 2/1997, Target: 11.0, Prediction: 23.298412322998047
Step [  11/151] -> Date: 3/1997, Target: 12.1, Prediction: 29.3011474609375
Step [  12/151] -> Date: 4/1997, Target: 23.0, Prediction: 29.785064697265625
Step [  13/151] -> Date: 5/1997, Target: 25.4, Prediction: 67.27471160888672
Step [  14/151] -> Date: 6/1997, Target: 20.8, Prediction: 60.76521301269531
Step [  15/151] -> Date: 7/1997, Target: 12.9, Prediction: 50.82671356201172
Step [  16/151] -> Date: 8/1997, Target: 35.7, Prediction: 71.01725769042969
Step [  17/151] -> Date: 9/1997, Target: 59.7, Prediction: 61.022186279296875
Step [  18/151] -> Date: 10/1997, Target: 32.8, Prediction: 80.19503021240234
Step [  19/151] -> Date: 11/1997, Target: 50.4, Prediction: 86.83257293701172
Step [  20/151] -> Date: 12/1997, Target: 55.5, Prediction: 69.73616027832031
Step [  21/151] -> Date: 1/1998, Target: 44.5, Prediction: 89.5031509399414
Step [  22/151] -> Date: 2/1998, Target: 50.2, Prediction: 92.03488159179688
Step [  23/151] -> Date: 3/1998, Target: 82.0, Prediction: 95.49516296386719
Step [  24/151] -> Date: 4/1998, Target: 70.6, Prediction: 97.57998657226562
Step [  25/151] -> Date: 5/1998, Target: 74.0, Prediction: 138.18849182128906
Step [  26/151] -> Date: 6/1998, Target: 90.5, Prediction: 139.22828674316406
Step [  27/151] -> Date: 7/1998, Target: 96.7, Prediction: 171.73765563964844
Step [  28/151] -> Date: 8/1998, Target: 121.1, Prediction: 167.0254669189453
Step [  29/151] -> Date: 9/1998, Target: 132.0, Prediction: 163.70225524902344
Step [  30/151] -> Date: 10/1998, Target: 78.5, Prediction: 160.49688720703125
Step [  31/151] -> Date: 11/1998, Target: 97.3, Prediction: 147.12994384765625
Step [  32/151] -> Date: 12/1998, Target: 119.2, Prediction: 155.45004272460938
Step [  33/151] -> Date: 1/1999, Target: 86.0, Prediction: 191.18470764160156
Step [  34/151] -> Date: 2/1999, Target: 98.0, Prediction: 143.47323608398438
Step [  35/151] -> Date: 3/1999, Target: 103.5, Prediction: 170.32041931152344
Step [  36/151] -> Date: 4/1999, Target: 93.6, Prediction: 167.24363708496094
Step [  37/151] -> Date: 5/1999, Target: 149.6, Prediction: 190.95709228515625
Step [  38/151] -> Date: 6/1999, Target: 207.2, Prediction: 203.95799255371094
Step [  39/151] -> Date: 7/1999, Target: 173.5, Prediction: 192.32064819335938
Step [  40/151] -> Date: 8/1999, Target: 142.3, Prediction: 197.80516052246094
Step [  41/151] -> Date: 9/1999, Target: 106.3, Prediction: 178.9792938232422
Step [  42/151] -> Date: 10/1999, Target: 168.7, Prediction: 185.25180053710938
Step [  43/151] -> Date: 11/1999, Target: 188.3, Prediction: 185.0769805908203
Step [  44/151] -> Date: 12/1999, Target: 116.8, Prediction: 173.22555541992188
Step [  45/151] -> Date: 1/2000, Target: 133.1, Prediction: 163.20790100097656
Step [  46/151] -> Date: 2/2000, Target: 165.7, Prediction: 177.23081970214844
Step [  47/151] -> Date: 3/2000, Target: 217.7, Prediction: 204.9913330078125
Step [  48/151] -> Date: 4/2000, Target: 191.5, Prediction: 169.8609619140625
Step [  49/151] -> Date: 5/2000, Target: 165.9, Prediction: 194.2273406982422
Step [  50/151] -> Date: 6/2000, Target: 188.0, Prediction: 183.5269317626953
Step [  51/151] -> Date: 7/2000, Target: 244.3, Prediction: 190.9554443359375
Step [  52/151] -> Date: 8/2000, Target: 180.5, Prediction: 191.57424926757812
Step [  53/151] -> Date: 9/2000, Target: 156.0, Prediction: 209.3905487060547
Step [  54/151] -> Date: 10/2000, Target: 141.6, Prediction: 199.62484741210938
Step [  55/151] -> Date: 11/2000, Target: 158.1, Prediction: 183.9926300048828
Step [  56/151] -> Date: 12/2000, Target: 143.3, Prediction: 171.5751495361328
Step [  57/151] -> Date: 1/2001, Target: 142.6, Prediction: 210.32225036621094
Step [  58/151] -> Date: 2/2001, Target: 121.5, Prediction: 203.98504638671875
Step [  59/151] -> Date: 3/2001, Target: 165.8, Prediction: 214.1214599609375
Step [  60/151] -> Date: 4/2001, Target: 161.7, Prediction: 183.05245971679688
Step [  61/151] -> Date: 5/2001, Target: 142.1, Prediction: 193.05198669433594
Step [  62/151] -> Date: 6/2001, Target: 202.9, Prediction: 180.6427459716797
Step [  63/151] -> Date: 7/2001, Target: 123.0, Prediction: 194.68467712402344
Step [  64/151] -> Date: 8/2001, Target: 161.5, Prediction: 188.3828887939453
Step [  65/151] -> Date: 9/2001, Target: 238.2, Prediction: 210.6226348876953
Step [  66/151] -> Date: 10/2001, Target: 194.1, Prediction: 165.40618896484375
Step [  67/151] -> Date: 11/2001, Target: 176.6, Prediction: 152.50306701660156
Step [  68/151] -> Date: 12/2001, Target: 213.4, Prediction: 139.12637329101562
Step [  69/151] -> Date: 1/2002, Target: 184.6, Prediction: 136.373291015625
Step [  70/151] -> Date: 2/2002, Target: 170.2, Prediction: 139.90011596679688
Step [  71/151] -> Date: 3/2002, Target: 147.1, Prediction: 140.31263732910156
Step [  72/151] -> Date: 4/2002, Target: 186.9, Prediction: 146.32237243652344
Step [  73/151] -> Date: 5/2002, Target: 187.5, Prediction: 135.55841064453125
Step [  74/151] -> Date: 6/2002, Target: 128.8, Prediction: 134.2148895263672
Step [  75/151] -> Date: 7/2002, Target: 161.0, Prediction: 132.19921875
Step [  76/151] -> Date: 8/2002, Target: 175.6, Prediction: 117.90313720703125
Step [  77/151] -> Date: 9/2002, Target: 187.9, Prediction: 135.521728515625
Step [  78/151] -> Date: 10/2002, Target: 151.2, Prediction: 128.90158081054688
Step [  79/151] -> Date: 11/2002, Target: 147.2, Prediction: 121.35904693603516
Step [  80/151] -> Date: 12/2002, Target: 135.3, Prediction: 111.15309143066406
Step [  81/151] -> Date: 1/2003, Target: 133.5, Prediction: 106.41761016845703
Step [  82/151] -> Date: 2/2003, Target: 75.7, Prediction: 109.04707336425781
Step [  83/151] -> Date: 3/2003, Target: 100.7, Prediction: 101.93299102783203
Step [  84/151] -> Date: 4/2003, Target: 97.9, Prediction: 91.31307220458984
Step [  85/151] -> Date: 5/2003, Target: 86.8, Prediction: 75.90106201171875
Step [  86/151] -> Date: 6/2003, Target: 118.7, Prediction: 67.69392395019531
Step [  87/151] -> Date: 7/2003, Target: 128.3, Prediction: 76.73746490478516
Step [  88/151] -> Date: 8/2003, Target: 115.4, Prediction: 84.53986358642578
Step [  89/151] -> Date: 9/2003, Target: 78.5, Prediction: 78.84877014160156
Step [  90/151] -> Date: 10/2003, Target: 97.8, Prediction: 73.23866271972656
Step [  91/151] -> Date: 11/2003, Target: 82.9, Prediction: 65.14579772949219
Step [  92/151] -> Date: 12/2003, Target: 72.2, Prediction: 65.20982360839844
Step [  93/151] -> Date: 1/2004, Target: 60.6, Prediction: 63.28046417236328
Step [  94/151] -> Date: 2/2004, Target: 74.6, Prediction: 64.7153549194336
Step [  95/151] -> Date: 3/2004, Target: 74.8, Prediction: 56.035770416259766
Step [  96/151] -> Date: 4/2004, Target: 59.2, Prediction: 60.68903350830078
Step [  97/151] -> Date: 5/2004, Target: 72.8, Prediction: 46.58183288574219
Step [  98/151] -> Date: 6/2004, Target: 66.5, Prediction: 28.007144927978516
Step [  99/151] -> Date: 7/2004, Target: 83.8, Prediction: 30.11868667602539
Step [ 100/151] -> Date: 8/2004, Target: 69.7, Prediction: 30.482223510742188
Step [ 101/151] -> Date: 9/2004, Target: 48.8, Prediction: 36.39899444580078
Step [ 102/151] -> Date: 10/2004, Target: 74.2, Prediction: 35.84403610229492
Step [ 103/151] -> Date: 11/2004, Target: 70.1, Prediction: 25.082399368286133
Step [ 104/151] -> Date: 12/2004, Target: 28.9, Prediction: 25.989933013916016
Step [ 105/151] -> Date: 1/2005, Target: 48.1, Prediction: 21.765350341796875
Step [ 106/151] -> Date: 2/2005, Target: 43.5, Prediction: 18.753170013427734
Step [ 107/151] -> Date: 3/2005, Target: 39.6, Prediction: 18.614574432373047
Step [ 108/151] -> Date: 4/2005, Target: 38.7, Prediction: 20.084129333496094
Step [ 109/151] -> Date: 5/2005, Target: 61.9, Prediction: 14.401640892028809
Step [ 110/151] -> Date: 6/2005, Target: 56.8, Prediction: 13.946531295776367
Step [ 111/151] -> Date: 7/2005, Target: 62.4, Prediction: 14.037403106689453
Step [ 112/151] -> Date: 8/2005, Target: 60.5, Prediction: 13.841117858886719
Step [ 113/151] -> Date: 9/2005, Target: 37.2, Prediction: 13.437589645385742
Step [ 114/151] -> Date: 10/2005, Target: 13.2, Prediction: 13.116776466369629
Step [ 115/151] -> Date: 11/2005, Target: 27.5, Prediction: 12.522673606872559
Step [ 116/151] -> Date: 12/2005, Target: 59.3, Prediction: 12.003497123718262
Step [ 117/151] -> Date: 1/2006, Target: 20.9, Prediction: 11.995927810668945
Step [ 118/151] -> Date: 2/2006, Target: 5.7, Prediction: 12.26072883605957
Step [ 119/151] -> Date: 3/2006, Target: 17.3, Prediction: 12.949952125549316
Step [ 120/151] -> Date: 4/2006, Target: 50.3, Prediction: 13.443460464477539
Step [ 121/151] -> Date: 5/2006, Target: 37.2, Prediction: 14.136138916015625
Step [ 122/151] -> Date: 6/2006, Target: 24.5, Prediction: 14.514505386352539
Step [ 123/151] -> Date: 7/2006, Target: 22.2, Prediction: 14.351835250854492
Step [ 124/151] -> Date: 8/2006, Target: 20.8, Prediction: 14.09705638885498
Step [ 125/151] -> Date: 9/2006, Target: 23.7, Prediction: 13.92326831817627
Step [ 126/151] -> Date: 10/2006, Target: 14.9, Prediction: 13.281026840209961
Step [ 127/151] -> Date: 11/2006, Target: 35.7, Prediction: 13.131723403930664
Step [ 128/151] -> Date: 12/2006, Target: 22.3, Prediction: 12.766639709472656
Step [ 129/151] -> Date: 1/2007, Target: 29.3, Prediction: 12.591367721557617
Step [ 130/151] -> Date: 2/2007, Target: 18.4, Prediction: 12.602483749389648
Step [ 131/151] -> Date: 3/2007, Target: 7.2, Prediction: 13.43541431427002
Step [ 132/151] -> Date: 4/2007, Target: 5.4, Prediction: 15.555784225463867
Step [ 133/151] -> Date: 5/2007, Target: 19.5, Prediction: 21.980056762695312
Step [ 134/151] -> Date: 6/2007, Target: 21.3, Prediction: 29.83715057373047
Step [ 135/151] -> Date: 7/2007, Target: 15.1, Prediction: 29.842632293701172
Step [ 136/151] -> Date: 8/2007, Target: 9.8, Prediction: 28.247634887695312
Step [ 137/151] -> Date: 9/2007, Target: 4.0, Prediction: 30.406591415405273
Step [ 138/151] -> Date: 10/2007, Target: 1.5, Prediction: 45.917999267578125
Step [ 139/151] -> Date: 11/2007, Target: 2.8, Prediction: 38.37895965576172
Step [ 140/151] -> Date: 12/2007, Target: 17.3, Prediction: 42.91297912597656
Step [ 141/151] -> Date: 1/2008, Target: 4.1, Prediction: 45.22549057006836
Step [ 142/151] -> Date: 2/2008, Target: 2.9, Prediction: 47.504390716552734
Step [ 143/151] -> Date: 3/2008, Target: 15.5, Prediction: 60.66458511352539
Step [ 144/151] -> Date: 4/2008, Target: 3.6, Prediction: 63.275455474853516
Step [ 145/151] -> Date: 5/2008, Target: 4.6, Prediction: 72.13700866699219
Step [ 146/151] -> Date: 6/2008, Target: 5.2, Prediction: 82.46607971191406
Step [ 147/151] -> Date: 7/2008, Target: 0.6, Prediction: 88.12100219726562
Step [ 148/151] -> Date: 8/2008, Target: 0.3, Prediction: 76.77032470703125
Step [ 149/151] -> Date: 9/2008, Target: 1.2, Prediction: 81.91766357421875
Step [ 150/151] -> Date: 10/2008, Target: 4.2, Prediction: 84.70171356201172
Step [ 151/151] -> Date: 11/2008, Target: 6.6, Prediction: 79.05767822265625
----------------------------------------------------------------------------------------------------
Average Validation Loss: 31.58515218077906
----------------------------------------------------------------------------------------------------
Plotting data...
----------------------------------------------------------------------------------------------------
Plotting loss data...
----------------------------------------------------------------------------------------------------
Validation finished successfully.

        Saved prediction/loss graphs can be found in: /home/extern/Dropbox/Research/scripts/graphs/
----------------------------------------------------------------------------------------------------
Predicting SC 24 using the above trained model
Step [   1/151] -> Date: 12/2008, Prediction: 14.528678894042969
Step [   2/151] -> Date: 1/2009, Prediction: 14.8593111038208
Step [   3/151] -> Date: 2/2009, Prediction: 18.254148483276367
Step [   4/151] -> Date: 3/2009, Prediction: 15.027022361755371
Step [   5/151] -> Date: 4/2009, Prediction: 14.4909029006958
Step [   6/151] -> Date: 5/2009, Prediction: 19.498241424560547
Step [   7/151] -> Date: 6/2009, Prediction: 14.076780319213867
Step [   8/151] -> Date: 7/2009, Prediction: 13.191108703613281
Step [   9/151] -> Date: 8/2009, Prediction: 13.36474609375
Step [  10/151] -> Date: 9/2009, Prediction: 13.390098571777344
Step [  11/151] -> Date: 10/2009, Prediction: 16.660457611083984
Step [  12/151] -> Date: 11/2009, Prediction: 16.69013023376465
Step [  13/151] -> Date: 12/2009, Prediction: 44.74717330932617
Step [  14/151] -> Date: 1/2010, Prediction: 41.8125114440918
Step [  15/151] -> Date: 2/2010, Prediction: 52.63813781738281
Step [  16/151] -> Date: 3/2010, Prediction: 64.94903564453125
Step [  17/151] -> Date: 4/2010, Prediction: 53.94678497314453
Step [  18/151] -> Date: 5/2010, Prediction: 60.502140045166016
Step [  19/151] -> Date: 6/2010, Prediction: 58.97322082519531
Step [  20/151] -> Date: 7/2010, Prediction: 56.022369384765625
Step [  21/151] -> Date: 8/2010, Prediction: 57.36729049682617
Step [  22/151] -> Date: 9/2010, Prediction: 72.82459259033203
Step [  23/151] -> Date: 10/2010, Prediction: 66.00586700439453
Step [  24/151] -> Date: 11/2010, Prediction: 71.8416519165039
Step [  25/151] -> Date: 12/2010, Prediction: 109.11568450927734
Step [  26/151] -> Date: 1/2011, Prediction: 112.75045776367188
Step [  27/151] -> Date: 2/2011, Prediction: 126.72470092773438
Step [  28/151] -> Date: 3/2011, Prediction: 129.3896484375
Step [  29/151] -> Date: 4/2011, Prediction: 107.73407745361328
Step [  30/151] -> Date: 5/2011, Prediction: 116.76141357421875
Step [  31/151] -> Date: 6/2011, Prediction: 120.8819580078125
Step [  32/151] -> Date: 7/2011, Prediction: 108.17539978027344
Step [  33/151] -> Date: 8/2011, Prediction: 112.50871276855469
Step [  34/151] -> Date: 9/2011, Prediction: 115.23863220214844
Step [  35/151] -> Date: 10/2011, Prediction: 110.31494140625
Step [  36/151] -> Date: 11/2011, Prediction: 131.71971130371094
Step [  37/151] -> Date: 12/2011, Prediction: 181.6400146484375
Step [  38/151] -> Date: 1/2012, Prediction: 170.05369567871094
Step [  39/151] -> Date: 2/2012, Prediction: 161.63059997558594
Step [  40/151] -> Date: 3/2012, Prediction: 149.26853942871094
Step [  41/151] -> Date: 4/2012, Prediction: 175.1017608642578
Step [  42/151] -> Date: 5/2012, Prediction: 180.31109619140625
Step [  43/151] -> Date: 6/2012, Prediction: 148.08189392089844
Step [  44/151] -> Date: 7/2012, Prediction: 155.4817352294922
Step [  45/151] -> Date: 8/2012, Prediction: 170.244140625
Step [  46/151] -> Date: 9/2012, Prediction: 185.76417541503906
Step [  47/151] -> Date: 10/2012, Prediction: 178.75384521484375
Step [  48/151] -> Date: 11/2012, Prediction: 168.49630737304688
Step [  49/151] -> Date: 12/2012, Prediction: 189.37860107421875
Step [  50/151] -> Date: 1/2013, Prediction: 216.11361694335938
Step [  51/151] -> Date: 2/2013, Prediction: 187.75184631347656
Step [  52/151] -> Date: 3/2013, Prediction: 180.4711456298828
Step [  53/151] -> Date: 4/2013, Prediction: 173.71124267578125
Step [  54/151] -> Date: 5/2013, Prediction: 180.46026611328125
Step [  55/151] -> Date: 6/2013, Prediction: 160.15341186523438
Step [  56/151] -> Date: 7/2013, Prediction: 157.00840759277344
Step [  57/151] -> Date: 8/2013, Prediction: 146.97506713867188
Step [  58/151] -> Date: 9/2013, Prediction: 175.54202270507812
Step [  59/151] -> Date: 10/2013, Prediction: 180.6075439453125
Step [  60/151] -> Date: 11/2013, Prediction: 166.8264617919922
Step [  61/151] -> Date: 12/2013, Prediction: 185.08169555664062
Step [  62/151] -> Date: 1/2014, Prediction: 153.13641357421875
Step [  63/151] -> Date: 2/2014, Prediction: 170.28997802734375
Step [  64/151] -> Date: 3/2014, Prediction: 203.59320068359375
Step [  65/151] -> Date: 4/2014, Prediction: 188.8649444580078
Step [  66/151] -> Date: 5/2014, Prediction: 173.7920684814453
Step [  67/151] -> Date: 6/2014, Prediction: 176.15359497070312
Step [  68/151] -> Date: 7/2014, Prediction: 160.35906982421875
Step [  69/151] -> Date: 8/2014, Prediction: 157.1018524169922
Step [  70/151] -> Date: 9/2014, Prediction: 152.53814697265625
Step [  71/151] -> Date: 10/2014, Prediction: 175.82498168945312
Step [  72/151] -> Date: 11/2014, Prediction: 178.64088439941406
Step [  73/151] -> Date: 12/2014, Prediction: 128.5549774169922
Step [  74/151] -> Date: 1/2015, Prediction: 145.0930633544922
Step [  75/151] -> Date: 2/2015, Prediction: 152.95310974121094
Step [  76/151] -> Date: 3/2015, Prediction: 158.06529235839844
Step [  77/151] -> Date: 4/2015, Prediction: 149.62637329101562
Step [  78/151] -> Date: 5/2015, Prediction: 143.98483276367188
Step [  79/151] -> Date: 6/2015, Prediction: 136.349853515625
Step [  80/151] -> Date: 7/2015, Prediction: 133.79486083984375
Step [  81/151] -> Date: 8/2015, Prediction: 112.79104614257812
Step [  82/151] -> Date: 9/2015, Prediction: 124.2330093383789
Step [  83/151] -> Date: 10/2015, Prediction: 122.9525375366211
Step [  84/151] -> Date: 11/2015, Prediction: 121.66353607177734
Step [  85/151] -> Date: 12/2015, Prediction: 101.86768341064453
Step [  86/151] -> Date: 1/2016, Prediction: 103.563232421875
Step [  87/151] -> Date: 2/2016, Prediction: 100.67896270751953
Step [  88/151] -> Date: 3/2016, Prediction: 83.54508972167969
Step [  89/151] -> Date: 4/2016, Prediction: 100.2306900024414
Step [  90/151] -> Date: 5/2016, Prediction: 90.60175323486328
Step [  91/151] -> Date: 6/2016, Prediction: 79.71574401855469
Step [  92/151] -> Date: 7/2016, Prediction: 77.09941101074219
Step [  93/151] -> Date: 8/2016, Prediction: 76.44995880126953
Step [  94/151] -> Date: 9/2016, Prediction: 76.5418930053711
Step [  95/151] -> Date: 10/2016, Prediction: 67.99739837646484
Step [  96/151] -> Date: 11/2016, Prediction: 72.6799545288086
Step [  97/151] -> Date: 12/2016, Prediction: 39.326271057128906
Step [  98/151] -> Date: 1/2017, Prediction: 53.005008697509766
Step [  99/151] -> Date: 2/2017, Prediction: 42.423526763916016
Step [ 100/151] -> Date: 3/2017, Prediction: 34.034027099609375
Step [ 101/151] -> Date: 4/2017, Prediction: 44.825599670410156
Step [ 102/151] -> Date: 5/2017, Prediction: 50.86711120605469
Step [ 103/151] -> Date: 6/2017, Prediction: 27.491260528564453
Step [ 104/151] -> Date: 7/2017, Prediction: 41.12896728515625
Step [ 105/151] -> Date: 8/2017, Prediction: 31.4354305267334
Step [ 106/151] -> Date: 9/2017, Prediction: 29.261978149414062
Step [ 107/151] -> Date: 10/2017, Prediction: 27.860248565673828
Step [ 108/151] -> Date: 11/2017, Prediction: 41.697139739990234
Step [ 109/151] -> Date: 12/2017, Prediction: 17.264318466186523
Step [ 110/151] -> Date: 1/2018, Prediction: 22.22003173828125
Step [ 111/151] -> Date: 2/2018, Prediction: 22.2296085357666
Step [ 112/151] -> Date: 3/2018, Prediction: 16.17760467529297
Step [ 113/151] -> Date: 4/2018, Prediction: 13.314037322998047
Step [ 114/151] -> Date: 5/2018, Prediction: 13.154670715332031
Step [ 115/151] -> Date: 6/2018, Prediction: 18.25652313232422
Step [ 116/151] -> Date: 7/2018, Prediction: 12.210365295410156
Step [ 117/151] -> Date: 8/2018, Prediction: 11.913187026977539
Step [ 118/151] -> Date: 9/2018, Prediction: 12.399625778198242
Step [ 119/151] -> Date: 10/2018, Prediction: 13.465068817138672
Step [ 120/151] -> Date: 11/2018, Prediction: 13.503973007202148
Step [ 121/151] -> Date: 12/2018, Prediction: 14.19536018371582
Step [ 122/151] -> Date: 1/2019, Prediction: 14.314016342163086
Step [ 123/151] -> Date: 2/2019, Prediction: 14.551982879638672
Step [ 124/151] -> Date: 3/2019, Prediction: 14.299171447753906
Step [ 125/151] -> Date: 4/2019, Prediction: 13.811134338378906
Step [ 126/151] -> Date: 5/2019, Prediction: 13.703962326049805
Step [ 127/151] -> Date: 6/2019, Prediction: 13.371654510498047
Step [ 128/151] -> Date: 7/2019, Prediction: 13.005321502685547
Step [ 129/151] -> Date: 8/2019, Prediction: 12.587226867675781
Step [ 130/151] -> Date: 9/2019, Prediction: 12.669472694396973
Step [ 131/151] -> Date: 10/2019, Prediction: 13.091008186340332
Step [ 132/151] -> Date: 11/2019, Prediction: 13.683076858520508
Step [ 133/151] -> Date: 12/2019, Prediction: 14.782536506652832
Step [ 134/151] -> Date: 1/2020, Prediction: 14.868095397949219
Step [ 135/151] -> Date: 2/2020, Prediction: 14.811140060424805
Step [ 136/151] -> Date: 3/2020, Prediction: 14.666868209838867
Step [ 137/151] -> Date: 4/2020, Prediction: 14.102903366088867
Step [ 138/151] -> Date: 5/2020, Prediction: 13.667061805725098
Step [ 139/151] -> Date: 6/2020, Prediction: 14.134203910827637
Step [ 140/151] -> Date: 7/2020, Prediction: 13.099922180175781
Step [ 141/151] -> Date: 8/2020, Prediction: 13.286230087280273
Step [ 142/151] -> Date: 9/2020, Prediction: 14.656821250915527
Step [ 143/151] -> Date: 10/2020, Prediction: 13.683374404907227
Step [ 144/151] -> Date: 11/2020, Prediction: 14.005691528320312
Step [ 145/151] -> Date: 12/2020, Prediction: 38.62681198120117
Step [ 146/151] -> Date: 1/2021, Prediction: 36.28270721435547
Step [ 147/151] -> Date: 2/2021, Prediction: 36.34564971923828
Step [ 148/151] -> Date: 3/2021, Prediction: 37.73198699951172
Step [ 149/151] -> Date: 4/2021, Prediction: 39.911102294921875
Step [ 150/151] -> Date: 5/2021, Prediction: 38.992897033691406
Step [ 151/151] -> Date: 6/2021, Prediction: 36.13742446899414
----------------------------------------------------------------------------------------------------
Plotting data...
----------------------------------------------------------------------------------------------------
All newly generated files moved to saved outputs and shared with the cloud(Dropbox) successfully!
