----------------------------------------------------------------------------------------------------
Usage: python3 SSN_predictor.py <path_to_ssn_datafile> <path_to_aa_datafile>
----------------------------------------------------------------------------------------------------
Code running on device: cuda
----------------------------------------------------------------------------------------------------
Data loaded from file locations :
    SSN - /home/extern/Dropbox/Research/scripts/data/SILSO/TSN/SN_m_tot_V2.0.txt
    AA - /home/extern/Dropbox/Research/scripts/data/ISGI/aa_1869-01-01_2018-12-31_D.dat
----------------------------------------------------------------------------------------------------
Solar cycle data loaded/saved as: cycle_data.pickle
----------------------------------------------------------------------------------------------------
SC Number     Start Date       End Date      Solar Max   Length(in months)
         0      [1749, 1]      [1755, 1]         154.27                  73
         1      [1755, 2]      [1766, 5]         144.12                 136
         2      [1766, 6]      [1775, 5]         192.98                 108
         3      [1775, 6]      [1784, 8]         264.25                 111
         4      [1784, 9]      [1798, 3]         235.28                 163
         5      [1798, 4]     [1810, 11]          67.93                 152
         6     [1810, 12]      [1823, 4]          81.99                 149
         7      [1823, 5]     [1833, 10]          81.16                 126
         8     [1833, 11]      [1843, 6]         119.24                 116
         9      [1843, 7]     [1855, 11]         244.87                 149
        10     [1855, 12]      [1867, 2]         219.94                 135
        11      [1867, 3]     [1878, 11]         186.15                 141
        12     [1878, 12]      [1890, 2]         234.02                 135
        13      [1890, 3]      [1902, 0]         124.41                 142
        14      [1902, 1]      [1913, 6]         146.55                 138
        15      [1913, 7]      [1923, 7]         107.08                 121
        16      [1923, 8]      [1933, 8]         175.67                 121
        17      [1933, 9]      [1944, 1]         130.23                 125
        18      [1944, 2]      [1954, 3]         198.64                 122
        19      [1954, 4]      [1964, 9]         218.73                 126
        20     [1964, 10]      [1976, 2]          285.0                 137
        21      [1976, 3]      [1986, 8]         156.63                 126
        22      [1986, 9]      [1996, 4]         232.92                 116
        23      [1996, 5]     [2008, 11]         212.48                 151
        24     [2008, 12]     [2019, 11]         180.28                 132
----------------------------------------------------------------------------------------------------
Selected model: FFNN(
  (model): Sequential(
    (0): Linear(in_features=6, out_features=6, bias=True)
    (1): LeakyReLU(negative_slope=0.01, inplace=True)
    (2): Linear(in_features=6, out_features=3, bias=True)
    (3): LeakyReLU(negative_slope=0.01, inplace=True)
    (4): Linear(in_features=3, out_features=1, bias=True)
  )
)    Training mode: True    Prediction mode: True
----------------------------------------------------------------------------------------------------
Selected optimizer: Adam (
Parameter Group 0
    amsgrad: False
    betas: (0.9, 0.999)
    eps: 1e-08
    lr: 0.001
    weight_decay: 0
)
----------------------------------------------------------------------------------------------------
Selected scheduler: ReduceLROnPlateau(
    {'factor': 0.9, 'min_lrs': [0], 'patience': 10, 'verbose': True, 'cooldown': 0, 'cooldown_counter': 0, 'mode': 'min', 'threshold': 0.0001, 'threshold_mode': 'rel', 'best': inf, 'num_bad_epochs': 0, 'mode_worse': inf, 'eps': 1e-08, 'last_epoch': 0})
----------------------------------------------------------------------------------------------------
No pre-trained models available, initializing model weights
----------------------------------------------------------------------------------------------------
Training model with solar cycle 12 to 22 data with: num_epochs=800
Epoch [   5/800] -> Loss: 33.7995
Epoch [  10/800] -> Loss: 33.3948
Epoch [  15/800] -> Loss: 33.1044
Epoch [  20/800] -> Loss: 32.7747
Epoch [  25/800] -> Loss: 32.4102
Epoch [  30/800] -> Loss: 32.0962
Epoch [  35/800] -> Loss: 31.5529
Epoch [  40/800] -> Loss: 31.0338
Epoch [  45/800] -> Loss: 30.5668
Epoch [  50/800] -> Loss: 30.1729
Epoch [  55/800] -> Loss: 29.8453
Epoch [  60/800] -> Loss: 29.6241
Epoch [  65/800] -> Loss: 29.3042
Epoch [  70/800] -> Loss: 29.2805
Epoch [  75/800] -> Loss: 29.0971
Epoch [  80/800] -> Loss: 28.8165
Epoch [  85/800] -> Loss: 28.7338
Epoch [  90/800] -> Loss: 28.6774
Epoch [  95/800] -> Loss: 28.4788
----------------------------------------------------------------------------------------------------
Model checkpoint saved as _FFNN_100.pth
----------------------------------------------------------------------------------------------------
Epoch [ 100/800] -> Loss: 28.3592
Epoch [ 105/800] -> Loss: 28.5041
Epoch [ 110/800] -> Loss: 28.2655
Epoch [ 115/800] -> Loss: 28.4209
Epoch   119: reducing learning rate of group 0 to 9.0000e-04.
Epoch [ 120/800] -> Loss: 28.3587
Epoch [ 125/800] -> Loss: 28.3151
Epoch [ 130/800] -> Loss: 28.1878
Epoch [ 135/800] -> Loss: 28.1806
Epoch [ 140/800] -> Loss: 28.0944
Epoch [ 145/800] -> Loss: 28.0425
Epoch [ 150/800] -> Loss: 27.9033
Epoch [ 155/800] -> Loss: 27.8555
Epoch   157: reducing learning rate of group 0 to 8.1000e-04.
Epoch [ 160/800] -> Loss: 27.7704
Epoch [ 165/800] -> Loss: 27.8991
Epoch [ 170/800] -> Loss: 27.7161
Epoch [ 175/800] -> Loss: 27.7785
Epoch   178: reducing learning rate of group 0 to 7.2900e-04.
Epoch [ 180/800] -> Loss: 27.7519
Epoch [ 185/800] -> Loss: 27.5477
Epoch [ 190/800] -> Loss: 27.5018
Epoch [ 195/800] -> Loss: 27.7015
----------------------------------------------------------------------------------------------------
Model checkpoint saved as _FFNN_200.pth
----------------------------------------------------------------------------------------------------
Epoch [ 200/800] -> Loss: 27.6089
Epoch   201: reducing learning rate of group 0 to 6.5610e-04.
Epoch [ 205/800] -> Loss: 27.5554
Epoch [ 210/800] -> Loss: 27.5559
Epoch   215: reducing learning rate of group 0 to 5.9049e-04.
Epoch [ 215/800] -> Loss: 27.4731
Epoch [ 220/800] -> Loss: 27.5553
Epoch [ 225/800] -> Loss: 27.5977
Epoch   230: reducing learning rate of group 0 to 5.3144e-04.
Epoch [ 230/800] -> Loss: 27.5301
Epoch [ 235/800] -> Loss: 27.4640
Epoch [ 240/800] -> Loss: 27.3044
Epoch   243: reducing learning rate of group 0 to 4.7830e-04.
Epoch [ 245/800] -> Loss: 27.2081
Epoch [ 250/800] -> Loss: 27.2333
Epoch   254: reducing learning rate of group 0 to 4.3047e-04.
Epoch [ 255/800] -> Loss: 27.2869
Epoch [ 260/800] -> Loss: 27.3307
Epoch [ 265/800] -> Loss: 27.2622
Epoch   267: reducing learning rate of group 0 to 3.8742e-04.
Epoch [ 270/800] -> Loss: 27.2956
Epoch [ 275/800] -> Loss: 27.2423
Epoch   278: reducing learning rate of group 0 to 3.4868e-04.
Epoch [ 280/800] -> Loss: 27.2769
Epoch [ 285/800] -> Loss: 27.2250
Epoch   290: reducing learning rate of group 0 to 3.1381e-04.
Epoch [ 290/800] -> Loss: 27.1956
Epoch [ 295/800] -> Loss: 27.2153
----------------------------------------------------------------------------------------------------
Model checkpoint saved as _FFNN_300.pth
----------------------------------------------------------------------------------------------------
Epoch [ 300/800] -> Loss: 27.1857
Epoch   301: reducing learning rate of group 0 to 2.8243e-04.
Epoch [ 305/800] -> Loss: 27.1267
Epoch [ 310/800] -> Loss: 27.1672
Epoch   314: reducing learning rate of group 0 to 2.5419e-04.
Epoch [ 315/800] -> Loss: 27.1398
Epoch [ 320/800] -> Loss: 27.0898
Epoch [ 325/800] -> Loss: 27.0315
Epoch [ 330/800] -> Loss: 27.0711
Epoch   332: reducing learning rate of group 0 to 2.2877e-04.
Epoch [ 335/800] -> Loss: 27.0288
Epoch [ 340/800] -> Loss: 27.0716
Epoch   343: reducing learning rate of group 0 to 2.0589e-04.
Epoch [ 345/800] -> Loss: 26.9374
Epoch [ 350/800] -> Loss: 27.0971
Epoch   354: reducing learning rate of group 0 to 1.8530e-04.
Epoch [ 355/800] -> Loss: 27.0507
Epoch [ 360/800] -> Loss: 27.0326
Epoch   365: reducing learning rate of group 0 to 1.6677e-04.
Epoch [ 365/800] -> Loss: 27.0182
Epoch [ 370/800] -> Loss: 27.0450
Epoch [ 375/800] -> Loss: 27.0144
Epoch   376: reducing learning rate of group 0 to 1.5009e-04.
Epoch [ 380/800] -> Loss: 27.0225
Epoch [ 385/800] -> Loss: 27.0507
Epoch   387: reducing learning rate of group 0 to 1.3509e-04.
Epoch [ 390/800] -> Loss: 27.0032
Epoch [ 395/800] -> Loss: 27.0190
Epoch   398: reducing learning rate of group 0 to 1.2158e-04.
----------------------------------------------------------------------------------------------------
Model checkpoint saved as _FFNN_400.pth
----------------------------------------------------------------------------------------------------
Epoch [ 400/800] -> Loss: 26.9906
Epoch [ 405/800] -> Loss: 27.0110
Epoch   409: reducing learning rate of group 0 to 1.0942e-04.
Epoch [ 410/800] -> Loss: 26.9281
Epoch [ 415/800] -> Loss: 26.9887
Epoch   420: reducing learning rate of group 0 to 9.8477e-05.
Epoch [ 420/800] -> Loss: 27.0045
Epoch [ 425/800] -> Loss: 26.9831
Epoch [ 430/800] -> Loss: 26.9737
Epoch   431: reducing learning rate of group 0 to 8.8629e-05.
Epoch [ 435/800] -> Loss: 26.9786
Epoch [ 440/800] -> Loss: 26.9626
Epoch   442: reducing learning rate of group 0 to 7.9766e-05.
Epoch [ 445/800] -> Loss: 26.9413
Epoch [ 450/800] -> Loss: 26.9807
Epoch   453: reducing learning rate of group 0 to 7.1790e-05.
Epoch [ 455/800] -> Loss: 26.9560
Epoch [ 460/800] -> Loss: 26.9519
Epoch   464: reducing learning rate of group 0 to 6.4611e-05.
Epoch [ 465/800] -> Loss: 26.9429
Epoch [ 470/800] -> Loss: 26.9419
Epoch   475: reducing learning rate of group 0 to 5.8150e-05.
Epoch [ 475/800] -> Loss: 26.9272
Epoch [ 480/800] -> Loss: 26.9322
Epoch [ 485/800] -> Loss: 26.9306
Epoch   486: reducing learning rate of group 0 to 5.2335e-05.
Epoch [ 490/800] -> Loss: 26.9172
Epoch [ 495/800] -> Loss: 26.9057
Epoch   497: reducing learning rate of group 0 to 4.7101e-05.
----------------------------------------------------------------------------------------------------
Model checkpoint saved as _FFNN_500.pth
----------------------------------------------------------------------------------------------------
Epoch [ 500/800] -> Loss: 26.9225
Epoch [ 505/800] -> Loss: 26.9177
Epoch   508: reducing learning rate of group 0 to 4.2391e-05.
Epoch [ 510/800] -> Loss: 26.9209
Epoch [ 515/800] -> Loss: 26.9049
Epoch   519: reducing learning rate of group 0 to 3.8152e-05.
Epoch [ 520/800] -> Loss: 26.9059
Epoch [ 525/800] -> Loss: 26.9124
Epoch   530: reducing learning rate of group 0 to 3.4337e-05.
Epoch [ 530/800] -> Loss: 26.9007
Epoch [ 535/800] -> Loss: 26.8988
Epoch [ 540/800] -> Loss: 26.9110
Epoch   541: reducing learning rate of group 0 to 3.0903e-05.
Epoch [ 545/800] -> Loss: 26.9057
Epoch [ 550/800] -> Loss: 26.9040
Epoch   552: reducing learning rate of group 0 to 2.7813e-05.
Epoch [ 555/800] -> Loss: 26.8978
Epoch [ 560/800] -> Loss: 26.9008
Epoch   563: reducing learning rate of group 0 to 2.5032e-05.
Epoch [ 565/800] -> Loss: 26.8976
Epoch [ 570/800] -> Loss: 26.8983
Epoch   574: reducing learning rate of group 0 to 2.2528e-05.
Epoch [ 575/800] -> Loss: 26.8957
Epoch [ 580/800] -> Loss: 26.8938
Epoch   585: reducing learning rate of group 0 to 2.0276e-05.
Epoch [ 585/800] -> Loss: 26.8947
Epoch [ 590/800] -> Loss: 26.8926
Epoch [ 595/800] -> Loss: 26.8932
Epoch   596: reducing learning rate of group 0 to 1.8248e-05.
----------------------------------------------------------------------------------------------------
Model checkpoint saved as _FFNN_600.pth
----------------------------------------------------------------------------------------------------
Epoch [ 600/800] -> Loss: 26.8896
Epoch [ 605/800] -> Loss: 26.8884
Epoch   607: reducing learning rate of group 0 to 1.6423e-05.
Epoch [ 610/800] -> Loss: 26.8857
Epoch [ 615/800] -> Loss: 26.8859
Epoch   618: reducing learning rate of group 0 to 1.4781e-05.
Epoch [ 620/800] -> Loss: 26.8855
Epoch [ 625/800] -> Loss: 26.8859
Epoch   629: reducing learning rate of group 0 to 1.3303e-05.
Epoch [ 630/800] -> Loss: 26.8838
Epoch [ 635/800] -> Loss: 26.8817
Epoch   640: reducing learning rate of group 0 to 1.1973e-05.
Epoch [ 640/800] -> Loss: 26.8822
Epoch [ 645/800] -> Loss: 26.8846
Epoch [ 650/800] -> Loss: 26.8826
Epoch   651: reducing learning rate of group 0 to 1.0775e-05.
Epoch [ 655/800] -> Loss: 26.8817
Epoch [ 660/800] -> Loss: 26.8799
Epoch   662: reducing learning rate of group 0 to 9.6977e-06.
Epoch [ 665/800] -> Loss: 26.8785
Epoch [ 670/800] -> Loss: 26.8796
Epoch   673: reducing learning rate of group 0 to 8.7280e-06.
Epoch [ 675/800] -> Loss: 26.8791
Epoch [ 680/800] -> Loss: 26.8791
Epoch   684: reducing learning rate of group 0 to 7.8552e-06.
Epoch [ 685/800] -> Loss: 26.8776
Epoch [ 690/800] -> Loss: 26.8775
Epoch   695: reducing learning rate of group 0 to 7.0697e-06.
Epoch [ 695/800] -> Loss: 26.8772
----------------------------------------------------------------------------------------------------
Model checkpoint saved as _FFNN_700.pth
----------------------------------------------------------------------------------------------------
Epoch [ 700/800] -> Loss: 26.8765
Epoch [ 705/800] -> Loss: 26.8768
Epoch   706: reducing learning rate of group 0 to 6.3627e-06.
Epoch [ 710/800] -> Loss: 26.8742
Epoch [ 715/800] -> Loss: 26.8753
Epoch   717: reducing learning rate of group 0 to 5.7264e-06.
Epoch [ 720/800] -> Loss: 26.8751
Epoch [ 725/800] -> Loss: 26.8748
Epoch   728: reducing learning rate of group 0 to 5.1538e-06.
Epoch [ 730/800] -> Loss: 26.8739
Epoch [ 735/800] -> Loss: 26.8737
Epoch   739: reducing learning rate of group 0 to 4.6384e-06.
Epoch [ 740/800] -> Loss: 26.8739
Epoch [ 745/800] -> Loss: 26.8732
Epoch   750: reducing learning rate of group 0 to 4.1746e-06.
Epoch [ 750/800] -> Loss: 26.8738
Epoch [ 755/800] -> Loss: 26.8729
Epoch [ 760/800] -> Loss: 26.8727
Epoch   761: reducing learning rate of group 0 to 3.7571e-06.
Epoch [ 765/800] -> Loss: 26.8723
Epoch [ 770/800] -> Loss: 26.8725
Epoch   772: reducing learning rate of group 0 to 3.3814e-06.
Epoch [ 775/800] -> Loss: 26.8718
Epoch [ 780/800] -> Loss: 26.8720
Epoch   783: reducing learning rate of group 0 to 3.0433e-06.
Epoch [ 785/800] -> Loss: 26.8714
Epoch [ 790/800] -> Loss: 26.8716
Epoch   794: reducing learning rate of group 0 to 2.7389e-06.
Epoch [ 795/800] -> Loss: 26.8710
----------------------------------------------------------------------------------------------------
Model checkpoint saved as _FFNN_800.pth
----------------------------------------------------------------------------------------------------
Epoch [ 800/800] -> Loss: 26.8708
----------------------------------------------------------------------------------------------------
Plotting loss data...
----------------------------------------------------------------------------------------------------
Training finished successfully.
        Saved model checkpoints can be found in: /home/extern/Dropbox/Research/scripts/models/
        Saved data/loss graphs can be found in: /home/extern/Dropbox/Research/scripts/graphs/
----------------------------------------------------------------------------------------------------
Validating model for solar cycle 23 data
Step [   1/151] -> Date: 5/1996, Target: 7.6, Prediction: 22.63009262084961
Step [   2/151] -> Date: 6/1996, Target: 16.5, Prediction: 20.761260986328125
Step [   3/151] -> Date: 7/1996, Target: 11.8, Prediction: 8.29056167602539
Step [   4/151] -> Date: 8/1996, Target: 19.7, Prediction: 6.33784818649292
Step [   5/151] -> Date: 9/1996, Target: 3.0, Prediction: 6.5863800048828125
Step [   6/151] -> Date: 10/1996, Target: 0.7, Prediction: 10.061656951904297
Step [   7/151] -> Date: 11/1996, Target: 24.9, Prediction: 6.329975605010986
Step [   8/151] -> Date: 12/1996, Target: 14.0, Prediction: 14.436066627502441
Step [   9/151] -> Date: 1/1997, Target: 7.4, Prediction: 17.676063537597656
Step [  10/151] -> Date: 2/1997, Target: 11.0, Prediction: 19.453479766845703
Step [  11/151] -> Date: 3/1997, Target: 12.1, Prediction: 20.69344711303711
Step [  12/151] -> Date: 4/1997, Target: 23.0, Prediction: 23.974262237548828
Step [  13/151] -> Date: 5/1997, Target: 25.4, Prediction: 53.677818298339844
Step [  14/151] -> Date: 6/1997, Target: 20.8, Prediction: 49.498905181884766
Step [  15/151] -> Date: 7/1997, Target: 12.9, Prediction: 37.604652404785156
Step [  16/151] -> Date: 8/1997, Target: 35.7, Prediction: 55.06218338012695
Step [  17/151] -> Date: 9/1997, Target: 59.7, Prediction: 48.61248779296875
Step [  18/151] -> Date: 10/1997, Target: 32.8, Prediction: 67.96772766113281
Step [  19/151] -> Date: 11/1997, Target: 50.4, Prediction: 77.86912536621094
Step [  20/151] -> Date: 12/1997, Target: 55.5, Prediction: 64.4644546508789
Step [  21/151] -> Date: 1/1998, Target: 44.5, Prediction: 86.81171417236328
Step [  22/151] -> Date: 2/1998, Target: 50.2, Prediction: 86.20074462890625
Step [  23/151] -> Date: 3/1998, Target: 82.0, Prediction: 84.13947296142578
Step [  24/151] -> Date: 4/1998, Target: 70.6, Prediction: 87.22791290283203
Step [  25/151] -> Date: 5/1998, Target: 74.0, Prediction: 140.89280700683594
Step [  26/151] -> Date: 6/1998, Target: 90.5, Prediction: 141.4422607421875
Step [  27/151] -> Date: 7/1998, Target: 96.7, Prediction: 160.48968505859375
Step [  28/151] -> Date: 8/1998, Target: 121.1, Prediction: 160.6551055908203
Step [  29/151] -> Date: 9/1998, Target: 132.0, Prediction: 162.41580200195312
Step [  30/151] -> Date: 10/1998, Target: 78.5, Prediction: 128.35191345214844
Step [  31/151] -> Date: 11/1998, Target: 97.3, Prediction: 142.7250213623047
Step [  32/151] -> Date: 12/1998, Target: 119.2, Prediction: 159.75765991210938
Step [  33/151] -> Date: 1/1999, Target: 86.0, Prediction: 133.1352996826172
Step [  34/151] -> Date: 2/1999, Target: 98.0, Prediction: 131.17295837402344
Step [  35/151] -> Date: 3/1999, Target: 103.5, Prediction: 146.3135528564453
Step [  36/151] -> Date: 4/1999, Target: 93.6, Prediction: 146.68446350097656
Step [  37/151] -> Date: 5/1999, Target: 149.6, Prediction: 189.3998565673828
Step [  38/151] -> Date: 6/1999, Target: 207.2, Prediction: 199.68516540527344
Step [  39/151] -> Date: 7/1999, Target: 173.5, Prediction: 190.21095275878906
Step [  40/151] -> Date: 8/1999, Target: 142.3, Prediction: 200.752197265625
Step [  41/151] -> Date: 9/1999, Target: 106.3, Prediction: 169.9480743408203
Step [  42/151] -> Date: 10/1999, Target: 168.7, Prediction: 181.72024536132812
Step [  43/151] -> Date: 11/1999, Target: 188.3, Prediction: 178.68087768554688
Step [  44/151] -> Date: 12/1999, Target: 116.8, Prediction: 179.0170440673828
Step [  45/151] -> Date: 1/2000, Target: 133.1, Prediction: 168.53575134277344
Step [  46/151] -> Date: 2/2000, Target: 165.7, Prediction: 178.63832092285156
Step [  47/151] -> Date: 3/2000, Target: 217.7, Prediction: 180.40435791015625
Step [  48/151] -> Date: 4/2000, Target: 191.5, Prediction: 173.46316528320312
Step [  49/151] -> Date: 5/2000, Target: 165.9, Prediction: 191.17147827148438
Step [  50/151] -> Date: 6/2000, Target: 188.0, Prediction: 186.80413818359375
Step [  51/151] -> Date: 7/2000, Target: 244.3, Prediction: 190.60890197753906
Step [  52/151] -> Date: 8/2000, Target: 180.5, Prediction: 195.98562622070312
Step [  53/151] -> Date: 9/2000, Target: 156.0, Prediction: 201.35560607910156
Step [  54/151] -> Date: 10/2000, Target: 141.6, Prediction: 185.93096923828125
Step [  55/151] -> Date: 11/2000, Target: 158.1, Prediction: 194.0414581298828
Step [  56/151] -> Date: 12/2000, Target: 143.3, Prediction: 177.7817840576172
Step [  57/151] -> Date: 1/2001, Target: 142.6, Prediction: 186.068359375
Step [  58/151] -> Date: 2/2001, Target: 121.5, Prediction: 197.2327880859375
Step [  59/151] -> Date: 3/2001, Target: 165.8, Prediction: 200.96446228027344
Step [  60/151] -> Date: 4/2001, Target: 161.7, Prediction: 173.96038818359375
Step [  61/151] -> Date: 5/2001, Target: 142.1, Prediction: 157.31581115722656
Step [  62/151] -> Date: 6/2001, Target: 202.9, Prediction: 140.7869873046875
Step [  63/151] -> Date: 7/2001, Target: 123.0, Prediction: 175.20909118652344
Step [  64/151] -> Date: 8/2001, Target: 161.5, Prediction: 170.81988525390625
Step [  65/151] -> Date: 9/2001, Target: 238.2, Prediction: 173.18978881835938
Step [  66/151] -> Date: 10/2001, Target: 194.1, Prediction: 151.1918182373047
Step [  67/151] -> Date: 11/2001, Target: 176.6, Prediction: 149.9681854248047
Step [  68/151] -> Date: 12/2001, Target: 213.4, Prediction: 121.74835968017578
Step [  69/151] -> Date: 1/2002, Target: 184.6, Prediction: 125.88294982910156
Step [  70/151] -> Date: 2/2002, Target: 170.2, Prediction: 136.29193115234375
Step [  71/151] -> Date: 3/2002, Target: 147.1, Prediction: 121.71739196777344
Step [  72/151] -> Date: 4/2002, Target: 186.9, Prediction: 115.23384094238281
Step [  73/151] -> Date: 5/2002, Target: 187.5, Prediction: 109.37443542480469
Step [  74/151] -> Date: 6/2002, Target: 128.8, Prediction: 111.2410659790039
Step [  75/151] -> Date: 7/2002, Target: 161.0, Prediction: 111.66744232177734
Step [  76/151] -> Date: 8/2002, Target: 175.6, Prediction: 103.02436065673828
Step [  77/151] -> Date: 9/2002, Target: 187.9, Prediction: 111.68170166015625
Step [  78/151] -> Date: 10/2002, Target: 151.2, Prediction: 105.92716979980469
Step [  79/151] -> Date: 11/2002, Target: 147.2, Prediction: 95.99443054199219
Step [  80/151] -> Date: 12/2002, Target: 135.3, Prediction: 85.21615600585938
Step [  81/151] -> Date: 1/2003, Target: 133.5, Prediction: 80.51759338378906
Step [  82/151] -> Date: 2/2003, Target: 75.7, Prediction: 81.90974426269531
Step [  83/151] -> Date: 3/2003, Target: 100.7, Prediction: 79.4947280883789
Step [  84/151] -> Date: 4/2003, Target: 97.9, Prediction: 76.70782470703125
Step [  85/151] -> Date: 5/2003, Target: 86.8, Prediction: 72.42372131347656
Step [  86/151] -> Date: 6/2003, Target: 118.7, Prediction: 70.29369354248047
Step [  87/151] -> Date: 7/2003, Target: 128.3, Prediction: 77.67046356201172
Step [  88/151] -> Date: 8/2003, Target: 115.4, Prediction: 82.64958190917969
Step [  89/151] -> Date: 9/2003, Target: 78.5, Prediction: 79.71333312988281
Step [  90/151] -> Date: 10/2003, Target: 97.8, Prediction: 71.94007110595703
Step [  91/151] -> Date: 11/2003, Target: 82.9, Prediction: 63.50072479248047
Step [  92/151] -> Date: 12/2003, Target: 72.2, Prediction: 60.518253326416016
Step [  93/151] -> Date: 1/2004, Target: 60.6, Prediction: 55.515846252441406
Step [  94/151] -> Date: 2/2004, Target: 74.6, Prediction: 55.62473678588867
Step [  95/151] -> Date: 3/2004, Target: 74.8, Prediction: 51.27584457397461
Step [  96/151] -> Date: 4/2004, Target: 59.2, Prediction: 58.24090576171875
Step [  97/151] -> Date: 5/2004, Target: 72.8, Prediction: 53.72990036010742
Step [  98/151] -> Date: 6/2004, Target: 66.5, Prediction: 43.13430404663086
Step [  99/151] -> Date: 7/2004, Target: 83.8, Prediction: 46.16734313964844
Step [ 100/151] -> Date: 8/2004, Target: 69.7, Prediction: 46.025238037109375
Step [ 101/151] -> Date: 9/2004, Target: 48.8, Prediction: 47.97789764404297
Step [ 102/151] -> Date: 10/2004, Target: 74.2, Prediction: 44.20668029785156
Step [ 103/151] -> Date: 11/2004, Target: 70.1, Prediction: 33.72820281982422
Step [ 104/151] -> Date: 12/2004, Target: 28.9, Prediction: 32.42921829223633
Step [ 105/151] -> Date: 1/2005, Target: 48.1, Prediction: 26.161170959472656
Step [ 106/151] -> Date: 2/2005, Target: 43.5, Prediction: 23.78777313232422
Step [ 107/151] -> Date: 3/2005, Target: 39.6, Prediction: 26.071483612060547
Step [ 108/151] -> Date: 4/2005, Target: 38.7, Prediction: 31.15530014038086
Step [ 109/151] -> Date: 5/2005, Target: 61.9, Prediction: 25.107173919677734
Step [ 110/151] -> Date: 6/2005, Target: 56.8, Prediction: 19.630813598632812
Step [ 111/151] -> Date: 7/2005, Target: 62.4, Prediction: 22.354042053222656
Step [ 112/151] -> Date: 8/2005, Target: 60.5, Prediction: 22.295757293701172
Step [ 113/151] -> Date: 9/2005, Target: 37.2, Prediction: 19.58613395690918
Step [ 114/151] -> Date: 10/2005, Target: 13.2, Prediction: 18.52001190185547
Step [ 115/151] -> Date: 11/2005, Target: 27.5, Prediction: 17.997093200683594
Step [ 116/151] -> Date: 12/2005, Target: 59.3, Prediction: 17.01470184326172
Step [ 117/151] -> Date: 1/2006, Target: 20.9, Prediction: 16.952136993408203
Step [ 118/151] -> Date: 2/2006, Target: 5.7, Prediction: 17.3800106048584
Step [ 119/151] -> Date: 3/2006, Target: 17.3, Prediction: 18.41468620300293
Step [ 120/151] -> Date: 4/2006, Target: 50.3, Prediction: 18.979305267333984
Step [ 121/151] -> Date: 5/2006, Target: 37.2, Prediction: 18.25012969970703
Step [ 122/151] -> Date: 6/2006, Target: 24.5, Prediction: 18.043819427490234
Step [ 123/151] -> Date: 7/2006, Target: 22.2, Prediction: 15.829900741577148
Step [ 124/151] -> Date: 8/2006, Target: 20.8, Prediction: 15.38242244720459
Step [ 125/151] -> Date: 9/2006, Target: 23.7, Prediction: 18.07457733154297
Step [ 126/151] -> Date: 10/2006, Target: 14.9, Prediction: 15.138830184936523
Step [ 127/151] -> Date: 11/2006, Target: 35.7, Prediction: 18.112991333007812
Step [ 128/151] -> Date: 12/2006, Target: 22.3, Prediction: 17.690322875976562
Step [ 129/151] -> Date: 1/2007, Target: 29.3, Prediction: 17.31953239440918
Step [ 130/151] -> Date: 2/2007, Target: 18.4, Prediction: 16.840404510498047
Step [ 131/151] -> Date: 3/2007, Target: 7.2, Prediction: 18.053943634033203
Step [ 132/151] -> Date: 4/2007, Target: 5.4, Prediction: 19.809646606445312
Step [ 133/151] -> Date: 5/2007, Target: 19.5, Prediction: 20.626567840576172
Step [ 134/151] -> Date: 6/2007, Target: 21.3, Prediction: 23.28573226928711
Step [ 135/151] -> Date: 7/2007, Target: 15.1, Prediction: 6.332031726837158
Step [ 136/151] -> Date: 8/2007, Target: 9.8, Prediction: 12.41511344909668
Step [ 137/151] -> Date: 9/2007, Target: 4.0, Prediction: 9.262435913085938
Step [ 138/151] -> Date: 10/2007, Target: 1.5, Prediction: 27.813419342041016
Step [ 139/151] -> Date: 11/2007, Target: 2.8, Prediction: 16.53857421875
Step [ 140/151] -> Date: 12/2007, Target: 17.3, Prediction: 28.080181121826172
Step [ 141/151] -> Date: 1/2008, Target: 4.1, Prediction: 27.402725219726562
Step [ 142/151] -> Date: 2/2008, Target: 2.9, Prediction: 24.547935485839844
Step [ 143/151] -> Date: 3/2008, Target: 15.5, Prediction: 37.757225036621094
Step [ 144/151] -> Date: 4/2008, Target: 3.6, Prediction: 21.310340881347656
Step [ 145/151] -> Date: 5/2008, Target: 4.6, Prediction: 62.62605667114258
Step [ 146/151] -> Date: 6/2008, Target: 5.2, Prediction: 69.17143249511719
Step [ 147/151] -> Date: 7/2008, Target: 0.6, Prediction: 65.35181427001953
Step [ 148/151] -> Date: 8/2008, Target: 0.3, Prediction: 57.851951599121094
Step [ 149/151] -> Date: 9/2008, Target: 1.2, Prediction: 62.186893463134766
Step [ 150/151] -> Date: 10/2008, Target: 4.2, Prediction: 70.0059814453125
Step [ 151/151] -> Date: 11/2008, Target: 6.6, Prediction: 70.2080307006836
----------------------------------------------------------------------------------------------------
Average Validation Loss: 28.436674541195497
----------------------------------------------------------------------------------------------------
Plotting data...
----------------------------------------------------------------------------------------------------
Plotting loss data...
----------------------------------------------------------------------------------------------------
Validation finished successfully.        Saved prediction/loss graphs can be found in: /home/extern/Dropbox/Research/scripts/graphs/
----------------------------------------------------------------------------------------------------
Predicting SC 24 using the above trained model
Step [   1/151] -> Date: 12/2008, Prediction: 11.534255981445312
Step [   2/151] -> Date: 1/2009, Prediction: 12.116479873657227
Step [   3/151] -> Date: 2/2009, Prediction: 17.40668487548828
Step [   4/151] -> Date: 3/2009, Prediction: 21.649646759033203
Step [   5/151] -> Date: 4/2009, Prediction: 18.544511795043945
Step [   6/151] -> Date: 5/2009, Prediction: 6.36978006362915
Step [   7/151] -> Date: 6/2009, Prediction: 12.29588508605957
Step [   8/151] -> Date: 7/2009, Prediction: 17.799238204956055
Step [   9/151] -> Date: 8/2009, Prediction: 18.578678131103516
Step [  10/151] -> Date: 9/2009, Prediction: 17.924720764160156
Step [  11/151] -> Date: 10/2009, Prediction: 18.767051696777344
Step [  12/151] -> Date: 11/2009, Prediction: 18.354949951171875
Step [  13/151] -> Date: 12/2009, Prediction: 41.56586837768555
Step [  14/151] -> Date: 1/2010, Prediction: 33.48455810546875
Step [  15/151] -> Date: 2/2010, Prediction: 36.88213348388672
Step [  16/151] -> Date: 3/2010, Prediction: 46.953575134277344
Step [  17/151] -> Date: 4/2010, Prediction: 39.165035247802734
Step [  18/151] -> Date: 5/2010, Prediction: 47.007564544677734
Step [  19/151] -> Date: 6/2010, Prediction: 45.562252044677734
Step [  20/151] -> Date: 7/2010, Prediction: 53.05078887939453
Step [  21/151] -> Date: 8/2010, Prediction: 55.235599517822266
Step [  22/151] -> Date: 9/2010, Prediction: 64.74755859375
Step [  23/151] -> Date: 10/2010, Prediction: 61.914794921875
Step [  24/151] -> Date: 11/2010, Prediction: 57.08493423461914
Step [  25/151] -> Date: 12/2010, Prediction: 113.43878936767578
Step [  26/151] -> Date: 1/2011, Prediction: 116.44831085205078
Step [  27/151] -> Date: 2/2011, Prediction: 123.71316528320312
Step [  28/151] -> Date: 3/2011, Prediction: 131.01873779296875
Step [  29/151] -> Date: 4/2011, Prediction: 108.65357208251953
Step [  30/151] -> Date: 5/2011, Prediction: 115.139404296875
Step [  31/151] -> Date: 6/2011, Prediction: 130.05532836914062
Step [  32/151] -> Date: 7/2011, Prediction: 112.88546752929688
Step [  33/151] -> Date: 8/2011, Prediction: 117.37300872802734
Step [  34/151] -> Date: 9/2011, Prediction: 117.64775085449219
Step [  35/151] -> Date: 10/2011, Prediction: 113.59905242919922
Step [  36/151] -> Date: 11/2011, Prediction: 137.52532958984375
Step [  37/151] -> Date: 12/2011, Prediction: 169.0653076171875
Step [  38/151] -> Date: 1/2012, Prediction: 180.82762145996094
Step [  39/151] -> Date: 2/2012, Prediction: 161.8426513671875
Step [  40/151] -> Date: 3/2012, Prediction: 143.21182250976562
Step [  41/151] -> Date: 4/2012, Prediction: 172.4030303955078
Step [  42/151] -> Date: 5/2012, Prediction: 185.43829345703125
Step [  43/151] -> Date: 6/2012, Prediction: 155.63536071777344
Step [  44/151] -> Date: 7/2012, Prediction: 160.3105010986328
Step [  45/151] -> Date: 8/2012, Prediction: 171.347412109375
Step [  46/151] -> Date: 9/2012, Prediction: 167.97747802734375
Step [  47/151] -> Date: 10/2012, Prediction: 182.34828186035156
Step [  48/151] -> Date: 11/2012, Prediction: 172.06507873535156
Step [  49/151] -> Date: 12/2012, Prediction: 186.17166137695312
Step [  50/151] -> Date: 1/2013, Prediction: 203.91090393066406
Step [  51/151] -> Date: 2/2013, Prediction: 184.25387573242188
Step [  52/151] -> Date: 3/2013, Prediction: 170.38340759277344
Step [  53/151] -> Date: 4/2013, Prediction: 165.78414916992188
Step [  54/151] -> Date: 5/2013, Prediction: 173.19912719726562
Step [  55/151] -> Date: 6/2013, Prediction: 174.18092346191406
Step [  56/151] -> Date: 7/2013, Prediction: 172.24647521972656
Step [  57/151] -> Date: 8/2013, Prediction: 163.83612060546875
Step [  58/151] -> Date: 9/2013, Prediction: 173.96966552734375
Step [  59/151] -> Date: 10/2013, Prediction: 169.65980529785156
Step [  60/151] -> Date: 11/2013, Prediction: 169.4020538330078
Step [  61/151] -> Date: 12/2013, Prediction: 146.06005859375
Step [  62/151] -> Date: 1/2014, Prediction: 139.1141357421875
Step [  63/151] -> Date: 2/2014, Prediction: 156.7633514404297
Step [  64/151] -> Date: 3/2014, Prediction: 170.33253479003906
Step [  65/151] -> Date: 4/2014, Prediction: 166.36585998535156
Step [  66/151] -> Date: 5/2014, Prediction: 163.00892639160156
Step [  67/151] -> Date: 6/2014, Prediction: 162.01678466796875
Step [  68/151] -> Date: 7/2014, Prediction: 152.9517059326172
Step [  69/151] -> Date: 8/2014, Prediction: 152.17861938476562
Step [  70/151] -> Date: 9/2014, Prediction: 149.44122314453125
Step [  71/151] -> Date: 10/2014, Prediction: 152.5434112548828
Step [  72/151] -> Date: 11/2014, Prediction: 144.79840087890625
Step [  73/151] -> Date: 12/2014, Prediction: 89.34695434570312
Step [  74/151] -> Date: 1/2015, Prediction: 104.70558166503906
Step [  75/151] -> Date: 2/2015, Prediction: 116.21128845214844
Step [  76/151] -> Date: 3/2015, Prediction: 115.69197082519531
Step [  77/151] -> Date: 4/2015, Prediction: 122.61504364013672
Step [  78/151] -> Date: 5/2015, Prediction: 114.22493743896484
Step [  79/151] -> Date: 6/2015, Prediction: 104.86356353759766
Step [  80/151] -> Date: 7/2015, Prediction: 102.8469467163086
Step [  81/151] -> Date: 8/2015, Prediction: 86.2258071899414
Step [  82/151] -> Date: 9/2015, Prediction: 94.52117919921875
Step [  83/151] -> Date: 10/2015, Prediction: 95.69760131835938
Step [  84/151] -> Date: 11/2015, Prediction: 99.3336181640625
Step [  85/151] -> Date: 12/2015, Prediction: 91.776123046875
Step [  86/151] -> Date: 1/2016, Prediction: 94.56405639648438
Step [  87/151] -> Date: 2/2016, Prediction: 94.97943115234375
Step [  88/151] -> Date: 3/2016, Prediction: 82.69361877441406
Step [  89/151] -> Date: 4/2016, Prediction: 95.01309967041016
Step [  90/151] -> Date: 5/2016, Prediction: 84.26750183105469
Step [  91/151] -> Date: 6/2016, Prediction: 71.25447845458984
Step [  92/151] -> Date: 7/2016, Prediction: 67.8338623046875
Step [  93/151] -> Date: 8/2016, Prediction: 63.484344482421875
Step [  94/151] -> Date: 9/2016, Prediction: 64.00623321533203
Step [  95/151] -> Date: 10/2016, Prediction: 59.68040084838867
Step [  96/151] -> Date: 11/2016, Prediction: 63.57790756225586
Step [  97/151] -> Date: 12/2016, Prediction: 38.774147033691406
Step [  98/151] -> Date: 1/2017, Prediction: 60.31004333496094
Step [  99/151] -> Date: 2/2017, Prediction: 52.773197174072266
Step [ 100/151] -> Date: 3/2017, Prediction: 47.009456634521484
Step [ 101/151] -> Date: 4/2017, Prediction: 52.035030364990234
Step [ 102/151] -> Date: 5/2017, Prediction: 56.044803619384766
Step [ 103/151] -> Date: 6/2017, Prediction: 35.028465270996094
Step [ 104/151] -> Date: 7/2017, Prediction: 43.549285888671875
Step [ 105/151] -> Date: 8/2017, Prediction: 32.8062629699707
Step [ 106/151] -> Date: 9/2017, Prediction: 31.63074493408203
Step [ 107/151] -> Date: 10/2017, Prediction: 32.352569580078125
Step [ 108/151] -> Date: 11/2017, Prediction: 46.133644104003906
Step [ 109/151] -> Date: 12/2017, Prediction: 28.513648986816406
Step [ 110/151] -> Date: 1/2018, Prediction: 35.443485260009766
Step [ 111/151] -> Date: 2/2018, Prediction: 37.03815841674805
Step [ 112/151] -> Date: 3/2018, Prediction: 34.16377258300781
Step [ 113/151] -> Date: 4/2018, Prediction: 18.780405044555664
Step [ 114/151] -> Date: 5/2018, Prediction: 19.747268676757812
Step [ 115/151] -> Date: 6/2018, Prediction: 24.11261749267578
Step [ 116/151] -> Date: 7/2018, Prediction: 17.48072052001953
Step [ 117/151] -> Date: 8/2018, Prediction: 16.906002044677734
Step [ 118/151] -> Date: 9/2018, Prediction: 17.78069305419922
Step [ 119/151] -> Date: 10/2018, Prediction: 15.889924049377441
Step [ 120/151] -> Date: 11/2018, Prediction: 13.229850769042969
Step [ 121/151] -> Date: 12/2018, Prediction: 17.87187957763672
Step [ 122/151] -> Date: 1/2019, Prediction: 14.489500999450684
Step [ 123/151] -> Date: 2/2019, Prediction: 18.100128173828125
Step [ 124/151] -> Date: 3/2019, Prediction: 10.05738639831543
Step [ 125/151] -> Date: 4/2019, Prediction: 12.664628982543945
Step [ 126/151] -> Date: 5/2019, Prediction: 13.721817016601562
Step [ 127/151] -> Date: 6/2019, Prediction: 19.06618309020996
Step [ 128/151] -> Date: 7/2019, Prediction: 18.520915985107422
Step [ 129/151] -> Date: 8/2019, Prediction: 17.36480712890625
Step [ 130/151] -> Date: 9/2019, Prediction: 17.247413635253906
Step [ 131/151] -> Date: 10/2019, Prediction: 17.486854553222656
Step [ 132/151] -> Date: 11/2019, Prediction: 17.64743423461914
Step [ 133/151] -> Date: 12/2019, Prediction: 14.149606704711914
Step [ 134/151] -> Date: 1/2020, Prediction: 9.486503601074219
Step [ 135/151] -> Date: 2/2020, Prediction: 6.339505672454834
Step [ 136/151] -> Date: 3/2020, Prediction: 7.9777913093566895
Step [ 137/151] -> Date: 4/2020, Prediction: 6.299496650695801
Step [ 138/151] -> Date: 5/2020, Prediction: 6.340536594390869
Step [ 139/151] -> Date: 6/2020, Prediction: 6.359341621398926
Step [ 140/151] -> Date: 7/2020, Prediction: 17.528236389160156
Step [ 141/151] -> Date: 8/2020, Prediction: 18.47991180419922
Step [ 142/151] -> Date: 9/2020, Prediction: 18.831985473632812
Step [ 143/151] -> Date: 10/2020, Prediction: 17.835660934448242
Step [ 144/151] -> Date: 11/2020, Prediction: 17.27997589111328
Step [ 145/151] -> Date: 12/2020, Prediction: 33.9566764831543
Step [ 146/151] -> Date: 1/2021, Prediction: 28.383987426757812
Step [ 147/151] -> Date: 2/2021, Prediction: 21.072635650634766
Step [ 148/151] -> Date: 3/2021, Prediction: 19.950599670410156
Step [ 149/151] -> Date: 4/2021, Prediction: 23.77989959716797
Step [ 150/151] -> Date: 5/2021, Prediction: 23.40371322631836
Step [ 151/151] -> Date: 6/2021, Prediction: 27.9490966796875
----------------------------------------------------------------------------------------------------
Plotting data...
