--------------------------------------------------
Code running on device: cuda
--------------------------------------------------
Dataset source : NOAA, ISGI
File location :
    SSN - /home/extern/Documents/Research/data/NOAA/table_international-sunspot-numbers_monthly.txt
    AA - /home/extern/Documents/Research/data/ISGI/aa_1869-08-01_2017-12-31_D.dat
--------------------------------------------------
Selected model: FFNN(
  (model): Sequential(
    (0): Linear(in_features=6, out_features=6, bias=True)
    (1): LeakyReLU(negative_slope=0.01, inplace=True)
    (2): Linear(in_features=6, out_features=6, bias=True)
    (3): LeakyReLU(negative_slope=0.01, inplace=True)
    (4): Linear(in_features=6, out_features=1, bias=True)
  )
)    Training mode: True    Testing mode: False
--------------------------------------------------
Pre-trained model available, loading model weights
--------------------------------------------------
Training model with: num_epochs=450, start_lr=0.0005
