--------------------------------------------------
Code running on device: cuda
--------------------------------------------------
Dataset source : NOAA, ISGI
File location :
    SSN - /home/extern/Documents/Research/data/NOAA/table_international-sunspot-numbers_monthly.txt
    AA - /home/extern/Documents/Research/data/ISGI/aa_1869-08-01_2017-12-31_D.dat
--------------------------------------------------
Selected model: FFNN(
  (model): Sequential(
    (0): Linear(in_features=6, out_features=6, bias=True)
    (1): LeakyReLU(negative_slope=0.1, inplace)
    (2): Linear(in_features=6, out_features=6, bias=True)
    (3): LeakyReLU(negative_slope=0.1, inplace)
    (4): Linear(in_features=6, out_features=1, bias=True)
  )
)    Training mode: True    Testing mode: False
--------------------------------------------------
Pre-trained model available, loading model weights
--------------------------------------------------
Training model with: num_epochs=500, start_lr=0.001
Epoch [   1/500] -> Loss: 344.2366
Epoch [   2/500] -> Loss: 342.1039
Epoch [   3/500] -> Loss: 340.1290
Epoch [   4/500] -> Loss: 339.2536
Epoch [   5/500] -> Loss: 341.7448
Epoch [   6/500] -> Loss: 343.1639
Epoch [   7/500] -> Loss: 339.9987
Epoch [   8/500] -> Loss: 338.6501
Epoch [   9/500] -> Loss: 341.7580
Epoch [  10/500] -> Loss: 339.3537
Epoch [  11/500] -> Loss: 340.2248
Epoch [  12/500] -> Loss: 341.8482
Epoch [  13/500] -> Loss: 342.2061
Epoch [  14/500] -> Loss: 339.8452
Epoch [  15/500] -> Loss: 340.4223
Epoch [  16/500] -> Loss: 340.1388
Epoch [  17/500] -> Loss: 338.9883
Epoch [  18/500] -> Loss: 338.9753
Epoch    18: reducing learning rate of group 0 to 5.0000e-04.
Epoch [  19/500] -> Loss: 338.8641
Epoch [  20/500] -> Loss: 337.9151
Epoch [  21/500] -> Loss: 337.3870
Epoch [  22/500] -> Loss: 337.3147
Epoch [  23/500] -> Loss: 337.6419
Epoch [  24/500] -> Loss: 337.9365
Epoch [  25/500] -> Loss: 338.4339
Epoch [  26/500] -> Loss: 338.1328
Epoch [  27/500] -> Loss: 337.8151
Epoch [  28/500] -> Loss: 337.8992
Epoch [  29/500] -> Loss: 336.4252
Epoch [  30/500] -> Loss: 338.2347
Epoch [  31/500] -> Loss: 337.5571
Epoch [  32/500] -> Loss: 337.7336
Epoch [  33/500] -> Loss: 336.4728
Epoch [  34/500] -> Loss: 338.1724
Epoch [  35/500] -> Loss: 336.6706
Epoch [  36/500] -> Loss: 336.8397
Epoch [  37/500] -> Loss: 336.5094
Epoch [  38/500] -> Loss: 336.8191
Epoch [  39/500] -> Loss: 337.3082
Epoch    39: reducing learning rate of group 0 to 2.5000e-04.
Epoch [  40/500] -> Loss: 336.4947
Epoch [  41/500] -> Loss: 335.8905
Epoch [  42/500] -> Loss: 335.7494
Epoch [  43/500] -> Loss: 335.7482
Epoch [  44/500] -> Loss: 336.0097
Epoch [  45/500] -> Loss: 335.7929
Epoch [  46/500] -> Loss: 335.4031
Epoch [  47/500] -> Loss: 336.1885
Epoch [  48/500] -> Loss: 334.6630
Epoch [  49/500] -> Loss: 336.7580
--------------------------------------------------
Model checkpoint saved as /home/extern/Documents/Research/scripts/models/_FFNN_50.pth
--------------------------------------------------
Epoch [  50/500] -> Loss: 335.1868
