--------------------------------------------------
Code running on device: cuda
--------------------------------------------------
Dataset source : SILSO, ISGI
File location :
    SSN - /home/extern/Documents/Research/data/SILSO/TSN/SN_m_tot_V2.0.txt
    AA - /home/extern/Documents/Research/data/ISGI/aa_1869-08-01_2017-12-31_D.dat
--------------------------------------------------
Selected model: FFNN(
  (model): Sequential(
    (0): Linear(in_features=6, out_features=6, bias=True)
    (1): LeakyReLU(negative_slope=0.01, inplace)
    (2): Linear(in_features=6, out_features=6, bias=True)
    (3): LeakyReLU(negative_slope=0.01, inplace)
    (4): Linear(in_features=6, out_features=1, bias=True)
  )
)    Training mode: True    Testing mode: False
--------------------------------------------------
No pre-trained models available, initializing model weights
--------------------------------------------------
Training model with: num_epochs=450, start_lr=0.0005
Epoch [   1/450] -> Loss: 4158.2774
Epoch [   2/450] -> Loss: 2434.4792
Epoch [   3/450] -> Loss: 2391.5105
Epoch [   4/450] -> Loss: 2352.4501
Epoch [   5/450] -> Loss: 2325.5110
Epoch [   6/450] -> Loss: 2305.1329
Epoch [   7/450] -> Loss: 2281.3818
Epoch [   8/450] -> Loss: 2267.9282
Epoch [   9/450] -> Loss: 2248.9170
Epoch [  10/450] -> Loss: 2233.8850
Epoch [  11/450] -> Loss: 2220.1440
Epoch [  12/450] -> Loss: 2219.2219
Epoch [  13/450] -> Loss: 2208.4397
Epoch [  14/450] -> Loss: 2200.9023
Epoch [  15/450] -> Loss: 2191.7625
Epoch [  16/450] -> Loss: 2176.6955
Epoch [  17/450] -> Loss: 2173.5129
Epoch [  18/450] -> Loss: 2163.4715
Epoch [  19/450] -> Loss: 2158.1779
Epoch [  20/450] -> Loss: 2149.1035
Epoch [  21/450] -> Loss: 2138.5831
Epoch [  22/450] -> Loss: 2133.9552
