--------------------------------------------------
Code running on device: cuda
271 148
--------------------------------------------------
Dataset source : SILSO, ISGI
File location :
    SSN - /home/extern/Documents/Research/data/SILSO/TSN/SN_m_tot_V2.0.txt
    AA - /home/extern/Documents/Research/data/ISGI/aa_1869-08-01_2017-12-31_D.dat
--------------------------------------------------
Selected model: FFNN(
  (model): Sequential(
    (0): Linear(in_features=6, out_features=6, bias=True)
    (1): LeakyReLU(negative_slope=0.01, inplace)
    (2): Linear(in_features=6, out_features=6, bias=True)
    (3): LeakyReLU(negative_slope=0.01, inplace)
    (4): Linear(in_features=6, out_features=1, bias=True)
  )
)    Training mode: True    Testing mode: False
--------------------------------------------------
Pre-trained model available, loading model weights
--------------------------------------------------
Training model with: num_epochs=450, start_lr=0.0005
Epoch [   1/450] -> Loss: 877.0640
Epoch [   2/450] -> Loss: 874.9028
Epoch [   3/450] -> Loss: 869.5863
Epoch [   4/450] -> Loss: 869.0880
