--------------------------------------------------
Code running on device: cuda
[(array([0.        , 1.        , 0.        , 1.        , 3.3       ,
       7.58064516]), 73.9), (array([0.        , 1.        , 0.5       , 0.8660254 , 6.6       ,
       7.39285714]), 64.2), (array([0.        , 1.        , 0.8660254 , 0.5       , 7.8       ,
       6.19354839]), 64.3), (array([0.00000000e+00, 1.00000000e+00, 1.00000000e+00, 6.12323400e-17,
       1.00000000e-01, 8.53333333e+00]), 96.7), (array([ 0.        ,  1.        ,  0.8660254 , -0.5       ,  5.9       ,
        7.41935484]), 73.6), (array([ 0.        ,  1.        ,  0.5       , -0.8660254 ,  6.4       ,
        8.66666667]), 94.4), (array([ 0.00000000e+00,  1.00000000e+00,  1.22464680e-16, -1.00000000e+00,
        1.00000000e-01,  4.80645161e+00]), 118.6), (array([ 0.        ,  1.        , -0.5       , -0.8660254 ,  0.        ,
        6.58064516]), 120.3), (array([ 0.        ,  1.        , -0.8660254 , -0.5       ,  5.3       ,
        7.96666667]), 148.8), (array([ 0.00000000e+00,  1.00000000e+00, -1.00000000e+00, -1.83697020e-16,
        1.10000000e+00,  6.77419355e+00]), 158.2), (array([ 0.       ,  1.       , -0.8660254,  0.5      ,  4.1      ,
        7.1      ]), 148.1), (array([ 0.        ,  1.        , -0.5       ,  0.8660254 ,  0.5       ,
        9.41935484]), 112.0), (array([0.54064082, 0.84125353, 0.        , 1.        , 3.3       ,
       7.58064516]), 104.0), (array([0.54064082, 0.84125353, 0.5       , 0.8660254 , 6.6       ,
       7.39285714]), 142.5), (array([0.54064082, 0.84125353, 0.8660254 , 0.5       , 7.8       ,
       6.19354839]), 80.1), (array([5.40640817e-01, 8.41253533e-01, 1.00000000e+00, 6.12323400e-17,
       1.00000000e-01, 8.53333333e+00]), 51.0), (array([ 0.54064082,  0.84125353,  0.8660254 , -0.5       ,  5.9       ,
        7.41935484]), 70.1), (array([ 0.54064082,  0.84125353,  0.5       , -0.8660254 ,  6.4       ,
        8.66666667]), 83.3), (array([ 5.40640817e-01,  8.41253533e-01,  1.22464680e-16, -1.00000000e+00,
        1.00000000e-01,  4.80645161e+00]), 109.8), (array([ 0.54064082,  0.84125353, -0.5       , -0.8660254 ,  0.        ,
        6.58064516]), 126.3), (array([ 0.54064082,  0.84125353, -0.8660254 , -0.5       ,  5.3       ,
        7.96666667]), 104.4), (array([ 5.40640817e-01,  8.41253533e-01, -1.00000000e+00, -1.83697020e-16,
        1.10000000e+00,  6.77419355e+00]), 103.6), (array([ 0.54064082,  0.84125353, -0.8660254 ,  0.5       ,  4.1       ,
        7.1       ]), 132.2), (array([ 0.54064082,  0.84125353, -0.5       ,  0.8660254 ,  0.5       ,
        9.41935484]), 102.3), (array([0.909632  , 0.41541501, 0.        , 1.        , 3.3       ,
       7.58064516]), 36.0), (array([0.909632  , 0.41541501, 0.5       , 0.8660254 , 6.6       ,
       7.39285714]), 46.2), (array([0.909632  , 0.41541501, 0.8660254 , 0.5       , 7.8       ,
       6.19354839]), 46.7), (array([9.09631995e-01, 4.15415013e-01, 1.00000000e+00, 6.12323400e-17,
       1.00000000e-01, 8.53333333e+00]), 64.9), (array([ 0.909632  ,  0.41541501,  0.8660254 , -0.5       ,  5.9       ,
        7.41935484]), 152.7), (array([ 0.909632  ,  0.41541501,  0.5       , -0.8660254 ,  6.4       ,
        8.66666667]), 119.5), (array([ 9.09631995e-01,  4.15415013e-01,  1.22464680e-16, -1.00000000e+00,
        1.00000000e-01,  4.80645161e+00]), 67.7), (array([ 0.909632  ,  0.41541501, -0.5       , -0.8660254 ,  0.        ,
        6.58064516]), 58.5), (array([ 0.909632  ,  0.41541501, -0.8660254 , -0.5       ,  5.3       ,
        7.96666667]), 101.4), (array([ 9.09631995e-01,  4.15415013e-01, -1.00000000e+00, -1.83697020e-16,
        1.10000000e+00,  6.77419355e+00]), 90.0), (array([ 0.909632  ,  0.41541501, -0.8660254 ,  0.5       ,  4.1       ,
        7.1       ]), 99.7), (array([ 0.909632  ,  0.41541501, -0.5       ,  0.8660254 ,  0.5       ,
        9.41935484]), 95.7), (array([ 0.98982144, -0.14231484,  0.        ,  1.        ,  3.3       ,
        7.58064516]), 100.9), (array([ 0.98982144, -0.14231484,  0.5       ,  0.8660254 ,  6.6       ,
        7.39285714]), 90.8), (array([ 0.98982144, -0.14231484,  0.8660254 ,  0.5       ,  7.8       ,
        6.19354839]), 31.1), (array([ 9.89821442e-01, -1.42314838e-01,  1.00000000e+00,  6.12323400e-17,
        1.00000000e-01,  8.53333333e+00]), 92.2), (array([ 0.98982144, -0.14231484,  0.8660254 , -0.5       ,  5.9       ,
        7.41935484]), 38.0), (array([ 0.98982144, -0.14231484,  0.5       , -0.8660254 ,  6.4       ,
        8.66666667]), 57.0), (array([ 9.89821442e-01, -1.42314838e-01,  1.22464680e-16, -1.00000000e+00,
        1.00000000e-01,  4.80645161e+00]), 77.3), (array([ 0.98982144, -0.14231484, -0.5       , -0.8660254 ,  0.        ,
        6.58064516]), 56.2), (array([ 0.98982144, -0.14231484, -0.8660254 , -0.5       ,  5.3       ,
        7.96666667]), 50.5), (array([ 9.89821442e-01, -1.42314838e-01, -1.00000000e+00, -1.83697020e-16,
        1.10000000e+00,  6.77419355e+00]), 78.6), (array([ 0.98982144, -0.14231484, -0.8660254 ,  0.5       ,  4.1       ,
        7.1       ]), 61.3), (array([ 0.98982144, -0.14231484, -0.5       ,  0.8660254 ,  0.5       ,
        9.41935484]), 64.0), (array([ 0.75574957, -0.65486073,  0.        ,  1.        ,  3.3       ,
        7.58064516]), 54.6), (array([ 0.75574957, -0.65486073,  0.5       ,  0.8660254 ,  6.6       ,
        7.39285714]), 29.0)]
