--------------------------------------------------
Code running on device: cuda
--------------------------------------------------
Dataset source : NOAA, ISGI
File location :
    SSN - /home/extern/Documents/Research/data/NOAA/table_international-sunspot-numbers_monthly.txt
    AA - /home/extern/Documents/Research/data/ISGI/aa_1869-08-01_2017-12-31_D.dat
--------------------------------------------------
Selected model: FFNN(
  (model): Sequential(
    (0): Linear(in_features=6, out_features=6, bias=True)
    (1): LeakyReLU(negative_slope=0.01, inplace)
    (2): Linear(in_features=6, out_features=6, bias=True)
    (3): LeakyReLU(negative_slope=0.01, inplace)
    (4): Linear(in_features=6, out_features=1, bias=True)
  )
)    Training mode: True    Testing mode: False
--------------------------------------------------
Pre-trained model available, loading model weights
--------------------------------------------------
Training model with: num_epochs=1000, start_lr=0.001
Epoch [   1/1000] -> Loss: 350.7644
Epoch [   2/1000] -> Loss: 351.8598
Epoch [   3/1000] -> Loss: 348.2099
Epoch [   4/1000] -> Loss: 348.9852
Epoch [   5/1000] -> Loss: 347.2910
Epoch [   6/1000] -> Loss: 351.1264
Epoch [   7/1000] -> Loss: 346.5800
Epoch [   8/1000] -> Loss: 344.7511
Epoch [   9/1000] -> Loss: 348.6648
Epoch [  10/1000] -> Loss: 346.6707
Epoch [  11/1000] -> Loss: 347.2350
Epoch [  12/1000] -> Loss: 347.3733
Epoch [  13/1000] -> Loss: 348.4171
Epoch [  14/1000] -> Loss: 344.4496
Epoch [  15/1000] -> Loss: 344.9868
Epoch [  16/1000] -> Loss: 346.4109
Epoch [  17/1000] -> Loss: 342.8174
Epoch [  18/1000] -> Loss: 343.5372
Epoch [  19/1000] -> Loss: 342.3163
Epoch [  20/1000] -> Loss: 343.9474
Epoch [  21/1000] -> Loss: 343.4385
