--------------------------------------------------
Code running on device: cuda
--------------------------------------------------
Dataset source : NOAA, ISGI
File location :
    SSN - /home/extern/Documents/Research/data/NOAA/table_international-sunspot-numbers_monthly.txt
    AA - /home/extern/Documents/Research/data/ISGI/aa_1869-08-01_2017-12-31_D.dat
--------------------------------------------------
Selected model: FFNN(
  (model): Sequential(
    (0): Linear(in_features=6, out_features=6, bias=True)
    (1): LeakyReLU(negative_slope=0.01, inplace)
    (2): Linear(in_features=6, out_features=6, bias=True)
    (3): LeakyReLU(negative_slope=0.01, inplace)
    (4): Linear(in_features=6, out_features=1, bias=True)
  )
)    Training mode: True    Testing mode: False
--------------------------------------------------
Pre-trained model available, loading model weights
--------------------------------------------------
Training model with: num_epochs=150, start_lr=0.0005
Epoch [   1/150] -> Loss: 307.3064
Epoch [   2/150] -> Loss: 307.2124
Epoch [   3/150] -> Loss: 305.6211
Epoch [   4/150] -> Loss: 305.7513
Epoch [   5/150] -> Loss: 305.8970
Epoch [   6/150] -> Loss: 308.0625
Epoch [   7/150] -> Loss: 305.5459
Epoch [   8/150] -> Loss: 304.4587
Epoch [   9/150] -> Loss: 307.2867
Epoch [  10/150] -> Loss: 305.8548
Epoch [  11/150] -> Loss: 306.4548
Epoch [  12/150] -> Loss: 306.8096
Epoch [  13/150] -> Loss: 307.4180
Epoch [  14/150] -> Loss: 305.5449
Epoch [  15/150] -> Loss: 305.8708
Epoch [  16/150] -> Loss: 306.6134
Epoch [  17/150] -> Loss: 304.4328
Epoch [  18/150] -> Loss: 305.1299
Epoch [  19/150] -> Loss: 304.3044
Epoch [  20/150] -> Loss: 305.3623
Epoch [  21/150] -> Loss: 305.1060
Epoch [  22/150] -> Loss: 305.4358
Epoch [  23/150] -> Loss: 305.4227
Epoch [  24/150] -> Loss: 304.9164
Epoch [  25/150] -> Loss: 305.5316
Epoch [  26/150] -> Loss: 305.3632
Epoch [  27/150] -> Loss: 304.8517
Epoch [  28/150] -> Loss: 305.0729
Epoch [  29/150] -> Loss: 303.4319
Epoch [  30/150] -> Loss: 305.8723
Epoch [  31/150] -> Loss: 304.5651
Epoch [  32/150] -> Loss: 304.2471
Epoch [  33/150] -> Loss: 303.8437
Epoch [  34/150] -> Loss: 303.9820
