--------------------------------------------------
Code running on device: cuda
--------------------------------------------------
Dataset source : NOAA, ISGI
File location :
    SSN - /home/extern/Documents/Research/data/NOAA/table_international-sunspot-numbers_monthly.txt
    AA - /home/extern/Documents/Research/data/ISGI/aa_1869-08-01_2017-12-31_D.dat
--------------------------------------------------
Selected model: FFNN(
  (model): Sequential(
    (0): Linear(in_features=6, out_features=6, bias=True)
    (1): LeakyReLU(negative_slope=0.01, inplace)
    (2): Linear(in_features=6, out_features=6, bias=True)
    (3): LeakyReLU(negative_slope=0.01, inplace)
    (4): Linear(in_features=6, out_features=1, bias=True)
  )
)    Training mode: True    Testing mode: False
--------------------------------------------------
Pre-trained model available, loading model weights
--------------------------------------------------
Training model with: num_epochs=1000, start_lr=0.0001
Epoch [   1/1000] -> Loss: 351.3371
Epoch [   2/1000] -> Loss: 344.9484
Epoch [   3/1000] -> Loss: 344.3074
Epoch [   4/1000] -> Loss: 344.2243
Epoch [   5/1000] -> Loss: 344.4572
Epoch [   6/1000] -> Loss: 344.6829
Epoch [   7/1000] -> Loss: 344.1523
Epoch [   8/1000] -> Loss: 343.6380
Epoch [   9/1000] -> Loss: 344.4247
Epoch [  10/1000] -> Loss: 343.7918
Epoch [  11/1000] -> Loss: 343.9377
Epoch [  12/1000] -> Loss: 344.0770
Epoch [  13/1000] -> Loss: 344.2034
Epoch [  14/1000] -> Loss: 343.7076
Epoch [  15/1000] -> Loss: 343.7521
Epoch [  16/1000] -> Loss: 343.7835
Epoch [  17/1000] -> Loss: 343.1863
Epoch [  18/1000] -> Loss: 343.4431
Epoch [  19/1000] -> Loss: 343.3997
Epoch [  20/1000] -> Loss: 343.5811
Epoch [  21/1000] -> Loss: 343.4056
Epoch [  22/1000] -> Loss: 343.2850
Epoch [  23/1000] -> Loss: 343.2648
Epoch [  24/1000] -> Loss: 343.1691
Epoch [  25/1000] -> Loss: 343.3508
Epoch [  26/1000] -> Loss: 343.2191
Epoch [  27/1000] -> Loss: 343.1272
Epoch [  28/1000] -> Loss: 343.1013
Epoch [  29/1000] -> Loss: 342.4937
Epoch [  30/1000] -> Loss: 343.1068
Epoch [  31/1000] -> Loss: 342.9934
Epoch [  32/1000] -> Loss: 342.6787
Epoch [  33/1000] -> Loss: 342.4064
Epoch [  34/1000] -> Loss: 342.7900
Epoch [  35/1000] -> Loss: 342.0862
Epoch [  36/1000] -> Loss: 342.6168
Epoch [  37/1000] -> Loss: 342.0384
Epoch [  38/1000] -> Loss: 342.4104
Epoch [  39/1000] -> Loss: 342.3431
Epoch [  40/1000] -> Loss: 342.1646
Epoch [  41/1000] -> Loss: 342.3653
Epoch [  42/1000] -> Loss: 342.0654
Epoch [  43/1000] -> Loss: 342.0437
Epoch [  44/1000] -> Loss: 342.0755
