--------------------------------------------------
Code running on device: cpu
{'start_date': [[1749, 1], [1755, 2], [1766, 6], [1775, 6], [1784, 9], [1798, 4], [1810, 12], [1823, 5], [1833, 11], [1843, 7], [1855, 12], [1867, 3], [1878, 12], [1890, 3], [1902, 1], [1913, 7], [1923, 8], [1933, 9], [1944, 2], [1954, 4], [1964, 10], [1976, 3], [1986, 9], [1996, 5], [2008, 12]], 'end_date': [[1755, 1], [1766, 5], [1775, 5], [1784, 8], [1798, 3], [1810, 11], [1823, 4], [1833, 10], [1843, 6], [1855, 11], [1867, 2], [1878, 11], [1890, 2], [1902, 0], [1913, 6], [1923, 7], [1933, 8], [1944, 1], [1954, 3], [1964, 9], [1976, 2], [1986, 8], [1996, 4], [2008, 11], [2019, 11]], 'max_date': [[1750, 4], [1761, 6], [1769, 9], [1778, 5], [1788, 2], [1794, 6], [1805, 2], [1816, 5], [1829, 11], [1837, 3], [1848, 2], [1860, 2], [1870, 8], [1883, 12], [1894, 1], [1906, 2], [1917, 8], [1928, 4], [1937, 4], [1947, 5], [1958, 3], [1968, 11], [1979, 12], [1989, 11], [2001, 11]], 'solar_max': [154.27083333333334, 144.12499999999997, 192.97916666666666, 264.25, 235.28333333333333, 67.92916666666666, 81.99166666666667, 81.16250000000001, 119.24166666666667, 244.87083333333328, 219.94166666666663, 186.15416666666667, 234.0208333333333, 124.41250000000002, 146.54583333333332, 107.07916666666667, 175.66666666666663, 130.22916666666666, 198.64166666666665, 218.73333333333332, 285.00416666666666, 156.62916666666666, 232.9166666666666, 212.48333333333332, 180.275], 'length': [72, 135, 107, 110, 162, 151, 148, 125, 115, 148, 134, 140, 134, 141, 137, 120, 120, 124, 121, 125, 136, 125, 115, 150, 131]}
<datasets.SSN object at 0x7f27138f9110> <datasets.AA object at 0x7f270eff94d0>
--------------------------------------------------
File location :
    SSN - /home/extern/Documents/Research/scripts/data/SILSO/TSN/SN_m_tot_V2.0.txt
    AA - /home/extern/Documents/Research/scripts/data/ISGI/aa_1869-01-01_2018-12-31_D.dat
--------------------------------------------------
Selected model: FFNN(
  (model): Sequential(
    (0): Linear(in_features=6, out_features=6, bias=True)
    (1): LeakyReLU(negative_slope=0.01, inplace=True)
    (2): Linear(in_features=6, out_features=6, bias=True)
    (3): LeakyReLU(negative_slope=0.01, inplace=True)
    (4): Linear(in_features=6, out_features=1, bias=True)
  )
)    Training mode: False    Testing mode: False
--------------------------------------------------
No pre-trained models available, initializing model weights
