--------------------------------------------------
Code running on device: cuda
--------------------------------------------------
File location :
    SSN - /home/extern/Documents/Research/scripts/data/SILSO/TSN/SN_m_tot_V2.0.txt
    AA - /home/extern/Documents/Research/scripts/data/ISGI/aa_1869-01-01_2018-12-31_D.dat
--------------------------------------------------
Selected model: FFNN(
  (model): Sequential(
    (0): Linear(in_features=6, out_features=6, bias=True)
    (1): LeakyReLU(negative_slope=0.01, inplace=True)
    (2): Linear(in_features=6, out_features=3, bias=True)
    (3): LeakyReLU(negative_slope=0.01, inplace=True)
    (4): Linear(in_features=3, out_features=1, bias=True)
  )
)    Training mode: True    Testing mode: False
--------------------------------------------------
No pre-trained models available, initializing model weights
--------------------------------------------------
Training model with: num_epochs=2600, start_lr=0.005
tensor([[ 5.4064e-01,  8.4125e-01,  5.0000e-01,  8.6603e-01,  9.4194e+00,
          9.0000e-01],
        [ 5.4064e-01,  8.4125e-01,  8.6603e-01,  5.0000e-01,  6.1613e+00,
          1.6000e+00],
        [ 5.4064e-01,  8.4125e-01,  1.0000e+00,  6.1232e-17,  5.9286e+00,
          9.0000e-01],
        [ 5.4064e-01,  8.4125e-01,  8.6603e-01, -5.0000e-01,  8.6774e+00,
          0.0000e+00],
        [ 5.4064e-01,  8.4125e-01,  5.0000e-01, -8.6603e-01,  5.6667e+00,
          1.0400e+01],
        [ 5.4064e-01,  8.4125e-01,  1.2246e-16, -1.0000e+00,  6.2581e+00,
          4.0000e+00],
        [ 5.4064e-01,  8.4125e-01, -5.0000e-01, -8.6603e-01,  6.0000e+00,
          8.0000e+00],
        [ 5.4064e-01,  8.4125e-01, -8.6603e-01, -5.0000e-01,  5.9355e+00,
          1.2600e+01],
        [ 5.4064e-01,  8.4125e-01, -1.0000e+00, -1.8370e-16,  8.0968e+00,
          1.7900e+01],
        [ 5.4064e-01,  8.4125e-01, -8.6603e-01,  5.0000e-01,  8.8333e+00,
          1.0100e+01],
        [ 5.4064e-01,  8.4125e-01, -5.0000e-01,  8.6603e-01,  7.0645e+00,
          2.0400e+01],
        [ 5.4064e-01,  8.4125e-01,  0.0000e+00,  1.0000e+00,  7.1000e+00,
          2.1900e+01]], dtype=torch.float64)
Epoch [   1/2600] -> Loss: 8252.1120
tensor([[ 5.4064e-01,  8.4125e-01,  5.0000e-01,  8.6603e-01,  9.4194e+00,
          9.0000e-01],
        [ 5.4064e-01,  8.4125e-01,  8.6603e-01,  5.0000e-01,  6.1613e+00,
          1.6000e+00],
        [ 5.4064e-01,  8.4125e-01,  1.0000e+00,  6.1232e-17,  5.9286e+00,
          9.0000e-01],
        [ 5.4064e-01,  8.4125e-01,  8.6603e-01, -5.0000e-01,  8.6774e+00,
          0.0000e+00],
        [ 5.4064e-01,  8.4125e-01,  5.0000e-01, -8.6603e-01,  5.6667e+00,
          1.0400e+01],
        [ 5.4064e-01,  8.4125e-01,  1.2246e-16, -1.0000e+00,  6.2581e+00,
          4.0000e+00],
        [ 5.4064e-01,  8.4125e-01, -5.0000e-01, -8.6603e-01,  6.0000e+00,
          8.0000e+00],
        [ 5.4064e-01,  8.4125e-01, -8.6603e-01, -5.0000e-01,  5.9355e+00,
          1.2600e+01],
        [ 5.4064e-01,  8.4125e-01, -1.0000e+00, -1.8370e-16,  8.0968e+00,
          1.7900e+01],
        [ 5.4064e-01,  8.4125e-01, -8.6603e-01,  5.0000e-01,  8.8333e+00,
          1.0100e+01],
        [ 5.4064e-01,  8.4125e-01, -5.0000e-01,  8.6603e-01,  7.0645e+00,
          2.0400e+01],
        [ 5.4064e-01,  8.4125e-01,  0.0000e+00,  1.0000e+00,  7.1000e+00,
          2.1900e+01]], dtype=torch.float64)
Epoch [   2/2600] -> Loss: 3307.2021
tensor([[ 5.4064e-01,  8.4125e-01,  5.0000e-01,  8.6603e-01,  9.4194e+00,
          9.0000e-01],
        [ 5.4064e-01,  8.4125e-01,  8.6603e-01,  5.0000e-01,  6.1613e+00,
          1.6000e+00],
        [ 5.4064e-01,  8.4125e-01,  1.0000e+00,  6.1232e-17,  5.9286e+00,
          9.0000e-01],
        [ 5.4064e-01,  8.4125e-01,  8.6603e-01, -5.0000e-01,  8.6774e+00,
          0.0000e+00],
        [ 5.4064e-01,  8.4125e-01,  5.0000e-01, -8.6603e-01,  5.6667e+00,
          1.0400e+01],
        [ 5.4064e-01,  8.4125e-01,  1.2246e-16, -1.0000e+00,  6.2581e+00,
          4.0000e+00],
        [ 5.4064e-01,  8.4125e-01, -5.0000e-01, -8.6603e-01,  6.0000e+00,
          8.0000e+00],
        [ 5.4064e-01,  8.4125e-01, -8.6603e-01, -5.0000e-01,  5.9355e+00,
          1.2600e+01],
        [ 5.4064e-01,  8.4125e-01, -1.0000e+00, -1.8370e-16,  8.0968e+00,
          1.7900e+01],
        [ 5.4064e-01,  8.4125e-01, -8.6603e-01,  5.0000e-01,  8.8333e+00,
          1.0100e+01],
        [ 5.4064e-01,  8.4125e-01, -5.0000e-01,  8.6603e-01,  7.0645e+00,
          2.0400e+01],
        [ 5.4064e-01,  8.4125e-01,  0.0000e+00,  1.0000e+00,  7.1000e+00,
          2.1900e+01]], dtype=torch.float64)
Epoch [   3/2600] -> Loss: 3255.9664
tensor([[ 5.4064e-01,  8.4125e-01,  5.0000e-01,  8.6603e-01,  9.4194e+00,
          9.0000e-01],
        [ 5.4064e-01,  8.4125e-01,  8.6603e-01,  5.0000e-01,  6.1613e+00,
          1.6000e+00],
        [ 5.4064e-01,  8.4125e-01,  1.0000e+00,  6.1232e-17,  5.9286e+00,
          9.0000e-01],
        [ 5.4064e-01,  8.4125e-01,  8.6603e-01, -5.0000e-01,  8.6774e+00,
          0.0000e+00],
        [ 5.4064e-01,  8.4125e-01,  5.0000e-01, -8.6603e-01,  5.6667e+00,
          1.0400e+01],
        [ 5.4064e-01,  8.4125e-01,  1.2246e-16, -1.0000e+00,  6.2581e+00,
          4.0000e+00],
        [ 5.4064e-01,  8.4125e-01, -5.0000e-01, -8.6603e-01,  6.0000e+00,
          8.0000e+00],
        [ 5.4064e-01,  8.4125e-01, -8.6603e-01, -5.0000e-01,  5.9355e+00,
          1.2600e+01],
        [ 5.4064e-01,  8.4125e-01, -1.0000e+00, -1.8370e-16,  8.0968e+00,
          1.7900e+01],
        [ 5.4064e-01,  8.4125e-01, -8.6603e-01,  5.0000e-01,  8.8333e+00,
          1.0100e+01],
        [ 5.4064e-01,  8.4125e-01, -5.0000e-01,  8.6603e-01,  7.0645e+00,
          2.0400e+01],
        [ 5.4064e-01,  8.4125e-01,  0.0000e+00,  1.0000e+00,  7.1000e+00,
          2.1900e+01]], dtype=torch.float64)
Epoch [   4/2600] -> Loss: 3216.4118
tensor([[ 5.4064e-01,  8.4125e-01,  5.0000e-01,  8.6603e-01,  9.4194e+00,
          9.0000e-01],
        [ 5.4064e-01,  8.4125e-01,  8.6603e-01,  5.0000e-01,  6.1613e+00,
          1.6000e+00],
        [ 5.4064e-01,  8.4125e-01,  1.0000e+00,  6.1232e-17,  5.9286e+00,
          9.0000e-01],
        [ 5.4064e-01,  8.4125e-01,  8.6603e-01, -5.0000e-01,  8.6774e+00,
          0.0000e+00],
        [ 5.4064e-01,  8.4125e-01,  5.0000e-01, -8.6603e-01,  5.6667e+00,
          1.0400e+01],
        [ 5.4064e-01,  8.4125e-01,  1.2246e-16, -1.0000e+00,  6.2581e+00,
          4.0000e+00],
        [ 5.4064e-01,  8.4125e-01, -5.0000e-01, -8.6603e-01,  6.0000e+00,
          8.0000e+00],
        [ 5.4064e-01,  8.4125e-01, -8.6603e-01, -5.0000e-01,  5.9355e+00,
          1.2600e+01],
        [ 5.4064e-01,  8.4125e-01, -1.0000e+00, -1.8370e-16,  8.0968e+00,
          1.7900e+01],
        [ 5.4064e-01,  8.4125e-01, -8.6603e-01,  5.0000e-01,  8.8333e+00,
          1.0100e+01],
        [ 5.4064e-01,  8.4125e-01, -5.0000e-01,  8.6603e-01,  7.0645e+00,
          2.0400e+01],
        [ 5.4064e-01,  8.4125e-01,  0.0000e+00,  1.0000e+00,  7.1000e+00,
          2.1900e+01]], dtype=torch.float64)
Epoch [   5/2600] -> Loss: 3184.4387
tensor([[ 5.4064e-01,  8.4125e-01,  5.0000e-01,  8.6603e-01,  9.4194e+00,
          9.0000e-01],
        [ 5.4064e-01,  8.4125e-01,  8.6603e-01,  5.0000e-01,  6.1613e+00,
          1.6000e+00],
        [ 5.4064e-01,  8.4125e-01,  1.0000e+00,  6.1232e-17,  5.9286e+00,
          9.0000e-01],
        [ 5.4064e-01,  8.4125e-01,  8.6603e-01, -5.0000e-01,  8.6774e+00,
          0.0000e+00],
        [ 5.4064e-01,  8.4125e-01,  5.0000e-01, -8.6603e-01,  5.6667e+00,
          1.0400e+01],
        [ 5.4064e-01,  8.4125e-01,  1.2246e-16, -1.0000e+00,  6.2581e+00,
          4.0000e+00],
        [ 5.4064e-01,  8.4125e-01, -5.0000e-01, -8.6603e-01,  6.0000e+00,
          8.0000e+00],
        [ 5.4064e-01,  8.4125e-01, -8.6603e-01, -5.0000e-01,  5.9355e+00,
          1.2600e+01],
        [ 5.4064e-01,  8.4125e-01, -1.0000e+00, -1.8370e-16,  8.0968e+00,
          1.7900e+01],
        [ 5.4064e-01,  8.4125e-01, -8.6603e-01,  5.0000e-01,  8.8333e+00,
          1.0100e+01],
        [ 5.4064e-01,  8.4125e-01, -5.0000e-01,  8.6603e-01,  7.0645e+00,
          2.0400e+01],
        [ 5.4064e-01,  8.4125e-01,  0.0000e+00,  1.0000e+00,  7.1000e+00,
          2.1900e+01]], dtype=torch.float64)
Epoch [   6/2600] -> Loss: 3156.3501
tensor([[ 5.4064e-01,  8.4125e-01,  5.0000e-01,  8.6603e-01,  9.4194e+00,
          9.0000e-01],
        [ 5.4064e-01,  8.4125e-01,  8.6603e-01,  5.0000e-01,  6.1613e+00,
          1.6000e+00],
        [ 5.4064e-01,  8.4125e-01,  1.0000e+00,  6.1232e-17,  5.9286e+00,
          9.0000e-01],
        [ 5.4064e-01,  8.4125e-01,  8.6603e-01, -5.0000e-01,  8.6774e+00,
          0.0000e+00],
        [ 5.4064e-01,  8.4125e-01,  5.0000e-01, -8.6603e-01,  5.6667e+00,
          1.0400e+01],
        [ 5.4064e-01,  8.4125e-01,  1.2246e-16, -1.0000e+00,  6.2581e+00,
          4.0000e+00],
        [ 5.4064e-01,  8.4125e-01, -5.0000e-01, -8.6603e-01,  6.0000e+00,
          8.0000e+00],
        [ 5.4064e-01,  8.4125e-01, -8.6603e-01, -5.0000e-01,  5.9355e+00,
          1.2600e+01],
        [ 5.4064e-01,  8.4125e-01, -1.0000e+00, -1.8370e-16,  8.0968e+00,
          1.7900e+01],
        [ 5.4064e-01,  8.4125e-01, -8.6603e-01,  5.0000e-01,  8.8333e+00,
          1.0100e+01],
        [ 5.4064e-01,  8.4125e-01, -5.0000e-01,  8.6603e-01,  7.0645e+00,
          2.0400e+01],
        [ 5.4064e-01,  8.4125e-01,  0.0000e+00,  1.0000e+00,  7.1000e+00,
          2.1900e+01]], dtype=torch.float64)
