--------------------------------------------------
Code running on device: cuda
--------------------------------------------------
File location :
    SSN - /home/extern/Documents/Research/scripts/data/SILSO/TSN/SN_m_tot_V2.0.txt
    AA - /home/extern/Documents/Research/scripts/data/ISGI/aa_1869-01-01_2018-12-31_D.dat
--------------------------------------------------
Selected model: FFNN(
  (model): Sequential(
    (0): Linear(in_features=6, out_features=6, bias=True)
    (1): LeakyReLU(negative_slope=0.01, inplace=True)
    (2): Linear(in_features=6, out_features=3, bias=True)
    (3): LeakyReLU(negative_slope=0.01, inplace=True)
    (4): Linear(in_features=3, out_features=1, bias=True)
  )
)    Training mode: True    Testing mode: False
--------------------------------------------------
No pre-trained models available, initializing model weights
--------------------------------------------------
Training model with: num_epochs=2600, start_lr=0.005
tensor([[-9.8982e-01, -1.4231e-01, -8.6603e-01,  5.0000e-01,  1.2935e+01,
          4.4000e+01],
        [ 2.8173e-01, -9.5949e-01, -5.0000e-01,  8.6603e-01,  1.7290e+01,
          1.3540e+02],
        [ 2.8173e-01, -9.5949e-01,  5.0000e-01,  8.6603e-01,  1.8433e+01,
          2.1170e+02],
        [-5.4064e-01,  8.4125e-01,  5.0000e-01,  8.6603e-01,  4.0613e+01,
          3.7000e+01],
        [ 7.5575e-01, -6.5486e-01,  8.6603e-01, -5.0000e-01,  1.9161e+01,
          1.3860e+02],
        [ 9.8982e-01, -1.4231e-01,  5.0000e-01, -8.6603e-01,  1.5484e+01,
          5.1000e+01],
        [ 2.8173e-01, -9.5949e-01,  0.0000e+00,  1.0000e+00,  1.8032e+01,
          1.6490e+02],
        [ 9.0963e-01,  4.1542e-01, -5.0000e-01, -8.6603e-01,  2.6323e+01,
          6.4800e+01],
        [ 9.8982e-01, -1.4231e-01,  1.2246e-16, -1.0000e+00,  1.1267e+01,
          5.0200e+01],
        [ 9.8982e-01, -1.4231e-01,  8.6603e-01, -5.0000e-01,  1.6571e+01,
          3.4100e+01],
        [-9.8982e-01, -1.4231e-01, -5.0000e-01, -8.6603e-01,  2.1700e+01,
          4.5300e+01],
        [ 9.0963e-01,  4.1542e-01,  5.0000e-01,  8.6603e-01,  1.0367e+01,
          4.3500e+01]], dtype=torch.float64)
Epoch [   1/2600] -> Loss: 9106.7873
tensor([[ 9.0963e-01,  4.1542e-01, -5.0000e-01,  8.6603e-01,  2.4967e+01,
          1.9000e+01],
        [-7.5575e-01, -6.5486e-01,  0.0000e+00,  1.0000e+00,  1.6323e+01,
          9.7000e+01],
        [ 9.8982e-01, -1.4231e-01, -8.6603e-01, -5.0000e-01,  2.3448e+01,
          1.7560e+02],
        [ 5.4064e-01,  8.4125e-01,  1.2246e-16, -1.0000e+00,  6.2581e+00,
          4.0000e+00],
        [ 2.8173e-01, -9.5949e-01,  1.0000e+00,  6.1232e-17,  1.9839e+01,
          8.9300e+01],
        [ 9.0963e-01,  4.1542e-01,  5.0000e-01,  8.6603e-01,  9.0645e+00,
          0.0000e+00],
        [ 7.5575e-01, -6.5486e-01,  8.6603e-01,  5.0000e-01,  3.0250e+01,
          1.4380e+02],
        [-1.1331e-15,  1.0000e+00,  5.0000e-01,  8.6603e-01,  2.4571e+01,
          4.5800e+01],
        [ 5.4064e-01,  8.4125e-01,  5.0000e-01, -8.6603e-01,  1.2700e+01,
          1.0200e+01],
        [-9.8982e-01, -1.4231e-01,  8.6603e-01,  5.0000e-01,  2.2000e+01,
          8.7000e+01],
        [ 9.8982e-01, -1.4231e-01,  8.6603e-01,  5.0000e-01,  1.5613e+01,
          2.5700e+01],
        [ 7.5575e-01, -6.5486e-01,  8.6603e-01, -5.0000e-01,  1.1903e+01,
          1.2160e+02]], dtype=torch.float64)
Epoch [   2/2600] -> Loss: 3069.5101
tensor([[-2.8173e-01, -9.5949e-01,  8.6603e-01, -5.0000e-01,  2.6484e+01,
          1.4570e+02],
        [-1.1331e-15,  1.0000e+00,  5.0000e-01, -8.6603e-01,  7.7143e+00,
          0.0000e+00],
        [ 2.8173e-01, -9.5949e-01,  5.0000e-01, -8.6603e-01,  1.9161e+01,
          2.8500e+02],
        [ 5.4064e-01,  8.4125e-01,  5.0000e-01, -8.6603e-01,  8.4000e+00,
          2.7000e+00],
        [-9.0963e-01,  4.1542e-01, -5.0000e-01,  8.6603e-01,  2.5290e+01,
          6.8400e+01],
        [-7.5575e-01, -6.5486e-01,  1.0000e+00,  6.1232e-17,  1.5571e+01,
          1.1970e+02],
        [-2.8173e-01, -9.5949e-01,  1.2246e-16, -1.0000e+00,  1.6733e+01,
          1.4170e+02],
        [-9.0963e-01,  4.1542e-01,  8.6603e-01, -5.0000e-01,  1.0839e+01,
          2.3500e+01],
        [-9.8982e-01, -1.4231e-01,  5.0000e-01,  8.6603e-01,  1.8677e+01,
          1.1650e+02],
        [-5.4064e-01,  8.4125e-01, -5.0000e-01, -8.6603e-01,  2.9484e+01,
          2.1400e+01],
        [ 5.4064e-01,  8.4125e-01,  5.0000e-01,  8.6603e-01,  2.0800e+01,
          1.6700e+01],
        [-7.5575e-01, -6.5486e-01,  8.6603e-01,  5.0000e-01,  1.9548e+01,
          1.5470e+02]], dtype=torch.float64)
Epoch [   3/2600] -> Loss: 2995.3245
tensor([[ 2.8173e-01, -9.5949e-01,  1.0000e+00,  6.1232e-17,  1.2323e+01,
          2.2090e+02],
        [-2.8173e-01, -9.5949e-01,  8.6603e-01,  5.0000e-01,  9.1613e+00,
          1.5260e+02],
        [ 9.0963e-01,  4.1542e-01,  0.0000e+00,  1.0000e+00,  1.6900e+01,
          8.1000e+01],
        [ 7.5575e-01, -6.5486e-01,  8.6603e-01, -5.0000e-01,  2.3419e+01,
          1.3050e+02],
        [ 9.8982e-01, -1.4231e-01,  5.0000e-01,  8.6603e-01,  2.3129e+01,
          1.1750e+02],
        [-2.8173e-01, -9.5949e-01,  1.2246e-16, -1.0000e+00,  1.2774e+01,
          1.1090e+02],
        [-9.8982e-01, -1.4231e-01, -5.0000e-01,  8.6603e-01,  1.4643e+01,
          5.2500e+01],
        [-5.4064e-01,  8.4125e-01,  8.6603e-01,  5.0000e-01,  8.7667e+00,
          1.3000e+01],
        [-9.8982e-01, -1.4231e-01,  5.0000e-01, -8.6603e-01,  4.4097e+01,
          1.3890e+02],
        [ 2.8173e-01, -9.5949e-01,  8.6603e-01,  5.0000e-01,  1.5833e+01,
          1.1290e+02],
        [-9.0963e-01,  4.1542e-01, -5.0000e-01, -8.6603e-01,  1.9129e+01,
          6.2500e+01],
        [ 9.0963e-01,  4.1542e-01, -5.0000e-01,  8.6603e-01,  2.4967e+01,
          1.9000e+01]], dtype=torch.float64)
