--------------------------------------------------
Code running on device: cuda
--------------------------------------------------
File location :
    SSN - /home/extern/Documents/Research/scripts/data/SILSO/TSN/SN_m_tot_V2.0.txt
    AA - /home/extern/Documents/Research/scripts/data/ISGI/aa_1869-01-01_2018-12-31_D.dat
--------------------------------------------------
Selected model: FFNN(
  (model): Sequential(
    (0): Linear(in_features=6, out_features=6, bias=True)
    (1): LeakyReLU(negative_slope=0.01, inplace=True)
    (2): Linear(in_features=6, out_features=1, bias=True)
  )
)    Training mode: True    Testing mode: False
--------------------------------------------------
No pre-trained models available, initializing model weights
--------------------------------------------------
Training model with: num_epochs=1800, start_lr=0.005
Epoch [   1/1800] -> Loss: 14385.6348
Epoch [   2/1800] -> Loss: 12262.3481
Epoch [   3/1800] -> Loss: 10157.9668
Epoch [   4/1800] -> Loss: 8196.3681
Epoch [   5/1800] -> Loss: 6476.6852
Epoch [   6/1800] -> Loss: 5104.7598
Epoch [   7/1800] -> Loss: 4109.2115
Epoch [   8/1800] -> Loss: 3489.6869
Epoch [   9/1800] -> Loss: 3187.3077
Epoch [  10/1800] -> Loss: 3079.1623
Epoch [  11/1800] -> Loss: 3050.8747
Epoch [  12/1800] -> Loss: 3042.6037
Epoch [  13/1800] -> Loss: 3037.0855
Epoch [  14/1800] -> Loss: 3032.3383
Epoch [  15/1800] -> Loss: 3028.3322
Epoch [  16/1800] -> Loss: 3024.6930
Epoch [  17/1800] -> Loss: 3021.0944
Epoch [  18/1800] -> Loss: 3017.4259
Epoch [  19/1800] -> Loss: 3013.6989
Epoch [  20/1800] -> Loss: 3009.9460
Epoch [  21/1800] -> Loss: 3006.1940
Epoch [  22/1800] -> Loss: 3002.4565
Epoch [  23/1800] -> Loss: 2998.7354
Epoch [  24/1800] -> Loss: 2995.0280
Epoch [  25/1800] -> Loss: 2991.3324
Epoch [  26/1800] -> Loss: 2987.6494
Epoch [  27/1800] -> Loss: 2983.9687
Epoch [  28/1800] -> Loss: 2980.2973
Epoch [  29/1800] -> Loss: 2976.6401
Epoch [  30/1800] -> Loss: 2972.9925
Epoch [  31/1800] -> Loss: 2969.3506
Epoch [  32/1800] -> Loss: 2965.7108
Epoch [  33/1800] -> Loss: 2962.0654
Epoch [  34/1800] -> Loss: 2958.4114
Epoch [  35/1800] -> Loss: 2954.7606
Epoch [  36/1800] -> Loss: 2951.1165
Epoch [  37/1800] -> Loss: 2947.4885
Epoch [  38/1800] -> Loss: 2943.8679
Epoch [  39/1800] -> Loss: 2940.2528
Epoch [  40/1800] -> Loss: 2936.6417
Epoch [  41/1800] -> Loss: 2933.0311
Epoch [  42/1800] -> Loss: 2929.4210
Epoch [  43/1800] -> Loss: 2925.8136
Epoch [  44/1800] -> Loss: 2922.2003
Epoch [  45/1800] -> Loss: 2918.5856
Epoch [  46/1800] -> Loss: 2914.9719
Epoch [  47/1800] -> Loss: 2911.3573
Epoch [  48/1800] -> Loss: 2907.7415
Epoch [  49/1800] -> Loss: 2904.1244
--------------------------------------------------
Model checkpoint saved as FFNN_50.pth
--------------------------------------------------
Epoch [  50/1800] -> Loss: 2900.5059
Epoch [  51/1800] -> Loss: 2896.8855
Epoch [  52/1800] -> Loss: 2893.2613
Epoch [  53/1800] -> Loss: 2889.6313
Epoch [  54/1800] -> Loss: 2885.9982
Epoch [  55/1800] -> Loss: 2882.3604
Epoch [  56/1800] -> Loss: 2878.7178
Epoch [  57/1800] -> Loss: 2875.0735
Epoch [  58/1800] -> Loss: 2871.4254
Epoch [  59/1800] -> Loss: 2867.7732
Epoch [  60/1800] -> Loss: 2864.1139
Epoch [  61/1800] -> Loss: 2860.4503
Epoch [  62/1800] -> Loss: 2856.7848
Epoch [  63/1800] -> Loss: 2853.1215
Epoch [  64/1800] -> Loss: 2849.4471
Epoch [  65/1800] -> Loss: 2845.7541
Epoch [  66/1800] -> Loss: 2842.0719
Epoch [  67/1800] -> Loss: 2838.3768
Epoch [  68/1800] -> Loss: 2834.6736
Epoch [  69/1800] -> Loss: 2830.9673
Epoch [  70/1800] -> Loss: 2827.2539
Epoch [  71/1800] -> Loss: 2823.5295
Epoch [  72/1800] -> Loss: 2819.8015
Epoch [  73/1800] -> Loss: 2816.0641
Epoch [  74/1800] -> Loss: 2812.3205
Epoch [  75/1800] -> Loss: 2808.5696
Epoch [  76/1800] -> Loss: 2804.8107
Epoch [  77/1800] -> Loss: 2801.0451
Epoch [  78/1800] -> Loss: 2797.2780
Epoch [  79/1800] -> Loss: 2793.5007
Epoch [  80/1800] -> Loss: 2789.7189
Epoch [  81/1800] -> Loss: 2785.9275
Epoch [  82/1800] -> Loss: 2782.1314
Epoch [  83/1800] -> Loss: 2778.3301
Epoch [  84/1800] -> Loss: 2774.5194
Epoch [  85/1800] -> Loss: 2770.7072
Epoch [  86/1800] -> Loss: 2766.8878
Epoch [  87/1800] -> Loss: 2763.0573
Epoch [  88/1800] -> Loss: 2759.2192
Epoch [  89/1800] -> Loss: 2755.3791
Epoch [  90/1800] -> Loss: 2751.5333
Epoch [  91/1800] -> Loss: 2747.6778
Epoch [  92/1800] -> Loss: 2743.8160
Epoch [  93/1800] -> Loss: 2739.9273
Epoch [  94/1800] -> Loss: 2736.0582
Epoch [  95/1800] -> Loss: 2732.1671
Epoch [  96/1800] -> Loss: 2721.9163
Epoch [  97/1800] -> Loss: 2683.6758
Epoch [  98/1800] -> Loss: 2639.8261
Epoch [  99/1800] -> Loss: 2614.5721
--------------------------------------------------
Model checkpoint saved as FFNN_100.pth
--------------------------------------------------
Epoch [ 100/1800] -> Loss: 2592.3993
Epoch [ 101/1800] -> Loss: 2573.3304
Epoch [ 102/1800] -> Loss: 2553.8470
Epoch [ 103/1800] -> Loss: 2535.1862
Epoch [ 104/1800] -> Loss: 2517.6356
Epoch [ 105/1800] -> Loss: 2500.9377
Epoch [ 106/1800] -> Loss: 2485.2251
Epoch [ 107/1800] -> Loss: 2470.1043
Epoch [ 108/1800] -> Loss: 2455.6954
Epoch [ 109/1800] -> Loss: 2441.9279
Epoch [ 110/1800] -> Loss: 2428.5572
Epoch [ 111/1800] -> Loss: 2415.5858
Epoch [ 112/1800] -> Loss: 2402.9987
Epoch [ 113/1800] -> Loss: 2390.7829
Epoch [ 114/1800] -> Loss: 2378.9641
Epoch [ 115/1800] -> Loss: 2367.4606
Epoch [ 116/1800] -> Loss: 2356.3075
Epoch [ 117/1800] -> Loss: 2345.4362
Epoch [ 118/1800] -> Loss: 2334.8853
Epoch [ 119/1800] -> Loss: 2324.4835
Epoch [ 120/1800] -> Loss: 2314.3915
Epoch [ 121/1800] -> Loss: 2304.5584
Epoch [ 122/1800] -> Loss: 2294.9282
Epoch [ 123/1800] -> Loss: 2285.6188
Epoch [ 124/1800] -> Loss: 2276.4638
Epoch [ 125/1800] -> Loss: 2267.5962
Epoch [ 126/1800] -> Loss: 2258.8766
Epoch [ 127/1800] -> Loss: 2250.4655
Epoch [ 128/1800] -> Loss: 2242.1580
Epoch [ 129/1800] -> Loss: 2234.1971
Epoch [ 130/1800] -> Loss: 2226.3016
Epoch [ 131/1800] -> Loss: 2218.6085
Epoch [ 132/1800] -> Loss: 2211.0989
Epoch [ 133/1800] -> Loss: 2203.7770
Epoch [ 134/1800] -> Loss: 2196.5823
Epoch [ 135/1800] -> Loss: 2189.4962
Epoch [ 136/1800] -> Loss: 2182.6040
Epoch [ 137/1800] -> Loss: 2175.7972
Epoch [ 138/1800] -> Loss: 2169.1132
Epoch [ 139/1800] -> Loss: 2162.5523
Epoch [ 140/1800] -> Loss: 2156.0784
Epoch [ 141/1800] -> Loss: 2149.6846
Epoch [ 142/1800] -> Loss: 2143.4195
Epoch [ 143/1800] -> Loss: 2137.2807
Epoch [ 144/1800] -> Loss: 2131.2393
Epoch [ 145/1800] -> Loss: 2125.2567
Epoch [ 146/1800] -> Loss: 2119.3985
Epoch [ 147/1800] -> Loss: 2113.6365
Epoch [ 148/1800] -> Loss: 2107.9615
Epoch [ 149/1800] -> Loss: 2102.3840
--------------------------------------------------
Model checkpoint saved as FFNN_150.pth
--------------------------------------------------
Epoch [ 150/1800] -> Loss: 2096.8653
Epoch [ 151/1800] -> Loss: 2091.2419
Epoch [ 152/1800] -> Loss: 2085.7354
Epoch [ 153/1800] -> Loss: 2080.2047
Epoch [ 154/1800] -> Loss: 2074.5714
Epoch [ 155/1800] -> Loss: 2067.5692
Epoch [ 156/1800] -> Loss: 2056.9292
Epoch [ 157/1800] -> Loss: 2025.9484
Epoch [ 158/1800] -> Loss: 2009.7320
Epoch [ 159/1800] -> Loss: 1991.5216
Epoch [ 160/1800] -> Loss: 1974.9324
Epoch [ 161/1800] -> Loss: 1965.9991
Epoch [ 162/1800] -> Loss: 1954.7832
Epoch [ 163/1800] -> Loss: 1946.4138
Epoch [ 164/1800] -> Loss: 1937.6905
Epoch [ 165/1800] -> Loss: 1929.8758
Epoch [ 166/1800] -> Loss: 1922.8109
Epoch [ 167/1800] -> Loss: 1915.6682
Epoch [ 168/1800] -> Loss: 1909.4547
Epoch [ 169/1800] -> Loss: 1903.0631
Epoch [ 170/1800] -> Loss: 1897.0704
Epoch [ 171/1800] -> Loss: 1891.1399
Epoch [ 172/1800] -> Loss: 1885.9895
Epoch [ 173/1800] -> Loss: 1880.1690
Epoch [ 174/1800] -> Loss: 1875.5878
Epoch [ 175/1800] -> Loss: 1869.9821
Epoch [ 176/1800] -> Loss: 1865.7927
Epoch [ 177/1800] -> Loss: 1861.0514
Epoch [ 178/1800] -> Loss: 1856.3141
Epoch [ 179/1800] -> Loss: 1852.1737
Epoch [ 180/1800] -> Loss: 1848.0824
Epoch [ 181/1800] -> Loss: 1843.6764
Epoch [ 182/1800] -> Loss: 1839.6467
Epoch [ 183/1800] -> Loss: 1835.9089
Epoch [ 184/1800] -> Loss: 1832.2414
Epoch [ 185/1800] -> Loss: 1828.4180
Epoch [ 186/1800] -> Loss: 1824.7595
Epoch [ 187/1800] -> Loss: 1821.5474
Epoch [ 188/1800] -> Loss: 1817.7735
Epoch [ 189/1800] -> Loss: 1814.6462
Epoch [ 190/1800] -> Loss: 1811.1901
Epoch [ 191/1800] -> Loss: 1808.1465
Epoch [ 192/1800] -> Loss: 1804.8856
Epoch [ 193/1800] -> Loss: 1802.0093
Epoch [ 194/1800] -> Loss: 1798.7285
Epoch [ 195/1800] -> Loss: 1796.2262
Epoch [ 196/1800] -> Loss: 1793.0657
Epoch [ 197/1800] -> Loss: 1790.4050
Epoch [ 198/1800] -> Loss: 1787.4696
Epoch [ 199/1800] -> Loss: 1784.9093
--------------------------------------------------
Model checkpoint saved as FFNN_200.pth
--------------------------------------------------
Epoch [ 200/1800] -> Loss: 1782.1742
Epoch [ 201/1800] -> Loss: 1779.7088
Epoch [ 202/1800] -> Loss: 1776.7852
Epoch [ 203/1800] -> Loss: 1774.4086
Epoch [ 204/1800] -> Loss: 1771.8211
Epoch [ 205/1800] -> Loss: 1769.2749
Epoch [ 206/1800] -> Loss: 1766.8195
Epoch [ 207/1800] -> Loss: 1764.3066
Epoch [ 208/1800] -> Loss: 1762.0373
Epoch [ 209/1800] -> Loss: 1759.7673
Epoch [ 210/1800] -> Loss: 1757.3140
Epoch [ 211/1800] -> Loss: 1755.2930
Epoch [ 212/1800] -> Loss: 1753.0453
Epoch [ 213/1800] -> Loss: 1750.6951
Epoch [ 214/1800] -> Loss: 1748.7997
Epoch [ 215/1800] -> Loss: 1746.5325
Epoch [ 216/1800] -> Loss: 1744.4549
Epoch [ 217/1800] -> Loss: 1742.4598
Epoch [ 218/1800] -> Loss: 1740.4852
Epoch [ 219/1800] -> Loss: 1738.4399
Epoch [ 220/1800] -> Loss: 1736.2108
Epoch [ 221/1800] -> Loss: 1734.3686
Epoch [ 222/1800] -> Loss: 1732.4378
Epoch [ 223/1800] -> Loss: 1730.4631
Epoch [ 224/1800] -> Loss: 1728.5577
Epoch [ 225/1800] -> Loss: 1726.7207
Epoch [ 226/1800] -> Loss: 1724.8953
Epoch [ 227/1800] -> Loss: 1723.0376
Epoch [ 228/1800] -> Loss: 1721.2721
Epoch [ 229/1800] -> Loss: 1719.4835
Epoch [ 230/1800] -> Loss: 1717.6991
Epoch [ 231/1800] -> Loss: 1715.9607
Epoch [ 232/1800] -> Loss: 1714.2032
Epoch [ 233/1800] -> Loss: 1712.3993
Epoch [ 234/1800] -> Loss: 1710.7529
Epoch [ 235/1800] -> Loss: 1709.1179
Epoch [ 236/1800] -> Loss: 1707.4883
Epoch [ 237/1800] -> Loss: 1705.9193
Epoch [ 238/1800] -> Loss: 1704.2403
Epoch [ 239/1800] -> Loss: 1702.9782
Epoch [ 240/1800] -> Loss: 1701.3671
Epoch [ 241/1800] -> Loss: 1699.7201
Epoch [ 242/1800] -> Loss: 1697.9759
Epoch [ 243/1800] -> Loss: 1696.6383
Epoch [ 244/1800] -> Loss: 1695.2663
Epoch [ 245/1800] -> Loss: 1693.7836
Epoch [ 246/1800] -> Loss: 1692.2785
Epoch [ 247/1800] -> Loss: 1691.0309
Epoch [ 248/1800] -> Loss: 1689.5635
Epoch [ 249/1800] -> Loss: 1688.2143
--------------------------------------------------
Model checkpoint saved as FFNN_250.pth
--------------------------------------------------
Epoch [ 250/1800] -> Loss: 1686.8526
Epoch [ 251/1800] -> Loss: 1685.6909
Epoch [ 252/1800] -> Loss: 1684.1496
Epoch [ 253/1800] -> Loss: 1682.7469
Epoch [ 254/1800] -> Loss: 1681.4117
Epoch [ 255/1800] -> Loss: 1680.4506
Epoch [ 256/1800] -> Loss: 1678.9163
Epoch [ 257/1800] -> Loss: 1677.5942
Epoch [ 258/1800] -> Loss: 1676.4478
Epoch [ 259/1800] -> Loss: 1675.0375
Epoch [ 260/1800] -> Loss: 1674.5034
Epoch [ 261/1800] -> Loss: 1672.5417
Epoch [ 262/1800] -> Loss: 1671.4130
Epoch [ 263/1800] -> Loss: 1670.2893
Epoch [ 264/1800] -> Loss: 1669.7072
Epoch [ 265/1800] -> Loss: 1667.5560
Epoch [ 266/1800] -> Loss: 1667.1598
Epoch [ 267/1800] -> Loss: 1665.8309
Epoch [ 268/1800] -> Loss: 1664.4074
Epoch [ 269/1800] -> Loss: 1663.2900
Epoch [ 270/1800] -> Loss: 1662.0855
Epoch [ 271/1800] -> Loss: 1660.9201
Epoch [ 272/1800] -> Loss: 1659.8188
Epoch [ 273/1800] -> Loss: 1658.6954
Epoch [ 274/1800] -> Loss: 1657.5639
Epoch [ 275/1800] -> Loss: 1656.5198
Epoch [ 276/1800] -> Loss: 1655.4642
Epoch [ 277/1800] -> Loss: 1654.3216
Epoch [ 278/1800] -> Loss: 1653.3268
Epoch [ 279/1800] -> Loss: 1652.2137
Epoch [ 280/1800] -> Loss: 1651.5572
Epoch [ 281/1800] -> Loss: 1650.4174
Epoch [ 282/1800] -> Loss: 1649.7551
Epoch [ 283/1800] -> Loss: 1648.7210
Epoch [ 284/1800] -> Loss: 1647.4258
Epoch [ 285/1800] -> Loss: 1646.6901
Epoch [ 286/1800] -> Loss: 1645.7431
Epoch [ 287/1800] -> Loss: 1644.5853
Epoch [ 288/1800] -> Loss: 1643.6754
Epoch [ 289/1800] -> Loss: 1642.8315
Epoch [ 290/1800] -> Loss: 1641.8882
Epoch [ 291/1800] -> Loss: 1640.9718
Epoch [ 292/1800] -> Loss: 1640.0974
Epoch [ 293/1800] -> Loss: 1639.2175
Epoch [ 294/1800] -> Loss: 1638.3508
Epoch [ 295/1800] -> Loss: 1637.5137
Epoch [ 296/1800] -> Loss: 1636.6756
Epoch [ 297/1800] -> Loss: 1635.8421
Epoch [ 298/1800] -> Loss: 1634.9966
Epoch [ 299/1800] -> Loss: 1634.1575
--------------------------------------------------
Model checkpoint saved as FFNN_300.pth
--------------------------------------------------
Epoch [ 300/1800] -> Loss: 1633.3042
Epoch [ 301/1800] -> Loss: 1632.5774
Epoch [ 302/1800] -> Loss: 1631.8155
Epoch [ 303/1800] -> Loss: 1631.0442
Epoch [ 304/1800] -> Loss: 1630.3796
Epoch [ 305/1800] -> Loss: 1629.4351
Epoch [ 306/1800] -> Loss: 1628.8780
Epoch [ 307/1800] -> Loss: 1628.1052
Epoch [ 308/1800] -> Loss: 1627.3774
Epoch [ 309/1800] -> Loss: 1626.6773
Epoch [ 310/1800] -> Loss: 1625.9791
Epoch [ 311/1800] -> Loss: 1625.2639
Epoch [ 312/1800] -> Loss: 1624.5684
Epoch [ 313/1800] -> Loss: 1623.8912
Epoch [ 314/1800] -> Loss: 1623.2388
Epoch [ 315/1800] -> Loss: 1622.5464
Epoch [ 316/1800] -> Loss: 1621.9141
Epoch [ 317/1800] -> Loss: 1621.1793
Epoch [ 318/1800] -> Loss: 1620.3413
Epoch [ 319/1800] -> Loss: 1620.3285
Epoch [ 320/1800] -> Loss: 1619.2938
Epoch [ 321/1800] -> Loss: 1618.6172
Epoch [ 322/1800] -> Loss: 1618.0928
Epoch [ 323/1800] -> Loss: 1617.4675
Epoch [ 324/1800] -> Loss: 1616.7660
Epoch [ 325/1800] -> Loss: 1616.1128
Epoch [ 326/1800] -> Loss: 1615.3815
Epoch [ 327/1800] -> Loss: 1615.3737
Epoch [ 328/1800] -> Loss: 1614.2430
Epoch [ 329/1800] -> Loss: 1613.4263
Epoch [ 330/1800] -> Loss: 1613.6723
Epoch [ 331/1800] -> Loss: 1612.4343
Epoch [ 332/1800] -> Loss: 1612.0420
Epoch [ 333/1800] -> Loss: 1611.2505
Epoch [ 334/1800] -> Loss: 1611.4770
Epoch [ 335/1800] -> Loss: 1610.1326
Epoch [ 336/1800] -> Loss: 1609.4212
Epoch [ 337/1800] -> Loss: 1609.8664
Epoch [ 338/1800] -> Loss: 1608.4860
Epoch [ 339/1800] -> Loss: 1607.6838
Epoch [ 340/1800] -> Loss: 1607.9692
Epoch [ 341/1800] -> Loss: 1606.6606
Epoch [ 342/1800] -> Loss: 1606.5351
Epoch [ 343/1800] -> Loss: 1606.0361
Epoch [ 344/1800] -> Loss: 1605.4358
Epoch [ 345/1800] -> Loss: 1604.7953
Epoch [ 346/1800] -> Loss: 1603.9672
Epoch [ 347/1800] -> Loss: 1603.7104
Epoch [ 348/1800] -> Loss: 1603.4713
Epoch [ 349/1800] -> Loss: 1602.7400
--------------------------------------------------
Model checkpoint saved as FFNN_350.pth
--------------------------------------------------
Epoch [ 350/1800] -> Loss: 1602.0060
Epoch [ 351/1800] -> Loss: 1601.5077
Epoch [ 352/1800] -> Loss: 1601.6267
Epoch [ 353/1800] -> Loss: 1600.6244
Epoch [ 354/1800] -> Loss: 1600.1145
Epoch [ 355/1800] -> Loss: 1599.6196
Epoch [ 356/1800] -> Loss: 1598.9676
Epoch [ 357/1800] -> Loss: 1598.9727
Epoch [ 358/1800] -> Loss: 1597.8659
Epoch [ 359/1800] -> Loss: 1597.9017
Epoch [ 360/1800] -> Loss: 1597.2912
Epoch [ 361/1800] -> Loss: 1596.7478
Epoch [ 362/1800] -> Loss: 1596.3723
Epoch [ 363/1800] -> Loss: 1595.4499
Epoch [ 364/1800] -> Loss: 1595.9758
Epoch [ 365/1800] -> Loss: 1594.6505
Epoch [ 366/1800] -> Loss: 1594.6632
Epoch [ 367/1800] -> Loss: 1593.8055
Epoch [ 368/1800] -> Loss: 1593.6506
Epoch [ 369/1800] -> Loss: 1593.2343
Epoch [ 370/1800] -> Loss: 1592.7735
Epoch [ 371/1800] -> Loss: 1592.4722
Epoch [ 372/1800] -> Loss: 1591.4690
Epoch [ 373/1800] -> Loss: 1591.4954
Epoch [ 374/1800] -> Loss: 1591.1342
Epoch [ 375/1800] -> Loss: 1590.6108
Epoch [ 376/1800] -> Loss: 1590.3314
Epoch [ 377/1800] -> Loss: 1589.2254
Epoch [ 378/1800] -> Loss: 1589.4451
Epoch [ 379/1800] -> Loss: 1589.2465
Epoch [ 380/1800] -> Loss: 1588.4300
Epoch [ 381/1800] -> Loss: 1588.0969
Epoch [ 382/1800] -> Loss: 1587.8107
Epoch [ 383/1800] -> Loss: 1587.3837
Epoch [ 384/1800] -> Loss: 1587.0394
Epoch [ 385/1800] -> Loss: 1586.6449
Epoch [ 386/1800] -> Loss: 1586.4892
Epoch [ 387/1800] -> Loss: 1585.9218
Epoch [ 388/1800] -> Loss: 1585.5397
Epoch [ 389/1800] -> Loss: 1585.1519
Epoch [ 390/1800] -> Loss: 1584.6910
Epoch [ 391/1800] -> Loss: 1584.8970
Epoch [ 392/1800] -> Loss: 1584.0819
Epoch [ 393/1800] -> Loss: 1583.6838
Epoch [ 394/1800] -> Loss: 1583.4884
Epoch [ 395/1800] -> Loss: 1582.9476
Epoch [ 396/1800] -> Loss: 1582.6842
Epoch [ 397/1800] -> Loss: 1582.3757
Epoch [ 398/1800] -> Loss: 1582.0038
Epoch [ 399/1800] -> Loss: 1581.6322
--------------------------------------------------
Model checkpoint saved as FFNN_400.pth
--------------------------------------------------
Epoch [ 400/1800] -> Loss: 1581.3397
Epoch [ 401/1800] -> Loss: 1581.1714
Epoch [ 402/1800] -> Loss: 1580.7745
Epoch [ 403/1800] -> Loss: 1580.4337
Epoch [ 404/1800] -> Loss: 1580.1488
Epoch [ 405/1800] -> Loss: 1579.8299
Epoch [ 406/1800] -> Loss: 1579.5224
Epoch [ 407/1800] -> Loss: 1578.9891
Epoch [ 408/1800] -> Loss: 1579.1325
Epoch [ 409/1800] -> Loss: 1578.6172
Epoch [ 410/1800] -> Loss: 1578.0194
Epoch [ 411/1800] -> Loss: 1578.2524
Epoch [ 412/1800] -> Loss: 1577.7449
Epoch [ 413/1800] -> Loss: 1577.1256
Epoch [ 414/1800] -> Loss: 1577.3861
Epoch [ 415/1800] -> Loss: 1576.6526
Epoch [ 416/1800] -> Loss: 1576.7093
Epoch [ 417/1800] -> Loss: 1576.3096
Epoch [ 418/1800] -> Loss: 1575.7334
Epoch [ 419/1800] -> Loss: 1575.9678
Epoch [ 420/1800] -> Loss: 1575.3578
Epoch [ 421/1800] -> Loss: 1575.1785
Epoch [ 422/1800] -> Loss: 1574.9341
Epoch [ 423/1800] -> Loss: 1574.6256
Epoch [ 424/1800] -> Loss: 1574.3556
Epoch [ 425/1800] -> Loss: 1574.0987
Epoch [ 426/1800] -> Loss: 1573.8159
Epoch [ 427/1800] -> Loss: 1573.4936
Epoch [ 428/1800] -> Loss: 1573.5528
Epoch [ 429/1800] -> Loss: 1572.8357
Epoch [ 430/1800] -> Loss: 1572.7720
Epoch [ 431/1800] -> Loss: 1572.8311
Epoch [ 432/1800] -> Loss: 1572.0446
Epoch [ 433/1800] -> Loss: 1572.0069
Epoch [ 434/1800] -> Loss: 1572.0900
Epoch [ 435/1800] -> Loss: 1571.2976
Epoch [ 436/1800] -> Loss: 1571.2702
Epoch [ 437/1800] -> Loss: 1571.1302
Epoch [ 438/1800] -> Loss: 1571.0178
Epoch [ 439/1800] -> Loss: 1570.3167
Epoch [ 440/1800] -> Loss: 1570.3409
Epoch [ 441/1800] -> Loss: 1570.1668
Epoch [ 442/1800] -> Loss: 1569.8243
Epoch [ 443/1800] -> Loss: 1569.8150
Epoch [ 444/1800] -> Loss: 1569.1882
Epoch [ 445/1800] -> Loss: 1569.1643
Epoch [ 446/1800] -> Loss: 1568.9998
Epoch [ 447/1800] -> Loss: 1568.6773
Epoch [ 448/1800] -> Loss: 1568.6804
Epoch [ 449/1800] -> Loss: 1568.0326
--------------------------------------------------
Model checkpoint saved as FFNN_450.pth
--------------------------------------------------
Epoch [ 450/1800] -> Loss: 1568.0243
Epoch [ 451/1800] -> Loss: 1567.8662
Epoch [ 452/1800] -> Loss: 1567.5564
Epoch [ 453/1800] -> Loss: 1567.3339
Epoch [ 454/1800] -> Loss: 1567.1441
Epoch [ 455/1800] -> Loss: 1566.9384
Epoch [ 456/1800] -> Loss: 1566.7283
Epoch [ 457/1800] -> Loss: 1566.4460
Epoch [ 458/1800] -> Loss: 1566.3247
Epoch [ 459/1800] -> Loss: 1566.0217
Epoch [ 460/1800] -> Loss: 1565.8831
Epoch [ 461/1800] -> Loss: 1565.5953
Epoch [ 462/1800] -> Loss: 1565.4622
Epoch [ 463/1800] -> Loss: 1565.1735
Epoch [ 464/1800] -> Loss: 1565.0528
Epoch [ 465/1800] -> Loss: 1564.7529
Epoch [ 466/1800] -> Loss: 1564.5377
Epoch [ 467/1800] -> Loss: 1564.4632
Epoch [ 468/1800] -> Loss: 1564.1678
Epoch [ 469/1800] -> Loss: 1563.9541
Epoch [ 470/1800] -> Loss: 1563.7876
Epoch [ 471/1800] -> Loss: 1563.5850
Epoch [ 472/1800] -> Loss: 1563.3780
Epoch [ 473/1800] -> Loss: 1563.1859
Epoch [ 474/1800] -> Loss: 1562.9936
Epoch [ 475/1800] -> Loss: 1562.7989
Epoch [ 476/1800] -> Loss: 1562.6061
Epoch [ 477/1800] -> Loss: 1562.4159
Epoch [ 478/1800] -> Loss: 1562.2288
Epoch [ 479/1800] -> Loss: 1562.0347
Epoch [ 480/1800] -> Loss: 1561.8474
Epoch [ 481/1800] -> Loss: 1561.6608
Epoch [ 482/1800] -> Loss: 1561.4773
Epoch [ 483/1800] -> Loss: 1561.2973
Epoch [ 484/1800] -> Loss: 1561.1082
Epoch [ 485/1800] -> Loss: 1560.9305
Epoch [ 486/1800] -> Loss: 1560.7562
Epoch [ 487/1800] -> Loss: 1560.5748
Epoch [ 488/1800] -> Loss: 1560.3900
Epoch [ 489/1800] -> Loss: 1560.2155
Epoch [ 490/1800] -> Loss: 1560.0409
Epoch [ 491/1800] -> Loss: 1559.8852
Epoch [ 492/1800] -> Loss: 1559.7006
Epoch [ 493/1800] -> Loss: 1559.5237
Epoch [ 494/1800] -> Loss: 1559.3525
Epoch [ 495/1800] -> Loss: 1559.1716
Epoch [ 496/1800] -> Loss: 1559.0000
Epoch [ 497/1800] -> Loss: 1558.8305
Epoch [ 498/1800] -> Loss: 1558.6276
Epoch [ 499/1800] -> Loss: 1558.4791
--------------------------------------------------
Model checkpoint saved as FFNN_500.pth
--------------------------------------------------
Epoch [ 500/1800] -> Loss: 1558.3181
Epoch [ 501/1800] -> Loss: 1558.1476
Epoch [ 502/1800] -> Loss: 1557.9858
Epoch [ 503/1800] -> Loss: 1557.8322
Epoch [ 504/1800] -> Loss: 1557.9870
Epoch [ 505/1800] -> Loss: 1557.3643
Epoch [ 506/1800] -> Loss: 1557.2953
Epoch [ 507/1800] -> Loss: 1557.6073
Epoch [ 508/1800] -> Loss: 1556.6180
Epoch [ 509/1800] -> Loss: 1557.3640
Epoch [ 510/1800] -> Loss: 1556.7226
Epoch [ 511/1800] -> Loss: 1556.5861
Epoch [ 512/1800] -> Loss: 1556.5766
Epoch [ 513/1800] -> Loss: 1556.3898
Epoch [ 514/1800] -> Loss: 1556.2120
Epoch [ 515/1800] -> Loss: 1556.0907
Epoch [ 516/1800] -> Loss: 1555.9524
Epoch [ 517/1800] -> Loss: 1555.8016
Epoch [ 518/1800] -> Loss: 1555.6603
Epoch [ 519/1800] -> Loss: 1555.5209
Epoch [ 520/1800] -> Loss: 1555.3789
Epoch [ 521/1800] -> Loss: 1555.2378
Epoch [ 522/1800] -> Loss: 1555.0982
Epoch [ 523/1800] -> Loss: 1554.9587
Epoch [ 524/1800] -> Loss: 1554.8199
Epoch [ 525/1800] -> Loss: 1554.6820
Epoch [ 526/1800] -> Loss: 1554.5447
Epoch [ 527/1800] -> Loss: 1554.4075
Epoch [ 528/1800] -> Loss: 1554.2713
Epoch [ 529/1800] -> Loss: 1554.1365
Epoch [ 530/1800] -> Loss: 1554.0016
Epoch [ 531/1800] -> Loss: 1553.8675
Epoch [ 532/1800] -> Loss: 1553.7339
Epoch [ 533/1800] -> Loss: 1553.6018
Epoch [ 534/1800] -> Loss: 1553.4695
Epoch [ 535/1800] -> Loss: 1553.3371
Epoch [ 536/1800] -> Loss: 1553.2068
Epoch [ 537/1800] -> Loss: 1553.0769
Epoch [ 538/1800] -> Loss: 1552.9471
Epoch [ 539/1800] -> Loss: 1552.8181
Epoch [ 540/1800] -> Loss: 1552.6902
Epoch [ 541/1800] -> Loss: 1552.5630
Epoch [ 542/1800] -> Loss: 1552.4350
Epoch [ 543/1800] -> Loss: 1552.3087
Epoch [ 544/1800] -> Loss: 1552.1834
Epoch [ 545/1800] -> Loss: 1552.0577
Epoch [ 546/1800] -> Loss: 1551.9328
Epoch [ 547/1800] -> Loss: 1551.8100
Epoch [ 548/1800] -> Loss: 1551.7913
Epoch [ 549/1800] -> Loss: 1551.5005
--------------------------------------------------
Model checkpoint saved as FFNN_550.pth
--------------------------------------------------
Epoch [ 550/1800] -> Loss: 1551.3830
Epoch [ 551/1800] -> Loss: 1551.2990
Epoch [ 552/1800] -> Loss: 1551.1509
Epoch [ 553/1800] -> Loss: 1550.9079
Epoch [ 554/1800] -> Loss: 1550.8243
Epoch [ 555/1800] -> Loss: 1550.7690
Epoch [ 556/1800] -> Loss: 1550.7223
Epoch [ 557/1800] -> Loss: 1550.4530
Epoch [ 558/1800] -> Loss: 1550.3167
Epoch [ 559/1800] -> Loss: 1550.2954
Epoch [ 560/1800] -> Loss: 1550.1580
Epoch [ 561/1800] -> Loss: 1550.0170
Epoch [ 562/1800] -> Loss: 1549.9152
Epoch [ 563/1800] -> Loss: 1549.8057
Epoch [ 564/1800] -> Loss: 1549.7061
Epoch [ 565/1800] -> Loss: 1549.6555
Epoch [ 566/1800] -> Loss: 1549.5233
Epoch [ 567/1800] -> Loss: 1549.3092
Epoch [ 568/1800] -> Loss: 1549.3545
Epoch [ 569/1800] -> Loss: 1549.0742
Epoch [ 570/1800] -> Loss: 1549.0646
Epoch [ 571/1800] -> Loss: 1549.0061
Epoch [ 572/1800] -> Loss: 1548.6947
Epoch [ 573/1800] -> Loss: 1548.7357
Epoch [ 574/1800] -> Loss: 1548.6805
Epoch [ 575/1800] -> Loss: 1548.3544
Epoch [ 576/1800] -> Loss: 1548.3936
Epoch [ 577/1800] -> Loss: 1548.3445
Epoch [ 578/1800] -> Loss: 1548.0191
Epoch [ 579/1800] -> Loss: 1548.0676
Epoch [ 580/1800] -> Loss: 1548.0129
Epoch [ 581/1800] -> Loss: 1547.6939
Epoch [ 582/1800] -> Loss: 1547.7353
Epoch [ 583/1800] -> Loss: 1547.5813
Epoch [ 584/1800] -> Loss: 1547.5077
Epoch [ 585/1800] -> Loss: 1547.3349
Epoch [ 586/1800] -> Loss: 1547.3048
Epoch [ 587/1800] -> Loss: 1547.2343
Epoch [ 588/1800] -> Loss: 1546.9458
Epoch [ 589/1800] -> Loss: 1546.9914
Epoch [ 590/1800] -> Loss: 1546.8284
Epoch [ 591/1800] -> Loss: 1546.7594
Epoch [ 592/1800] -> Loss: 1546.5929
Epoch [ 593/1800] -> Loss: 1546.5628
Epoch [ 594/1800] -> Loss: 1546.3895
Epoch [ 595/1800] -> Loss: 1546.3498
Epoch [ 596/1800] -> Loss: 1546.1824
Epoch [ 597/1800] -> Loss: 1546.0387
Epoch [ 598/1800] -> Loss: 1546.1184
Epoch [ 599/1800] -> Loss: 1545.8671
--------------------------------------------------
Model checkpoint saved as FFNN_600.pth
--------------------------------------------------
Epoch [ 600/1800] -> Loss: 1545.8196
Epoch [ 601/1800] -> Loss: 1545.6812
Epoch [ 602/1800] -> Loss: 1545.6432
Epoch [ 603/1800] -> Loss: 1545.4677
Epoch [ 604/1800] -> Loss: 1545.3298
Epoch [ 605/1800] -> Loss: 1545.4143
Epoch [ 606/1800] -> Loss: 1545.1637
Epoch [ 607/1800] -> Loss: 1545.1184
Epoch [ 608/1800] -> Loss: 1544.9839
Epoch [ 609/1800] -> Loss: 1544.8416
Epoch [ 610/1800] -> Loss: 1544.9169
Epoch [ 611/1800] -> Loss: 1544.6726
Epoch [ 612/1800] -> Loss: 1544.5250
Epoch [ 613/1800] -> Loss: 1544.6387
Epoch [ 614/1800] -> Loss: 1544.3879
Epoch [ 615/1800] -> Loss: 1544.2309
Epoch [ 616/1800] -> Loss: 1544.3509
Epoch [ 617/1800] -> Loss: 1544.1035
Epoch [ 618/1800] -> Loss: 1543.9456
Epoch [ 619/1800] -> Loss: 1544.0659
Epoch [ 620/1800] -> Loss: 1543.8206
Epoch [ 621/1800] -> Loss: 1543.6634
Epoch [ 622/1800] -> Loss: 1543.7841
Epoch [ 623/1800] -> Loss: 1543.5403
Epoch [ 624/1800] -> Loss: 1543.3845
Epoch [ 625/1800] -> Loss: 1543.3955
Epoch [ 626/1800] -> Loss: 1543.7522
Epoch [ 627/1800] -> Loss: 1543.0266
Epoch [ 628/1800] -> Loss: 1543.0137
Epoch [ 629/1800] -> Loss: 1543.2229
Epoch [ 630/1800] -> Loss: 1543.0505
Epoch [ 631/1800] -> Loss: 1542.8736
Epoch [ 632/1800] -> Loss: 1542.7411
Epoch [ 633/1800] -> Loss: 1542.7827
Epoch [ 634/1800] -> Loss: 1542.5470
Epoch [ 635/1800] -> Loss: 1542.5844
Epoch [ 636/1800] -> Loss: 1542.4972
Epoch [ 637/1800] -> Loss: 1542.2460
Epoch [ 638/1800] -> Loss: 1542.3318
Epoch [ 639/1800] -> Loss: 1542.2391
Epoch [ 640/1800] -> Loss: 1541.9752
Epoch [ 641/1800] -> Loss: 1542.0671
Epoch [ 642/1800] -> Loss: 1541.9558
Epoch [ 643/1800] -> Loss: 1541.7126
Epoch [ 644/1800] -> Loss: 1541.9102
Epoch [ 645/1800] -> Loss: 1541.5726
Epoch [ 646/1800] -> Loss: 1541.4565
Epoch [ 647/1800] -> Loss: 1541.6356
Epoch [ 648/1800] -> Loss: 1541.3079
Epoch [ 649/1800] -> Loss: 1541.4189
--------------------------------------------------
Model checkpoint saved as FFNN_650.pth
--------------------------------------------------
Epoch [ 650/1800] -> Loss: 1541.1603
Epoch [ 651/1800] -> Loss: 1541.1341
Epoch [ 652/1800] -> Loss: 1541.0895
Epoch [ 653/1800] -> Loss: 1540.9806
Epoch [ 654/1800] -> Loss: 1540.8945
Epoch [ 655/1800] -> Loss: 1540.8237
Epoch [ 656/1800] -> Loss: 1540.7549
Epoch [ 657/1800] -> Loss: 1540.6645
Epoch [ 658/1800] -> Loss: 1540.5743
Epoch [ 659/1800] -> Loss: 1540.4998
Epoch [ 660/1800] -> Loss: 1540.4217
Epoch [ 661/1800] -> Loss: 1540.3404
Epoch [ 662/1800] -> Loss: 1540.2610
Epoch [ 663/1800] -> Loss: 1540.1825
Epoch [ 664/1800] -> Loss: 1540.1037
Epoch [ 665/1800] -> Loss: 1540.0249
Epoch [ 666/1800] -> Loss: 1539.9336
Epoch [ 667/1800] -> Loss: 1540.0483
Epoch [ 668/1800] -> Loss: 1539.5401
Epoch [ 669/1800] -> Loss: 1539.8140
Epoch [ 670/1800] -> Loss: 1539.6709
Epoch [ 671/1800] -> Loss: 1539.4983
Epoch [ 672/1800] -> Loss: 1539.6562
Epoch [ 673/1800] -> Loss: 1539.1667
Epoch [ 674/1800] -> Loss: 1539.4258
Epoch [ 675/1800] -> Loss: 1539.2831
Epoch [ 676/1800] -> Loss: 1539.1175
Epoch [ 677/1800] -> Loss: 1539.2749
Epoch [ 678/1800] -> Loss: 1538.7853
Epoch [ 679/1800] -> Loss: 1539.0421
Epoch [ 680/1800] -> Loss: 1539.0921
Epoch [ 681/1800] -> Loss: 1538.4981
Epoch [ 682/1800] -> Loss: 1538.8165
Epoch [ 683/1800] -> Loss: 1538.8841
Epoch [ 684/1800] -> Loss: 1538.2713
Epoch [ 685/1800] -> Loss: 1538.5898
Epoch [ 686/1800] -> Loss: 1538.6670
Epoch [ 687/1800] -> Loss: 1538.0502
Epoch [ 688/1800] -> Loss: 1538.3686
Epoch [ 689/1800] -> Loss: 1538.4483
Epoch [ 690/1800] -> Loss: 1537.8323
Epoch [ 691/1800] -> Loss: 1538.1509
Epoch [ 692/1800] -> Loss: 1538.2310
Epoch [ 693/1800] -> Loss: 1537.6122
Epoch [ 694/1800] -> Loss: 1538.1253
Epoch [ 695/1800] -> Loss: 1537.5477
Epoch [ 696/1800] -> Loss: 1537.9256
Epoch [ 697/1800] -> Loss: 1537.5293
Epoch [ 698/1800] -> Loss: 1537.7804
Epoch [ 699/1800] -> Loss: 1537.2402
--------------------------------------------------
Model checkpoint saved as FFNN_700.pth
--------------------------------------------------
Epoch [ 700/1800] -> Loss: 1537.6815
Epoch [ 701/1800] -> Loss: 1537.1296
Epoch [ 702/1800] -> Loss: 1537.5187
Epoch [ 703/1800] -> Loss: 1536.9882
Epoch [ 704/1800] -> Loss: 1537.3854
Epoch [ 705/1800] -> Loss: 1536.8449
Epoch [ 706/1800] -> Loss: 1537.2445
Epoch [ 707/1800] -> Loss: 1536.7067
Epoch [ 708/1800] -> Loss: 1537.1063
Epoch [ 709/1800] -> Loss: 1536.5376
Epoch [ 710/1800] -> Loss: 1536.9479
Epoch [ 711/1800] -> Loss: 1536.7304
Epoch [ 712/1800] -> Loss: 1536.3759
Epoch [ 713/1800] -> Loss: 1536.8146
Epoch [ 714/1800] -> Loss: 1536.2170
Epoch [ 715/1800] -> Loss: 1536.6167
Epoch [ 716/1800] -> Loss: 1536.1024
Epoch [ 717/1800] -> Loss: 1536.4964
Epoch [ 718/1800] -> Loss: 1535.9668
Epoch [ 719/1800] -> Loss: 1536.4395
Epoch [ 720/1800] -> Loss: 1535.8611
Epoch [ 721/1800] -> Loss: 1535.9614
Epoch [ 722/1800] -> Loss: 1536.2495
Epoch [ 723/1800] -> Loss: 1535.6430
Epoch [ 724/1800] -> Loss: 1535.7720
Epoch [ 725/1800] -> Loss: 1535.8202
Epoch [ 726/1800] -> Loss: 1535.6577
Epoch [ 727/1800] -> Loss: 1535.7965
Epoch [ 728/1800] -> Loss: 1535.3172
Epoch [ 729/1800] -> Loss: 1535.4756
Epoch [ 730/1800] -> Loss: 1535.4714
Epoch [ 731/1800] -> Loss: 1535.3209
Epoch [ 732/1800] -> Loss: 1535.4739
Epoch [ 733/1800] -> Loss: 1534.9867
Epoch [ 734/1800] -> Loss: 1535.1399
Epoch [ 735/1800] -> Loss: 1535.3642
Epoch [ 736/1800] -> Loss: 1534.6411
Epoch [ 737/1800] -> Loss: 1535.2663
Epoch [ 738/1800] -> Loss: 1534.6129
Epoch [ 739/1800] -> Loss: 1535.0913
Epoch [ 740/1800] -> Loss: 1534.5774
Epoch [ 741/1800] -> Loss: 1534.6449
Epoch [ 742/1800] -> Loss: 1534.9011
Epoch [ 743/1800] -> Loss: 1534.2047
Epoch [ 744/1800] -> Loss: 1534.8118
Epoch [ 745/1800] -> Loss: 1534.2745
Epoch [ 746/1800] -> Loss: 1534.5333
Epoch [ 747/1800] -> Loss: 1534.0169
Epoch [ 748/1800] -> Loss: 1534.6496
Epoch [ 749/1800] -> Loss: 1533.9799
--------------------------------------------------
Model checkpoint saved as FFNN_750.pth
--------------------------------------------------
Epoch [ 750/1800] -> Loss: 1533.9475
Epoch [ 751/1800] -> Loss: 1534.0528
Epoch [ 752/1800] -> Loss: 1533.9328
Epoch [ 753/1800] -> Loss: 1533.8492
Epoch [ 754/1800] -> Loss: 1533.8307
Epoch [ 755/1800] -> Loss: 1533.7261
Epoch [ 756/1800] -> Loss: 1533.6581
Epoch [ 757/1800] -> Loss: 1533.6060
Epoch [ 758/1800] -> Loss: 1533.5383
Epoch [ 759/1800] -> Loss: 1533.4709
Epoch [ 760/1800] -> Loss: 1533.4088
Epoch [ 761/1800] -> Loss: 1533.3463
Epoch [ 762/1800] -> Loss: 1533.2839
Epoch [ 763/1800] -> Loss: 1533.2258
Epoch [ 764/1800] -> Loss: 1533.1635
Epoch [ 765/1800] -> Loss: 1533.1011
Epoch [ 766/1800] -> Loss: 1533.0400
Epoch [ 767/1800] -> Loss: 1532.9801
Epoch [ 768/1800] -> Loss: 1532.9209
Epoch [ 769/1800] -> Loss: 1532.8606
Epoch [ 770/1800] -> Loss: 1532.8003
Epoch [ 771/1800] -> Loss: 1532.7780
Epoch [ 772/1800] -> Loss: 1532.6859
Epoch [ 773/1800] -> Loss: 1532.6238
Epoch [ 774/1800] -> Loss: 1532.6637
Epoch [ 775/1800] -> Loss: 1532.5756
Epoch [ 776/1800] -> Loss: 1532.3879
Epoch [ 777/1800] -> Loss: 1532.6161
Epoch [ 778/1800] -> Loss: 1532.4383
Epoch [ 779/1800] -> Loss: 1532.3030
Epoch [ 780/1800] -> Loss: 1532.2660
Epoch [ 781/1800] -> Loss: 1532.1946
Epoch [ 782/1800] -> Loss: 1532.1041
Epoch [ 783/1800] -> Loss: 1532.0332
Epoch [ 784/1800] -> Loss: 1531.9676
Epoch [ 785/1800] -> Loss: 1531.8984
Epoch [ 786/1800] -> Loss: 1531.8309
Epoch [ 787/1800] -> Loss: 1531.7664
Epoch [ 788/1800] -> Loss: 1531.7025
Epoch [ 789/1800] -> Loss: 1531.6384
Epoch [ 790/1800] -> Loss: 1531.5753
Epoch [ 791/1800] -> Loss: 1531.5145
Epoch [ 792/1800] -> Loss: 1531.4526
Epoch [ 793/1800] -> Loss: 1531.3915
Epoch [ 794/1800] -> Loss: 1531.3312
Epoch [ 795/1800] -> Loss: 1531.2711
Epoch [ 796/1800] -> Loss: 1531.2116
Epoch [ 797/1800] -> Loss: 1531.1520
Epoch [ 798/1800] -> Loss: 1531.0935
Epoch [ 799/1800] -> Loss: 1531.0345
--------------------------------------------------
Model checkpoint saved as FFNN_800.pth
--------------------------------------------------
Epoch [ 800/1800] -> Loss: 1530.9930
Epoch [ 801/1800] -> Loss: 1530.9236
Epoch [ 802/1800] -> Loss: 1530.8650
Epoch [ 803/1800] -> Loss: 1530.8116
Epoch [ 804/1800] -> Loss: 1530.7532
Epoch [ 805/1800] -> Loss: 1530.6954
Epoch [ 806/1800] -> Loss: 1530.6391
Epoch [ 807/1800] -> Loss: 1530.5832
Epoch [ 808/1800] -> Loss: 1530.5247
Epoch [ 809/1800] -> Loss: 1530.4671
Epoch [ 810/1800] -> Loss: 1530.4174
Epoch [ 811/1800] -> Loss: 1530.3610
Epoch [ 812/1800] -> Loss: 1530.3049
Epoch [ 813/1800] -> Loss: 1530.2512
Epoch [ 814/1800] -> Loss: 1530.1973
Epoch [ 815/1800] -> Loss: 1530.1427
Epoch [ 816/1800] -> Loss: 1530.0885
Epoch [ 817/1800] -> Loss: 1530.0290
Epoch [ 818/1800] -> Loss: 1529.9760
Epoch [ 819/1800] -> Loss: 1529.9252
Epoch [ 820/1800] -> Loss: 1529.8706
Epoch [ 821/1800] -> Loss: 1529.8167
Epoch [ 822/1800] -> Loss: 1529.7643
Epoch [ 823/1800] -> Loss: 1529.7093
Epoch [ 824/1800] -> Loss: 1529.6580
Epoch [ 825/1800] -> Loss: 1529.6072
Epoch [ 826/1800] -> Loss: 1529.5538
Epoch [ 827/1800] -> Loss: 1529.5026
Epoch [ 828/1800] -> Loss: 1529.4496
Epoch [ 829/1800] -> Loss: 1529.3965
Epoch [ 830/1800] -> Loss: 1529.3446
Epoch [ 831/1800] -> Loss: 1529.2928
Epoch [ 832/1800] -> Loss: 1529.2436
Epoch [ 833/1800] -> Loss: 1529.1892
Epoch [ 834/1800] -> Loss: 1529.1354
Epoch [ 835/1800] -> Loss: 1529.0839
Epoch [ 836/1800] -> Loss: 1529.0319
Epoch [ 837/1800] -> Loss: 1528.9795
Epoch [ 838/1800] -> Loss: 1528.9274
Epoch [ 839/1800] -> Loss: 1528.8758
Epoch [ 840/1800] -> Loss: 1528.6255
Epoch [ 841/1800] -> Loss: 1528.8927
Epoch [ 842/1800] -> Loss: 1528.5523
Epoch [ 843/1800] -> Loss: 1528.7627
Epoch [ 844/1800] -> Loss: 1528.4608
Epoch [ 845/1800] -> Loss: 1528.6689
Epoch [ 846/1800] -> Loss: 1528.3526
Epoch [ 847/1800] -> Loss: 1528.3774
Epoch [ 848/1800] -> Loss: 1528.5859
Epoch [ 849/1800] -> Loss: 1528.1851
--------------------------------------------------
Model checkpoint saved as FFNN_850.pth
--------------------------------------------------
Epoch [ 850/1800] -> Loss: 1528.2213
Epoch [ 851/1800] -> Loss: 1528.2572
Epoch [ 852/1800] -> Loss: 1528.1635
Epoch [ 853/1800] -> Loss: 1528.1032
Epoch [ 854/1800] -> Loss: 1528.0750
Epoch [ 855/1800] -> Loss: 1528.0358
Epoch [ 856/1800] -> Loss: 1527.9785
Epoch [ 857/1800] -> Loss: 1527.9269
Epoch [ 858/1800] -> Loss: 1527.8827
Epoch [ 859/1800] -> Loss: 1527.8350
Epoch [ 860/1800] -> Loss: 1527.7854
Epoch [ 861/1800] -> Loss: 1527.7372
Epoch [ 862/1800] -> Loss: 1527.6888
Epoch [ 863/1800] -> Loss: 1527.6407
Epoch [ 864/1800] -> Loss: 1527.5924
Epoch [ 865/1800] -> Loss: 1527.5439
Epoch [ 866/1800] -> Loss: 1527.5213
Epoch [ 867/1800] -> Loss: 1527.4676
Epoch [ 868/1800] -> Loss: 1527.3883
Epoch [ 869/1800] -> Loss: 1527.3480
Epoch [ 870/1800] -> Loss: 1527.3043
Epoch [ 871/1800] -> Loss: 1527.2502
Epoch [ 872/1800] -> Loss: 1527.1993
Epoch [ 873/1800] -> Loss: 1527.1519
Epoch [ 874/1800] -> Loss: 1527.1032
Epoch [ 875/1800] -> Loss: 1527.0542
Epoch [ 876/1800] -> Loss: 1527.0061
Epoch [ 877/1800] -> Loss: 1526.9586
Epoch [ 878/1800] -> Loss: 1526.9104
Epoch [ 879/1800] -> Loss: 1526.8629
Epoch [ 880/1800] -> Loss: 1526.8157
Epoch [ 881/1800] -> Loss: 1526.7767
Epoch [ 882/1800] -> Loss: 1526.7179
Epoch [ 883/1800] -> Loss: 1526.6754
Epoch [ 884/1800] -> Loss: 1526.6613
Epoch [ 885/1800] -> Loss: 1526.5755
Epoch [ 886/1800] -> Loss: 1526.5269
Epoch [ 887/1800] -> Loss: 1526.4932
Epoch [ 888/1800] -> Loss: 1526.4444
Epoch [ 889/1800] -> Loss: 1526.3953
Epoch [ 890/1800] -> Loss: 1526.3506
Epoch [ 891/1800] -> Loss: 1526.3060
Epoch [ 892/1800] -> Loss: 1526.2616
Epoch [ 893/1800] -> Loss: 1526.2139
Epoch [ 894/1800] -> Loss: 1526.1667
Epoch [ 895/1800] -> Loss: 1526.1213
Epoch [ 896/1800] -> Loss: 1526.0756
Epoch [ 897/1800] -> Loss: 1526.0297
Epoch [ 898/1800] -> Loss: 1525.9840
Epoch [ 899/1800] -> Loss: 1525.9386
--------------------------------------------------
Model checkpoint saved as FFNN_900.pth
--------------------------------------------------
Epoch [ 900/1800] -> Loss: 1525.8933
Epoch [ 901/1800] -> Loss: 1525.8476
Epoch [ 902/1800] -> Loss: 1525.8023
Epoch [ 903/1800] -> Loss: 1525.7454
Epoch [ 904/1800] -> Loss: 1525.7487
Epoch [ 905/1800] -> Loss: 1525.6943
Epoch [ 906/1800] -> Loss: 1525.6362
Epoch [ 907/1800] -> Loss: 1525.5982
Epoch [ 908/1800] -> Loss: 1525.5556
Epoch [ 909/1800] -> Loss: 1525.5079
Epoch [ 910/1800] -> Loss: 1525.4631
Epoch [ 911/1800] -> Loss: 1525.4192
Epoch [ 912/1800] -> Loss: 1525.3748
Epoch [ 913/1800] -> Loss: 1525.3298
Epoch [ 914/1800] -> Loss: 1525.2861
Epoch [ 915/1800] -> Loss: 1525.2420
Epoch [ 916/1800] -> Loss: 1525.1795
Epoch [ 917/1800] -> Loss: 1525.1558
Epoch [ 918/1800] -> Loss: 1525.1124
Epoch [ 919/1800] -> Loss: 1525.0632
Epoch [ 920/1800] -> Loss: 1525.0220
Epoch [ 921/1800] -> Loss: 1524.9806
Epoch [ 922/1800] -> Loss: 1524.9372
Epoch [ 923/1800] -> Loss: 1524.8938
Epoch [ 924/1800] -> Loss: 1524.8512
Epoch [ 925/1800] -> Loss: 1524.8084
Epoch [ 926/1800] -> Loss: 1524.7652
Epoch [ 927/1800] -> Loss: 1524.7224
Epoch [ 928/1800] -> Loss: 1524.6797
Epoch [ 929/1800] -> Loss: 1524.6368
Epoch [ 930/1800] -> Loss: 1524.5940
Epoch [ 931/1800] -> Loss: 1524.5519
Epoch [ 932/1800] -> Loss: 1524.5089
Epoch [ 933/1800] -> Loss: 1524.4665
Epoch [ 934/1800] -> Loss: 1524.4243
Epoch [ 935/1800] -> Loss: 1524.3817
Epoch [ 936/1800] -> Loss: 1524.3397
Epoch [ 937/1800] -> Loss: 1524.2977
Epoch [ 938/1800] -> Loss: 1524.2554
Epoch [ 939/1800] -> Loss: 1524.2167
Epoch [ 940/1800] -> Loss: 1524.1727
Epoch [ 941/1800] -> Loss: 1524.1277
Epoch [ 942/1800] -> Loss: 1524.0865
Epoch [ 943/1800] -> Loss: 1524.0455
Epoch [ 944/1800] -> Loss: 1524.0008
Epoch [ 945/1800] -> Loss: 1523.9602
Epoch [ 946/1800] -> Loss: 1523.9234
Epoch [ 947/1800] -> Loss: 1523.8769
Epoch [ 948/1800] -> Loss: 1523.8353
Epoch [ 949/1800] -> Loss: 1523.7946
--------------------------------------------------
Model checkpoint saved as FFNN_950.pth
--------------------------------------------------
Epoch [ 950/1800] -> Loss: 1523.7515
Epoch [ 951/1800] -> Loss: 1523.7120
Epoch [ 952/1800] -> Loss: 1523.6706
Epoch [ 953/1800] -> Loss: 1523.4720
Epoch [ 954/1800] -> Loss: 1523.7077
Epoch [ 955/1800] -> Loss: 1523.1490
Epoch [ 956/1800] -> Loss: 1523.4644
Epoch [ 957/1800] -> Loss: 1523.6919
Epoch [ 958/1800] -> Loss: 1522.9643
Epoch [ 959/1800] -> Loss: 1523.5086
Epoch [ 960/1800] -> Loss: 1523.1737
Epoch [ 961/1800] -> Loss: 1523.2332
Epoch [ 962/1800] -> Loss: 1523.1612
Epoch [ 963/1800] -> Loss: 1523.1035
Epoch [ 964/1800] -> Loss: 1523.0814
Epoch [ 965/1800] -> Loss: 1523.0452
Epoch [ 966/1800] -> Loss: 1523.0011
Epoch [ 967/1800] -> Loss: 1522.9634
Epoch [ 968/1800] -> Loss: 1522.9267
Epoch   969: reducing learning rate of group 0 to 2.5000e-03.
Epoch [ 969/1800] -> Loss: 1522.8846
Epoch [ 970/1800] -> Loss: 1503.5423
Epoch [ 971/1800] -> Loss: 1504.9017
Epoch [ 972/1800] -> Loss: 1501.7801
Epoch [ 973/1800] -> Loss: 1500.0123
Epoch [ 974/1800] -> Loss: 1500.1973
Epoch [ 975/1800] -> Loss: 1500.8217
Epoch [ 976/1800] -> Loss: 1501.1384
Epoch [ 977/1800] -> Loss: 1500.9475
Epoch [ 978/1800] -> Loss: 1500.6227
Epoch [ 979/1800] -> Loss: 1500.7874
Epoch [ 980/1800] -> Loss: 1500.6885
Epoch [ 981/1800] -> Loss: 1500.8365
Epoch [ 982/1800] -> Loss: 1500.7934
Epoch [ 983/1800] -> Loss: 1500.5861
Epoch   984: reducing learning rate of group 0 to 1.2500e-03.
Epoch [ 984/1800] -> Loss: 1500.7513
Epoch [ 985/1800] -> Loss: 1491.1930
Epoch [ 986/1800] -> Loss: 1491.8138
Epoch [ 987/1800] -> Loss: 1491.3791
Epoch [ 988/1800] -> Loss: 1490.7577
Epoch [ 989/1800] -> Loss: 1490.4450
Epoch [ 990/1800] -> Loss: 1490.3707
Epoch [ 991/1800] -> Loss: 1490.4028
Epoch [ 992/1800] -> Loss: 1490.4487
Epoch [ 993/1800] -> Loss: 1490.5460
Epoch [ 994/1800] -> Loss: 1490.4651
Epoch [ 995/1800] -> Loss: 1490.5084
Epoch [ 996/1800] -> Loss: 1490.4215
Epoch [ 997/1800] -> Loss: 1490.4033
Epoch [ 998/1800] -> Loss: 1490.4814
Epoch [ 999/1800] -> Loss: 1490.4799
Epoch  1000: reducing learning rate of group 0 to 6.2500e-04.
--------------------------------------------------
Model checkpoint saved as FFNN_1000.pth
--------------------------------------------------
Epoch [1000/1800] -> Loss: 1490.3775
Epoch [1001/1800] -> Loss: 1485.6373
Epoch [1002/1800] -> Loss: 1485.8714
Epoch [1003/1800] -> Loss: 1485.8432
Epoch [1004/1800] -> Loss: 1485.7429
Epoch [1005/1800] -> Loss: 1485.6089
Epoch [1006/1800] -> Loss: 1485.5318
Epoch [1007/1800] -> Loss: 1485.4902
Epoch [1008/1800] -> Loss: 1485.4689
Epoch [1009/1800] -> Loss: 1485.4579
Epoch [1010/1800] -> Loss: 1485.4517
Epoch [1011/1800] -> Loss: 1485.4476
Epoch [1012/1800] -> Loss: 1485.4435
Epoch [1013/1800] -> Loss: 1485.4399
Epoch [1014/1800] -> Loss: 1485.4359
Epoch [1015/1800] -> Loss: 1485.4314
Epoch [1016/1800] -> Loss: 1485.4273
Epoch [1017/1800] -> Loss: 1485.4228
Epoch [1018/1800] -> Loss: 1485.4180
Epoch  1019: reducing learning rate of group 0 to 3.1250e-04.
Epoch [1019/1800] -> Loss: 1485.4133
Epoch [1020/1800] -> Loss: 1483.0280
Epoch [1021/1800] -> Loss: 1483.0964
Epoch [1022/1800] -> Loss: 1483.0998
Epoch [1023/1800] -> Loss: 1483.0831
Epoch [1024/1800] -> Loss: 1483.0439
Epoch [1025/1800] -> Loss: 1483.0215
Epoch [1026/1800] -> Loss: 1483.0071
Epoch [1027/1800] -> Loss: 1482.9963
Epoch [1028/1800] -> Loss: 1482.9876
Epoch [1029/1800] -> Loss: 1482.9806
Epoch [1030/1800] -> Loss: 1482.9747
Epoch  1031: reducing learning rate of group 0 to 1.5625e-04.
Epoch [1031/1800] -> Loss: 1482.9696
Epoch [1032/1800] -> Loss: 1481.7679
Epoch [1033/1800] -> Loss: 1481.7894
Epoch [1034/1800] -> Loss: 1481.7828
Epoch [1035/1800] -> Loss: 1481.7779
Epoch [1036/1800] -> Loss: 1481.7735
Epoch [1037/1800] -> Loss: 1481.7698
Epoch [1038/1800] -> Loss: 1481.7661
Epoch [1039/1800] -> Loss: 1481.7626
Epoch [1040/1800] -> Loss: 1481.7594
Epoch [1041/1800] -> Loss: 1481.7567
Epoch [1042/1800] -> Loss: 1481.7539
Epoch  1043: reducing learning rate of group 0 to 7.8125e-05.
Epoch [1043/1800] -> Loss: 1481.7512
Epoch [1044/1800] -> Loss: 1481.1467
Epoch [1045/1800] -> Loss: 1481.1490
Epoch [1046/1800] -> Loss: 1481.1491
Epoch [1047/1800] -> Loss: 1481.1482
Epoch [1048/1800] -> Loss: 1481.1470
Epoch [1049/1800] -> Loss: 1481.1457
--------------------------------------------------
Model checkpoint saved as FFNN_1050.pth
--------------------------------------------------
Epoch [1050/1800] -> Loss: 1481.1445
Epoch [1051/1800] -> Loss: 1481.1433
Epoch [1052/1800] -> Loss: 1481.1421
Epoch [1053/1800] -> Loss: 1481.1409
Epoch [1054/1800] -> Loss: 1481.1397
Epoch  1055: reducing learning rate of group 0 to 3.9063e-05.
Epoch [1055/1800] -> Loss: 1481.1387
Epoch [1056/1800] -> Loss: 1480.8354
Epoch [1057/1800] -> Loss: 1480.8357
Epoch [1058/1800] -> Loss: 1480.8357
Epoch [1059/1800] -> Loss: 1480.8352
Epoch [1060/1800] -> Loss: 1480.8347
Epoch [1061/1800] -> Loss: 1480.8344
Epoch [1062/1800] -> Loss: 1480.8336
Epoch [1063/1800] -> Loss: 1480.8331
Epoch [1064/1800] -> Loss: 1480.8326
Epoch [1065/1800] -> Loss: 1480.8321
Epoch [1066/1800] -> Loss: 1480.8318
Epoch  1067: reducing learning rate of group 0 to 1.9531e-05.
Epoch [1067/1800] -> Loss: 1480.8312
Epoch [1068/1800] -> Loss: 1480.6794
Epoch [1069/1800] -> Loss: 1480.6793
Epoch [1070/1800] -> Loss: 1480.6792
Epoch [1071/1800] -> Loss: 1480.6789
Epoch [1072/1800] -> Loss: 1480.6787
Epoch [1073/1800] -> Loss: 1480.6785
Epoch [1074/1800] -> Loss: 1480.6782
Epoch [1075/1800] -> Loss: 1480.6780
Epoch [1076/1800] -> Loss: 1480.6779
Epoch [1077/1800] -> Loss: 1480.6776
Epoch [1078/1800] -> Loss: 1480.6774
Epoch  1079: reducing learning rate of group 0 to 9.7656e-06.
Epoch [1079/1800] -> Loss: 1480.6772
Epoch [1080/1800] -> Loss: 1480.6010
Epoch [1081/1800] -> Loss: 1480.6008
Epoch [1082/1800] -> Loss: 1480.6007
Epoch [1083/1800] -> Loss: 1480.6006
Epoch [1084/1800] -> Loss: 1480.6005
Epoch [1085/1800] -> Loss: 1480.6004
Epoch [1086/1800] -> Loss: 1480.6003
Epoch [1087/1800] -> Loss: 1480.6002
Epoch [1088/1800] -> Loss: 1480.6002
Epoch [1089/1800] -> Loss: 1480.6000
Epoch  1090: reducing learning rate of group 0 to 4.8828e-06.
Epoch [1090/1800] -> Loss: 1480.5998
Epoch [1091/1800] -> Loss: 1480.5619
Epoch [1092/1800] -> Loss: 1480.5619
Epoch [1093/1800] -> Loss: 1480.5618
Epoch [1094/1800] -> Loss: 1480.5618
Epoch [1095/1800] -> Loss: 1480.5618
Epoch [1096/1800] -> Loss: 1480.5618
Epoch [1097/1800] -> Loss: 1480.5616
Epoch [1098/1800] -> Loss: 1480.5616
Epoch [1099/1800] -> Loss: 1480.5615
--------------------------------------------------
Model checkpoint saved as FFNN_1100.pth
--------------------------------------------------
Epoch [1100/1800] -> Loss: 1480.5615
Epoch  1101: reducing learning rate of group 0 to 2.4414e-06.
Epoch [1101/1800] -> Loss: 1480.5615
Epoch [1102/1800] -> Loss: 1480.5422
Epoch [1103/1800] -> Loss: 1480.5421
Epoch [1104/1800] -> Loss: 1480.5421
Epoch [1105/1800] -> Loss: 1480.5420
Epoch [1106/1800] -> Loss: 1480.5420
Epoch [1107/1800] -> Loss: 1480.5420
Epoch [1108/1800] -> Loss: 1480.5419
Epoch [1109/1800] -> Loss: 1480.5419
Epoch [1110/1800] -> Loss: 1480.5419
Epoch [1111/1800] -> Loss: 1480.5418
Epoch  1112: reducing learning rate of group 0 to 1.2207e-06.
Epoch [1112/1800] -> Loss: 1480.5417
Epoch [1113/1800] -> Loss: 1480.5325
Epoch [1114/1800] -> Loss: 1480.5324
Epoch [1115/1800] -> Loss: 1480.5324
Epoch [1116/1800] -> Loss: 1480.5324
Epoch [1117/1800] -> Loss: 1480.5324
Epoch [1118/1800] -> Loss: 1480.5324
Epoch [1119/1800] -> Loss: 1480.5325
Epoch [1120/1800] -> Loss: 1480.5324
Epoch [1121/1800] -> Loss: 1480.5324
Epoch [1122/1800] -> Loss: 1480.5324
Epoch  1123: reducing learning rate of group 0 to 6.1035e-07.
Epoch [1123/1800] -> Loss: 1480.5324
Epoch [1124/1800] -> Loss: 1480.5275
Epoch [1125/1800] -> Loss: 1480.5275
Epoch [1126/1800] -> Loss: 1480.5275
Epoch [1127/1800] -> Loss: 1480.5274
Epoch [1128/1800] -> Loss: 1480.5274
Epoch [1129/1800] -> Loss: 1480.5275
Epoch [1130/1800] -> Loss: 1480.5275
Epoch [1131/1800] -> Loss: 1480.5274
Epoch [1132/1800] -> Loss: 1480.5275
Epoch [1133/1800] -> Loss: 1480.5275
Epoch [1134/1800] -> Loss: 1480.5274
Epoch  1135: reducing learning rate of group 0 to 3.0518e-07.
Epoch [1135/1800] -> Loss: 1480.5274
Epoch [1136/1800] -> Loss: 1480.5251
Epoch [1137/1800] -> Loss: 1480.5251
Epoch [1138/1800] -> Loss: 1480.5250
Epoch [1139/1800] -> Loss: 1480.5251
Epoch [1140/1800] -> Loss: 1480.5251
Epoch [1141/1800] -> Loss: 1480.5251
Epoch [1142/1800] -> Loss: 1480.5250
Epoch [1143/1800] -> Loss: 1480.5250
Epoch [1144/1800] -> Loss: 1480.5251
Epoch [1145/1800] -> Loss: 1480.5251
Epoch  1146: reducing learning rate of group 0 to 1.5259e-07.
Epoch [1146/1800] -> Loss: 1480.5250
Epoch [1147/1800] -> Loss: 1480.5237
Epoch [1148/1800] -> Loss: 1480.5237
Epoch [1149/1800] -> Loss: 1480.5237
--------------------------------------------------
Model checkpoint saved as FFNN_1150.pth
--------------------------------------------------
Epoch [1150/1800] -> Loss: 1480.5237
Epoch [1151/1800] -> Loss: 1480.5237
Epoch [1152/1800] -> Loss: 1480.5237
Epoch [1153/1800] -> Loss: 1480.5237
Epoch [1154/1800] -> Loss: 1480.5238
Epoch [1155/1800] -> Loss: 1480.5238
Epoch [1156/1800] -> Loss: 1480.5238
Epoch  1157: reducing learning rate of group 0 to 7.6294e-08.
Epoch [1157/1800] -> Loss: 1480.5238
Epoch [1158/1800] -> Loss: 1480.5232
Epoch [1159/1800] -> Loss: 1480.5232
Epoch [1160/1800] -> Loss: 1480.5232
Epoch [1161/1800] -> Loss: 1480.5232
Epoch [1162/1800] -> Loss: 1480.5232
Epoch [1163/1800] -> Loss: 1480.5231
Epoch [1164/1800] -> Loss: 1480.5232
Epoch [1165/1800] -> Loss: 1480.5231
Epoch [1166/1800] -> Loss: 1480.5232
Epoch [1167/1800] -> Loss: 1480.5232
Epoch  1168: reducing learning rate of group 0 to 3.8147e-08.
Epoch [1168/1800] -> Loss: 1480.5232
Epoch [1169/1800] -> Loss: 1480.5229
Epoch [1170/1800] -> Loss: 1480.5229
Epoch [1171/1800] -> Loss: 1480.5229
Epoch [1172/1800] -> Loss: 1480.5228
Epoch [1173/1800] -> Loss: 1480.5228
Epoch [1174/1800] -> Loss: 1480.5228
Epoch [1175/1800] -> Loss: 1480.5229
Epoch [1176/1800] -> Loss: 1480.5228
Epoch [1177/1800] -> Loss: 1480.5228
Epoch [1178/1800] -> Loss: 1480.5228
Epoch  1179: reducing learning rate of group 0 to 1.9073e-08.
Epoch [1179/1800] -> Loss: 1480.5228
Epoch [1180/1800] -> Loss: 1480.5228
Epoch [1181/1800] -> Loss: 1480.5228
Epoch [1182/1800] -> Loss: 1480.5227
Epoch [1183/1800] -> Loss: 1480.5228
Epoch [1184/1800] -> Loss: 1480.5228
Epoch [1185/1800] -> Loss: 1480.5227
Epoch [1186/1800] -> Loss: 1480.5227
Epoch [1187/1800] -> Loss: 1480.5228
Epoch [1188/1800] -> Loss: 1480.5228
Epoch [1189/1800] -> Loss: 1480.5228
Epoch [1190/1800] -> Loss: 1480.5228
Epoch [1191/1800] -> Loss: 1480.5228
Epoch [1192/1800] -> Loss: 1480.5228
Epoch [1193/1800] -> Loss: 1480.5228
Epoch [1194/1800] -> Loss: 1480.5227
Epoch [1195/1800] -> Loss: 1480.5227
Epoch [1196/1800] -> Loss: 1480.5227
Epoch [1197/1800] -> Loss: 1480.5228
Epoch [1198/1800] -> Loss: 1480.5228
Epoch [1199/1800] -> Loss: 1480.5227
--------------------------------------------------
Model checkpoint saved as FFNN_1200.pth
--------------------------------------------------
Epoch [1200/1800] -> Loss: 1480.5228
Epoch [1201/1800] -> Loss: 1480.5228
Epoch [1202/1800] -> Loss: 1480.5228
Epoch [1203/1800] -> Loss: 1480.5228
Epoch [1204/1800] -> Loss: 1480.5227
Epoch [1205/1800] -> Loss: 1480.5228
Epoch [1206/1800] -> Loss: 1480.5227
Epoch [1207/1800] -> Loss: 1480.5227
Epoch [1208/1800] -> Loss: 1480.5227
Epoch [1209/1800] -> Loss: 1480.5228
Epoch [1210/1800] -> Loss: 1480.5228
Epoch [1211/1800] -> Loss: 1480.5227
Epoch [1212/1800] -> Loss: 1480.5227
Epoch [1213/1800] -> Loss: 1480.5228
Epoch [1214/1800] -> Loss: 1480.5228
Epoch [1215/1800] -> Loss: 1480.5228
Epoch [1216/1800] -> Loss: 1480.5227
Epoch [1217/1800] -> Loss: 1480.5228
Epoch [1218/1800] -> Loss: 1480.5227
Epoch [1219/1800] -> Loss: 1480.5228
Epoch [1220/1800] -> Loss: 1480.5228
Epoch [1221/1800] -> Loss: 1480.5228
Epoch [1222/1800] -> Loss: 1480.5228
Epoch [1223/1800] -> Loss: 1480.5228
Epoch [1224/1800] -> Loss: 1480.5228
Epoch [1225/1800] -> Loss: 1480.5228
Epoch [1226/1800] -> Loss: 1480.5228
Epoch [1227/1800] -> Loss: 1480.5228
Epoch [1228/1800] -> Loss: 1480.5227
Epoch [1229/1800] -> Loss: 1480.5228
Epoch [1230/1800] -> Loss: 1480.5228
Epoch [1231/1800] -> Loss: 1480.5228
Epoch [1232/1800] -> Loss: 1480.5228
Epoch [1233/1800] -> Loss: 1480.5228
Epoch [1234/1800] -> Loss: 1480.5228
Epoch [1235/1800] -> Loss: 1480.5228
Epoch [1236/1800] -> Loss: 1480.5228
Epoch [1237/1800] -> Loss: 1480.5228
Epoch [1238/1800] -> Loss: 1480.5228
Epoch [1239/1800] -> Loss: 1480.5228
Epoch [1240/1800] -> Loss: 1480.5228
Epoch [1241/1800] -> Loss: 1480.5228
Epoch [1242/1800] -> Loss: 1480.5228
Epoch [1243/1800] -> Loss: 1480.5228
Epoch [1244/1800] -> Loss: 1480.5228
Epoch [1245/1800] -> Loss: 1480.5228
Epoch [1246/1800] -> Loss: 1480.5227
Epoch [1247/1800] -> Loss: 1480.5228
Epoch [1248/1800] -> Loss: 1480.5227
Epoch [1249/1800] -> Loss: 1480.5228
--------------------------------------------------
Model checkpoint saved as FFNN_1250.pth
--------------------------------------------------
Epoch [1250/1800] -> Loss: 1480.5228
Epoch [1251/1800] -> Loss: 1480.5228
Epoch [1252/1800] -> Loss: 1480.5228
Epoch [1253/1800] -> Loss: 1480.5228
Epoch [1254/1800] -> Loss: 1480.5228
Epoch [1255/1800] -> Loss: 1480.5228
Epoch [1256/1800] -> Loss: 1480.5227
Epoch [1257/1800] -> Loss: 1480.5227
Epoch [1258/1800] -> Loss: 1480.5227
Epoch [1259/1800] -> Loss: 1480.5227
Epoch [1260/1800] -> Loss: 1480.5227
Epoch [1261/1800] -> Loss: 1480.5227
Epoch [1262/1800] -> Loss: 1480.5227
Epoch [1263/1800] -> Loss: 1480.5228
Epoch [1264/1800] -> Loss: 1480.5228
Epoch [1265/1800] -> Loss: 1480.5227
Epoch [1266/1800] -> Loss: 1480.5228
Epoch [1267/1800] -> Loss: 1480.5228
Epoch [1268/1800] -> Loss: 1480.5227
Epoch [1269/1800] -> Loss: 1480.5228
Epoch [1270/1800] -> Loss: 1480.5227
Epoch [1271/1800] -> Loss: 1480.5227
Epoch [1272/1800] -> Loss: 1480.5227
Epoch [1273/1800] -> Loss: 1480.5227
Epoch [1274/1800] -> Loss: 1480.5227
Epoch [1275/1800] -> Loss: 1480.5227
Epoch [1276/1800] -> Loss: 1480.5227
Epoch [1277/1800] -> Loss: 1480.5227
Epoch [1278/1800] -> Loss: 1480.5227
Epoch [1279/1800] -> Loss: 1480.5227
Epoch [1280/1800] -> Loss: 1480.5227
Epoch [1281/1800] -> Loss: 1480.5228
Epoch [1282/1800] -> Loss: 1480.5227
Epoch [1283/1800] -> Loss: 1480.5227
Epoch [1284/1800] -> Loss: 1480.5227
Epoch [1285/1800] -> Loss: 1480.5227
Epoch [1286/1800] -> Loss: 1480.5227
Epoch [1287/1800] -> Loss: 1480.5228
Epoch [1288/1800] -> Loss: 1480.5227
Epoch [1289/1800] -> Loss: 1480.5227
Epoch [1290/1800] -> Loss: 1480.5227
Epoch [1291/1800] -> Loss: 1480.5227
Epoch [1292/1800] -> Loss: 1480.5227
Epoch [1293/1800] -> Loss: 1480.5227
Epoch [1294/1800] -> Loss: 1480.5228
Epoch [1295/1800] -> Loss: 1480.5227
Epoch [1296/1800] -> Loss: 1480.5227
Epoch [1297/1800] -> Loss: 1480.5228
Epoch [1298/1800] -> Loss: 1480.5228
Epoch [1299/1800] -> Loss: 1480.5227
--------------------------------------------------
Model checkpoint saved as FFNN_1300.pth
--------------------------------------------------
Epoch [1300/1800] -> Loss: 1480.5227
Epoch [1301/1800] -> Loss: 1480.5227
Epoch [1302/1800] -> Loss: 1480.5228
Epoch [1303/1800] -> Loss: 1480.5228
Epoch [1304/1800] -> Loss: 1480.5228
Epoch [1305/1800] -> Loss: 1480.5227
Epoch [1306/1800] -> Loss: 1480.5227
Epoch [1307/1800] -> Loss: 1480.5227
Epoch [1308/1800] -> Loss: 1480.5227
Epoch [1309/1800] -> Loss: 1480.5227
Epoch [1310/1800] -> Loss: 1480.5227
Epoch [1311/1800] -> Loss: 1480.5227
Epoch [1312/1800] -> Loss: 1480.5227
Epoch [1313/1800] -> Loss: 1480.5227
Epoch [1314/1800] -> Loss: 1480.5227
Epoch [1315/1800] -> Loss: 1480.5228
Epoch [1316/1800] -> Loss: 1480.5228
Epoch [1317/1800] -> Loss: 1480.5228
Epoch [1318/1800] -> Loss: 1480.5228
Epoch [1319/1800] -> Loss: 1480.5228
Epoch [1320/1800] -> Loss: 1480.5228
Epoch [1321/1800] -> Loss: 1480.5228
Epoch [1322/1800] -> Loss: 1480.5228
Epoch [1323/1800] -> Loss: 1480.5227
Epoch [1324/1800] -> Loss: 1480.5227
Epoch [1325/1800] -> Loss: 1480.5228
Epoch [1326/1800] -> Loss: 1480.5227
Epoch [1327/1800] -> Loss: 1480.5227
Epoch [1328/1800] -> Loss: 1480.5227
Epoch [1329/1800] -> Loss: 1480.5227
Epoch [1330/1800] -> Loss: 1480.5227
Epoch [1331/1800] -> Loss: 1480.5227
Epoch [1332/1800] -> Loss: 1480.5227
Epoch [1333/1800] -> Loss: 1480.5228
Epoch [1334/1800] -> Loss: 1480.5227
Epoch [1335/1800] -> Loss: 1480.5227
Epoch [1336/1800] -> Loss: 1480.5227
Epoch [1337/1800] -> Loss: 1480.5227
Epoch [1338/1800] -> Loss: 1480.5227
Epoch [1339/1800] -> Loss: 1480.5227
Epoch [1340/1800] -> Loss: 1480.5227
Epoch [1341/1800] -> Loss: 1480.5227
Epoch [1342/1800] -> Loss: 1480.5227
Epoch [1343/1800] -> Loss: 1480.5227
Epoch [1344/1800] -> Loss: 1480.5227
Epoch [1345/1800] -> Loss: 1480.5227
Epoch [1346/1800] -> Loss: 1480.5227
Epoch [1347/1800] -> Loss: 1480.5227
