--------------------------------------------------
Code running on device: cuda
--------------------------------------------------
File location :
    SSN - /home/extern/Documents/Research/scripts/data/SILSO/TSN/SN_m_tot_V2.0.txt
    AA - /home/extern/Documents/Research/scripts/data/ISGI/aa_1869-01-01_2018-12-31_D.dat
--------------------------------------------------
Selected model: FFNN(
  (model): Sequential(
    (0): Linear(in_features=6, out_features=6, bias=True)
    (1): LeakyReLU(negative_slope=0.01, inplace=True)
    (2): Linear(in_features=6, out_features=6, bias=True)
    (3): LeakyReLU(negative_slope=0.01, inplace=True)
    (4): Linear(in_features=6, out_features=1, bias=True)
  )
)    Training mode: True    Testing mode: False
--------------------------------------------------
No pre-trained models available, initializing model weights
--------------------------------------------------
Training model with: num_epochs=1800, start_lr=0.0005
Epoch [   1/1800] -> Loss: 13217.9295
Epoch [   2/1800] -> Loss: 12240.2198
Epoch [   3/1800] -> Loss: 10650.4073
Epoch [   4/1800] -> Loss: 8387.4389
Epoch [   5/1800] -> Loss: 6149.6895
Epoch [   6/1800] -> Loss: 4488.5049
Epoch [   7/1800] -> Loss: 3600.2583
Epoch [   8/1800] -> Loss: 3256.5004
Epoch [   9/1800] -> Loss: 3151.2314
Epoch [  10/1800] -> Loss: 3120.5009
Epoch [  11/1800] -> Loss: 3109.4770
Epoch [  12/1800] -> Loss: 3103.6698
Epoch [  13/1800] -> Loss: 3099.4049
Epoch [  14/1800] -> Loss: 3095.6871
Epoch [  15/1800] -> Loss: 3092.2562
Epoch [  16/1800] -> Loss: 3088.9467
Epoch [  17/1800] -> Loss: 3085.7358
Epoch [  18/1800] -> Loss: 3082.6413
Epoch [  19/1800] -> Loss: 3079.5766
Epoch [  20/1800] -> Loss: 3076.5642
Epoch [  21/1800] -> Loss: 3073.5721
Epoch [  22/1800] -> Loss: 3070.5737
Epoch [  23/1800] -> Loss: 3067.6222
Epoch [  24/1800] -> Loss: 3064.6843
Epoch [  25/1800] -> Loss: 3061.7389
Epoch [  26/1800] -> Loss: 3058.7943
Epoch [  27/1800] -> Loss: 3055.8461
Epoch [  28/1800] -> Loss: 3052.8947
Epoch [  29/1800] -> Loss: 3049.9637
Epoch [  30/1800] -> Loss: 3046.9780
Epoch [  31/1800] -> Loss: 3044.0540
Epoch [  32/1800] -> Loss: 3041.0411
Epoch [  33/1800] -> Loss: 3038.1222
Epoch [  34/1800] -> Loss: 3034.9819
Epoch [  35/1800] -> Loss: 3031.8597
Epoch [  36/1800] -> Loss: 3028.7269
Epoch [  37/1800] -> Loss: 3025.5441
Epoch [  38/1800] -> Loss: 3022.3548
Epoch [  39/1800] -> Loss: 3019.0403
Epoch [  40/1800] -> Loss: 3015.6033
Epoch [  41/1800] -> Loss: 3012.1695
Epoch [  42/1800] -> Loss: 3008.7097
Epoch [  43/1800] -> Loss: 3005.0654
Epoch [  44/1800] -> Loss: 3001.3672
Epoch [  45/1800] -> Loss: 2997.5048
Epoch [  46/1800] -> Loss: 2993.6730
Epoch [  47/1800] -> Loss: 2989.7297
Epoch [  48/1800] -> Loss: 2985.7812
Epoch [  49/1800] -> Loss: 2981.7251
Epoch [  50/1800] -> Loss: 2977.5847
Epoch [  51/1800] -> Loss: 2973.3611
Epoch [  52/1800] -> Loss: 2969.0264
Epoch [  53/1800] -> Loss: 2964.7962
Epoch [  54/1800] -> Loss: 2960.3809
Epoch [  55/1800] -> Loss: 2956.0154
Epoch [  56/1800] -> Loss: 2951.4423
Epoch [  57/1800] -> Loss: 2946.9122
Epoch [  58/1800] -> Loss: 2942.3461
Epoch [  59/1800] -> Loss: 2937.7050
Epoch [  60/1800] -> Loss: 2933.0741
Epoch [  61/1800] -> Loss: 2928.2841
Epoch [  62/1800] -> Loss: 2923.5362
Epoch [  63/1800] -> Loss: 2918.5777
Epoch [  64/1800] -> Loss: 2913.7166
Epoch [  65/1800] -> Loss: 2908.7114
Epoch [  66/1800] -> Loss: 2903.6835
Epoch [  67/1800] -> Loss: 2898.5729
Epoch [  68/1800] -> Loss: 2893.4046
Epoch [  69/1800] -> Loss: 2888.2511
Epoch [  70/1800] -> Loss: 2882.8834
Epoch [  71/1800] -> Loss: 2877.6347
Epoch [  72/1800] -> Loss: 2872.2325
Epoch [  73/1800] -> Loss: 2866.7859
Epoch [  74/1800] -> Loss: 2861.2893
Epoch [  75/1800] -> Loss: 2855.7381
Epoch [  76/1800] -> Loss: 2850.1566
Epoch [  77/1800] -> Loss: 2844.4936
Epoch [  78/1800] -> Loss: 2838.8207
Epoch [  79/1800] -> Loss: 2833.0589
Epoch [  80/1800] -> Loss: 2827.2400
Epoch [  81/1800] -> Loss: 2821.3466
Epoch [  82/1800] -> Loss: 2815.4047
Epoch [  83/1800] -> Loss: 2809.3907
Epoch [  84/1800] -> Loss: 2803.3066
Epoch [  85/1800] -> Loss: 2797.2122
Epoch [  86/1800] -> Loss: 2791.1101
Epoch [  87/1800] -> Loss: 2784.9109
Epoch [  88/1800] -> Loss: 2778.6703
Epoch [  89/1800] -> Loss: 2772.3785
Epoch [  90/1800] -> Loss: 2766.0311
Epoch [  91/1800] -> Loss: 2759.6467
Epoch [  92/1800] -> Loss: 2753.2252
Epoch [  93/1800] -> Loss: 2746.7613
Epoch [  94/1800] -> Loss: 2740.2566
Epoch [  95/1800] -> Loss: 2733.7188
Epoch [  96/1800] -> Loss: 2727.1601
Epoch [  97/1800] -> Loss: 2720.5708
Epoch [  98/1800] -> Loss: 2713.9880
Epoch [  99/1800] -> Loss: 2707.2770
Epoch [ 100/1800] -> Loss: 2700.5341
Epoch [ 101/1800] -> Loss: 2693.7627
Epoch [ 102/1800] -> Loss: 2686.9610
Epoch [ 103/1800] -> Loss: 2680.1218
Epoch [ 104/1800] -> Loss: 2673.2465
Epoch [ 105/1800] -> Loss: 2666.3460
Epoch [ 106/1800] -> Loss: 2659.3991
Epoch [ 107/1800] -> Loss: 2652.4082
Epoch [ 108/1800] -> Loss: 2645.4009
Epoch [ 109/1800] -> Loss: 2638.3393
Epoch [ 110/1800] -> Loss: 2631.2747
Epoch [ 111/1800] -> Loss: 2624.1834
Epoch [ 112/1800] -> Loss: 2617.0764
Epoch [ 113/1800] -> Loss: 2609.9462
Epoch [ 114/1800] -> Loss: 2602.8032
Epoch [ 115/1800] -> Loss: 2595.6103
Epoch [ 116/1800] -> Loss: 2588.4078
Epoch [ 117/1800] -> Loss: 2581.3086
Epoch [ 118/1800] -> Loss: 2574.0524
Epoch [ 119/1800] -> Loss: 2566.7895
Epoch [ 120/1800] -> Loss: 2559.4688
Epoch [ 121/1800] -> Loss: 2552.1634
Epoch [ 122/1800] -> Loss: 2544.8653
Epoch [ 123/1800] -> Loss: 2537.5742
Epoch [ 124/1800] -> Loss: 2530.2687
Epoch [ 125/1800] -> Loss: 2522.9791
Epoch [ 126/1800] -> Loss: 2515.6321
Epoch [ 127/1800] -> Loss: 2508.2597
Epoch [ 128/1800] -> Loss: 2500.9324
Epoch [ 129/1800] -> Loss: 2493.5864
Epoch [ 130/1800] -> Loss: 2486.2660
Epoch [ 131/1800] -> Loss: 2478.9441
Epoch [ 132/1800] -> Loss: 2471.6150
Epoch [ 133/1800] -> Loss: 2464.2631
Epoch [ 134/1800] -> Loss: 2456.9931
Epoch [ 135/1800] -> Loss: 2449.6561
Epoch [ 136/1800] -> Loss: 2442.3421
Epoch [ 137/1800] -> Loss: 2435.0176
Epoch [ 138/1800] -> Loss: 2427.7238
Epoch [ 139/1800] -> Loss: 2420.4162
Epoch [ 140/1800] -> Loss: 2413.1406
Epoch [ 141/1800] -> Loss: 2405.8875
Epoch [ 142/1800] -> Loss: 2398.6236
Epoch [ 143/1800] -> Loss: 2391.3982
Epoch [ 144/1800] -> Loss: 2384.1571
Epoch [ 145/1800] -> Loss: 2376.8616
Epoch [ 146/1800] -> Loss: 2369.6970
Epoch [ 147/1800] -> Loss: 2362.5530
Epoch [ 148/1800] -> Loss: 2355.3777
Epoch [ 149/1800] -> Loss: 2348.2203
Epoch [ 150/1800] -> Loss: 2341.0921
Epoch [ 151/1800] -> Loss: 2334.0994
Epoch [ 152/1800] -> Loss: 2327.0950
Epoch [ 153/1800] -> Loss: 2320.0574
Epoch [ 154/1800] -> Loss: 2313.0737
Epoch [ 155/1800] -> Loss: 2306.1294
Epoch [ 156/1800] -> Loss: 2299.2069
Epoch [ 157/1800] -> Loss: 2292.4831
Epoch [ 158/1800] -> Loss: 2285.6217
Epoch [ 159/1800] -> Loss: 2278.8707
Epoch [ 160/1800] -> Loss: 2272.1154
Epoch [ 161/1800] -> Loss: 2265.5475
Epoch [ 162/1800] -> Loss: 2258.8656
Epoch [ 163/1800] -> Loss: 2252.2612
Epoch [ 164/1800] -> Loss: 2245.6034
Epoch [ 165/1800] -> Loss: 2239.0959
Epoch [ 166/1800] -> Loss: 2232.6080
Epoch [ 167/1800] -> Loss: 2226.1620
Epoch [ 168/1800] -> Loss: 2219.9473
Epoch [ 169/1800] -> Loss: 2213.6552
Epoch [ 170/1800] -> Loss: 2207.4058
Epoch [ 171/1800] -> Loss: 2201.1474
Epoch [ 172/1800] -> Loss: 2195.0386
Epoch [ 173/1800] -> Loss: 2188.9936
Epoch [ 174/1800] -> Loss: 2182.8570
Epoch [ 175/1800] -> Loss: 2176.9133
Epoch [ 176/1800] -> Loss: 2170.9031
Epoch [ 177/1800] -> Loss: 2164.9871
Epoch [ 178/1800] -> Loss: 2159.2491
Epoch [ 179/1800] -> Loss: 2153.4651
Epoch [ 180/1800] -> Loss: 2147.8168
Epoch [ 181/1800] -> Loss: 2142.0639
Epoch [ 182/1800] -> Loss: 2136.5358
Epoch [ 183/1800] -> Loss: 2130.9661
Epoch [ 184/1800] -> Loss: 2125.4176
Epoch [ 185/1800] -> Loss: 2119.9619
Epoch [ 186/1800] -> Loss: 2114.5594
Epoch [ 187/1800] -> Loss: 2109.2160
Epoch [ 188/1800] -> Loss: 2103.9448
Epoch [ 189/1800] -> Loss: 2098.7089
Epoch [ 190/1800] -> Loss: 2093.5149
Epoch [ 191/1800] -> Loss: 2088.3851
Epoch [ 192/1800] -> Loss: 2083.2963
Epoch [ 193/1800] -> Loss: 2078.2063
Epoch [ 194/1800] -> Loss: 2073.2352
Epoch [ 195/1800] -> Loss: 2068.3464
Epoch [ 196/1800] -> Loss: 2063.4711
Epoch [ 197/1800] -> Loss: 2058.7230
Epoch [ 198/1800] -> Loss: 2053.8719
Epoch [ 199/1800] -> Loss: 2049.0516
--------------------------------------------------
Model checkpoint saved as FFNN_200.pth
--------------------------------------------------
Epoch [ 200/1800] -> Loss: 2042.3390
Epoch [ 201/1800] -> Loss: 2031.2218
Epoch [ 202/1800] -> Loss: 2020.5489
Epoch [ 203/1800] -> Loss: 2010.4841
Epoch [ 204/1800] -> Loss: 2002.8909
Epoch [ 205/1800] -> Loss: 1995.9421
Epoch [ 206/1800] -> Loss: 1990.3721
Epoch [ 207/1800] -> Loss: 1985.0298
Epoch [ 208/1800] -> Loss: 1979.7776
Epoch [ 209/1800] -> Loss: 1974.8361
Epoch [ 210/1800] -> Loss: 1969.7931
Epoch [ 211/1800] -> Loss: 1965.2727
Epoch [ 212/1800] -> Loss: 1961.0532
Epoch [ 213/1800] -> Loss: 1956.5330
Epoch [ 214/1800] -> Loss: 1952.1817
Epoch [ 215/1800] -> Loss: 1948.1711
Epoch [ 216/1800] -> Loss: 1944.2118
Epoch [ 217/1800] -> Loss: 1940.3777
Epoch [ 218/1800] -> Loss: 1936.6983
Epoch [ 219/1800] -> Loss: 1933.2133
Epoch [ 220/1800] -> Loss: 1929.8074
Epoch [ 221/1800] -> Loss: 1926.4269
Epoch [ 222/1800] -> Loss: 1922.9895
Epoch [ 223/1800] -> Loss: 1919.8262
Epoch [ 224/1800] -> Loss: 1916.7161
Epoch [ 225/1800] -> Loss: 1913.5674
Epoch [ 226/1800] -> Loss: 1910.2495
Epoch [ 227/1800] -> Loss: 1907.1599
Epoch [ 228/1800] -> Loss: 1904.2027
Epoch [ 229/1800] -> Loss: 1901.1969
Epoch [ 230/1800] -> Loss: 1898.0438
Epoch [ 231/1800] -> Loss: 1895.0722
Epoch [ 232/1800] -> Loss: 1892.2297
Epoch [ 233/1800] -> Loss: 1889.3559
Epoch [ 234/1800] -> Loss: 1886.4469
Epoch [ 235/1800] -> Loss: 1883.5377
Epoch [ 236/1800] -> Loss: 1880.6316
Epoch [ 237/1800] -> Loss: 1877.7854
Epoch [ 238/1800] -> Loss: 1874.8338
Epoch [ 239/1800] -> Loss: 1872.1823
Epoch [ 240/1800] -> Loss: 1869.5731
Epoch [ 241/1800] -> Loss: 1866.9151
Epoch [ 242/1800] -> Loss: 1864.4227
Epoch [ 243/1800] -> Loss: 1861.6727
Epoch [ 244/1800] -> Loss: 1858.9244
Epoch [ 245/1800] -> Loss: 1856.0509
Epoch [ 246/1800] -> Loss: 1853.5718
Epoch [ 247/1800] -> Loss: 1850.9744
Epoch [ 248/1800] -> Loss: 1848.5239
Epoch [ 249/1800] -> Loss: 1845.8480
Epoch [ 250/1800] -> Loss: 1843.1898
Epoch [ 251/1800] -> Loss: 1840.4413
Epoch [ 252/1800] -> Loss: 1837.5651
Epoch [ 253/1800] -> Loss: 1835.1761
Epoch [ 254/1800] -> Loss: 1832.6740
Epoch [ 255/1800] -> Loss: 1830.3352
Epoch [ 256/1800] -> Loss: 1827.9551
Epoch [ 257/1800] -> Loss: 1825.5429
Epoch [ 258/1800] -> Loss: 1823.2397
Epoch [ 259/1800] -> Loss: 1820.8625
Epoch [ 260/1800] -> Loss: 1818.6016
Epoch [ 261/1800] -> Loss: 1816.2753
Epoch [ 262/1800] -> Loss: 1814.2104
Epoch [ 263/1800] -> Loss: 1811.4511
Epoch [ 264/1800] -> Loss: 1808.6753
Epoch [ 265/1800] -> Loss: 1806.3127
Epoch [ 266/1800] -> Loss: 1803.9310
Epoch [ 267/1800] -> Loss: 1801.6636
Epoch [ 268/1800] -> Loss: 1799.0092
Epoch [ 269/1800] -> Loss: 1796.3513
Epoch [ 270/1800] -> Loss: 1793.5027
Epoch [ 271/1800] -> Loss: 1790.9938
Epoch [ 272/1800] -> Loss: 1789.0778
Epoch [ 273/1800] -> Loss: 1787.1264
Epoch [ 274/1800] -> Loss: 1784.9713
Epoch [ 275/1800] -> Loss: 1782.9453
Epoch [ 276/1800] -> Loss: 1780.8293
Epoch [ 277/1800] -> Loss: 1778.5670
Epoch [ 278/1800] -> Loss: 1776.5695
Epoch [ 279/1800] -> Loss: 1774.4804
Epoch [ 280/1800] -> Loss: 1772.6892
Epoch [ 281/1800] -> Loss: 1770.9730
Epoch [ 282/1800] -> Loss: 1768.8689
Epoch [ 283/1800] -> Loss: 1766.9803
Epoch [ 284/1800] -> Loss: 1765.0932
Epoch [ 285/1800] -> Loss: 1763.2473
Epoch [ 286/1800] -> Loss: 1761.4344
Epoch [ 287/1800] -> Loss: 1759.6159
Epoch [ 288/1800] -> Loss: 1757.7259
Epoch [ 289/1800] -> Loss: 1755.9475
Epoch [ 290/1800] -> Loss: 1754.2166
Epoch [ 291/1800] -> Loss: 1752.5032
Epoch [ 292/1800] -> Loss: 1750.7194
Epoch [ 293/1800] -> Loss: 1748.8542
Epoch [ 294/1800] -> Loss: 1747.2779
Epoch [ 295/1800] -> Loss: 1745.6689
Epoch [ 296/1800] -> Loss: 1744.1088
Epoch [ 297/1800] -> Loss: 1742.5232
Epoch [ 298/1800] -> Loss: 1740.9466
Epoch [ 299/1800] -> Loss: 1739.4449
Epoch [ 300/1800] -> Loss: 1737.8642
Epoch [ 301/1800] -> Loss: 1736.4389
Epoch [ 302/1800] -> Loss: 1735.0073
Epoch [ 303/1800] -> Loss: 1733.6463
Epoch [ 304/1800] -> Loss: 1732.2998
Epoch [ 305/1800] -> Loss: 1731.0213
Epoch [ 306/1800] -> Loss: 1729.7213
Epoch [ 307/1800] -> Loss: 1728.4572
Epoch [ 308/1800] -> Loss: 1727.1926
Epoch [ 309/1800] -> Loss: 1725.9762
Epoch [ 310/1800] -> Loss: 1724.8425
Epoch [ 311/1800] -> Loss: 1723.6510
Epoch [ 312/1800] -> Loss: 1722.5298
Epoch [ 313/1800] -> Loss: 1721.3735
Epoch [ 314/1800] -> Loss: 1720.3351
Epoch [ 315/1800] -> Loss: 1719.1982
Epoch [ 316/1800] -> Loss: 1718.0767
Epoch [ 317/1800] -> Loss: 1717.0616
Epoch [ 318/1800] -> Loss: 1716.0457
Epoch [ 319/1800] -> Loss: 1714.9777
Epoch [ 320/1800] -> Loss: 1714.0017
Epoch [ 321/1800] -> Loss: 1713.0002
Epoch [ 322/1800] -> Loss: 1712.0753
Epoch [ 323/1800] -> Loss: 1711.0647
Epoch [ 324/1800] -> Loss: 1710.0911
Epoch [ 325/1800] -> Loss: 1709.1275
Epoch [ 326/1800] -> Loss: 1708.1783
Epoch [ 327/1800] -> Loss: 1707.2304
Epoch [ 328/1800] -> Loss: 1706.3080
Epoch [ 329/1800] -> Loss: 1705.2958
Epoch [ 330/1800] -> Loss: 1704.3955
Epoch [ 331/1800] -> Loss: 1703.6061
Epoch [ 332/1800] -> Loss: 1702.5969
Epoch [ 333/1800] -> Loss: 1701.7549
Epoch [ 334/1800] -> Loss: 1701.0065
Epoch [ 335/1800] -> Loss: 1700.2063
Epoch [ 336/1800] -> Loss: 1699.4566
Epoch [ 337/1800] -> Loss: 1698.7473
Epoch [ 338/1800] -> Loss: 1697.8350
Epoch [ 339/1800] -> Loss: 1697.0874
Epoch [ 340/1800] -> Loss: 1696.3806
Epoch [ 341/1800] -> Loss: 1695.6642
Epoch [ 342/1800] -> Loss: 1694.9637
Epoch [ 343/1800] -> Loss: 1694.2786
Epoch [ 344/1800] -> Loss: 1693.6130
Epoch [ 345/1800] -> Loss: 1692.9160
Epoch [ 346/1800] -> Loss: 1692.2409
Epoch [ 347/1800] -> Loss: 1691.5765
Epoch [ 348/1800] -> Loss: 1690.9109
Epoch [ 349/1800] -> Loss: 1690.3719
Epoch [ 350/1800] -> Loss: 1689.7091
Epoch [ 351/1800] -> Loss: 1689.0845
Epoch [ 352/1800] -> Loss: 1688.1321
Epoch [ 353/1800] -> Loss: 1687.3742
Epoch [ 354/1800] -> Loss: 1686.7258
Epoch [ 355/1800] -> Loss: 1686.1109
Epoch [ 356/1800] -> Loss: 1685.5296
Epoch [ 357/1800] -> Loss: 1684.8609
Epoch [ 358/1800] -> Loss: 1684.2977
Epoch [ 359/1800] -> Loss: 1683.7214
Epoch [ 360/1800] -> Loss: 1683.1524
Epoch [ 361/1800] -> Loss: 1682.6103
Epoch [ 362/1800] -> Loss: 1682.0882
Epoch [ 363/1800] -> Loss: 1681.5389
Epoch [ 364/1800] -> Loss: 1681.0236
Epoch [ 365/1800] -> Loss: 1680.4999
Epoch [ 366/1800] -> Loss: 1680.0796
Epoch [ 367/1800] -> Loss: 1679.5672
Epoch [ 368/1800] -> Loss: 1678.9636
Epoch [ 369/1800] -> Loss: 1678.5562
Epoch [ 370/1800] -> Loss: 1678.0514
Epoch [ 371/1800] -> Loss: 1677.5397
Epoch [ 372/1800] -> Loss: 1677.0481
Epoch [ 373/1800] -> Loss: 1676.5643
Epoch [ 374/1800] -> Loss: 1675.9708
Epoch [ 375/1800] -> Loss: 1675.4838
Epoch [ 376/1800] -> Loss: 1675.0286
Epoch [ 377/1800] -> Loss: 1674.5424
Epoch [ 378/1800] -> Loss: 1674.0951
Epoch [ 379/1800] -> Loss: 1673.6466
Epoch [ 380/1800] -> Loss: 1673.2090
Epoch [ 381/1800] -> Loss: 1672.7769
Epoch [ 382/1800] -> Loss: 1672.3487
Epoch [ 383/1800] -> Loss: 1671.9292
Epoch [ 384/1800] -> Loss: 1671.5175
Epoch [ 385/1800] -> Loss: 1671.1100
Epoch [ 386/1800] -> Loss: 1670.7042
Epoch [ 387/1800] -> Loss: 1670.3051
Epoch [ 388/1800] -> Loss: 1669.9132
Epoch [ 389/1800] -> Loss: 1669.5188
Epoch [ 390/1800] -> Loss: 1669.1258
Epoch [ 391/1800] -> Loss: 1668.5576
Epoch [ 392/1800] -> Loss: 1668.0446
Epoch [ 393/1800] -> Loss: 1667.6047
Epoch [ 394/1800] -> Loss: 1667.3224
Epoch [ 395/1800] -> Loss: 1666.9641
Epoch [ 396/1800] -> Loss: 1666.6046
Epoch [ 397/1800] -> Loss: 1666.3219
Epoch [ 398/1800] -> Loss: 1666.0761
Epoch [ 399/1800] -> Loss: 1665.7239
--------------------------------------------------
Model checkpoint saved as FFNN_400.pth
--------------------------------------------------
Epoch [ 400/1800] -> Loss: 1665.0592
Epoch [ 401/1800] -> Loss: 1664.4502
Epoch [ 402/1800] -> Loss: 1664.2391
Epoch [ 403/1800] -> Loss: 1664.1288
Epoch [ 404/1800] -> Loss: 1663.8912
Epoch [ 405/1800] -> Loss: 1663.5566
Epoch [ 406/1800] -> Loss: 1663.2067
Epoch [ 407/1800] -> Loss: 1663.6227
Epoch [ 408/1800] -> Loss: 1663.1582
Epoch [ 409/1800] -> Loss: 1662.9555
Epoch [ 410/1800] -> Loss: 1662.6278
Epoch [ 411/1800] -> Loss: 1662.1803
Epoch [ 412/1800] -> Loss: 1661.9813
Epoch [ 413/1800] -> Loss: 1662.3315
Epoch [ 414/1800] -> Loss: 1662.1124
Epoch [ 415/1800] -> Loss: 1661.7984
Epoch [ 416/1800] -> Loss: 1661.4861
Epoch [ 417/1800] -> Loss: 1661.1657
Epoch [ 418/1800] -> Loss: 1660.3513
Epoch [ 419/1800] -> Loss: 1660.0326
Epoch [ 420/1800] -> Loss: 1659.6402
Epoch [ 421/1800] -> Loss: 1659.3108
Epoch [ 422/1800] -> Loss: 1660.2993
Epoch [ 423/1800] -> Loss: 1659.9310
Epoch [ 424/1800] -> Loss: 1659.6109
Epoch [ 425/1800] -> Loss: 1659.2080
Epoch [ 426/1800] -> Loss: 1658.6968
Epoch [ 427/1800] -> Loss: 1658.3136
Epoch [ 428/1800] -> Loss: 1657.9246
Epoch [ 429/1800] -> Loss: 1657.7126
Epoch [ 430/1800] -> Loss: 1657.5518
Epoch [ 431/1800] -> Loss: 1657.1703
Epoch [ 432/1800] -> Loss: 1656.8803
Epoch [ 433/1800] -> Loss: 1656.6018
Epoch [ 434/1800] -> Loss: 1657.0324
Epoch [ 435/1800] -> Loss: 1657.1897
Epoch [ 436/1800] -> Loss: 1656.9448
Epoch [ 437/1800] -> Loss: 1656.3165
Epoch [ 438/1800] -> Loss: 1656.0189
Epoch [ 439/1800] -> Loss: 1655.8733
Epoch [ 440/1800] -> Loss: 1655.6286
Epoch [ 441/1800] -> Loss: 1655.3885
Epoch [ 442/1800] -> Loss: 1655.1479
Epoch [ 443/1800] -> Loss: 1654.9153
Epoch [ 444/1800] -> Loss: 1654.6837
Epoch [ 445/1800] -> Loss: 1654.4433
Epoch [ 446/1800] -> Loss: 1654.0051
Epoch [ 447/1800] -> Loss: 1654.1443
Epoch [ 448/1800] -> Loss: 1654.1205
Epoch [ 449/1800] -> Loss: 1653.9073
Epoch [ 450/1800] -> Loss: 1653.6970
Epoch [ 451/1800] -> Loss: 1653.4912
Epoch [ 452/1800] -> Loss: 1653.2815
Epoch [ 453/1800] -> Loss: 1653.0732
Epoch [ 454/1800] -> Loss: 1652.8656
Epoch [ 455/1800] -> Loss: 1652.6654
Epoch [ 456/1800] -> Loss: 1652.4511
Epoch [ 457/1800] -> Loss: 1652.2462
Epoch [ 458/1800] -> Loss: 1652.0379
Epoch [ 459/1800] -> Loss: 1651.8244
Epoch [ 460/1800] -> Loss: 1651.6253
Epoch [ 461/1800] -> Loss: 1651.4279
Epoch [ 462/1800] -> Loss: 1651.2307
Epoch [ 463/1800] -> Loss: 1651.0344
Epoch [ 464/1800] -> Loss: 1650.8427
Epoch [ 465/1800] -> Loss: 1650.6862
Epoch [ 466/1800] -> Loss: 1650.6923
Epoch [ 467/1800] -> Loss: 1650.8561
Epoch [ 468/1800] -> Loss: 1650.1321
Epoch [ 469/1800] -> Loss: 1650.1468
Epoch [ 470/1800] -> Loss: 1650.4613
Epoch [ 471/1800] -> Loss: 1650.0972
Epoch [ 472/1800] -> Loss: 1649.5757
Epoch [ 473/1800] -> Loss: 1649.8519
Epoch [ 474/1800] -> Loss: 1649.2766
Epoch [ 475/1800] -> Loss: 1649.5019
Epoch [ 476/1800] -> Loss: 1648.9339
Epoch [ 477/1800] -> Loss: 1649.3115
Epoch [ 478/1800] -> Loss: 1649.1487
Epoch [ 479/1800] -> Loss: 1648.8386
Epoch [ 480/1800] -> Loss: 1648.2682
Epoch [ 481/1800] -> Loss: 1648.6544
Epoch [ 482/1800] -> Loss: 1648.4992
Epoch [ 483/1800] -> Loss: 1648.3392
Epoch [ 484/1800] -> Loss: 1648.1811
Epoch [ 485/1800] -> Loss: 1648.0224
Epoch [ 486/1800] -> Loss: 1647.8714
Epoch [ 487/1800] -> Loss: 1647.7125
Epoch [ 488/1800] -> Loss: 1647.5676
Epoch [ 489/1800] -> Loss: 1647.4096
Epoch [ 490/1800] -> Loss: 1647.2523
Epoch [ 491/1800] -> Loss: 1647.0947
Epoch [ 492/1800] -> Loss: 1646.9393
Epoch [ 493/1800] -> Loss: 1646.7944
Epoch [ 494/1800] -> Loss: 1646.6369
Epoch [ 495/1800] -> Loss: 1646.4732
Epoch [ 496/1800] -> Loss: 1646.3199
Epoch [ 497/1800] -> Loss: 1646.1666
Epoch [ 498/1800] -> Loss: 1646.0160
Epoch [ 499/1800] -> Loss: 1645.8665
Epoch [ 500/1800] -> Loss: 1645.6147
Epoch [ 501/1800] -> Loss: 1645.4771
Epoch [ 502/1800] -> Loss: 1645.3303
Epoch [ 503/1800] -> Loss: 1645.1862
Epoch [ 504/1800] -> Loss: 1645.0428
Epoch [ 505/1800] -> Loss: 1644.5045
Epoch [ 506/1800] -> Loss: 1644.6835
Epoch [ 507/1800] -> Loss: 1644.1743
Epoch [ 508/1800] -> Loss: 1644.4334
Epoch [ 509/1800] -> Loss: 1643.9512
Epoch [ 510/1800] -> Loss: 1644.1060
Epoch [ 511/1800] -> Loss: 1643.6265
Epoch [ 512/1800] -> Loss: 1643.4931
Epoch [ 513/1800] -> Loss: 1643.2842
Epoch [ 514/1800] -> Loss: 1643.1695
Epoch [ 515/1800] -> Loss: 1643.5045
Epoch [ 516/1800] -> Loss: 1642.8643
Epoch [ 517/1800] -> Loss: 1643.1639
Epoch [ 518/1800] -> Loss: 1642.6189
Epoch [ 519/1800] -> Loss: 1642.4458
Epoch [ 520/1800] -> Loss: 1642.6944
Epoch [ 521/1800] -> Loss: 1642.6062
Epoch [ 522/1800] -> Loss: 1642.0679
Epoch [ 523/1800] -> Loss: 1642.2960
Epoch [ 524/1800] -> Loss: 1642.1428
Epoch [ 525/1800] -> Loss: 1641.7072
Epoch [ 526/1800] -> Loss: 1641.8893
Epoch [ 527/1800] -> Loss: 1641.7797
Epoch [ 528/1800] -> Loss: 1641.7102
Epoch [ 529/1800] -> Loss: 1641.5083
Epoch [ 530/1800] -> Loss: 1640.9343
Epoch [ 531/1800] -> Loss: 1641.3266
Epoch [ 532/1800] -> Loss: 1641.1835
Epoch [ 533/1800] -> Loss: 1640.6068
Epoch [ 534/1800] -> Loss: 1640.8871
Epoch [ 535/1800] -> Loss: 1640.3756
Epoch [ 536/1800] -> Loss: 1640.6270
Epoch [ 537/1800] -> Loss: 1640.1165
Epoch [ 538/1800] -> Loss: 1640.0004
Epoch [ 539/1800] -> Loss: 1640.0957
Epoch [ 540/1800] -> Loss: 1639.4207
Epoch [ 541/1800] -> Loss: 1639.2858
Epoch [ 542/1800] -> Loss: 1639.1879
Epoch [ 543/1800] -> Loss: 1639.0738
Epoch [ 544/1800] -> Loss: 1638.9572
Epoch [ 545/1800] -> Loss: 1638.8436
Epoch [ 546/1800] -> Loss: 1638.8999
Epoch [ 547/1800] -> Loss: 1639.4028
Epoch [ 548/1800] -> Loss: 1638.5290
Epoch [ 549/1800] -> Loss: 1638.4109
Epoch [ 550/1800] -> Loss: 1638.4630
Epoch [ 551/1800] -> Loss: 1638.9532
Epoch [ 552/1800] -> Loss: 1638.0612
Epoch [ 553/1800] -> Loss: 1637.9440
Epoch [ 554/1800] -> Loss: 1638.0262
Epoch [ 555/1800] -> Loss: 1638.5153
Epoch [ 556/1800] -> Loss: 1637.6324
Epoch [ 557/1800] -> Loss: 1637.7128
Epoch [ 558/1800] -> Loss: 1638.2038
Epoch [ 559/1800] -> Loss: 1637.2937
Epoch [ 560/1800] -> Loss: 1637.3649
Epoch [ 561/1800] -> Loss: 1637.8593
Epoch [ 562/1800] -> Loss: 1636.9775
Epoch [ 563/1800] -> Loss: 1637.0484
Epoch [ 564/1800] -> Loss: 1637.5372
Epoch [ 565/1800] -> Loss: 1636.6550
Epoch [ 566/1800] -> Loss: 1636.7335
Epoch [ 567/1800] -> Loss: 1637.2369
Epoch [ 568/1800] -> Loss: 1636.3537
Epoch [ 569/1800] -> Loss: 1636.4311
Epoch [ 570/1800] -> Loss: 1636.9262
Epoch [ 571/1800] -> Loss: 1636.0541
Epoch [ 572/1800] -> Loss: 1636.1610
Epoch [ 573/1800] -> Loss: 1636.6583
Epoch [ 574/1800] -> Loss: 1635.7790
Epoch [ 575/1800] -> Loss: 1635.6829
Epoch [ 576/1800] -> Loss: 1635.7688
Epoch [ 577/1800] -> Loss: 1636.2422
Epoch [ 578/1800] -> Loss: 1635.3779
Epoch [ 579/1800] -> Loss: 1635.4656
Epoch [ 580/1800] -> Loss: 1635.9675
Epoch [ 581/1800] -> Loss: 1635.0826
Epoch [ 582/1800] -> Loss: 1634.9869
Epoch [ 583/1800] -> Loss: 1635.0772
Epoch [ 584/1800] -> Loss: 1635.5769
Epoch [ 585/1800] -> Loss: 1634.6977
Epoch [ 586/1800] -> Loss: 1634.7855
Epoch [ 587/1800] -> Loss: 1635.4033
Epoch [ 588/1800] -> Loss: 1634.4945
Epoch [ 589/1800] -> Loss: 1634.3796
Epoch [ 590/1800] -> Loss: 1634.5368
Epoch [ 591/1800] -> Loss: 1635.0490
Epoch [ 592/1800] -> Loss: 1634.1299
Epoch [ 593/1800] -> Loss: 1633.9896
Epoch [ 594/1800] -> Loss: 1633.9972
Epoch [ 595/1800] -> Loss: 1634.4691
Epoch [ 596/1800] -> Loss: 1633.5935
Epoch [ 597/1800] -> Loss: 1633.3962
Epoch [ 598/1800] -> Loss: 1633.3912
Epoch [ 599/1800] -> Loss: 1633.7657
--------------------------------------------------
Model checkpoint saved as FFNN_600.pth
--------------------------------------------------
Epoch [ 600/1800] -> Loss: 1632.9532
Epoch [ 601/1800] -> Loss: 1632.4454
Epoch [ 602/1800] -> Loss: 1632.2354
Epoch [ 603/1800] -> Loss: 1631.3690
Epoch [ 604/1800] -> Loss: 1631.9011
Epoch [ 605/1800] -> Loss: 1631.7184
Epoch [ 606/1800] -> Loss: 1631.3012
Epoch [ 607/1800] -> Loss: 1630.7484
Epoch [ 608/1800] -> Loss: 1631.2353
Epoch [ 609/1800] -> Loss: 1631.4974
Epoch [ 610/1800] -> Loss: 1630.8028
Epoch [ 611/1800] -> Loss: 1630.4606
Epoch [ 612/1800] -> Loss: 1630.4051
Epoch [ 613/1800] -> Loss: 1630.4331
Epoch [ 614/1800] -> Loss: 1631.4108
Epoch [ 615/1800] -> Loss: 1631.1067
Epoch [ 616/1800] -> Loss: 1630.7394
Epoch [ 617/1800] -> Loss: 1629.8841
Epoch [ 618/1800] -> Loss: 1629.8805
Epoch [ 619/1800] -> Loss: 1630.2700
Epoch [ 620/1800] -> Loss: 1628.6151
Epoch [ 621/1800] -> Loss: 1630.0815
Epoch [ 622/1800] -> Loss: 1629.4724
Epoch [ 623/1800] -> Loss: 1629.2635
Epoch [ 624/1800] -> Loss: 1629.2445
Epoch [ 625/1800] -> Loss: 1629.0673
Epoch [ 626/1800] -> Loss: 1627.7956
Epoch [ 627/1800] -> Loss: 1627.3475
Epoch [ 628/1800] -> Loss: 1628.6962
Epoch [ 629/1800] -> Loss: 1629.4048
Epoch [ 630/1800] -> Loss: 1626.9180
Epoch [ 631/1800] -> Loss: 1628.3452
Epoch [ 632/1800] -> Loss: 1629.0005
Epoch [ 633/1800] -> Loss: 1626.5490
Epoch [ 634/1800] -> Loss: 1627.9817
Epoch [ 635/1800] -> Loss: 1628.6115
Epoch [ 636/1800] -> Loss: 1626.1717
Epoch [ 637/1800] -> Loss: 1625.9100
Epoch [ 638/1800] -> Loss: 1627.6436
Epoch [ 639/1800] -> Loss: 1627.3988
Epoch [ 640/1800] -> Loss: 1627.5678
Epoch [ 641/1800] -> Loss: 1625.4312
Epoch [ 642/1800] -> Loss: 1627.1367
Epoch [ 643/1800] -> Loss: 1627.2556
Epoch [ 644/1800] -> Loss: 1624.8907
Epoch [ 645/1800] -> Loss: 1624.6067
Epoch [ 646/1800] -> Loss: 1624.9256
Epoch [ 647/1800] -> Loss: 1623.9416
Epoch [ 648/1800] -> Loss: 1623.8023
Epoch [ 649/1800] -> Loss: 1624.0867
Epoch [ 650/1800] -> Loss: 1624.3412
Epoch [ 651/1800] -> Loss: 1623.7884
Epoch [ 652/1800] -> Loss: 1623.6236
Epoch [ 653/1800] -> Loss: 1623.3999
Epoch [ 654/1800] -> Loss: 1623.2013
Epoch [ 655/1800] -> Loss: 1623.4149
Epoch [ 656/1800] -> Loss: 1623.6146
Epoch [ 657/1800] -> Loss: 1622.8888
Epoch [ 658/1800] -> Loss: 1622.6614
Epoch [ 659/1800] -> Loss: 1622.6840
Epoch [ 660/1800] -> Loss: 1622.4950
Epoch [ 661/1800] -> Loss: 1622.5095
Epoch [ 662/1800] -> Loss: 1622.5050
Epoch [ 663/1800] -> Loss: 1622.3176
Epoch [ 664/1800] -> Loss: 1622.3295
Epoch [ 665/1800] -> Loss: 1622.1253
Epoch [ 666/1800] -> Loss: 1622.1511
Epoch [ 667/1800] -> Loss: 1621.9305
Epoch [ 668/1800] -> Loss: 1621.9756
Epoch [ 669/1800] -> Loss: 1621.9094
Epoch [ 670/1800] -> Loss: 1621.9448
Epoch [ 671/1800] -> Loss: 1622.3423
Epoch [ 672/1800] -> Loss: 1621.6732
Epoch [ 673/1800] -> Loss: 1621.5554
Epoch [ 674/1800] -> Loss: 1622.2783
Epoch [ 675/1800] -> Loss: 1621.3397
Epoch [ 676/1800] -> Loss: 1620.9707
Epoch [ 677/1800] -> Loss: 1620.6574
Epoch [ 678/1800] -> Loss: 1620.5321
Epoch [ 679/1800] -> Loss: 1620.4974
Epoch [ 680/1800] -> Loss: 1620.3890
Epoch [ 681/1800] -> Loss: 1620.2753
Epoch [ 682/1800] -> Loss: 1620.1616
Epoch [ 683/1800] -> Loss: 1620.0488
Epoch [ 684/1800] -> Loss: 1619.7913
Epoch [ 685/1800] -> Loss: 1619.6028
Epoch [ 686/1800] -> Loss: 1619.4722
Epoch [ 687/1800] -> Loss: 1619.3875
Epoch [ 688/1800] -> Loss: 1619.3625
Epoch [ 689/1800] -> Loss: 1619.1937
Epoch [ 690/1800] -> Loss: 1619.1382
Epoch [ 691/1800] -> Loss: 1618.8054
Epoch [ 692/1800] -> Loss: 1618.7397
Epoch [ 693/1800] -> Loss: 1618.4972
Epoch [ 694/1800] -> Loss: 1618.5108
Epoch [ 695/1800] -> Loss: 1618.2809
Epoch [ 696/1800] -> Loss: 1618.1384
Epoch [ 697/1800] -> Loss: 1617.9533
Epoch [ 698/1800] -> Loss: 1617.8409
Epoch [ 699/1800] -> Loss: 1617.7448
Epoch [ 700/1800] -> Loss: 1617.5394
Epoch [ 701/1800] -> Loss: 1617.4744
Epoch [ 702/1800] -> Loss: 1617.3270
Epoch [ 703/1800] -> Loss: 1617.1221
Epoch [ 704/1800] -> Loss: 1617.0794
Epoch [ 705/1800] -> Loss: 1616.9477
Epoch [ 706/1800] -> Loss: 1616.8550
Epoch [ 707/1800] -> Loss: 1616.7251
Epoch [ 708/1800] -> Loss: 1616.5689
Epoch [ 709/1800] -> Loss: 1616.3627
Epoch [ 710/1800] -> Loss: 1616.1508
Epoch [ 711/1800] -> Loss: 1616.0322
Epoch [ 712/1800] -> Loss: 1615.8878
Epoch [ 713/1800] -> Loss: 1615.7429
Epoch [ 714/1800] -> Loss: 1615.6114
Epoch [ 715/1800] -> Loss: 1615.4652
Epoch [ 716/1800] -> Loss: 1615.3463
Epoch [ 717/1800] -> Loss: 1615.2406
Epoch [ 718/1800] -> Loss: 1615.1211
Epoch [ 719/1800] -> Loss: 1615.0012
Epoch [ 720/1800] -> Loss: 1614.8279
Epoch [ 721/1800] -> Loss: 1614.6992
Epoch [ 722/1800] -> Loss: 1614.5733
Epoch [ 723/1800] -> Loss: 1614.2428
Epoch [ 724/1800] -> Loss: 1614.0988
Epoch [ 725/1800] -> Loss: 1613.7391
Epoch [ 726/1800] -> Loss: 1613.5737
Epoch [ 727/1800] -> Loss: 1613.4474
Epoch [ 728/1800] -> Loss: 1613.2566
Epoch [ 729/1800] -> Loss: 1613.0615
Epoch [ 730/1800] -> Loss: 1612.9960
Epoch [ 731/1800] -> Loss: 1612.8666
Epoch [ 732/1800] -> Loss: 1612.7704
Epoch [ 733/1800] -> Loss: 1612.6451
Epoch [ 734/1800] -> Loss: 1612.5392
Epoch [ 735/1800] -> Loss: 1612.1935
Epoch [ 736/1800] -> Loss: 1612.2909
Epoch [ 737/1800] -> Loss: 1612.2960
Epoch [ 738/1800] -> Loss: 1612.0228
Epoch [ 739/1800] -> Loss: 1611.7921
Epoch [ 740/1800] -> Loss: 1611.6484
Epoch [ 741/1800] -> Loss: 1611.4660
Epoch [ 742/1800] -> Loss: 1611.5644
Epoch [ 743/1800] -> Loss: 1611.4391
Epoch [ 744/1800] -> Loss: 1611.3281
Epoch [ 745/1800] -> Loss: 1611.2204
Epoch [ 746/1800] -> Loss: 1611.1183
Epoch [ 747/1800] -> Loss: 1610.8158
Epoch [ 748/1800] -> Loss: 1610.5966
Epoch [ 749/1800] -> Loss: 1610.3461
Epoch [ 750/1800] -> Loss: 1610.1196
Epoch [ 751/1800] -> Loss: 1609.9840
Epoch [ 752/1800] -> Loss: 1609.8446
Epoch [ 753/1800] -> Loss: 1609.7950
Epoch [ 754/1800] -> Loss: 1609.6033
Epoch [ 755/1800] -> Loss: 1609.4710
Epoch [ 756/1800] -> Loss: 1609.3280
Epoch [ 757/1800] -> Loss: 1609.0499
Epoch [ 758/1800] -> Loss: 1611.1593
Epoch [ 759/1800] -> Loss: 1609.2696
Epoch [ 760/1800] -> Loss: 1609.0638
Epoch [ 761/1800] -> Loss: 1608.8638
Epoch [ 762/1800] -> Loss: 1608.6971
Epoch [ 763/1800] -> Loss: 1608.5008
Epoch [ 764/1800] -> Loss: 1608.2525
Epoch [ 765/1800] -> Loss: 1608.1010
Epoch [ 766/1800] -> Loss: 1607.9728
Epoch [ 767/1800] -> Loss: 1607.8911
Epoch [ 768/1800] -> Loss: 1609.4097
Epoch [ 769/1800] -> Loss: 1606.9387
Epoch [ 770/1800] -> Loss: 1606.8599
Epoch [ 771/1800] -> Loss: 1606.6189
Epoch [ 772/1800] -> Loss: 1606.6450
Epoch [ 773/1800] -> Loss: 1606.8127
Epoch [ 774/1800] -> Loss: 1606.1161
Epoch [ 775/1800] -> Loss: 1606.1175
Epoch [ 776/1800] -> Loss: 1606.3669
Epoch [ 777/1800] -> Loss: 1605.5350
Epoch [ 778/1800] -> Loss: 1606.0271
Epoch [ 779/1800] -> Loss: 1605.4676
Epoch [ 780/1800] -> Loss: 1605.6925
Epoch [ 781/1800] -> Loss: 1605.0030
Epoch [ 782/1800] -> Loss: 1605.1704
Epoch [ 783/1800] -> Loss: 1604.4854
Epoch [ 784/1800] -> Loss: 1604.7424
Epoch [ 785/1800] -> Loss: 1604.0777
Epoch [ 786/1800] -> Loss: 1604.3066
Epoch [ 787/1800] -> Loss: 1603.7166
Epoch [ 788/1800] -> Loss: 1604.0366
Epoch [ 789/1800] -> Loss: 1603.5397
Epoch [ 790/1800] -> Loss: 1603.9203
Epoch [ 791/1800] -> Loss: 1605.7135
Epoch [ 792/1800] -> Loss: 1603.6916
Epoch [ 793/1800] -> Loss: 1605.5655
Epoch [ 794/1800] -> Loss: 1603.4983
Epoch [ 795/1800] -> Loss: 1603.2527
Epoch [ 796/1800] -> Loss: 1602.4416
Epoch [ 797/1800] -> Loss: 1604.8844
Epoch [ 798/1800] -> Loss: 1602.5515
Epoch [ 799/1800] -> Loss: 1603.9699
--------------------------------------------------
Model checkpoint saved as FFNN_800.pth
--------------------------------------------------
Epoch [ 800/1800] -> Loss: 1603.7249
Epoch [ 801/1800] -> Loss: 1603.4399
Epoch [ 802/1800] -> Loss: 1602.8447
Epoch [ 803/1800] -> Loss: 1602.2744
Epoch [ 804/1800] -> Loss: 1601.8809
Epoch [ 805/1800] -> Loss: 1601.5669
Epoch [ 806/1800] -> Loss: 1601.3566
Epoch [ 807/1800] -> Loss: 1599.1949
Epoch [ 808/1800] -> Loss: 1600.8730
Epoch [ 809/1800] -> Loss: 1600.0494
Epoch [ 810/1800] -> Loss: 1599.7034
Epoch [ 811/1800] -> Loss: 1599.1011
Epoch [ 812/1800] -> Loss: 1598.6184
Epoch [ 813/1800] -> Loss: 1598.0576
Epoch [ 814/1800] -> Loss: 1597.6286
Epoch [ 815/1800] -> Loss: 1596.9530
Epoch [ 816/1800] -> Loss: 1596.7861
Epoch [ 817/1800] -> Loss: 1596.3116
Epoch [ 818/1800] -> Loss: 1595.7042
Epoch [ 819/1800] -> Loss: 1594.7564
Epoch [ 820/1800] -> Loss: 1594.4671
Epoch [ 821/1800] -> Loss: 1593.8923
Epoch [ 822/1800] -> Loss: 1592.7206
Epoch [ 823/1800] -> Loss: 1592.0458
Epoch [ 824/1800] -> Loss: 1590.9584
Epoch [ 825/1800] -> Loss: 1590.3979
Epoch [ 826/1800] -> Loss: 1589.8033
Epoch [ 827/1800] -> Loss: 1589.0174
Epoch [ 828/1800] -> Loss: 1588.1221
Epoch [ 829/1800] -> Loss: 1587.4048
Epoch [ 830/1800] -> Loss: 1586.7522
Epoch [ 831/1800] -> Loss: 1586.1521
Epoch [ 832/1800] -> Loss: 1585.5585
Epoch [ 833/1800] -> Loss: 1584.9432
Epoch [ 834/1800] -> Loss: 1584.5529
Epoch [ 835/1800] -> Loss: 1584.2934
Epoch [ 836/1800] -> Loss: 1584.1149
Epoch [ 837/1800] -> Loss: 1583.7880
Epoch [ 838/1800] -> Loss: 1583.4906
Epoch [ 839/1800] -> Loss: 1583.1647
Epoch [ 840/1800] -> Loss: 1582.8706
Epoch [ 841/1800] -> Loss: 1582.6936
Epoch [ 842/1800] -> Loss: 1581.9934
Epoch [ 843/1800] -> Loss: 1582.4867
Epoch [ 844/1800] -> Loss: 1581.7686
Epoch [ 845/1800] -> Loss: 1579.5221
Epoch [ 846/1800] -> Loss: 1581.2487
Epoch [ 847/1800] -> Loss: 1579.0169
Epoch [ 848/1800] -> Loss: 1580.6428
Epoch [ 849/1800] -> Loss: 1580.2331
Epoch [ 850/1800] -> Loss: 1577.9676
Epoch [ 851/1800] -> Loss: 1579.7742
Epoch [ 852/1800] -> Loss: 1577.6513
Epoch [ 853/1800] -> Loss: 1578.0072
Epoch [ 854/1800] -> Loss: 1579.2750
Epoch [ 855/1800] -> Loss: 1577.1098
Epoch [ 856/1800] -> Loss: 1577.0012
Epoch [ 857/1800] -> Loss: 1579.1679
Epoch [ 858/1800] -> Loss: 1576.6573
Epoch [ 859/1800] -> Loss: 1576.7459
Epoch [ 860/1800] -> Loss: 1576.6031
Epoch [ 861/1800] -> Loss: 1578.1229
Epoch [ 862/1800] -> Loss: 1575.7263
Epoch [ 863/1800] -> Loss: 1575.5832
Epoch [ 864/1800] -> Loss: 1575.3953
Epoch [ 865/1800] -> Loss: 1576.7895
Epoch [ 866/1800] -> Loss: 1575.1699
Epoch [ 867/1800] -> Loss: 1575.0878
Epoch [ 868/1800] -> Loss: 1574.0979
Epoch [ 869/1800] -> Loss: 1574.4720
Epoch [ 870/1800] -> Loss: 1573.9718
Epoch [ 871/1800] -> Loss: 1573.4230
Epoch [ 872/1800] -> Loss: 1573.8190
Epoch [ 873/1800] -> Loss: 1573.1590
Epoch [ 874/1800] -> Loss: 1572.8077
Epoch [ 875/1800] -> Loss: 1572.7509
Epoch [ 876/1800] -> Loss: 1572.4230
Epoch [ 877/1800] -> Loss: 1572.1512
Epoch [ 878/1800] -> Loss: 1572.0275
Epoch [ 879/1800] -> Loss: 1571.3241
Epoch [ 880/1800] -> Loss: 1571.2447
Epoch [ 881/1800] -> Loss: 1571.3318
Epoch [ 882/1800] -> Loss: 1572.0219
Epoch [ 883/1800] -> Loss: 1570.1678
Epoch [ 884/1800] -> Loss: 1569.6549
Epoch [ 885/1800] -> Loss: 1569.0370
Epoch [ 886/1800] -> Loss: 1568.6067
Epoch [ 887/1800] -> Loss: 1567.8672
Epoch [ 888/1800] -> Loss: 1567.3132
Epoch [ 889/1800] -> Loss: 1566.6850
Epoch [ 890/1800] -> Loss: 1566.2894
Epoch [ 891/1800] -> Loss: 1565.7966
Epoch [ 892/1800] -> Loss: 1565.4481
Epoch [ 893/1800] -> Loss: 1565.2818
Epoch [ 894/1800] -> Loss: 1564.8114
Epoch [ 895/1800] -> Loss: 1564.3972
Epoch [ 896/1800] -> Loss: 1564.1096
Epoch [ 897/1800] -> Loss: 1564.0521
Epoch [ 898/1800] -> Loss: 1563.9179
Epoch [ 899/1800] -> Loss: 1563.6120
Epoch [ 900/1800] -> Loss: 1563.5908
Epoch [ 901/1800] -> Loss: 1562.8087
Epoch [ 902/1800] -> Loss: 1562.6312
Epoch [ 903/1800] -> Loss: 1562.1697
Epoch [ 904/1800] -> Loss: 1561.6369
Epoch [ 905/1800] -> Loss: 1561.5797
Epoch [ 906/1800] -> Loss: 1560.8684
Epoch [ 907/1800] -> Loss: 1560.2963
Epoch [ 908/1800] -> Loss: 1560.0331
Epoch [ 909/1800] -> Loss: 1559.7450
Epoch [ 910/1800] -> Loss: 1559.1319
Epoch [ 911/1800] -> Loss: 1558.6814
Epoch [ 912/1800] -> Loss: 1558.0646
Epoch [ 913/1800] -> Loss: 1557.7695
Epoch [ 914/1800] -> Loss: 1558.2384
Epoch [ 915/1800] -> Loss: 1557.9299
Epoch [ 916/1800] -> Loss: 1556.6139
Epoch [ 917/1800] -> Loss: 1555.9839
Epoch [ 918/1800] -> Loss: 1555.2286
Epoch [ 919/1800] -> Loss: 1554.5791
Epoch [ 920/1800] -> Loss: 1553.9957
Epoch [ 921/1800] -> Loss: 1554.1608
Epoch [ 922/1800] -> Loss: 1553.4959
Epoch [ 923/1800] -> Loss: 1553.3657
Epoch [ 924/1800] -> Loss: 1553.0259
Epoch [ 925/1800] -> Loss: 1553.0848
Epoch [ 926/1800] -> Loss: 1552.6652
Epoch [ 927/1800] -> Loss: 1551.2281
Epoch [ 928/1800] -> Loss: 1551.1604
Epoch [ 929/1800] -> Loss: 1550.9257
Epoch [ 930/1800] -> Loss: 1550.5866
Epoch [ 931/1800] -> Loss: 1550.5183
Epoch [ 932/1800] -> Loss: 1550.4979
Epoch [ 933/1800] -> Loss: 1550.1801
Epoch [ 934/1800] -> Loss: 1549.7658
Epoch [ 935/1800] -> Loss: 1549.4578
Epoch [ 936/1800] -> Loss: 1549.2703
Epoch [ 937/1800] -> Loss: 1549.0560
Epoch [ 938/1800] -> Loss: 1548.8349
Epoch [ 939/1800] -> Loss: 1548.6198
Epoch [ 940/1800] -> Loss: 1548.3915
Epoch [ 941/1800] -> Loss: 1548.1425
Epoch [ 942/1800] -> Loss: 1547.8945
Epoch [ 943/1800] -> Loss: 1547.7456
Epoch [ 944/1800] -> Loss: 1547.4682
Epoch [ 945/1800] -> Loss: 1547.0938
Epoch [ 946/1800] -> Loss: 1546.9380
Epoch [ 947/1800] -> Loss: 1546.7064
Epoch [ 948/1800] -> Loss: 1546.2900
Epoch [ 949/1800] -> Loss: 1546.0943
Epoch [ 950/1800] -> Loss: 1545.8345
Epoch [ 951/1800] -> Loss: 1545.4544
Epoch [ 952/1800] -> Loss: 1545.2156
Epoch [ 953/1800] -> Loss: 1545.0398
Epoch [ 954/1800] -> Loss: 1544.3045
Epoch [ 955/1800] -> Loss: 1544.1636
Epoch [ 956/1800] -> Loss: 1543.9500
Epoch [ 957/1800] -> Loss: 1543.7048
Epoch [ 958/1800] -> Loss: 1543.4375
Epoch [ 959/1800] -> Loss: 1543.1798
Epoch [ 960/1800] -> Loss: 1542.9948
Epoch [ 961/1800] -> Loss: 1542.5860
Epoch [ 962/1800] -> Loss: 1542.2568
Epoch [ 963/1800] -> Loss: 1541.7246
Epoch [ 964/1800] -> Loss: 1541.3452
Epoch [ 965/1800] -> Loss: 1541.0091
Epoch [ 966/1800] -> Loss: 1540.6537
Epoch [ 967/1800] -> Loss: 1540.1674
Epoch [ 968/1800] -> Loss: 1539.6838
Epoch [ 969/1800] -> Loss: 1538.9885
Epoch [ 970/1800] -> Loss: 1538.9247
Epoch [ 971/1800] -> Loss: 1538.8763
Epoch [ 972/1800] -> Loss: 1538.4583
Epoch [ 973/1800] -> Loss: 1538.0781
Epoch [ 974/1800] -> Loss: 1537.9355
Epoch [ 975/1800] -> Loss: 1537.6289
Epoch [ 976/1800] -> Loss: 1537.2314
Epoch [ 977/1800] -> Loss: 1536.6522
Epoch [ 978/1800] -> Loss: 1536.2647
Epoch [ 979/1800] -> Loss: 1536.0215
Epoch [ 980/1800] -> Loss: 1535.5763
Epoch [ 981/1800] -> Loss: 1535.8197
Epoch [ 982/1800] -> Loss: 1535.1879
Epoch [ 983/1800] -> Loss: 1536.2149
Epoch [ 984/1800] -> Loss: 1534.6634
Epoch [ 985/1800] -> Loss: 1534.9885
Epoch [ 986/1800] -> Loss: 1534.6432
Epoch [ 987/1800] -> Loss: 1534.2830
Epoch [ 988/1800] -> Loss: 1533.8020
Epoch [ 989/1800] -> Loss: 1533.4894
Epoch [ 990/1800] -> Loss: 1533.1924
Epoch [ 991/1800] -> Loss: 1532.7663
Epoch [ 992/1800] -> Loss: 1532.6252
Epoch [ 993/1800] -> Loss: 1532.3930
Epoch [ 994/1800] -> Loss: 1532.0722
Epoch [ 995/1800] -> Loss: 1531.8204
Epoch [ 996/1800] -> Loss: 1532.4742
Epoch [ 997/1800] -> Loss: 1530.4929
Epoch [ 998/1800] -> Loss: 1531.5091
Epoch [ 999/1800] -> Loss: 1530.8767
--------------------------------------------------
Model checkpoint saved as FFNN_1000.pth
--------------------------------------------------
Epoch [1000/1800] -> Loss: 1529.5087
Epoch [1001/1800] -> Loss: 1530.0922
Epoch [1002/1800] -> Loss: 1529.7447
Epoch [1003/1800] -> Loss: 1529.3923
Epoch [1004/1800] -> Loss: 1528.6947
Epoch [1005/1800] -> Loss: 1527.9053
Epoch [1006/1800] -> Loss: 1528.2579
Epoch [1007/1800] -> Loss: 1527.3194
Epoch [1008/1800] -> Loss: 1526.4305
Epoch [1009/1800] -> Loss: 1526.5175
Epoch [1010/1800] -> Loss: 1525.4790
Epoch [1011/1800] -> Loss: 1524.6529
Epoch [1012/1800] -> Loss: 1524.9757
Epoch [1013/1800] -> Loss: 1523.7862
Epoch [1014/1800] -> Loss: 1524.1581
Epoch [1015/1800] -> Loss: 1523.1397
Epoch [1016/1800] -> Loss: 1523.6736
Epoch [1017/1800] -> Loss: 1524.0454
Epoch [1018/1800] -> Loss: 1522.2338
Epoch [1019/1800] -> Loss: 1521.8890
Epoch [1020/1800] -> Loss: 1520.7596
Epoch [1021/1800] -> Loss: 1523.2313
Epoch [1022/1800] -> Loss: 1519.9362
Epoch [1023/1800] -> Loss: 1519.9161
Epoch [1024/1800] -> Loss: 1520.8043
Epoch [1025/1800] -> Loss: 1518.7022
Epoch [1026/1800] -> Loss: 1519.6547
Epoch [1027/1800] -> Loss: 1518.2514
Epoch [1028/1800] -> Loss: 1518.8350
Epoch [1029/1800] -> Loss: 1518.0577
Epoch [1030/1800] -> Loss: 1516.7563
Epoch [1031/1800] -> Loss: 1517.1691
Epoch [1032/1800] -> Loss: 1516.5294
Epoch [1033/1800] -> Loss: 1515.4718
Epoch [1034/1800] -> Loss: 1515.7597
Epoch [1035/1800] -> Loss: 1514.4534
Epoch [1036/1800] -> Loss: 1514.6954
Epoch [1037/1800] -> Loss: 1514.4261
Epoch [1038/1800] -> Loss: 1514.2337
Epoch [1039/1800] -> Loss: 1512.7793
Epoch [1040/1800] -> Loss: 1513.1456
Epoch [1041/1800] -> Loss: 1512.8215
Epoch [1042/1800] -> Loss: 1512.5436
Epoch [1043/1800] -> Loss: 1511.7625
Epoch [1044/1800] -> Loss: 1511.3359
Epoch [1045/1800] -> Loss: 1510.9844
Epoch [1046/1800] -> Loss: 1509.1366
Epoch [1047/1800] -> Loss: 1509.8511
Epoch [1048/1800] -> Loss: 1508.8014
Epoch [1049/1800] -> Loss: 1509.3546
Epoch [1050/1800] -> Loss: 1508.9980
Epoch [1051/1800] -> Loss: 1508.7218
Epoch [1052/1800] -> Loss: 1507.7576
Epoch [1053/1800] -> Loss: 1506.8818
Epoch [1054/1800] -> Loss: 1507.2271
Epoch [1055/1800] -> Loss: 1506.0620
Epoch [1056/1800] -> Loss: 1506.8452
Epoch [1057/1800] -> Loss: 1506.2650
Epoch [1058/1800] -> Loss: 1506.2533
Epoch [1059/1800] -> Loss: 1504.5444
Epoch [1060/1800] -> Loss: 1504.5359
Epoch [1061/1800] -> Loss: 1504.5302
Epoch [1062/1800] -> Loss: 1503.4445
Epoch [1063/1800] -> Loss: 1503.6592
Epoch [1064/1800] -> Loss: 1503.0291
Epoch [1065/1800] -> Loss: 1502.6499
Epoch [1066/1800] -> Loss: 1503.9516
Epoch [1067/1800] -> Loss: 1503.0309
Epoch [1068/1800] -> Loss: 1503.0439
Epoch [1069/1800] -> Loss: 1501.0731
Epoch [1070/1800] -> Loss: 1502.8811
Epoch [1071/1800] -> Loss: 1501.8982
Epoch [1072/1800] -> Loss: 1501.9471
Epoch [1073/1800] -> Loss: 1499.9890
Epoch [1074/1800] -> Loss: 1502.4498
Epoch [1075/1800] -> Loss: 1500.3525
Epoch [1076/1800] -> Loss: 1500.0234
Epoch [1077/1800] -> Loss: 1501.3225
Epoch [1078/1800] -> Loss: 1498.5786
Epoch [1079/1800] -> Loss: 1500.0544
Epoch [1080/1800] -> Loss: 1498.0883
Epoch [1081/1800] -> Loss: 1499.6847
Epoch [1082/1800] -> Loss: 1497.3457
Epoch [1083/1800] -> Loss: 1498.5996
Epoch [1084/1800] -> Loss: 1496.5399
Epoch [1085/1800] -> Loss: 1498.0223
Epoch [1086/1800] -> Loss: 1496.8062
Epoch [1087/1800] -> Loss: 1496.0794
Epoch [1088/1800] -> Loss: 1497.0226
Epoch [1089/1800] -> Loss: 1494.8442
Epoch [1090/1800] -> Loss: 1497.0477
Epoch [1091/1800] -> Loss: 1495.3482
Epoch [1092/1800] -> Loss: 1495.4332
Epoch [1093/1800] -> Loss: 1494.6179
Epoch [1094/1800] -> Loss: 1494.9923
Epoch [1095/1800] -> Loss: 1493.9829
Epoch [1096/1800] -> Loss: 1493.8246
Epoch [1097/1800] -> Loss: 1493.4668
Epoch [1098/1800] -> Loss: 1491.8295
Epoch [1099/1800] -> Loss: 1493.2101
Epoch [1100/1800] -> Loss: 1491.9551
Epoch [1101/1800] -> Loss: 1492.5143
Epoch [1102/1800] -> Loss: 1491.5459
Epoch [1103/1800] -> Loss: 1491.7820
Epoch [1104/1800] -> Loss: 1490.2031
Epoch [1105/1800] -> Loss: 1490.7158
Epoch [1106/1800] -> Loss: 1489.8533
Epoch [1107/1800] -> Loss: 1489.6414
Epoch [1108/1800] -> Loss: 1489.3447
Epoch [1109/1800] -> Loss: 1488.4394
Epoch [1110/1800] -> Loss: 1488.4769
Epoch [1111/1800] -> Loss: 1488.4404
Epoch [1112/1800] -> Loss: 1488.0104
Epoch [1113/1800] -> Loss: 1487.9600
Epoch [1114/1800] -> Loss: 1488.2401
Epoch [1115/1800] -> Loss: 1487.3669
Epoch [1116/1800] -> Loss: 1488.3038
Epoch [1117/1800] -> Loss: 1486.9513
Epoch [1118/1800] -> Loss: 1487.3097
Epoch [1119/1800] -> Loss: 1486.8451
Epoch [1120/1800] -> Loss: 1486.4453
Epoch [1121/1800] -> Loss: 1486.7168
Epoch [1122/1800] -> Loss: 1486.2403
Epoch [1123/1800] -> Loss: 1485.5119
Epoch [1124/1800] -> Loss: 1485.8434
Epoch [1125/1800] -> Loss: 1484.7404
Epoch [1126/1800] -> Loss: 1485.2701
Epoch [1127/1800] -> Loss: 1483.9687
Epoch [1128/1800] -> Loss: 1484.2969
Epoch [1129/1800] -> Loss: 1484.5905
Epoch [1130/1800] -> Loss: 1483.4345
Epoch [1131/1800] -> Loss: 1483.5857
Epoch [1132/1800] -> Loss: 1483.4939
Epoch [1133/1800] -> Loss: 1482.7177
Epoch [1134/1800] -> Loss: 1483.8797
Epoch [1135/1800] -> Loss: 1482.4966
Epoch [1136/1800] -> Loss: 1482.8910
Epoch [1137/1800] -> Loss: 1482.5340
Epoch [1138/1800] -> Loss: 1482.6832
Epoch [1139/1800] -> Loss: 1481.9814
Epoch [1140/1800] -> Loss: 1482.2773
Epoch [1141/1800] -> Loss: 1481.5912
Epoch [1142/1800] -> Loss: 1481.8427
Epoch [1143/1800] -> Loss: 1481.1728
Epoch [1144/1800] -> Loss: 1481.4279
Epoch [1145/1800] -> Loss: 1480.7540
Epoch [1146/1800] -> Loss: 1481.3256
Epoch [1147/1800] -> Loss: 1480.8810
Epoch [1148/1800] -> Loss: 1480.9611
Epoch [1149/1800] -> Loss: 1480.4032
Epoch [1150/1800] -> Loss: 1480.5045
Epoch [1151/1800] -> Loss: 1480.0144
Epoch [1152/1800] -> Loss: 1479.9926
Epoch [1153/1800] -> Loss: 1479.5214
Epoch [1154/1800] -> Loss: 1479.5851
Epoch [1155/1800] -> Loss: 1479.0565
Epoch [1156/1800] -> Loss: 1479.1881
Epoch [1157/1800] -> Loss: 1478.7726
Epoch [1158/1800] -> Loss: 1478.4283
Epoch [1159/1800] -> Loss: 1478.5644
Epoch [1160/1800] -> Loss: 1477.9947
Epoch [1161/1800] -> Loss: 1478.0928
Epoch [1162/1800] -> Loss: 1477.6084
Epoch [1163/1800] -> Loss: 1477.6875
Epoch [1164/1800] -> Loss: 1477.2975
Epoch [1165/1800] -> Loss: 1476.5892
Epoch [1166/1800] -> Loss: 1477.0071
Epoch [1167/1800] -> Loss: 1476.5935
Epoch [1168/1800] -> Loss: 1476.9472
Epoch [1169/1800] -> Loss: 1475.6137
Epoch [1170/1800] -> Loss: 1476.3329
Epoch [1171/1800] -> Loss: 1475.6645
Epoch [1172/1800] -> Loss: 1476.1851
Epoch [1173/1800] -> Loss: 1475.2208
Epoch [1174/1800] -> Loss: 1475.5231
Epoch [1175/1800] -> Loss: 1474.5855
Epoch [1176/1800] -> Loss: 1474.9546
Epoch [1177/1800] -> Loss: 1474.0632
Epoch [1178/1800] -> Loss: 1474.7621
Epoch [1179/1800] -> Loss: 1474.2453
Epoch [1180/1800] -> Loss: 1474.0511
Epoch [1181/1800] -> Loss: 1473.6223
Epoch [1182/1800] -> Loss: 1473.7414
Epoch [1183/1800] -> Loss: 1473.0851
Epoch [1184/1800] -> Loss: 1473.7669
Epoch [1185/1800] -> Loss: 1472.5989
Epoch [1186/1800] -> Loss: 1473.5125
Epoch [1187/1800] -> Loss: 1472.4030
Epoch [1188/1800] -> Loss: 1472.8140
Epoch [1189/1800] -> Loss: 1472.4329
Epoch [1190/1800] -> Loss: 1471.9717
Epoch [1191/1800] -> Loss: 1472.3843
Epoch [1192/1800] -> Loss: 1471.8307
Epoch [1193/1800] -> Loss: 1471.3934
Epoch [1194/1800] -> Loss: 1471.3832
Epoch [1195/1800] -> Loss: 1471.4380
Epoch [1196/1800] -> Loss: 1470.7759
Epoch [1197/1800] -> Loss: 1471.3812
Epoch [1198/1800] -> Loss: 1470.8842
Epoch [1199/1800] -> Loss: 1471.0620
--------------------------------------------------
Model checkpoint saved as FFNN_1200.pth
--------------------------------------------------
Epoch [1200/1800] -> Loss: 1470.4131
Epoch [1201/1800] -> Loss: 1470.2229
Epoch [1202/1800] -> Loss: 1470.2802
Epoch [1203/1800] -> Loss: 1469.9043
Epoch [1204/1800] -> Loss: 1469.8329
Epoch [1205/1800] -> Loss: 1469.9288
Epoch [1206/1800] -> Loss: 1469.5762
Epoch [1207/1800] -> Loss: 1469.4107
Epoch [1208/1800] -> Loss: 1469.4295
Epoch [1209/1800] -> Loss: 1468.8822
Epoch [1210/1800] -> Loss: 1468.7155
Epoch [1211/1800] -> Loss: 1468.5342
Epoch [1212/1800] -> Loss: 1469.0707
Epoch [1213/1800] -> Loss: 1468.1685
Epoch [1214/1800] -> Loss: 1468.5662
Epoch [1215/1800] -> Loss: 1467.4808
Epoch [1216/1800] -> Loss: 1468.5028
Epoch [1217/1800] -> Loss: 1467.7329
Epoch [1218/1800] -> Loss: 1468.0733
Epoch [1219/1800] -> Loss: 1467.6779
Epoch [1220/1800] -> Loss: 1467.4904
Epoch [1221/1800] -> Loss: 1467.0559
Epoch [1222/1800] -> Loss: 1466.3067
Epoch [1223/1800] -> Loss: 1467.7303
Epoch [1224/1800] -> Loss: 1467.0020
Epoch [1225/1800] -> Loss: 1466.9138
Epoch [1226/1800] -> Loss: 1466.5721
Epoch [1227/1800] -> Loss: 1465.7420
Epoch [1228/1800] -> Loss: 1467.0881
Epoch [1229/1800] -> Loss: 1466.2216
Epoch [1230/1800] -> Loss: 1465.8844
Epoch [1231/1800] -> Loss: 1465.2649
Epoch [1232/1800] -> Loss: 1465.8193
Epoch [1233/1800] -> Loss: 1465.0233
Epoch [1234/1800] -> Loss: 1465.4363
Epoch [1235/1800] -> Loss: 1464.7144
Epoch [1236/1800] -> Loss: 1465.7232
Epoch [1237/1800] -> Loss: 1464.8854
Epoch [1238/1800] -> Loss: 1464.1976
Epoch [1239/1800] -> Loss: 1464.6829
Epoch [1240/1800] -> Loss: 1464.3611
Epoch [1241/1800] -> Loss: 1463.6284
Epoch [1242/1800] -> Loss: 1464.5474
Epoch [1243/1800] -> Loss: 1463.9438
Epoch [1244/1800] -> Loss: 1463.1571
Epoch [1245/1800] -> Loss: 1464.2941
Epoch [1246/1800] -> Loss: 1463.5420
Epoch [1247/1800] -> Loss: 1462.8160
Epoch [1248/1800] -> Loss: 1463.7317
Epoch [1249/1800] -> Loss: 1463.0559
Epoch [1250/1800] -> Loss: 1462.4582
Epoch [1251/1800] -> Loss: 1463.3285
Epoch [1252/1800] -> Loss: 1462.3300
Epoch [1253/1800] -> Loss: 1462.6215
Epoch [1254/1800] -> Loss: 1462.0643
Epoch [1255/1800] -> Loss: 1462.3662
Epoch [1256/1800] -> Loss: 1462.2497
Epoch [1257/1800] -> Loss: 1461.7737
Epoch [1258/1800] -> Loss: 1462.0095
Epoch [1259/1800] -> Loss: 1461.3715
Epoch [1260/1800] -> Loss: 1461.1781
Epoch [1261/1800] -> Loss: 1461.0554
Epoch [1262/1800] -> Loss: 1461.3414
Epoch [1263/1800] -> Loss: 1461.0409
Epoch [1264/1800] -> Loss: 1460.5686
Epoch [1265/1800] -> Loss: 1460.6722
Epoch [1266/1800] -> Loss: 1460.3910
Epoch [1267/1800] -> Loss: 1460.5702
Epoch [1268/1800] -> Loss: 1459.9600
Epoch [1269/1800] -> Loss: 1460.1892
Epoch [1270/1800] -> Loss: 1459.7778
Epoch [1271/1800] -> Loss: 1460.0411
Epoch [1272/1800] -> Loss: 1459.6954
Epoch [1273/1800] -> Loss: 1459.6935
Epoch [1274/1800] -> Loss: 1459.3402
Epoch [1275/1800] -> Loss: 1459.6029
Epoch [1276/1800] -> Loss: 1458.9521
Epoch [1277/1800] -> Loss: 1458.5242
Epoch [1278/1800] -> Loss: 1458.7541
Epoch [1279/1800] -> Loss: 1458.4466
Epoch [1280/1800] -> Loss: 1458.5267
Epoch [1281/1800] -> Loss: 1458.2493
Epoch [1282/1800] -> Loss: 1457.8626
Epoch [1283/1800] -> Loss: 1457.3880
Epoch [1284/1800] -> Loss: 1457.3702
Epoch [1285/1800] -> Loss: 1457.1855
Epoch [1286/1800] -> Loss: 1457.3312
Epoch [1287/1800] -> Loss: 1456.9710
Epoch [1288/1800] -> Loss: 1457.2014
Epoch [1289/1800] -> Loss: 1456.6798
Epoch [1290/1800] -> Loss: 1456.6902
Epoch [1291/1800] -> Loss: 1456.8763
Epoch [1292/1800] -> Loss: 1456.3540
Epoch [1293/1800] -> Loss: 1456.3740
Epoch [1294/1800] -> Loss: 1456.8310
Epoch [1295/1800] -> Loss: 1456.2368
Epoch [1296/1800] -> Loss: 1456.0173
Epoch [1297/1800] -> Loss: 1455.7968
Epoch [1298/1800] -> Loss: 1456.5191
Epoch [1299/1800] -> Loss: 1455.8375
Epoch [1300/1800] -> Loss: 1456.1889
Epoch [1301/1800] -> Loss: 1455.5558
Epoch [1302/1800] -> Loss: 1456.0745
Epoch [1303/1800] -> Loss: 1455.4024
Epoch [1304/1800] -> Loss: 1455.4285
Epoch [1305/1800] -> Loss: 1455.1423
Epoch [1306/1800] -> Loss: 1455.2982
Epoch [1307/1800] -> Loss: 1454.8178
Epoch [1308/1800] -> Loss: 1455.0564
Epoch [1309/1800] -> Loss: 1454.7012
Epoch [1310/1800] -> Loss: 1454.6369
Epoch [1311/1800] -> Loss: 1453.9186
Epoch [1312/1800] -> Loss: 1454.4726
Epoch [1313/1800] -> Loss: 1453.8230
Epoch [1314/1800] -> Loss: 1454.3100
Epoch [1315/1800] -> Loss: 1453.5241
Epoch [1316/1800] -> Loss: 1454.0160
Epoch [1317/1800] -> Loss: 1453.3871
Epoch [1318/1800] -> Loss: 1453.6169
Epoch [1319/1800] -> Loss: 1452.7394
Epoch [1320/1800] -> Loss: 1453.5621
Epoch [1321/1800] -> Loss: 1452.7447
Epoch [1322/1800] -> Loss: 1452.5474
Epoch [1323/1800] -> Loss: 1452.6948
Epoch [1324/1800] -> Loss: 1452.3427
Epoch [1325/1800] -> Loss: 1453.9790
Epoch [1326/1800] -> Loss: 1451.9679
Epoch [1327/1800] -> Loss: 1453.3635
Epoch [1328/1800] -> Loss: 1453.0638
Epoch [1329/1800] -> Loss: 1452.2832
Epoch [1330/1800] -> Loss: 1452.1699
Epoch [1331/1800] -> Loss: 1452.3845
Epoch [1332/1800] -> Loss: 1452.0832
Epoch [1333/1800] -> Loss: 1452.2980
Epoch [1334/1800] -> Loss: 1451.2371
Epoch [1335/1800] -> Loss: 1452.0567
Epoch [1336/1800] -> Loss: 1451.8633
Epoch [1337/1800] -> Loss: 1452.0839
Epoch [1338/1800] -> Loss: 1451.6385
Epoch [1339/1800] -> Loss: 1451.4627
Epoch [1340/1800] -> Loss: 1451.3904
Epoch [1341/1800] -> Loss: 1452.0192
Epoch [1342/1800] -> Loss: 1450.5964
Epoch [1343/1800] -> Loss: 1451.4487
Epoch [1344/1800] -> Loss: 1450.5759
Epoch [1345/1800] -> Loss: 1451.6919
Epoch [1346/1800] -> Loss: 1450.2488
Epoch [1347/1800] -> Loss: 1450.5452
Epoch [1348/1800] -> Loss: 1450.7067
Epoch [1349/1800] -> Loss: 1451.2555
Epoch [1350/1800] -> Loss: 1450.5370
Epoch [1351/1800] -> Loss: 1450.0166
Epoch [1352/1800] -> Loss: 1450.1965
Epoch [1353/1800] -> Loss: 1449.9445
Epoch [1354/1800] -> Loss: 1450.0788
Epoch [1355/1800] -> Loss: 1449.3383
Epoch [1356/1800] -> Loss: 1450.1010
Epoch [1357/1800] -> Loss: 1449.3979
Epoch [1358/1800] -> Loss: 1449.6457
Epoch [1359/1800] -> Loss: 1449.7280
Epoch [1360/1800] -> Loss: 1449.2727
Epoch [1361/1800] -> Loss: 1449.1601
Epoch [1362/1800] -> Loss: 1449.3269
Epoch [1363/1800] -> Loss: 1449.2233
Epoch [1364/1800] -> Loss: 1449.1305
Epoch [1365/1800] -> Loss: 1448.8881
Epoch [1366/1800] -> Loss: 1449.0154
Epoch [1367/1800] -> Loss: 1449.2830
Epoch [1368/1800] -> Loss: 1448.5414
Epoch [1369/1800] -> Loss: 1447.9762
Epoch [1370/1800] -> Loss: 1448.5070
Epoch [1371/1800] -> Loss: 1447.9496
Epoch [1372/1800] -> Loss: 1448.2936
Epoch [1373/1800] -> Loss: 1447.7713
Epoch [1374/1800] -> Loss: 1448.1083
Epoch [1375/1800] -> Loss: 1447.7626
Epoch [1376/1800] -> Loss: 1448.0528
Epoch [1377/1800] -> Loss: 1447.2212
Epoch [1378/1800] -> Loss: 1447.7749
Epoch [1379/1800] -> Loss: 1447.1198
Epoch [1380/1800] -> Loss: 1447.4348
Epoch [1381/1800] -> Loss: 1446.9372
Epoch [1382/1800] -> Loss: 1447.2727
Epoch [1383/1800] -> Loss: 1446.7458
Epoch [1384/1800] -> Loss: 1447.1532
Epoch [1385/1800] -> Loss: 1446.4989
Epoch [1386/1800] -> Loss: 1446.9565
Epoch [1387/1800] -> Loss: 1446.2658
Epoch [1388/1800] -> Loss: 1446.4817
Epoch [1389/1800] -> Loss: 1445.9142
Epoch [1390/1800] -> Loss: 1446.1429
Epoch [1391/1800] -> Loss: 1446.0446
Epoch [1392/1800] -> Loss: 1446.0369
Epoch [1393/1800] -> Loss: 1445.4876
Epoch [1394/1800] -> Loss: 1445.7442
Epoch [1395/1800] -> Loss: 1444.9332
Epoch [1396/1800] -> Loss: 1445.2275
Epoch [1397/1800] -> Loss: 1444.7168
Epoch [1398/1800] -> Loss: 1444.9580
Epoch [1399/1800] -> Loss: 1444.6186
--------------------------------------------------
Model checkpoint saved as FFNN_1400.pth
--------------------------------------------------
Epoch [1400/1800] -> Loss: 1445.1522
Epoch [1401/1800] -> Loss: 1444.4263
Epoch [1402/1800] -> Loss: 1444.9500
Epoch [1403/1800] -> Loss: 1444.2436
Epoch [1404/1800] -> Loss: 1444.5084
Epoch [1405/1800] -> Loss: 1444.0442
Epoch [1406/1800] -> Loss: 1444.4523
Epoch [1407/1800] -> Loss: 1443.6163
Epoch [1408/1800] -> Loss: 1443.2908
Epoch [1409/1800] -> Loss: 1443.7685
Epoch [1410/1800] -> Loss: 1443.2662
Epoch [1411/1800] -> Loss: 1443.2800
Epoch [1412/1800] -> Loss: 1443.4518
Epoch [1413/1800] -> Loss: 1442.9288
Epoch [1414/1800] -> Loss: 1443.7763
Epoch [1415/1800] -> Loss: 1443.1023
Epoch [1416/1800] -> Loss: 1443.1461
Epoch [1417/1800] -> Loss: 1442.4393
Epoch [1418/1800] -> Loss: 1443.3985
Epoch [1419/1800] -> Loss: 1442.6870
Epoch [1420/1800] -> Loss: 1442.7425
Epoch [1421/1800] -> Loss: 1442.0604
Epoch [1422/1800] -> Loss: 1443.0049
Epoch [1423/1800] -> Loss: 1442.2045
Epoch [1424/1800] -> Loss: 1443.0610
Epoch [1425/1800] -> Loss: 1441.8141
Epoch [1426/1800] -> Loss: 1442.7371
Epoch [1427/1800] -> Loss: 1441.6744
Epoch [1428/1800] -> Loss: 1441.9161
Epoch [1429/1800] -> Loss: 1441.4342
Epoch [1430/1800] -> Loss: 1442.2567
Epoch [1431/1800] -> Loss: 1441.5613
Epoch [1432/1800] -> Loss: 1441.7798
Epoch [1433/1800] -> Loss: 1441.1788
Epoch [1434/1800] -> Loss: 1441.3600
Epoch [1435/1800] -> Loss: 1440.9245
Epoch [1436/1800] -> Loss: 1441.7261
Epoch [1437/1800] -> Loss: 1440.9488
Epoch [1438/1800] -> Loss: 1441.2516
Epoch [1439/1800] -> Loss: 1440.7224
Epoch [1440/1800] -> Loss: 1440.7653
Epoch [1441/1800] -> Loss: 1440.4438
Epoch [1442/1800] -> Loss: 1441.1309
Epoch [1443/1800] -> Loss: 1440.2911
Epoch [1444/1800] -> Loss: 1440.5982
Epoch [1445/1800] -> Loss: 1440.1276
Epoch [1446/1800] -> Loss: 1440.1258
Epoch [1447/1800] -> Loss: 1439.8250
Epoch [1448/1800] -> Loss: 1440.4517
Epoch [1449/1800] -> Loss: 1439.4827
Epoch [1450/1800] -> Loss: 1439.7705
Epoch [1451/1800] -> Loss: 1439.2498
Epoch [1452/1800] -> Loss: 1439.6392
Epoch [1453/1800] -> Loss: 1438.4052
Epoch [1454/1800] -> Loss: 1438.9372
Epoch [1455/1800] -> Loss: 1438.7255
Epoch [1456/1800] -> Loss: 1438.8618
Epoch [1457/1800] -> Loss: 1438.6651
Epoch [1458/1800] -> Loss: 1438.6814
Epoch [1459/1800] -> Loss: 1438.8108
Epoch [1460/1800] -> Loss: 1438.4031
Epoch [1461/1800] -> Loss: 1437.4691
Epoch [1462/1800] -> Loss: 1437.8512
Epoch [1463/1800] -> Loss: 1437.7913
Epoch [1464/1800] -> Loss: 1437.6735
Epoch [1465/1800] -> Loss: 1437.3486
Epoch [1466/1800] -> Loss: 1437.6867
Epoch [1467/1800] -> Loss: 1437.1759
Epoch [1468/1800] -> Loss: 1437.5198
Epoch [1469/1800] -> Loss: 1437.0293
Epoch [1470/1800] -> Loss: 1437.3635
Epoch [1471/1800] -> Loss: 1437.0999
Epoch [1472/1800] -> Loss: 1436.7835
Epoch [1473/1800] -> Loss: 1437.0703
Epoch [1474/1800] -> Loss: 1436.5721
Epoch [1475/1800] -> Loss: 1436.6432
Epoch [1476/1800] -> Loss: 1436.8469
Epoch [1477/1800] -> Loss: 1436.5571
Epoch [1478/1800] -> Loss: 1436.1997
Epoch [1479/1800] -> Loss: 1436.5529
Epoch [1480/1800] -> Loss: 1436.0473
Epoch [1481/1800] -> Loss: 1436.3132
Epoch [1482/1800] -> Loss: 1435.7733
Epoch [1483/1800] -> Loss: 1436.9128
Epoch [1484/1800] -> Loss: 1436.4265
Epoch [1485/1800] -> Loss: 1435.1864
Epoch [1486/1800] -> Loss: 1436.3951
Epoch [1487/1800] -> Loss: 1436.3218
Epoch [1488/1800] -> Loss: 1436.2300
Epoch [1489/1800] -> Loss: 1435.3094
Epoch [1490/1800] -> Loss: 1435.2175
Epoch [1491/1800] -> Loss: 1435.4972
Epoch [1492/1800] -> Loss: 1435.3685
Epoch [1493/1800] -> Loss: 1435.3330
Epoch [1494/1800] -> Loss: 1435.2092
Epoch [1495/1800] -> Loss: 1434.7756
Epoch [1496/1800] -> Loss: 1434.6962
Epoch [1497/1800] -> Loss: 1434.7246
Epoch [1498/1800] -> Loss: 1434.6700
Epoch [1499/1800] -> Loss: 1434.3267
Epoch [1500/1800] -> Loss: 1434.4282
Epoch [1501/1800] -> Loss: 1434.4949
Epoch [1502/1800] -> Loss: 1434.2547
Epoch [1503/1800] -> Loss: 1434.1439
Epoch [1504/1800] -> Loss: 1434.1410
Epoch [1505/1800] -> Loss: 1434.1880
Epoch [1506/1800] -> Loss: 1433.8242
Epoch [1507/1800] -> Loss: 1433.8942
Epoch [1508/1800] -> Loss: 1433.9376
Epoch [1509/1800] -> Loss: 1433.5785
Epoch [1510/1800] -> Loss: 1433.6343
Epoch [1511/1800] -> Loss: 1433.6953
Epoch [1512/1800] -> Loss: 1433.0321
Epoch [1513/1800] -> Loss: 1433.3597
Epoch [1514/1800] -> Loss: 1433.0570
Epoch [1515/1800] -> Loss: 1432.7666
Epoch [1516/1800] -> Loss: 1432.6141
Epoch [1517/1800] -> Loss: 1432.6994
Epoch [1518/1800] -> Loss: 1432.2100
Epoch [1519/1800] -> Loss: 1432.4209
Epoch [1520/1800] -> Loss: 1432.3278
Epoch [1521/1800] -> Loss: 1432.1518
Epoch [1522/1800] -> Loss: 1432.0102
Epoch [1523/1800] -> Loss: 1432.0251
Epoch [1524/1800] -> Loss: 1431.7347
Epoch [1525/1800] -> Loss: 1431.6233
Epoch [1526/1800] -> Loss: 1431.8318
Epoch [1527/1800] -> Loss: 1431.5174
Epoch [1528/1800] -> Loss: 1431.4284
Epoch [1529/1800] -> Loss: 1431.4702
Epoch [1530/1800] -> Loss: 1431.2100
Epoch [1531/1800] -> Loss: 1431.2918
Epoch [1532/1800] -> Loss: 1431.2663
Epoch [1533/1800] -> Loss: 1431.1520
Epoch [1534/1800] -> Loss: 1430.9422
Epoch [1535/1800] -> Loss: 1430.8972
Epoch [1536/1800] -> Loss: 1430.9434
Epoch [1537/1800] -> Loss: 1430.7270
Epoch [1538/1800] -> Loss: 1430.7121
Epoch [1539/1800] -> Loss: 1430.7148
Epoch [1540/1800] -> Loss: 1430.4988
Epoch [1541/1800] -> Loss: 1430.4319
Epoch [1542/1800] -> Loss: 1430.5663
Epoch [1543/1800] -> Loss: 1430.3357
Epoch [1544/1800] -> Loss: 1430.3141
Epoch [1545/1800] -> Loss: 1430.2521
Epoch [1546/1800] -> Loss: 1430.0958
Epoch [1547/1800] -> Loss: 1430.1279
Epoch [1548/1800] -> Loss: 1430.1067
Epoch [1549/1800] -> Loss: 1429.8662
Epoch [1550/1800] -> Loss: 1429.9695
Epoch [1551/1800] -> Loss: 1429.8693
Epoch [1552/1800] -> Loss: 1429.6942
Epoch [1553/1800] -> Loss: 1429.7158
Epoch [1554/1800] -> Loss: 1429.6921
Epoch [1555/1800] -> Loss: 1429.6545
Epoch [1556/1800] -> Loss: 1429.4599
Epoch [1557/1800] -> Loss: 1429.4193
Epoch [1558/1800] -> Loss: 1429.3005
Epoch [1559/1800] -> Loss: 1429.1662
Epoch [1560/1800] -> Loss: 1429.2770
Epoch [1561/1800] -> Loss: 1429.1373
Epoch [1562/1800] -> Loss: 1428.9781
Epoch [1563/1800] -> Loss: 1429.0530
Epoch [1564/1800] -> Loss: 1428.9403
Epoch [1565/1800] -> Loss: 1428.7779
Epoch [1566/1800] -> Loss: 1428.7135
Epoch [1567/1800] -> Loss: 1428.6920
Epoch [1568/1800] -> Loss: 1428.6814
Epoch [1569/1800] -> Loss: 1428.4263
Epoch [1570/1800] -> Loss: 1428.2999
Epoch [1571/1800] -> Loss: 1428.1431
Epoch [1572/1800] -> Loss: 1428.2842
Epoch [1573/1800] -> Loss: 1428.3459
Epoch [1574/1800] -> Loss: 1428.0341
Epoch [1575/1800] -> Loss: 1427.9965
Epoch [1576/1800] -> Loss: 1428.1251
Epoch [1577/1800] -> Loss: 1428.2033
Epoch [1578/1800] -> Loss: 1428.2164
Epoch [1579/1800] -> Loss: 1428.0167
Epoch [1580/1800] -> Loss: 1428.0408
Epoch [1581/1800] -> Loss: 1427.8692
Epoch [1582/1800] -> Loss: 1427.8747
Epoch [1583/1800] -> Loss: 1427.6727
Epoch [1584/1800] -> Loss: 1427.7145
Epoch [1585/1800] -> Loss: 1427.5214
Epoch [1586/1800] -> Loss: 1427.5465
Epoch [1587/1800] -> Loss: 1427.3764
Epoch [1588/1800] -> Loss: 1427.3990
Epoch [1589/1800] -> Loss: 1427.1967
Epoch [1590/1800] -> Loss: 1427.2409
Epoch [1591/1800] -> Loss: 1426.9429
Epoch [1592/1800] -> Loss: 1426.8622
Epoch [1593/1800] -> Loss: 1426.8497
Epoch [1594/1800] -> Loss: 1426.9315
Epoch [1595/1800] -> Loss: 1426.5638
Epoch [1596/1800] -> Loss: 1426.8143
Epoch [1597/1800] -> Loss: 1426.3380
Epoch [1598/1800] -> Loss: 1426.5887
Epoch [1599/1800] -> Loss: 1426.3482
--------------------------------------------------
Model checkpoint saved as FFNN_1600.pth
--------------------------------------------------
Epoch [1600/1800] -> Loss: 1426.4861
Epoch [1601/1800] -> Loss: 1426.2822
Epoch [1602/1800] -> Loss: 1426.0916
Epoch [1603/1800] -> Loss: 1426.0460
Epoch [1604/1800] -> Loss: 1426.1321
Epoch [1605/1800] -> Loss: 1425.8978
Epoch [1606/1800] -> Loss: 1425.9991
Epoch [1607/1800] -> Loss: 1425.7854
Epoch [1608/1800] -> Loss: 1425.7800
Epoch [1609/1800] -> Loss: 1425.6349
Epoch [1610/1800] -> Loss: 1425.7120
Epoch [1611/1800] -> Loss: 1425.4814
Epoch [1612/1800] -> Loss: 1425.5143
Epoch [1613/1800] -> Loss: 1425.4291
Epoch [1614/1800] -> Loss: 1425.2211
Epoch [1615/1800] -> Loss: 1425.0634
Epoch [1616/1800] -> Loss: 1425.0333
Epoch [1617/1800] -> Loss: 1424.8719
Epoch [1618/1800] -> Loss: 1424.7713
Epoch [1619/1800] -> Loss: 1424.6927
Epoch [1620/1800] -> Loss: 1424.6627
Epoch [1621/1800] -> Loss: 1424.7440
Epoch [1622/1800] -> Loss: 1424.5518
Epoch [1623/1800] -> Loss: 1424.6033
Epoch [1624/1800] -> Loss: 1424.1079
Epoch [1625/1800] -> Loss: 1423.9574
Epoch [1626/1800] -> Loss: 1423.9652
Epoch [1627/1800] -> Loss: 1423.9494
Epoch [1628/1800] -> Loss: 1424.0441
Epoch [1629/1800] -> Loss: 1423.8441
Epoch [1630/1800] -> Loss: 1423.7626
Epoch [1631/1800] -> Loss: 1423.8091
Epoch [1632/1800] -> Loss: 1423.6956
Epoch [1633/1800] -> Loss: 1423.4407
Epoch [1634/1800] -> Loss: 1423.3869
Epoch [1635/1800] -> Loss: 1423.2925
Epoch [1636/1800] -> Loss: 1423.2424
Epoch [1637/1800] -> Loss: 1423.1429
Epoch [1638/1800] -> Loss: 1423.2357
Epoch [1639/1800] -> Loss: 1423.0251
Epoch [1640/1800] -> Loss: 1422.9308
Epoch [1641/1800] -> Loss: 1422.9753
Epoch [1642/1800] -> Loss: 1422.7578
Epoch [1643/1800] -> Loss: 1422.8393
Epoch [1644/1800] -> Loss: 1422.5138
Epoch [1645/1800] -> Loss: 1422.6495
Epoch [1646/1800] -> Loss: 1422.3259
Epoch [1647/1800] -> Loss: 1422.4973
Epoch [1648/1800] -> Loss: 1422.2014
Epoch [1649/1800] -> Loss: 1422.3183
Epoch [1650/1800] -> Loss: 1422.1250
Epoch [1651/1800] -> Loss: 1422.0879
Epoch [1652/1800] -> Loss: 1422.0218
Epoch [1653/1800] -> Loss: 1421.9569
Epoch [1654/1800] -> Loss: 1421.8925
Epoch [1655/1800] -> Loss: 1421.8149
Epoch [1656/1800] -> Loss: 1421.6476
Epoch [1657/1800] -> Loss: 1421.5652
Epoch [1658/1800] -> Loss: 1421.5329
Epoch [1659/1800] -> Loss: 1421.4961
Epoch [1660/1800] -> Loss: 1421.5393
Epoch [1661/1800] -> Loss: 1421.4013
Epoch [1662/1800] -> Loss: 1421.2873
Epoch [1663/1800] -> Loss: 1421.3812
Epoch [1664/1800] -> Loss: 1421.2055
Epoch [1665/1800] -> Loss: 1421.1921
Epoch [1666/1800] -> Loss: 1421.1439
Epoch [1667/1800] -> Loss: 1421.0703
Epoch [1668/1800] -> Loss: 1420.9898
Epoch [1669/1800] -> Loss: 1420.9349
Epoch [1670/1800] -> Loss: 1420.9868
Epoch [1671/1800] -> Loss: 1420.8889
Epoch [1672/1800] -> Loss: 1420.6805
Epoch [1673/1800] -> Loss: 1420.7482
Epoch [1674/1800] -> Loss: 1420.6561
Epoch [1675/1800] -> Loss: 1420.4635
Epoch [1676/1800] -> Loss: 1420.4935
Epoch [1677/1800] -> Loss: 1420.4070
Epoch [1678/1800] -> Loss: 1420.3398
Epoch [1679/1800] -> Loss: 1420.2151
Epoch [1680/1800] -> Loss: 1420.2909
Epoch [1681/1800] -> Loss: 1420.4252
Epoch [1682/1800] -> Loss: 1420.3183
Epoch [1683/1800] -> Loss: 1420.1206
Epoch [1684/1800] -> Loss: 1420.1950
Epoch [1685/1800] -> Loss: 1420.0867
Epoch [1686/1800] -> Loss: 1420.0443
Epoch [1687/1800] -> Loss: 1419.9768
Epoch [1688/1800] -> Loss: 1419.8845
Epoch [1689/1800] -> Loss: 1419.8214
Epoch [1690/1800] -> Loss: 1419.7351
Epoch [1691/1800] -> Loss: 1419.7836
Epoch [1692/1800] -> Loss: 1419.7005
Epoch [1693/1800] -> Loss: 1419.5734
Epoch [1694/1800] -> Loss: 1419.5048
Epoch [1695/1800] -> Loss: 1419.4411
Epoch [1696/1800] -> Loss: 1419.3662
Epoch [1697/1800] -> Loss: 1419.3945
Epoch [1698/1800] -> Loss: 1419.2341
Epoch [1699/1800] -> Loss: 1419.1764
Epoch [1700/1800] -> Loss: 1419.2386
Epoch [1701/1800] -> Loss: 1419.0481
Epoch [1702/1800] -> Loss: 1418.8602
Epoch [1703/1800] -> Loss: 1419.0397
Epoch [1704/1800] -> Loss: 1419.1945
Epoch [1705/1800] -> Loss: 1418.9831
Epoch [1706/1800] -> Loss: 1418.9109
Epoch [1707/1800] -> Loss: 1418.6512
Epoch [1708/1800] -> Loss: 1418.6107
Epoch [1709/1800] -> Loss: 1418.8654
Epoch [1710/1800] -> Loss: 1418.5008
Epoch [1711/1800] -> Loss: 1418.3354
Epoch [1712/1800] -> Loss: 1418.7088
Epoch [1713/1800] -> Loss: 1418.3565
Epoch [1714/1800] -> Loss: 1418.1906
Epoch [1715/1800] -> Loss: 1418.5594
Epoch [1716/1800] -> Loss: 1418.2039
Epoch [1717/1800] -> Loss: 1418.0415
Epoch [1718/1800] -> Loss: 1418.1708
Epoch [1719/1800] -> Loss: 1418.0447
Epoch [1720/1800] -> Loss: 1417.7090
Epoch [1721/1800] -> Loss: 1417.7274
Epoch [1722/1800] -> Loss: 1417.7404
Epoch [1723/1800] -> Loss: 1417.7180
Epoch [1724/1800] -> Loss: 1417.6359
Epoch [1725/1800] -> Loss: 1417.6175
Epoch [1726/1800] -> Loss: 1417.5495
Epoch [1727/1800] -> Loss: 1417.5221
Epoch [1728/1800] -> Loss: 1417.5656
Epoch [1729/1800] -> Loss: 1417.4942
Epoch [1730/1800] -> Loss: 1417.2796
Epoch [1731/1800] -> Loss: 1417.2707
Epoch [1732/1800] -> Loss: 1417.1639
Epoch [1733/1800] -> Loss: 1417.2079
Epoch [1734/1800] -> Loss: 1417.2215
Epoch [1735/1800] -> Loss: 1417.2106
Epoch [1736/1800] -> Loss: 1416.7456
Epoch [1737/1800] -> Loss: 1416.9737
Epoch [1738/1800] -> Loss: 1416.8527
Epoch [1739/1800] -> Loss: 1417.0065
Epoch [1740/1800] -> Loss: 1416.9819
Epoch [1741/1800] -> Loss: 1416.9434
Epoch [1742/1800] -> Loss: 1416.6910
Epoch [1743/1800] -> Loss: 1416.7198
Epoch [1744/1800] -> Loss: 1416.5864
Epoch [1745/1800] -> Loss: 1416.6753
Epoch [1746/1800] -> Loss: 1416.6452
Epoch [1747/1800] -> Loss: 1416.4607
Epoch [1748/1800] -> Loss: 1416.0903
Epoch [1749/1800] -> Loss: 1416.4976
Epoch [1750/1800] -> Loss: 1416.3746
Epoch [1751/1800] -> Loss: 1415.8514
Epoch [1752/1800] -> Loss: 1416.2040
Epoch [1753/1800] -> Loss: 1416.2746
Epoch [1754/1800] -> Loss: 1415.9884
Epoch [1755/1800] -> Loss: 1415.9632
Epoch [1756/1800] -> Loss: 1415.7652
Epoch [1757/1800] -> Loss: 1415.9564
Epoch [1758/1800] -> Loss: 1416.0214
Epoch [1759/1800] -> Loss: 1415.8742
Epoch [1760/1800] -> Loss: 1415.6465
Epoch [1761/1800] -> Loss: 1415.6774
Epoch [1762/1800] -> Loss: 1415.4609
Epoch [1763/1800] -> Loss: 1415.6670
Epoch [1764/1800] -> Loss: 1415.7454
Epoch [1765/1800] -> Loss: 1415.4602
Epoch [1766/1800] -> Loss: 1415.5275
Epoch [1767/1800] -> Loss: 1415.6070
Epoch [1768/1800] -> Loss: 1415.2839
Epoch [1769/1800] -> Loss: 1415.3524
Epoch [1770/1800] -> Loss: 1415.2363
Epoch [1771/1800] -> Loss: 1415.2886
Epoch [1772/1800] -> Loss: 1415.1588
Epoch [1773/1800] -> Loss: 1415.2091
Epoch [1774/1800] -> Loss: 1414.9256
Epoch [1775/1800] -> Loss: 1415.3800
Epoch [1776/1800] -> Loss: 1414.9548
Epoch [1777/1800] -> Loss: 1415.2944
Epoch [1778/1800] -> Loss: 1414.8706
Epoch [1779/1800] -> Loss: 1415.2221
Epoch [1780/1800] -> Loss: 1414.7873
Epoch [1781/1800] -> Loss: 1415.1580
Epoch [1782/1800] -> Loss: 1414.6976
Epoch [1783/1800] -> Loss: 1415.0785
Epoch [1784/1800] -> Loss: 1415.1230
Epoch [1785/1800] -> Loss: 1414.9616
Epoch [1786/1800] -> Loss: 1414.5221
Epoch [1787/1800] -> Loss: 1414.7810
Epoch [1788/1800] -> Loss: 1414.8442
Epoch [1789/1800] -> Loss: 1414.7669
Epoch [1790/1800] -> Loss: 1414.6910
Epoch [1791/1800] -> Loss: 1414.3783
Epoch [1792/1800] -> Loss: 1414.4193
Epoch [1793/1800] -> Loss: 1414.2076
Epoch [1794/1800] -> Loss: 1414.5542
Epoch [1795/1800] -> Loss: 1414.2753
Epoch [1796/1800] -> Loss: 1414.4814
Epoch [1797/1800] -> Loss: 1414.2048
Epoch [1798/1800] -> Loss: 1414.4256
Epoch [1799/1800] -> Loss: 1414.1480
--------------------------------------------------
Model checkpoint saved as FFNN_1800.pth
--------------------------------------------------
Epoch [1800/1800] -> Loss: 1414.3688
--------------------------------------------------
Training finished successfully.
        Saved model checkpoints can be found in: /home/extern/Documents/Research/scripts/models/
        Saved data/loss graphs can be found in: /home/extern/Documents/Research/scripts/graphs/
