--------------------------------------------------
Code running on device: cuda
--------------------------------------------------
File location :
    SSN - /home/extern/Documents/Research/scripts/data/SILSO/TSN/SN_m_tot_V2.0.txt
    AA - /home/extern/Documents/Research/scripts/data/ISGI/aa_1869-01-01_2018-12-31_D.dat
--------------------------------------------------
Selected model: FFNN(
  (model): Sequential(
    (0): Linear(in_features=6, out_features=6, bias=True)
    (1): LeakyReLU(negative_slope=0.01, inplace=True)
    (2): Linear(in_features=6, out_features=6, bias=True)
    (3): ReLU(inplace=True)
    (4): Linear(in_features=6, out_features=1, bias=True)
  )
)    Training mode: True    Testing mode: False
--------------------------------------------------
No pre-trained models available, initializing model weights
--------------------------------------------------
Training model with: num_epochs=2600, start_lr=0.0005
torch.Size([132, 6])
torch.Size([132, 6])
torch.Size([132, 6])
torch.Size([132, 6])
torch.Size([132, 6])
torch.Size([132, 6])
torch.Size([132, 6])
torch.Size([132, 6])
torch.Size([132, 6])
torch.Size([132, 6])
torch.Size([105, 6])
Epoch [   1/2600] -> Loss: 14141.5186
torch.Size([132, 6])
torch.Size([132, 6])
torch.Size([132, 6])
torch.Size([132, 6])
torch.Size([132, 6])
torch.Size([132, 6])
torch.Size([132, 6])
torch.Size([132, 6])
torch.Size([132, 6])
torch.Size([132, 6])
torch.Size([105, 6])
Epoch [   2/2600] -> Loss: 13826.4007
torch.Size([132, 6])
torch.Size([132, 6])
torch.Size([132, 6])
torch.Size([132, 6])
torch.Size([132, 6])
torch.Size([132, 6])
torch.Size([132, 6])
torch.Size([132, 6])
torch.Size([132, 6])
torch.Size([132, 6])
torch.Size([105, 6])
Epoch [   3/2600] -> Loss: 13697.7172
torch.Size([132, 6])
torch.Size([132, 6])
torch.Size([132, 6])
torch.Size([132, 6])
torch.Size([132, 6])
torch.Size([132, 6])
torch.Size([132, 6])
torch.Size([132, 6])
torch.Size([132, 6])
torch.Size([132, 6])
torch.Size([105, 6])
Epoch [   4/2600] -> Loss: 13487.2854
torch.Size([132, 6])
torch.Size([132, 6])
torch.Size([132, 6])
torch.Size([132, 6])
torch.Size([132, 6])
torch.Size([132, 6])
torch.Size([132, 6])
torch.Size([132, 6])
torch.Size([132, 6])
torch.Size([132, 6])
torch.Size([105, 6])
Epoch [   5/2600] -> Loss: 13330.3635
torch.Size([132, 6])
torch.Size([132, 6])
torch.Size([132, 6])
torch.Size([132, 6])
torch.Size([132, 6])
torch.Size([132, 6])
torch.Size([132, 6])
torch.Size([132, 6])
torch.Size([132, 6])
torch.Size([132, 6])
torch.Size([105, 6])
Epoch [   6/2600] -> Loss: 13217.6959
torch.Size([132, 6])
torch.Size([132, 6])
torch.Size([132, 6])
torch.Size([132, 6])
torch.Size([132, 6])
torch.Size([132, 6])
torch.Size([132, 6])
torch.Size([132, 6])
torch.Size([132, 6])
torch.Size([132, 6])
torch.Size([105, 6])
Epoch [   7/2600] -> Loss: 13041.8470
torch.Size([132, 6])
torch.Size([132, 6])
torch.Size([132, 6])
torch.Size([132, 6])
torch.Size([132, 6])
torch.Size([132, 6])
torch.Size([132, 6])
torch.Size([132, 6])
torch.Size([132, 6])
torch.Size([132, 6])
torch.Size([105, 6])
Epoch [   8/2600] -> Loss: 12949.3130
torch.Size([132, 6])
torch.Size([132, 6])
torch.Size([132, 6])
torch.Size([132, 6])
torch.Size([132, 6])
torch.Size([132, 6])
torch.Size([132, 6])
torch.Size([132, 6])
torch.Size([132, 6])
torch.Size([132, 6])
torch.Size([105, 6])
Epoch [   9/2600] -> Loss: 12802.0140
torch.Size([132, 6])
torch.Size([132, 6])
torch.Size([132, 6])
torch.Size([132, 6])
torch.Size([132, 6])
torch.Size([132, 6])
torch.Size([132, 6])
torch.Size([132, 6])
torch.Size([132, 6])
torch.Size([132, 6])
torch.Size([105, 6])
Epoch [  10/2600] -> Loss: 12780.4838
torch.Size([132, 6])
torch.Size([132, 6])
torch.Size([132, 6])
torch.Size([132, 6])
torch.Size([132, 6])
torch.Size([132, 6])
torch.Size([132, 6])
torch.Size([132, 6])
torch.Size([132, 6])
torch.Size([132, 6])
torch.Size([105, 6])
Epoch [  11/2600] -> Loss: 12615.9269
torch.Size([132, 6])
torch.Size([132, 6])
torch.Size([132, 6])
torch.Size([132, 6])
torch.Size([132, 6])
torch.Size([132, 6])
torch.Size([132, 6])
torch.Size([132, 6])
torch.Size([132, 6])
torch.Size([132, 6])
torch.Size([105, 6])
Epoch [  12/2600] -> Loss: 12476.2616
torch.Size([132, 6])
torch.Size([132, 6])
torch.Size([132, 6])
torch.Size([132, 6])
torch.Size([132, 6])
torch.Size([132, 6])
torch.Size([132, 6])
torch.Size([132, 6])
torch.Size([132, 6])
torch.Size([132, 6])
torch.Size([105, 6])
Epoch [  13/2600] -> Loss: 12525.5285
torch.Size([132, 6])
torch.Size([132, 6])
torch.Size([132, 6])
torch.Size([132, 6])
torch.Size([132, 6])
torch.Size([132, 6])
torch.Size([132, 6])
torch.Size([132, 6])
torch.Size([132, 6])
torch.Size([132, 6])
torch.Size([105, 6])
Epoch [  14/2600] -> Loss: 12293.5271
torch.Size([132, 6])
torch.Size([132, 6])
torch.Size([132, 6])
torch.Size([132, 6])
torch.Size([132, 6])
torch.Size([132, 6])
torch.Size([132, 6])
torch.Size([132, 6])
torch.Size([132, 6])
torch.Size([132, 6])
torch.Size([105, 6])
Epoch [  15/2600] -> Loss: 12224.1124
torch.Size([132, 6])
torch.Size([132, 6])
torch.Size([132, 6])
torch.Size([132, 6])
torch.Size([132, 6])
torch.Size([132, 6])
torch.Size([132, 6])
torch.Size([132, 6])
torch.Size([132, 6])
torch.Size([132, 6])
torch.Size([105, 6])
Epoch [  16/2600] -> Loss: 11963.0166
torch.Size([132, 6])
torch.Size([132, 6])
torch.Size([132, 6])
torch.Size([132, 6])
torch.Size([132, 6])
torch.Size([132, 6])
torch.Size([132, 6])
