--------------------------------------------------
Code running on device: cuda
--------------------------------------------------
File location :
    SSN - /home/extern/Documents/Research/scripts/data/SILSO/TSN/SN_m_tot_V2.0.txt
    AA - /home/extern/Documents/Research/scripts/data/ISGI/aa_1869-01-01_2018-12-31_D.dat
--------------------------------------------------
Selected model: FFNN(
  (model): Sequential(
    (0): Linear(in_features=6, out_features=6, bias=True)
    (1): ReLU(inplace=True)
    (2): Linear(in_features=6, out_features=6, bias=True)
    (3): ReLU(inplace=True)
    (4): Linear(in_features=6, out_features=1, bias=True)
  )
)    Training mode: True    Testing mode: False
--------------------------------------------------
Pre-trained model available, loading model weights
--------------------------------------------------
Training model with: num_epochs=2600, start_lr=0.0005
1162.7724609375
2039.6077880859375
1168.114501953125
1633.04931640625
1125.01220703125
923.9705810546875
1530.513916015625
814.7357177734375
2160.23828125
1488.3408203125
2707.890380859375
993.7211303710938
807.335693359375
1422.662109375
777.2821655273438
2594.663330078125
543.4901733398438
901.9832763671875
2470.11865234375
1840.891357421875
978.7586669921875
1423.36669921875
720.36767578125
2226.765380859375
1727.08984375
2367.683837890625
1151.879638671875
1031.09912109375
2143.802490234375
3014.62060546875
943.4281005859375
1895.00244140625
1335.02734375
1172.203125
493.714599609375
3337.25634765625
700.750244140625
1687.5447998046875
1075.7662353515625
718.51953125
1901.3349609375
1662.9622802734375
1608.74755859375
1792.3154296875
1243.924560546875
928.1803588867188
1437.21240234375
801.1095581054688
2594.3603515625
1017.3260498046875
720.3529052734375
1848.1566162109375
689.3890380859375
1096.95751953125
1218.6357421875
807.0076904296875
2042.2752685546875
2810.4326171875
1853.2586669921875
1983.9246826171875
1121.7200927734375
1213.883056640625
2016.061279296875
934.2540283203125
610.0983276367188
1007.7869873046875
1965.625244140625
2098.489013671875
3476.755615234375
1180.5377197265625
1698.9876708984375
649.4368896484375
1183.0677490234375
536.8082885742188
2778.283935546875
2208.33154296875
4119.75341796875
1117.6165771484375
840.5321655273438
2561.69189453125
1363.1270751953125
1805.2626953125
2271.642578125
628.5479736328125
638.2061157226562
1053.326904296875
773.5853881835938
1525.6024169921875
965.5595092773438
1280.07275390625
2122.89404296875
2220.80322265625
2524.178466796875
3633.59375
2007.8109130859375
1154.5283203125
1222.214599609375
829.9386596679688
3093.40185546875
1498.5009765625
1030.8587646484375
1042.249755859375
1149.4501953125
1682.853515625
1462.6033935546875
665.8690185546875
585.47265625
1575.1839599609375
797.7572631835938
1206.7252197265625
4228.44970703125
1364.736328125
991.587158203125
2546.091552734375
1053.643798828125
1173.1722412109375
1490.2015380859375
1382.5906982421875
409.3727111816406
Epoch [   1/2600] -> Loss: 1521.6831
2684.99609375
1149.3118896484375
1177.970947265625
539.1494140625
699.2150268554688
2514.003662109375
945.1410522460938
1370.4608154296875
1634.1302490234375
1095.272705078125
547.7811889648438
1193.082275390625
654.61865234375
3011.64306640625
770.1103515625
3232.806640625
1125.01953125
1675.635986328125
2102.748779296875
1706.148193359375
1302.390869140625
695.3131713867188
4111.5244140625
1059.07177734375
1153.686279296875
1226.65478515625
1264.628662109375
1638.90771484375
2288.278564453125
473.95330810546875
1415.05517578125
1417.7244873046875
1810.6474609375
1025.9246826171875
743.4962158203125
653.2346801757812
978.7474975585938
829.4041748046875
3958.5986328125
533.0910034179688
628.6104736328125
1179.322509765625
1823.9212646484375
876.5236206054688
1665.0159912109375
2600.173583984375
1065.14306640625
1026.1829833984375
1327.953369140625
2502.3701171875
2313.33837890625
558.318603515625
1636.236083984375
2542.28955078125
1664.0693359375
536.7678833007812
2665.35107421875
676.796875
1813.69970703125
1630.791748046875
988.466796875
1656.3968505859375
1546.4013671875
1567.5595703125
1926.749755859375
1185.607666015625
731.841552734375
940.936767578125
1511.3392333984375
2284.9033203125
462.51507568359375
4532.2939453125
1636.9759521484375
2740.57421875
1345.105224609375
1397.8388671875
2400.489013671875
1185.13232421875
1506.7904052734375
885.97998046875
2201.83984375
1250.107666015625
1085.6234130859375
1035.14013671875
3185.5087890625
1269.5361328125
1506.4814453125
2098.62353515625
1509.362060546875
2289.0048828125
1222.6937255859375
2947.552490234375
3125.3916015625
846.0648193359375
1123.1314697265625
959.0206909179688
1235.23291015625
349.07830810546875
1441.38134765625
675.1728515625
3423.0693359375
2280.55322265625
1383.16259765625
980.7205810546875
2103.832763671875
888.4471435546875
1585.2099609375
1302.2774658203125
975.2957763671875
1176.87060546875
1698.8958740234375
835.647705078125
579.1669311523438
3564.59521484375
1268.87744140625
865.282470703125
980.627197265625
1783.430419921875
1192.9117431640625
Epoch [   2/2600] -> Loss: 1527.7410
1722.4930419921875
1360.862548828125
1778.2890625
1318.4205322265625
842.7596435546875
1737.72265625
461.06353759765625
1257.129638671875
1658.2000732421875
2735.99951171875
1544.883544921875
1161.3797607421875
1266.5296630859375
1487.8016357421875
1230.414794921875
1166.110595703125
1335.6815185546875
1003.5673217773438
626.694091796875
2053.564208984375
1722.492919921875
1151.8125
1022.9168701171875
1955.732421875
1553.4222412109375
2801.93115234375
723.0910034179688
505.49737548828125
1540.9564208984375
2302.001220703125
1989.5872802734375
836.8839111328125
2274.030029296875
2363.141357421875
4041.309326171875
1542.270263671875
2011.1761474609375
1732.89208984375
1538.527099609375
2691.35595703125
1051.688232421875
996.3548583984375
1506.20751953125
1191.359375
1008.6693115234375
2906.7255859375
1383.286865234375
1592.367919921875
1697.9061279296875
1271.038818359375
2056.43017578125
889.2023315429688
1402.362548828125
2398.2294921875
2169.785400390625
908.1039428710938
1603.9775390625
2047.9368896484375
825.3232421875
1277.882080078125
930.0407104492188
695.67041015625
1678.8045654296875
2585.34033203125
548.972900390625
1869.569091796875
1177.793701171875
4934.7705078125
987.0560302734375
1250.95751953125
1344.90966796875
542.433349609375
1952.5380859375
2615.5888671875
390.5329284667969
1349.73876953125
970.202392578125
1665.599609375
1960.4871826171875
602.080078125
1961.389404296875
1002.8739013671875
358.56982421875
1882.309326171875
1152.9564208984375
866.756103515625
1337.18505859375
1646.50048828125
1643.942138671875
1766.994873046875
896.6688232421875
997.5634765625
2617.969482421875
868.660888671875
1225.52099609375
953.0623779296875
2047.26171875
1114.365234375
1059.0086669921875
1374.046630859375
1897.623779296875
2337.20166015625
458.7740173339844
3101.93359375
415.61444091796875
1747.120849609375
1116.673828125
1306.017822265625
1060.525634765625
2353.896484375
1305.5948486328125
1106.959716796875
1635.7708740234375
755.8717651367188
733.6429443359375
2061.3310546875
4033.298583984375
657.7835693359375
1606.299072265625
Epoch [   3/2600] -> Loss: 1518.9417
824.4498901367188
566.9498291015625
592.3466796875
1676.246826171875
476.4283142089844
1619.91015625
2149.737548828125
1399.77001953125
1514.159912109375
1006.1640014648438
946.7908935546875
1634.93994140625
1617.8958740234375
3746.3896484375
1577.102294921875
1040.3377685546875
2640.13525390625
961.3683471679688
1721.57568359375
1723.970458984375
2541.27587890625
688.45947265625
1993.8948974609375
453.6734313964844
780.0333251953125
938.7916870117188
3764.432373046875
825.5753784179688
3686.716796875
500.7530517578125
1320.246337890625
1023.5099487304688
750.7670288085938
1039.320556640625
2044.78515625
635.2122192382812
1921.2509765625
899.4606323242188
1111.904541015625
1534.819091796875
981.22119140625
1902.443359375
3820.97705078125
1001.5291748046875
1121.079833984375
512.4072265625
1460.900390625
587.8325805664062
710.2670288085938
1415.1689453125
1508.8773193359375
1003.3402099609375
605.4589233398438
1158.148681640625
1794.7236328125
2322.182373046875
1703.995849609375
977.618896484375
754.4373779296875
2345.0419921875
3651.894287109375
1984.970458984375
1398.683349609375
1031.4952392578125
2676.32470703125
1094.634521484375
2158.2822265625
1396.6634521484375
2864.435302734375
1647.6038818359375
248.68731689453125
1048.575927734375
1458.28759765625
2417.77392578125
639.3109130859375
627.4619140625
1563.1087646484375
2258.28271484375
2351.0498046875
3228.677734375
1181.28759765625
933.6544189453125
888.7010498046875
1809.45166015625
2712.9013671875
340.32757568359375
1187.763671875
1671.3076171875
1284.580810546875
2303.20947265625
901.3162841796875
3046.856201171875
3676.32373046875
2497.83349609375
1899.8758544921875
1962.662109375
1734.343505859375
1438.08203125
1283.559814453125
2005.761474609375
1337.14013671875
1364.3349609375
2119.476318359375
1356.47119140625
1731.46142578125
1273.4862060546875
1225.836181640625
1885.4984130859375
1972.5843505859375
1343.64892578125
931.7785034179688
1304.64892578125
239.69046020507812
1312.359130859375
820.1232299804688
672.061767578125
1611.387939453125
1393.93115234375
1385.674560546875
Epoch [   4/2600] -> Loss: 1524.0908
1408.1849365234375
3771.04248046875
1155.19580078125
1813.6917724609375
717.6473388671875
502.7245788574219
634.28955078125
2741.278076171875
864.4721069335938
3166.56884765625
2349.92724609375
1495.76171875
2709.49072265625
2519.946533203125
819.72119140625
1091.053955078125
1554.783447265625
972.637451171875
2012.252197265625
3036.447998046875
2451.97216796875
2140.301513671875
1078.31298828125
678.8712158203125
2638.10546875
1659.459228515625
2745.760498046875
394.7532653808594
3118.53125
2212.242919921875
879.6669311523438
2362.025146484375
1312.9407958984375
3281.99267578125
1282.154541015625
887.3873901367188
980.893798828125
933.322509765625
977.5304565429688
1246.487548828125
1020.5387573242188
1867.768310546875
2771.328857421875
2339.5029296875
1037.622314453125
1217.530029296875
2010.0985107421875
713.6434326171875
1181.634765625
1237.892822265625
2630.428466796875
1505.5556640625
1019.8211669921875
1406.3548583984375
1405.1517333984375
1806.4832763671875
1152.3487548828125
2547.30517578125
1489.862060546875
2334.489013671875
1415.022216796875
1385.8421630859375
1038.86376953125
888.0167236328125
2044.1639404296875
884.6319580078125
712.9686889648438
1042.71044921875
2129.606689453125
1973.9979248046875
2018.728271484375
1237.5419921875
1149.211669921875
3161.840576171875
2027.1927490234375
1272.7703857421875
557.2586669921875
1031.5765380859375
1598.4500732421875
1709.3441162109375
736.8490600585938
1196.4837646484375
1626.4248046875
343.02423095703125
969.2208251953125
1934.3197021484375
1778.69677734375
1455.6649169921875
1136.6600341796875
1508.025390625
1786.1834716796875
578.7174682617188
875.4483642578125
683.5263061523438
2464.694091796875
3998.84521484375
1019.7626342773438
913.892822265625
1754.495849609375
1773.4945068359375
822.7315673828125
1132.39599609375
977.7323608398438
2241.794189453125
1267.46484375
1193.650146484375
1617.22509765625
825.4884033203125
641.9896240234375
405.0386657714844
1305.2642822265625
2315.36572265625
1247.1170654296875
877.1053466796875
996.27734375
1205.99853515625
1389.7894287109375
1156.9205322265625
526.7691040039062
Epoch [   5/2600] -> Loss: 1523.1553
1490.501953125
850.6808471679688
1233.706787109375
1936.625244140625
1068.349853515625
1486.191650390625
1837.052734375
2900.64306640625
1081.499267578125
2252.13134765625
1233.196533203125
736.3065795898438
1316.8848876953125
799.7508544921875
745.4501953125
2444.24072265625
992.7958984375
1839.578369140625
1559.072509765625
1484.033935546875
749.828125
433.226806640625
623.8131713867188
871.2589721679688
4233.46826171875
1514.814453125
1511.1689453125
1177.957275390625
1586.487548828125
1115.406005859375
947.169677734375
955.314453125
1532.451171875
3398.548583984375
1312.6092529296875
2064.086181640625
1394.082763671875
603.592041015625
1489.30419921875
2197.56787109375
1032.132568359375
769.9674072265625
398.2781677246094
1290.21044921875
2741.796630859375
375.72283935546875
926.8427124023438
1402.7728271484375
2228.5693359375
1274.3497314453125
1094.849365234375
331.2287292480469
2199.708984375
593.5059204101562
977.4979858398438
4169.04345703125
2267.45263671875
512.7416381835938
1167.1258544921875
2099.44091796875
1171.3291015625
2785.920654296875
1900.245361328125
1193.3533935546875
1365.031005859375
2499.65966796875
1805.2998046875
1129.955078125
875.5458984375
1119.260009765625
2230.335693359375
1092.923828125
1534.03759765625
2230.33740234375
2013.2562255859375
1507.7034912109375
805.597900390625
1402.531005859375
1405.9423828125
2956.6201171875
2995.545654296875
424.6145935058594
2169.25732421875
1276.102294921875
364.40582275390625
736.7994995117188
844.292724609375
1055.1875
2001.6561279296875
798.847900390625
3793.79736328125
759.6764526367188
815.9078979492188
935.7669677734375
938.0411987304688
1508.301513671875
1061.46142578125
2926.24169921875
1545.5335693359375
2312.2568359375
2298.77490234375
2512.006591796875
366.11737060546875
481.3118591308594
786.8268432617188
2994.277099609375
2666.15673828125
1642.9837646484375
813.0673217773438
2174.634521484375
2069.036865234375
346.155517578125
620.0552368164062
4244.16162109375
1812.3388671875
3491.06005859375
727.9723510742188
1361.120361328125
611.667236328125
Epoch [   6/2600] -> Loss: 1522.3730
1132.5430908203125
1358.361083984375
1779.166748046875
540.1644287109375
694.2680053710938
1949.6865234375
1169.509521484375
1781.796875
1147.734619140625
1153.9365234375
1023.097900390625
2209.920654296875
1679.811279296875
1778.3621826171875
1699.994873046875
887.2645263671875
2010.086669921875
682.7841796875
2007.30859375
1800.07275390625
820.3268432617188
1436.1790771484375
1530.731201171875
1697.9622802734375
1228.85888671875
1581.6185302734375
3287.37744140625
1466.0087890625
1634.676513671875
633.7908935546875
1534.298095703125
1821.841796875
1659.0926513671875
2747.01953125
863.7222900390625
1616.45263671875
1350.150634765625
1325.5250244140625
2595.693359375
824.6080322265625
2020.120849609375
4866.60791015625
1030.142333984375
1297.0196533203125
545.6849975585938
2115.200927734375
2518.02587890625
1442.330810546875
552.4069213867188
2308.848388671875
1198.368408203125
371.03021240234375
803.17724609375
1598.9847412109375
2138.4287109375
655.9813842773438
2206.01806640625
938.5573120117188
1416.891845703125
796.346923828125
840.3094482421875
788.1732177734375
1648.3720703125
1155.061279296875
444.5401611328125
988.52392578125
2998.889404296875
1607.703857421875
1195.576171875
900.57568359375
1860.6605224609375
2440.0947265625
1355.2484130859375
1782.984130859375
1223.529541015625
1328.437255859375
1548.176513671875
3928.62109375
1677.72802734375
1150.4166259765625
2300.401123046875
1101.94384765625
1404.836669921875
1072.474853515625
1284.141357421875
964.1471557617188
924.35693359375
1526.18701171875
1383.2259521484375
3206.090576171875
990.584228515625
920.1066284179688
2014.51416015625
1842.397216796875
2469.20458984375
1289.3275146484375
1971.2998046875
3095.37744140625
2004.576171875
2030.32958984375
3392.728271484375
982.6842651367188
674.95849609375
1687.079833984375
360.82275390625
546.9185791015625
2006.220947265625
1114.1513671875
1949.1953125
2368.91455078125
1782.1927490234375
734.3724365234375
2039.71875
1597.964111328125
1364.5872802734375
381.6690368652344
1247.943359375
862.2809448242188
756.666015625
Epoch [   7/2600] -> Loss: 1524.9764
2089.68603515625
959.955810546875
1933.327392578125
1231.0316162109375
1438.427734375
1545.0078125
561.6787109375
2914.988037109375
1349.498046875
1817.313232421875
878.4125366210938
427.6033630371094
1338.472900390625
1312.6416015625
4043.54052734375
1276.494873046875
1665.0712890625
3485.629638671875
1430.9150390625
1036.08642578125
1111.5574951171875
1092.784423828125
886.6779174804688
1967.01953125
1822.370849609375
954.4396362304688
1044.635498046875
1119.865966796875
651.2733764648438
1570.4344482421875
3938.148193359375
767.955078125
311.09149169921875
950.47509765625
1071.9700927734375
658.1668701171875
1511.414794921875
2123.10693359375
1157.1722412109375
1173.843994140625
1277.0733642578125
925.7462158203125
3055.33544921875
1776.11376953125
1566.2181396484375
1842.5994873046875
377.2487487792969
2518.4453125
720.2247924804688
1636.81591796875
1412.8226318359375
2537.531982421875
996.3263549804688
1927.4945068359375
2428.698974609375
1887.1474609375
1547.05810546875
1076.11279296875
1253.9296875
1752.808349609375
797.20849609375
2031.11328125
2141.48974609375
1281.578857421875
2088.136474609375
1503.2244873046875
1348.90087890625
1494.93505859375
1478.875732421875
1274.53564453125
904.0618896484375
1698.575927734375
1335.0279541015625
1113.810791015625
877.0325927734375
1875.086669921875
1127.852294921875
1647.5482177734375
1765.4515380859375
746.3382568359375
834.2684326171875
417.3927917480469
1029.2791748046875
1546.1649169921875
1412.57958984375
962.2725830078125
1846.0672607421875
2084.173583984375
1650.3641357421875
1485.26318359375
2667.033203125
1203.984130859375
1142.6697998046875
2558.73095703125
1607.3358154296875
1970.605224609375
1852.823486328125
2141.6611328125
2255.860595703125
4721.5595703125
713.2745361328125
1008.4918823242188
1880.7977294921875
1130.8907470703125
1335.6021728515625
1171.197998046875
1416.8515625
1585.1455078125
546.2313232421875
1377.3983154296875
893.4212646484375
1861.263671875
2240.27490234375
1615.4945068359375
518.4371337890625
1652.29248046875
4106.63720703125
777.6702880859375
163.0847930908203
Epoch [   8/2600] -> Loss: 1521.4393
1433.4202880859375
299.878173828125
2243.94140625
1797.2791748046875
1176.078857421875
442.7806091308594
3901.9873046875
2483.94970703125
1463.140869140625
1142.09521484375
1966.4296875
734.4090576171875
2330.87841796875
1391.72998046875
1766.7679443359375
804.906005859375
1175.626708984375
1485.4798583984375
1546.150390625
1062.3497314453125
1345.6259765625
2856.31689453125
581.689453125
957.5133666992188
1702.25244140625
2259.867431640625
527.8859252929688
1518.029296875
974.7840576171875
1320.4407958984375
2275.134521484375
788.7191162109375
2093.728515625
553.1878662109375
1442.20263671875
801.37744140625
2574.091796875
1833.123046875
1500.792724609375
757.150146484375
1524.2508544921875
519.676025390625
3360.140625
1125.5428466796875
1647.7679443359375
1412.6546630859375
2450.783935546875
1589.194091796875
1367.1614990234375
1242.21142578125
712.7608642578125
1397.61767578125
1266.309814453125
944.45556640625
1323.2412109375
615.5062255859375
1204.1878662109375
2483.9765625
3296.0869140625
2876.83447265625
662.5645751953125
1688.972412109375
2613.55322265625
1011.5386962890625
1743.589599609375
2304.211669921875
2253.328857421875
2024.2664794921875
661.661865234375
829.2250366210938
2034.658203125
1016.44970703125
3662.512451171875
1797.031005859375
1281.3626708984375
1910.997802734375
2628.6611328125
1610.52294921875
4489.908203125
2964.72119140625
1487.582763671875
732.4198608398438
1151.130615234375
962.7953491210938
814.2697143554688
1496.512451171875
641.7486572265625
807.6937866210938
1625.773193359375
1460.93017578125
1553.5721435546875
1286.0379638671875
1455.891357421875
990.3492431640625
4092.635498046875
1478.742919921875
3422.08203125
321.057861328125
3230.5009765625
1297.5069580078125
604.13037109375
983.1452026367188
1219.60791015625
1786.115234375
594.73388671875
966.9449462890625
1036.8988037109375
1503.215576171875
356.285888671875
1270.8067626953125
197.7227020263672
2595.42236328125
1281.7362060546875
591.0343017578125
446.764404296875
1177.33740234375
1498.505615234375
1136.5386962890625
1118.5133056640625
Epoch [   9/2600] -> Loss: 1525.5293
793.5955810546875
2486.95263671875
369.40032958984375
1867.2723388671875
976.5494995117188
1003.9749755859375
1292.2811279296875
1129.4481201171875
1795.634765625
1196.349609375
2428.361572265625
1835.5174560546875
537.6694946289062
1434.6181640625
1384.5335693359375
308.4408264160156
2439.09912109375
1624.86328125
377.0771484375
917.3936767578125
2451.46484375
1736.210693359375
1594.474609375
964.71923828125
1772.62255859375
1019.0377807617188
1752.424560546875
1240.158203125
1781.400634765625
3783.3896484375
1971.2562255859375
2057.257568359375
1783.771240234375
1168.386962890625
1309.8446044921875
1433.7718505859375
999.30322265625
3800.387451171875
3527.197265625
478.73602294921875
349.66845703125
1244.078125
1665.201171875
3109.823974609375
2790.69091796875
1295.140625
1690.704345703125
1688.2318115234375
867.0927734375
1835.469970703125
3177.4541015625
785.606201171875
1655.6820068359375
2950.70947265625
723.5224609375
1480.2332763671875
1456.7373046875
2060.64990234375
2657.5380859375
1563.01513671875
1265.7283935546875
2169.5048828125
950.90283203125
556.6946411132812
915.206787109375
3054.6923828125
976.1183471679688
988.22998046875
1671.744873046875
1153.935791015625
933.07275390625
1162.952392578125
2099.62451171875
660.4111328125
1438.744140625
741.6680908203125
667.9442138671875
1001.9356689453125
2494.62548828125
1263.68603515625
1830.9837646484375
362.4858093261719
990.5272827148438
1438.845458984375
2521.341552734375
1114.4354248046875
1495.299560546875
1100.6336669921875
1963.7645263671875
795.22607421875
628.1868896484375
1660.177734375
1027.84765625
652.7781982421875
892.888671875
874.0697631835938
899.2886962890625
681.3292236328125
2157.930419921875
1197.84912109375
735.7596435546875
1119.72021484375
705.487548828125
1373.0609130859375
1986.692626953125
1001.274658203125
915.2492065429688
195.97091674804688
1748.9022216796875
2544.802978515625
3769.610107421875
3991.965576171875
3744.07421875
2787.50341796875
2411.921875
1778.3284912109375
995.8616943359375
1187.14111328125
793.3353881835938
Epoch [  10/2600] -> Loss: 1530.3536
2004.125
811.811767578125
769.714599609375
2110.197021484375
2141.5439453125
1677.5048828125
1174.4637451171875
750.5263671875
725.548583984375
1751.8450927734375
826.1026611328125
3104.59326171875
1033.222412109375
1000.3864135742188
1223.643310546875
3400.07177734375
623.4674682617188
483.8204040527344
