----------------------------------------------------------------
Code running on device: cuda
----------------------------------------------------------------
Data loaded from file locations :
    SSN - /home/extern/Documents/Research/scripts/data/SILSO/TSN/SN_m_tot_V2.0.txt
    AA - /home/extern/Documents/Research/scripts/data/ISGI/aa_1869-01-01_2018-12-31_D.dat
----------------------------------------------------------------
Solar cycle data loaded/saved in: cycle_data.pickle
----------------------------------------------------------------
Selected model: FFNN(
  (model): Sequential(
    (0): Linear(in_features=6, out_features=6, bias=True)
    (1): LeakyReLU(negative_slope=0.01, inplace=True)
    (2): Linear(in_features=6, out_features=6, bias=True)
    (3): LeakyReLU(negative_slope=0.01, inplace=True)
    (4): Linear(in_features=6, out_features=1, bias=True)
  )
)    Training mode: True    Testing mode: False
----------------------------------------------------------------
Pre-trained model available, loading model weights
----------------------------------------------------------------
Training model with: num_epochs=1800, start_lr=0.0005
Epoch [   1/1800] -> Loss: 30.8409
Epoch [   2/1800] -> Loss: 30.6973
Epoch [   3/1800] -> Loss: 30.1455
Epoch [   4/1800] -> Loss: 30.2357
Epoch [   5/1800] -> Loss: 29.9656
Epoch [   6/1800] -> Loss: 29.7739
Epoch [   7/1800] -> Loss: 29.6452
Epoch [   8/1800] -> Loss: 29.4877
Epoch [   9/1800] -> Loss: 29.3897
Epoch [  10/1800] -> Loss: 29.2813
Epoch [  11/1800] -> Loss: 29.1576
Epoch [  12/1800] -> Loss: 29.0591
