--------------------------------------------------
Code running on device: cuda
--------------------------------------------------
File location :
    SSN - /home/extern/Documents/Research/scripts/data/SILSO/TSN/SN_m_tot_V2.0.txt
    AA - /home/extern/Documents/Research/scripts/data/ISGI/aa_1869-01-01_2018-12-31_D.dat
--------------------------------------------------
Selected model: FFNN(
  (model): Sequential(
    (0): Linear(in_features=6, out_features=6, bias=True)
    (1): ReLU(inplace=True)
    (2): Linear(in_features=6, out_features=6, bias=True)
    (3): ReLU(inplace=True)
    (4): Linear(in_features=6, out_features=1, bias=True)
  )
)    Training mode: True    Testing mode: False
--------------------------------------------------
No pre-trained models available, initializing model weights
--------------------------------------------------
Training model with: num_epochs=2600, start_lr=0.0005
torch.Size([12, 1])
torch.Size([12, 1])
torch.Size([12, 1])
torch.Size([12, 1])
torch.Size([12, 1])
torch.Size([12, 1])
torch.Size([12, 1])
torch.Size([12, 1])
torch.Size([12, 1])
torch.Size([12, 1])
torch.Size([12, 1])
torch.Size([12, 1])
torch.Size([12, 1])
torch.Size([12, 1])
torch.Size([12, 1])
torch.Size([12, 1])
torch.Size([12, 1])
torch.Size([12, 1])
torch.Size([12, 1])
torch.Size([12, 1])
torch.Size([12, 1])
torch.Size([12, 1])
torch.Size([12, 1])
torch.Size([12, 1])
torch.Size([12, 1])
torch.Size([12, 1])
torch.Size([12, 1])
torch.Size([12, 1])
torch.Size([12, 1])
torch.Size([12, 1])
torch.Size([12, 1])
torch.Size([12, 1])
torch.Size([12, 1])
torch.Size([12, 1])
torch.Size([12, 1])
torch.Size([12, 1])
torch.Size([12, 1])
torch.Size([12, 1])
torch.Size([12, 1])
torch.Size([12, 1])
torch.Size([12, 1])
torch.Size([12, 1])
torch.Size([12, 1])
torch.Size([12, 1])
torch.Size([12, 1])
torch.Size([12, 1])
torch.Size([12, 1])
torch.Size([12, 1])
torch.Size([12, 1])
torch.Size([12, 1])
torch.Size([12, 1])
torch.Size([12, 1])
torch.Size([12, 1])
torch.Size([12, 1])
torch.Size([12, 1])
torch.Size([12, 1])
torch.Size([12, 1])
torch.Size([12, 1])
torch.Size([12, 1])
torch.Size([12, 1])
torch.Size([12, 1])
torch.Size([12, 1])
torch.Size([12, 1])
torch.Size([12, 1])
torch.Size([12, 1])
torch.Size([12, 1])
torch.Size([12, 1])
torch.Size([12, 1])
torch.Size([12, 1])
torch.Size([12, 1])
torch.Size([12, 1])
torch.Size([12, 1])
torch.Size([12, 1])
torch.Size([12, 1])
torch.Size([12, 1])
torch.Size([12, 1])
torch.Size([12, 1])
torch.Size([12, 1])
torch.Size([12, 1])
torch.Size([12, 1])
torch.Size([12, 1])
torch.Size([12, 1])
torch.Size([12, 1])
torch.Size([12, 1])
torch.Size([12, 1])
torch.Size([12, 1])
torch.Size([12, 1])
torch.Size([12, 1])
torch.Size([12, 1])
torch.Size([12, 1])
torch.Size([12, 1])
torch.Size([12, 1])
torch.Size([12, 1])
torch.Size([12, 1])
torch.Size([12, 1])
torch.Size([12, 1])
torch.Size([12, 1])
torch.Size([12, 1])
torch.Size([12, 1])
torch.Size([12, 1])
torch.Size([12, 1])
torch.Size([12, 1])
torch.Size([12, 1])
torch.Size([12, 1])
torch.Size([12, 1])
torch.Size([12, 1])
torch.Size([12, 1])
torch.Size([12, 1])
torch.Size([12, 1])
torch.Size([12, 1])
torch.Size([12, 1])
torch.Size([12, 1])
torch.Size([12, 1])
torch.Size([12, 1])
torch.Size([12, 1])
torch.Size([12, 1])
torch.Size([12, 1])
torch.Size([12, 1])
torch.Size([9, 1])
Epoch [   1/2600] -> Loss: 13245.5212
torch.Size([12, 1])
torch.Size([12, 1])
torch.Size([12, 1])
torch.Size([12, 1])
torch.Size([12, 1])
torch.Size([12, 1])
torch.Size([12, 1])
torch.Size([12, 1])
torch.Size([12, 1])
torch.Size([12, 1])
torch.Size([12, 1])
torch.Size([12, 1])
torch.Size([12, 1])
torch.Size([12, 1])
torch.Size([12, 1])
torch.Size([12, 1])
torch.Size([12, 1])
torch.Size([12, 1])
torch.Size([12, 1])
torch.Size([12, 1])
torch.Size([12, 1])
torch.Size([12, 1])
torch.Size([12, 1])
torch.Size([12, 1])
torch.Size([12, 1])
torch.Size([12, 1])
torch.Size([12, 1])
torch.Size([12, 1])
torch.Size([12, 1])
torch.Size([12, 1])
torch.Size([12, 1])
torch.Size([12, 1])
torch.Size([12, 1])
torch.Size([12, 1])
torch.Size([12, 1])
torch.Size([12, 1])
torch.Size([12, 1])
torch.Size([12, 1])
torch.Size([12, 1])
torch.Size([12, 1])
torch.Size([12, 1])
torch.Size([12, 1])
torch.Size([12, 1])
torch.Size([12, 1])
torch.Size([12, 1])
torch.Size([12, 1])
torch.Size([12, 1])
torch.Size([12, 1])
torch.Size([12, 1])
torch.Size([12, 1])
torch.Size([12, 1])
torch.Size([12, 1])
torch.Size([12, 1])
torch.Size([12, 1])
torch.Size([12, 1])
torch.Size([12, 1])
torch.Size([12, 1])
torch.Size([12, 1])
torch.Size([12, 1])
torch.Size([12, 1])
torch.Size([12, 1])
torch.Size([12, 1])
torch.Size([12, 1])
torch.Size([12, 1])
torch.Size([12, 1])
torch.Size([12, 1])
torch.Size([12, 1])
torch.Size([12, 1])
torch.Size([12, 1])
torch.Size([12, 1])
torch.Size([12, 1])
torch.Size([12, 1])
torch.Size([12, 1])
torch.Size([12, 1])
torch.Size([12, 1])
torch.Size([12, 1])
torch.Size([12, 1])
torch.Size([12, 1])
torch.Size([12, 1])
torch.Size([12, 1])
torch.Size([12, 1])
torch.Size([12, 1])
torch.Size([12, 1])
torch.Size([12, 1])
torch.Size([12, 1])
torch.Size([12, 1])
torch.Size([12, 1])
torch.Size([12, 1])
torch.Size([12, 1])
torch.Size([12, 1])
torch.Size([12, 1])
torch.Size([12, 1])
torch.Size([12, 1])
torch.Size([12, 1])
torch.Size([12, 1])
torch.Size([12, 1])
torch.Size([12, 1])
torch.Size([12, 1])
torch.Size([12, 1])
torch.Size([12, 1])
torch.Size([12, 1])
torch.Size([12, 1])
torch.Size([12, 1])
torch.Size([12, 1])
torch.Size([12, 1])
torch.Size([12, 1])
torch.Size([12, 1])
torch.Size([12, 1])
torch.Size([12, 1])
torch.Size([12, 1])
torch.Size([12, 1])
torch.Size([12, 1])
torch.Size([12, 1])
torch.Size([12, 1])
torch.Size([12, 1])
torch.Size([12, 1])
torch.Size([12, 1])
torch.Size([12, 1])
torch.Size([9, 1])
Epoch [   2/2600] -> Loss: 11887.8559
torch.Size([12, 1])
torch.Size([12, 1])
torch.Size([12, 1])
torch.Size([12, 1])
torch.Size([12, 1])
torch.Size([12, 1])
torch.Size([12, 1])
torch.Size([12, 1])
torch.Size([12, 1])
torch.Size([12, 1])
torch.Size([12, 1])
torch.Size([12, 1])
torch.Size([12, 1])
torch.Size([12, 1])
torch.Size([12, 1])
torch.Size([12, 1])
torch.Size([12, 1])
torch.Size([12, 1])
torch.Size([12, 1])
torch.Size([12, 1])
torch.Size([12, 1])
torch.Size([12, 1])
torch.Size([12, 1])
torch.Size([12, 1])
torch.Size([12, 1])
torch.Size([12, 1])
torch.Size([12, 1])
torch.Size([12, 1])
torch.Size([12, 1])
torch.Size([12, 1])
torch.Size([12, 1])
torch.Size([12, 1])
torch.Size([12, 1])
torch.Size([12, 1])
torch.Size([12, 1])
torch.Size([12, 1])
torch.Size([12, 1])
torch.Size([12, 1])
torch.Size([12, 1])
torch.Size([12, 1])
