Usage: python3 SSN_predictor.py <path_to_ssn_datafile> <path_to_aa_datafile>
----------------------------------------------------------------
Code running on device: cuda
----------------------------------------------------------------
Data loaded from file locations :
    SSN - /home/extern/Documents/Research/scripts/data/SILSO/TSN/SN_m_tot_V2.0.txt
    AA - /home/extern/Documents/Research/scripts/data/ISGI/aa_1869-01-01_2018-12-31_D.dat
----------------------------------------------------------------
Solar cycle data loaded/saved as: cycle_data.pickle
----------------------------------------------------------------
Selected model: FFNN(
  (model): Sequential(
    (0): Linear(in_features=6, out_features=6, bias=True)
    (1): LeakyReLU(negative_slope=0.01, inplace=True)
    (2): Linear(in_features=6, out_features=3, bias=True)
    (3): LeakyReLU(negative_slope=0.01, inplace=True)
    (4): Linear(in_features=3, out_features=1, bias=True)
  )
)    Training mode: True    Testing mode: False
----------------------------------------------------------------
Pre-trained model available, loading model weights
----------------------------------------------------------------
Training model with: num_epochs=1200, start_lr=0.0002
tensor([[-0.9898, -0.1423, -0.8660,  0.5000, 12.9355, 44.0000]],
       device='cuda:0')
tensor([[  0.2817,  -0.9595,  -0.5000,   0.8660,  17.2903, 135.4000]],
       device='cuda:0')
tensor([[  0.2817,  -0.9595,   0.5000,   0.8660,  18.4333, 211.7000]],
       device='cuda:0')
tensor([[-0.5406,  0.8413,  0.5000,  0.8660, 40.6129, 37.0000]],
       device='cuda:0')
tensor([[  0.7557,  -0.6549,   0.8660,  -0.5000,  19.1613, 138.6000]],
       device='cuda:0')
tensor([[ 0.9898, -0.1423,  0.5000, -0.8660, 15.4839, 51.0000]],
       device='cuda:0')
tensor([[ 2.8173e-01, -9.5949e-01, -2.4493e-16,  1.0000e+00,  1.8032e+01,
          1.6490e+02]], device='cuda:0')
tensor([[ 0.9096,  0.4154, -0.5000, -0.8660, 26.3226, 64.8000]],
       device='cuda:0')
tensor([[ 9.8982e-01, -1.4231e-01,  1.2246e-16, -1.0000e+00,  1.1267e+01,
          5.0200e+01]], device='cuda:0')
tensor([[ 0.9898, -0.1423,  0.8660, -0.5000, 16.5714, 34.1000]],
       device='cuda:0')
tensor([[-0.9898, -0.1423, -0.5000, -0.8660, 21.7000, 45.3000]],
       device='cuda:0')
tensor([[ 0.9096,  0.4154,  0.5000,  0.8660, 10.3667, 43.5000]],
       device='cuda:0')
tensor([[5.4064e-01, 8.4125e-01, 1.0000e+00, 6.1232e-17, 5.4000e+00, 2.4000e+00]],
       device='cuda:0')
tensor([[-9.8982e-01, -1.4231e-01,  1.0000e+00,  6.1232e-17,  2.4871e+01,
          8.4100e+01]], device='cuda:0')
tensor([[9.0963e-01, 4.1542e-01, 1.0000e+00, 6.1232e-17, 4.7241e+00, 4.5400e+01]],
       device='cuda:0')
tensor([[ 0.9898, -0.1423,  0.5000, -0.8660, 15.4667, 98.4000]],
       device='cuda:0')
tensor([[  0.2817,  -0.9595,   0.5000,   0.8660,  17.0645, 125.7000]],
       device='cuda:0')
tensor([[-5.4064e-01,  8.4125e-01,  1.0000e+00,  6.1232e-17,  4.0333e+01,
          2.7400e+01]], device='cuda:0')
tensor([[-2.8173e-01, -9.5949e-01,  1.2246e-16, -1.0000e+00,  2.1774e+01,
          1.9110e+02]], device='cuda:0')
tensor([[  0.7557,  -0.6549,   0.8660,  -0.5000,  27.0000, 195.7000]],
       device='cuda:0')
tensor([[-0.2817, -0.9595, -0.8660, -0.5000, 20.6129, 46.1000]],
       device='cuda:0')
tensor([[-2.4493e-16,  1.0000e+00, -8.6603e-01, -5.0000e-01,  6.2258e+00,
          1.7000e+01]], device='cuda:0')
tensor([[ 7.5575e-01, -6.5486e-01, -1.0000e+00, -1.8370e-16,  3.6645e+01,
          2.2280e+02]], device='cuda:0')
tensor([[ 0.9096,  0.4154, -0.8660, -0.5000, 18.3571, 29.9000]],
       device='cuda:0')
tensor([[ 0.9898, -0.1423,  0.5000, -0.8660, 13.3667, 18.8000]],
       device='cuda:0')
tensor([[ 0.7557, -0.6549, -0.5000,  0.8660, 27.2333, 64.2000]],
       device='cuda:0')
tensor([[ -0.9898,  -0.1423,  -0.8660,  -0.5000,  23.7667, 139.8000]],
       device='cuda:0')
tensor([[  0.2817,  -0.9595,  -0.5000,   0.8660,  31.4516, 211.4000]],
       device='cuda:0')
tensor([[  0.2817,  -0.9595,  -0.8660,  -0.5000,  16.5806, 112.5000]],
       device='cuda:0')
tensor([[-7.5575e-01, -6.5486e-01,  1.2246e-16, -1.0000e+00,  2.1258e+01,
          1.2160e+02]], device='cuda:0')
tensor([[ -0.9898,  -0.1423,  -0.5000,   0.8660,  36.5000, 109.6000]],
       device='cuda:0')
tensor([[-0.9096,  0.4154, -0.8660, -0.5000, 17.1613, 49.8000]],
       device='cuda:0')
tensor([[ 9.0963e-01,  4.1542e-01, -1.0000e+00, -1.8370e-16,  2.3677e+01,
          7.3000e+00]], device='cuda:0')
tensor([[ 0.9096,  0.4154, -0.8660, -0.5000,  6.7097,  6.3000]],
       device='cuda:0')
tensor([[ -0.7557,  -0.6549,   0.5000,   0.8660,  18.8710, 127.9000]],
       device='cuda:0')
tensor([[ 2.8173e-01, -9.5949e-01, -1.0000e+00, -1.8370e-16,  3.6161e+01,
          2.7000e+02]], device='cuda:0')
tensor([[ 0.9898, -0.1423, -0.8660, -0.5000, 30.3667, 42.2000]],
       device='cuda:0')
tensor([[ 0.2817, -0.9595, -0.8660,  0.5000, 17.9032, 79.7000]],
       device='cuda:0')
tensor([[-0.9096,  0.4154, -0.5000,  0.8660, 15.6774, 44.5000]],
       device='cuda:0')
tensor([[ 0.9096,  0.4154,  0.5000,  0.8660, 13.8710, 24.7000]],
       device='cuda:0')
tensor([[-2.8173e-01, -9.5949e-01, -1.0000e+00, -1.8370e-16,  1.3655e+01,
          1.2240e+02]], device='cuda:0')
tensor([[5.4064e-01, 8.4125e-01, 1.0000e+00, 6.1232e-17, 2.0600e+01, 6.8000e+00]],
       device='cuda:0')
tensor([[-0.9898, -0.1423, -0.5000, -0.8660, 20.7419, 82.1000]],
       device='cuda:0')
tensor([[ -0.9898,  -0.1423,   0.8660,   0.5000,  23.2500, 134.3000]],
       device='cuda:0')
tensor([[ 9.8982e-01, -1.4231e-01, -2.4493e-16,  1.0000e+00,  2.3600e+01,
          1.6510e+02]], device='cuda:0')
tensor([[ 0.5406,  0.8413, -0.8660,  0.5000, 20.7333,  2.7000]],
       device='cuda:0')
tensor([[ 2.8173e-01, -9.5949e-01, -1.0000e+00, -1.8370e-16,  1.7633e+01,
          1.1910e+02]], device='cuda:0')
tensor([[ 0.9096,  0.4154,  0.8660,  0.5000, 14.3226, 40.3000]],
       device='cuda:0')
tensor([[  0.2817,  -0.9595,  -0.8660,   0.5000,  16.5806, 127.4000]],
       device='cuda:0')
tensor([[-2.4493e-16,  1.0000e+00,  5.0000e-01,  8.6603e-01,  2.2900e+01,
          5.1300e+01]], device='cuda:0')
tensor([[-9.8982e-01, -1.4231e-01,  8.6603e-01,  5.0000e-01,  2.7323e+01,
          1.9000e+02]], device='cuda:0')
tensor([[ -0.2817,  -0.9595,   0.8660,   0.5000,  14.6129, 157.9000]],
       device='cuda:0')
tensor([[  0.7557,  -0.6549,   0.8660,  -0.5000,  19.4194, 219.9000]],
       device='cuda:0')
tensor([[-0.5406,  0.8413,  0.8660,  0.5000, 19.3871, 56.2000]],
       device='cuda:0')
tensor([[-2.8173e-01, -9.5949e-01, -1.0000e+00, -1.8370e-16,  2.3571e+01,
          1.8990e+02]], device='cuda:0')
tensor([[0.9096, 0.4154, 0.8660, 0.5000, 6.9667, 0.0000]], device='cuda:0')
tensor([[-2.4493e-16,  1.0000e+00, -5.0000e-01,  8.6603e-01,  6.1290e+00,
          1.7000e+00]], device='cuda:0')
tensor([[  0.2817,  -0.9595,   0.8660,  -0.5000,  23.4000, 212.1000]],
       device='cuda:0')
tensor([[-0.9898, -0.1423, -0.5000,  0.8660, 20.4194, 86.9000]],
       device='cuda:0')
tensor([[  0.9898,  -0.1423,  -0.5000,   0.8660,  14.0645, 107.3000]],
       device='cuda:0')
tensor([[-0.5406,  0.8413,  0.5000, -0.8660, 27.1667, 39.7000]],
       device='cuda:0')
tensor([[-0.7557, -0.6549, -0.5000,  0.8660, 17.0714, 77.6000]],
       device='cuda:0')
tensor([[-0.5406,  0.8413, -0.5000, -0.8660, 14.2903, 41.8000]],
       device='cuda:0')
tensor([[ 0.9096,  0.4154, -0.8660, -0.5000,  9.9355, 36.5000]],
       device='cuda:0')
tensor([[ -0.7557,  -0.6549,   0.5000,  -0.8660,  18.1290, 150.9000]],
       device='cuda:0')
tensor([[-2.8173e-01, -9.5949e-01,  1.2246e-16, -1.0000e+00,  2.3767e+01,
          2.0950e+02]], device='cuda:0')
tensor([[-7.5575e-01, -6.5486e-01,  1.0000e+00,  6.1232e-17,  2.1250e+01,
          1.1180e+02]], device='cuda:0')
tensor([[-0.5406,  0.8413,  0.8660, -0.5000, 15.3548,  5.9000]],
       device='cuda:0')
tensor([[-9.8982e-01, -1.4231e-01,  1.0000e+00,  6.1232e-17,  2.6500e+01,
          1.8010e+02]], device='cuda:0')
tensor([[-2.4493e-16,  1.0000e+00, -2.4493e-16,  1.0000e+00,  1.5167e+01,
          1.3500e+01]], device='cuda:0')
tensor([[-9.0963e-01,  4.1542e-01,  1.0000e+00,  6.1232e-17,  1.4000e+01,
          4.5700e+01]], device='cuda:0')
tensor([[-0.9898, -0.1423,  0.5000, -0.8660, 18.1667, 89.6000]],
       device='cuda:0')
tensor([[ -0.9898,  -0.1423,   0.8660,  -0.5000,  45.6452, 117.3000]],
       device='cuda:0')
tensor([[ 0.5406,  0.8413, -0.8660, -0.5000, 21.6000,  4.3000]],
       device='cuda:0')
tensor([[-7.5575e-01, -6.5486e-01,  1.2246e-16, -1.0000e+00,  2.4667e+01,
          1.8600e+02]], device='cuda:0')
tensor([[  0.9898,  -0.1423,  -0.8660,   0.5000,  24.8000, 108.7000]],
       device='cuda:0')
tensor([[-0.5406,  0.8413,  0.8660,  0.5000,  8.7667, 13.0000]],
       device='cuda:0')
tensor([[-2.4493e-16,  1.0000e+00,  8.6603e-01, -5.0000e-01,  3.0968e+01,
          1.9400e+01]], device='cuda:0')
tensor([[-5.4064e-01,  8.4125e-01,  1.2246e-16, -1.0000e+00,  3.1500e+01,
          2.6500e+01]], device='cuda:0')
tensor([[5.4064e-01, 8.4125e-01, 1.0000e+00, 6.1232e-17, 1.8267e+01, 7.0000e+00]],
       device='cuda:0')
tensor([[  0.2817,  -0.9595,  -0.5000,   0.8660,  10.5806, 114.9000]],
       device='cuda:0')
tensor([[ 0.9096,  0.4154, -0.5000, -0.8660, 18.7097, 22.3000]],
       device='cuda:0')
tensor([[-2.4493e-16,  1.0000e+00,  1.2246e-16, -1.0000e+00,  1.8903e+01,
          2.1600e+01]], device='cuda:0')
tensor([[ 5.4064e-01,  8.4125e-01,  1.2246e-16, -1.0000e+00,  6.2581e+00,
          4.0000e+00]], device='cuda:0')
tensor([[ 9.8982e-01, -1.4231e-01, -2.4493e-16,  1.0000e+00,  1.6742e+01,
          9.4300e+01]], device='cuda:0')
tensor([[-7.5575e-01, -6.5486e-01, -2.4493e-16,  1.0000e+00,  2.5903e+01,
          1.9830e+02]], device='cuda:0')
tensor([[ 0.2817, -0.9595,  0.8660,  0.5000, 11.4516, 96.2000]],
       device='cuda:0')
tensor([[ 0.9096,  0.4154, -0.8660, -0.5000, 17.0645, 80.2000]],
       device='cuda:0')
tensor([[-2.4493e-16,  1.0000e+00,  1.0000e+00,  6.1232e-17,  1.9129e+01,
          1.1300e+01]], device='cuda:0')
tensor([[ 9.0963e-01,  4.1542e-01, -1.0000e+00, -1.8370e-16,  1.1069e+01,
          8.5000e+00]], device='cuda:0')
tensor([[  0.7557,  -0.6549,   0.5000,  -0.8660,  22.2667, 115.0000]],
       device='cuda:0')
tensor([[-2.4493e-16,  1.0000e+00,  5.0000e-01,  8.6603e-01,  7.0968e+00,
          2.1600e+01]], device='cuda:0')
tensor([[-7.5575e-01, -6.5486e-01, -2.4493e-16,  1.0000e+00,  1.5161e+01,
          1.6660e+02]], device='cuda:0')
tensor([[-2.4493e-16,  1.0000e+00,  1.0000e+00,  6.1232e-17,  3.1107e+01,
          1.6700e+01]], device='cuda:0')
tensor([[ 0.5406,  0.8413, -0.8660,  0.5000, 17.6333, 24.5000]],
       device='cuda:0')
tensor([[ 7.5575e-01, -6.5486e-01, -2.4493e-16,  1.0000e+00,  1.5516e+01,
          1.4820e+02]], device='cuda:0')
tensor([[-0.2817, -0.9595,  0.8660, -0.5000, 25.4839, 48.4000]],
       device='cuda:0')
tensor([[-0.5406,  0.8413, -0.8660, -0.5000, 31.9677, 79.1000]],
       device='cuda:0')
tensor([[-5.4064e-01,  8.4125e-01, -1.0000e+00, -1.8370e-16,  2.8500e+01,
          4.0400e+01]], device='cuda:0')
tensor([[-9.8982e-01, -1.4231e-01, -1.0000e+00, -1.8370e-16,  1.6774e+01,
          8.5300e+01]], device='cuda:0')
tensor([[-2.4493e-16,  1.0000e+00,  1.0000e+00,  6.1232e-17,  5.4516e+00,
          5.0000e-01]], device='cuda:0')
tensor([[-7.5575e-01, -6.5486e-01, -2.4493e-16,  1.0000e+00,  2.6323e+01,
          1.1930e+02]], device='cuda:0')
tensor([[-9.8982e-01, -1.4231e-01, -2.4493e-16,  1.0000e+00,  2.1933e+01,
          5.9200e+01]], device='cuda:0')
tensor([[ 9.0963e-01,  4.1542e-01, -2.4493e-16,  1.0000e+00,  2.0067e+01,
          1.0470e+02]], device='cuda:0')
tensor([[-0.5406,  0.8413, -0.8660, -0.5000, 15.2857, 35.2000]],
       device='cuda:0')
tensor([[-0.9898, -0.1423,  0.5000, -0.8660, 24.7667, 98.5000]],
       device='cuda:0')
tensor([[-0.9096,  0.4154, -0.5000, -0.8660, 25.3871, 87.2000]],
       device='cuda:0')
tensor([[  0.7557,  -0.6549,   0.8660,  -0.5000,  11.9032, 121.6000]],
       device='cuda:0')
tensor([[-0.9096,  0.4154,  0.8660, -0.5000, 37.0323, 65.4000]],
       device='cuda:0')
tensor([[-2.8173e-01, -9.5949e-01, -1.0000e+00, -1.8370e-16,  1.1800e+01,
          8.1700e+01]], device='cuda:0')
tensor([[ -0.7557,  -0.6549,  -0.8660,  -0.5000,  23.5862, 149.9000]],
       device='cuda:0')
tensor([[ 0.5406,  0.8413,  0.8660, -0.5000, 10.4839, 22.5000]],
       device='cuda:0')
tensor([[ -0.7557,  -0.6549,   0.5000,   0.8660,  16.6452, 118.2000]],
       device='cuda:0')
tensor([[-2.4493e-16,  1.0000e+00,  5.0000e-01,  8.6603e-01,  1.4194e+01,
          1.1100e+01]], device='cuda:0')
tensor([[-2.4493e-16,  1.0000e+00,  5.0000e-01, -8.6603e-01,  1.9200e+01,
          2.2500e+01]], device='cuda:0')
tensor([[-2.8173e-01, -9.5949e-01, -2.4493e-16,  1.0000e+00,  2.3742e+01,
          1.2830e+02]], device='cuda:0')
tensor([[  0.2817,  -0.9595,  -0.5000,   0.8660,  18.9000, 232.2000]],
       device='cuda:0')
tensor([[-0.9096,  0.4154,  0.5000, -0.8660, 25.8000, 60.5000]],
       device='cuda:0')
tensor([[-9.8982e-01, -1.4231e-01,  1.2246e-16, -1.0000e+00,  2.2742e+01,
          5.1200e+01]], device='cuda:0')
tensor([[-9.0963e-01,  4.1542e-01, -2.4493e-16,  1.0000e+00,  1.3667e+01,
          1.4000e+01]], device='cuda:0')
tensor([[ 0.9096,  0.4154,  0.8660,  0.5000, 13.0645,  0.4000]],
       device='cuda:0')
tensor([[-0.9898, -0.1423, -0.5000,  0.8660, 28.1000, 77.7000]],
       device='cuda:0')
tensor([[-7.5575e-01, -6.5486e-01,  1.0000e+00,  6.1232e-17,  1.3935e+01,
          7.1000e+01]], device='cuda:0')
tensor([[-9.8982e-01, -1.4231e-01, -2.4493e-16,  1.0000e+00,  2.4097e+01,
          7.6700e+01]], device='cuda:0')
tensor([[ 0.9096,  0.4154, -0.8660,  0.5000, 12.9677,  3.0000]],
       device='cuda:0')
tensor([[  0.7557,  -0.6549,  -0.8660,  -0.5000,  27.1935, 119.7000]],
       device='cuda:0')
tensor([[ 9.8982e-01, -1.4231e-01, -1.0000e+00, -1.8370e-16,  2.7774e+01,
          1.6770e+02]], device='cuda:0')
tensor([[-7.5575e-01, -6.5486e-01,  1.2246e-16, -1.0000e+00,  3.0968e+01,
          1.7710e+02]], device='cuda:0')
tensor([[-0.9898, -0.1423, -0.8660, -0.5000, 35.8333, 94.0000]],
       device='cuda:0')
tensor([[ 2.8173e-01, -9.5949e-01, -1.0000e+00, -1.8370e-16,  1.5179e+01,
          1.5510e+02]], device='cuda:0')
tensor([[-2.8173e-01, -9.5949e-01,  1.0000e+00,  6.1232e-17,  2.4258e+01,
          1.3430e+02]], device='cuda:0')
tensor([[-0.9096,  0.4154, -0.8660, -0.5000, 17.9000,  8.3000]],
       device='cuda:0')
tensor([[ -0.2817,  -0.9595,   0.8660,  -0.5000,  26.1429, 198.6000]],
       device='cuda:0')
tensor([[ 9.8982e-01, -1.4231e-01,  8.6603e-01,  5.0000e-01,  1.8871e+01,
          1.5700e+02]], device='cuda:0')
tensor([[-0.9898, -0.1423, -0.8660, -0.5000, 18.5161, 58.0000]],
       device='cuda:0')
tensor([[-5.4064e-01,  8.4125e-01, -1.0000e+00, -1.8370e-16,  3.3387e+01,
          6.7100e+01]], device='cuda:0')
tensor([[-2.4493e-16,  1.0000e+00,  5.0000e-01,  8.6603e-01,  1.8484e+01,
          1.3400e+01]], device='cuda:0')
tensor([[  0.2817,  -0.9595,   0.8660,  -0.5000,  22.3214, 214.1000]],
       device='cuda:0')
tensor([[-2.8173e-01, -9.5949e-01, -2.4493e-16,  1.0000e+00,  2.3161e+01,
          4.7900e+01]], device='cuda:0')
tensor([[ 0.5406,  0.8413, -0.5000,  0.8660,  7.0645, 20.4000]],
       device='cuda:0')
tensor([[-9.8982e-01, -1.4231e-01,  5.0000e-01,  8.6603e-01,  2.7516e+01,
          1.4690e+02]], device='cuda:0')
tensor([[ 7.5575e-01, -6.5486e-01,  1.0000e+00,  6.1232e-17,  1.7581e+01,
          1.0470e+02]], device='cuda:0')
tensor([[-9.0963e-01,  4.1542e-01, -2.4493e-16,  1.0000e+00,  1.7581e+01,
          7.7200e+01]], device='cuda:0')
tensor([[-7.5575e-01, -6.5486e-01, -1.0000e+00, -1.8370e-16,  2.6258e+01,
          1.6260e+02]], device='cuda:0')
tensor([[ 0.9096,  0.4154, -0.5000,  0.8660, 12.6552, 40.8000]],
       device='cuda:0')
tensor([[ -0.7557,  -0.6549,   0.5000,   0.8660,  18.1667, 131.6000]],
       device='cuda:0')
tensor([[-0.9096,  0.4154,  0.8660,  0.5000, 17.3226, 36.9000]],
       device='cuda:0')
tensor([[ 7.5575e-01, -6.5486e-01, -1.0000e+00, -1.8370e-16,  2.6250e+01,
          1.1640e+02]], device='cuda:0')
tensor([[ 0.9096,  0.4154,  0.8660, -0.5000, 21.8333,  0.4000]],
       device='cuda:0')
tensor([[ 2.8173e-01, -9.5949e-01,  1.0000e+00,  6.1232e-17,  2.6786e+01,
          7.8200e+01]], device='cuda:0')
tensor([[-7.5575e-01, -6.5486e-01, -2.4493e-16,  1.0000e+00,  2.7600e+01,
          1.5600e+02]], device='cuda:0')
tensor([[ 2.8173e-01, -9.5949e-01, -2.4493e-16,  1.0000e+00,  1.6667e+01,
          1.2460e+02]], device='cuda:0')
tensor([[ 5.4064e-01,  8.4125e-01,  1.2246e-16, -1.0000e+00,  2.9367e+01,
          2.7900e+01]], device='cuda:0')
tensor([[-0.7557, -0.6549,  0.8660,  0.5000, 15.6667, 99.0000]],
       device='cuda:0')
tensor([[ 0.5406,  0.8413, -0.5000,  0.8660, 10.1000, 10.2000]],
       device='cuda:0')
tensor([[-2.8173e-01, -9.5949e-01,  1.2246e-16, -1.0000e+00,  2.1903e+01,
          8.6500e+01]], device='cuda:0')
tensor([[ 0.7557, -0.6549,  0.5000,  0.8660, 20.3548, 78.8000]],
       device='cuda:0')
tensor([[ 0.9898, -0.1423,  0.5000, -0.8660, 11.7667, 21.2000]],
       device='cuda:0')
tensor([[-2.4493e-16,  1.0000e+00,  5.0000e-01, -8.6603e-01,  1.7290e+01,
          1.4800e+01]], device='cuda:0')
tensor([[ -0.2817,  -0.9595,   0.5000,   0.8660,  20.4000, 222.7000]],
       device='cuda:0')
tensor([[-9.8982e-01, -1.4231e-01,  1.0000e+00,  6.1232e-17,  1.9833e+01,
          1.4220e+02]], device='cuda:0')
tensor([[-9.0963e-01,  4.1542e-01, -1.0000e+00, -1.8370e-16,  2.6586e+01,
          1.1020e+02]], device='cuda:0')
tensor([[ 9.0963e-01,  4.1542e-01,  1.2246e-16, -1.0000e+00,  1.1467e+01,
          1.8800e+01]], device='cuda:0')
tensor([[-9.8982e-01, -1.4231e-01, -2.4493e-16,  1.0000e+00,  2.2032e+01,
          9.1500e+01]], device='cuda:0')
tensor([[-0.9096,  0.4154, -0.5000,  0.8660, 33.1333, 90.4000]],
       device='cuda:0')
tensor([[-2.8173e-01, -9.5949e-01, -5.0000e-01, -8.6603e-01,  2.4355e+01,
          3.0770e+02]], device='cuda:0')
tensor([[-2.4493e-16,  1.0000e+00,  5.0000e-01, -8.6603e-01,  7.1429e+00,
          4.0000e+00]], device='cuda:0')
tensor([[-9.8982e-01, -1.4231e-01, -1.0000e+00, -1.8370e-16,  2.8036e+01,
          8.3100e+01]], device='cuda:0')
tensor([[-0.9096,  0.4154, -0.8660, -0.5000, 20.9032, 33.2000]],
       device='cuda:0')
tensor([[ 9.8982e-01, -1.4231e-01, -5.0000e-01,  8.6603e-01,  1.8452e+01,
          2.1540e+02]], device='cuda:0')
tensor([[ 0.7557, -0.6549, -0.8660,  0.5000, 15.1000, 96.1000]],
       device='cuda:0')
tensor([[ 2.8173e-01, -9.5949e-01,  1.0000e+00,  6.1232e-17,  2.5929e+01,
          1.7050e+02]], device='cuda:0')
tensor([[-5.4064e-01,  8.4125e-01, -2.4493e-16,  1.0000e+00,  2.6767e+01,
          3.5900e+01]], device='cuda:0')
tensor([[ 0.5406,  0.8413, -0.8660,  0.5000,  8.8333, 10.1000]],
       device='cuda:0')
tensor([[ 0.9898, -0.1423, -0.5000,  0.8660, 12.1667, 76.6000]],
       device='cuda:0')
tensor([[-9.0963e-01,  4.1542e-01,  1.0000e+00,  6.1232e-17,  3.3484e+01,
          4.1500e+01]], device='cuda:0')
tensor([[ -0.9898,  -0.1423,  -0.5000,   0.8660,  28.5484, 116.9000]],
       device='cuda:0')
tensor([[ -0.2817,  -0.9595,   0.8660,   0.5000,  21.1379, 122.0000]],
       device='cuda:0')
tensor([[  0.9898,  -0.1423,   0.8660,  -0.5000,  18.2258, 125.0000]],
       device='cuda:0')
tensor([[ 7.5575e-01, -6.5486e-01,  1.0000e+00,  6.1232e-17,  1.4032e+01,
          1.5640e+02]], device='cuda:0')
tensor([[-0.9096,  0.4154, -0.8660,  0.5000, 25.5333, 48.2000]],
       device='cuda:0')
tensor([[ 2.8173e-01, -9.5949e-01, -1.0000e+00, -1.8370e-16,  1.2548e+01,
          7.6600e+01]], device='cuda:0')
tensor([[ 9.8982e-01, -1.4231e-01, -1.0000e+00, -1.8370e-16,  1.7200e+01,
          1.4980e+02]], device='cuda:0')
tensor([[  0.2817,  -0.9595,   0.8660,   0.5000,  17.9032, 225.7000]],
       device='cuda:0')
tensor([[-7.5575e-01, -6.5486e-01,  1.2246e-16, -1.0000e+00,  3.6167e+01,
          1.8190e+02]], device='cuda:0')
tensor([[  0.9898,  -0.1423,   0.8660,   0.5000,  15.6667, 108.9000]],
       device='cuda:0')
tensor([[ 0.9096,  0.4154,  0.5000,  0.8660, 16.1000,  1.0000]],
       device='cuda:0')
tensor([[-9.0963e-01,  4.1542e-01, -2.4493e-16,  1.0000e+00,  2.7548e+01,
          9.6900e+01]], device='cuda:0')
tensor([[ 0.9898, -0.1423,  0.8660, -0.5000, 13.2258, 85.8000]],
       device='cuda:0')
tensor([[  0.2817,  -0.9595,  -0.8660,   0.5000,  20.8065, 116.1000]],
       device='cuda:0')
tensor([[ 2.8173e-01, -9.5949e-01,  1.0000e+00,  6.1232e-17,  1.2323e+01,
          2.2090e+02]], device='cuda:0')
tensor([[  0.2817,  -0.9595,  -0.8660,  -0.5000,  32.9677, 267.4000]],
       device='cuda:0')
tensor([[ 9.0963e-01,  4.1542e-01, -2.4493e-16,  1.0000e+00,  1.3633e+01,
          2.8900e+01]], device='cuda:0')
tensor([[ 2.8173e-01, -9.5949e-01,  1.0000e+00,  6.1232e-17,  1.9839e+01,
          8.9300e+01]], device='cuda:0')
tensor([[ 0.2817, -0.9595, -0.8660,  0.5000, 19.5667, 87.8000]],
       device='cuda:0')
tensor([[ -0.7557,  -0.6549,   0.5000,  -0.8660,  32.1667, 175.6000]],
       device='cuda:0')
tensor([[ 9.0963e-01,  4.1542e-01, -1.0000e+00, -1.8370e-16,  1.3548e+01,
          7.6200e+01]], device='cuda:0')
tensor([[-5.4064e-01,  8.4125e-01, -2.4493e-16,  1.0000e+00,  3.0290e+01,
          3.2000e+01]], device='cuda:0')
tensor([[-0.9898, -0.1423,  0.8660, -0.5000, 13.5161, 50.4000]],
       device='cuda:0')
tensor([[ 0.9096,  0.4154,  0.8660, -0.5000,  6.7419,  0.4000]],
       device='cuda:0')
tensor([[ 2.8173e-01, -9.5949e-01, -2.4493e-16,  1.0000e+00,  1.6903e+01,
          1.3190e+02]], device='cuda:0')
tensor([[-0.5406,  0.8413,  0.8660, -0.5000, 18.8571, 87.9000]],
       device='cuda:0')
tensor([[ 0.5406,  0.8413, -0.8660,  0.5000, 24.0333, 17.9000]],
       device='cuda:0')
tensor([[ 0.9898, -0.1423, -0.8660,  0.5000, 13.3929, 70.4000]],
       device='cuda:0')
tensor([[-0.2817, -0.9595, -0.8660,  0.5000, 15.5806, 75.2000]],
       device='cuda:0')
tensor([[  0.2817,  -0.9595,  -0.8660,  -0.5000,  19.3871, 226.1000]],
       device='cuda:0')
tensor([[-2.8173e-01, -9.5949e-01,  1.0000e+00,  6.1232e-17,  1.4581e+01,
          1.1790e+02]], device='cuda:0')
tensor([[-0.5406,  0.8413,  0.8660, -0.5000, 33.7419, 30.9000]],
       device='cuda:0')
tensor([[  0.7557,  -0.6549,   0.5000,   0.8660,  15.7333, 107.0000]],
       device='cuda:0')
tensor([[ 2.8173e-01, -9.5949e-01,  1.0000e+00,  6.1232e-17,  5.6967e+01,
          3.3400e+02]], device='cuda:0')
tensor([[-5.4064e-01,  8.4125e-01,  1.0000e+00,  6.1232e-17,  1.7806e+01,
          2.1600e+01]], device='cuda:0')
tensor([[  0.7557,  -0.6549,  -0.5000,  -0.8660,  28.6452, 193.7000]],
       device='cuda:0')
tensor([[ 0.9898, -0.1423,  0.8660,  0.5000,  9.7419, 46.9000]],
       device='cuda:0')
tensor([[ 7.5575e-01, -6.5486e-01, -2.4493e-16,  1.0000e+00,  2.6300e+01,
          1.2170e+02]], device='cuda:0')
tensor([[ 9.0963e-01,  4.1542e-01,  1.2246e-16, -1.0000e+00,  1.4935e+01,
          6.4200e+01]], device='cuda:0')
tensor([[-9.0963e-01,  4.1542e-01,  1.0000e+00,  6.1232e-17,  2.2000e+01,
          7.6100e+01]], device='cuda:0')
tensor([[-2.8173e-01, -9.5949e-01,  1.0000e+00,  6.1232e-17,  1.8452e+01,
          8.9600e+01]], device='cuda:0')
tensor([[ -0.7557,  -0.6549,   0.8660,   0.5000,  37.4194, 197.0000]],
       device='cuda:0')
tensor([[ 0.5406,  0.8413,  0.5000, -0.8660, 19.3226, 16.8000]],
       device='cuda:0')
tensor([[0.5406, 0.8413, 0.5000, 0.8660, 7.9333, 0.0000]], device='cuda:0')
tensor([[ 7.5575e-01, -6.5486e-01,  1.2246e-16, -1.0000e+00,  2.0226e+01,
          1.3140e+02]], device='cuda:0')
tensor([[ 5.4064e-01,  8.4125e-01, -2.4493e-16,  1.0000e+00,  1.0161e+01,
          5.3000e+00]], device='cuda:0')
tensor([[-9.0963e-01,  4.1542e-01,  1.0000e+00,  6.1232e-17,  2.9233e+01,
          9.4400e+01]], device='cuda:0')
tensor([[-5.4064e-01,  8.4125e-01, -2.4493e-16,  1.0000e+00,  1.5367e+01,
          1.7900e+01]], device='cuda:0')
tensor([[ 0.9096,  0.4154, -0.5000, -0.8660, 11.2258,  8.5000]],
       device='cuda:0')
tensor([[-2.4493e-16,  1.0000e+00,  8.6603e-01,  5.0000e-01,  2.3710e+01,
          4.6300e+01]], device='cuda:0')
tensor([[ 0.5406,  0.8413, -0.5000,  0.8660, 29.7000, 17.0000]],
       device='cuda:0')
tensor([[-7.5575e-01, -6.5486e-01,  1.2246e-16, -1.0000e+00,  1.8033e+01,
          1.7240e+02]], device='cuda:0')
tensor([[9.0963e-01, 4.1542e-01, 1.0000e+00, 6.1232e-17, 2.6645e+01, 1.8300e+01]],
       device='cuda:0')
tensor([[  0.7557,  -0.6549,  -0.8660,  -0.5000,  21.4333, 142.7000]],
       device='cuda:0')
tensor([[ 9.8982e-01, -1.4231e-01,  1.2246e-16, -1.0000e+00,  1.9290e+01,
          3.8200e+01]], device='cuda:0')
tensor([[  0.2817,  -0.9595,  -0.5000,  -0.8660,  21.5484, 223.5000]],
       device='cuda:0')
tensor([[ 9.8982e-01, -1.4231e-01, -2.4493e-16,  1.0000e+00,  2.0323e+01,
          8.8700e+01]], device='cuda:0')
tensor([[ -0.9898,  -0.1423,   0.8660,   0.5000,  42.4194, 139.4000]],
       device='cuda:0')
tensor([[ 5.4064e-01,  8.4125e-01, -2.4493e-16,  1.0000e+00,  6.7742e+00,
          2.2500e+01]], device='cuda:0')
tensor([[ -0.2817,  -0.9595,  -0.5000,  -0.8660,  23.7742, 212.3000]],
       device='cuda:0')
tensor([[ -0.9096,   0.4154,   0.8660,   0.5000,  23.8387, 113.8000]],
       device='cuda:0')
tensor([[  0.2817,  -0.9595,  -0.5000,   0.8660,  20.7667, 181.3000]],
       device='cuda:0')
tensor([[ -0.7557,  -0.6549,  -0.8660,  -0.5000,  23.5484, 149.8000]],
       device='cuda:0')
tensor([[ 0.5406,  0.8413,  0.8660, -0.5000, 14.3548, 17.5000]],
       device='cuda:0')
tensor([[ 9.8982e-01, -1.4231e-01,  1.0000e+00,  6.1232e-17,  2.2194e+01,
          1.3100e+02]], device='cuda:0')
tensor([[ 0.5406,  0.8413, -0.5000,  0.8660, 21.6452, 15.8000]],
       device='cuda:0')
tensor([[ 0.9096,  0.4154, -0.5000,  0.8660, 24.9667, 19.0000]],
       device='cuda:0')
tensor([[  0.7557,  -0.6549,  -0.5000,   0.8660,  25.1613, 111.7000]],
       device='cuda:0')
tensor([[  0.2817,  -0.9595,   0.5000,   0.8660,  18.2333, 192.3000]],
       device='cuda:0')
tensor([[ -0.9096,   0.4154,   0.8660,   0.5000,  21.5484, 108.9000]],
       device='cuda:0')
tensor([[ -0.9898,  -0.1423,  -0.5000,   0.8660,  26.1290, 122.0000]],
       device='cuda:0')
tensor([[ -0.2817,  -0.9595,  -0.5000,   0.8660,  33.5000, 225.3000]],
       device='cuda:0')
tensor([[ 0.9096,  0.4154,  0.5000, -0.8660, 13.6000, 20.8000]],
       device='cuda:0')
tensor([[  0.7557,  -0.6549,  -0.5000,  -0.8660,  22.1613, 173.9000]],
       device='cuda:0')
tensor([[-9.8982e-01, -1.4231e-01,  1.2246e-16, -1.0000e+00,  2.2400e+01,
          1.0110e+02]], device='cuda:0')
tensor([[-5.4064e-01,  8.4125e-01,  1.0000e+00,  6.1232e-17,  1.3419e+01,
          6.9700e+01]], device='cuda:0')
tensor([[ 9.0963e-01,  4.1542e-01,  1.2246e-16, -1.0000e+00,  1.6967e+01,
          7.9000e+00]], device='cuda:0')
tensor([[-5.4064e-01,  8.4125e-01, -2.4493e-16,  1.0000e+00,  7.7419e+00,
          8.2000e+00]], device='cuda:0')
tensor([[-0.9898, -0.1423, -0.5000,  0.8660, 14.6429, 52.5000]],
       device='cuda:0')
tensor([[ 9.0963e-01,  4.1542e-01,  1.2246e-16, -1.0000e+00,  1.2226e+01,
          1.2900e+01]], device='cuda:0')
tensor([[ 0.9898, -0.1423,  0.5000,  0.8660,  9.5333, 14.5000]],
       device='cuda:0')
tensor([[  0.7557,  -0.6549,  -0.5000,   0.8660,  21.0968, 117.1000]],
       device='cuda:0')
tensor([[-0.7557, -0.6549, -0.5000,  0.8660, 22.3548, 73.4000]],
       device='cuda:0')
tensor([[-2.4493e-16,  1.0000e+00, -1.0000e+00, -1.8370e-16,  1.2645e+01,
          3.4300e+01]], device='cuda:0')
tensor([[-9.0963e-01,  4.1542e-01, -2.4493e-16,  1.0000e+00,  1.2032e+01,
          4.0800e+01]], device='cuda:0')
tensor([[-0.5406,  0.8413,  0.5000, -0.8660,  9.0000, 22.8000]],
       device='cuda:0')
tensor([[ 9.8982e-01, -1.4231e-01,  1.0000e+00,  6.1232e-17,  1.3033e+01,
          4.6000e+01]], device='cuda:0')
tensor([[ 2.8173e-01, -9.5949e-01, -2.4493e-16,  1.0000e+00,  1.5677e+01,
          2.5470e+02]], device='cuda:0')
tensor([[ 2.8173e-01, -9.5949e-01,  1.0000e+00,  6.1232e-17,  3.2900e+01,
          1.6630e+02]], device='cuda:0')
tensor([[-0.5406,  0.8413, -0.5000,  0.8660, 24.1935, 32.2000]],
       device='cuda:0')
tensor([[ 7.5575e-01, -6.5486e-01,  1.0000e+00,  6.1232e-17,  4.3645e+01,
          1.2770e+02]], device='cuda:0')
tensor([[-0.5406,  0.8413, -0.5000,  0.8660, 28.3000, 18.7000]],
       device='cuda:0')
tensor([[-9.8982e-01, -1.4231e-01,  1.2246e-16, -1.0000e+00,  2.2733e+01,
          1.3510e+02]], device='cuda:0')
tensor([[-0.9898, -0.1423, -0.5000, -0.8660, 13.3667, 24.2000]],
       device='cuda:0')
tensor([[  0.9898,  -0.1423,  -0.8660,  -0.5000,  12.2258, 128.2000]],
       device='cuda:0')
tensor([[-7.5575e-01, -6.5486e-01,  1.0000e+00,  6.1232e-17,  1.7387e+01,
          1.7950e+02]], device='cuda:0')
tensor([[ 9.0963e-01,  4.1542e-01,  1.2246e-16, -1.0000e+00,  1.4033e+01,
          1.8500e+01]], device='cuda:0')
tensor([[-2.4493e-16,  1.0000e+00, -8.6603e-01,  5.0000e-01,  5.6129e+00,
          1.2000e+00]], device='cuda:0')
tensor([[  0.9898,  -0.1423,   0.5000,  -0.8660,  19.0714, 121.6000]],
       device='cuda:0')
tensor([[ 0.9898, -0.1423,  0.8660, -0.5000, 14.9032, 39.1000]],
       device='cuda:0')
tensor([[-0.7557, -0.6549,  0.8660, -0.5000, 10.3871, 65.8000]],
       device='cuda:0')
tensor([[ 0.7557, -0.6549,  0.8660,  0.5000, 11.8065, 64.2000]],
       device='cuda:0')
tensor([[-0.7557, -0.6549,  0.8660,  0.5000, 13.2581, 71.4000]],
       device='cuda:0')
tensor([[-0.7557, -0.6549,  0.5000, -0.8660, 14.1000, 91.7000]],
       device='cuda:0')
tensor([[ 0.7557, -0.6549,  0.8660,  0.5000, 20.0000, 99.7000]],
       device='cuda:0')
tensor([[ -0.7557,  -0.6549,  -0.5000,  -0.8660,  27.9677, 197.3000]],
       device='cuda:0')
tensor([[-5.4064e-01,  8.4125e-01,  1.2246e-16, -1.0000e+00,  2.3933e+01,
          3.1200e+01]], device='cuda:0')
tensor([[-0.5406,  0.8413,  0.5000,  0.8660, 23.7333, 64.0000]],
       device='cuda:0')
tensor([[-2.8173e-01, -9.5949e-01, -1.0000e+00, -1.8370e-16,  1.3000e+01,
          9.3100e+01]], device='cuda:0')
tensor([[ 9.8982e-01, -1.4231e-01, -2.4493e-16,  1.0000e+00,  2.0323e+01,
          4.5700e+01]], device='cuda:0')
tensor([[ 2.8173e-01, -9.5949e-01,  5.0000e-01, -8.6603e-01,  1.9161e+01,
          2.8500e+02]], device='cuda:0')
tensor([[ -0.2817,  -0.9595,   0.5000,  -0.8660,  23.2333, 155.1000]],
       device='cuda:0')
tensor([[-0.9898, -0.1423, -0.5000, -0.8660, 24.0645, 91.9000]],
       device='cuda:0')
tensor([[ 9.8982e-01, -1.4231e-01, -1.0000e+00, -1.8370e-16,  1.2613e+01,
          5.6500e+01]], device='cuda:0')
tensor([[-2.8173e-01, -9.5949e-01, -2.4493e-16,  1.0000e+00,  2.0667e+01,
          1.3410e+02]], device='cuda:0')
tensor([[ 9.8982e-01, -1.4231e-01, -5.0000e-01,  8.6603e-01,  2.0393e+01,
          1.4300e+02]], device='cuda:0')
tensor([[-0.7557, -0.6549, -0.5000,  0.8660, 14.0000, 87.9000]],
       device='cuda:0')
tensor([[ 0.9096,  0.4154,  0.5000, -0.8660, 20.4516, 29.7000]],
       device='cuda:0')
tensor([[ 2.8173e-01, -9.5949e-01,  1.2246e-16, -1.0000e+00,  2.4484e+01,
          8.4500e+01]], device='cuda:0')
tensor([[ -0.7557,  -0.6549,  -0.8660,   0.5000,  32.9677, 186.3000]],
       device='cuda:0')
tensor([[ 0.5406,  0.8413,  0.8660, -0.5000, 15.8065, 32.4000]],
       device='cuda:0')
tensor([[ 0.5406,  0.8413,  0.8660, -0.5000, 14.0323,  7.6000]],
       device='cuda:0')
tensor([[  0.2817,  -0.9595,   0.8660,  -0.5000,  27.3226, 192.3000]],
       device='cuda:0')
tensor([[ 2.8173e-01, -9.5949e-01, -2.4493e-16,  1.0000e+00,  1.4323e+01,
          1.0110e+02]], device='cuda:0')
tensor([[-0.9898, -0.1423,  0.8660, -0.5000, 21.5667, 57.3000]],
       device='cuda:0')
tensor([[ 0.9898, -0.1423,  0.5000,  0.8660,  8.1290,  8.7000]],
       device='cuda:0')
tensor([[ 7.5575e-01, -6.5486e-01,  1.2246e-16, -1.0000e+00,  1.3233e+01,
          9.7600e+01]], device='cuda:0')
tensor([[ 0.2817, -0.9595,  0.5000,  0.8660, 20.1935, 69.7000]],
       device='cuda:0')
tensor([[-9.8982e-01, -1.4231e-01,  1.0000e+00,  6.1232e-17,  1.5968e+01,
          1.0960e+02]], device='cuda:0')
tensor([[-9.0963e-01,  4.1542e-01, -1.0000e+00, -1.8370e-16,  1.5613e+01,
          6.4900e+01]], device='cuda:0')
tensor([[-0.9096,  0.4154, -0.5000,  0.8660, 13.4516, 61.9000]],
       device='cuda:0')
tensor([[-0.7557, -0.6549, -0.5000, -0.8660, 22.2667, 51.7000]],
       device='cuda:0')
tensor([[-0.9096,  0.4154, -0.5000, -0.8660, 12.6667, 26.1000]],
       device='cuda:0')
tensor([[  0.7557,  -0.6549,  -0.5000,  -0.8660,  24.9000, 156.2000]],
       device='cuda:0')
tensor([[ 7.5575e-01, -6.5486e-01, -2.4493e-16,  1.0000e+00,  1.9200e+01,
          1.1980e+02]], device='cuda:0')
tensor([[ -0.9898,  -0.1423,   0.5000,  -0.8660,  45.9000, 126.9000]],
       device='cuda:0')
tensor([[ 9.0963e-01,  4.1542e-01,  1.2246e-16, -1.0000e+00,  1.3032e+01,
          3.9100e+01]], device='cuda:0')
tensor([[ -0.7557,  -0.6549,  -0.5000,   0.8660,  32.3000, 170.3000]],
       device='cuda:0')
tensor([[ 7.5575e-01, -6.5486e-01,  1.2246e-16, -1.0000e+00,  1.6400e+01,
          9.1800e+01]], device='cuda:0')
tensor([[-0.5406,  0.8413, -0.5000,  0.8660,  8.0345,  0.0000]],
       device='cuda:0')
tensor([[ 5.4064e-01,  8.4125e-01, -1.0000e+00, -1.8370e-16,  2.5742e+01,
          1.5800e+01]], device='cuda:0')
tensor([[ 5.4064e-01,  8.4125e-01,  1.2246e-16, -1.0000e+00,  7.0333e+00,
          1.2600e+01]], device='cuda:0')
tensor([[ 0.9898, -0.1423, -0.5000, -0.8660,  7.8710, 27.5000]],
       device='cuda:0')
tensor([[ 9.8982e-01, -1.4231e-01,  1.2246e-16, -1.0000e+00,  1.3355e+01,
          1.3700e+01]], device='cuda:0')
tensor([[ 2.8173e-01, -9.5949e-01, -1.0000e+00, -1.8370e-16,  3.9133e+01,
          2.3990e+02]], device='cuda:0')
tensor([[ 5.4064e-01,  8.4125e-01,  1.2246e-16, -1.0000e+00,  6.0000e+00,
          2.0700e+01]], device='cuda:0')
tensor([[ 2.8173e-01, -9.5949e-01,  5.0000e-01, -8.6603e-01,  2.9500e+01,
          2.9860e+02]], device='cuda:0')
tensor([[-9.8982e-01, -1.4231e-01, -5.0000e-01, -8.6603e-01,  2.1097e+01,
          1.7990e+02]], device='cuda:0')
tensor([[-0.9898, -0.1423,  0.5000,  0.8660, 12.2000, 53.7000]],
       device='cuda:0')
tensor([[ 0.5406,  0.8413, -0.5000, -0.8660,  7.3226, 27.2000]],
       device='cuda:0')
tensor([[  0.2817,  -0.9595,   0.5000,   0.8660,  16.2667, 122.4000]],
       device='cuda:0')
tensor([[ 2.8173e-01, -9.5949e-01, -1.0000e+00, -1.8370e-16,  1.8903e+01,
          2.4180e+02]], device='cuda:0')
