Usage: python3 SSN_predictor.py <path_to_ssn_datafile> <path_to_aa_datafile>
----------------------------------------------------------------
Code running on device: cuda
----------------------------------------------------------------
Data loaded from file locations :
    SSN - /home/extern/Documents/Research/scripts/data/SILSO/TSN/SN_m_tot_V2.0.txt
    AA - /home/extern/Documents/Research/scripts/data/ISGI/aa_1869-01-01_2018-12-31_D.dat
----------------------------------------------------------------
Solar cycle data loaded/saved as: cycle_data.pickle
----------------------------------------------------------------
Selected model: FFNN(
  (model): Sequential(
    (0): Linear(in_features=6, out_features=6, bias=True)
    (1): LeakyReLU(negative_slope=0.01, inplace=True)
    (2): Linear(in_features=6, out_features=3, bias=True)
    (3): LeakyReLU(negative_slope=0.01, inplace=True)
    (4): Linear(in_features=3, out_features=1, bias=True)
  )
)    Training mode: True    Testing mode: False
----------------------------------------------------------------
No pre-trained models available, initializing model weights
----------------------------------------------------------------
Training model with: num_epochs=1200, start_lr=0.0005
Epoch [   1/1200] -> Loss: 66.9848
Epoch [   2/1200] -> Loss: 40.9426
Epoch [   3/1200] -> Loss: 40.4885
Epoch [   4/1200] -> Loss: 40.1994
Epoch [   5/1200] -> Loss: 39.9495
Epoch [   6/1200] -> Loss: 39.7619
Epoch [   7/1200] -> Loss: 39.5416
Epoch [   8/1200] -> Loss: 39.4046
Epoch [   9/1200] -> Loss: 39.2435
Epoch [  10/1200] -> Loss: 39.0985
Epoch [  11/1200] -> Loss: 38.9367
Epoch [  12/1200] -> Loss: 38.7673
Epoch [  13/1200] -> Loss: 38.5631
Epoch [  14/1200] -> Loss: 38.4031
Epoch [  15/1200] -> Loss: 38.2204
Epoch [  16/1200] -> Loss: 37.6614
Epoch [  17/1200] -> Loss: 36.8842
Epoch [  18/1200] -> Loss: 36.4400
Epoch [  19/1200] -> Loss: 36.0252
Epoch [  20/1200] -> Loss: 35.8118
Epoch [  21/1200] -> Loss: 35.3219
Epoch [  22/1200] -> Loss: 35.1277
Epoch [  23/1200] -> Loss: 34.7149
Epoch [  24/1200] -> Loss: 34.4424
Epoch [  25/1200] -> Loss: 34.2887
Epoch [  26/1200] -> Loss: 34.0485
Epoch [  27/1200] -> Loss: 33.7838
Epoch [  28/1200] -> Loss: 33.5443
Epoch [  29/1200] -> Loss: 33.3360
Epoch [  30/1200] -> Loss: 33.1234
Epoch [  31/1200] -> Loss: 32.9465
Epoch [  32/1200] -> Loss: 32.7430
Epoch [  33/1200] -> Loss: 32.6565
Epoch [  34/1200] -> Loss: 32.3648
Epoch [  35/1200] -> Loss: 32.3253
Epoch [  36/1200] -> Loss: 32.2437
Epoch [  37/1200] -> Loss: 32.0580
Epoch [  38/1200] -> Loss: 31.9616
Epoch [  39/1200] -> Loss: 31.8331
Epoch [  40/1200] -> Loss: 31.6332
Epoch [  41/1200] -> Loss: 31.6122
Epoch [  42/1200] -> Loss: 31.4708
Epoch [  43/1200] -> Loss: 31.4062
Epoch [  44/1200] -> Loss: 31.4452
Epoch [  45/1200] -> Loss: 31.1360
Epoch [  46/1200] -> Loss: 31.1975
Epoch [  47/1200] -> Loss: 30.9860
Epoch [  48/1200] -> Loss: 30.9964
Epoch [  49/1200] -> Loss: 30.9677
Epoch [  50/1200] -> Loss: 30.8806
Epoch [  51/1200] -> Loss: 30.7303
Epoch [  52/1200] -> Loss: 30.7825
Epoch [  53/1200] -> Loss: 30.7110
Epoch [  54/1200] -> Loss: 30.6923
Epoch [  55/1200] -> Loss: 30.6029
Epoch [  56/1200] -> Loss: 30.5623
Epoch [  57/1200] -> Loss: 30.5458
Epoch [  58/1200] -> Loss: 30.4224
Epoch [  59/1200] -> Loss: 30.4095
Epoch [  60/1200] -> Loss: 30.3996
Epoch [  61/1200] -> Loss: 30.3669
Epoch [  62/1200] -> Loss: 30.3798
Epoch [  63/1200] -> Loss: 30.4243
Epoch [  64/1200] -> Loss: 30.3054
Epoch [  65/1200] -> Loss: 30.3471
Epoch [  66/1200] -> Loss: 30.2571
Epoch [  67/1200] -> Loss: 30.2948
Epoch [  68/1200] -> Loss: 30.1857
Epoch [  69/1200] -> Loss: 30.2226
Epoch [  70/1200] -> Loss: 30.2313
Epoch [  71/1200] -> Loss: 30.1346
Epoch [  72/1200] -> Loss: 30.2044
Epoch [  73/1200] -> Loss: 30.0637
Epoch [  74/1200] -> Loss: 30.0024
Epoch [  75/1200] -> Loss: 30.1404
Epoch [  76/1200] -> Loss: 30.0997
Epoch [  77/1200] -> Loss: 30.1184
Epoch [  78/1200] -> Loss: 30.1310
Epoch [  79/1200] -> Loss: 30.1438
Epoch [  80/1200] -> Loss: 30.0553
Epoch [  81/1200] -> Loss: 30.0294
Epoch [  82/1200] -> Loss: 30.0726
Epoch [  83/1200] -> Loss: 30.1676
Epoch [  84/1200] -> Loss: 30.1591
Epoch [  85/1200] -> Loss: 29.9576
Epoch [  86/1200] -> Loss: 29.7227
Epoch [  87/1200] -> Loss: 29.9664
Epoch [  88/1200] -> Loss: 29.9388
Epoch [  89/1200] -> Loss: 29.8812
Epoch [  90/1200] -> Loss: 29.9886
Epoch [  91/1200] -> Loss: 30.1572
Epoch [  92/1200] -> Loss: 30.0088
Epoch [  93/1200] -> Loss: 30.0684
Epoch [  94/1200] -> Loss: 29.9234
Epoch [  95/1200] -> Loss: 30.1163
Epoch [  96/1200] -> Loss: 29.9586
Epoch    97: reducing learning rate of group 0 to 2.5000e-04.
Epoch [  97/1200] -> Loss: 30.0344
Epoch [  98/1200] -> Loss: 29.8137
Epoch [  99/1200] -> Loss: 29.8092
----------------------------------------------------------------
Model checkpoint saved as FFNN_100.pth
----------------------------------------------------------------
Epoch [ 100/1200] -> Loss: 29.7898
Epoch [ 101/1200] -> Loss: 29.8201
Epoch [ 102/1200] -> Loss: 29.7459
Epoch [ 103/1200] -> Loss: 29.8637
Epoch [ 104/1200] -> Loss: 29.8108
Epoch [ 105/1200] -> Loss: 29.7465
Epoch [ 106/1200] -> Loss: 29.8587
Epoch [ 107/1200] -> Loss: 29.8385
Epoch [ 108/1200] -> Loss: 29.6942
Epoch [ 109/1200] -> Loss: 29.8502
Epoch [ 110/1200] -> Loss: 29.7835
Epoch [ 111/1200] -> Loss: 29.7934
Epoch [ 112/1200] -> Loss: 29.7647
Epoch [ 113/1200] -> Loss: 29.7830
Epoch [ 114/1200] -> Loss: 29.7371
Epoch [ 115/1200] -> Loss: 29.7006
Epoch [ 116/1200] -> Loss: 29.7797
Epoch [ 117/1200] -> Loss: 29.7186
Epoch [ 118/1200] -> Loss: 29.8023
Epoch   119: reducing learning rate of group 0 to 1.2500e-04.
Epoch [ 119/1200] -> Loss: 29.8080
Epoch [ 120/1200] -> Loss: 29.7170
Epoch [ 121/1200] -> Loss: 29.7416
Epoch [ 122/1200] -> Loss: 29.6671
Epoch [ 123/1200] -> Loss: 29.6881
Epoch [ 124/1200] -> Loss: 29.6908
Epoch [ 125/1200] -> Loss: 29.7361
Epoch [ 126/1200] -> Loss: 29.7199
Epoch [ 127/1200] -> Loss: 29.6611
Epoch [ 128/1200] -> Loss: 29.7207
Epoch [ 129/1200] -> Loss: 29.7102
Epoch [ 130/1200] -> Loss: 29.7205
Epoch [ 131/1200] -> Loss: 29.7095
Epoch [ 132/1200] -> Loss: 29.7176
Epoch [ 133/1200] -> Loss: 29.7114
Epoch [ 134/1200] -> Loss: 29.7149
Epoch [ 135/1200] -> Loss: 29.7169
Epoch [ 136/1200] -> Loss: 29.6879
Epoch [ 137/1200] -> Loss: 29.6245
Epoch [ 138/1200] -> Loss: 29.7367
Epoch [ 139/1200] -> Loss: 29.6978
Epoch [ 140/1200] -> Loss: 29.7019
Epoch [ 141/1200] -> Loss: 29.7070
Epoch [ 142/1200] -> Loss: 29.6814
Epoch [ 143/1200] -> Loss: 29.7234
Epoch [ 144/1200] -> Loss: 29.7213
Epoch [ 145/1200] -> Loss: 29.6298
Epoch [ 146/1200] -> Loss: 29.7183
Epoch [ 147/1200] -> Loss: 29.6840
Epoch   148: reducing learning rate of group 0 to 6.2500e-05.
Epoch [ 148/1200] -> Loss: 29.7343
Epoch [ 149/1200] -> Loss: 29.6704
Epoch [ 150/1200] -> Loss: 29.6623
Epoch [ 151/1200] -> Loss: 29.6676
Epoch [ 152/1200] -> Loss: 29.6576
Epoch [ 153/1200] -> Loss: 29.6176
Epoch [ 154/1200] -> Loss: 29.6678
Epoch [ 155/1200] -> Loss: 29.6420
Epoch [ 156/1200] -> Loss: 29.6707
Epoch [ 157/1200] -> Loss: 29.6613
Epoch [ 158/1200] -> Loss: 29.6474
Epoch [ 159/1200] -> Loss: 29.6643
Epoch [ 160/1200] -> Loss: 29.6660
Epoch [ 161/1200] -> Loss: 29.6431
Epoch [ 162/1200] -> Loss: 29.6539
Epoch [ 163/1200] -> Loss: 29.6592
Epoch   164: reducing learning rate of group 0 to 3.1250e-05.
Epoch [ 164/1200] -> Loss: 29.6488
Epoch [ 165/1200] -> Loss: 29.6260
Epoch [ 166/1200] -> Loss: 29.6263
Epoch [ 167/1200] -> Loss: 29.6147
Epoch [ 168/1200] -> Loss: 29.6294
Epoch [ 169/1200] -> Loss: 29.6276
Epoch [ 170/1200] -> Loss: 29.6207
Epoch [ 171/1200] -> Loss: 29.6293
Epoch [ 172/1200] -> Loss: 29.6298
Epoch [ 173/1200] -> Loss: 29.6223
Epoch [ 174/1200] -> Loss: 29.6291
Epoch   175: reducing learning rate of group 0 to 1.5625e-05.
Epoch [ 175/1200] -> Loss: 29.6177
Epoch [ 176/1200] -> Loss: 29.6098
Epoch [ 177/1200] -> Loss: 29.6172
Epoch [ 178/1200] -> Loss: 29.6121
Epoch [ 179/1200] -> Loss: 29.6114
Epoch [ 180/1200] -> Loss: 29.6097
Epoch [ 181/1200] -> Loss: 29.6090
Epoch [ 182/1200] -> Loss: 29.6176
Epoch [ 183/1200] -> Loss: 29.6100
Epoch [ 184/1200] -> Loss: 29.6043
Epoch [ 185/1200] -> Loss: 29.6164
Epoch [ 186/1200] -> Loss: 29.6134
Epoch [ 187/1200] -> Loss: 29.6101
Epoch [ 188/1200] -> Loss: 29.6148
Epoch [ 189/1200] -> Loss: 29.6104
Epoch [ 190/1200] -> Loss: 29.6129
Epoch [ 191/1200] -> Loss: 29.6129
Epoch [ 192/1200] -> Loss: 29.6102
Epoch [ 193/1200] -> Loss: 29.6099
Epoch [ 194/1200] -> Loss: 29.6120
Epoch   195: reducing learning rate of group 0 to 7.8125e-06.
Epoch [ 195/1200] -> Loss: 29.6091
Epoch [ 196/1200] -> Loss: 29.6050
Epoch [ 197/1200] -> Loss: 29.6078
Epoch [ 198/1200] -> Loss: 29.6067
Epoch [ 199/1200] -> Loss: 29.6051
----------------------------------------------------------------
Model checkpoint saved as FFNN_200.pth
----------------------------------------------------------------
Epoch [ 200/1200] -> Loss: 29.6032
Epoch [ 201/1200] -> Loss: 29.6047
Epoch [ 202/1200] -> Loss: 29.6034
Epoch [ 203/1200] -> Loss: 29.6072
Epoch [ 204/1200] -> Loss: 29.6054
Epoch [ 205/1200] -> Loss: 29.6048
Epoch   206: reducing learning rate of group 0 to 3.9063e-06.
Epoch [ 206/1200] -> Loss: 29.6056
Epoch [ 207/1200] -> Loss: 29.6008
Epoch [ 208/1200] -> Loss: 29.6004
Epoch [ 209/1200] -> Loss: 29.6008
Epoch [ 210/1200] -> Loss: 29.6009
Epoch [ 211/1200] -> Loss: 29.6008
Epoch [ 212/1200] -> Loss: 29.6005
Epoch [ 213/1200] -> Loss: 29.6006
Epoch [ 214/1200] -> Loss: 29.6013
Epoch [ 215/1200] -> Loss: 29.6020
Epoch [ 216/1200] -> Loss: 29.6010
Epoch [ 217/1200] -> Loss: 29.6009
Epoch   218: reducing learning rate of group 0 to 1.9531e-06.
Epoch [ 218/1200] -> Loss: 29.6007
Epoch [ 219/1200] -> Loss: 29.5992
Epoch [ 220/1200] -> Loss: 29.5984
Epoch [ 221/1200] -> Loss: 29.5992
Epoch [ 222/1200] -> Loss: 29.5991
Epoch [ 223/1200] -> Loss: 29.5987
Epoch [ 224/1200] -> Loss: 29.5987
Epoch [ 225/1200] -> Loss: 29.5987
Epoch [ 226/1200] -> Loss: 29.5992
Epoch [ 227/1200] -> Loss: 29.5988
Epoch [ 228/1200] -> Loss: 29.5987
Epoch   229: reducing learning rate of group 0 to 9.7656e-07.
Epoch [ 229/1200] -> Loss: 29.5987
Epoch [ 230/1200] -> Loss: 29.5977
Epoch [ 231/1200] -> Loss: 29.5976
Epoch [ 232/1200] -> Loss: 29.5979
Epoch [ 233/1200] -> Loss: 29.5976
Epoch [ 234/1200] -> Loss: 29.5976
Epoch [ 235/1200] -> Loss: 29.5978
Epoch [ 236/1200] -> Loss: 29.5977
Epoch [ 237/1200] -> Loss: 29.5979
Epoch [ 238/1200] -> Loss: 29.5977
Epoch [ 239/1200] -> Loss: 29.5977
Epoch [ 240/1200] -> Loss: 29.5977
Epoch   241: reducing learning rate of group 0 to 4.8828e-07.
Epoch [ 241/1200] -> Loss: 29.5976
Epoch [ 242/1200] -> Loss: 29.5971
Epoch [ 243/1200] -> Loss: 29.5971
Epoch [ 244/1200] -> Loss: 29.5972
Epoch [ 245/1200] -> Loss: 29.5972
Epoch [ 246/1200] -> Loss: 29.5972
Epoch [ 247/1200] -> Loss: 29.5972
Epoch [ 248/1200] -> Loss: 29.5971
Epoch [ 249/1200] -> Loss: 29.5972
Epoch [ 250/1200] -> Loss: 29.5972
Epoch [ 251/1200] -> Loss: 29.5971
Epoch   252: reducing learning rate of group 0 to 2.4414e-07.
Epoch [ 252/1200] -> Loss: 29.5971
Epoch [ 253/1200] -> Loss: 29.5969
Epoch [ 254/1200] -> Loss: 29.5969
Epoch [ 255/1200] -> Loss: 29.5969
Epoch [ 256/1200] -> Loss: 29.5969
Epoch [ 257/1200] -> Loss: 29.5969
Epoch [ 258/1200] -> Loss: 29.5969
Epoch [ 259/1200] -> Loss: 29.5969
Epoch [ 260/1200] -> Loss: 29.5969
Epoch [ 261/1200] -> Loss: 29.5969
Epoch [ 262/1200] -> Loss: 29.5969
Epoch   263: reducing learning rate of group 0 to 1.2207e-07.
Epoch [ 263/1200] -> Loss: 29.5969
Epoch [ 264/1200] -> Loss: 29.5968
Epoch [ 265/1200] -> Loss: 29.5967
Epoch [ 266/1200] -> Loss: 29.5968
Epoch [ 267/1200] -> Loss: 29.5967
Epoch [ 268/1200] -> Loss: 29.5967
Epoch [ 269/1200] -> Loss: 29.5967
Epoch [ 270/1200] -> Loss: 29.5967
Epoch [ 271/1200] -> Loss: 29.5967
Epoch [ 272/1200] -> Loss: 29.5968
Epoch [ 273/1200] -> Loss: 29.5968
Epoch   274: reducing learning rate of group 0 to 6.1035e-08.
Epoch [ 274/1200] -> Loss: 29.5968
Epoch [ 275/1200] -> Loss: 29.5967
Epoch [ 276/1200] -> Loss: 29.5967
Epoch [ 277/1200] -> Loss: 29.5967
Epoch [ 278/1200] -> Loss: 29.5967
Epoch [ 279/1200] -> Loss: 29.5967
Epoch [ 280/1200] -> Loss: 29.5967
Epoch [ 281/1200] -> Loss: 29.5967
Epoch [ 282/1200] -> Loss: 29.5967
Epoch [ 283/1200] -> Loss: 29.5967
Epoch [ 284/1200] -> Loss: 29.5967
Epoch   285: reducing learning rate of group 0 to 3.0518e-08.
Epoch [ 285/1200] -> Loss: 29.5967
Epoch [ 286/1200] -> Loss: 29.5967
Epoch [ 287/1200] -> Loss: 29.5967
Epoch [ 288/1200] -> Loss: 29.5966
Epoch [ 289/1200] -> Loss: 29.5967
Epoch [ 290/1200] -> Loss: 29.5967
Epoch [ 291/1200] -> Loss: 29.5967
Epoch [ 292/1200] -> Loss: 29.5966
Epoch [ 293/1200] -> Loss: 29.5967
Epoch [ 294/1200] -> Loss: 29.5967
Epoch [ 295/1200] -> Loss: 29.5967
Epoch   296: reducing learning rate of group 0 to 1.5259e-08.
Epoch [ 296/1200] -> Loss: 29.5967
Epoch [ 297/1200] -> Loss: 29.5966
Epoch [ 298/1200] -> Loss: 29.5966
Epoch [ 299/1200] -> Loss: 29.5966
----------------------------------------------------------------
Model checkpoint saved as FFNN_300.pth
----------------------------------------------------------------
Epoch [ 300/1200] -> Loss: 29.5966
Epoch [ 301/1200] -> Loss: 29.5966
Epoch [ 302/1200] -> Loss: 29.5966
Epoch [ 303/1200] -> Loss: 29.5966
Epoch [ 304/1200] -> Loss: 29.5966
Epoch [ 305/1200] -> Loss: 29.5966
Epoch [ 306/1200] -> Loss: 29.5966
Epoch [ 307/1200] -> Loss: 29.5966
Epoch [ 308/1200] -> Loss: 29.5966
Epoch [ 309/1200] -> Loss: 29.5966
Epoch [ 310/1200] -> Loss: 29.5966
Epoch [ 311/1200] -> Loss: 29.5966
Epoch [ 312/1200] -> Loss: 29.5966
Epoch [ 313/1200] -> Loss: 29.5966
Epoch [ 314/1200] -> Loss: 29.5966
Epoch [ 315/1200] -> Loss: 29.5966
Epoch [ 316/1200] -> Loss: 29.5966
Epoch [ 317/1200] -> Loss: 29.5966
Epoch [ 318/1200] -> Loss: 29.5966
Epoch [ 319/1200] -> Loss: 29.5966
Epoch [ 320/1200] -> Loss: 29.5966
Epoch [ 321/1200] -> Loss: 29.5966
Epoch [ 322/1200] -> Loss: 29.5966
Epoch [ 323/1200] -> Loss: 29.5966
Epoch [ 324/1200] -> Loss: 29.5966
Epoch [ 325/1200] -> Loss: 29.5966
Epoch [ 326/1200] -> Loss: 29.5966
Epoch [ 327/1200] -> Loss: 29.5966
Epoch [ 328/1200] -> Loss: 29.5966
Epoch [ 329/1200] -> Loss: 29.5966
Epoch [ 330/1200] -> Loss: 29.5966
Epoch [ 331/1200] -> Loss: 29.5966
Epoch [ 332/1200] -> Loss: 29.5966
Epoch [ 333/1200] -> Loss: 29.5966
Epoch [ 334/1200] -> Loss: 29.5966
Epoch [ 335/1200] -> Loss: 29.5966
Epoch [ 336/1200] -> Loss: 29.5966
Epoch [ 337/1200] -> Loss: 29.5966
Epoch [ 338/1200] -> Loss: 29.5966
Epoch [ 339/1200] -> Loss: 29.5966
Epoch [ 340/1200] -> Loss: 29.5966
Epoch [ 341/1200] -> Loss: 29.5966
Epoch [ 342/1200] -> Loss: 29.5966
Epoch [ 343/1200] -> Loss: 29.5966
Epoch [ 344/1200] -> Loss: 29.5966
Epoch [ 345/1200] -> Loss: 29.5966
Epoch [ 346/1200] -> Loss: 29.5966
Epoch [ 347/1200] -> Loss: 29.5966
Epoch [ 348/1200] -> Loss: 29.5966
Epoch [ 349/1200] -> Loss: 29.5966
Epoch [ 350/1200] -> Loss: 29.5966
Epoch [ 351/1200] -> Loss: 29.5966
Epoch [ 352/1200] -> Loss: 29.5966
Epoch [ 353/1200] -> Loss: 29.5966
Epoch [ 354/1200] -> Loss: 29.5966
Epoch [ 355/1200] -> Loss: 29.5966
Epoch [ 356/1200] -> Loss: 29.5966
Epoch [ 357/1200] -> Loss: 29.5966
Epoch [ 358/1200] -> Loss: 29.5966
Epoch [ 359/1200] -> Loss: 29.5966
Epoch [ 360/1200] -> Loss: 29.5966
Epoch [ 361/1200] -> Loss: 29.5966
Epoch [ 362/1200] -> Loss: 29.5966
Epoch [ 363/1200] -> Loss: 29.5966
Epoch [ 364/1200] -> Loss: 29.5966
Epoch [ 365/1200] -> Loss: 29.5966
Epoch [ 366/1200] -> Loss: 29.5966
Epoch [ 367/1200] -> Loss: 29.5966
Epoch [ 368/1200] -> Loss: 29.5966
Epoch [ 369/1200] -> Loss: 29.5966
Epoch [ 370/1200] -> Loss: 29.5966
Epoch [ 371/1200] -> Loss: 29.5966
Epoch [ 372/1200] -> Loss: 29.5966
Epoch [ 373/1200] -> Loss: 29.5966
Epoch [ 374/1200] -> Loss: 29.5966
Epoch [ 375/1200] -> Loss: 29.5966
Epoch [ 376/1200] -> Loss: 29.5966
Epoch [ 377/1200] -> Loss: 29.5966
Epoch [ 378/1200] -> Loss: 29.5966
Epoch [ 379/1200] -> Loss: 29.5966
Epoch [ 380/1200] -> Loss: 29.5966
Epoch [ 381/1200] -> Loss: 29.5966
Epoch [ 382/1200] -> Loss: 29.5966
Epoch [ 383/1200] -> Loss: 29.5966
Epoch [ 384/1200] -> Loss: 29.5966
Epoch [ 385/1200] -> Loss: 29.5966
Epoch [ 386/1200] -> Loss: 29.5966
Epoch [ 387/1200] -> Loss: 29.5966
Epoch [ 388/1200] -> Loss: 29.5966
Epoch [ 389/1200] -> Loss: 29.5966
Epoch [ 390/1200] -> Loss: 29.5966
Epoch [ 391/1200] -> Loss: 29.5966
Epoch [ 392/1200] -> Loss: 29.5966
Epoch [ 393/1200] -> Loss: 29.5966
Epoch [ 394/1200] -> Loss: 29.5966
Epoch [ 395/1200] -> Loss: 29.5966
Epoch [ 396/1200] -> Loss: 29.5966
Epoch [ 397/1200] -> Loss: 29.5966
Epoch [ 398/1200] -> Loss: 29.5966
Epoch [ 399/1200] -> Loss: 29.5966
----------------------------------------------------------------
Model checkpoint saved as FFNN_400.pth
----------------------------------------------------------------
Epoch [ 400/1200] -> Loss: 29.5966
Epoch [ 401/1200] -> Loss: 29.5966
Epoch [ 402/1200] -> Loss: 29.5966
Epoch [ 403/1200] -> Loss: 29.5966
Epoch [ 404/1200] -> Loss: 29.5966
Epoch [ 405/1200] -> Loss: 29.5966
Epoch [ 406/1200] -> Loss: 29.5966
Epoch [ 407/1200] -> Loss: 29.5966
Epoch [ 408/1200] -> Loss: 29.5966
Epoch [ 409/1200] -> Loss: 29.5966
Epoch [ 410/1200] -> Loss: 29.5966
Epoch [ 411/1200] -> Loss: 29.5966
Epoch [ 412/1200] -> Loss: 29.5966
Epoch [ 413/1200] -> Loss: 29.5966
Epoch [ 414/1200] -> Loss: 29.5966
Epoch [ 415/1200] -> Loss: 29.5966
Epoch [ 416/1200] -> Loss: 29.5966
Epoch [ 417/1200] -> Loss: 29.5966
Epoch [ 418/1200] -> Loss: 29.5966
Epoch [ 419/1200] -> Loss: 29.5966
Epoch [ 420/1200] -> Loss: 29.5966
Epoch [ 421/1200] -> Loss: 29.5966
Epoch [ 422/1200] -> Loss: 29.5966
Epoch [ 423/1200] -> Loss: 29.5966
Epoch [ 424/1200] -> Loss: 29.5966
Epoch [ 425/1200] -> Loss: 29.5966
Epoch [ 426/1200] -> Loss: 29.5966
Epoch [ 427/1200] -> Loss: 29.5966
Epoch [ 428/1200] -> Loss: 29.5966
Epoch [ 429/1200] -> Loss: 29.5966
Epoch [ 430/1200] -> Loss: 29.5966
Epoch [ 431/1200] -> Loss: 29.5966
Epoch [ 432/1200] -> Loss: 29.5966
Epoch [ 433/1200] -> Loss: 29.5966
Epoch [ 434/1200] -> Loss: 29.5966
Epoch [ 435/1200] -> Loss: 29.5966
Epoch [ 436/1200] -> Loss: 29.5966
Epoch [ 437/1200] -> Loss: 29.5966
Epoch [ 438/1200] -> Loss: 29.5966
Epoch [ 439/1200] -> Loss: 29.5966
Epoch [ 440/1200] -> Loss: 29.5966
Epoch [ 441/1200] -> Loss: 29.5966
Epoch [ 442/1200] -> Loss: 29.5966
Epoch [ 443/1200] -> Loss: 29.5966
Epoch [ 444/1200] -> Loss: 29.5966
Epoch [ 445/1200] -> Loss: 29.5966
Epoch [ 446/1200] -> Loss: 29.5966
Epoch [ 447/1200] -> Loss: 29.5966
Epoch [ 448/1200] -> Loss: 29.5966
Epoch [ 449/1200] -> Loss: 29.5966
Epoch [ 450/1200] -> Loss: 29.5966
Epoch [ 451/1200] -> Loss: 29.5966
Epoch [ 452/1200] -> Loss: 29.5966
Epoch [ 453/1200] -> Loss: 29.5966
Epoch [ 454/1200] -> Loss: 29.5966
Epoch [ 455/1200] -> Loss: 29.5966
Epoch [ 456/1200] -> Loss: 29.5966
Epoch [ 457/1200] -> Loss: 29.5966
Epoch [ 458/1200] -> Loss: 29.5966
Epoch [ 459/1200] -> Loss: 29.5966
Epoch [ 460/1200] -> Loss: 29.5966
Epoch [ 461/1200] -> Loss: 29.5966
Epoch [ 462/1200] -> Loss: 29.5966
Epoch [ 463/1200] -> Loss: 29.5966
Epoch [ 464/1200] -> Loss: 29.5966
Epoch [ 465/1200] -> Loss: 29.5966
Epoch [ 466/1200] -> Loss: 29.5966
Epoch [ 467/1200] -> Loss: 29.5966
Epoch [ 468/1200] -> Loss: 29.5966
Epoch [ 469/1200] -> Loss: 29.5966
Epoch [ 470/1200] -> Loss: 29.5966
Epoch [ 471/1200] -> Loss: 29.5966
Epoch [ 472/1200] -> Loss: 29.5966
Epoch [ 473/1200] -> Loss: 29.5966
Epoch [ 474/1200] -> Loss: 29.5966
Epoch [ 475/1200] -> Loss: 29.5966
Epoch [ 476/1200] -> Loss: 29.5966
Epoch [ 477/1200] -> Loss: 29.5966
Epoch [ 478/1200] -> Loss: 29.5966
Epoch [ 479/1200] -> Loss: 29.5966
Epoch [ 480/1200] -> Loss: 29.5966
Epoch [ 481/1200] -> Loss: 29.5966
Epoch [ 482/1200] -> Loss: 29.5966
Epoch [ 483/1200] -> Loss: 29.5966
Epoch [ 484/1200] -> Loss: 29.5966
Epoch [ 485/1200] -> Loss: 29.5966
Epoch [ 486/1200] -> Loss: 29.5966
Epoch [ 487/1200] -> Loss: 29.5966
Epoch [ 488/1200] -> Loss: 29.5966
Epoch [ 489/1200] -> Loss: 29.5966
Epoch [ 490/1200] -> Loss: 29.5966
Epoch [ 491/1200] -> Loss: 29.5966
Epoch [ 492/1200] -> Loss: 29.5966
Epoch [ 493/1200] -> Loss: 29.5966
Epoch [ 494/1200] -> Loss: 29.5966
Epoch [ 495/1200] -> Loss: 29.5966
Epoch [ 496/1200] -> Loss: 29.5966
Epoch [ 497/1200] -> Loss: 29.5966
Epoch [ 498/1200] -> Loss: 29.5966
Epoch [ 499/1200] -> Loss: 29.5966
----------------------------------------------------------------
Model checkpoint saved as FFNN_500.pth
----------------------------------------------------------------
Epoch [ 500/1200] -> Loss: 29.5966
Epoch [ 501/1200] -> Loss: 29.5966
Epoch [ 502/1200] -> Loss: 29.5966
Epoch [ 503/1200] -> Loss: 29.5966
Epoch [ 504/1200] -> Loss: 29.5966
Epoch [ 505/1200] -> Loss: 29.5966
Epoch [ 506/1200] -> Loss: 29.5966
Epoch [ 507/1200] -> Loss: 29.5966
Epoch [ 508/1200] -> Loss: 29.5966
Epoch [ 509/1200] -> Loss: 29.5966
Epoch [ 510/1200] -> Loss: 29.5966
Epoch [ 511/1200] -> Loss: 29.5966
Epoch [ 512/1200] -> Loss: 29.5966
Epoch [ 513/1200] -> Loss: 29.5966
Epoch [ 514/1200] -> Loss: 29.5966
Epoch [ 515/1200] -> Loss: 29.5966
Epoch [ 516/1200] -> Loss: 29.5966
Epoch [ 517/1200] -> Loss: 29.5966
Epoch [ 518/1200] -> Loss: 29.5966
Epoch [ 519/1200] -> Loss: 29.5966
Epoch [ 520/1200] -> Loss: 29.5966
Epoch [ 521/1200] -> Loss: 29.5966
Epoch [ 522/1200] -> Loss: 29.5966
Epoch [ 523/1200] -> Loss: 29.5966
Epoch [ 524/1200] -> Loss: 29.5966
Epoch [ 525/1200] -> Loss: 29.5966
Epoch [ 526/1200] -> Loss: 29.5966
Epoch [ 527/1200] -> Loss: 29.5966
Epoch [ 528/1200] -> Loss: 29.5966
Epoch [ 529/1200] -> Loss: 29.5966
Epoch [ 530/1200] -> Loss: 29.5966
Epoch [ 531/1200] -> Loss: 29.5966
Epoch [ 532/1200] -> Loss: 29.5966
Epoch [ 533/1200] -> Loss: 29.5966
Epoch [ 534/1200] -> Loss: 29.5966
Epoch [ 535/1200] -> Loss: 29.5966
Epoch [ 536/1200] -> Loss: 29.5966
Epoch [ 537/1200] -> Loss: 29.5966
Epoch [ 538/1200] -> Loss: 29.5966
Epoch [ 539/1200] -> Loss: 29.5966
Epoch [ 540/1200] -> Loss: 29.5966
Epoch [ 541/1200] -> Loss: 29.5966
Epoch [ 542/1200] -> Loss: 29.5966
Epoch [ 543/1200] -> Loss: 29.5966
Epoch [ 544/1200] -> Loss: 29.5966
Epoch [ 545/1200] -> Loss: 29.5966
Epoch [ 546/1200] -> Loss: 29.5966
Epoch [ 547/1200] -> Loss: 29.5966
Epoch [ 548/1200] -> Loss: 29.5966
Epoch [ 549/1200] -> Loss: 29.5966
Epoch [ 550/1200] -> Loss: 29.5966
Epoch [ 551/1200] -> Loss: 29.5966
Epoch [ 552/1200] -> Loss: 29.5966
Epoch [ 553/1200] -> Loss: 29.5966
Epoch [ 554/1200] -> Loss: 29.5966
Epoch [ 555/1200] -> Loss: 29.5966
Epoch [ 556/1200] -> Loss: 29.5966
Epoch [ 557/1200] -> Loss: 29.5966
Epoch [ 558/1200] -> Loss: 29.5966
Epoch [ 559/1200] -> Loss: 29.5966
Epoch [ 560/1200] -> Loss: 29.5966
Epoch [ 561/1200] -> Loss: 29.5966
Epoch [ 562/1200] -> Loss: 29.5966
Epoch [ 563/1200] -> Loss: 29.5966
Epoch [ 564/1200] -> Loss: 29.5966
Epoch [ 565/1200] -> Loss: 29.5966
Epoch [ 566/1200] -> Loss: 29.5966
Epoch [ 567/1200] -> Loss: 29.5966
Epoch [ 568/1200] -> Loss: 29.5966
Epoch [ 569/1200] -> Loss: 29.5966
Epoch [ 570/1200] -> Loss: 29.5966
Epoch [ 571/1200] -> Loss: 29.5966
Epoch [ 572/1200] -> Loss: 29.5966
Epoch [ 573/1200] -> Loss: 29.5966
Epoch [ 574/1200] -> Loss: 29.5966
Epoch [ 575/1200] -> Loss: 29.5966
Epoch [ 576/1200] -> Loss: 29.5966
Epoch [ 577/1200] -> Loss: 29.5966
Epoch [ 578/1200] -> Loss: 29.5966
Epoch [ 579/1200] -> Loss: 29.5966
Epoch [ 580/1200] -> Loss: 29.5966
Epoch [ 581/1200] -> Loss: 29.5966
Epoch [ 582/1200] -> Loss: 29.5966
Epoch [ 583/1200] -> Loss: 29.5966
Epoch [ 584/1200] -> Loss: 29.5966
Epoch [ 585/1200] -> Loss: 29.5966
Epoch [ 586/1200] -> Loss: 29.5966
Epoch [ 587/1200] -> Loss: 29.5966
Epoch [ 588/1200] -> Loss: 29.5966
Epoch [ 589/1200] -> Loss: 29.5966
Epoch [ 590/1200] -> Loss: 29.5966
Epoch [ 591/1200] -> Loss: 29.5966
Epoch [ 592/1200] -> Loss: 29.5966
Epoch [ 593/1200] -> Loss: 29.5966
Epoch [ 594/1200] -> Loss: 29.5966
Epoch [ 595/1200] -> Loss: 29.5966
Epoch [ 596/1200] -> Loss: 29.5966
Epoch [ 597/1200] -> Loss: 29.5966
Epoch [ 598/1200] -> Loss: 29.5966
Epoch [ 599/1200] -> Loss: 29.5966
----------------------------------------------------------------
Model checkpoint saved as FFNN_600.pth
----------------------------------------------------------------
Epoch [ 600/1200] -> Loss: 29.5966
Epoch [ 601/1200] -> Loss: 29.5966
Epoch [ 602/1200] -> Loss: 29.5966
Epoch [ 603/1200] -> Loss: 29.5966
Epoch [ 604/1200] -> Loss: 29.5966
Epoch [ 605/1200] -> Loss: 29.5966
Epoch [ 606/1200] -> Loss: 29.5966
Epoch [ 607/1200] -> Loss: 29.5966
Epoch [ 608/1200] -> Loss: 29.5966
Epoch [ 609/1200] -> Loss: 29.5966
Epoch [ 610/1200] -> Loss: 29.5966
Epoch [ 611/1200] -> Loss: 29.5966
Epoch [ 612/1200] -> Loss: 29.5966
Epoch [ 613/1200] -> Loss: 29.5966
Epoch [ 614/1200] -> Loss: 29.5966
Epoch [ 615/1200] -> Loss: 29.5966
Epoch [ 616/1200] -> Loss: 29.5966
Epoch [ 617/1200] -> Loss: 29.5966
Epoch [ 618/1200] -> Loss: 29.5966
Epoch [ 619/1200] -> Loss: 29.5966
Epoch [ 620/1200] -> Loss: 29.5966
Epoch [ 621/1200] -> Loss: 29.5966
Epoch [ 622/1200] -> Loss: 29.5966
Epoch [ 623/1200] -> Loss: 29.5966
Epoch [ 624/1200] -> Loss: 29.5966
Epoch [ 625/1200] -> Loss: 29.5966
Epoch [ 626/1200] -> Loss: 29.5966
Epoch [ 627/1200] -> Loss: 29.5966
Epoch [ 628/1200] -> Loss: 29.5966
Epoch [ 629/1200] -> Loss: 29.5966
Epoch [ 630/1200] -> Loss: 29.5966
Epoch [ 631/1200] -> Loss: 29.5966
Epoch [ 632/1200] -> Loss: 29.5966
Epoch [ 633/1200] -> Loss: 29.5966
Epoch [ 634/1200] -> Loss: 29.5966
Epoch [ 635/1200] -> Loss: 29.5966
Epoch [ 636/1200] -> Loss: 29.5966
Epoch [ 637/1200] -> Loss: 29.5966
Epoch [ 638/1200] -> Loss: 29.5966
Epoch [ 639/1200] -> Loss: 29.5966
Epoch [ 640/1200] -> Loss: 29.5966
Epoch [ 641/1200] -> Loss: 29.5966
Epoch [ 642/1200] -> Loss: 29.5966
Epoch [ 643/1200] -> Loss: 29.5966
Epoch [ 644/1200] -> Loss: 29.5966
Epoch [ 645/1200] -> Loss: 29.5966
Epoch [ 646/1200] -> Loss: 29.5966
Epoch [ 647/1200] -> Loss: 29.5966
Epoch [ 648/1200] -> Loss: 29.5966
Epoch [ 649/1200] -> Loss: 29.5966
Epoch [ 650/1200] -> Loss: 29.5966
Epoch [ 651/1200] -> Loss: 29.5966
Epoch [ 652/1200] -> Loss: 29.5966
Epoch [ 653/1200] -> Loss: 29.5966
Epoch [ 654/1200] -> Loss: 29.5966
Epoch [ 655/1200] -> Loss: 29.5966
Epoch [ 656/1200] -> Loss: 29.5966
Epoch [ 657/1200] -> Loss: 29.5966
Epoch [ 658/1200] -> Loss: 29.5966
Epoch [ 659/1200] -> Loss: 29.5966
Epoch [ 660/1200] -> Loss: 29.5966
Epoch [ 661/1200] -> Loss: 29.5966
Epoch [ 662/1200] -> Loss: 29.5966
Epoch [ 663/1200] -> Loss: 29.5966
Epoch [ 664/1200] -> Loss: 29.5966
Epoch [ 665/1200] -> Loss: 29.5966
Epoch [ 666/1200] -> Loss: 29.5966
Epoch [ 667/1200] -> Loss: 29.5966
Epoch [ 668/1200] -> Loss: 29.5966
Epoch [ 669/1200] -> Loss: 29.5966
Epoch [ 670/1200] -> Loss: 29.5966
Epoch [ 671/1200] -> Loss: 29.5966
Epoch [ 672/1200] -> Loss: 29.5966
Epoch [ 673/1200] -> Loss: 29.5966
Epoch [ 674/1200] -> Loss: 29.5966
Epoch [ 675/1200] -> Loss: 29.5966
Epoch [ 676/1200] -> Loss: 29.5966
Epoch [ 677/1200] -> Loss: 29.5966
Epoch [ 678/1200] -> Loss: 29.5966
Epoch [ 679/1200] -> Loss: 29.5966
Epoch [ 680/1200] -> Loss: 29.5966
Epoch [ 681/1200] -> Loss: 29.5966
Epoch [ 682/1200] -> Loss: 29.5966
Epoch [ 683/1200] -> Loss: 29.5966
Epoch [ 684/1200] -> Loss: 29.5966
Epoch [ 685/1200] -> Loss: 29.5966
Epoch [ 686/1200] -> Loss: 29.5966
Epoch [ 687/1200] -> Loss: 29.5966
Epoch [ 688/1200] -> Loss: 29.5966
Epoch [ 689/1200] -> Loss: 29.5966
Epoch [ 690/1200] -> Loss: 29.5966
Epoch [ 691/1200] -> Loss: 29.5966
Epoch [ 692/1200] -> Loss: 29.5966
Epoch [ 693/1200] -> Loss: 29.5966
Epoch [ 694/1200] -> Loss: 29.5966
Epoch [ 695/1200] -> Loss: 29.5966
Epoch [ 696/1200] -> Loss: 29.5966
Epoch [ 697/1200] -> Loss: 29.5966
Epoch [ 698/1200] -> Loss: 29.5966
Epoch [ 699/1200] -> Loss: 29.5966
----------------------------------------------------------------
Model checkpoint saved as FFNN_700.pth
----------------------------------------------------------------
Epoch [ 700/1200] -> Loss: 29.5966
Epoch [ 701/1200] -> Loss: 29.5966
Epoch [ 702/1200] -> Loss: 29.5966
Epoch [ 703/1200] -> Loss: 29.5966
Epoch [ 704/1200] -> Loss: 29.5966
Epoch [ 705/1200] -> Loss: 29.5966
Epoch [ 706/1200] -> Loss: 29.5966
Epoch [ 707/1200] -> Loss: 29.5966
Epoch [ 708/1200] -> Loss: 29.5966
Epoch [ 709/1200] -> Loss: 29.5966
Epoch [ 710/1200] -> Loss: 29.5966
Epoch [ 711/1200] -> Loss: 29.5966
Epoch [ 712/1200] -> Loss: 29.5966
Epoch [ 713/1200] -> Loss: 29.5966
Epoch [ 714/1200] -> Loss: 29.5966
Epoch [ 715/1200] -> Loss: 29.5966
Epoch [ 716/1200] -> Loss: 29.5966
Epoch [ 717/1200] -> Loss: 29.5966
Epoch [ 718/1200] -> Loss: 29.5966
Epoch [ 719/1200] -> Loss: 29.5966
Epoch [ 720/1200] -> Loss: 29.5966
Epoch [ 721/1200] -> Loss: 29.5966
Epoch [ 722/1200] -> Loss: 29.5966
Epoch [ 723/1200] -> Loss: 29.5966
Epoch [ 724/1200] -> Loss: 29.5966
Epoch [ 725/1200] -> Loss: 29.5966
Epoch [ 726/1200] -> Loss: 29.5966
Epoch [ 727/1200] -> Loss: 29.5966
Epoch [ 728/1200] -> Loss: 29.5966
Epoch [ 729/1200] -> Loss: 29.5966
Epoch [ 730/1200] -> Loss: 29.5966
Epoch [ 731/1200] -> Loss: 29.5966
Epoch [ 732/1200] -> Loss: 29.5966
Epoch [ 733/1200] -> Loss: 29.5966
Epoch [ 734/1200] -> Loss: 29.5966
Epoch [ 735/1200] -> Loss: 29.5966
Epoch [ 736/1200] -> Loss: 29.5966
Epoch [ 737/1200] -> Loss: 29.5966
Epoch [ 738/1200] -> Loss: 29.5966
Epoch [ 739/1200] -> Loss: 29.5966
Epoch [ 740/1200] -> Loss: 29.5966
Epoch [ 741/1200] -> Loss: 29.5966
Epoch [ 742/1200] -> Loss: 29.5966
Epoch [ 743/1200] -> Loss: 29.5966
Epoch [ 744/1200] -> Loss: 29.5966
Epoch [ 745/1200] -> Loss: 29.5966
Epoch [ 746/1200] -> Loss: 29.5966
Epoch [ 747/1200] -> Loss: 29.5966
Epoch [ 748/1200] -> Loss: 29.5966
Epoch [ 749/1200] -> Loss: 29.5966
Epoch [ 750/1200] -> Loss: 29.5966
Epoch [ 751/1200] -> Loss: 29.5966
Epoch [ 752/1200] -> Loss: 29.5966
Epoch [ 753/1200] -> Loss: 29.5966
Epoch [ 754/1200] -> Loss: 29.5966
Epoch [ 755/1200] -> Loss: 29.5966
Epoch [ 756/1200] -> Loss: 29.5966
Epoch [ 757/1200] -> Loss: 29.5966
Epoch [ 758/1200] -> Loss: 29.5966
Epoch [ 759/1200] -> Loss: 29.5966
Epoch [ 760/1200] -> Loss: 29.5966
Epoch [ 761/1200] -> Loss: 29.5966
Epoch [ 762/1200] -> Loss: 29.5966
Epoch [ 763/1200] -> Loss: 29.5966
Epoch [ 764/1200] -> Loss: 29.5966
Epoch [ 765/1200] -> Loss: 29.5966
Epoch [ 766/1200] -> Loss: 29.5966
Epoch [ 767/1200] -> Loss: 29.5966
Epoch [ 768/1200] -> Loss: 29.5966
Epoch [ 769/1200] -> Loss: 29.5966
Epoch [ 770/1200] -> Loss: 29.5966
Epoch [ 771/1200] -> Loss: 29.5966
Epoch [ 772/1200] -> Loss: 29.5966
Epoch [ 773/1200] -> Loss: 29.5966
Epoch [ 774/1200] -> Loss: 29.5966
Epoch [ 775/1200] -> Loss: 29.5966
Epoch [ 776/1200] -> Loss: 29.5966
Epoch [ 777/1200] -> Loss: 29.5966
Epoch [ 778/1200] -> Loss: 29.5966
Epoch [ 779/1200] -> Loss: 29.5966
Epoch [ 780/1200] -> Loss: 29.5966
Epoch [ 781/1200] -> Loss: 29.5966
Epoch [ 782/1200] -> Loss: 29.5966
Epoch [ 783/1200] -> Loss: 29.5966
Epoch [ 784/1200] -> Loss: 29.5966
Epoch [ 785/1200] -> Loss: 29.5966
Epoch [ 786/1200] -> Loss: 29.5966
Epoch [ 787/1200] -> Loss: 29.5966
Epoch [ 788/1200] -> Loss: 29.5966
Epoch [ 789/1200] -> Loss: 29.5966
Epoch [ 790/1200] -> Loss: 29.5966
Epoch [ 791/1200] -> Loss: 29.5966
Epoch [ 792/1200] -> Loss: 29.5966
Epoch [ 793/1200] -> Loss: 29.5966
Epoch [ 794/1200] -> Loss: 29.5966
Epoch [ 795/1200] -> Loss: 29.5966
Epoch [ 796/1200] -> Loss: 29.5966
Epoch [ 797/1200] -> Loss: 29.5966
Epoch [ 798/1200] -> Loss: 29.5966
Epoch [ 799/1200] -> Loss: 29.5966
----------------------------------------------------------------
Model checkpoint saved as FFNN_800.pth
----------------------------------------------------------------
Epoch [ 800/1200] -> Loss: 29.5966
Epoch [ 801/1200] -> Loss: 29.5966
Epoch [ 802/1200] -> Loss: 29.5966
Epoch [ 803/1200] -> Loss: 29.5966
Epoch [ 804/1200] -> Loss: 29.5966
Epoch [ 805/1200] -> Loss: 29.5966
Epoch [ 806/1200] -> Loss: 29.5966
Epoch [ 807/1200] -> Loss: 29.5966
Epoch [ 808/1200] -> Loss: 29.5966
Epoch [ 809/1200] -> Loss: 29.5966
Epoch [ 810/1200] -> Loss: 29.5966
Epoch [ 811/1200] -> Loss: 29.5966
Epoch [ 812/1200] -> Loss: 29.5966
Epoch [ 813/1200] -> Loss: 29.5966
Epoch [ 814/1200] -> Loss: 29.5966
Epoch [ 815/1200] -> Loss: 29.5966
Epoch [ 816/1200] -> Loss: 29.5966
Epoch [ 817/1200] -> Loss: 29.5966
Epoch [ 818/1200] -> Loss: 29.5966
Epoch [ 819/1200] -> Loss: 29.5966
Epoch [ 820/1200] -> Loss: 29.5966
Epoch [ 821/1200] -> Loss: 29.5966
Epoch [ 822/1200] -> Loss: 29.5966
Epoch [ 823/1200] -> Loss: 29.5966
Epoch [ 824/1200] -> Loss: 29.5966
Epoch [ 825/1200] -> Loss: 29.5966
Epoch [ 826/1200] -> Loss: 29.5966
Epoch [ 827/1200] -> Loss: 29.5966
Epoch [ 828/1200] -> Loss: 29.5966
Epoch [ 829/1200] -> Loss: 29.5966
Epoch [ 830/1200] -> Loss: 29.5966
Epoch [ 831/1200] -> Loss: 29.5966
Epoch [ 832/1200] -> Loss: 29.5966
Epoch [ 833/1200] -> Loss: 29.5966
Epoch [ 834/1200] -> Loss: 29.5966
Epoch [ 835/1200] -> Loss: 29.5966
Epoch [ 836/1200] -> Loss: 29.5966
Epoch [ 837/1200] -> Loss: 29.5966
Epoch [ 838/1200] -> Loss: 29.5966
Epoch [ 839/1200] -> Loss: 29.5966
Epoch [ 840/1200] -> Loss: 29.5966
Epoch [ 841/1200] -> Loss: 29.5966
Epoch [ 842/1200] -> Loss: 29.5966
Epoch [ 843/1200] -> Loss: 29.5966
Epoch [ 844/1200] -> Loss: 29.5966
Epoch [ 845/1200] -> Loss: 29.5966
Epoch [ 846/1200] -> Loss: 29.5966
Epoch [ 847/1200] -> Loss: 29.5966
Epoch [ 848/1200] -> Loss: 29.5966
Epoch [ 849/1200] -> Loss: 29.5966
Epoch [ 850/1200] -> Loss: 29.5966
Epoch [ 851/1200] -> Loss: 29.5966
Epoch [ 852/1200] -> Loss: 29.5966
Epoch [ 853/1200] -> Loss: 29.5966
Epoch [ 854/1200] -> Loss: 29.5966
Epoch [ 855/1200] -> Loss: 29.5966
Epoch [ 856/1200] -> Loss: 29.5966
Epoch [ 857/1200] -> Loss: 29.5966
Epoch [ 858/1200] -> Loss: 29.5966
Epoch [ 859/1200] -> Loss: 29.5966
Epoch [ 860/1200] -> Loss: 29.5966
Epoch [ 861/1200] -> Loss: 29.5966
Epoch [ 862/1200] -> Loss: 29.5966
Epoch [ 863/1200] -> Loss: 29.5966
Epoch [ 864/1200] -> Loss: 29.5966
Epoch [ 865/1200] -> Loss: 29.5966
Epoch [ 866/1200] -> Loss: 29.5966
Epoch [ 867/1200] -> Loss: 29.5966
Epoch [ 868/1200] -> Loss: 29.5966
Epoch [ 869/1200] -> Loss: 29.5966
Epoch [ 870/1200] -> Loss: 29.5966
Epoch [ 871/1200] -> Loss: 29.5966
Epoch [ 872/1200] -> Loss: 29.5966
Epoch [ 873/1200] -> Loss: 29.5966
Epoch [ 874/1200] -> Loss: 29.5966
Epoch [ 875/1200] -> Loss: 29.5966
Epoch [ 876/1200] -> Loss: 29.5966
Epoch [ 877/1200] -> Loss: 29.5966
Epoch [ 878/1200] -> Loss: 29.5966
Epoch [ 879/1200] -> Loss: 29.5966
Epoch [ 880/1200] -> Loss: 29.5966
Epoch [ 881/1200] -> Loss: 29.5966
Epoch [ 882/1200] -> Loss: 29.5966
Epoch [ 883/1200] -> Loss: 29.5966
Epoch [ 884/1200] -> Loss: 29.5966
Epoch [ 885/1200] -> Loss: 29.5966
Epoch [ 886/1200] -> Loss: 29.5966
Epoch [ 887/1200] -> Loss: 29.5966
Epoch [ 888/1200] -> Loss: 29.5966
Epoch [ 889/1200] -> Loss: 29.5966
Epoch [ 890/1200] -> Loss: 29.5966
Epoch [ 891/1200] -> Loss: 29.5966
Epoch [ 892/1200] -> Loss: 29.5966
Epoch [ 893/1200] -> Loss: 29.5966
Epoch [ 894/1200] -> Loss: 29.5966
Epoch [ 895/1200] -> Loss: 29.5966
Epoch [ 896/1200] -> Loss: 29.5966
Epoch [ 897/1200] -> Loss: 29.5966
Epoch [ 898/1200] -> Loss: 29.5966
Epoch [ 899/1200] -> Loss: 29.5966
----------------------------------------------------------------
Model checkpoint saved as FFNN_900.pth
----------------------------------------------------------------
Epoch [ 900/1200] -> Loss: 29.5966
Epoch [ 901/1200] -> Loss: 29.5966
Epoch [ 902/1200] -> Loss: 29.5966
Epoch [ 903/1200] -> Loss: 29.5966
Epoch [ 904/1200] -> Loss: 29.5966
Epoch [ 905/1200] -> Loss: 29.5966
Epoch [ 906/1200] -> Loss: 29.5966
Epoch [ 907/1200] -> Loss: 29.5966
Epoch [ 908/1200] -> Loss: 29.5966
Epoch [ 909/1200] -> Loss: 29.5966
Epoch [ 910/1200] -> Loss: 29.5966
Epoch [ 911/1200] -> Loss: 29.5966
Epoch [ 912/1200] -> Loss: 29.5966
Epoch [ 913/1200] -> Loss: 29.5966
Epoch [ 914/1200] -> Loss: 29.5966
Epoch [ 915/1200] -> Loss: 29.5966
Epoch [ 916/1200] -> Loss: 29.5966
Epoch [ 917/1200] -> Loss: 29.5966
Epoch [ 918/1200] -> Loss: 29.5966
Epoch [ 919/1200] -> Loss: 29.5966
Epoch [ 920/1200] -> Loss: 29.5966
Epoch [ 921/1200] -> Loss: 29.5966
Epoch [ 922/1200] -> Loss: 29.5966
Epoch [ 923/1200] -> Loss: 29.5966
Epoch [ 924/1200] -> Loss: 29.5966
Epoch [ 925/1200] -> Loss: 29.5966
Epoch [ 926/1200] -> Loss: 29.5966
Epoch [ 927/1200] -> Loss: 29.5966
Epoch [ 928/1200] -> Loss: 29.5966
Epoch [ 929/1200] -> Loss: 29.5966
Epoch [ 930/1200] -> Loss: 29.5966
Epoch [ 931/1200] -> Loss: 29.5966
Epoch [ 932/1200] -> Loss: 29.5966
Epoch [ 933/1200] -> Loss: 29.5966
Epoch [ 934/1200] -> Loss: 29.5966
Epoch [ 935/1200] -> Loss: 29.5966
Epoch [ 936/1200] -> Loss: 29.5966
Epoch [ 937/1200] -> Loss: 29.5966
Epoch [ 938/1200] -> Loss: 29.5966
Epoch [ 939/1200] -> Loss: 29.5966
Epoch [ 940/1200] -> Loss: 29.5966
Epoch [ 941/1200] -> Loss: 29.5966
Epoch [ 942/1200] -> Loss: 29.5966
Epoch [ 943/1200] -> Loss: 29.5966
Epoch [ 944/1200] -> Loss: 29.5966
Epoch [ 945/1200] -> Loss: 29.5966
Epoch [ 946/1200] -> Loss: 29.5966
Epoch [ 947/1200] -> Loss: 29.5966
Epoch [ 948/1200] -> Loss: 29.5966
Epoch [ 949/1200] -> Loss: 29.5966
Epoch [ 950/1200] -> Loss: 29.5966
Epoch [ 951/1200] -> Loss: 29.5966
Epoch [ 952/1200] -> Loss: 29.5966
Epoch [ 953/1200] -> Loss: 29.5966
Epoch [ 954/1200] -> Loss: 29.5966
Epoch [ 955/1200] -> Loss: 29.5966
Epoch [ 956/1200] -> Loss: 29.5966
Epoch [ 957/1200] -> Loss: 29.5966
Epoch [ 958/1200] -> Loss: 29.5966
Epoch [ 959/1200] -> Loss: 29.5966
Epoch [ 960/1200] -> Loss: 29.5966
Epoch [ 961/1200] -> Loss: 29.5966
Epoch [ 962/1200] -> Loss: 29.5966
Epoch [ 963/1200] -> Loss: 29.5966
Epoch [ 964/1200] -> Loss: 29.5966
Epoch [ 965/1200] -> Loss: 29.5966
Epoch [ 966/1200] -> Loss: 29.5966
Epoch [ 967/1200] -> Loss: 29.5966
Epoch [ 968/1200] -> Loss: 29.5966
Epoch [ 969/1200] -> Loss: 29.5966
Epoch [ 970/1200] -> Loss: 29.5966
Epoch [ 971/1200] -> Loss: 29.5966
Epoch [ 972/1200] -> Loss: 29.5966
Epoch [ 973/1200] -> Loss: 29.5966
Epoch [ 974/1200] -> Loss: 29.5966
Epoch [ 975/1200] -> Loss: 29.5966
Epoch [ 976/1200] -> Loss: 29.5966
Epoch [ 977/1200] -> Loss: 29.5966
Epoch [ 978/1200] -> Loss: 29.5966
Epoch [ 979/1200] -> Loss: 29.5966
Epoch [ 980/1200] -> Loss: 29.5966
Epoch [ 981/1200] -> Loss: 29.5966
Epoch [ 982/1200] -> Loss: 29.5966
Epoch [ 983/1200] -> Loss: 29.5966
Epoch [ 984/1200] -> Loss: 29.5966
Epoch [ 985/1200] -> Loss: 29.5966
Epoch [ 986/1200] -> Loss: 29.5966
Epoch [ 987/1200] -> Loss: 29.5966
Epoch [ 988/1200] -> Loss: 29.5966
Epoch [ 989/1200] -> Loss: 29.5966
Epoch [ 990/1200] -> Loss: 29.5966
Epoch [ 991/1200] -> Loss: 29.5966
Epoch [ 992/1200] -> Loss: 29.5966
Epoch [ 993/1200] -> Loss: 29.5966
Epoch [ 994/1200] -> Loss: 29.5966
Epoch [ 995/1200] -> Loss: 29.5966
Epoch [ 996/1200] -> Loss: 29.5966
Epoch [ 997/1200] -> Loss: 29.5966
Epoch [ 998/1200] -> Loss: 29.5966
Epoch [ 999/1200] -> Loss: 29.5966
----------------------------------------------------------------
Model checkpoint saved as FFNN_1000.pth
----------------------------------------------------------------
Epoch [1000/1200] -> Loss: 29.5966
Epoch [1001/1200] -> Loss: 29.5966
Epoch [1002/1200] -> Loss: 29.5966
Epoch [1003/1200] -> Loss: 29.5966
Epoch [1004/1200] -> Loss: 29.5966
Epoch [1005/1200] -> Loss: 29.5966
Epoch [1006/1200] -> Loss: 29.5966
Epoch [1007/1200] -> Loss: 29.5966
Epoch [1008/1200] -> Loss: 29.5966
Epoch [1009/1200] -> Loss: 29.5966
Epoch [1010/1200] -> Loss: 29.5966
Epoch [1011/1200] -> Loss: 29.5966
Epoch [1012/1200] -> Loss: 29.5966
Epoch [1013/1200] -> Loss: 29.5966
Epoch [1014/1200] -> Loss: 29.5966
Epoch [1015/1200] -> Loss: 29.5966
Epoch [1016/1200] -> Loss: 29.5966
Epoch [1017/1200] -> Loss: 29.5966
Epoch [1018/1200] -> Loss: 29.5966
Epoch [1019/1200] -> Loss: 29.5966
Epoch [1020/1200] -> Loss: 29.5966
Epoch [1021/1200] -> Loss: 29.5966
Epoch [1022/1200] -> Loss: 29.5966
Epoch [1023/1200] -> Loss: 29.5966
Epoch [1024/1200] -> Loss: 29.5966
Epoch [1025/1200] -> Loss: 29.5966
Epoch [1026/1200] -> Loss: 29.5966
Epoch [1027/1200] -> Loss: 29.5966
Epoch [1028/1200] -> Loss: 29.5966
Epoch [1029/1200] -> Loss: 29.5966
Epoch [1030/1200] -> Loss: 29.5966
Epoch [1031/1200] -> Loss: 29.5966
Epoch [1032/1200] -> Loss: 29.5966
Epoch [1033/1200] -> Loss: 29.5966
Epoch [1034/1200] -> Loss: 29.5966
Epoch [1035/1200] -> Loss: 29.5966
Epoch [1036/1200] -> Loss: 29.5966
Epoch [1037/1200] -> Loss: 29.5966
Epoch [1038/1200] -> Loss: 29.5966
Epoch [1039/1200] -> Loss: 29.5966
Epoch [1040/1200] -> Loss: 29.5966
Epoch [1041/1200] -> Loss: 29.5966
Epoch [1042/1200] -> Loss: 29.5966
Epoch [1043/1200] -> Loss: 29.5966
Epoch [1044/1200] -> Loss: 29.5966
Epoch [1045/1200] -> Loss: 29.5966
Epoch [1046/1200] -> Loss: 29.5966
Epoch [1047/1200] -> Loss: 29.5966
Epoch [1048/1200] -> Loss: 29.5966
Epoch [1049/1200] -> Loss: 29.5966
Epoch [1050/1200] -> Loss: 29.5966
Epoch [1051/1200] -> Loss: 29.5966
Epoch [1052/1200] -> Loss: 29.5966
Epoch [1053/1200] -> Loss: 29.5966
Epoch [1054/1200] -> Loss: 29.5966
Epoch [1055/1200] -> Loss: 29.5966
Epoch [1056/1200] -> Loss: 29.5966
Epoch [1057/1200] -> Loss: 29.5966
Epoch [1058/1200] -> Loss: 29.5966
Epoch [1059/1200] -> Loss: 29.5966
Epoch [1060/1200] -> Loss: 29.5966
Epoch [1061/1200] -> Loss: 29.5966
Epoch [1062/1200] -> Loss: 29.5966
Epoch [1063/1200] -> Loss: 29.5966
Epoch [1064/1200] -> Loss: 29.5966
Epoch [1065/1200] -> Loss: 29.5966
Epoch [1066/1200] -> Loss: 29.5966
Epoch [1067/1200] -> Loss: 29.5966
Epoch [1068/1200] -> Loss: 29.5966
Epoch [1069/1200] -> Loss: 29.5966
Epoch [1070/1200] -> Loss: 29.5966
Epoch [1071/1200] -> Loss: 29.5966
Epoch [1072/1200] -> Loss: 29.5966
Epoch [1073/1200] -> Loss: 29.5966
Epoch [1074/1200] -> Loss: 29.5966
Epoch [1075/1200] -> Loss: 29.5966
Epoch [1076/1200] -> Loss: 29.5966
Epoch [1077/1200] -> Loss: 29.5966
Epoch [1078/1200] -> Loss: 29.5966
Epoch [1079/1200] -> Loss: 29.5966
Epoch [1080/1200] -> Loss: 29.5966
Epoch [1081/1200] -> Loss: 29.5966
Epoch [1082/1200] -> Loss: 29.5966
Epoch [1083/1200] -> Loss: 29.5966
Epoch [1084/1200] -> Loss: 29.5966
Epoch [1085/1200] -> Loss: 29.5966
Epoch [1086/1200] -> Loss: 29.5966
Epoch [1087/1200] -> Loss: 29.5966
Epoch [1088/1200] -> Loss: 29.5966
Epoch [1089/1200] -> Loss: 29.5966
Epoch [1090/1200] -> Loss: 29.5966
Epoch [1091/1200] -> Loss: 29.5966
Epoch [1092/1200] -> Loss: 29.5966
Epoch [1093/1200] -> Loss: 29.5966
Epoch [1094/1200] -> Loss: 29.5966
Epoch [1095/1200] -> Loss: 29.5966
Epoch [1096/1200] -> Loss: 29.5966
Epoch [1097/1200] -> Loss: 29.5966
Epoch [1098/1200] -> Loss: 29.5966
Epoch [1099/1200] -> Loss: 29.5966
----------------------------------------------------------------
Model checkpoint saved as FFNN_1100.pth
----------------------------------------------------------------
Epoch [1100/1200] -> Loss: 29.5966
Epoch [1101/1200] -> Loss: 29.5966
Epoch [1102/1200] -> Loss: 29.5966
Epoch [1103/1200] -> Loss: 29.5966
Epoch [1104/1200] -> Loss: 29.5966
Epoch [1105/1200] -> Loss: 29.5966
Epoch [1106/1200] -> Loss: 29.5966
Epoch [1107/1200] -> Loss: 29.5966
Epoch [1108/1200] -> Loss: 29.5966
Epoch [1109/1200] -> Loss: 29.5966
Epoch [1110/1200] -> Loss: 29.5966
Epoch [1111/1200] -> Loss: 29.5966
Epoch [1112/1200] -> Loss: 29.5966
Epoch [1113/1200] -> Loss: 29.5966
Epoch [1114/1200] -> Loss: 29.5966
Epoch [1115/1200] -> Loss: 29.5966
Epoch [1116/1200] -> Loss: 29.5966
Epoch [1117/1200] -> Loss: 29.5966
Epoch [1118/1200] -> Loss: 29.5966
Epoch [1119/1200] -> Loss: 29.5966
Epoch [1120/1200] -> Loss: 29.5966
Epoch [1121/1200] -> Loss: 29.5966
Epoch [1122/1200] -> Loss: 29.5966
Epoch [1123/1200] -> Loss: 29.5966
Epoch [1124/1200] -> Loss: 29.5966
Epoch [1125/1200] -> Loss: 29.5966
Epoch [1126/1200] -> Loss: 29.5966
Epoch [1127/1200] -> Loss: 29.5966
Epoch [1128/1200] -> Loss: 29.5966
Epoch [1129/1200] -> Loss: 29.5966
Epoch [1130/1200] -> Loss: 29.5966
Epoch [1131/1200] -> Loss: 29.5966
Epoch [1132/1200] -> Loss: 29.5966
Epoch [1133/1200] -> Loss: 29.5966
Epoch [1134/1200] -> Loss: 29.5966
Epoch [1135/1200] -> Loss: 29.5966
Epoch [1136/1200] -> Loss: 29.5966
Epoch [1137/1200] -> Loss: 29.5966
Epoch [1138/1200] -> Loss: 29.5966
Epoch [1139/1200] -> Loss: 29.5966
Epoch [1140/1200] -> Loss: 29.5966
Epoch [1141/1200] -> Loss: 29.5966
Epoch [1142/1200] -> Loss: 29.5966
Epoch [1143/1200] -> Loss: 29.5966
Epoch [1144/1200] -> Loss: 29.5966
Epoch [1145/1200] -> Loss: 29.5966
Epoch [1146/1200] -> Loss: 29.5966
Epoch [1147/1200] -> Loss: 29.5966
Epoch [1148/1200] -> Loss: 29.5966
Epoch [1149/1200] -> Loss: 29.5966
Epoch [1150/1200] -> Loss: 29.5966
Epoch [1151/1200] -> Loss: 29.5966
Epoch [1152/1200] -> Loss: 29.5966
Epoch [1153/1200] -> Loss: 29.5966
Epoch [1154/1200] -> Loss: 29.5966
Epoch [1155/1200] -> Loss: 29.5966
Epoch [1156/1200] -> Loss: 29.5966
Epoch [1157/1200] -> Loss: 29.5966
Epoch [1158/1200] -> Loss: 29.5966
Epoch [1159/1200] -> Loss: 29.5966
Epoch [1160/1200] -> Loss: 29.5966
Epoch [1161/1200] -> Loss: 29.5966
Epoch [1162/1200] -> Loss: 29.5966
Epoch [1163/1200] -> Loss: 29.5966
Epoch [1164/1200] -> Loss: 29.5966
Epoch [1165/1200] -> Loss: 29.5966
Epoch [1166/1200] -> Loss: 29.5966
Epoch [1167/1200] -> Loss: 29.5966
Epoch [1168/1200] -> Loss: 29.5966
Epoch [1169/1200] -> Loss: 29.5966
Epoch [1170/1200] -> Loss: 29.5966
Epoch [1171/1200] -> Loss: 29.5966
Epoch [1172/1200] -> Loss: 29.5966
Epoch [1173/1200] -> Loss: 29.5966
Epoch [1174/1200] -> Loss: 29.5966
Epoch [1175/1200] -> Loss: 29.5966
Epoch [1176/1200] -> Loss: 29.5966
Epoch [1177/1200] -> Loss: 29.5966
Epoch [1178/1200] -> Loss: 29.5966
Epoch [1179/1200] -> Loss: 29.5966
Epoch [1180/1200] -> Loss: 29.5966
Epoch [1181/1200] -> Loss: 29.5966
Epoch [1182/1200] -> Loss: 29.5966
Epoch [1183/1200] -> Loss: 29.5966
Epoch [1184/1200] -> Loss: 29.5966
Epoch [1185/1200] -> Loss: 29.5966
Epoch [1186/1200] -> Loss: 29.5966
Epoch [1187/1200] -> Loss: 29.5966
Epoch [1188/1200] -> Loss: 29.5966
Epoch [1189/1200] -> Loss: 29.5966
Epoch [1190/1200] -> Loss: 29.5966
Epoch [1191/1200] -> Loss: 29.5966
Epoch [1192/1200] -> Loss: 29.5966
Epoch [1193/1200] -> Loss: 29.5966
Epoch [1194/1200] -> Loss: 29.5966
Epoch [1195/1200] -> Loss: 29.5966
Epoch [1196/1200] -> Loss: 29.5966
Epoch [1197/1200] -> Loss: 29.5966
Epoch [1198/1200] -> Loss: 29.5966
Epoch [1199/1200] -> Loss: 29.5966
----------------------------------------------------------------
Model checkpoint saved as FFNN_1200.pth
----------------------------------------------------------------
Epoch [1200/1200] -> Loss: 29.5966
----------------------------------------------------------------
Training finished successfully.
        Saved model checkpoints can be found in: /home/extern/Documents/Research/scripts/models/
        Saved data/loss graphs can be found in: /home/extern/Documents/Research/scripts/graphs/
----------------------------------------------------------------
Plotting data...
