Usage: python3 SSN_predictor.py <path_to_ssn_datafile> <path_to_aa_datafile>
----------------------------------------------------------------
Code running on device: cuda
----------------------------------------------------------------
Data loaded from file locations :
    SSN - /home/extern/Documents/Research/scripts/data/SILSO/TSN/SN_m_tot_V2.0.txt
    AA - /home/extern/Documents/Research/scripts/data/ISGI/aa_1869-01-01_2018-12-31_D.dat
----------------------------------------------------------------
Solar cycle data loaded/saved as: cycle_data.pickle
----------------------------------------------------------------
Selected model: FFNN(
  (model): Sequential(
    (0): Linear(in_features=6, out_features=6, bias=True)
    (1): LeakyReLU(negative_slope=0.01, inplace=True)
    (2): Linear(in_features=6, out_features=3, bias=True)
    (3): LeakyReLU(negative_slope=0.01, inplace=True)
    (4): Linear(in_features=3, out_features=1, bias=True)
  )
)    Training mode: True    Testing mode: False
----------------------------------------------------------------
No pre-trained models available, initializing model weights
----------------------------------------------------------------
Training model with: num_epochs=1200, start_lr=0.0002
Epoch [   1/1200] -> Loss: 129.4495
Epoch [   2/1200] -> Loss: 128.9534
Epoch [   3/1200] -> Loss: 128.8084
Epoch [   4/1200] -> Loss: 128.2567
Epoch [   5/1200] -> Loss: 127.5656
Epoch [   6/1200] -> Loss: 127.6398
Epoch [   7/1200] -> Loss: 127.4037
Epoch [   8/1200] -> Loss: 127.1931
Epoch [   9/1200] -> Loss: 126.9266
Epoch [  10/1200] -> Loss: 126.5484
Epoch [  11/1200] -> Loss: 126.3603
Epoch [  12/1200] -> Loss: 125.8871
Epoch [  13/1200] -> Loss: 125.4924
Epoch [  14/1200] -> Loss: 125.3354
Epoch [  15/1200] -> Loss: 125.2266
Epoch [  16/1200] -> Loss: 124.8739
Epoch [  17/1200] -> Loss: 124.5671
Epoch [  18/1200] -> Loss: 124.3454
Epoch [  19/1200] -> Loss: 124.3044
Epoch [  20/1200] -> Loss: 123.9097
Epoch [  21/1200] -> Loss: 123.6080
Epoch [  22/1200] -> Loss: 123.4034
Epoch [  23/1200] -> Loss: 123.1889
Epoch [  24/1200] -> Loss: 122.5525
Epoch [  25/1200] -> Loss: 122.3135
Epoch [  26/1200] -> Loss: 122.4823
Epoch [  27/1200] -> Loss: 122.0744
Epoch [  28/1200] -> Loss: 121.5365
Epoch [  29/1200] -> Loss: 121.6950
Epoch [  30/1200] -> Loss: 121.2558
Epoch [  31/1200] -> Loss: 120.9348
Epoch [  32/1200] -> Loss: 120.4550
Epoch [  33/1200] -> Loss: 119.7161
Epoch [  34/1200] -> Loss: 119.5577
Epoch [  35/1200] -> Loss: 118.8077
Epoch [  36/1200] -> Loss: 118.2756
Epoch [  37/1200] -> Loss: 117.6902
Epoch [  38/1200] -> Loss: 117.1229
Epoch [  39/1200] -> Loss: 116.3381
Epoch [  40/1200] -> Loss: 115.8110
Epoch [  41/1200] -> Loss: 115.3483
Epoch [  42/1200] -> Loss: 114.5279
Epoch [  43/1200] -> Loss: 113.9359
Epoch [  44/1200] -> Loss: 113.1563
Epoch [  45/1200] -> Loss: 112.1343
Epoch [  46/1200] -> Loss: 112.0596
Epoch [  47/1200] -> Loss: 111.2827
Epoch [  48/1200] -> Loss: 110.5798
Epoch [  49/1200] -> Loss: 109.6187
Epoch [  50/1200] -> Loss: 109.3124
Epoch [  51/1200] -> Loss: 108.6597
Epoch [  52/1200] -> Loss: 108.1494
Epoch [  53/1200] -> Loss: 107.5039
Epoch [  54/1200] -> Loss: 106.4444
Epoch [  55/1200] -> Loss: 105.6638
Epoch [  56/1200] -> Loss: 105.2612
Epoch [  57/1200] -> Loss: 104.6103
Epoch [  58/1200] -> Loss: 103.8747
Epoch [  59/1200] -> Loss: 103.3947
Epoch [  60/1200] -> Loss: 102.7189
Epoch [  61/1200] -> Loss: 102.1761
Epoch [  62/1200] -> Loss: 101.2984
Epoch [  63/1200] -> Loss: 100.7427
Epoch [  64/1200] -> Loss: 100.0651
Epoch [  65/1200] -> Loss: 99.4472
Epoch [  66/1200] -> Loss: 99.0628
Epoch [  67/1200] -> Loss: 98.3578
Epoch [  68/1200] -> Loss: 97.4337
Epoch [  69/1200] -> Loss: 97.0627
Epoch [  70/1200] -> Loss: 96.1788
Epoch [  71/1200] -> Loss: 95.8264
Epoch [  72/1200] -> Loss: 95.0107
Epoch [  73/1200] -> Loss: 94.5987
Epoch [  74/1200] -> Loss: 93.6048
Epoch [  75/1200] -> Loss: 93.5779
Epoch [  76/1200] -> Loss: 93.2281
Epoch [  77/1200] -> Loss: 92.2598
Epoch [  78/1200] -> Loss: 92.0012
Epoch [  79/1200] -> Loss: 91.3231
Epoch [  80/1200] -> Loss: 90.3932
Epoch [  81/1200] -> Loss: 90.1599
Epoch [  82/1200] -> Loss: 89.7992
Epoch [  83/1200] -> Loss: 89.1298
Epoch [  84/1200] -> Loss: 88.5313
Epoch [  85/1200] -> Loss: 88.0507
Epoch [  86/1200] -> Loss: 87.4219
Epoch [  87/1200] -> Loss: 86.7911
Epoch [  88/1200] -> Loss: 86.0571
Epoch [  89/1200] -> Loss: 85.6387
Epoch [  90/1200] -> Loss: 85.1098
Epoch [  91/1200] -> Loss: 84.2641
Epoch [  92/1200] -> Loss: 83.7836
Epoch [  93/1200] -> Loss: 83.1908
Epoch [  94/1200] -> Loss: 82.7643
Epoch [  95/1200] -> Loss: 81.9961
Epoch [  96/1200] -> Loss: 81.4474
Epoch [  97/1200] -> Loss: 80.8417
Epoch [  98/1200] -> Loss: 79.9501
Epoch [  99/1200] -> Loss: 79.6553
----------------------------------------------------------------
Model checkpoint saved as FFNN_100.pth
----------------------------------------------------------------
Epoch [ 100/1200] -> Loss: 79.0407
Epoch [ 101/1200] -> Loss: 78.2046
Epoch [ 102/1200] -> Loss: 77.7284
Epoch [ 103/1200] -> Loss: 77.0671
Epoch [ 104/1200] -> Loss: 76.5790
Epoch [ 105/1200] -> Loss: 75.5868
Epoch [ 106/1200] -> Loss: 75.4619
Epoch [ 107/1200] -> Loss: 74.9488
Epoch [ 108/1200] -> Loss: 73.4595
Epoch [ 109/1200] -> Loss: 73.6321
Epoch [ 110/1200] -> Loss: 73.0630
Epoch [ 111/1200] -> Loss: 72.3246
Epoch [ 112/1200] -> Loss: 71.8288
Epoch [ 113/1200] -> Loss: 71.0626
Epoch [ 114/1200] -> Loss: 70.4289
Epoch [ 115/1200] -> Loss: 70.0597
Epoch [ 116/1200] -> Loss: 69.4647
Epoch [ 117/1200] -> Loss: 68.9118
Epoch [ 118/1200] -> Loss: 68.3677
Epoch [ 119/1200] -> Loss: 67.6453
Epoch [ 120/1200] -> Loss: 67.3438
Epoch [ 121/1200] -> Loss: 67.0929
Epoch [ 122/1200] -> Loss: 66.3003
Epoch [ 123/1200] -> Loss: 65.6282
Epoch [ 124/1200] -> Loss: 65.3953
Epoch [ 125/1200] -> Loss: 64.9544
Epoch [ 126/1200] -> Loss: 64.2733
Epoch [ 127/1200] -> Loss: 64.1045
Epoch [ 128/1200] -> Loss: 63.4447
Epoch [ 129/1200] -> Loss: 63.0518
Epoch [ 130/1200] -> Loss: 62.6563
Epoch [ 131/1200] -> Loss: 62.4284
Epoch [ 132/1200] -> Loss: 61.9216
Epoch [ 133/1200] -> Loss: 61.5414
Epoch [ 134/1200] -> Loss: 60.9377
Epoch [ 135/1200] -> Loss: 60.8846
Epoch [ 136/1200] -> Loss: 60.1155
Epoch [ 137/1200] -> Loss: 60.0369
Epoch [ 138/1200] -> Loss: 59.9059
Epoch [ 139/1200] -> Loss: 59.4780
Epoch [ 140/1200] -> Loss: 58.9248
Epoch [ 141/1200] -> Loss: 58.6809
Epoch [ 142/1200] -> Loss: 58.7261
Epoch [ 143/1200] -> Loss: 58.0907
Epoch [ 144/1200] -> Loss: 58.1981
Epoch [ 145/1200] -> Loss: 57.9201
Epoch [ 146/1200] -> Loss: 57.7591
Epoch [ 147/1200] -> Loss: 57.6207
Epoch [ 148/1200] -> Loss: 57.3912
Epoch [ 149/1200] -> Loss: 57.1090
Epoch [ 150/1200] -> Loss: 56.9548
Epoch [ 151/1200] -> Loss: 56.6565
Epoch [ 152/1200] -> Loss: 56.8617
Epoch [ 153/1200] -> Loss: 56.5583
Epoch [ 154/1200] -> Loss: 56.4971
Epoch [ 155/1200] -> Loss: 56.2258
Epoch [ 156/1200] -> Loss: 56.1605
Epoch [ 157/1200] -> Loss: 56.0762
Epoch [ 158/1200] -> Loss: 56.1255
Epoch [ 159/1200] -> Loss: 55.9452
Epoch [ 160/1200] -> Loss: 55.8360
Epoch [ 161/1200] -> Loss: 55.4385
Epoch [ 162/1200] -> Loss: 55.7858
Epoch [ 163/1200] -> Loss: 55.5586
Epoch [ 164/1200] -> Loss: 55.6003
Epoch [ 165/1200] -> Loss: 55.6267
Epoch [ 166/1200] -> Loss: 55.4992
Epoch [ 167/1200] -> Loss: 55.3940
Epoch [ 168/1200] -> Loss: 55.1936
Epoch [ 169/1200] -> Loss: 55.5123
Epoch [ 170/1200] -> Loss: 55.2993
Epoch [ 171/1200] -> Loss: 55.5413
Epoch [ 172/1200] -> Loss: 55.3065
Epoch [ 173/1200] -> Loss: 55.2912
Epoch [ 174/1200] -> Loss: 55.0727
Epoch [ 175/1200] -> Loss: 55.1830
Epoch [ 176/1200] -> Loss: 55.1217
Epoch [ 177/1200] -> Loss: 55.2385
Epoch [ 178/1200] -> Loss: 55.1142
Epoch [ 179/1200] -> Loss: 55.3062
Epoch [ 180/1200] -> Loss: 55.2297
Epoch [ 181/1200] -> Loss: 55.2826
Epoch [ 182/1200] -> Loss: 55.1367
Epoch [ 183/1200] -> Loss: 55.1140
Epoch [ 184/1200] -> Loss: 55.1808
Epoch   185: reducing learning rate of group 0 to 1.0000e-04.
Epoch [ 185/1200] -> Loss: 55.1452
Epoch [ 186/1200] -> Loss: 55.0676
Epoch [ 187/1200] -> Loss: 55.1947
Epoch [ 188/1200] -> Loss: 55.0954
Epoch [ 189/1200] -> Loss: 55.1285
Epoch [ 190/1200] -> Loss: 55.0793
Epoch [ 191/1200] -> Loss: 55.1594
Epoch [ 192/1200] -> Loss: 54.9598
Epoch [ 193/1200] -> Loss: 55.1196
Epoch [ 194/1200] -> Loss: 55.1932
Epoch [ 195/1200] -> Loss: 55.2626
Epoch [ 196/1200] -> Loss: 55.1733
Epoch [ 197/1200] -> Loss: 55.2069
Epoch [ 198/1200] -> Loss: 55.1622
Epoch [ 199/1200] -> Loss: 55.1725
----------------------------------------------------------------
Model checkpoint saved as FFNN_200.pth
----------------------------------------------------------------
Epoch [ 200/1200] -> Loss: 55.1392
Epoch [ 201/1200] -> Loss: 54.8065
Epoch [ 202/1200] -> Loss: 55.2487
Epoch [ 203/1200] -> Loss: 55.0441
Epoch [ 204/1200] -> Loss: 55.1385
Epoch [ 205/1200] -> Loss: 55.1557
Epoch [ 206/1200] -> Loss: 55.1185
Epoch [ 207/1200] -> Loss: 55.0455
Epoch [ 208/1200] -> Loss: 55.0946
Epoch [ 209/1200] -> Loss: 55.1236
Epoch [ 210/1200] -> Loss: 55.0257
Epoch [ 211/1200] -> Loss: 55.2272
Epoch   212: reducing learning rate of group 0 to 5.0000e-05.
Epoch [ 212/1200] -> Loss: 54.8311
Epoch [ 213/1200] -> Loss: 55.1801
Epoch [ 214/1200] -> Loss: 55.0941
Epoch [ 215/1200] -> Loss: 55.0621
Epoch [ 216/1200] -> Loss: 55.0690
Epoch [ 217/1200] -> Loss: 55.0579
Epoch [ 218/1200] -> Loss: 55.0464
Epoch [ 219/1200] -> Loss: 54.9724
Epoch [ 220/1200] -> Loss: 55.0579
Epoch [ 221/1200] -> Loss: 55.0700
Epoch [ 222/1200] -> Loss: 55.0950
Epoch   223: reducing learning rate of group 0 to 2.5000e-05.
Epoch [ 223/1200] -> Loss: 54.8358
Epoch [ 224/1200] -> Loss: 55.1450
Epoch [ 225/1200] -> Loss: 55.0890
Epoch [ 226/1200] -> Loss: 54.6311
Epoch [ 227/1200] -> Loss: 55.0204
Epoch [ 228/1200] -> Loss: 55.0699
Epoch [ 229/1200] -> Loss: 55.0278
Epoch [ 230/1200] -> Loss: 55.1007
Epoch [ 231/1200] -> Loss: 55.1346
Epoch [ 232/1200] -> Loss: 54.7569
Epoch [ 233/1200] -> Loss: 55.0914
Epoch [ 234/1200] -> Loss: 55.0326
Epoch [ 235/1200] -> Loss: 55.0062
Epoch [ 236/1200] -> Loss: 54.9726
Epoch   237: reducing learning rate of group 0 to 1.2500e-05.
Epoch [ 237/1200] -> Loss: 55.1115
Epoch [ 238/1200] -> Loss: 54.8451
Epoch [ 239/1200] -> Loss: 55.0516
Epoch [ 240/1200] -> Loss: 54.8183
Epoch [ 241/1200] -> Loss: 55.0914
Epoch [ 242/1200] -> Loss: 55.1490
Epoch [ 243/1200] -> Loss: 55.0952
Epoch [ 244/1200] -> Loss: 55.0037
Epoch [ 245/1200] -> Loss: 55.0315
Epoch [ 246/1200] -> Loss: 55.1990
Epoch [ 247/1200] -> Loss: 55.0963
Epoch   248: reducing learning rate of group 0 to 6.2500e-06.
Epoch [ 248/1200] -> Loss: 55.1347
Epoch [ 249/1200] -> Loss: 54.8382
Epoch [ 250/1200] -> Loss: 55.1547
Epoch [ 251/1200] -> Loss: 55.0822
Epoch [ 252/1200] -> Loss: 55.0188
Epoch [ 253/1200] -> Loss: 55.0590
Epoch [ 254/1200] -> Loss: 55.0632
Epoch [ 255/1200] -> Loss: 54.8658
Epoch [ 256/1200] -> Loss: 54.9339
Epoch [ 257/1200] -> Loss: 55.0266
Epoch [ 258/1200] -> Loss: 55.1919
Epoch   259: reducing learning rate of group 0 to 3.1250e-06.
Epoch [ 259/1200] -> Loss: 55.1676
Epoch [ 260/1200] -> Loss: 54.9953
Epoch [ 261/1200] -> Loss: 54.9967
Epoch [ 262/1200] -> Loss: 54.8611
Epoch [ 263/1200] -> Loss: 54.8823
Epoch [ 264/1200] -> Loss: 54.9298
Epoch [ 265/1200] -> Loss: 55.0141
Epoch [ 266/1200] -> Loss: 55.0754
Epoch [ 267/1200] -> Loss: 55.0247
Epoch [ 268/1200] -> Loss: 55.1673
Epoch [ 269/1200] -> Loss: 54.7748
Epoch   270: reducing learning rate of group 0 to 1.5625e-06.
Epoch [ 270/1200] -> Loss: 55.1479
Epoch [ 271/1200] -> Loss: 54.7583
Epoch [ 272/1200] -> Loss: 54.8148
Epoch [ 273/1200] -> Loss: 55.0692
Epoch [ 274/1200] -> Loss: 55.0037
Epoch [ 275/1200] -> Loss: 55.1010
Epoch [ 276/1200] -> Loss: 55.1053
Epoch [ 277/1200] -> Loss: 54.9736
Epoch [ 278/1200] -> Loss: 54.8071
Epoch [ 279/1200] -> Loss: 54.8885
Epoch [ 280/1200] -> Loss: 55.0733
Epoch   281: reducing learning rate of group 0 to 7.8125e-07.
Epoch [ 281/1200] -> Loss: 54.9079
Epoch [ 282/1200] -> Loss: 55.0648
Epoch [ 283/1200] -> Loss: 55.0658
Epoch [ 284/1200] -> Loss: 54.8125
Epoch [ 285/1200] -> Loss: 54.9693
Epoch [ 286/1200] -> Loss: 55.1222
Epoch [ 287/1200] -> Loss: 55.0276
Epoch [ 288/1200] -> Loss: 54.9206
Epoch [ 289/1200] -> Loss: 55.0102
Epoch [ 290/1200] -> Loss: 54.9856
Epoch [ 291/1200] -> Loss: 55.0702
Epoch   292: reducing learning rate of group 0 to 3.9063e-07.
Epoch [ 292/1200] -> Loss: 54.9492
Epoch [ 293/1200] -> Loss: 55.0246
Epoch [ 294/1200] -> Loss: 54.9810
Epoch [ 295/1200] -> Loss: 55.0484
Epoch [ 296/1200] -> Loss: 55.0123
Epoch [ 297/1200] -> Loss: 55.1422
Epoch [ 298/1200] -> Loss: 55.0142
Epoch [ 299/1200] -> Loss: 55.1508
----------------------------------------------------------------
Model checkpoint saved as FFNN_300.pth
----------------------------------------------------------------
Epoch [ 300/1200] -> Loss: 54.9762
Epoch [ 301/1200] -> Loss: 55.0291
Epoch [ 302/1200] -> Loss: 55.0144
Epoch   303: reducing learning rate of group 0 to 1.9531e-07.
Epoch [ 303/1200] -> Loss: 55.0713
Epoch [ 304/1200] -> Loss: 54.9264
Epoch [ 305/1200] -> Loss: 54.9677
Epoch [ 306/1200] -> Loss: 55.1033
Epoch [ 307/1200] -> Loss: 55.0742
Epoch [ 308/1200] -> Loss: 54.9391
Epoch [ 309/1200] -> Loss: 54.9042
Epoch [ 310/1200] -> Loss: 55.1998
Epoch [ 311/1200] -> Loss: 55.0739
Epoch [ 312/1200] -> Loss: 55.0984
Epoch [ 313/1200] -> Loss: 55.1035
Epoch   314: reducing learning rate of group 0 to 9.7656e-08.
Epoch [ 314/1200] -> Loss: 54.9324
Epoch [ 315/1200] -> Loss: 54.9866
Epoch [ 316/1200] -> Loss: 54.8866
Epoch [ 317/1200] -> Loss: 55.1285
Epoch [ 318/1200] -> Loss: 54.7601
Epoch [ 319/1200] -> Loss: 54.9153
Epoch [ 320/1200] -> Loss: 54.9088
Epoch [ 321/1200] -> Loss: 55.0033
Epoch [ 322/1200] -> Loss: 55.2100
Epoch [ 323/1200] -> Loss: 55.1099
Epoch [ 324/1200] -> Loss: 54.8392
Epoch   325: reducing learning rate of group 0 to 4.8828e-08.
Epoch [ 325/1200] -> Loss: 55.0604
Epoch [ 326/1200] -> Loss: 54.9583
Epoch [ 327/1200] -> Loss: 54.9863
Epoch [ 328/1200] -> Loss: 54.9930
Epoch [ 329/1200] -> Loss: 54.9013
Epoch [ 330/1200] -> Loss: 54.6814
Epoch [ 331/1200] -> Loss: 55.0276
Epoch [ 332/1200] -> Loss: 54.9915
Epoch [ 333/1200] -> Loss: 55.1199
Epoch [ 334/1200] -> Loss: 55.0699
Epoch [ 335/1200] -> Loss: 55.0633
Epoch   336: reducing learning rate of group 0 to 2.4414e-08.
Epoch [ 336/1200] -> Loss: 55.1212
Epoch [ 337/1200] -> Loss: 55.1643
Epoch [ 338/1200] -> Loss: 55.0162
Epoch [ 339/1200] -> Loss: 55.0014
Epoch [ 340/1200] -> Loss: 55.0569
Epoch [ 341/1200] -> Loss: 54.7740
Epoch [ 342/1200] -> Loss: 54.9598
Epoch [ 343/1200] -> Loss: 54.9402
Epoch [ 344/1200] -> Loss: 55.1518
Epoch [ 345/1200] -> Loss: 55.1092
Epoch [ 346/1200] -> Loss: 55.1691
Epoch   347: reducing learning rate of group 0 to 1.2207e-08.
Epoch [ 347/1200] -> Loss: 55.1416
Epoch [ 348/1200] -> Loss: 54.9555
Epoch [ 349/1200] -> Loss: 55.1063
Epoch [ 350/1200] -> Loss: 55.0201
Epoch [ 351/1200] -> Loss: 55.1084
Epoch [ 352/1200] -> Loss: 55.1782
Epoch [ 353/1200] -> Loss: 55.0560
Epoch [ 354/1200] -> Loss: 54.9543
Epoch [ 355/1200] -> Loss: 54.9347
Epoch [ 356/1200] -> Loss: 55.1213
Epoch [ 357/1200] -> Loss: 55.1505
Epoch [ 358/1200] -> Loss: 55.1325
Epoch [ 359/1200] -> Loss: 55.0145
Epoch [ 360/1200] -> Loss: 54.9165
Epoch [ 361/1200] -> Loss: 55.1512
Epoch [ 362/1200] -> Loss: 55.0180
Epoch [ 363/1200] -> Loss: 54.7479
Epoch [ 364/1200] -> Loss: 55.0959
Epoch [ 365/1200] -> Loss: 54.8258
Epoch [ 366/1200] -> Loss: 55.1307
Epoch [ 367/1200] -> Loss: 55.1377
Epoch [ 368/1200] -> Loss: 55.1356
Epoch [ 369/1200] -> Loss: 55.0574
Epoch [ 370/1200] -> Loss: 55.1018
Epoch [ 371/1200] -> Loss: 55.1890
Epoch [ 372/1200] -> Loss: 54.8188
Epoch [ 373/1200] -> Loss: 55.1500
Epoch [ 374/1200] -> Loss: 55.1493
Epoch [ 375/1200] -> Loss: 54.9949
Epoch [ 376/1200] -> Loss: 55.0852
Epoch [ 377/1200] -> Loss: 54.9326
Epoch [ 378/1200] -> Loss: 55.0761
Epoch [ 379/1200] -> Loss: 55.0768
Epoch [ 380/1200] -> Loss: 54.8890
Epoch [ 381/1200] -> Loss: 55.1558
Epoch [ 382/1200] -> Loss: 54.9517
Epoch [ 383/1200] -> Loss: 55.2383
Epoch [ 384/1200] -> Loss: 54.9704
Epoch [ 385/1200] -> Loss: 55.1040
Epoch [ 386/1200] -> Loss: 55.1443
Epoch [ 387/1200] -> Loss: 54.9448
Epoch [ 388/1200] -> Loss: 55.0041
Epoch [ 389/1200] -> Loss: 55.1314
Epoch [ 390/1200] -> Loss: 55.0227
Epoch [ 391/1200] -> Loss: 54.9685
Epoch [ 392/1200] -> Loss: 55.0628
Epoch [ 393/1200] -> Loss: 54.6851
Epoch [ 394/1200] -> Loss: 55.0080
Epoch [ 395/1200] -> Loss: 55.1551
Epoch [ 396/1200] -> Loss: 55.1813
Epoch [ 397/1200] -> Loss: 55.1763
Epoch [ 398/1200] -> Loss: 55.0414
Epoch [ 399/1200] -> Loss: 55.0354
----------------------------------------------------------------
Model checkpoint saved as FFNN_400.pth
----------------------------------------------------------------
Epoch [ 400/1200] -> Loss: 55.0219
Epoch [ 401/1200] -> Loss: 55.1925
Epoch [ 402/1200] -> Loss: 55.1976
Epoch [ 403/1200] -> Loss: 55.1003
Epoch [ 404/1200] -> Loss: 55.1377
Epoch [ 405/1200] -> Loss: 55.0405
Epoch [ 406/1200] -> Loss: 55.1126
Epoch [ 407/1200] -> Loss: 54.9517
Epoch [ 408/1200] -> Loss: 54.9609
Epoch [ 409/1200] -> Loss: 55.0506
Epoch [ 410/1200] -> Loss: 55.0705
Epoch [ 411/1200] -> Loss: 54.8474
Epoch [ 412/1200] -> Loss: 55.0159
Epoch [ 413/1200] -> Loss: 55.0498
Epoch [ 414/1200] -> Loss: 55.0911
Epoch [ 415/1200] -> Loss: 54.9963
Epoch [ 416/1200] -> Loss: 55.1718
Epoch [ 417/1200] -> Loss: 55.0557
Epoch [ 418/1200] -> Loss: 55.1191
Epoch [ 419/1200] -> Loss: 55.1491
Epoch [ 420/1200] -> Loss: 54.9450
Epoch [ 421/1200] -> Loss: 55.0762
Epoch [ 422/1200] -> Loss: 54.8505
Epoch [ 423/1200] -> Loss: 55.0515
Epoch [ 424/1200] -> Loss: 54.8984
Epoch [ 425/1200] -> Loss: 54.9532
Epoch [ 426/1200] -> Loss: 54.9700
Epoch [ 427/1200] -> Loss: 54.9805
Epoch [ 428/1200] -> Loss: 54.8673
Epoch [ 429/1200] -> Loss: 55.0577
Epoch [ 430/1200] -> Loss: 55.0096
Epoch [ 431/1200] -> Loss: 55.0648
Epoch [ 432/1200] -> Loss: 55.0243
Epoch [ 433/1200] -> Loss: 55.0201
Epoch [ 434/1200] -> Loss: 55.0311
Epoch [ 435/1200] -> Loss: 55.1163
Epoch [ 436/1200] -> Loss: 55.1051
Epoch [ 437/1200] -> Loss: 54.9336
Epoch [ 438/1200] -> Loss: 55.0883
Epoch [ 439/1200] -> Loss: 54.9873
Epoch [ 440/1200] -> Loss: 54.8849
Epoch [ 441/1200] -> Loss: 55.1186
Epoch [ 442/1200] -> Loss: 55.0449
Epoch [ 443/1200] -> Loss: 55.0426
Epoch [ 444/1200] -> Loss: 55.1209
Epoch [ 445/1200] -> Loss: 54.9747
Epoch [ 446/1200] -> Loss: 55.0562
Epoch [ 447/1200] -> Loss: 55.0980
Epoch [ 448/1200] -> Loss: 55.0182
Epoch [ 449/1200] -> Loss: 55.1211
Epoch [ 450/1200] -> Loss: 55.2025
Epoch [ 451/1200] -> Loss: 55.1100
Epoch [ 452/1200] -> Loss: 54.9215
Epoch [ 453/1200] -> Loss: 55.0699
Epoch [ 454/1200] -> Loss: 54.9338
Epoch [ 455/1200] -> Loss: 54.9738
Epoch [ 456/1200] -> Loss: 55.0782
Epoch [ 457/1200] -> Loss: 55.1668
Epoch [ 458/1200] -> Loss: 55.1001
Epoch [ 459/1200] -> Loss: 55.1134
Epoch [ 460/1200] -> Loss: 55.0946
Epoch [ 461/1200] -> Loss: 54.9327
Epoch [ 462/1200] -> Loss: 55.1284
Epoch [ 463/1200] -> Loss: 55.1910
Epoch [ 464/1200] -> Loss: 54.8982
Epoch [ 465/1200] -> Loss: 55.0331
Epoch [ 466/1200] -> Loss: 55.0635
Epoch [ 467/1200] -> Loss: 54.9703
Epoch [ 468/1200] -> Loss: 55.0691
Epoch [ 469/1200] -> Loss: 55.0173
Epoch [ 470/1200] -> Loss: 55.1049
Epoch [ 471/1200] -> Loss: 54.9562
Epoch [ 472/1200] -> Loss: 54.7893
Epoch [ 473/1200] -> Loss: 55.1167
Epoch [ 474/1200] -> Loss: 55.1127
Epoch [ 475/1200] -> Loss: 55.1099
Epoch [ 476/1200] -> Loss: 54.9391
Epoch [ 477/1200] -> Loss: 55.1975
Epoch [ 478/1200] -> Loss: 55.0453
Epoch [ 479/1200] -> Loss: 55.0297
Epoch [ 480/1200] -> Loss: 55.0382
Epoch [ 481/1200] -> Loss: 55.1822
Epoch [ 482/1200] -> Loss: 55.0526
Epoch [ 483/1200] -> Loss: 55.1186
Epoch [ 484/1200] -> Loss: 54.8998
Epoch [ 485/1200] -> Loss: 55.0804
Epoch [ 486/1200] -> Loss: 55.0889
Epoch [ 487/1200] -> Loss: 54.9188
Epoch [ 488/1200] -> Loss: 55.1084
Epoch [ 489/1200] -> Loss: 54.8595
Epoch [ 490/1200] -> Loss: 54.8201
Epoch [ 491/1200] -> Loss: 55.0378
Epoch [ 492/1200] -> Loss: 55.0127
Epoch [ 493/1200] -> Loss: 55.0432
Epoch [ 494/1200] -> Loss: 55.0762
Epoch [ 495/1200] -> Loss: 55.0654
Epoch [ 496/1200] -> Loss: 55.0701
Epoch [ 497/1200] -> Loss: 54.9843
Epoch [ 498/1200] -> Loss: 54.9432
Epoch [ 499/1200] -> Loss: 54.6699
----------------------------------------------------------------
Model checkpoint saved as FFNN_500.pth
----------------------------------------------------------------
Epoch [ 500/1200] -> Loss: 54.9813
Epoch [ 501/1200] -> Loss: 55.0864
Epoch [ 502/1200] -> Loss: 55.0965
Epoch [ 503/1200] -> Loss: 55.1344
Epoch [ 504/1200] -> Loss: 55.0129
Epoch [ 505/1200] -> Loss: 55.1813
Epoch [ 506/1200] -> Loss: 55.1606
Epoch [ 507/1200] -> Loss: 55.0649
Epoch [ 508/1200] -> Loss: 54.9691
Epoch [ 509/1200] -> Loss: 55.0294
Epoch [ 510/1200] -> Loss: 55.0241
Epoch [ 511/1200] -> Loss: 54.9585
Epoch [ 512/1200] -> Loss: 54.9839
Epoch [ 513/1200] -> Loss: 55.0304
Epoch [ 514/1200] -> Loss: 55.1324
Epoch [ 515/1200] -> Loss: 54.8628
Epoch [ 516/1200] -> Loss: 54.9604
Epoch [ 517/1200] -> Loss: 55.0851
Epoch [ 518/1200] -> Loss: 55.0716
Epoch [ 519/1200] -> Loss: 55.1493
Epoch [ 520/1200] -> Loss: 55.0138
Epoch [ 521/1200] -> Loss: 55.0315
Epoch [ 522/1200] -> Loss: 55.0539
Epoch [ 523/1200] -> Loss: 54.9897
Epoch [ 524/1200] -> Loss: 55.0262
Epoch [ 525/1200] -> Loss: 54.9216
Epoch [ 526/1200] -> Loss: 55.0093
Epoch [ 527/1200] -> Loss: 54.7858
Epoch [ 528/1200] -> Loss: 55.1412
Epoch [ 529/1200] -> Loss: 55.1529
Epoch [ 530/1200] -> Loss: 54.8331
Epoch [ 531/1200] -> Loss: 55.0906
Epoch [ 532/1200] -> Loss: 54.8331
Epoch [ 533/1200] -> Loss: 55.0585
Epoch [ 534/1200] -> Loss: 55.2125
Epoch [ 535/1200] -> Loss: 54.8247
Epoch [ 536/1200] -> Loss: 54.9034
Epoch [ 537/1200] -> Loss: 55.1311
Epoch [ 538/1200] -> Loss: 55.0633
Epoch [ 539/1200] -> Loss: 55.1049
Epoch [ 540/1200] -> Loss: 55.0415
Epoch [ 541/1200] -> Loss: 54.9000
Epoch [ 542/1200] -> Loss: 54.8253
Epoch [ 543/1200] -> Loss: 54.8935
Epoch [ 544/1200] -> Loss: 55.1217
Epoch [ 545/1200] -> Loss: 55.1000
Epoch [ 546/1200] -> Loss: 54.8241
Epoch [ 547/1200] -> Loss: 55.1875
Epoch [ 548/1200] -> Loss: 55.0967
Epoch [ 549/1200] -> Loss: 54.9433
Epoch [ 550/1200] -> Loss: 54.9101
Epoch [ 551/1200] -> Loss: 54.9407
Epoch [ 552/1200] -> Loss: 54.9346
Epoch [ 553/1200] -> Loss: 54.9971
Epoch [ 554/1200] -> Loss: 54.7753
Epoch [ 555/1200] -> Loss: 55.0542
Epoch [ 556/1200] -> Loss: 54.9795
Epoch [ 557/1200] -> Loss: 55.1204
Epoch [ 558/1200] -> Loss: 55.0125
Epoch [ 559/1200] -> Loss: 54.9401
Epoch [ 560/1200] -> Loss: 55.0391
Epoch [ 561/1200] -> Loss: 55.1549
Epoch [ 562/1200] -> Loss: 54.9480
Epoch [ 563/1200] -> Loss: 55.0617
Epoch [ 564/1200] -> Loss: 55.1039
Epoch [ 565/1200] -> Loss: 54.9273
Epoch [ 566/1200] -> Loss: 54.9439
Epoch [ 567/1200] -> Loss: 55.0361
Epoch [ 568/1200] -> Loss: 54.9661
Epoch [ 569/1200] -> Loss: 55.1411
Epoch [ 570/1200] -> Loss: 55.0540
Epoch [ 571/1200] -> Loss: 54.9017
Epoch [ 572/1200] -> Loss: 55.0979
Epoch [ 573/1200] -> Loss: 54.9843
Epoch [ 574/1200] -> Loss: 55.1327
Epoch [ 575/1200] -> Loss: 55.0499
Epoch [ 576/1200] -> Loss: 55.2123
Epoch [ 577/1200] -> Loss: 55.0394
Epoch [ 578/1200] -> Loss: 54.9637
Epoch [ 579/1200] -> Loss: 54.8554
Epoch [ 580/1200] -> Loss: 54.9999
Epoch [ 581/1200] -> Loss: 55.0881
Epoch [ 582/1200] -> Loss: 55.1550
Epoch [ 583/1200] -> Loss: 55.1732
Epoch [ 584/1200] -> Loss: 55.0141
Epoch [ 585/1200] -> Loss: 54.8534
Epoch [ 586/1200] -> Loss: 54.9358
Epoch [ 587/1200] -> Loss: 54.7405
Epoch [ 588/1200] -> Loss: 55.0267
Epoch [ 589/1200] -> Loss: 54.9271
Epoch [ 590/1200] -> Loss: 55.0306
Epoch [ 591/1200] -> Loss: 55.1372
Epoch [ 592/1200] -> Loss: 55.0268
Epoch [ 593/1200] -> Loss: 55.0256
Epoch [ 594/1200] -> Loss: 55.0839
Epoch [ 595/1200] -> Loss: 55.1508
Epoch [ 596/1200] -> Loss: 55.0237
Epoch [ 597/1200] -> Loss: 55.0616
Epoch [ 598/1200] -> Loss: 54.7936
Epoch [ 599/1200] -> Loss: 55.1692
----------------------------------------------------------------
Model checkpoint saved as FFNN_600.pth
----------------------------------------------------------------
Epoch [ 600/1200] -> Loss: 55.1734
Epoch [ 601/1200] -> Loss: 55.0506
Epoch [ 602/1200] -> Loss: 55.0251
Epoch [ 603/1200] -> Loss: 55.0174
Epoch [ 604/1200] -> Loss: 55.0922
Epoch [ 605/1200] -> Loss: 55.1886
Epoch [ 606/1200] -> Loss: 54.9601
Epoch [ 607/1200] -> Loss: 55.0133
Epoch [ 608/1200] -> Loss: 54.9012
Epoch [ 609/1200] -> Loss: 54.9273
Epoch [ 610/1200] -> Loss: 55.1583
Epoch [ 611/1200] -> Loss: 55.2177
Epoch [ 612/1200] -> Loss: 55.0907
Epoch [ 613/1200] -> Loss: 55.1425
Epoch [ 614/1200] -> Loss: 55.0936
Epoch [ 615/1200] -> Loss: 55.0509
Epoch [ 616/1200] -> Loss: 55.0649
Epoch [ 617/1200] -> Loss: 54.9521
Epoch [ 618/1200] -> Loss: 54.9478
Epoch [ 619/1200] -> Loss: 55.0927
Epoch [ 620/1200] -> Loss: 54.7850
Epoch [ 621/1200] -> Loss: 54.9081
Epoch [ 622/1200] -> Loss: 55.2144
Epoch [ 623/1200] -> Loss: 55.0559
Epoch [ 624/1200] -> Loss: 55.0259
Epoch [ 625/1200] -> Loss: 54.8983
Epoch [ 626/1200] -> Loss: 55.0996
Epoch [ 627/1200] -> Loss: 54.9867
Epoch [ 628/1200] -> Loss: 54.9746
Epoch [ 629/1200] -> Loss: 55.0869
Epoch [ 630/1200] -> Loss: 54.4727
Epoch [ 631/1200] -> Loss: 55.1195
Epoch [ 632/1200] -> Loss: 55.0216
Epoch [ 633/1200] -> Loss: 54.9935
Epoch [ 634/1200] -> Loss: 55.1041
Epoch [ 635/1200] -> Loss: 55.0637
Epoch [ 636/1200] -> Loss: 54.9109
Epoch [ 637/1200] -> Loss: 55.1282
Epoch [ 638/1200] -> Loss: 55.1253
Epoch [ 639/1200] -> Loss: 55.1625
Epoch [ 640/1200] -> Loss: 55.1424
Epoch [ 641/1200] -> Loss: 55.1068
Epoch [ 642/1200] -> Loss: 54.9560
Epoch [ 643/1200] -> Loss: 55.1830
Epoch [ 644/1200] -> Loss: 55.0770
Epoch [ 645/1200] -> Loss: 55.0674
Epoch [ 646/1200] -> Loss: 55.0220
Epoch [ 647/1200] -> Loss: 55.0469
Epoch [ 648/1200] -> Loss: 55.1468
Epoch [ 649/1200] -> Loss: 54.8727
Epoch [ 650/1200] -> Loss: 55.1121
Epoch [ 651/1200] -> Loss: 55.0693
Epoch [ 652/1200] -> Loss: 55.2071
Epoch [ 653/1200] -> Loss: 55.0516
Epoch [ 654/1200] -> Loss: 54.9618
Epoch [ 655/1200] -> Loss: 55.0812
Epoch [ 656/1200] -> Loss: 54.8605
Epoch [ 657/1200] -> Loss: 55.0677
Epoch [ 658/1200] -> Loss: 54.8966
Epoch [ 659/1200] -> Loss: 54.8936
Epoch [ 660/1200] -> Loss: 54.7076
Epoch [ 661/1200] -> Loss: 55.0684
Epoch [ 662/1200] -> Loss: 55.0025
Epoch [ 663/1200] -> Loss: 54.9857
Epoch [ 664/1200] -> Loss: 55.0720
Epoch [ 665/1200] -> Loss: 54.8787
Epoch [ 666/1200] -> Loss: 55.1065
Epoch [ 667/1200] -> Loss: 55.0185
Epoch [ 668/1200] -> Loss: 55.0441
Epoch [ 669/1200] -> Loss: 55.0568
Epoch [ 670/1200] -> Loss: 55.1048
Epoch [ 671/1200] -> Loss: 54.8593
Epoch [ 672/1200] -> Loss: 55.0318
Epoch [ 673/1200] -> Loss: 54.8848
Epoch [ 674/1200] -> Loss: 54.9448
Epoch [ 675/1200] -> Loss: 55.1482
Epoch [ 676/1200] -> Loss: 54.8476
Epoch [ 677/1200] -> Loss: 54.7219
Epoch [ 678/1200] -> Loss: 55.0717
Epoch [ 679/1200] -> Loss: 54.9508
Epoch [ 680/1200] -> Loss: 55.1568
Epoch [ 681/1200] -> Loss: 55.1699
Epoch [ 682/1200] -> Loss: 54.9753
Epoch [ 683/1200] -> Loss: 54.9776
Epoch [ 684/1200] -> Loss: 55.1521
Epoch [ 685/1200] -> Loss: 55.0320
Epoch [ 686/1200] -> Loss: 55.1272
Epoch [ 687/1200] -> Loss: 55.2055
Epoch [ 688/1200] -> Loss: 54.8977
Epoch [ 689/1200] -> Loss: 54.7738
Epoch [ 690/1200] -> Loss: 55.0306
Epoch [ 691/1200] -> Loss: 55.0868
Epoch [ 692/1200] -> Loss: 54.9363
Epoch [ 693/1200] -> Loss: 55.1291
Epoch [ 694/1200] -> Loss: 55.0846
Epoch [ 695/1200] -> Loss: 54.9704
Epoch [ 696/1200] -> Loss: 55.1290
Epoch [ 697/1200] -> Loss: 54.9296
Epoch [ 698/1200] -> Loss: 55.0950
Epoch [ 699/1200] -> Loss: 54.8399
----------------------------------------------------------------
Model checkpoint saved as FFNN_700.pth
----------------------------------------------------------------
Epoch [ 700/1200] -> Loss: 55.1287
Epoch [ 701/1200] -> Loss: 54.9634
Epoch [ 702/1200] -> Loss: 55.1086
Epoch [ 703/1200] -> Loss: 55.0550
Epoch [ 704/1200] -> Loss: 55.0043
Epoch [ 705/1200] -> Loss: 55.1137
Epoch [ 706/1200] -> Loss: 55.1356
Epoch [ 707/1200] -> Loss: 55.1448
Epoch [ 708/1200] -> Loss: 55.0743
Epoch [ 709/1200] -> Loss: 54.9465
Epoch [ 710/1200] -> Loss: 55.0418
Epoch [ 711/1200] -> Loss: 55.1023
Epoch [ 712/1200] -> Loss: 55.1406
Epoch [ 713/1200] -> Loss: 55.0461
Epoch [ 714/1200] -> Loss: 54.9772
Epoch [ 715/1200] -> Loss: 54.9404
Epoch [ 716/1200] -> Loss: 55.0880
Epoch [ 717/1200] -> Loss: 55.1451
Epoch [ 718/1200] -> Loss: 55.1411
Epoch [ 719/1200] -> Loss: 55.1907
Epoch [ 720/1200] -> Loss: 55.1362
Epoch [ 721/1200] -> Loss: 54.9392
Epoch [ 722/1200] -> Loss: 55.0144
Epoch [ 723/1200] -> Loss: 54.9448
Epoch [ 724/1200] -> Loss: 54.9470
Epoch [ 725/1200] -> Loss: 55.0193
Epoch [ 726/1200] -> Loss: 54.8340
Epoch [ 727/1200] -> Loss: 55.1044
Epoch [ 728/1200] -> Loss: 54.9451
Epoch [ 729/1200] -> Loss: 55.0317
Epoch [ 730/1200] -> Loss: 55.1044
Epoch [ 731/1200] -> Loss: 55.0830
Epoch [ 732/1200] -> Loss: 55.1075
Epoch [ 733/1200] -> Loss: 55.1604
Epoch [ 734/1200] -> Loss: 55.0746
Epoch [ 735/1200] -> Loss: 55.1381
Epoch [ 736/1200] -> Loss: 54.9336
Epoch [ 737/1200] -> Loss: 55.0852
Epoch [ 738/1200] -> Loss: 55.1254
Epoch [ 739/1200] -> Loss: 55.1151
Epoch [ 740/1200] -> Loss: 54.9852
Epoch [ 741/1200] -> Loss: 54.8808
Epoch [ 742/1200] -> Loss: 55.0635
Epoch [ 743/1200] -> Loss: 54.7503
Epoch [ 744/1200] -> Loss: 55.2094
Epoch [ 745/1200] -> Loss: 55.1006
Epoch [ 746/1200] -> Loss: 54.9447
Epoch [ 747/1200] -> Loss: 54.9318
Epoch [ 748/1200] -> Loss: 55.0593
Epoch [ 749/1200] -> Loss: 55.1411
Epoch [ 750/1200] -> Loss: 55.0344
Epoch [ 751/1200] -> Loss: 55.0736
Epoch [ 752/1200] -> Loss: 55.1648
Epoch [ 753/1200] -> Loss: 55.0148
Epoch [ 754/1200] -> Loss: 55.0793
Epoch [ 755/1200] -> Loss: 54.9145
Epoch [ 756/1200] -> Loss: 55.1256
Epoch [ 757/1200] -> Loss: 55.0139
Epoch [ 758/1200] -> Loss: 55.0840
Epoch [ 759/1200] -> Loss: 54.9616
Epoch [ 760/1200] -> Loss: 55.0296
Epoch [ 761/1200] -> Loss: 55.1961
Epoch [ 762/1200] -> Loss: 55.0814
Epoch [ 763/1200] -> Loss: 54.8282
Epoch [ 764/1200] -> Loss: 54.8930
Epoch [ 765/1200] -> Loss: 55.0424
Epoch [ 766/1200] -> Loss: 55.0970
Epoch [ 767/1200] -> Loss: 55.0940
Epoch [ 768/1200] -> Loss: 55.0598
Epoch [ 769/1200] -> Loss: 55.2700
Epoch [ 770/1200] -> Loss: 54.7993
Epoch [ 771/1200] -> Loss: 55.0241
Epoch [ 772/1200] -> Loss: 55.0770
Epoch [ 773/1200] -> Loss: 55.0988
Epoch [ 774/1200] -> Loss: 54.8170
Epoch [ 775/1200] -> Loss: 55.1834
Epoch [ 776/1200] -> Loss: 55.1268
Epoch [ 777/1200] -> Loss: 55.0528
Epoch [ 778/1200] -> Loss: 54.9555
Epoch [ 779/1200] -> Loss: 54.7105
Epoch [ 780/1200] -> Loss: 55.0754
Epoch [ 781/1200] -> Loss: 55.0234
Epoch [ 782/1200] -> Loss: 55.1617
Epoch [ 783/1200] -> Loss: 55.1172
Epoch [ 784/1200] -> Loss: 54.9526
Epoch [ 785/1200] -> Loss: 55.0061
Epoch [ 786/1200] -> Loss: 55.1011
Epoch [ 787/1200] -> Loss: 54.9706
Epoch [ 788/1200] -> Loss: 55.0770
Epoch [ 789/1200] -> Loss: 54.8659
Epoch [ 790/1200] -> Loss: 55.1415
Epoch [ 791/1200] -> Loss: 55.1669
Epoch [ 792/1200] -> Loss: 55.0162
Epoch [ 793/1200] -> Loss: 54.8683
Epoch [ 794/1200] -> Loss: 55.1646
Epoch [ 795/1200] -> Loss: 55.1736
Epoch [ 796/1200] -> Loss: 55.0430
Epoch [ 797/1200] -> Loss: 55.1675
Epoch [ 798/1200] -> Loss: 54.8809
Epoch [ 799/1200] -> Loss: 55.0929
----------------------------------------------------------------
Model checkpoint saved as FFNN_800.pth
----------------------------------------------------------------
Epoch [ 800/1200] -> Loss: 55.2155
Epoch [ 801/1200] -> Loss: 54.8990
Epoch [ 802/1200] -> Loss: 54.8992
Epoch [ 803/1200] -> Loss: 55.2167
Epoch [ 804/1200] -> Loss: 54.8338
Epoch [ 805/1200] -> Loss: 55.0680
Epoch [ 806/1200] -> Loss: 55.0860
Epoch [ 807/1200] -> Loss: 54.9383
Epoch [ 808/1200] -> Loss: 54.9292
Epoch [ 809/1200] -> Loss: 54.8930
Epoch [ 810/1200] -> Loss: 55.1445
Epoch [ 811/1200] -> Loss: 55.1587
Epoch [ 812/1200] -> Loss: 54.9697
Epoch [ 813/1200] -> Loss: 54.9439
Epoch [ 814/1200] -> Loss: 55.2020
Epoch [ 815/1200] -> Loss: 55.0438
Epoch [ 816/1200] -> Loss: 55.1217
Epoch [ 817/1200] -> Loss: 55.1230
Epoch [ 818/1200] -> Loss: 54.9565
Epoch [ 819/1200] -> Loss: 55.0384
Epoch [ 820/1200] -> Loss: 55.1418
Epoch [ 821/1200] -> Loss: 54.9929
Epoch [ 822/1200] -> Loss: 55.0350
Epoch [ 823/1200] -> Loss: 55.1098
Epoch [ 824/1200] -> Loss: 55.1029
Epoch [ 825/1200] -> Loss: 55.0097
Epoch [ 826/1200] -> Loss: 55.1436
Epoch [ 827/1200] -> Loss: 54.9915
Epoch [ 828/1200] -> Loss: 55.1080
Epoch [ 829/1200] -> Loss: 55.0084
Epoch [ 830/1200] -> Loss: 55.0335
Epoch [ 831/1200] -> Loss: 55.1674
Epoch [ 832/1200] -> Loss: 55.0427
Epoch [ 833/1200] -> Loss: 55.1483
Epoch [ 834/1200] -> Loss: 54.9692
Epoch [ 835/1200] -> Loss: 54.8629
Epoch [ 836/1200] -> Loss: 54.9803
Epoch [ 837/1200] -> Loss: 55.0206
Epoch [ 838/1200] -> Loss: 54.8453
Epoch [ 839/1200] -> Loss: 55.0275
Epoch [ 840/1200] -> Loss: 54.8789
Epoch [ 841/1200] -> Loss: 54.9350
Epoch [ 842/1200] -> Loss: 55.2082
Epoch [ 843/1200] -> Loss: 54.9398
Epoch [ 844/1200] -> Loss: 54.7645
Epoch [ 845/1200] -> Loss: 55.0603
Epoch [ 846/1200] -> Loss: 54.9505
Epoch [ 847/1200] -> Loss: 54.9872
Epoch [ 848/1200] -> Loss: 54.8894
Epoch [ 849/1200] -> Loss: 54.9158
Epoch [ 850/1200] -> Loss: 55.0826
Epoch [ 851/1200] -> Loss: 54.9750
Epoch [ 852/1200] -> Loss: 55.0336
Epoch [ 853/1200] -> Loss: 55.0513
Epoch [ 854/1200] -> Loss: 55.0917
Epoch [ 855/1200] -> Loss: 54.8148
Epoch [ 856/1200] -> Loss: 55.1793
Epoch [ 857/1200] -> Loss: 55.0682
Epoch [ 858/1200] -> Loss: 55.0635
Epoch [ 859/1200] -> Loss: 55.0352
Epoch [ 860/1200] -> Loss: 54.9927
Epoch [ 861/1200] -> Loss: 55.2110
Epoch [ 862/1200] -> Loss: 55.0497
Epoch [ 863/1200] -> Loss: 55.1941
Epoch [ 864/1200] -> Loss: 55.1398
Epoch [ 865/1200] -> Loss: 55.0882
Epoch [ 866/1200] -> Loss: 55.0417
Epoch [ 867/1200] -> Loss: 55.1736
Epoch [ 868/1200] -> Loss: 55.0500
Epoch [ 869/1200] -> Loss: 55.0710
Epoch [ 870/1200] -> Loss: 55.0154
Epoch [ 871/1200] -> Loss: 54.9115
Epoch [ 872/1200] -> Loss: 55.0676
Epoch [ 873/1200] -> Loss: 55.0091
Epoch [ 874/1200] -> Loss: 54.8714
Epoch [ 875/1200] -> Loss: 54.9375
Epoch [ 876/1200] -> Loss: 55.0869
Epoch [ 877/1200] -> Loss: 54.8497
Epoch [ 878/1200] -> Loss: 55.0612
Epoch [ 879/1200] -> Loss: 55.1546
Epoch [ 880/1200] -> Loss: 55.1931
Epoch [ 881/1200] -> Loss: 55.0375
Epoch [ 882/1200] -> Loss: 55.0933
Epoch [ 883/1200] -> Loss: 55.0485
Epoch [ 884/1200] -> Loss: 54.9531
Epoch [ 885/1200] -> Loss: 55.1319
Epoch [ 886/1200] -> Loss: 55.0520
Epoch [ 887/1200] -> Loss: 55.0612
Epoch [ 888/1200] -> Loss: 55.2146
Epoch [ 889/1200] -> Loss: 55.1609
Epoch [ 890/1200] -> Loss: 54.7342
Epoch [ 891/1200] -> Loss: 55.0211
Epoch [ 892/1200] -> Loss: 55.0413
Epoch [ 893/1200] -> Loss: 55.0567
Epoch [ 894/1200] -> Loss: 55.1246
Epoch [ 895/1200] -> Loss: 54.9912
Epoch [ 896/1200] -> Loss: 55.0232
Epoch [ 897/1200] -> Loss: 54.9681
Epoch [ 898/1200] -> Loss: 55.1348
Epoch [ 899/1200] -> Loss: 55.0347
----------------------------------------------------------------
Model checkpoint saved as FFNN_900.pth
----------------------------------------------------------------
Epoch [ 900/1200] -> Loss: 54.9202
Epoch [ 901/1200] -> Loss: 55.0105
Epoch [ 902/1200] -> Loss: 55.0002
Epoch [ 903/1200] -> Loss: 55.1221
Epoch [ 904/1200] -> Loss: 55.1149
Epoch [ 905/1200] -> Loss: 55.1514
Epoch [ 906/1200] -> Loss: 54.8365
Epoch [ 907/1200] -> Loss: 54.8061
Epoch [ 908/1200] -> Loss: 54.9045
Epoch [ 909/1200] -> Loss: 55.1585
Epoch [ 910/1200] -> Loss: 54.8477
Epoch [ 911/1200] -> Loss: 54.9592
Epoch [ 912/1200] -> Loss: 55.0096
Epoch [ 913/1200] -> Loss: 55.0998
Epoch [ 914/1200] -> Loss: 55.1015
Epoch [ 915/1200] -> Loss: 55.0943
Epoch [ 916/1200] -> Loss: 55.1466
Epoch [ 917/1200] -> Loss: 55.1546
Epoch [ 918/1200] -> Loss: 55.0169
Epoch [ 919/1200] -> Loss: 55.1328
Epoch [ 920/1200] -> Loss: 54.9558
Epoch [ 921/1200] -> Loss: 54.9304
Epoch [ 922/1200] -> Loss: 54.9672
Epoch [ 923/1200] -> Loss: 55.0634
Epoch [ 924/1200] -> Loss: 54.8900
Epoch [ 925/1200] -> Loss: 55.1218
Epoch [ 926/1200] -> Loss: 55.0059
Epoch [ 927/1200] -> Loss: 55.0669
Epoch [ 928/1200] -> Loss: 55.0346
Epoch [ 929/1200] -> Loss: 55.2653
Epoch [ 930/1200] -> Loss: 55.0688
Epoch [ 931/1200] -> Loss: 55.1431
Epoch [ 932/1200] -> Loss: 55.0689
Epoch [ 933/1200] -> Loss: 54.9818
Epoch [ 934/1200] -> Loss: 55.1657
Epoch [ 935/1200] -> Loss: 55.0854
Epoch [ 936/1200] -> Loss: 55.2003
Epoch [ 937/1200] -> Loss: 54.9563
Epoch [ 938/1200] -> Loss: 54.9000
Epoch [ 939/1200] -> Loss: 55.0779
Epoch [ 940/1200] -> Loss: 54.8243
Epoch [ 941/1200] -> Loss: 55.1100
Epoch [ 942/1200] -> Loss: 54.8001
Epoch [ 943/1200] -> Loss: 55.1870
Epoch [ 944/1200] -> Loss: 55.1231
Epoch [ 945/1200] -> Loss: 54.9747
Epoch [ 946/1200] -> Loss: 54.8741
Epoch [ 947/1200] -> Loss: 55.1116
Epoch [ 948/1200] -> Loss: 54.9633
Epoch [ 949/1200] -> Loss: 55.1003
Epoch [ 950/1200] -> Loss: 54.8056
Epoch [ 951/1200] -> Loss: 54.8366
Epoch [ 952/1200] -> Loss: 54.8815
Epoch [ 953/1200] -> Loss: 55.0812
Epoch [ 954/1200] -> Loss: 54.9895
Epoch [ 955/1200] -> Loss: 55.1572
Epoch [ 956/1200] -> Loss: 54.7790
Epoch [ 957/1200] -> Loss: 55.1513
Epoch [ 958/1200] -> Loss: 55.0221
Epoch [ 959/1200] -> Loss: 55.0737
Epoch [ 960/1200] -> Loss: 54.9337
Epoch [ 961/1200] -> Loss: 54.9271
Epoch [ 962/1200] -> Loss: 55.0137
Epoch [ 963/1200] -> Loss: 55.0370
Epoch [ 964/1200] -> Loss: 55.0374
Epoch [ 965/1200] -> Loss: 55.1237
Epoch [ 966/1200] -> Loss: 54.8448
Epoch [ 967/1200] -> Loss: 55.1063
Epoch [ 968/1200] -> Loss: 54.7865
Epoch [ 969/1200] -> Loss: 54.8014
Epoch [ 970/1200] -> Loss: 54.9698
Epoch [ 971/1200] -> Loss: 55.1919
Epoch [ 972/1200] -> Loss: 55.1682
Epoch [ 973/1200] -> Loss: 54.7100
Epoch [ 974/1200] -> Loss: 55.1589
Epoch [ 975/1200] -> Loss: 55.1124
Epoch [ 976/1200] -> Loss: 55.1581
Epoch [ 977/1200] -> Loss: 54.7810
Epoch [ 978/1200] -> Loss: 54.8723
Epoch [ 979/1200] -> Loss: 55.1813
Epoch [ 980/1200] -> Loss: 55.0786
Epoch [ 981/1200] -> Loss: 54.9566
Epoch [ 982/1200] -> Loss: 54.9964
Epoch [ 983/1200] -> Loss: 54.9574
Epoch [ 984/1200] -> Loss: 55.0767
Epoch [ 985/1200] -> Loss: 55.0296
Epoch [ 986/1200] -> Loss: 54.9159
Epoch [ 987/1200] -> Loss: 55.0624
Epoch [ 988/1200] -> Loss: 54.9557
Epoch [ 989/1200] -> Loss: 55.0228
Epoch [ 990/1200] -> Loss: 55.1436
Epoch [ 991/1200] -> Loss: 55.0531
Epoch [ 992/1200] -> Loss: 55.0965
Epoch [ 993/1200] -> Loss: 55.0989
Epoch [ 994/1200] -> Loss: 55.1219
Epoch [ 995/1200] -> Loss: 55.0771
Epoch [ 996/1200] -> Loss: 55.0823
Epoch [ 997/1200] -> Loss: 55.0645
Epoch [ 998/1200] -> Loss: 55.0005
Epoch [ 999/1200] -> Loss: 55.1433
----------------------------------------------------------------
Model checkpoint saved as FFNN_1000.pth
----------------------------------------------------------------
Epoch [1000/1200] -> Loss: 54.8610
Epoch [1001/1200] -> Loss: 55.1771
Epoch [1002/1200] -> Loss: 55.0786
Epoch [1003/1200] -> Loss: 55.1384
Epoch [1004/1200] -> Loss: 54.9924
Epoch [1005/1200] -> Loss: 55.1930
Epoch [1006/1200] -> Loss: 55.0677
Epoch [1007/1200] -> Loss: 54.9649
Epoch [1008/1200] -> Loss: 55.0553
Epoch [1009/1200] -> Loss: 55.1341
Epoch [1010/1200] -> Loss: 54.9759
Epoch [1011/1200] -> Loss: 55.1135
Epoch [1012/1200] -> Loss: 55.0946
Epoch [1013/1200] -> Loss: 55.0320
Epoch [1014/1200] -> Loss: 54.8049
Epoch [1015/1200] -> Loss: 55.0797
Epoch [1016/1200] -> Loss: 55.0317
Epoch [1017/1200] -> Loss: 54.9610
Epoch [1018/1200] -> Loss: 55.0415
Epoch [1019/1200] -> Loss: 55.0719
Epoch [1020/1200] -> Loss: 55.1495
Epoch [1021/1200] -> Loss: 55.0881
Epoch [1022/1200] -> Loss: 55.1127
Epoch [1023/1200] -> Loss: 55.0462
Epoch [1024/1200] -> Loss: 55.1284
Epoch [1025/1200] -> Loss: 55.1870
Epoch [1026/1200] -> Loss: 55.0824
Epoch [1027/1200] -> Loss: 55.0647
Epoch [1028/1200] -> Loss: 55.1563
Epoch [1029/1200] -> Loss: 55.0314
Epoch [1030/1200] -> Loss: 55.0976
Epoch [1031/1200] -> Loss: 54.9461
Epoch [1032/1200] -> Loss: 55.0448
Epoch [1033/1200] -> Loss: 54.8821
Epoch [1034/1200] -> Loss: 54.9942
Epoch [1035/1200] -> Loss: 55.1590
Epoch [1036/1200] -> Loss: 55.1875
Epoch [1037/1200] -> Loss: 55.1302
Epoch [1038/1200] -> Loss: 55.1165
Epoch [1039/1200] -> Loss: 55.2045
Epoch [1040/1200] -> Loss: 55.1163
Epoch [1041/1200] -> Loss: 55.1480
Epoch [1042/1200] -> Loss: 55.2047
Epoch [1043/1200] -> Loss: 55.0102
Epoch [1044/1200] -> Loss: 55.0033
Epoch [1045/1200] -> Loss: 55.0931
Epoch [1046/1200] -> Loss: 55.0481
Epoch [1047/1200] -> Loss: 54.9946
Epoch [1048/1200] -> Loss: 55.0624
Epoch [1049/1200] -> Loss: 55.1667
Epoch [1050/1200] -> Loss: 55.0734
Epoch [1051/1200] -> Loss: 54.9497
Epoch [1052/1200] -> Loss: 55.0203
Epoch [1053/1200] -> Loss: 54.7883
Epoch [1054/1200] -> Loss: 55.0195
Epoch [1055/1200] -> Loss: 55.0750
Epoch [1056/1200] -> Loss: 54.8699
Epoch [1057/1200] -> Loss: 54.9825
Epoch [1058/1200] -> Loss: 54.9008
Epoch [1059/1200] -> Loss: 54.9000
Epoch [1060/1200] -> Loss: 55.0993
Epoch [1061/1200] -> Loss: 54.7430
Epoch [1062/1200] -> Loss: 55.1080
Epoch [1063/1200] -> Loss: 55.0115
Epoch [1064/1200] -> Loss: 54.9195
Epoch [1065/1200] -> Loss: 55.1541
Epoch [1066/1200] -> Loss: 54.7450
Epoch [1067/1200] -> Loss: 54.9571
Epoch [1068/1200] -> Loss: 55.0819
Epoch [1069/1200] -> Loss: 55.2346
Epoch [1070/1200] -> Loss: 55.1666
Epoch [1071/1200] -> Loss: 54.7697
Epoch [1072/1200] -> Loss: 54.9515
Epoch [1073/1200] -> Loss: 55.1086
Epoch [1074/1200] -> Loss: 55.1760
Epoch [1075/1200] -> Loss: 55.0921
Epoch [1076/1200] -> Loss: 55.1987
Epoch [1077/1200] -> Loss: 55.0656
Epoch [1078/1200] -> Loss: 55.1625
Epoch [1079/1200] -> Loss: 54.9057
Epoch [1080/1200] -> Loss: 55.0439
Epoch [1081/1200] -> Loss: 55.0181
Epoch [1082/1200] -> Loss: 55.1647
Epoch [1083/1200] -> Loss: 55.1306
Epoch [1084/1200] -> Loss: 55.0446
Epoch [1085/1200] -> Loss: 54.9235
Epoch [1086/1200] -> Loss: 55.0002
Epoch [1087/1200] -> Loss: 54.9879
Epoch [1088/1200] -> Loss: 55.0121
Epoch [1089/1200] -> Loss: 54.8894
Epoch [1090/1200] -> Loss: 55.1064
Epoch [1091/1200] -> Loss: 55.0035
Epoch [1092/1200] -> Loss: 55.0164
Epoch [1093/1200] -> Loss: 55.1519
Epoch [1094/1200] -> Loss: 54.9635
Epoch [1095/1200] -> Loss: 55.0744
Epoch [1096/1200] -> Loss: 54.9417
Epoch [1097/1200] -> Loss: 55.0503
Epoch [1098/1200] -> Loss: 55.1029
Epoch [1099/1200] -> Loss: 55.0348
----------------------------------------------------------------
Model checkpoint saved as FFNN_1100.pth
----------------------------------------------------------------
Epoch [1100/1200] -> Loss: 54.9061
Epoch [1101/1200] -> Loss: 55.1442
Epoch [1102/1200] -> Loss: 55.0314
Epoch [1103/1200] -> Loss: 55.1114
Epoch [1104/1200] -> Loss: 54.8947
Epoch [1105/1200] -> Loss: 54.8192
Epoch [1106/1200] -> Loss: 55.1571
Epoch [1107/1200] -> Loss: 55.1785
Epoch [1108/1200] -> Loss: 55.0482
Epoch [1109/1200] -> Loss: 54.9626
Epoch [1110/1200] -> Loss: 55.0833
Epoch [1111/1200] -> Loss: 55.0795
Epoch [1112/1200] -> Loss: 55.1430
Epoch [1113/1200] -> Loss: 54.9228
Epoch [1114/1200] -> Loss: 54.9121
Epoch [1115/1200] -> Loss: 55.0489
Epoch [1116/1200] -> Loss: 55.0109
Epoch [1117/1200] -> Loss: 55.1885
Epoch [1118/1200] -> Loss: 55.0857
Epoch [1119/1200] -> Loss: 55.1385
Epoch [1120/1200] -> Loss: 54.9413
Epoch [1121/1200] -> Loss: 55.0822
Epoch [1122/1200] -> Loss: 55.1281
Epoch [1123/1200] -> Loss: 55.0907
Epoch [1124/1200] -> Loss: 55.0386
Epoch [1125/1200] -> Loss: 54.9786
Epoch [1126/1200] -> Loss: 55.1091
Epoch [1127/1200] -> Loss: 55.0514
Epoch [1128/1200] -> Loss: 54.7710
Epoch [1129/1200] -> Loss: 55.0549
Epoch [1130/1200] -> Loss: 54.8098
Epoch [1131/1200] -> Loss: 55.1891
Epoch [1132/1200] -> Loss: 54.9197
Epoch [1133/1200] -> Loss: 55.0076
Epoch [1134/1200] -> Loss: 55.1885
Epoch [1135/1200] -> Loss: 55.1596
Epoch [1136/1200] -> Loss: 54.9949
Epoch [1137/1200] -> Loss: 55.0786
Epoch [1138/1200] -> Loss: 55.0866
Epoch [1139/1200] -> Loss: 55.0245
Epoch [1140/1200] -> Loss: 55.0419
Epoch [1141/1200] -> Loss: 55.0477
Epoch [1142/1200] -> Loss: 54.9881
Epoch [1143/1200] -> Loss: 55.1657
Epoch [1144/1200] -> Loss: 54.9792
Epoch [1145/1200] -> Loss: 55.0646
Epoch [1146/1200] -> Loss: 54.8866
Epoch [1147/1200] -> Loss: 54.8855
Epoch [1148/1200] -> Loss: 55.1038
Epoch [1149/1200] -> Loss: 54.9422
Epoch [1150/1200] -> Loss: 55.1681
Epoch [1151/1200] -> Loss: 55.0130
Epoch [1152/1200] -> Loss: 55.2123
Epoch [1153/1200] -> Loss: 55.0805
Epoch [1154/1200] -> Loss: 55.0340
Epoch [1155/1200] -> Loss: 55.1040
Epoch [1156/1200] -> Loss: 54.9635
Epoch [1157/1200] -> Loss: 55.1031
Epoch [1158/1200] -> Loss: 54.8592
Epoch [1159/1200] -> Loss: 55.0498
Epoch [1160/1200] -> Loss: 54.8126
Epoch [1161/1200] -> Loss: 55.2101
Epoch [1162/1200] -> Loss: 55.0029
Epoch [1163/1200] -> Loss: 55.1817
Epoch [1164/1200] -> Loss: 55.1371
Epoch [1165/1200] -> Loss: 54.8607
Epoch [1166/1200] -> Loss: 55.0469
Epoch [1167/1200] -> Loss: 55.0150
Epoch [1168/1200] -> Loss: 54.9880
Epoch [1169/1200] -> Loss: 55.1887
Epoch [1170/1200] -> Loss: 54.8048
Epoch [1171/1200] -> Loss: 55.0728
Epoch [1172/1200] -> Loss: 55.1353
Epoch [1173/1200] -> Loss: 55.0486
Epoch [1174/1200] -> Loss: 55.0419
Epoch [1175/1200] -> Loss: 55.0473
Epoch [1176/1200] -> Loss: 54.9060
Epoch [1177/1200] -> Loss: 55.1857
Epoch [1178/1200] -> Loss: 55.0459
Epoch [1179/1200] -> Loss: 55.0486
Epoch [1180/1200] -> Loss: 54.9950
Epoch [1181/1200] -> Loss: 54.7877
Epoch [1182/1200] -> Loss: 55.1061
Epoch [1183/1200] -> Loss: 54.9352
Epoch [1184/1200] -> Loss: 55.0655
Epoch [1185/1200] -> Loss: 55.0468
Epoch [1186/1200] -> Loss: 55.1724
Epoch [1187/1200] -> Loss: 55.0756
Epoch [1188/1200] -> Loss: 54.9608
Epoch [1189/1200] -> Loss: 55.0277
Epoch [1190/1200] -> Loss: 55.1110
Epoch [1191/1200] -> Loss: 55.0386
Epoch [1192/1200] -> Loss: 55.1033
Epoch [1193/1200] -> Loss: 55.0436
Epoch [1194/1200] -> Loss: 55.1715
Epoch [1195/1200] -> Loss: 55.0624
Epoch [1196/1200] -> Loss: 54.9910
Epoch [1197/1200] -> Loss: 54.9323
Epoch [1198/1200] -> Loss: 55.0812
Epoch [1199/1200] -> Loss: 55.0624
----------------------------------------------------------------
Model checkpoint saved as FFNN_1200.pth
----------------------------------------------------------------
Epoch [1200/1200] -> Loss: 54.9974
----------------------------------------------------------------
Training finished successfully.
        Saved model checkpoints can be found in: /home/extern/Documents/Research/scripts/models/
        Saved data/loss graphs can be found in: /home/extern/Documents/Research/scripts/graphs/
----------------------------------------------------------------
Plotting data...
