Usage: python3 SSN_predictor.py <path_to_ssn_datafile> <path_to_aa_datafile>
----------------------------------------------------------------
Code running on device: cuda
----------------------------------------------------------------
Data loaded from file locations :
    SSN - /home/extern/Documents/Research/scripts/data/SILSO/TSN/SN_m_tot_V2.0.txt
    AA - /home/extern/Documents/Research/scripts/data/ISGI/aa_1869-01-01_2018-12-31_D.dat
----------------------------------------------------------------
Solar cycle data loaded/saved as: cycle_data.pickle
----------------------------------------------------------------
Selected model: FFNN(
  (model): Sequential(
    (0): Linear(in_features=6, out_features=6, bias=True)
    (1): LeakyReLU(negative_slope=0.01, inplace=True)
    (2): Linear(in_features=6, out_features=3, bias=True)
    (3): LeakyReLU(negative_slope=0.01, inplace=True)
    (4): Linear(in_features=3, out_features=1, bias=True)
  )
)    Training mode: True    Testing mode: False
----------------------------------------------------------------
Pre-trained model available, loading model weights
----------------------------------------------------------------
Training model with: num_epochs=1200, start_lr=0.0001
Epoch [   1/1200] -> Loss: 49.2393
Epoch [   2/1200] -> Loss: 49.3653
Epoch [   3/1200] -> Loss: 48.9111
Epoch [   4/1200] -> Loss: 48.8291
Epoch [   5/1200] -> Loss: 48.6642
Epoch [   6/1200] -> Loss: 48.8115
Epoch [   7/1200] -> Loss: 48.6110
Epoch [   8/1200] -> Loss: 48.8993
Epoch [   9/1200] -> Loss: 48.7576
Epoch [  10/1200] -> Loss: 48.5508
Epoch [  11/1200] -> Loss: 49.0343
Epoch [  12/1200] -> Loss: 48.7688
Epoch [  13/1200] -> Loss: 48.5889
Epoch [  14/1200] -> Loss: 48.5471
Epoch [  15/1200] -> Loss: 48.7733
Epoch [  16/1200] -> Loss: 48.4081
Epoch [  17/1200] -> Loss: 48.6644
Epoch [  18/1200] -> Loss: 48.4332
Epoch [  19/1200] -> Loss: 48.5859
Epoch [  20/1200] -> Loss: 48.5044
Epoch [  21/1200] -> Loss: 48.5378
Epoch [  22/1200] -> Loss: 48.5448
Epoch [  23/1200] -> Loss: 48.4391
Epoch [  24/1200] -> Loss: 48.2744
Epoch [  25/1200] -> Loss: 48.4890
Epoch [  26/1200] -> Loss: 48.7516
Epoch [  27/1200] -> Loss: 48.3455
Epoch [  28/1200] -> Loss: 47.9938
Epoch [  29/1200] -> Loss: 48.1161
Epoch [  30/1200] -> Loss: 47.9744
Epoch [  31/1200] -> Loss: 48.3446
Epoch [  32/1200] -> Loss: 48.0002
Epoch [  33/1200] -> Loss: 48.4266
Epoch [  34/1200] -> Loss: 48.1987
Epoch [  35/1200] -> Loss: 48.2008
Epoch [  36/1200] -> Loss: 48.1915
Epoch [  37/1200] -> Loss: 47.6253
Epoch [  38/1200] -> Loss: 48.3140
Epoch [  39/1200] -> Loss: 48.0470
Epoch [  40/1200] -> Loss: 48.1017
Epoch [  41/1200] -> Loss: 47.5724
Epoch [  42/1200] -> Loss: 48.0879
Epoch [  43/1200] -> Loss: 47.6353
Epoch [  44/1200] -> Loss: 47.8726
Epoch [  45/1200] -> Loss: 47.8982
Epoch [  46/1200] -> Loss: 47.6222
Epoch [  47/1200] -> Loss: 47.7125
Epoch [  48/1200] -> Loss: 47.7225
Epoch [  49/1200] -> Loss: 47.8741
Epoch [  50/1200] -> Loss: 47.7015
Epoch [  51/1200] -> Loss: 47.5384
Epoch [  52/1200] -> Loss: 47.6399
Epoch [  53/1200] -> Loss: 47.7989
Epoch [  54/1200] -> Loss: 47.5073
Epoch [  55/1200] -> Loss: 47.1215
Epoch [  56/1200] -> Loss: 47.5896
Epoch [  57/1200] -> Loss: 47.4485
Epoch [  58/1200] -> Loss: 46.9497
Epoch [  59/1200] -> Loss: 47.3404
Epoch [  60/1200] -> Loss: 47.3955
Epoch [  61/1200] -> Loss: 47.6390
Epoch [  62/1200] -> Loss: 47.3253
Epoch [  63/1200] -> Loss: 47.5997
Epoch [  64/1200] -> Loss: 47.2218
Epoch [  65/1200] -> Loss: 47.4796
Epoch [  66/1200] -> Loss: 47.0821
Epoch [  67/1200] -> Loss: 46.8446
Epoch [  68/1200] -> Loss: 47.2829
Epoch [  69/1200] -> Loss: 47.0220
Epoch [  70/1200] -> Loss: 47.4664
Epoch [  71/1200] -> Loss: 46.7072
Epoch [  72/1200] -> Loss: 47.6009
Epoch [  73/1200] -> Loss: 47.3232
Epoch [  74/1200] -> Loss: 46.8751
Epoch [  75/1200] -> Loss: 47.1257
Epoch [  76/1200] -> Loss: 47.2687
Epoch [  77/1200] -> Loss: 46.7425
Epoch [  78/1200] -> Loss: 46.7641
Epoch [  79/1200] -> Loss: 46.8366
Epoch [  80/1200] -> Loss: 46.9722
Epoch [  81/1200] -> Loss: 46.9900
Epoch    82: reducing learning rate of group 0 to 5.0000e-05.
Epoch [  82/1200] -> Loss: 46.7352
Epoch [  83/1200] -> Loss: 46.6790
Epoch [  84/1200] -> Loss: 46.9655
Epoch [  85/1200] -> Loss: 46.9185
Epoch [  86/1200] -> Loss: 47.0208
Epoch [  87/1200] -> Loss: 46.8126
Epoch [  88/1200] -> Loss: 46.7202
Epoch [  89/1200] -> Loss: 46.8333
Epoch [  90/1200] -> Loss: 46.6769
Epoch [  91/1200] -> Loss: 46.9111
Epoch [  92/1200] -> Loss: 46.7834
Epoch [  93/1200] -> Loss: 46.3544
Epoch [  94/1200] -> Loss: 46.8044
Epoch [  95/1200] -> Loss: 46.9366
Epoch [  96/1200] -> Loss: 46.5928
Epoch [  97/1200] -> Loss: 46.7600
Epoch [  98/1200] -> Loss: 46.4779
Epoch [  99/1200] -> Loss: 46.7202
----------------------------------------------------------------
Model checkpoint saved as FFNN_100.pth
----------------------------------------------------------------
Epoch [ 100/1200] -> Loss: 46.7042
Epoch [ 101/1200] -> Loss: 46.5180
Epoch [ 102/1200] -> Loss: 46.7564
Epoch [ 103/1200] -> Loss: 46.9349
Epoch   104: reducing learning rate of group 0 to 2.5000e-05.
Epoch [ 104/1200] -> Loss: 46.6958
Epoch [ 105/1200] -> Loss: 46.4513
Epoch [ 106/1200] -> Loss: 46.9726
Epoch [ 107/1200] -> Loss: 46.6661
Epoch [ 108/1200] -> Loss: 46.7255
Epoch [ 109/1200] -> Loss: 46.7827
Epoch [ 110/1200] -> Loss: 46.8245
Epoch [ 111/1200] -> Loss: 46.5726
Epoch [ 112/1200] -> Loss: 46.5914
Epoch [ 113/1200] -> Loss: 46.8227
Epoch [ 114/1200] -> Loss: 46.6976
Epoch   115: reducing learning rate of group 0 to 1.2500e-05.
Epoch [ 115/1200] -> Loss: 46.6800
Epoch [ 116/1200] -> Loss: 46.6064
Epoch [ 117/1200] -> Loss: 46.4974
Epoch [ 118/1200] -> Loss: 46.7553
Epoch [ 119/1200] -> Loss: 46.5484
Epoch [ 120/1200] -> Loss: 46.5038
Epoch [ 121/1200] -> Loss: 46.0619
Epoch [ 122/1200] -> Loss: 46.5953
Epoch [ 123/1200] -> Loss: 46.2871
Epoch [ 124/1200] -> Loss: 46.4869
Epoch [ 125/1200] -> Loss: 46.7222
Epoch [ 126/1200] -> Loss: 46.6744
Epoch [ 127/1200] -> Loss: 46.7511
Epoch [ 128/1200] -> Loss: 46.4500
Epoch [ 129/1200] -> Loss: 46.6015
Epoch [ 130/1200] -> Loss: 46.5246
Epoch [ 131/1200] -> Loss: 46.4297
Epoch   132: reducing learning rate of group 0 to 6.2500e-06.
Epoch [ 132/1200] -> Loss: 46.7474
Epoch [ 133/1200] -> Loss: 46.8414
Epoch [ 134/1200] -> Loss: 46.4318
Epoch [ 135/1200] -> Loss: 46.4324
Epoch [ 136/1200] -> Loss: 46.3619
Epoch [ 137/1200] -> Loss: 46.7799
Epoch [ 138/1200] -> Loss: 46.0908
Epoch [ 139/1200] -> Loss: 45.9537
Epoch [ 140/1200] -> Loss: 46.4715
Epoch [ 141/1200] -> Loss: 46.5919
Epoch [ 142/1200] -> Loss: 46.7466
Epoch [ 143/1200] -> Loss: 46.7838
Epoch [ 144/1200] -> Loss: 46.3753
Epoch [ 145/1200] -> Loss: 46.8889
Epoch [ 146/1200] -> Loss: 46.2786
Epoch [ 147/1200] -> Loss: 46.4932
Epoch [ 148/1200] -> Loss: 46.5925
Epoch [ 149/1200] -> Loss: 46.9868
Epoch   150: reducing learning rate of group 0 to 3.1250e-06.
Epoch [ 150/1200] -> Loss: 46.4930
Epoch [ 151/1200] -> Loss: 46.3438
Epoch [ 152/1200] -> Loss: 46.2847
Epoch [ 153/1200] -> Loss: 46.4163
Epoch [ 154/1200] -> Loss: 46.4230
Epoch [ 155/1200] -> Loss: 46.3739
Epoch [ 156/1200] -> Loss: 46.0948
Epoch [ 157/1200] -> Loss: 46.6621
Epoch [ 158/1200] -> Loss: 46.5390
Epoch [ 159/1200] -> Loss: 46.9815
Epoch [ 160/1200] -> Loss: 46.6303
Epoch   161: reducing learning rate of group 0 to 1.5625e-06.
Epoch [ 161/1200] -> Loss: 46.7666
Epoch [ 162/1200] -> Loss: 46.5954
Epoch [ 163/1200] -> Loss: 46.6255
Epoch [ 164/1200] -> Loss: 46.4818
Epoch [ 165/1200] -> Loss: 46.8282
Epoch [ 166/1200] -> Loss: 46.4163
Epoch [ 167/1200] -> Loss: 46.5906
Epoch [ 168/1200] -> Loss: 46.2576
Epoch [ 169/1200] -> Loss: 46.4369
Epoch [ 170/1200] -> Loss: 46.6903
Epoch [ 171/1200] -> Loss: 46.4802
Epoch   172: reducing learning rate of group 0 to 7.8125e-07.
Epoch [ 172/1200] -> Loss: 46.5132
Epoch [ 173/1200] -> Loss: 46.8226
Epoch [ 174/1200] -> Loss: 46.4455
Epoch [ 175/1200] -> Loss: 46.7177
Epoch [ 176/1200] -> Loss: 46.3850
Epoch [ 177/1200] -> Loss: 46.5623
Epoch [ 178/1200] -> Loss: 46.2318
Epoch [ 179/1200] -> Loss: 46.7801
Epoch [ 180/1200] -> Loss: 46.7037
Epoch [ 181/1200] -> Loss: 46.7726
Epoch [ 182/1200] -> Loss: 46.8417
Epoch   183: reducing learning rate of group 0 to 3.9063e-07.
Epoch [ 183/1200] -> Loss: 46.4503
Epoch [ 184/1200] -> Loss: 46.3378
Epoch [ 185/1200] -> Loss: 46.5811
Epoch [ 186/1200] -> Loss: 46.5842
Epoch [ 187/1200] -> Loss: 46.2908
Epoch [ 188/1200] -> Loss: 46.4192
Epoch [ 189/1200] -> Loss: 46.5425
Epoch [ 190/1200] -> Loss: 46.4516
Epoch [ 191/1200] -> Loss: 46.3184
Epoch [ 192/1200] -> Loss: 46.4909
Epoch [ 193/1200] -> Loss: 46.5599
Epoch   194: reducing learning rate of group 0 to 1.9531e-07.
Epoch [ 194/1200] -> Loss: 46.4336
Epoch [ 195/1200] -> Loss: 46.5972
Epoch [ 196/1200] -> Loss: 46.6310
Epoch [ 197/1200] -> Loss: 46.4984
Epoch [ 198/1200] -> Loss: 46.1817
Epoch [ 199/1200] -> Loss: 46.5816
----------------------------------------------------------------
Model checkpoint saved as FFNN_200.pth
----------------------------------------------------------------
Epoch [ 200/1200] -> Loss: 46.7875
Epoch [ 201/1200] -> Loss: 46.5434
Epoch [ 202/1200] -> Loss: 46.7350
Epoch [ 203/1200] -> Loss: 46.2344
Epoch [ 204/1200] -> Loss: 46.6233
Epoch   205: reducing learning rate of group 0 to 9.7656e-08.
Epoch [ 205/1200] -> Loss: 46.7562
Epoch [ 206/1200] -> Loss: 46.3990
Epoch [ 207/1200] -> Loss: 46.6001
Epoch [ 208/1200] -> Loss: 46.7204
Epoch [ 209/1200] -> Loss: 46.3403
Epoch [ 210/1200] -> Loss: 46.5352
Epoch [ 211/1200] -> Loss: 46.4183
Epoch [ 212/1200] -> Loss: 46.6911
Epoch [ 213/1200] -> Loss: 46.4116
Epoch [ 214/1200] -> Loss: 46.1877
Epoch [ 215/1200] -> Loss: 46.5142
Epoch   216: reducing learning rate of group 0 to 4.8828e-08.
Epoch [ 216/1200] -> Loss: 46.1822
Epoch [ 217/1200] -> Loss: 46.5531
Epoch [ 218/1200] -> Loss: 46.8315
Epoch [ 219/1200] -> Loss: 46.4250
Epoch [ 220/1200] -> Loss: 46.7579
Epoch [ 221/1200] -> Loss: 46.2784
Epoch [ 222/1200] -> Loss: 46.6733
Epoch [ 223/1200] -> Loss: 46.5967
Epoch [ 224/1200] -> Loss: 46.5566
Epoch [ 225/1200] -> Loss: 46.7050
Epoch [ 226/1200] -> Loss: 46.3548
Epoch   227: reducing learning rate of group 0 to 2.4414e-08.
Epoch [ 227/1200] -> Loss: 46.2134
Epoch [ 228/1200] -> Loss: 46.5577
Epoch [ 229/1200] -> Loss: 46.5303
Epoch [ 230/1200] -> Loss: 46.7604
Epoch [ 231/1200] -> Loss: 46.6176
Epoch [ 232/1200] -> Loss: 46.3690
Epoch [ 233/1200] -> Loss: 46.2568
Epoch [ 234/1200] -> Loss: 46.4272
Epoch [ 235/1200] -> Loss: 46.6503
Epoch [ 236/1200] -> Loss: 46.5248
Epoch [ 237/1200] -> Loss: 46.2017
Epoch   238: reducing learning rate of group 0 to 1.2207e-08.
Epoch [ 238/1200] -> Loss: 46.5575
Epoch [ 239/1200] -> Loss: 46.4273
Epoch [ 240/1200] -> Loss: 46.5520
Epoch [ 241/1200] -> Loss: 46.7112
Epoch [ 242/1200] -> Loss: 46.9716
Epoch [ 243/1200] -> Loss: 46.5126
Epoch [ 244/1200] -> Loss: 46.4276
Epoch [ 245/1200] -> Loss: 46.4524
Epoch [ 246/1200] -> Loss: 46.5877
Epoch [ 247/1200] -> Loss: 46.3952
Epoch [ 248/1200] -> Loss: 46.6823
Epoch [ 249/1200] -> Loss: 46.3926
Epoch [ 250/1200] -> Loss: 46.1504
Epoch [ 251/1200] -> Loss: 46.2605
Epoch [ 252/1200] -> Loss: 46.7192
Epoch [ 253/1200] -> Loss: 46.3321
Epoch [ 254/1200] -> Loss: 46.6300
Epoch [ 255/1200] -> Loss: 46.6126
Epoch [ 256/1200] -> Loss: 46.3154
Epoch [ 257/1200] -> Loss: 46.6718
Epoch [ 258/1200] -> Loss: 46.4409
Epoch [ 259/1200] -> Loss: 46.6097
Epoch [ 260/1200] -> Loss: 46.5854
Epoch [ 261/1200] -> Loss: 46.6325
Epoch [ 262/1200] -> Loss: 46.2831
Epoch [ 263/1200] -> Loss: 46.6604
Epoch [ 264/1200] -> Loss: 46.2752
Epoch [ 265/1200] -> Loss: 46.5763
Epoch [ 266/1200] -> Loss: 46.4700
Epoch [ 267/1200] -> Loss: 46.4211
Epoch [ 268/1200] -> Loss: 46.4951
Epoch [ 269/1200] -> Loss: 46.5565
Epoch [ 270/1200] -> Loss: 46.4151
Epoch [ 271/1200] -> Loss: 46.3034
Epoch [ 272/1200] -> Loss: 46.2156
Epoch [ 273/1200] -> Loss: 46.3470
Epoch [ 274/1200] -> Loss: 46.2860
Epoch [ 275/1200] -> Loss: 46.4396
Epoch [ 276/1200] -> Loss: 46.4360
Epoch [ 277/1200] -> Loss: 46.5002
Epoch [ 278/1200] -> Loss: 46.1929
Epoch [ 279/1200] -> Loss: 46.2781
Epoch [ 280/1200] -> Loss: 46.5898
Epoch [ 281/1200] -> Loss: 46.7145
Epoch [ 282/1200] -> Loss: 46.4273
Epoch [ 283/1200] -> Loss: 46.5736
Epoch [ 284/1200] -> Loss: 46.3500
Epoch [ 285/1200] -> Loss: 46.5052
Epoch [ 286/1200] -> Loss: 46.5431
Epoch [ 287/1200] -> Loss: 46.3696
Epoch [ 288/1200] -> Loss: 46.2063
Epoch [ 289/1200] -> Loss: 46.3999
Epoch [ 290/1200] -> Loss: 46.3495
Epoch [ 291/1200] -> Loss: 46.2634
Epoch [ 292/1200] -> Loss: 46.5407
Epoch [ 293/1200] -> Loss: 46.7555
Epoch [ 294/1200] -> Loss: 46.3701
Epoch [ 295/1200] -> Loss: 46.4153
Epoch [ 296/1200] -> Loss: 46.6048
Epoch [ 297/1200] -> Loss: 46.6530
Epoch [ 298/1200] -> Loss: 46.2900
Epoch [ 299/1200] -> Loss: 46.2020
----------------------------------------------------------------
Model checkpoint saved as FFNN_300.pth
----------------------------------------------------------------
Epoch [ 300/1200] -> Loss: 46.5229
Epoch [ 301/1200] -> Loss: 46.4820
Epoch [ 302/1200] -> Loss: 46.4512
Epoch [ 303/1200] -> Loss: 46.3353
Epoch [ 304/1200] -> Loss: 46.1596
Epoch [ 305/1200] -> Loss: 46.2424
Epoch [ 306/1200] -> Loss: 46.8032
Epoch [ 307/1200] -> Loss: 46.0512
Epoch [ 308/1200] -> Loss: 46.5404
Epoch [ 309/1200] -> Loss: 46.3085
Epoch [ 310/1200] -> Loss: 46.7215
Epoch [ 311/1200] -> Loss: 46.5462
Epoch [ 312/1200] -> Loss: 46.6625
Epoch [ 313/1200] -> Loss: 46.3759
Epoch [ 314/1200] -> Loss: 46.5077
Epoch [ 315/1200] -> Loss: 46.4341
Epoch [ 316/1200] -> Loss: 46.5123
Epoch [ 317/1200] -> Loss: 46.5111
Epoch [ 318/1200] -> Loss: 46.7528
Epoch [ 319/1200] -> Loss: 46.5107
Epoch [ 320/1200] -> Loss: 46.3603
Epoch [ 321/1200] -> Loss: 46.7274
Epoch [ 322/1200] -> Loss: 46.1591
Epoch [ 323/1200] -> Loss: 46.7373
Epoch [ 324/1200] -> Loss: 46.4482
Epoch [ 325/1200] -> Loss: 46.2852
Epoch [ 326/1200] -> Loss: 46.0657
Epoch [ 327/1200] -> Loss: 46.3819
Epoch [ 328/1200] -> Loss: 46.5064
Epoch [ 329/1200] -> Loss: 46.4397
Epoch [ 330/1200] -> Loss: 46.3580
Epoch [ 331/1200] -> Loss: 46.3822
Epoch [ 332/1200] -> Loss: 46.6319
Epoch [ 333/1200] -> Loss: 46.5041
Epoch [ 334/1200] -> Loss: 46.1993
Epoch [ 335/1200] -> Loss: 46.2134
Epoch [ 336/1200] -> Loss: 46.6886
Epoch [ 337/1200] -> Loss: 46.4922
Epoch [ 338/1200] -> Loss: 46.5230
Epoch [ 339/1200] -> Loss: 46.4365
Epoch [ 340/1200] -> Loss: 46.8488
Epoch [ 341/1200] -> Loss: 46.5542
Epoch [ 342/1200] -> Loss: 46.8372
Epoch [ 343/1200] -> Loss: 46.6196
Epoch [ 344/1200] -> Loss: 46.5159
Epoch [ 345/1200] -> Loss: 46.5430
Epoch [ 346/1200] -> Loss: 46.7291
Epoch [ 347/1200] -> Loss: 46.5757
Epoch [ 348/1200] -> Loss: 46.4314
Epoch [ 349/1200] -> Loss: 46.4090
Epoch [ 350/1200] -> Loss: 46.3004
Epoch [ 351/1200] -> Loss: 46.6087
Epoch [ 352/1200] -> Loss: 46.1378
Epoch [ 353/1200] -> Loss: 46.7259
Epoch [ 354/1200] -> Loss: 46.3263
Epoch [ 355/1200] -> Loss: 46.6052
Epoch [ 356/1200] -> Loss: 46.4298
Epoch [ 357/1200] -> Loss: 46.2681
Epoch [ 358/1200] -> Loss: 46.4187
Epoch [ 359/1200] -> Loss: 46.6009
Epoch [ 360/1200] -> Loss: 46.5525
Epoch [ 361/1200] -> Loss: 46.6519
Epoch [ 362/1200] -> Loss: 46.6402
Epoch [ 363/1200] -> Loss: 45.9697
Epoch [ 364/1200] -> Loss: 46.4649
Epoch [ 365/1200] -> Loss: 46.5256
Epoch [ 366/1200] -> Loss: 46.3576
Epoch [ 367/1200] -> Loss: 46.2426
Epoch [ 368/1200] -> Loss: 45.9688
Epoch [ 369/1200] -> Loss: 46.5238
Epoch [ 370/1200] -> Loss: 46.8056
Epoch [ 371/1200] -> Loss: 46.6260
Epoch [ 372/1200] -> Loss: 46.8046
Epoch [ 373/1200] -> Loss: 46.6322
Epoch [ 374/1200] -> Loss: 46.4783
Epoch [ 375/1200] -> Loss: 46.3043
Epoch [ 376/1200] -> Loss: 46.5296
Epoch [ 377/1200] -> Loss: 46.7538
Epoch [ 378/1200] -> Loss: 46.5470
Epoch [ 379/1200] -> Loss: 46.4385
Epoch [ 380/1200] -> Loss: 46.4139
Epoch [ 381/1200] -> Loss: 46.1713
Epoch [ 382/1200] -> Loss: 46.5330
Epoch [ 383/1200] -> Loss: 46.5568
Epoch [ 384/1200] -> Loss: 46.5793
Epoch [ 385/1200] -> Loss: 46.3006
Epoch [ 386/1200] -> Loss: 46.5689
Epoch [ 387/1200] -> Loss: 46.5777
Epoch [ 388/1200] -> Loss: 46.2219
Epoch [ 389/1200] -> Loss: 46.2440
Epoch [ 390/1200] -> Loss: 45.8942
Epoch [ 391/1200] -> Loss: 46.2572
Epoch [ 392/1200] -> Loss: 46.1079
Epoch [ 393/1200] -> Loss: 46.6017
Epoch [ 394/1200] -> Loss: 46.7155
Epoch [ 395/1200] -> Loss: 46.4473
Epoch [ 396/1200] -> Loss: 46.5711
Epoch [ 397/1200] -> Loss: 46.3688
Epoch [ 398/1200] -> Loss: 46.7642
Epoch [ 399/1200] -> Loss: 46.5092
----------------------------------------------------------------
Model checkpoint saved as FFNN_400.pth
----------------------------------------------------------------
Epoch [ 400/1200] -> Loss: 46.4243
Epoch [ 401/1200] -> Loss: 46.1655
Epoch [ 402/1200] -> Loss: 46.9425
Epoch [ 403/1200] -> Loss: 46.5343
Epoch [ 404/1200] -> Loss: 46.7770
Epoch [ 405/1200] -> Loss: 46.4100
Epoch [ 406/1200] -> Loss: 46.3036
Epoch [ 407/1200] -> Loss: 46.5882
Epoch [ 408/1200] -> Loss: 46.5734
Epoch [ 409/1200] -> Loss: 46.7853
Epoch [ 410/1200] -> Loss: 46.3329
Epoch [ 411/1200] -> Loss: 46.4618
Epoch [ 412/1200] -> Loss: 46.5186
Epoch [ 413/1200] -> Loss: 46.3393
Epoch [ 414/1200] -> Loss: 46.4459
Epoch [ 415/1200] -> Loss: 46.7388
Epoch [ 416/1200] -> Loss: 46.5787
Epoch [ 417/1200] -> Loss: 46.6002
Epoch [ 418/1200] -> Loss: 46.8061
Epoch [ 419/1200] -> Loss: 46.7045
Epoch [ 420/1200] -> Loss: 46.4839
Epoch [ 421/1200] -> Loss: 46.4497
Epoch [ 422/1200] -> Loss: 46.3394
Epoch [ 423/1200] -> Loss: 46.6253
Epoch [ 424/1200] -> Loss: 46.3497
Epoch [ 425/1200] -> Loss: 46.4442
Epoch [ 426/1200] -> Loss: 46.6295
Epoch [ 427/1200] -> Loss: 46.4145
Epoch [ 428/1200] -> Loss: 46.5432
Epoch [ 429/1200] -> Loss: 46.4759
Epoch [ 430/1200] -> Loss: 46.6914
Epoch [ 431/1200] -> Loss: 46.5377
Epoch [ 432/1200] -> Loss: 46.3006
Epoch [ 433/1200] -> Loss: 46.2962
Epoch [ 434/1200] -> Loss: 46.6729
Epoch [ 435/1200] -> Loss: 46.1739
Epoch [ 436/1200] -> Loss: 46.7376
Epoch [ 437/1200] -> Loss: 46.4616
Epoch [ 438/1200] -> Loss: 46.2076
Epoch [ 439/1200] -> Loss: 46.6863
Epoch [ 440/1200] -> Loss: 46.1772
Epoch [ 441/1200] -> Loss: 46.3446
Epoch [ 442/1200] -> Loss: 46.4060
Epoch [ 443/1200] -> Loss: 46.2769
Epoch [ 444/1200] -> Loss: 46.5924
Epoch [ 445/1200] -> Loss: 46.4236
Epoch [ 446/1200] -> Loss: 46.2451
Epoch [ 447/1200] -> Loss: 46.4808
Epoch [ 448/1200] -> Loss: 46.9039
Epoch [ 449/1200] -> Loss: 46.4149
Epoch [ 450/1200] -> Loss: 46.0739
Epoch [ 451/1200] -> Loss: 46.3481
Epoch [ 452/1200] -> Loss: 46.4478
Epoch [ 453/1200] -> Loss: 46.7145
Epoch [ 454/1200] -> Loss: 46.5626
Epoch [ 455/1200] -> Loss: 46.5472
Epoch [ 456/1200] -> Loss: 46.4528
Epoch [ 457/1200] -> Loss: 46.3631
Epoch [ 458/1200] -> Loss: 46.5638
Epoch [ 459/1200] -> Loss: 46.4844
Epoch [ 460/1200] -> Loss: 46.3862
Epoch [ 461/1200] -> Loss: 46.6742
Epoch [ 462/1200] -> Loss: 46.4996
Epoch [ 463/1200] -> Loss: 46.7295
Epoch [ 464/1200] -> Loss: 46.2774
Epoch [ 465/1200] -> Loss: 46.6716
Epoch [ 466/1200] -> Loss: 46.4656
Epoch [ 467/1200] -> Loss: 46.3310
Epoch [ 468/1200] -> Loss: 46.2792
Epoch [ 469/1200] -> Loss: 46.5240
Epoch [ 470/1200] -> Loss: 46.4707
Epoch [ 471/1200] -> Loss: 46.9598
Epoch [ 472/1200] -> Loss: 46.1333
Epoch [ 473/1200] -> Loss: 46.5224
Epoch [ 474/1200] -> Loss: 46.4825
Epoch [ 475/1200] -> Loss: 46.9598
Epoch [ 476/1200] -> Loss: 46.6540
Epoch [ 477/1200] -> Loss: 46.7806
Epoch [ 478/1200] -> Loss: 46.4293
Epoch [ 479/1200] -> Loss: 46.4437
Epoch [ 480/1200] -> Loss: 46.4042
Epoch [ 481/1200] -> Loss: 46.4271
Epoch [ 482/1200] -> Loss: 46.6738
Epoch [ 483/1200] -> Loss: 46.5860
Epoch [ 484/1200] -> Loss: 46.1816
Epoch [ 485/1200] -> Loss: 46.2402
Epoch [ 486/1200] -> Loss: 46.4935
Epoch [ 487/1200] -> Loss: 46.3380
Epoch [ 488/1200] -> Loss: 46.9268
Epoch [ 489/1200] -> Loss: 46.6900
Epoch [ 490/1200] -> Loss: 46.5584
Epoch [ 491/1200] -> Loss: 46.2538
Epoch [ 492/1200] -> Loss: 46.6515
Epoch [ 493/1200] -> Loss: 46.5846
Epoch [ 494/1200] -> Loss: 46.5281
Epoch [ 495/1200] -> Loss: 46.3842
Epoch [ 496/1200] -> Loss: 46.6246
Epoch [ 497/1200] -> Loss: 46.4199
Epoch [ 498/1200] -> Loss: 46.3877
Epoch [ 499/1200] -> Loss: 46.4205
----------------------------------------------------------------
Model checkpoint saved as FFNN_500.pth
----------------------------------------------------------------
Epoch [ 500/1200] -> Loss: 46.7708
Epoch [ 501/1200] -> Loss: 46.5181
Epoch [ 502/1200] -> Loss: 46.4702
Epoch [ 503/1200] -> Loss: 46.2183
Epoch [ 504/1200] -> Loss: 46.4778
Epoch [ 505/1200] -> Loss: 46.3918
Epoch [ 506/1200] -> Loss: 46.2472
Epoch [ 507/1200] -> Loss: 46.4928
Epoch [ 508/1200] -> Loss: 46.4730
Epoch [ 509/1200] -> Loss: 46.4829
Epoch [ 510/1200] -> Loss: 46.4174
Epoch [ 511/1200] -> Loss: 46.2736
Epoch [ 512/1200] -> Loss: 46.6339
Epoch [ 513/1200] -> Loss: 46.3095
Epoch [ 514/1200] -> Loss: 46.6505
Epoch [ 515/1200] -> Loss: 46.6202
Epoch [ 516/1200] -> Loss: 46.4827
Epoch [ 517/1200] -> Loss: 46.2020
Epoch [ 518/1200] -> Loss: 46.7124
Epoch [ 519/1200] -> Loss: 46.5608
Epoch [ 520/1200] -> Loss: 46.3596
Epoch [ 521/1200] -> Loss: 46.6417
Epoch [ 522/1200] -> Loss: 45.8790
Epoch [ 523/1200] -> Loss: 46.3646
Epoch [ 524/1200] -> Loss: 46.6061
Epoch [ 525/1200] -> Loss: 46.3104
Epoch [ 526/1200] -> Loss: 46.4021
Epoch [ 527/1200] -> Loss: 46.7273
Epoch [ 528/1200] -> Loss: 46.3784
Epoch [ 529/1200] -> Loss: 46.2799
Epoch [ 530/1200] -> Loss: 46.1922
Epoch [ 531/1200] -> Loss: 46.8273
Epoch [ 532/1200] -> Loss: 46.6088
Epoch [ 533/1200] -> Loss: 46.4525
Epoch [ 534/1200] -> Loss: 46.5678
Epoch [ 535/1200] -> Loss: 46.4262
Epoch [ 536/1200] -> Loss: 46.3177
Epoch [ 537/1200] -> Loss: 46.6857
Epoch [ 538/1200] -> Loss: 46.8284
Epoch [ 539/1200] -> Loss: 46.4735
Epoch [ 540/1200] -> Loss: 46.2109
Epoch [ 541/1200] -> Loss: 46.4506
Epoch [ 542/1200] -> Loss: 46.4614
Epoch [ 543/1200] -> Loss: 46.1565
Epoch [ 544/1200] -> Loss: 46.3038
Epoch [ 545/1200] -> Loss: 46.3672
Epoch [ 546/1200] -> Loss: 46.3061
Epoch [ 547/1200] -> Loss: 46.6475
Epoch [ 548/1200] -> Loss: 46.5154
Epoch [ 549/1200] -> Loss: 46.6732
Epoch [ 550/1200] -> Loss: 46.3984
Epoch [ 551/1200] -> Loss: 46.3650
Epoch [ 552/1200] -> Loss: 46.3996
Epoch [ 553/1200] -> Loss: 46.2420
Epoch [ 554/1200] -> Loss: 46.2642
Epoch [ 555/1200] -> Loss: 46.8168
Epoch [ 556/1200] -> Loss: 46.4832
Epoch [ 557/1200] -> Loss: 46.5969
Epoch [ 558/1200] -> Loss: 46.7307
Epoch [ 559/1200] -> Loss: 46.1001
Epoch [ 560/1200] -> Loss: 46.7461
Epoch [ 561/1200] -> Loss: 46.4063
Epoch [ 562/1200] -> Loss: 46.3044
Epoch [ 563/1200] -> Loss: 46.5459
Epoch [ 564/1200] -> Loss: 46.4055
Epoch [ 565/1200] -> Loss: 46.2453
Epoch [ 566/1200] -> Loss: 46.4989
Epoch [ 567/1200] -> Loss: 46.6554
Epoch [ 568/1200] -> Loss: 46.3129
Epoch [ 569/1200] -> Loss: 46.6318
Epoch [ 570/1200] -> Loss: 46.3440
Epoch [ 571/1200] -> Loss: 46.6494
Epoch [ 572/1200] -> Loss: 46.4454
Epoch [ 573/1200] -> Loss: 46.6878
Epoch [ 574/1200] -> Loss: 46.5804
Epoch [ 575/1200] -> Loss: 46.5348
Epoch [ 576/1200] -> Loss: 46.0143
Epoch [ 577/1200] -> Loss: 46.5702
Epoch [ 578/1200] -> Loss: 46.4055
Epoch [ 579/1200] -> Loss: 46.3209
Epoch [ 580/1200] -> Loss: 46.4838
Epoch [ 581/1200] -> Loss: 46.3175
Epoch [ 582/1200] -> Loss: 46.6053
Epoch [ 583/1200] -> Loss: 46.9148
Epoch [ 584/1200] -> Loss: 46.5235
Epoch [ 585/1200] -> Loss: 46.4540
Epoch [ 586/1200] -> Loss: 46.2407
Epoch [ 587/1200] -> Loss: 46.3094
Epoch [ 588/1200] -> Loss: 46.2229
Epoch [ 589/1200] -> Loss: 46.3156
Epoch [ 590/1200] -> Loss: 46.5608
Epoch [ 591/1200] -> Loss: 46.4031
Epoch [ 592/1200] -> Loss: 46.3656
Epoch [ 593/1200] -> Loss: 45.9925
Epoch [ 594/1200] -> Loss: 46.6303
Epoch [ 595/1200] -> Loss: 46.2744
Epoch [ 596/1200] -> Loss: 46.2261
Epoch [ 597/1200] -> Loss: 46.5140
Epoch [ 598/1200] -> Loss: 46.3758
Epoch [ 599/1200] -> Loss: 46.5712
----------------------------------------------------------------
Model checkpoint saved as FFNN_600.pth
----------------------------------------------------------------
Epoch [ 600/1200] -> Loss: 46.3133
Epoch [ 601/1200] -> Loss: 46.5578
Epoch [ 602/1200] -> Loss: 46.8242
Epoch [ 603/1200] -> Loss: 46.6599
Epoch [ 604/1200] -> Loss: 46.4917
Epoch [ 605/1200] -> Loss: 46.1967
Epoch [ 606/1200] -> Loss: 46.0267
Epoch [ 607/1200] -> Loss: 46.4930
Epoch [ 608/1200] -> Loss: 46.3700
Epoch [ 609/1200] -> Loss: 46.6032
Epoch [ 610/1200] -> Loss: 46.6459
Epoch [ 611/1200] -> Loss: 46.7171
Epoch [ 612/1200] -> Loss: 46.6159
Epoch [ 613/1200] -> Loss: 46.5490
Epoch [ 614/1200] -> Loss: 46.2966
Epoch [ 615/1200] -> Loss: 46.6314
Epoch [ 616/1200] -> Loss: 46.9338
Epoch [ 617/1200] -> Loss: 46.4091
Epoch [ 618/1200] -> Loss: 46.4005
Epoch [ 619/1200] -> Loss: 46.4133
Epoch [ 620/1200] -> Loss: 46.0206
Epoch [ 621/1200] -> Loss: 45.9320
Epoch [ 622/1200] -> Loss: 46.4407
Epoch [ 623/1200] -> Loss: 46.6528
Epoch [ 624/1200] -> Loss: 46.4546
Epoch [ 625/1200] -> Loss: 46.8105
Epoch [ 626/1200] -> Loss: 45.8521
Epoch [ 627/1200] -> Loss: 46.6663
Epoch [ 628/1200] -> Loss: 47.0377
Epoch [ 629/1200] -> Loss: 46.4395
Epoch [ 630/1200] -> Loss: 46.3164
Epoch [ 631/1200] -> Loss: 46.4923
Epoch [ 632/1200] -> Loss: 46.3709
Epoch [ 633/1200] -> Loss: 46.3472
Epoch [ 634/1200] -> Loss: 46.4188
Epoch [ 635/1200] -> Loss: 46.4981
Epoch [ 636/1200] -> Loss: 46.1305
Epoch [ 637/1200] -> Loss: 46.2957
Epoch [ 638/1200] -> Loss: 46.5165
Epoch [ 639/1200] -> Loss: 46.5631
Epoch [ 640/1200] -> Loss: 46.5568
Epoch [ 641/1200] -> Loss: 46.2117
Epoch [ 642/1200] -> Loss: 46.3125
Epoch [ 643/1200] -> Loss: 46.6306
Epoch [ 644/1200] -> Loss: 46.3584
Epoch [ 645/1200] -> Loss: 46.7479
Epoch [ 646/1200] -> Loss: 46.5871
Epoch [ 647/1200] -> Loss: 46.3323
Epoch [ 648/1200] -> Loss: 46.2920
Epoch [ 649/1200] -> Loss: 46.3004
Epoch [ 650/1200] -> Loss: 46.2501
Epoch [ 651/1200] -> Loss: 46.2790
Epoch [ 652/1200] -> Loss: 46.4483
Epoch [ 653/1200] -> Loss: 46.6302
Epoch [ 654/1200] -> Loss: 46.3580
Epoch [ 655/1200] -> Loss: 46.6712
Epoch [ 656/1200] -> Loss: 46.7555
Epoch [ 657/1200] -> Loss: 46.0238
Epoch [ 658/1200] -> Loss: 46.0774
Epoch [ 659/1200] -> Loss: 45.8726
Epoch [ 660/1200] -> Loss: 46.4701
Epoch [ 661/1200] -> Loss: 46.7938
Epoch [ 662/1200] -> Loss: 46.2392
Epoch [ 663/1200] -> Loss: 46.8702
Epoch [ 664/1200] -> Loss: 46.4632
Epoch [ 665/1200] -> Loss: 46.7099
Epoch [ 666/1200] -> Loss: 46.2491
Epoch [ 667/1200] -> Loss: 46.7099
Epoch [ 668/1200] -> Loss: 46.6262
Epoch [ 669/1200] -> Loss: 46.7538
Epoch [ 670/1200] -> Loss: 46.7387
Epoch [ 671/1200] -> Loss: 46.6121
Epoch [ 672/1200] -> Loss: 46.6512
Epoch [ 673/1200] -> Loss: 46.2491
Epoch [ 674/1200] -> Loss: 46.3752
Epoch [ 675/1200] -> Loss: 46.3091
Epoch [ 676/1200] -> Loss: 46.7554
Epoch [ 677/1200] -> Loss: 46.4761
Epoch [ 678/1200] -> Loss: 46.5360
Epoch [ 679/1200] -> Loss: 46.3910
Epoch [ 680/1200] -> Loss: 46.8150
Epoch [ 681/1200] -> Loss: 46.3199
Epoch [ 682/1200] -> Loss: 46.2881
Epoch [ 683/1200] -> Loss: 46.8172
Epoch [ 684/1200] -> Loss: 46.6697
Epoch [ 685/1200] -> Loss: 46.6347
Epoch [ 686/1200] -> Loss: 47.0230
Epoch [ 687/1200] -> Loss: 46.1545
Epoch [ 688/1200] -> Loss: 46.1534
Epoch [ 689/1200] -> Loss: 46.6373
Epoch [ 690/1200] -> Loss: 46.6603
Epoch [ 691/1200] -> Loss: 46.5886
Epoch [ 692/1200] -> Loss: 46.6289
Epoch [ 693/1200] -> Loss: 46.3807
Epoch [ 694/1200] -> Loss: 46.5977
Epoch [ 695/1200] -> Loss: 46.6711
Epoch [ 696/1200] -> Loss: 46.6064
Epoch [ 697/1200] -> Loss: 46.4731
Epoch [ 698/1200] -> Loss: 46.5029
Epoch [ 699/1200] -> Loss: 46.3902
----------------------------------------------------------------
Model checkpoint saved as FFNN_700.pth
----------------------------------------------------------------
Epoch [ 700/1200] -> Loss: 46.6298
Epoch [ 701/1200] -> Loss: 46.0235
Epoch [ 702/1200] -> Loss: 46.2329
Epoch [ 703/1200] -> Loss: 46.2524
Epoch [ 704/1200] -> Loss: 46.4391
Epoch [ 705/1200] -> Loss: 46.5830
Epoch [ 706/1200] -> Loss: 46.9148
Epoch [ 707/1200] -> Loss: 46.2177
Epoch [ 708/1200] -> Loss: 46.4990
Epoch [ 709/1200] -> Loss: 46.6841
Epoch [ 710/1200] -> Loss: 46.5100
Epoch [ 711/1200] -> Loss: 45.9614
Epoch [ 712/1200] -> Loss: 46.5262
Epoch [ 713/1200] -> Loss: 46.6012
Epoch [ 714/1200] -> Loss: 46.4174
Epoch [ 715/1200] -> Loss: 46.1262
Epoch [ 716/1200] -> Loss: 46.4939
Epoch [ 717/1200] -> Loss: 46.4129
Epoch [ 718/1200] -> Loss: 46.5871
Epoch [ 719/1200] -> Loss: 46.2739
Epoch [ 720/1200] -> Loss: 46.8124
Epoch [ 721/1200] -> Loss: 46.8385
Epoch [ 722/1200] -> Loss: 46.3312
Epoch [ 723/1200] -> Loss: 46.8046
Epoch [ 724/1200] -> Loss: 46.5221
Epoch [ 725/1200] -> Loss: 46.3625
Epoch [ 726/1200] -> Loss: 46.4346
Epoch [ 727/1200] -> Loss: 46.3155
Epoch [ 728/1200] -> Loss: 46.4485
Epoch [ 729/1200] -> Loss: 46.4307
Epoch [ 730/1200] -> Loss: 46.7286
Epoch [ 731/1200] -> Loss: 46.3312
Epoch [ 732/1200] -> Loss: 46.4598
Epoch [ 733/1200] -> Loss: 46.6756
Epoch [ 734/1200] -> Loss: 46.6231
Epoch [ 735/1200] -> Loss: 46.7339
Epoch [ 736/1200] -> Loss: 46.2809
Epoch [ 737/1200] -> Loss: 46.3799
Epoch [ 738/1200] -> Loss: 46.5309
Epoch [ 739/1200] -> Loss: 46.3626
Epoch [ 740/1200] -> Loss: 46.0289
Epoch [ 741/1200] -> Loss: 46.2822
Epoch [ 742/1200] -> Loss: 46.4127
Epoch [ 743/1200] -> Loss: 46.2361
Epoch [ 744/1200] -> Loss: 46.8587
Epoch [ 745/1200] -> Loss: 46.4426
Epoch [ 746/1200] -> Loss: 46.3080
Epoch [ 747/1200] -> Loss: 46.2755
Epoch [ 748/1200] -> Loss: 46.2864
Epoch [ 749/1200] -> Loss: 46.5501
Epoch [ 750/1200] -> Loss: 46.4878
Epoch [ 751/1200] -> Loss: 46.4673
Epoch [ 752/1200] -> Loss: 46.6839
Epoch [ 753/1200] -> Loss: 46.5924
Epoch [ 754/1200] -> Loss: 46.4774
Epoch [ 755/1200] -> Loss: 46.2535
Epoch [ 756/1200] -> Loss: 46.4347
Epoch [ 757/1200] -> Loss: 46.9935
Epoch [ 758/1200] -> Loss: 46.3795
Epoch [ 759/1200] -> Loss: 46.7468
Epoch [ 760/1200] -> Loss: 46.6057
Epoch [ 761/1200] -> Loss: 46.3553
Epoch [ 762/1200] -> Loss: 46.3967
Epoch [ 763/1200] -> Loss: 46.2261
Epoch [ 764/1200] -> Loss: 46.2085
Epoch [ 765/1200] -> Loss: 46.1995
Epoch [ 766/1200] -> Loss: 46.2110
Epoch [ 767/1200] -> Loss: 46.8357
Epoch [ 768/1200] -> Loss: 46.3882
Epoch [ 769/1200] -> Loss: 46.2388
Epoch [ 770/1200] -> Loss: 46.5163
Epoch [ 771/1200] -> Loss: 46.6595
Epoch [ 772/1200] -> Loss: 46.7942
Epoch [ 773/1200] -> Loss: 46.5795
Epoch [ 774/1200] -> Loss: 46.7161
Epoch [ 775/1200] -> Loss: 46.4938
Epoch [ 776/1200] -> Loss: 46.5159
Epoch [ 777/1200] -> Loss: 46.4510
Epoch [ 778/1200] -> Loss: 46.5552
Epoch [ 779/1200] -> Loss: 46.4693
Epoch [ 780/1200] -> Loss: 46.5273
Epoch [ 781/1200] -> Loss: 46.1373
Epoch [ 782/1200] -> Loss: 46.4837
Epoch [ 783/1200] -> Loss: 46.1697
Epoch [ 784/1200] -> Loss: 46.3179
Epoch [ 785/1200] -> Loss: 46.2593
Epoch [ 786/1200] -> Loss: 46.4581
Epoch [ 787/1200] -> Loss: 46.3206
Epoch [ 788/1200] -> Loss: 46.5838
Epoch [ 789/1200] -> Loss: 46.3805
Epoch [ 790/1200] -> Loss: 46.3915
Epoch [ 791/1200] -> Loss: 46.3992
Epoch [ 792/1200] -> Loss: 46.2566
Epoch [ 793/1200] -> Loss: 46.6869
Epoch [ 794/1200] -> Loss: 46.5729
Epoch [ 795/1200] -> Loss: 47.0418
Epoch [ 796/1200] -> Loss: 46.0776
Epoch [ 797/1200] -> Loss: 46.6103
Epoch [ 798/1200] -> Loss: 46.2130
Epoch [ 799/1200] -> Loss: 46.5841
----------------------------------------------------------------
Model checkpoint saved as FFNN_800.pth
----------------------------------------------------------------
Epoch [ 800/1200] -> Loss: 46.2624
Epoch [ 801/1200] -> Loss: 46.5695
Epoch [ 802/1200] -> Loss: 46.5914
Epoch [ 803/1200] -> Loss: 46.3406
Epoch [ 804/1200] -> Loss: 46.6853
Epoch [ 805/1200] -> Loss: 46.4033
Epoch [ 806/1200] -> Loss: 46.1742
Epoch [ 807/1200] -> Loss: 46.3689
Epoch [ 808/1200] -> Loss: 46.6290
Epoch [ 809/1200] -> Loss: 46.5212
Epoch [ 810/1200] -> Loss: 46.6078
Epoch [ 811/1200] -> Loss: 46.5324
Epoch [ 812/1200] -> Loss: 46.5872
Epoch [ 813/1200] -> Loss: 46.5421
Epoch [ 814/1200] -> Loss: 46.5148
Epoch [ 815/1200] -> Loss: 46.2464
Epoch [ 816/1200] -> Loss: 46.3555
Epoch [ 817/1200] -> Loss: 46.7260
Epoch [ 818/1200] -> Loss: 46.2929
Epoch [ 819/1200] -> Loss: 46.1132
Epoch [ 820/1200] -> Loss: 46.4048
Epoch [ 821/1200] -> Loss: 46.4376
Epoch [ 822/1200] -> Loss: 46.9328
Epoch [ 823/1200] -> Loss: 46.4829
Epoch [ 824/1200] -> Loss: 46.4095
Epoch [ 825/1200] -> Loss: 46.5352
Epoch [ 826/1200] -> Loss: 46.1904
Epoch [ 827/1200] -> Loss: 46.8449
Epoch [ 828/1200] -> Loss: 46.5432
Epoch [ 829/1200] -> Loss: 46.3035
Epoch [ 830/1200] -> Loss: 46.1726
Epoch [ 831/1200] -> Loss: 45.8447
Epoch [ 832/1200] -> Loss: 46.4833
Epoch [ 833/1200] -> Loss: 46.2833
Epoch [ 834/1200] -> Loss: 46.4990
Epoch [ 835/1200] -> Loss: 46.4322
Epoch [ 836/1200] -> Loss: 46.7394
Epoch [ 837/1200] -> Loss: 46.8435
Epoch [ 838/1200] -> Loss: 46.5445
Epoch [ 839/1200] -> Loss: 46.5531
Epoch [ 840/1200] -> Loss: 46.3356
Epoch [ 841/1200] -> Loss: 46.4821
Epoch [ 842/1200] -> Loss: 46.5700
Epoch [ 843/1200] -> Loss: 46.3849
Epoch [ 844/1200] -> Loss: 46.1658
Epoch [ 845/1200] -> Loss: 46.1148
Epoch [ 846/1200] -> Loss: 46.4538
Epoch [ 847/1200] -> Loss: 46.1800
Epoch [ 848/1200] -> Loss: 46.4582
Epoch [ 849/1200] -> Loss: 46.6668
Epoch [ 850/1200] -> Loss: 46.4435
Epoch [ 851/1200] -> Loss: 46.3831
Epoch [ 852/1200] -> Loss: 46.5943
Epoch [ 853/1200] -> Loss: 46.5356
Epoch [ 854/1200] -> Loss: 46.4718
Epoch [ 855/1200] -> Loss: 46.1482
Epoch [ 856/1200] -> Loss: 46.3327
Epoch [ 857/1200] -> Loss: 46.3930
Epoch [ 858/1200] -> Loss: 46.3416
Epoch [ 859/1200] -> Loss: 46.3727
Epoch [ 860/1200] -> Loss: 46.5543
Epoch [ 861/1200] -> Loss: 46.8715
Epoch [ 862/1200] -> Loss: 46.6517
Epoch [ 863/1200] -> Loss: 46.4068
Epoch [ 864/1200] -> Loss: 46.9026
Epoch [ 865/1200] -> Loss: 46.3166
Epoch [ 866/1200] -> Loss: 46.8763
Epoch [ 867/1200] -> Loss: 46.4287
Epoch [ 868/1200] -> Loss: 46.3341
Epoch [ 869/1200] -> Loss: 46.2952
Epoch [ 870/1200] -> Loss: 46.6314
Epoch [ 871/1200] -> Loss: 46.2100
Epoch [ 872/1200] -> Loss: 46.3904
Epoch [ 873/1200] -> Loss: 46.5352
Epoch [ 874/1200] -> Loss: 46.1447
Epoch [ 875/1200] -> Loss: 46.4914
Epoch [ 876/1200] -> Loss: 46.5562
Epoch [ 877/1200] -> Loss: 46.4395
Epoch [ 878/1200] -> Loss: 46.4011
Epoch [ 879/1200] -> Loss: 46.2822
Epoch [ 880/1200] -> Loss: 46.6858
Epoch [ 881/1200] -> Loss: 46.3021
Epoch [ 882/1200] -> Loss: 46.2401
Epoch [ 883/1200] -> Loss: 46.5097
Epoch [ 884/1200] -> Loss: 46.3672
Epoch [ 885/1200] -> Loss: 46.4445
Epoch [ 886/1200] -> Loss: 46.5216
Epoch [ 887/1200] -> Loss: 46.2868
Epoch [ 888/1200] -> Loss: 46.2145
Epoch [ 889/1200] -> Loss: 46.3857
Epoch [ 890/1200] -> Loss: 45.9718
Epoch [ 891/1200] -> Loss: 46.4018
Epoch [ 892/1200] -> Loss: 46.3987
Epoch [ 893/1200] -> Loss: 46.6243
Epoch [ 894/1200] -> Loss: 46.7981
Epoch [ 895/1200] -> Loss: 46.1061
Epoch [ 896/1200] -> Loss: 46.8312
Epoch [ 897/1200] -> Loss: 46.3018
Epoch [ 898/1200] -> Loss: 46.4599
Epoch [ 899/1200] -> Loss: 46.5016
----------------------------------------------------------------
Model checkpoint saved as FFNN_900.pth
----------------------------------------------------------------
Epoch [ 900/1200] -> Loss: 46.8799
Epoch [ 901/1200] -> Loss: 46.8125
Epoch [ 902/1200] -> Loss: 46.4659
Epoch [ 903/1200] -> Loss: 46.1095
Epoch [ 904/1200] -> Loss: 46.6046
Epoch [ 905/1200] -> Loss: 46.3801
Epoch [ 906/1200] -> Loss: 46.6308
Epoch [ 907/1200] -> Loss: 46.4438
Epoch [ 908/1200] -> Loss: 46.3206
Epoch [ 909/1200] -> Loss: 46.0738
Epoch [ 910/1200] -> Loss: 46.4981
Epoch [ 911/1200] -> Loss: 46.8719
Epoch [ 912/1200] -> Loss: 46.7736
Epoch [ 913/1200] -> Loss: 46.6057
Epoch [ 914/1200] -> Loss: 46.7579
Epoch [ 915/1200] -> Loss: 46.3990
Epoch [ 916/1200] -> Loss: 46.5160
Epoch [ 917/1200] -> Loss: 46.6385
Epoch [ 918/1200] -> Loss: 46.5692
Epoch [ 919/1200] -> Loss: 46.6300
Epoch [ 920/1200] -> Loss: 46.9224
Epoch [ 921/1200] -> Loss: 46.3212
Epoch [ 922/1200] -> Loss: 46.3479
Epoch [ 923/1200] -> Loss: 46.4026
Epoch [ 924/1200] -> Loss: 46.5216
Epoch [ 925/1200] -> Loss: 46.3822
Epoch [ 926/1200] -> Loss: 46.4112
Epoch [ 927/1200] -> Loss: 46.5151
Epoch [ 928/1200] -> Loss: 46.4315
Epoch [ 929/1200] -> Loss: 46.6658
Epoch [ 930/1200] -> Loss: 46.5555
Epoch [ 931/1200] -> Loss: 46.3054
Epoch [ 932/1200] -> Loss: 46.5730
Epoch [ 933/1200] -> Loss: 46.6176
Epoch [ 934/1200] -> Loss: 46.6392
Epoch [ 935/1200] -> Loss: 46.3807
Epoch [ 936/1200] -> Loss: 46.3422
Epoch [ 937/1200] -> Loss: 46.2336
Epoch [ 938/1200] -> Loss: 46.3793
Epoch [ 939/1200] -> Loss: 46.5514
Epoch [ 940/1200] -> Loss: 46.4002
Epoch [ 941/1200] -> Loss: 46.1283
Epoch [ 942/1200] -> Loss: 46.6130
Epoch [ 943/1200] -> Loss: 46.8242
Epoch [ 944/1200] -> Loss: 46.3289
Epoch [ 945/1200] -> Loss: 46.5306
Epoch [ 946/1200] -> Loss: 46.6322
Epoch [ 947/1200] -> Loss: 46.1974
Epoch [ 948/1200] -> Loss: 46.5656
Epoch [ 949/1200] -> Loss: 46.4509
Epoch [ 950/1200] -> Loss: 46.5250
Epoch [ 951/1200] -> Loss: 46.6316
Epoch [ 952/1200] -> Loss: 46.6777
Epoch [ 953/1200] -> Loss: 46.4074
Epoch [ 954/1200] -> Loss: 46.6146
Epoch [ 955/1200] -> Loss: 46.6020
Epoch [ 956/1200] -> Loss: 45.8464
Epoch [ 957/1200] -> Loss: 46.4158
Epoch [ 958/1200] -> Loss: 46.3752
Epoch [ 959/1200] -> Loss: 46.7113
Epoch [ 960/1200] -> Loss: 46.2289
Epoch [ 961/1200] -> Loss: 46.3327
Epoch [ 962/1200] -> Loss: 46.7250
Epoch [ 963/1200] -> Loss: 46.5079
Epoch [ 964/1200] -> Loss: 46.4298
Epoch [ 965/1200] -> Loss: 46.5669
Epoch [ 966/1200] -> Loss: 46.6285
Epoch [ 967/1200] -> Loss: 46.6605
Epoch [ 968/1200] -> Loss: 46.4686
Epoch [ 969/1200] -> Loss: 46.7681
Epoch [ 970/1200] -> Loss: 46.3367
Epoch [ 971/1200] -> Loss: 46.6383
Epoch [ 972/1200] -> Loss: 46.3931
Epoch [ 973/1200] -> Loss: 46.1706
Epoch [ 974/1200] -> Loss: 46.3580
Epoch [ 975/1200] -> Loss: 46.0980
Epoch [ 976/1200] -> Loss: 46.5301
Epoch [ 977/1200] -> Loss: 46.2204
Epoch [ 978/1200] -> Loss: 46.5989
Epoch [ 979/1200] -> Loss: 46.4772
Epoch [ 980/1200] -> Loss: 46.2477
Epoch [ 981/1200] -> Loss: 46.3706
Epoch [ 982/1200] -> Loss: 46.5648
Epoch [ 983/1200] -> Loss: 46.3187
Epoch [ 984/1200] -> Loss: 46.4648
Epoch [ 985/1200] -> Loss: 46.4131
Epoch [ 986/1200] -> Loss: 46.3653
Epoch [ 987/1200] -> Loss: 46.8124
Epoch [ 988/1200] -> Loss: 46.5467
Epoch [ 989/1200] -> Loss: 46.5661
Epoch [ 990/1200] -> Loss: 46.5635
Epoch [ 991/1200] -> Loss: 46.5644
Epoch [ 992/1200] -> Loss: 46.3613
Epoch [ 993/1200] -> Loss: 46.6965
Epoch [ 994/1200] -> Loss: 46.3044
Epoch [ 995/1200] -> Loss: 46.5304
Epoch [ 996/1200] -> Loss: 46.5493
Epoch [ 997/1200] -> Loss: 46.4001
Epoch [ 998/1200] -> Loss: 46.3964
Epoch [ 999/1200] -> Loss: 46.5050
----------------------------------------------------------------
Model checkpoint saved as FFNN_1000.pth
----------------------------------------------------------------
Epoch [1000/1200] -> Loss: 46.5038
Epoch [1001/1200] -> Loss: 46.4540
Epoch [1002/1200] -> Loss: 46.4523
Epoch [1003/1200] -> Loss: 46.3647
Epoch [1004/1200] -> Loss: 46.3809
Epoch [1005/1200] -> Loss: 46.4565
Epoch [1006/1200] -> Loss: 46.2991
Epoch [1007/1200] -> Loss: 46.2036
Epoch [1008/1200] -> Loss: 46.7955
Epoch [1009/1200] -> Loss: 46.5516
Epoch [1010/1200] -> Loss: 46.2177
Epoch [1011/1200] -> Loss: 46.2697
Epoch [1012/1200] -> Loss: 46.3166
Epoch [1013/1200] -> Loss: 46.5643
Epoch [1014/1200] -> Loss: 46.3187
Epoch [1015/1200] -> Loss: 46.3562
Epoch [1016/1200] -> Loss: 46.3540
Epoch [1017/1200] -> Loss: 46.3778
Epoch [1018/1200] -> Loss: 46.6148
Epoch [1019/1200] -> Loss: 46.5287
Epoch [1020/1200] -> Loss: 46.7846
Epoch [1021/1200] -> Loss: 46.5401
Epoch [1022/1200] -> Loss: 46.6595
Epoch [1023/1200] -> Loss: 46.5991
Epoch [1024/1200] -> Loss: 46.5648
Epoch [1025/1200] -> Loss: 46.5154
Epoch [1026/1200] -> Loss: 46.3353
Epoch [1027/1200] -> Loss: 46.3752
Epoch [1028/1200] -> Loss: 46.3479
Epoch [1029/1200] -> Loss: 46.1704
Epoch [1030/1200] -> Loss: 46.4496
Epoch [1031/1200] -> Loss: 46.3483
Epoch [1032/1200] -> Loss: 46.6957
Epoch [1033/1200] -> Loss: 46.2979
Epoch [1034/1200] -> Loss: 46.6429
Epoch [1035/1200] -> Loss: 46.3393
Epoch [1036/1200] -> Loss: 46.3816
Epoch [1037/1200] -> Loss: 46.4140
Epoch [1038/1200] -> Loss: 46.9213
Epoch [1039/1200] -> Loss: 46.6477
Epoch [1040/1200] -> Loss: 46.5830
Epoch [1041/1200] -> Loss: 46.4603
Epoch [1042/1200] -> Loss: 46.4083
Epoch [1043/1200] -> Loss: 46.7079
Epoch [1044/1200] -> Loss: 46.1934
Epoch [1045/1200] -> Loss: 46.2413
Epoch [1046/1200] -> Loss: 46.2695
Epoch [1047/1200] -> Loss: 46.5635
Epoch [1048/1200] -> Loss: 46.6189
Epoch [1049/1200] -> Loss: 46.4993
Epoch [1050/1200] -> Loss: 46.7808
Epoch [1051/1200] -> Loss: 46.6558
Epoch [1052/1200] -> Loss: 46.6006
Epoch [1053/1200] -> Loss: 46.3732
Epoch [1054/1200] -> Loss: 46.9076
Epoch [1055/1200] -> Loss: 46.5398
Epoch [1056/1200] -> Loss: 46.4644
Epoch [1057/1200] -> Loss: 46.1842
Epoch [1058/1200] -> Loss: 46.6608
Epoch [1059/1200] -> Loss: 46.3270
Epoch [1060/1200] -> Loss: 46.5908
Epoch [1061/1200] -> Loss: 46.6976
Epoch [1062/1200] -> Loss: 46.5058
Epoch [1063/1200] -> Loss: 46.4653
Epoch [1064/1200] -> Loss: 46.2812
Epoch [1065/1200] -> Loss: 46.2763
Epoch [1066/1200] -> Loss: 46.5587
Epoch [1067/1200] -> Loss: 46.5653
Epoch [1068/1200] -> Loss: 46.3266
Epoch [1069/1200] -> Loss: 46.4325
Epoch [1070/1200] -> Loss: 46.3699
Epoch [1071/1200] -> Loss: 46.4363
Epoch [1072/1200] -> Loss: 46.1094
Epoch [1073/1200] -> Loss: 46.7248
Epoch [1074/1200] -> Loss: 46.3179
Epoch [1075/1200] -> Loss: 46.4842
Epoch [1076/1200] -> Loss: 46.7187
Epoch [1077/1200] -> Loss: 46.2219
Epoch [1078/1200] -> Loss: 46.6921
Epoch [1079/1200] -> Loss: 46.3470
Epoch [1080/1200] -> Loss: 46.4895
Epoch [1081/1200] -> Loss: 46.1133
Epoch [1082/1200] -> Loss: 46.5577
Epoch [1083/1200] -> Loss: 46.3417
Epoch [1084/1200] -> Loss: 46.2896
Epoch [1085/1200] -> Loss: 45.9883
Epoch [1086/1200] -> Loss: 46.3695
Epoch [1087/1200] -> Loss: 46.3844
Epoch [1088/1200] -> Loss: 46.9726
Epoch [1089/1200] -> Loss: 46.4473
Epoch [1090/1200] -> Loss: 46.7828
Epoch [1091/1200] -> Loss: 46.4505
Epoch [1092/1200] -> Loss: 46.4667
Epoch [1093/1200] -> Loss: 46.3538
Epoch [1094/1200] -> Loss: 46.3381
Epoch [1095/1200] -> Loss: 46.2465
Epoch [1096/1200] -> Loss: 46.2730
Epoch [1097/1200] -> Loss: 46.6269
Epoch [1098/1200] -> Loss: 46.4957
Epoch [1099/1200] -> Loss: 46.1378
----------------------------------------------------------------
Model checkpoint saved as FFNN_1100.pth
----------------------------------------------------------------
Epoch [1100/1200] -> Loss: 46.4442
Epoch [1101/1200] -> Loss: 46.3944
Epoch [1102/1200] -> Loss: 46.4841
Epoch [1103/1200] -> Loss: 46.4998
Epoch [1104/1200] -> Loss: 46.6183
Epoch [1105/1200] -> Loss: 46.3988
Epoch [1106/1200] -> Loss: 46.2730
Epoch [1107/1200] -> Loss: 46.3392
Epoch [1108/1200] -> Loss: 47.1187
Epoch [1109/1200] -> Loss: 46.3748
Epoch [1110/1200] -> Loss: 46.5009
Epoch [1111/1200] -> Loss: 46.5719
Epoch [1112/1200] -> Loss: 46.2905
Epoch [1113/1200] -> Loss: 46.7154
Epoch [1114/1200] -> Loss: 46.5478
Epoch [1115/1200] -> Loss: 46.4524
Epoch [1116/1200] -> Loss: 46.7867
Epoch [1117/1200] -> Loss: 46.3078
Epoch [1118/1200] -> Loss: 46.4643
Epoch [1119/1200] -> Loss: 46.6774
Epoch [1120/1200] -> Loss: 46.6519
Epoch [1121/1200] -> Loss: 46.3109
Epoch [1122/1200] -> Loss: 46.3177
Epoch [1123/1200] -> Loss: 46.3745
Epoch [1124/1200] -> Loss: 46.4213
Epoch [1125/1200] -> Loss: 46.5337
Epoch [1126/1200] -> Loss: 46.6143
Epoch [1127/1200] -> Loss: 46.1512
Epoch [1128/1200] -> Loss: 46.5126
Epoch [1129/1200] -> Loss: 46.4854
Epoch [1130/1200] -> Loss: 46.5297
Epoch [1131/1200] -> Loss: 46.6223
Epoch [1132/1200] -> Loss: 46.3136
Epoch [1133/1200] -> Loss: 46.3160
Epoch [1134/1200] -> Loss: 46.1758
Epoch [1135/1200] -> Loss: 46.3337
Epoch [1136/1200] -> Loss: 46.8020
Epoch [1137/1200] -> Loss: 46.9011
Epoch [1138/1200] -> Loss: 46.2168
Epoch [1139/1200] -> Loss: 46.7820
Epoch [1140/1200] -> Loss: 46.0866
Epoch [1141/1200] -> Loss: 46.5038
Epoch [1142/1200] -> Loss: 46.4526
Epoch [1143/1200] -> Loss: 46.6257
Epoch [1144/1200] -> Loss: 46.3316
Epoch [1145/1200] -> Loss: 46.4598
Epoch [1146/1200] -> Loss: 46.5126
Epoch [1147/1200] -> Loss: 46.4678
Epoch [1148/1200] -> Loss: 46.4633
Epoch [1149/1200] -> Loss: 46.3283
Epoch [1150/1200] -> Loss: 46.5376
Epoch [1151/1200] -> Loss: 46.2325
Epoch [1152/1200] -> Loss: 46.6609
Epoch [1153/1200] -> Loss: 46.4570
Epoch [1154/1200] -> Loss: 46.4485
Epoch [1155/1200] -> Loss: 46.4197
Epoch [1156/1200] -> Loss: 46.6050
Epoch [1157/1200] -> Loss: 46.4378
Epoch [1158/1200] -> Loss: 46.6124
Epoch [1159/1200] -> Loss: 46.4031
Epoch [1160/1200] -> Loss: 46.5851
Epoch [1161/1200] -> Loss: 46.2435
Epoch [1162/1200] -> Loss: 46.4535
Epoch [1163/1200] -> Loss: 46.3869
Epoch [1164/1200] -> Loss: 46.8273
Epoch [1165/1200] -> Loss: 46.4499
Epoch [1166/1200] -> Loss: 46.6571
Epoch [1167/1200] -> Loss: 46.7546
Epoch [1168/1200] -> Loss: 46.6498
Epoch [1169/1200] -> Loss: 46.8799
Epoch [1170/1200] -> Loss: 46.0965
Epoch [1171/1200] -> Loss: 46.6058
Epoch [1172/1200] -> Loss: 46.3414
Epoch [1173/1200] -> Loss: 46.3122
Epoch [1174/1200] -> Loss: 46.4511
Epoch [1175/1200] -> Loss: 46.2590
Epoch [1176/1200] -> Loss: 46.3306
Epoch [1177/1200] -> Loss: 46.7878
Epoch [1178/1200] -> Loss: 46.5823
Epoch [1179/1200] -> Loss: 46.7036
Epoch [1180/1200] -> Loss: 46.6450
Epoch [1181/1200] -> Loss: 46.3178
Epoch [1182/1200] -> Loss: 46.8047
Epoch [1183/1200] -> Loss: 46.4093
Epoch [1184/1200] -> Loss: 46.3843
Epoch [1185/1200] -> Loss: 46.6460
Epoch [1186/1200] -> Loss: 46.4725
Epoch [1187/1200] -> Loss: 46.7447
Epoch [1188/1200] -> Loss: 46.6589
Epoch [1189/1200] -> Loss: 46.3683
Epoch [1190/1200] -> Loss: 46.5139
Epoch [1191/1200] -> Loss: 46.4961
Epoch [1192/1200] -> Loss: 46.5395
Epoch [1193/1200] -> Loss: 46.5967
Epoch [1194/1200] -> Loss: 46.3706
Epoch [1195/1200] -> Loss: 46.7570
Epoch [1196/1200] -> Loss: 46.1847
Epoch [1197/1200] -> Loss: 46.6375
Epoch [1198/1200] -> Loss: 46.4971
Epoch [1199/1200] -> Loss: 46.3371
----------------------------------------------------------------
Model checkpoint saved as FFNN_1200.pth
----------------------------------------------------------------
Epoch [1200/1200] -> Loss: 46.2683
----------------------------------------------------------------
Training finished successfully.
        Saved model checkpoints can be found in: /home/extern/Documents/Research/scripts/models/
        Saved data/loss graphs can be found in: /home/extern/Documents/Research/scripts/graphs/
----------------------------------------------------------------
Plotting data...
