Usage: python3 SSN_predictor.py <path_to_ssn_datafile> <path_to_aa_datafile>
----------------------------------------------------------------
Code running on device: cuda
----------------------------------------------------------------
Data loaded from file locations :
    SSN - /home/extern/Documents/Research/scripts/data/SILSO/TSN/SN_m_tot_V2.0.txt
    AA - /home/extern/Documents/Research/scripts/data/ISGI/aa_1869-01-01_2018-12-31_D.dat
----------------------------------------------------------------
Solar cycle data loaded/saved as: cycle_data.pickle
----------------------------------------------------------------
Selected model: FFNN(
  (model): Sequential(
    (0): Linear(in_features=6, out_features=6, bias=True)
    (1): LeakyReLU(negative_slope=0.01, inplace=True)
    (2): Linear(in_features=6, out_features=3, bias=True)
    (3): LeakyReLU(negative_slope=0.01, inplace=True)
    (4): Linear(in_features=3, out_features=1, bias=True)
  )
)    Training mode: True    Testing mode: False
----------------------------------------------------------------
No pre-trained models available, initializing model weights
----------------------------------------------------------------
Training model with: num_epochs=1200, start_lr=0.0005
Epoch [   1/1200] -> Loss: 117.9544
Epoch [   2/1200] -> Loss: 94.6029
Epoch [   3/1200] -> Loss: 62.0737
Epoch [   4/1200] -> Loss: 51.9618
Epoch [   5/1200] -> Loss: 51.5080
Epoch [   6/1200] -> Loss: 51.7668
Epoch [   7/1200] -> Loss: 51.7161
Epoch [   8/1200] -> Loss: 51.5297
Epoch [   9/1200] -> Loss: 51.4702
Epoch [  10/1200] -> Loss: 51.4208
Epoch [  11/1200] -> Loss: 51.1752
Epoch [  12/1200] -> Loss: 51.5700
Epoch [  13/1200] -> Loss: 51.0629
Epoch [  14/1200] -> Loss: 51.1305
Epoch [  15/1200] -> Loss: 51.4686
Epoch [  16/1200] -> Loss: 50.7789
Epoch [  17/1200] -> Loss: 51.3860
Epoch [  18/1200] -> Loss: 50.7388
Epoch [  19/1200] -> Loss: 50.8695
Epoch [  20/1200] -> Loss: 50.8262
Epoch [  21/1200] -> Loss: 50.8340
Epoch [  22/1200] -> Loss: 50.7033
Epoch [  23/1200] -> Loss: 50.4404
Epoch [  24/1200] -> Loss: 50.1454
Epoch [  25/1200] -> Loss: 50.5213
Epoch [  26/1200] -> Loss: 50.1732
Epoch [  27/1200] -> Loss: 50.0780
Epoch [  28/1200] -> Loss: 49.6024
Epoch [  29/1200] -> Loss: 49.9920
Epoch [  30/1200] -> Loss: 49.7808
Epoch [  31/1200] -> Loss: 49.7992
Epoch [  32/1200] -> Loss: 49.6233
Epoch [  33/1200] -> Loss: 49.6783
Epoch [  34/1200] -> Loss: 49.4480
Epoch [  35/1200] -> Loss: 49.0918
Epoch [  36/1200] -> Loss: 49.1834
Epoch [  37/1200] -> Loss: 49.0391
Epoch [  38/1200] -> Loss: 49.0719
Epoch [  39/1200] -> Loss: 49.0434
Epoch [  40/1200] -> Loss: 49.1554
Epoch [  41/1200] -> Loss: 48.8079
Epoch [  42/1200] -> Loss: 48.8703
Epoch [  43/1200] -> Loss: 48.3152
Epoch [  44/1200] -> Loss: 48.6215
Epoch [  45/1200] -> Loss: 48.2384
Epoch [  46/1200] -> Loss: 48.4485
Epoch [  47/1200] -> Loss: 47.8643
Epoch [  48/1200] -> Loss: 48.0592
Epoch [  49/1200] -> Loss: 47.9998
Epoch [  50/1200] -> Loss: 47.8992
Epoch [  51/1200] -> Loss: 47.6168
Epoch [  52/1200] -> Loss: 47.6019
Epoch [  53/1200] -> Loss: 47.4908
Epoch [  54/1200] -> Loss: 47.4771
Epoch [  55/1200] -> Loss: 46.9924
Epoch [  56/1200] -> Loss: 46.7020
Epoch [  57/1200] -> Loss: 46.8880
Epoch [  58/1200] -> Loss: 46.4151
Epoch [  59/1200] -> Loss: 46.6076
Epoch [  60/1200] -> Loss: 46.1617
Epoch [  61/1200] -> Loss: 46.3905
Epoch [  62/1200] -> Loss: 46.2231
Epoch [  63/1200] -> Loss: 46.1945
Epoch [  64/1200] -> Loss: 45.7972
Epoch [  65/1200] -> Loss: 45.9201
Epoch [  66/1200] -> Loss: 45.3870
Epoch [  67/1200] -> Loss: 45.4025
Epoch [  68/1200] -> Loss: 45.2051
Epoch [  69/1200] -> Loss: 44.8893
Epoch [  70/1200] -> Loss: 44.7316
Epoch [  71/1200] -> Loss: 43.9825
Epoch [  72/1200] -> Loss: 44.4743
Epoch [  73/1200] -> Loss: 44.5675
Epoch [  74/1200] -> Loss: 43.8781
Epoch [  75/1200] -> Loss: 43.8396
Epoch [  76/1200] -> Loss: 43.7822
Epoch [  77/1200] -> Loss: 43.3775
Epoch [  78/1200] -> Loss: 43.4763
Epoch [  79/1200] -> Loss: 42.9790
Epoch [  80/1200] -> Loss: 43.2563
Epoch [  81/1200] -> Loss: 42.9230
Epoch [  82/1200] -> Loss: 42.7605
Epoch [  83/1200] -> Loss: 42.6638
Epoch [  84/1200] -> Loss: 42.5939
Epoch [  85/1200] -> Loss: 42.4671
Epoch [  86/1200] -> Loss: 42.1557
Epoch [  87/1200] -> Loss: 42.2834
Epoch [  88/1200] -> Loss: 41.8908
Epoch [  89/1200] -> Loss: 41.8169
Epoch [  90/1200] -> Loss: 41.6774
Epoch [  91/1200] -> Loss: 41.4833
Epoch [  92/1200] -> Loss: 41.4641
Epoch [  93/1200] -> Loss: 40.9748
Epoch [  94/1200] -> Loss: 40.8357
Epoch [  95/1200] -> Loss: 40.9161
Epoch [  96/1200] -> Loss: 40.8615
Epoch [  97/1200] -> Loss: 40.7374
Epoch [  98/1200] -> Loss: 40.3217
Epoch [  99/1200] -> Loss: 40.4104
----------------------------------------------------------------
Model checkpoint saved as FFNN_100.pth
----------------------------------------------------------------
Epoch [ 100/1200] -> Loss: 40.4300
Epoch [ 101/1200] -> Loss: 40.4711
Epoch [ 102/1200] -> Loss: 40.0807
Epoch [ 103/1200] -> Loss: 40.0813
Epoch [ 104/1200] -> Loss: 39.7269
Epoch [ 105/1200] -> Loss: 39.4758
Epoch [ 106/1200] -> Loss: 39.8569
Epoch [ 107/1200] -> Loss: 39.6622
Epoch [ 108/1200] -> Loss: 39.2324
Epoch [ 109/1200] -> Loss: 39.4510
Epoch [ 110/1200] -> Loss: 39.0919
Epoch [ 111/1200] -> Loss: 39.1401
Epoch [ 112/1200] -> Loss: 38.9782
Epoch [ 113/1200] -> Loss: 39.0171
Epoch [ 114/1200] -> Loss: 38.7873
Epoch [ 115/1200] -> Loss: 38.6579
Epoch [ 116/1200] -> Loss: 38.5434
Epoch [ 117/1200] -> Loss: 38.6336
Epoch [ 118/1200] -> Loss: 38.5530
Epoch [ 119/1200] -> Loss: 38.0758
Epoch [ 120/1200] -> Loss: 38.3948
Epoch [ 121/1200] -> Loss: 37.7946
Epoch [ 122/1200] -> Loss: 37.7870
Epoch [ 123/1200] -> Loss: 38.2232
Epoch [ 124/1200] -> Loss: 37.7497
Epoch [ 125/1200] -> Loss: 37.8549
Epoch [ 126/1200] -> Loss: 38.2569
Epoch [ 127/1200] -> Loss: 37.6456
Epoch [ 128/1200] -> Loss: 37.6622
Epoch [ 129/1200] -> Loss: 37.6956
Epoch [ 130/1200] -> Loss: 37.7815
Epoch [ 131/1200] -> Loss: 37.5010
Epoch [ 132/1200] -> Loss: 37.5255
Epoch [ 133/1200] -> Loss: 37.5645
Epoch [ 134/1200] -> Loss: 37.3256
Epoch [ 135/1200] -> Loss: 37.4600
Epoch [ 136/1200] -> Loss: 37.2051
Epoch [ 137/1200] -> Loss: 37.3911
Epoch [ 138/1200] -> Loss: 37.4769
Epoch [ 139/1200] -> Loss: 37.1908
Epoch [ 140/1200] -> Loss: 37.6906
Epoch [ 141/1200] -> Loss: 37.4578
Epoch [ 142/1200] -> Loss: 37.3503
Epoch [ 143/1200] -> Loss: 37.2419
Epoch [ 144/1200] -> Loss: 37.2559
Epoch [ 145/1200] -> Loss: 37.0826
Epoch [ 146/1200] -> Loss: 37.0121
Epoch [ 147/1200] -> Loss: 37.4322
Epoch [ 148/1200] -> Loss: 37.1871
Epoch [ 149/1200] -> Loss: 37.3130
Epoch [ 150/1200] -> Loss: 36.9705
Epoch [ 151/1200] -> Loss: 36.7010
Epoch [ 152/1200] -> Loss: 36.8226
Epoch [ 153/1200] -> Loss: 37.1759
Epoch [ 154/1200] -> Loss: 36.8507
Epoch [ 155/1200] -> Loss: 36.8767
Epoch [ 156/1200] -> Loss: 36.6425
Epoch [ 157/1200] -> Loss: 36.7568
Epoch [ 158/1200] -> Loss: 37.1540
Epoch [ 159/1200] -> Loss: 37.1943
Epoch [ 160/1200] -> Loss: 36.8396
Epoch [ 161/1200] -> Loss: 36.8770
Epoch [ 162/1200] -> Loss: 36.8787
Epoch [ 163/1200] -> Loss: 36.8021
Epoch [ 164/1200] -> Loss: 36.8289
Epoch [ 165/1200] -> Loss: 36.8733
Epoch [ 166/1200] -> Loss: 37.0104
Epoch   167: reducing learning rate of group 0 to 2.5000e-04.
Epoch [ 167/1200] -> Loss: 36.8617
Epoch [ 168/1200] -> Loss: 36.4962
Epoch [ 169/1200] -> Loss: 36.6942
Epoch [ 170/1200] -> Loss: 36.6809
Epoch [ 171/1200] -> Loss: 36.6031
Epoch [ 172/1200] -> Loss: 37.0760
Epoch [ 173/1200] -> Loss: 36.6658
Epoch [ 174/1200] -> Loss: 36.5902
Epoch [ 175/1200] -> Loss: 36.5715
Epoch [ 176/1200] -> Loss: 36.6792
Epoch [ 177/1200] -> Loss: 36.7314
Epoch [ 178/1200] -> Loss: 36.9820
Epoch   179: reducing learning rate of group 0 to 1.2500e-04.
Epoch [ 179/1200] -> Loss: 36.6789
Epoch [ 180/1200] -> Loss: 36.7027
Epoch [ 181/1200] -> Loss: 36.8711
Epoch [ 182/1200] -> Loss: 36.5986
Epoch [ 183/1200] -> Loss: 36.5955
Epoch [ 184/1200] -> Loss: 36.3482
Epoch [ 185/1200] -> Loss: 36.7635
Epoch [ 186/1200] -> Loss: 36.5202
Epoch [ 187/1200] -> Loss: 36.3425
Epoch [ 188/1200] -> Loss: 36.6789
Epoch [ 189/1200] -> Loss: 36.7150
Epoch [ 190/1200] -> Loss: 36.7979
Epoch [ 191/1200] -> Loss: 36.3508
Epoch [ 192/1200] -> Loss: 36.3166
Epoch [ 193/1200] -> Loss: 36.3158
Epoch [ 194/1200] -> Loss: 36.3228
Epoch [ 195/1200] -> Loss: 36.5671
Epoch [ 196/1200] -> Loss: 36.7012
Epoch [ 197/1200] -> Loss: 36.3672
Epoch [ 198/1200] -> Loss: 36.3545
Epoch [ 199/1200] -> Loss: 36.6327
----------------------------------------------------------------
Model checkpoint saved as FFNN_200.pth
----------------------------------------------------------------
Epoch [ 200/1200] -> Loss: 36.6061
Epoch [ 201/1200] -> Loss: 36.5970
Epoch [ 202/1200] -> Loss: 36.6372
Epoch   203: reducing learning rate of group 0 to 6.2500e-05.
Epoch [ 203/1200] -> Loss: 36.5383
Epoch [ 204/1200] -> Loss: 36.4987
Epoch [ 205/1200] -> Loss: 36.1781
Epoch [ 206/1200] -> Loss: 36.4159
Epoch [ 207/1200] -> Loss: 36.4972
Epoch [ 208/1200] -> Loss: 36.4932
Epoch [ 209/1200] -> Loss: 36.3329
Epoch [ 210/1200] -> Loss: 36.4664
Epoch [ 211/1200] -> Loss: 36.3954
Epoch [ 212/1200] -> Loss: 36.5228
Epoch [ 213/1200] -> Loss: 36.4965
Epoch [ 214/1200] -> Loss: 36.6938
Epoch [ 215/1200] -> Loss: 36.3401
Epoch   216: reducing learning rate of group 0 to 3.1250e-05.
Epoch [ 216/1200] -> Loss: 36.7806
Epoch [ 217/1200] -> Loss: 36.4923
Epoch [ 218/1200] -> Loss: 36.7080
Epoch [ 219/1200] -> Loss: 36.4878
Epoch [ 220/1200] -> Loss: 36.3458
Epoch [ 221/1200] -> Loss: 36.4202
Epoch [ 222/1200] -> Loss: 36.4352
Epoch [ 223/1200] -> Loss: 36.2360
Epoch [ 224/1200] -> Loss: 36.5487
Epoch [ 225/1200] -> Loss: 36.7455
Epoch [ 226/1200] -> Loss: 36.3448
Epoch   227: reducing learning rate of group 0 to 1.5625e-05.
Epoch [ 227/1200] -> Loss: 36.5356
Epoch [ 228/1200] -> Loss: 36.7193
Epoch [ 229/1200] -> Loss: 36.5509
Epoch [ 230/1200] -> Loss: 36.5171
Epoch [ 231/1200] -> Loss: 36.5459
Epoch [ 232/1200] -> Loss: 36.4323
Epoch [ 233/1200] -> Loss: 36.2408
Epoch [ 234/1200] -> Loss: 36.5764
Epoch [ 235/1200] -> Loss: 36.4897
Epoch [ 236/1200] -> Loss: 36.5142
Epoch [ 237/1200] -> Loss: 36.4914
Epoch   238: reducing learning rate of group 0 to 7.8125e-06.
Epoch [ 238/1200] -> Loss: 36.2186
Epoch [ 239/1200] -> Loss: 36.5171
Epoch [ 240/1200] -> Loss: 36.3917
Epoch [ 241/1200] -> Loss: 36.4078
Epoch [ 242/1200] -> Loss: 36.5982
Epoch [ 243/1200] -> Loss: 36.2682
Epoch [ 244/1200] -> Loss: 36.4000
Epoch [ 245/1200] -> Loss: 36.5816
Epoch [ 246/1200] -> Loss: 36.4741
Epoch [ 247/1200] -> Loss: 36.3774
Epoch [ 248/1200] -> Loss: 36.5728
Epoch   249: reducing learning rate of group 0 to 3.9063e-06.
Epoch [ 249/1200] -> Loss: 36.1852
Epoch [ 250/1200] -> Loss: 36.5095
Epoch [ 251/1200] -> Loss: 36.5231
Epoch [ 252/1200] -> Loss: 36.6664
Epoch [ 253/1200] -> Loss: 36.1666
Epoch [ 254/1200] -> Loss: 36.8835
Epoch [ 255/1200] -> Loss: 36.6484
Epoch [ 256/1200] -> Loss: 36.1690
Epoch [ 257/1200] -> Loss: 36.4209
Epoch [ 258/1200] -> Loss: 36.4203
Epoch [ 259/1200] -> Loss: 36.4335
Epoch [ 260/1200] -> Loss: 36.2041
Epoch [ 261/1200] -> Loss: 36.5709
Epoch [ 262/1200] -> Loss: 36.5129
Epoch [ 263/1200] -> Loss: 36.5698
Epoch [ 264/1200] -> Loss: 36.1510
Epoch [ 265/1200] -> Loss: 36.5892
Epoch [ 266/1200] -> Loss: 36.3628
Epoch [ 267/1200] -> Loss: 36.7814
Epoch [ 268/1200] -> Loss: 36.7529
Epoch [ 269/1200] -> Loss: 36.4365
Epoch [ 270/1200] -> Loss: 36.4858
Epoch [ 271/1200] -> Loss: 36.4378
Epoch [ 272/1200] -> Loss: 36.4337
Epoch [ 273/1200] -> Loss: 36.4037
Epoch [ 274/1200] -> Loss: 36.3893
Epoch   275: reducing learning rate of group 0 to 1.9531e-06.
Epoch [ 275/1200] -> Loss: 36.6736
Epoch [ 276/1200] -> Loss: 36.6559
Epoch [ 277/1200] -> Loss: 36.3050
Epoch [ 278/1200] -> Loss: 36.1823
Epoch [ 279/1200] -> Loss: 36.3727
Epoch [ 280/1200] -> Loss: 36.5194
Epoch [ 281/1200] -> Loss: 36.5337
Epoch [ 282/1200] -> Loss: 36.3528
Epoch [ 283/1200] -> Loss: 36.4082
Epoch [ 284/1200] -> Loss: 36.5866
Epoch [ 285/1200] -> Loss: 36.6203
Epoch   286: reducing learning rate of group 0 to 9.7656e-07.
Epoch [ 286/1200] -> Loss: 36.5764
Epoch [ 287/1200] -> Loss: 36.8691
Epoch [ 288/1200] -> Loss: 36.1927
Epoch [ 289/1200] -> Loss: 36.8621
Epoch [ 290/1200] -> Loss: 36.3868
Epoch [ 291/1200] -> Loss: 36.5946
Epoch [ 292/1200] -> Loss: 36.4766
Epoch [ 293/1200] -> Loss: 36.5327
Epoch [ 294/1200] -> Loss: 36.3221
Epoch [ 295/1200] -> Loss: 36.5249
Epoch [ 296/1200] -> Loss: 36.5890
Epoch   297: reducing learning rate of group 0 to 4.8828e-07.
Epoch [ 297/1200] -> Loss: 36.5180
Epoch [ 298/1200] -> Loss: 36.4210
Epoch [ 299/1200] -> Loss: 36.5644
----------------------------------------------------------------
Model checkpoint saved as FFNN_300.pth
----------------------------------------------------------------
Epoch [ 300/1200] -> Loss: 36.6866
Epoch [ 301/1200] -> Loss: 36.3599
Epoch [ 302/1200] -> Loss: 36.4366
Epoch [ 303/1200] -> Loss: 36.3718
Epoch [ 304/1200] -> Loss: 36.0832
Epoch [ 305/1200] -> Loss: 36.4046
Epoch [ 306/1200] -> Loss: 36.3581
Epoch [ 307/1200] -> Loss: 36.2239
Epoch [ 308/1200] -> Loss: 36.4222
Epoch [ 309/1200] -> Loss: 36.5156
Epoch [ 310/1200] -> Loss: 36.3559
Epoch [ 311/1200] -> Loss: 36.2207
Epoch [ 312/1200] -> Loss: 36.5222
Epoch [ 313/1200] -> Loss: 36.2121
Epoch [ 314/1200] -> Loss: 36.3443
Epoch   315: reducing learning rate of group 0 to 2.4414e-07.
Epoch [ 315/1200] -> Loss: 36.6926
Epoch [ 316/1200] -> Loss: 36.3911
Epoch [ 317/1200] -> Loss: 36.5090
Epoch [ 318/1200] -> Loss: 36.5908
Epoch [ 319/1200] -> Loss: 36.4365
Epoch [ 320/1200] -> Loss: 36.5783
Epoch [ 321/1200] -> Loss: 36.3876
Epoch [ 322/1200] -> Loss: 36.3469
Epoch [ 323/1200] -> Loss: 36.7889
Epoch [ 324/1200] -> Loss: 36.5582
Epoch [ 325/1200] -> Loss: 36.4806
Epoch   326: reducing learning rate of group 0 to 1.2207e-07.
Epoch [ 326/1200] -> Loss: 36.4905
Epoch [ 327/1200] -> Loss: 36.0987
Epoch [ 328/1200] -> Loss: 36.3711
Epoch [ 329/1200] -> Loss: 36.4621
Epoch [ 330/1200] -> Loss: 36.5081
Epoch [ 331/1200] -> Loss: 36.4498
Epoch [ 332/1200] -> Loss: 36.8206
Epoch [ 333/1200] -> Loss: 36.6754
Epoch [ 334/1200] -> Loss: 36.3129
Epoch [ 335/1200] -> Loss: 36.4640
Epoch [ 336/1200] -> Loss: 36.7328
Epoch   337: reducing learning rate of group 0 to 6.1035e-08.
Epoch [ 337/1200] -> Loss: 36.3009
Epoch [ 338/1200] -> Loss: 36.5712
Epoch [ 339/1200] -> Loss: 36.5360
Epoch [ 340/1200] -> Loss: 36.7936
Epoch [ 341/1200] -> Loss: 36.4097
Epoch [ 342/1200] -> Loss: 36.5909
Epoch [ 343/1200] -> Loss: 36.6434
Epoch [ 344/1200] -> Loss: 36.4019
Epoch [ 345/1200] -> Loss: 36.4932
Epoch [ 346/1200] -> Loss: 36.6165
Epoch [ 347/1200] -> Loss: 36.6263
Epoch   348: reducing learning rate of group 0 to 3.0518e-08.
Epoch [ 348/1200] -> Loss: 36.5612
Epoch [ 349/1200] -> Loss: 36.3590
Epoch [ 350/1200] -> Loss: 36.6580
Epoch [ 351/1200] -> Loss: 36.4886
Epoch [ 352/1200] -> Loss: 36.4499
Epoch [ 353/1200] -> Loss: 36.6308
Epoch [ 354/1200] -> Loss: 36.2841
Epoch [ 355/1200] -> Loss: 36.2470
Epoch [ 356/1200] -> Loss: 36.4489
Epoch [ 357/1200] -> Loss: 36.5952
Epoch [ 358/1200] -> Loss: 36.2098
Epoch   359: reducing learning rate of group 0 to 1.5259e-08.
Epoch [ 359/1200] -> Loss: 36.5906
Epoch [ 360/1200] -> Loss: 36.5622
Epoch [ 361/1200] -> Loss: 36.1799
Epoch [ 362/1200] -> Loss: 36.5299
Epoch [ 363/1200] -> Loss: 36.2169
Epoch [ 364/1200] -> Loss: 36.3526
Epoch [ 365/1200] -> Loss: 36.4573
Epoch [ 366/1200] -> Loss: 36.4092
Epoch [ 367/1200] -> Loss: 36.4538
Epoch [ 368/1200] -> Loss: 36.1859
Epoch [ 369/1200] -> Loss: 36.3557
Epoch [ 370/1200] -> Loss: 36.3720
Epoch [ 371/1200] -> Loss: 36.8331
Epoch [ 372/1200] -> Loss: 36.5039
Epoch [ 373/1200] -> Loss: 36.3411
Epoch [ 374/1200] -> Loss: 36.4701
Epoch [ 375/1200] -> Loss: 36.5259
Epoch [ 376/1200] -> Loss: 36.3670
Epoch [ 377/1200] -> Loss: 36.5701
Epoch [ 378/1200] -> Loss: 36.4142
Epoch [ 379/1200] -> Loss: 36.5994
Epoch [ 380/1200] -> Loss: 36.5746
Epoch [ 381/1200] -> Loss: 36.1528
Epoch [ 382/1200] -> Loss: 36.6472
Epoch [ 383/1200] -> Loss: 36.6497
Epoch [ 384/1200] -> Loss: 36.6779
Epoch [ 385/1200] -> Loss: 36.5106
Epoch [ 386/1200] -> Loss: 36.3407
Epoch [ 387/1200] -> Loss: 36.3402
Epoch [ 388/1200] -> Loss: 36.9519
Epoch [ 389/1200] -> Loss: 36.4250
Epoch [ 390/1200] -> Loss: 36.1153
Epoch [ 391/1200] -> Loss: 36.3324
Epoch [ 392/1200] -> Loss: 36.1791
Epoch [ 393/1200] -> Loss: 36.6500
Epoch [ 394/1200] -> Loss: 36.3386
Epoch [ 395/1200] -> Loss: 36.5726
Epoch [ 396/1200] -> Loss: 36.6303
Epoch [ 397/1200] -> Loss: 36.4291
Epoch [ 398/1200] -> Loss: 36.6007
Epoch [ 399/1200] -> Loss: 36.3402
----------------------------------------------------------------
Model checkpoint saved as FFNN_400.pth
----------------------------------------------------------------
Epoch [ 400/1200] -> Loss: 36.6800
Epoch [ 401/1200] -> Loss: 36.5572
Epoch [ 402/1200] -> Loss: 36.2345
Epoch [ 403/1200] -> Loss: 36.2244
Epoch [ 404/1200] -> Loss: 36.5014
Epoch [ 405/1200] -> Loss: 36.4486
Epoch [ 406/1200] -> Loss: 36.3497
Epoch [ 407/1200] -> Loss: 36.6195
Epoch [ 408/1200] -> Loss: 36.4174
Epoch [ 409/1200] -> Loss: 36.6303
Epoch [ 410/1200] -> Loss: 36.3968
Epoch [ 411/1200] -> Loss: 36.2136
Epoch [ 412/1200] -> Loss: 36.2534
Epoch [ 413/1200] -> Loss: 36.3451
Epoch [ 414/1200] -> Loss: 36.2877
Epoch [ 415/1200] -> Loss: 36.5084
Epoch [ 416/1200] -> Loss: 36.6998
Epoch [ 417/1200] -> Loss: 36.4504
Epoch [ 418/1200] -> Loss: 36.6661
Epoch [ 419/1200] -> Loss: 36.3757
Epoch [ 420/1200] -> Loss: 36.2030
Epoch [ 421/1200] -> Loss: 36.3070
Epoch [ 422/1200] -> Loss: 36.2450
Epoch [ 423/1200] -> Loss: 36.3499
Epoch [ 424/1200] -> Loss: 36.2954
Epoch [ 425/1200] -> Loss: 36.5982
Epoch [ 426/1200] -> Loss: 36.5834
Epoch [ 427/1200] -> Loss: 36.4313
Epoch [ 428/1200] -> Loss: 36.6498
Epoch [ 429/1200] -> Loss: 36.0456
Epoch [ 430/1200] -> Loss: 36.5834
Epoch [ 431/1200] -> Loss: 36.5829
Epoch [ 432/1200] -> Loss: 36.6518
Epoch [ 433/1200] -> Loss: 36.5923
Epoch [ 434/1200] -> Loss: 36.7666
Epoch [ 435/1200] -> Loss: 36.9042
Epoch [ 436/1200] -> Loss: 36.3008
Epoch [ 437/1200] -> Loss: 36.4018
Epoch [ 438/1200] -> Loss: 36.0169
Epoch [ 439/1200] -> Loss: 36.5316
Epoch [ 440/1200] -> Loss: 36.3150
Epoch [ 441/1200] -> Loss: 36.7186
Epoch [ 442/1200] -> Loss: 36.4183
Epoch [ 443/1200] -> Loss: 36.6623
Epoch [ 444/1200] -> Loss: 36.5944
Epoch [ 445/1200] -> Loss: 36.2661
Epoch [ 446/1200] -> Loss: 36.5282
Epoch [ 447/1200] -> Loss: 36.2164
Epoch [ 448/1200] -> Loss: 36.3036
Epoch [ 449/1200] -> Loss: 36.5534
Epoch [ 450/1200] -> Loss: 36.4189
Epoch [ 451/1200] -> Loss: 36.2779
Epoch [ 452/1200] -> Loss: 36.2263
Epoch [ 453/1200] -> Loss: 36.6212
Epoch [ 454/1200] -> Loss: 36.7854
Epoch [ 455/1200] -> Loss: 36.4454
Epoch [ 456/1200] -> Loss: 36.3566
Epoch [ 457/1200] -> Loss: 36.4845
Epoch [ 458/1200] -> Loss: 36.5677
Epoch [ 459/1200] -> Loss: 36.5891
Epoch [ 460/1200] -> Loss: 36.4368
Epoch [ 461/1200] -> Loss: 36.5195
Epoch [ 462/1200] -> Loss: 36.3525
Epoch [ 463/1200] -> Loss: 36.4497
Epoch [ 464/1200] -> Loss: 36.2521
Epoch [ 465/1200] -> Loss: 36.6456
Epoch [ 466/1200] -> Loss: 36.4224
Epoch [ 467/1200] -> Loss: 36.5616
Epoch [ 468/1200] -> Loss: 36.5132
Epoch [ 469/1200] -> Loss: 36.3176
Epoch [ 470/1200] -> Loss: 36.2872
Epoch [ 471/1200] -> Loss: 36.8124
Epoch [ 472/1200] -> Loss: 36.2751
Epoch [ 473/1200] -> Loss: 36.2236
Epoch [ 474/1200] -> Loss: 36.3236
Epoch [ 475/1200] -> Loss: 36.8406
Epoch [ 476/1200] -> Loss: 36.7682
Epoch [ 477/1200] -> Loss: 36.3787
Epoch [ 478/1200] -> Loss: 36.4061
Epoch [ 479/1200] -> Loss: 36.3838
Epoch [ 480/1200] -> Loss: 36.5219
Epoch [ 481/1200] -> Loss: 36.4240
Epoch [ 482/1200] -> Loss: 36.2711
Epoch [ 483/1200] -> Loss: 36.0719
Epoch [ 484/1200] -> Loss: 36.1910
Epoch [ 485/1200] -> Loss: 36.3099
Epoch [ 486/1200] -> Loss: 36.2239
Epoch [ 487/1200] -> Loss: 36.6781
Epoch [ 488/1200] -> Loss: 36.5928
Epoch [ 489/1200] -> Loss: 36.6209
Epoch [ 490/1200] -> Loss: 36.7787
Epoch [ 491/1200] -> Loss: 36.3339
Epoch [ 492/1200] -> Loss: 36.3541
Epoch [ 493/1200] -> Loss: 36.4624
Epoch [ 494/1200] -> Loss: 36.5045
Epoch [ 495/1200] -> Loss: 36.2802
Epoch [ 496/1200] -> Loss: 36.3139
Epoch [ 497/1200] -> Loss: 36.3476
Epoch [ 498/1200] -> Loss: 36.2654
Epoch [ 499/1200] -> Loss: 36.2694
----------------------------------------------------------------
Model checkpoint saved as FFNN_500.pth
----------------------------------------------------------------
Epoch [ 500/1200] -> Loss: 36.3460
Epoch [ 501/1200] -> Loss: 36.6861
Epoch [ 502/1200] -> Loss: 36.1177
Epoch [ 503/1200] -> Loss: 36.3641
Epoch [ 504/1200] -> Loss: 36.3936
Epoch [ 505/1200] -> Loss: 36.5877
Epoch [ 506/1200] -> Loss: 36.4180
Epoch [ 507/1200] -> Loss: 36.4389
Epoch [ 508/1200] -> Loss: 35.8519
Epoch [ 509/1200] -> Loss: 36.4370
Epoch [ 510/1200] -> Loss: 36.5020
Epoch [ 511/1200] -> Loss: 36.4744
Epoch [ 512/1200] -> Loss: 36.4398
Epoch [ 513/1200] -> Loss: 36.2440
Epoch [ 514/1200] -> Loss: 36.3720
Epoch [ 515/1200] -> Loss: 36.1779
Epoch [ 516/1200] -> Loss: 36.4143
Epoch [ 517/1200] -> Loss: 36.4809
Epoch [ 518/1200] -> Loss: 36.2990
Epoch [ 519/1200] -> Loss: 36.5174
Epoch [ 520/1200] -> Loss: 36.3092
Epoch [ 521/1200] -> Loss: 36.5009
Epoch [ 522/1200] -> Loss: 36.4669
Epoch [ 523/1200] -> Loss: 36.3169
Epoch [ 524/1200] -> Loss: 36.4279
Epoch [ 525/1200] -> Loss: 36.6554
Epoch [ 526/1200] -> Loss: 36.2145
Epoch [ 527/1200] -> Loss: 36.4935
Epoch [ 528/1200] -> Loss: 36.6655
Epoch [ 529/1200] -> Loss: 36.6295
Epoch [ 530/1200] -> Loss: 36.2923
Epoch [ 531/1200] -> Loss: 36.3519
Epoch [ 532/1200] -> Loss: 36.3420
Epoch [ 533/1200] -> Loss: 36.7858
Epoch [ 534/1200] -> Loss: 36.5746
Epoch [ 535/1200] -> Loss: 36.6699
Epoch [ 536/1200] -> Loss: 36.5055
Epoch [ 537/1200] -> Loss: 36.4409
Epoch [ 538/1200] -> Loss: 36.6751
Epoch [ 539/1200] -> Loss: 36.5091
Epoch [ 540/1200] -> Loss: 36.5408
Epoch [ 541/1200] -> Loss: 36.4139
Epoch [ 542/1200] -> Loss: 36.4075
Epoch [ 543/1200] -> Loss: 35.9529
Epoch [ 544/1200] -> Loss: 36.3524
Epoch [ 545/1200] -> Loss: 36.5856
Epoch [ 546/1200] -> Loss: 36.1048
Epoch [ 547/1200] -> Loss: 36.6949
Epoch [ 548/1200] -> Loss: 36.2831
Epoch [ 549/1200] -> Loss: 36.4095
Epoch [ 550/1200] -> Loss: 36.5043
Epoch [ 551/1200] -> Loss: 36.1377
Epoch [ 552/1200] -> Loss: 36.4298
Epoch [ 553/1200] -> Loss: 36.3704
Epoch [ 554/1200] -> Loss: 36.0414
Epoch [ 555/1200] -> Loss: 36.6194
Epoch [ 556/1200] -> Loss: 36.5798
Epoch [ 557/1200] -> Loss: 36.5374
Epoch [ 558/1200] -> Loss: 36.5794
Epoch [ 559/1200] -> Loss: 36.3469
Epoch [ 560/1200] -> Loss: 36.4698
Epoch [ 561/1200] -> Loss: 36.3780
Epoch [ 562/1200] -> Loss: 36.4709
Epoch [ 563/1200] -> Loss: 36.3744
Epoch [ 564/1200] -> Loss: 36.4173
Epoch [ 565/1200] -> Loss: 36.3623
Epoch [ 566/1200] -> Loss: 36.6493
Epoch [ 567/1200] -> Loss: 36.3045
Epoch [ 568/1200] -> Loss: 36.4601
Epoch [ 569/1200] -> Loss: 36.1335
Epoch [ 570/1200] -> Loss: 36.5753
Epoch [ 571/1200] -> Loss: 36.5354
Epoch [ 572/1200] -> Loss: 36.7853
Epoch [ 573/1200] -> Loss: 36.6485
Epoch [ 574/1200] -> Loss: 36.1889
Epoch [ 575/1200] -> Loss: 36.4835
Epoch [ 576/1200] -> Loss: 36.5765
Epoch [ 577/1200] -> Loss: 36.5849
Epoch [ 578/1200] -> Loss: 36.7249
Epoch [ 579/1200] -> Loss: 36.5000
Epoch [ 580/1200] -> Loss: 36.3335
Epoch [ 581/1200] -> Loss: 36.5594
Epoch [ 582/1200] -> Loss: 36.3688
Epoch [ 583/1200] -> Loss: 36.6053
Epoch [ 584/1200] -> Loss: 36.3970
Epoch [ 585/1200] -> Loss: 36.3522
Epoch [ 586/1200] -> Loss: 36.0915
Epoch [ 587/1200] -> Loss: 36.3593
Epoch [ 588/1200] -> Loss: 36.4556
Epoch [ 589/1200] -> Loss: 36.2778
Epoch [ 590/1200] -> Loss: 36.6058
Epoch [ 591/1200] -> Loss: 36.1360
Epoch [ 592/1200] -> Loss: 36.3302
Epoch [ 593/1200] -> Loss: 36.3921
Epoch [ 594/1200] -> Loss: 36.6101
Epoch [ 595/1200] -> Loss: 36.3879
Epoch [ 596/1200] -> Loss: 36.5852
Epoch [ 597/1200] -> Loss: 36.3439
Epoch [ 598/1200] -> Loss: 36.2412
Epoch [ 599/1200] -> Loss: 36.5108
----------------------------------------------------------------
Model checkpoint saved as FFNN_600.pth
----------------------------------------------------------------
Epoch [ 600/1200] -> Loss: 36.5873
Epoch [ 601/1200] -> Loss: 36.7131
Epoch [ 602/1200] -> Loss: 36.2436
Epoch [ 603/1200] -> Loss: 36.5554
Epoch [ 604/1200] -> Loss: 36.5023
Epoch [ 605/1200] -> Loss: 36.8330
Epoch [ 606/1200] -> Loss: 36.3439
Epoch [ 607/1200] -> Loss: 36.4664
Epoch [ 608/1200] -> Loss: 36.3559
Epoch [ 609/1200] -> Loss: 36.3361
Epoch [ 610/1200] -> Loss: 36.5999
Epoch [ 611/1200] -> Loss: 36.3735
Epoch [ 612/1200] -> Loss: 36.6025
Epoch [ 613/1200] -> Loss: 36.3277
Epoch [ 614/1200] -> Loss: 36.0921
Epoch [ 615/1200] -> Loss: 36.4479
Epoch [ 616/1200] -> Loss: 36.6565
Epoch [ 617/1200] -> Loss: 36.3084
Epoch [ 618/1200] -> Loss: 36.4967
Epoch [ 619/1200] -> Loss: 36.4306
Epoch [ 620/1200] -> Loss: 36.4321
Epoch [ 621/1200] -> Loss: 36.4825
Epoch [ 622/1200] -> Loss: 36.6002
Epoch [ 623/1200] -> Loss: 36.3446
Epoch [ 624/1200] -> Loss: 36.5592
Epoch [ 625/1200] -> Loss: 36.7073
Epoch [ 626/1200] -> Loss: 36.1940
Epoch [ 627/1200] -> Loss: 36.3754
Epoch [ 628/1200] -> Loss: 36.4277
Epoch [ 629/1200] -> Loss: 36.5656
Epoch [ 630/1200] -> Loss: 36.3832
Epoch [ 631/1200] -> Loss: 36.6504
Epoch [ 632/1200] -> Loss: 36.5838
Epoch [ 633/1200] -> Loss: 36.4334
Epoch [ 634/1200] -> Loss: 36.5851
Epoch [ 635/1200] -> Loss: 36.5404
Epoch [ 636/1200] -> Loss: 36.4280
Epoch [ 637/1200] -> Loss: 36.5101
Epoch [ 638/1200] -> Loss: 36.5407
Epoch [ 639/1200] -> Loss: 36.4258
Epoch [ 640/1200] -> Loss: 36.6448
Epoch [ 641/1200] -> Loss: 36.6420
Epoch [ 642/1200] -> Loss: 36.5422
Epoch [ 643/1200] -> Loss: 36.5386
Epoch [ 644/1200] -> Loss: 36.3530
Epoch [ 645/1200] -> Loss: 36.5906
Epoch [ 646/1200] -> Loss: 36.6572
Epoch [ 647/1200] -> Loss: 36.3666
Epoch [ 648/1200] -> Loss: 36.0208
Epoch [ 649/1200] -> Loss: 36.4570
Epoch [ 650/1200] -> Loss: 36.2578
Epoch [ 651/1200] -> Loss: 36.7062
Epoch [ 652/1200] -> Loss: 36.2878
Epoch [ 653/1200] -> Loss: 36.3689
Epoch [ 654/1200] -> Loss: 36.7960
Epoch [ 655/1200] -> Loss: 36.4889
Epoch [ 656/1200] -> Loss: 36.5513
Epoch [ 657/1200] -> Loss: 36.2714
Epoch [ 658/1200] -> Loss: 36.4199
Epoch [ 659/1200] -> Loss: 36.3720
Epoch [ 660/1200] -> Loss: 36.3047
Epoch [ 661/1200] -> Loss: 36.3437
Epoch [ 662/1200] -> Loss: 36.4305
Epoch [ 663/1200] -> Loss: 36.4194
Epoch [ 664/1200] -> Loss: 36.2739
Epoch [ 665/1200] -> Loss: 36.5059
Epoch [ 666/1200] -> Loss: 36.5643
Epoch [ 667/1200] -> Loss: 36.4758
Epoch [ 668/1200] -> Loss: 36.6011
Epoch [ 669/1200] -> Loss: 36.3776
Epoch [ 670/1200] -> Loss: 36.3956
Epoch [ 671/1200] -> Loss: 36.6226
Epoch [ 672/1200] -> Loss: 36.5082
Epoch [ 673/1200] -> Loss: 36.3875
Epoch [ 674/1200] -> Loss: 36.6200
Epoch [ 675/1200] -> Loss: 36.0752
Epoch [ 676/1200] -> Loss: 36.6563
Epoch [ 677/1200] -> Loss: 36.4997
Epoch [ 678/1200] -> Loss: 36.2877
Epoch [ 679/1200] -> Loss: 36.5666
Epoch [ 680/1200] -> Loss: 36.3770
Epoch [ 681/1200] -> Loss: 36.3508
Epoch [ 682/1200] -> Loss: 36.3251
Epoch [ 683/1200] -> Loss: 36.3493
Epoch [ 684/1200] -> Loss: 36.3893
Epoch [ 685/1200] -> Loss: 36.4126
Epoch [ 686/1200] -> Loss: 36.4503
Epoch [ 687/1200] -> Loss: 36.4982
Epoch [ 688/1200] -> Loss: 36.5132
Epoch [ 689/1200] -> Loss: 36.2447
Epoch [ 690/1200] -> Loss: 36.3264
Epoch [ 691/1200] -> Loss: 36.3740
Epoch [ 692/1200] -> Loss: 36.7163
Epoch [ 693/1200] -> Loss: 36.1800
Epoch [ 694/1200] -> Loss: 36.5742
Epoch [ 695/1200] -> Loss: 36.6784
Epoch [ 696/1200] -> Loss: 36.5705
Epoch [ 697/1200] -> Loss: 36.7898
Epoch [ 698/1200] -> Loss: 36.6215
Epoch [ 699/1200] -> Loss: 36.3151
----------------------------------------------------------------
Model checkpoint saved as FFNN_700.pth
----------------------------------------------------------------
Epoch [ 700/1200] -> Loss: 36.7128
Epoch [ 701/1200] -> Loss: 36.4574
Epoch [ 702/1200] -> Loss: 36.3425
Epoch [ 703/1200] -> Loss: 36.5655
Epoch [ 704/1200] -> Loss: 36.2509
Epoch [ 705/1200] -> Loss: 36.3022
Epoch [ 706/1200] -> Loss: 36.4875
Epoch [ 707/1200] -> Loss: 36.3291
Epoch [ 708/1200] -> Loss: 36.3462
Epoch [ 709/1200] -> Loss: 36.1364
Epoch [ 710/1200] -> Loss: 36.2117
Epoch [ 711/1200] -> Loss: 36.2932
Epoch [ 712/1200] -> Loss: 36.3708
Epoch [ 713/1200] -> Loss: 36.2287
Epoch [ 714/1200] -> Loss: 36.1606
Epoch [ 715/1200] -> Loss: 36.6526
Epoch [ 716/1200] -> Loss: 36.5958
Epoch [ 717/1200] -> Loss: 36.6441
Epoch [ 718/1200] -> Loss: 36.3589
Epoch [ 719/1200] -> Loss: 36.4796
Epoch [ 720/1200] -> Loss: 36.5043
Epoch [ 721/1200] -> Loss: 36.3165
Epoch [ 722/1200] -> Loss: 36.6285
Epoch [ 723/1200] -> Loss: 36.6350
Epoch [ 724/1200] -> Loss: 36.6164
Epoch [ 725/1200] -> Loss: 36.3656
Epoch [ 726/1200] -> Loss: 36.5283
Epoch [ 727/1200] -> Loss: 36.4287
Epoch [ 728/1200] -> Loss: 36.4580
Epoch [ 729/1200] -> Loss: 36.6386
Epoch [ 730/1200] -> Loss: 36.4972
Epoch [ 731/1200] -> Loss: 36.3957
Epoch [ 732/1200] -> Loss: 36.1943
Epoch [ 733/1200] -> Loss: 36.1869
Epoch [ 734/1200] -> Loss: 36.3764
Epoch [ 735/1200] -> Loss: 36.4138
Epoch [ 736/1200] -> Loss: 36.3739
Epoch [ 737/1200] -> Loss: 36.2269
Epoch [ 738/1200] -> Loss: 36.7147
Epoch [ 739/1200] -> Loss: 36.4060
Epoch [ 740/1200] -> Loss: 36.2193
Epoch [ 741/1200] -> Loss: 36.3703
Epoch [ 742/1200] -> Loss: 36.3337
Epoch [ 743/1200] -> Loss: 36.1224
Epoch [ 744/1200] -> Loss: 36.2776
Epoch [ 745/1200] -> Loss: 36.5406
Epoch [ 746/1200] -> Loss: 36.2628
Epoch [ 747/1200] -> Loss: 36.5497
Epoch [ 748/1200] -> Loss: 36.5516
Epoch [ 749/1200] -> Loss: 36.3874
Epoch [ 750/1200] -> Loss: 36.5266
Epoch [ 751/1200] -> Loss: 36.4620
Epoch [ 752/1200] -> Loss: 36.3086
Epoch [ 753/1200] -> Loss: 36.2807
Epoch [ 754/1200] -> Loss: 36.4542
Epoch [ 755/1200] -> Loss: 36.3062
Epoch [ 756/1200] -> Loss: 36.1251
Epoch [ 757/1200] -> Loss: 36.5542
Epoch [ 758/1200] -> Loss: 36.2475
Epoch [ 759/1200] -> Loss: 36.2272
Epoch [ 760/1200] -> Loss: 36.5077
Epoch [ 761/1200] -> Loss: 36.5514
Epoch [ 762/1200] -> Loss: 36.4604
Epoch [ 763/1200] -> Loss: 36.4491
Epoch [ 764/1200] -> Loss: 36.3961
Epoch [ 765/1200] -> Loss: 36.4208
Epoch [ 766/1200] -> Loss: 36.4003
Epoch [ 767/1200] -> Loss: 36.2880
Epoch [ 768/1200] -> Loss: 36.2971
Epoch [ 769/1200] -> Loss: 36.2051
Epoch [ 770/1200] -> Loss: 36.5130
Epoch [ 771/1200] -> Loss: 36.7262
Epoch [ 772/1200] -> Loss: 36.2234
Epoch [ 773/1200] -> Loss: 36.4728
Epoch [ 774/1200] -> Loss: 36.3685
Epoch [ 775/1200] -> Loss: 36.5994
Epoch [ 776/1200] -> Loss: 36.6163
Epoch [ 777/1200] -> Loss: 36.4433
Epoch [ 778/1200] -> Loss: 36.4290
Epoch [ 779/1200] -> Loss: 36.5295
Epoch [ 780/1200] -> Loss: 36.6283
Epoch [ 781/1200] -> Loss: 36.4932
Epoch [ 782/1200] -> Loss: 36.3237
Epoch [ 783/1200] -> Loss: 36.3435
Epoch [ 784/1200] -> Loss: 36.5953
Epoch [ 785/1200] -> Loss: 36.2664
Epoch [ 786/1200] -> Loss: 36.4191
Epoch [ 787/1200] -> Loss: 36.3723
Epoch [ 788/1200] -> Loss: 36.5532
Epoch [ 789/1200] -> Loss: 36.2494
Epoch [ 790/1200] -> Loss: 36.6644
Epoch [ 791/1200] -> Loss: 36.5239
Epoch [ 792/1200] -> Loss: 36.5212
Epoch [ 793/1200] -> Loss: 36.1813
Epoch [ 794/1200] -> Loss: 36.5834
Epoch [ 795/1200] -> Loss: 36.7167
Epoch [ 796/1200] -> Loss: 36.4486
Epoch [ 797/1200] -> Loss: 36.6336
Epoch [ 798/1200] -> Loss: 36.3247
Epoch [ 799/1200] -> Loss: 36.4319
----------------------------------------------------------------
Model checkpoint saved as FFNN_800.pth
----------------------------------------------------------------
Epoch [ 800/1200] -> Loss: 36.3497
Epoch [ 801/1200] -> Loss: 36.6386
Epoch [ 802/1200] -> Loss: 36.4157
Epoch [ 803/1200] -> Loss: 36.3809
Epoch [ 804/1200] -> Loss: 36.3445
Epoch [ 805/1200] -> Loss: 36.4832
Epoch [ 806/1200] -> Loss: 36.4376
Epoch [ 807/1200] -> Loss: 36.2899
Epoch [ 808/1200] -> Loss: 36.5402
Epoch [ 809/1200] -> Loss: 36.3961
Epoch [ 810/1200] -> Loss: 36.2768
Epoch [ 811/1200] -> Loss: 36.4834
Epoch [ 812/1200] -> Loss: 36.4872
Epoch [ 813/1200] -> Loss: 36.5034
Epoch [ 814/1200] -> Loss: 36.7134
Epoch [ 815/1200] -> Loss: 36.3948
Epoch [ 816/1200] -> Loss: 36.6304
Epoch [ 817/1200] -> Loss: 36.4666
Epoch [ 818/1200] -> Loss: 36.3697
Epoch [ 819/1200] -> Loss: 36.2457
Epoch [ 820/1200] -> Loss: 36.6630
Epoch [ 821/1200] -> Loss: 36.2432
Epoch [ 822/1200] -> Loss: 36.7613
Epoch [ 823/1200] -> Loss: 36.3812
Epoch [ 824/1200] -> Loss: 36.5373
Epoch [ 825/1200] -> Loss: 36.6822
Epoch [ 826/1200] -> Loss: 36.4751
Epoch [ 827/1200] -> Loss: 36.7473
Epoch [ 828/1200] -> Loss: 36.3586
Epoch [ 829/1200] -> Loss: 36.4844
Epoch [ 830/1200] -> Loss: 36.5007
Epoch [ 831/1200] -> Loss: 36.0083
Epoch [ 832/1200] -> Loss: 36.5335
Epoch [ 833/1200] -> Loss: 36.4837
Epoch [ 834/1200] -> Loss: 36.5361
Epoch [ 835/1200] -> Loss: 36.5210
Epoch [ 836/1200] -> Loss: 36.4029
Epoch [ 837/1200] -> Loss: 36.5536
Epoch [ 838/1200] -> Loss: 36.4832
Epoch [ 839/1200] -> Loss: 36.5475
Epoch [ 840/1200] -> Loss: 36.3424
Epoch [ 841/1200] -> Loss: 36.3224
Epoch [ 842/1200] -> Loss: 36.2449
Epoch [ 843/1200] -> Loss: 36.0735
Epoch [ 844/1200] -> Loss: 36.3090
Epoch [ 845/1200] -> Loss: 36.3571
Epoch [ 846/1200] -> Loss: 36.4118
Epoch [ 847/1200] -> Loss: 36.2347
Epoch [ 848/1200] -> Loss: 36.1808
Epoch [ 849/1200] -> Loss: 36.3346
Epoch [ 850/1200] -> Loss: 36.2326
Epoch [ 851/1200] -> Loss: 36.3822
Epoch [ 852/1200] -> Loss: 36.5326
Epoch [ 853/1200] -> Loss: 36.5938
Epoch [ 854/1200] -> Loss: 36.5225
Epoch [ 855/1200] -> Loss: 36.3442
Epoch [ 856/1200] -> Loss: 36.2995
Epoch [ 857/1200] -> Loss: 36.4992
Epoch [ 858/1200] -> Loss: 36.5386
Epoch [ 859/1200] -> Loss: 36.4135
Epoch [ 860/1200] -> Loss: 36.5120
Epoch [ 861/1200] -> Loss: 36.6619
Epoch [ 862/1200] -> Loss: 36.5146
Epoch [ 863/1200] -> Loss: 36.4107
Epoch [ 864/1200] -> Loss: 36.5320
Epoch [ 865/1200] -> Loss: 36.3192
Epoch [ 866/1200] -> Loss: 36.9302
Epoch [ 867/1200] -> Loss: 36.1378
Epoch [ 868/1200] -> Loss: 36.4825
Epoch [ 869/1200] -> Loss: 36.4060
Epoch [ 870/1200] -> Loss: 36.3214
Epoch [ 871/1200] -> Loss: 36.5218
Epoch [ 872/1200] -> Loss: 36.4381
Epoch [ 873/1200] -> Loss: 36.7453
Epoch [ 874/1200] -> Loss: 36.2511
Epoch [ 875/1200] -> Loss: 36.6585
Epoch [ 876/1200] -> Loss: 36.3795
Epoch [ 877/1200] -> Loss: 36.5942
Epoch [ 878/1200] -> Loss: 36.6087
Epoch [ 879/1200] -> Loss: 36.6936
Epoch [ 880/1200] -> Loss: 36.3580
Epoch [ 881/1200] -> Loss: 36.3905
Epoch [ 882/1200] -> Loss: 36.4698
Epoch [ 883/1200] -> Loss: 36.5013
Epoch [ 884/1200] -> Loss: 36.7141
Epoch [ 885/1200] -> Loss: 36.5229
Epoch [ 886/1200] -> Loss: 36.5316
Epoch [ 887/1200] -> Loss: 36.4505
Epoch [ 888/1200] -> Loss: 36.4717
Epoch [ 889/1200] -> Loss: 36.1990
Epoch [ 890/1200] -> Loss: 36.4626
Epoch [ 891/1200] -> Loss: 36.4059
Epoch [ 892/1200] -> Loss: 36.3285
Epoch [ 893/1200] -> Loss: 36.6812
Epoch [ 894/1200] -> Loss: 36.5237
Epoch [ 895/1200] -> Loss: 36.4574
Epoch [ 896/1200] -> Loss: 36.5432
Epoch [ 897/1200] -> Loss: 36.3272
Epoch [ 898/1200] -> Loss: 36.3861
Epoch [ 899/1200] -> Loss: 36.5378
----------------------------------------------------------------
Model checkpoint saved as FFNN_900.pth
----------------------------------------------------------------
Epoch [ 900/1200] -> Loss: 36.4114
Epoch [ 901/1200] -> Loss: 36.3799
Epoch [ 902/1200] -> Loss: 36.4772
Epoch [ 903/1200] -> Loss: 36.4383
Epoch [ 904/1200] -> Loss: 36.4742
Epoch [ 905/1200] -> Loss: 36.5618
Epoch [ 906/1200] -> Loss: 36.3782
Epoch [ 907/1200] -> Loss: 36.4006
Epoch [ 908/1200] -> Loss: 36.6719
Epoch [ 909/1200] -> Loss: 36.4424
Epoch [ 910/1200] -> Loss: 36.1379
Epoch [ 911/1200] -> Loss: 36.5753
Epoch [ 912/1200] -> Loss: 36.5847
Epoch [ 913/1200] -> Loss: 36.3682
Epoch [ 914/1200] -> Loss: 36.5253
Epoch [ 915/1200] -> Loss: 36.6116
Epoch [ 916/1200] -> Loss: 36.4187
Epoch [ 917/1200] -> Loss: 36.5170
Epoch [ 918/1200] -> Loss: 36.4312
Epoch [ 919/1200] -> Loss: 36.5131
Epoch [ 920/1200] -> Loss: 36.3789
Epoch [ 921/1200] -> Loss: 36.2017
Epoch [ 922/1200] -> Loss: 36.0750
Epoch [ 923/1200] -> Loss: 36.4003
Epoch [ 924/1200] -> Loss: 36.3582
Epoch [ 925/1200] -> Loss: 36.1185
Epoch [ 926/1200] -> Loss: 36.7185
Epoch [ 927/1200] -> Loss: 36.7215
Epoch [ 928/1200] -> Loss: 36.5973
Epoch [ 929/1200] -> Loss: 36.6484
Epoch [ 930/1200] -> Loss: 36.6458
Epoch [ 931/1200] -> Loss: 36.1510
Epoch [ 932/1200] -> Loss: 36.3979
Epoch [ 933/1200] -> Loss: 36.7429
Epoch [ 934/1200] -> Loss: 36.3517
Epoch [ 935/1200] -> Loss: 36.2938
Epoch [ 936/1200] -> Loss: 36.2539
Epoch [ 937/1200] -> Loss: 36.3166
Epoch [ 938/1200] -> Loss: 36.4650
Epoch [ 939/1200] -> Loss: 36.4408
Epoch [ 940/1200] -> Loss: 36.4463
Epoch [ 941/1200] -> Loss: 36.8101
Epoch [ 942/1200] -> Loss: 36.5973
Epoch [ 943/1200] -> Loss: 36.4754
Epoch [ 944/1200] -> Loss: 36.5586
Epoch [ 945/1200] -> Loss: 36.3219
Epoch [ 946/1200] -> Loss: 36.5511
Epoch [ 947/1200] -> Loss: 36.3483
Epoch [ 948/1200] -> Loss: 36.2188
Epoch [ 949/1200] -> Loss: 36.4439
Epoch [ 950/1200] -> Loss: 36.6040
Epoch [ 951/1200] -> Loss: 36.4497
Epoch [ 952/1200] -> Loss: 36.6623
Epoch [ 953/1200] -> Loss: 36.3143
Epoch [ 954/1200] -> Loss: 36.2703
Epoch [ 955/1200] -> Loss: 36.6013
Epoch [ 956/1200] -> Loss: 36.0773
Epoch [ 957/1200] -> Loss: 36.4787
Epoch [ 958/1200] -> Loss: 36.3248
Epoch [ 959/1200] -> Loss: 36.4651
Epoch [ 960/1200] -> Loss: 36.3899
Epoch [ 961/1200] -> Loss: 36.6764
Epoch [ 962/1200] -> Loss: 36.6218
Epoch [ 963/1200] -> Loss: 36.2602
Epoch [ 964/1200] -> Loss: 36.3082
Epoch [ 965/1200] -> Loss: 36.5292
Epoch [ 966/1200] -> Loss: 36.6281
Epoch [ 967/1200] -> Loss: 36.3452
Epoch [ 968/1200] -> Loss: 36.4295
Epoch [ 969/1200] -> Loss: 36.2492
Epoch [ 970/1200] -> Loss: 35.9969
Epoch [ 971/1200] -> Loss: 36.3965
Epoch [ 972/1200] -> Loss: 36.4779
Epoch [ 973/1200] -> Loss: 36.4493
Epoch [ 974/1200] -> Loss: 36.4990
Epoch [ 975/1200] -> Loss: 36.4504
Epoch [ 976/1200] -> Loss: 36.3799
Epoch [ 977/1200] -> Loss: 36.2954
Epoch [ 978/1200] -> Loss: 36.4132
Epoch [ 979/1200] -> Loss: 36.3485
Epoch [ 980/1200] -> Loss: 36.4468
Epoch [ 981/1200] -> Loss: 36.4235
Epoch [ 982/1200] -> Loss: 36.4526
Epoch [ 983/1200] -> Loss: 36.2039
Epoch [ 984/1200] -> Loss: 36.7736
Epoch [ 985/1200] -> Loss: 36.6094
Epoch [ 986/1200] -> Loss: 36.5919
Epoch [ 987/1200] -> Loss: 36.5068
Epoch [ 988/1200] -> Loss: 36.7489
Epoch [ 989/1200] -> Loss: 36.2045
Epoch [ 990/1200] -> Loss: 36.4684
Epoch [ 991/1200] -> Loss: 36.5330
Epoch [ 992/1200] -> Loss: 36.2972
Epoch [ 993/1200] -> Loss: 36.6122
Epoch [ 994/1200] -> Loss: 36.2440
Epoch [ 995/1200] -> Loss: 36.2945
Epoch [ 996/1200] -> Loss: 36.2470
Epoch [ 997/1200] -> Loss: 36.4529
Epoch [ 998/1200] -> Loss: 36.5883
Epoch [ 999/1200] -> Loss: 36.3396
----------------------------------------------------------------
Model checkpoint saved as FFNN_1000.pth
----------------------------------------------------------------
Epoch [1000/1200] -> Loss: 36.6311
Epoch [1001/1200] -> Loss: 36.6876
Epoch [1002/1200] -> Loss: 36.6672
Epoch [1003/1200] -> Loss: 36.0794
Epoch [1004/1200] -> Loss: 36.5997
Epoch [1005/1200] -> Loss: 36.4702
Epoch [1006/1200] -> Loss: 36.2439
Epoch [1007/1200] -> Loss: 36.3557
Epoch [1008/1200] -> Loss: 36.6263
Epoch [1009/1200] -> Loss: 36.5099
Epoch [1010/1200] -> Loss: 36.2701
Epoch [1011/1200] -> Loss: 36.2594
Epoch [1012/1200] -> Loss: 36.5819
Epoch [1013/1200] -> Loss: 36.5343
Epoch [1014/1200] -> Loss: 36.5411
Epoch [1015/1200] -> Loss: 36.5548
Epoch [1016/1200] -> Loss: 36.2550
Epoch [1017/1200] -> Loss: 36.5317
Epoch [1018/1200] -> Loss: 36.6107
Epoch [1019/1200] -> Loss: 36.5994
Epoch [1020/1200] -> Loss: 36.3921
Epoch [1021/1200] -> Loss: 36.3691
Epoch [1022/1200] -> Loss: 36.3623
Epoch [1023/1200] -> Loss: 36.5728
Epoch [1024/1200] -> Loss: 36.4559
Epoch [1025/1200] -> Loss: 36.5558
Epoch [1026/1200] -> Loss: 36.4078
Epoch [1027/1200] -> Loss: 36.2807
Epoch [1028/1200] -> Loss: 36.4910
Epoch [1029/1200] -> Loss: 36.4407
Epoch [1030/1200] -> Loss: 36.2590
Epoch [1031/1200] -> Loss: 36.4578
Epoch [1032/1200] -> Loss: 36.3413
Epoch [1033/1200] -> Loss: 36.3346
Epoch [1034/1200] -> Loss: 36.3176
Epoch [1035/1200] -> Loss: 36.5195
Epoch [1036/1200] -> Loss: 36.4574
Epoch [1037/1200] -> Loss: 36.6372
Epoch [1038/1200] -> Loss: 36.5471
Epoch [1039/1200] -> Loss: 36.3968
Epoch [1040/1200] -> Loss: 36.5613
Epoch [1041/1200] -> Loss: 36.5016
Epoch [1042/1200] -> Loss: 36.5500
Epoch [1043/1200] -> Loss: 36.6979
Epoch [1044/1200] -> Loss: 36.3909
Epoch [1045/1200] -> Loss: 36.2107
Epoch [1046/1200] -> Loss: 36.5669
Epoch [1047/1200] -> Loss: 36.3511
Epoch [1048/1200] -> Loss: 36.4408
Epoch [1049/1200] -> Loss: 36.1163
Epoch [1050/1200] -> Loss: 36.5674
Epoch [1051/1200] -> Loss: 36.4307
Epoch [1052/1200] -> Loss: 36.4412
Epoch [1053/1200] -> Loss: 36.2664
Epoch [1054/1200] -> Loss: 36.4878
Epoch [1055/1200] -> Loss: 36.6563
Epoch [1056/1200] -> Loss: 36.6037
Epoch [1057/1200] -> Loss: 36.5306
Epoch [1058/1200] -> Loss: 36.4586
Epoch [1059/1200] -> Loss: 36.6173
Epoch [1060/1200] -> Loss: 36.7350
Epoch [1061/1200] -> Loss: 36.3150
Epoch [1062/1200] -> Loss: 36.1901
Epoch [1063/1200] -> Loss: 36.5794
Epoch [1064/1200] -> Loss: 36.4267
Epoch [1065/1200] -> Loss: 36.1033
Epoch [1066/1200] -> Loss: 36.3685
Epoch [1067/1200] -> Loss: 36.5383
Epoch [1068/1200] -> Loss: 36.3801
Epoch [1069/1200] -> Loss: 36.5246
Epoch [1070/1200] -> Loss: 36.2866
Epoch [1071/1200] -> Loss: 36.4163
Epoch [1072/1200] -> Loss: 36.1684
Epoch [1073/1200] -> Loss: 36.3743
Epoch [1074/1200] -> Loss: 36.4042
Epoch [1075/1200] -> Loss: 36.3204
Epoch [1076/1200] -> Loss: 36.6532
Epoch [1077/1200] -> Loss: 36.3328
Epoch [1078/1200] -> Loss: 36.7735
Epoch [1079/1200] -> Loss: 36.4931
Epoch [1080/1200] -> Loss: 36.5612
Epoch [1081/1200] -> Loss: 36.3567
Epoch [1082/1200] -> Loss: 36.4701
Epoch [1083/1200] -> Loss: 36.4264
Epoch [1084/1200] -> Loss: 36.1909
Epoch [1085/1200] -> Loss: 36.5370
Epoch [1086/1200] -> Loss: 36.5496
Epoch [1087/1200] -> Loss: 36.5839
Epoch [1088/1200] -> Loss: 36.7353
Epoch [1089/1200] -> Loss: 36.4417
Epoch [1090/1200] -> Loss: 36.5364
Epoch [1091/1200] -> Loss: 36.2479
Epoch [1092/1200] -> Loss: 36.5984
Epoch [1093/1200] -> Loss: 36.4700
Epoch [1094/1200] -> Loss: 36.4180
Epoch [1095/1200] -> Loss: 36.3495
Epoch [1096/1200] -> Loss: 36.3792
Epoch [1097/1200] -> Loss: 36.3658
Epoch [1098/1200] -> Loss: 36.3470
Epoch [1099/1200] -> Loss: 36.6181
----------------------------------------------------------------
Model checkpoint saved as FFNN_1100.pth
----------------------------------------------------------------
Epoch [1100/1200] -> Loss: 36.3543
Epoch [1101/1200] -> Loss: 36.5774
Epoch [1102/1200] -> Loss: 36.4497
Epoch [1103/1200] -> Loss: 36.4934
Epoch [1104/1200] -> Loss: 36.4977
Epoch [1105/1200] -> Loss: 36.3307
Epoch [1106/1200] -> Loss: 36.5204
Epoch [1107/1200] -> Loss: 36.3825
Epoch [1108/1200] -> Loss: 36.3957
Epoch [1109/1200] -> Loss: 36.6168
Epoch [1110/1200] -> Loss: 36.3792
Epoch [1111/1200] -> Loss: 36.3768
Epoch [1112/1200] -> Loss: 36.3442
Epoch [1113/1200] -> Loss: 36.3891
Epoch [1114/1200] -> Loss: 36.5075
Epoch [1115/1200] -> Loss: 36.5262
Epoch [1116/1200] -> Loss: 36.5590
Epoch [1117/1200] -> Loss: 36.5203
Epoch [1118/1200] -> Loss: 36.6158
Epoch [1119/1200] -> Loss: 36.3920
Epoch [1120/1200] -> Loss: 36.3888
Epoch [1121/1200] -> Loss: 36.4551
Epoch [1122/1200] -> Loss: 36.1358
Epoch [1123/1200] -> Loss: 36.5694
Epoch [1124/1200] -> Loss: 36.1814
Epoch [1125/1200] -> Loss: 36.4776
Epoch [1126/1200] -> Loss: 36.4542
Epoch [1127/1200] -> Loss: 36.5462
Epoch [1128/1200] -> Loss: 36.5951
Epoch [1129/1200] -> Loss: 36.5958
Epoch [1130/1200] -> Loss: 36.4528
Epoch [1131/1200] -> Loss: 36.2450
Epoch [1132/1200] -> Loss: 36.5311
Epoch [1133/1200] -> Loss: 36.3819
Epoch [1134/1200] -> Loss: 36.7112
Epoch [1135/1200] -> Loss: 36.4466
Epoch [1136/1200] -> Loss: 36.2488
Epoch [1137/1200] -> Loss: 36.7427
Epoch [1138/1200] -> Loss: 36.3814
Epoch [1139/1200] -> Loss: 36.2734
Epoch [1140/1200] -> Loss: 36.2316
Epoch [1141/1200] -> Loss: 36.2865
Epoch [1142/1200] -> Loss: 36.4436
Epoch [1143/1200] -> Loss: 36.4731
Epoch [1144/1200] -> Loss: 36.3074
Epoch [1145/1200] -> Loss: 36.3803
Epoch [1146/1200] -> Loss: 36.3845
Epoch [1147/1200] -> Loss: 36.6917
Epoch [1148/1200] -> Loss: 36.2730
Epoch [1149/1200] -> Loss: 36.3121
Epoch [1150/1200] -> Loss: 36.5701
Epoch [1151/1200] -> Loss: 36.1605
Epoch [1152/1200] -> Loss: 36.2827
Epoch [1153/1200] -> Loss: 36.5183
Epoch [1154/1200] -> Loss: 36.3922
Epoch [1155/1200] -> Loss: 36.4578
Epoch [1156/1200] -> Loss: 36.3369
Epoch [1157/1200] -> Loss: 36.4294
Epoch [1158/1200] -> Loss: 36.5458
Epoch [1159/1200] -> Loss: 36.4679
Epoch [1160/1200] -> Loss: 36.7885
Epoch [1161/1200] -> Loss: 36.4840
Epoch [1162/1200] -> Loss: 36.1871
Epoch [1163/1200] -> Loss: 36.4301
Epoch [1164/1200] -> Loss: 36.8671
Epoch [1165/1200] -> Loss: 36.2326
Epoch [1166/1200] -> Loss: 36.4974
Epoch [1167/1200] -> Loss: 36.5277
Epoch [1168/1200] -> Loss: 36.4163
Epoch [1169/1200] -> Loss: 36.4876
Epoch [1170/1200] -> Loss: 36.3647
Epoch [1171/1200] -> Loss: 36.4098
Epoch [1172/1200] -> Loss: 36.1678
Epoch [1173/1200] -> Loss: 36.5659
Epoch [1174/1200] -> Loss: 36.3361
Epoch [1175/1200] -> Loss: 36.4547
Epoch [1176/1200] -> Loss: 36.4432
Epoch [1177/1200] -> Loss: 36.4393
Epoch [1178/1200] -> Loss: 36.2000
Epoch [1179/1200] -> Loss: 36.6948
Epoch [1180/1200] -> Loss: 36.4984
Epoch [1181/1200] -> Loss: 36.5120
Epoch [1182/1200] -> Loss: 36.4477
Epoch [1183/1200] -> Loss: 36.6262
Epoch [1184/1200] -> Loss: 36.6602
Epoch [1185/1200] -> Loss: 36.3152
Epoch [1186/1200] -> Loss: 36.2895
Epoch [1187/1200] -> Loss: 36.3595
Epoch [1188/1200] -> Loss: 36.6930
Epoch [1189/1200] -> Loss: 36.4306
Epoch [1190/1200] -> Loss: 36.3554
Epoch [1191/1200] -> Loss: 36.5234
Epoch [1192/1200] -> Loss: 36.3005
Epoch [1193/1200] -> Loss: 36.3557
Epoch [1194/1200] -> Loss: 36.3473
Epoch [1195/1200] -> Loss: 36.4611
Epoch [1196/1200] -> Loss: 36.4078
Epoch [1197/1200] -> Loss: 36.6094
Epoch [1198/1200] -> Loss: 36.5392
Epoch [1199/1200] -> Loss: 36.0762
----------------------------------------------------------------
Model checkpoint saved as FFNN_1200.pth
----------------------------------------------------------------
Epoch [1200/1200] -> Loss: 36.6250
----------------------------------------------------------------
Training finished successfully.
        Saved model checkpoints can be found in: /home/extern/Documents/Research/scripts/models/
        Saved data/loss graphs can be found in: /home/extern/Documents/Research/scripts/graphs/
----------------------------------------------------------------
Plotting data...
