Usage: python3 SSN_predictor.py <path_to_ssn_datafile> <path_to_aa_datafile>
----------------------------------------------------------------
Code running on device: cuda
----------------------------------------------------------------
Data loaded from file locations :
    SSN - /home/extern/Documents/Research/scripts/data/SILSO/TSN/SN_m_tot_V2.0.txt
    AA - /home/extern/Documents/Research/scripts/data/ISGI/aa_1869-01-01_2018-12-31_D.dat
----------------------------------------------------------------
Solar cycle data loaded/saved as: cycle_data.pickle
----------------------------------------------------------------
Selected model: FFNN(
  (model): Sequential(
    (0): Linear(in_features=6, out_features=6, bias=True)
    (1): LeakyReLU(negative_slope=0.01, inplace=True)
    (2): Linear(in_features=6, out_features=3, bias=True)
    (3): LeakyReLU(negative_slope=0.01, inplace=True)
    (4): Linear(in_features=3, out_features=1, bias=True)
  )
)    Training mode: True    Testing mode: False
----------------------------------------------------------------
Pre-trained model available, loading model weights
----------------------------------------------------------------
Training model with: num_epochs=1200, start_lr=0.0005
Epoch [   1/1200] -> Loss: 36.8542
Epoch [   2/1200] -> Loss: 36.8334
Epoch [   3/1200] -> Loss: 36.5050
Epoch [   4/1200] -> Loss: 36.3044
Epoch [   5/1200] -> Loss: 36.5243
Epoch [   6/1200] -> Loss: 36.2719
Epoch [   7/1200] -> Loss: 36.3820
Epoch [   8/1200] -> Loss: 36.2951
Epoch [   9/1200] -> Loss: 36.4325
Epoch [  10/1200] -> Loss: 36.3748
Epoch [  11/1200] -> Loss: 36.3648
Epoch [  12/1200] -> Loss: 36.3572
Epoch [  13/1200] -> Loss: 36.1725
Epoch [  14/1200] -> Loss: 36.4231
Epoch [  15/1200] -> Loss: 36.6351
Epoch [  16/1200] -> Loss: 36.6077
Epoch [  17/1200] -> Loss: 36.4338
Epoch [  18/1200] -> Loss: 36.2323
Epoch [  19/1200] -> Loss: 36.4801
Epoch [  20/1200] -> Loss: 36.3857
Epoch [  21/1200] -> Loss: 36.4793
Epoch [  22/1200] -> Loss: 36.3069
Epoch [  23/1200] -> Loss: 36.4935
Epoch [  24/1200] -> Loss: 36.0812
Epoch [  25/1200] -> Loss: 36.5609
Epoch [  26/1200] -> Loss: 36.1586
Epoch [  27/1200] -> Loss: 36.2086
Epoch [  28/1200] -> Loss: 36.0010
Epoch [  29/1200] -> Loss: 36.3610
Epoch [  30/1200] -> Loss: 36.4708
Epoch [  31/1200] -> Loss: 36.4806
Epoch [  32/1200] -> Loss: 36.3405
Epoch [  33/1200] -> Loss: 36.3831
Epoch [  34/1200] -> Loss: 36.2649
Epoch [  35/1200] -> Loss: 36.3703
Epoch [  36/1200] -> Loss: 36.2339
Epoch [  37/1200] -> Loss: 36.1731
Epoch [  38/1200] -> Loss: 35.9065
Epoch [  39/1200] -> Loss: 36.0782
Epoch [  40/1200] -> Loss: 36.4135
Epoch [  41/1200] -> Loss: 36.3425
Epoch [  42/1200] -> Loss: 36.2509
Epoch [  43/1200] -> Loss: 36.2304
Epoch [  44/1200] -> Loss: 36.3707
Epoch [  45/1200] -> Loss: 36.4173
Epoch [  46/1200] -> Loss: 36.3388
Epoch [  47/1200] -> Loss: 36.1080
Epoch [  48/1200] -> Loss: 36.0901
Epoch    49: reducing learning rate of group 0 to 2.5000e-04.
Epoch [  49/1200] -> Loss: 36.6746
Epoch [  50/1200] -> Loss: 36.3488
Epoch [  51/1200] -> Loss: 36.2693
Epoch [  52/1200] -> Loss: 36.2606
Epoch [  53/1200] -> Loss: 35.9097
Epoch [  54/1200] -> Loss: 35.8689
Epoch [  55/1200] -> Loss: 36.1053
Epoch [  56/1200] -> Loss: 35.9321
Epoch [  57/1200] -> Loss: 36.2968
Epoch [  58/1200] -> Loss: 36.1700
Epoch [  59/1200] -> Loss: 36.0881
Epoch [  60/1200] -> Loss: 35.8838
Epoch [  61/1200] -> Loss: 36.1142
Epoch [  62/1200] -> Loss: 36.1953
Epoch [  63/1200] -> Loss: 36.1317
Epoch [  64/1200] -> Loss: 36.1936
Epoch    65: reducing learning rate of group 0 to 1.2500e-04.
Epoch [  65/1200] -> Loss: 36.3350
Epoch [  66/1200] -> Loss: 36.2737
Epoch [  67/1200] -> Loss: 36.0727
Epoch [  68/1200] -> Loss: 35.9514
Epoch [  69/1200] -> Loss: 35.9411
Epoch [  70/1200] -> Loss: 36.1020
Epoch [  71/1200] -> Loss: 35.7590
Epoch [  72/1200] -> Loss: 36.1451
Epoch [  73/1200] -> Loss: 36.0654
Epoch [  74/1200] -> Loss: 35.9935
Epoch [  75/1200] -> Loss: 36.0367
Epoch [  76/1200] -> Loss: 35.9490
Epoch [  77/1200] -> Loss: 35.9850
Epoch [  78/1200] -> Loss: 35.9599
Epoch [  79/1200] -> Loss: 35.7624
Epoch [  80/1200] -> Loss: 36.2655
Epoch [  81/1200] -> Loss: 36.1084
Epoch    82: reducing learning rate of group 0 to 6.2500e-05.
Epoch [  82/1200] -> Loss: 36.1553
Epoch [  83/1200] -> Loss: 36.1777
Epoch [  84/1200] -> Loss: 36.1110
Epoch [  85/1200] -> Loss: 36.4731
Epoch [  86/1200] -> Loss: 35.8077
Epoch [  87/1200] -> Loss: 36.1536
Epoch [  88/1200] -> Loss: 36.1028
Epoch [  89/1200] -> Loss: 35.9819
Epoch [  90/1200] -> Loss: 36.0452
Epoch [  91/1200] -> Loss: 36.0697
Epoch [  92/1200] -> Loss: 36.1486
Epoch    93: reducing learning rate of group 0 to 3.1250e-05.
Epoch [  93/1200] -> Loss: 35.9154
Epoch [  94/1200] -> Loss: 35.8171
Epoch [  95/1200] -> Loss: 35.8809
Epoch [  96/1200] -> Loss: 36.0299
Epoch [  97/1200] -> Loss: 35.8835
Epoch [  98/1200] -> Loss: 35.7834
Epoch [  99/1200] -> Loss: 35.8764
----------------------------------------------------------------
Model checkpoint saved as FFNN_100.pth
----------------------------------------------------------------
Epoch [ 100/1200] -> Loss: 36.0396
Epoch [ 101/1200] -> Loss: 36.0425
Epoch [ 102/1200] -> Loss: 35.7966
Epoch [ 103/1200] -> Loss: 36.1782
Epoch [ 104/1200] -> Loss: 35.7204
Epoch [ 105/1200] -> Loss: 35.9362
Epoch [ 106/1200] -> Loss: 36.1403
Epoch [ 107/1200] -> Loss: 36.0949
Epoch [ 108/1200] -> Loss: 35.9255
Epoch [ 109/1200] -> Loss: 36.1384
Epoch [ 110/1200] -> Loss: 35.8491
Epoch [ 111/1200] -> Loss: 36.1187
Epoch [ 112/1200] -> Loss: 36.1907
Epoch [ 113/1200] -> Loss: 36.1109
Epoch [ 114/1200] -> Loss: 36.2811
Epoch   115: reducing learning rate of group 0 to 1.5625e-05.
Epoch [ 115/1200] -> Loss: 36.0454
Epoch [ 116/1200] -> Loss: 36.0685
Epoch [ 117/1200] -> Loss: 36.2460
Epoch [ 118/1200] -> Loss: 36.1797
Epoch [ 119/1200] -> Loss: 35.8185
Epoch [ 120/1200] -> Loss: 36.1112
Epoch [ 121/1200] -> Loss: 35.7970
Epoch [ 122/1200] -> Loss: 35.8360
Epoch [ 123/1200] -> Loss: 36.1550
Epoch [ 124/1200] -> Loss: 35.8044
Epoch [ 125/1200] -> Loss: 35.8949
Epoch   126: reducing learning rate of group 0 to 7.8125e-06.
Epoch [ 126/1200] -> Loss: 36.3307
Epoch [ 127/1200] -> Loss: 35.8310
Epoch [ 128/1200] -> Loss: 35.9078
Epoch [ 129/1200] -> Loss: 35.9863
Epoch [ 130/1200] -> Loss: 36.1097
Epoch [ 131/1200] -> Loss: 35.8691
Epoch [ 132/1200] -> Loss: 36.0347
Epoch [ 133/1200] -> Loss: 36.1545
Epoch [ 134/1200] -> Loss: 35.8357
Epoch [ 135/1200] -> Loss: 35.9393
Epoch [ 136/1200] -> Loss: 35.7886
Epoch   137: reducing learning rate of group 0 to 3.9063e-06.
Epoch [ 137/1200] -> Loss: 36.1454
Epoch [ 138/1200] -> Loss: 36.2287
Epoch [ 139/1200] -> Loss: 35.9939
Epoch [ 140/1200] -> Loss: 36.3342
Epoch [ 141/1200] -> Loss: 36.1314
Epoch [ 142/1200] -> Loss: 36.1326
Epoch [ 143/1200] -> Loss: 36.0084
Epoch [ 144/1200] -> Loss: 36.0611
Epoch [ 145/1200] -> Loss: 36.0301
Epoch [ 146/1200] -> Loss: 36.0056
Epoch [ 147/1200] -> Loss: 36.3089
Epoch   148: reducing learning rate of group 0 to 1.9531e-06.
Epoch [ 148/1200] -> Loss: 36.1371
Epoch [ 149/1200] -> Loss: 36.1698
Epoch [ 150/1200] -> Loss: 36.0246
Epoch [ 151/1200] -> Loss: 35.7506
Epoch [ 152/1200] -> Loss: 35.8441
Epoch [ 153/1200] -> Loss: 36.2548
Epoch [ 154/1200] -> Loss: 35.8650
Epoch [ 155/1200] -> Loss: 35.9126
Epoch [ 156/1200] -> Loss: 35.7295
Epoch [ 157/1200] -> Loss: 35.9197
Epoch [ 158/1200] -> Loss: 36.3164
Epoch   159: reducing learning rate of group 0 to 9.7656e-07.
Epoch [ 159/1200] -> Loss: 36.2835
Epoch [ 160/1200] -> Loss: 35.9433
Epoch [ 161/1200] -> Loss: 36.0196
Epoch [ 162/1200] -> Loss: 36.1393
Epoch [ 163/1200] -> Loss: 36.0481
Epoch [ 164/1200] -> Loss: 36.0301
Epoch [ 165/1200] -> Loss: 36.0600
Epoch [ 166/1200] -> Loss: 36.2365
Epoch [ 167/1200] -> Loss: 36.0852
Epoch [ 168/1200] -> Loss: 35.8471
Epoch [ 169/1200] -> Loss: 36.1214
Epoch   170: reducing learning rate of group 0 to 4.8828e-07.
Epoch [ 170/1200] -> Loss: 36.0451
Epoch [ 171/1200] -> Loss: 35.9342
Epoch [ 172/1200] -> Loss: 36.4346
Epoch [ 173/1200] -> Loss: 36.0634
Epoch [ 174/1200] -> Loss: 35.9891
Epoch [ 175/1200] -> Loss: 35.9132
Epoch [ 176/1200] -> Loss: 36.0799
Epoch [ 177/1200] -> Loss: 36.1421
Epoch [ 178/1200] -> Loss: 36.4058
Epoch [ 179/1200] -> Loss: 36.0261
Epoch [ 180/1200] -> Loss: 36.1485
Epoch   181: reducing learning rate of group 0 to 2.4414e-07.
Epoch [ 181/1200] -> Loss: 36.3210
Epoch [ 182/1200] -> Loss: 36.0037
Epoch [ 183/1200] -> Loss: 36.0586
Epoch [ 184/1200] -> Loss: 35.8163
Epoch [ 185/1200] -> Loss: 36.2072
Epoch [ 186/1200] -> Loss: 35.9755
Epoch [ 187/1200] -> Loss: 35.8213
Epoch [ 188/1200] -> Loss: 36.1026
Epoch [ 189/1200] -> Loss: 36.1751
Epoch [ 190/1200] -> Loss: 36.2890
Epoch [ 191/1200] -> Loss: 35.8673
Epoch   192: reducing learning rate of group 0 to 1.2207e-07.
Epoch [ 192/1200] -> Loss: 35.8268
Epoch [ 193/1200] -> Loss: 35.8025
Epoch [ 194/1200] -> Loss: 35.7892
Epoch [ 195/1200] -> Loss: 36.0669
Epoch [ 196/1200] -> Loss: 36.1417
Epoch [ 197/1200] -> Loss: 35.9306
Epoch [ 198/1200] -> Loss: 35.8671
Epoch [ 199/1200] -> Loss: 36.1437
----------------------------------------------------------------
Model checkpoint saved as FFNN_200.pth
----------------------------------------------------------------
Epoch [ 200/1200] -> Loss: 36.1542
Epoch [ 201/1200] -> Loss: 36.1200
Epoch [ 202/1200] -> Loss: 36.1514
Epoch   203: reducing learning rate of group 0 to 6.1035e-08.
Epoch [ 203/1200] -> Loss: 36.0730
Epoch [ 204/1200] -> Loss: 36.0723
Epoch [ 205/1200] -> Loss: 35.7224
Epoch [ 206/1200] -> Loss: 35.9268
Epoch [ 207/1200] -> Loss: 35.9921
Epoch [ 208/1200] -> Loss: 36.0397
Epoch [ 209/1200] -> Loss: 35.8359
Epoch [ 210/1200] -> Loss: 36.0073
Epoch [ 211/1200] -> Loss: 35.9641
Epoch [ 212/1200] -> Loss: 36.0578
Epoch [ 213/1200] -> Loss: 36.0335
Epoch   214: reducing learning rate of group 0 to 3.0518e-08.
Epoch [ 214/1200] -> Loss: 36.1872
Epoch [ 215/1200] -> Loss: 35.8792
Epoch [ 216/1200] -> Loss: 36.3163
Epoch [ 217/1200] -> Loss: 36.0705
Epoch [ 218/1200] -> Loss: 36.2389
Epoch [ 219/1200] -> Loss: 36.0883
Epoch [ 220/1200] -> Loss: 35.9293
Epoch [ 221/1200] -> Loss: 36.1037
Epoch [ 222/1200] -> Loss: 36.0151
Epoch [ 223/1200] -> Loss: 35.8170
Epoch [ 224/1200] -> Loss: 36.1246
Epoch   225: reducing learning rate of group 0 to 1.5259e-08.
Epoch [ 225/1200] -> Loss: 36.3085
Epoch [ 226/1200] -> Loss: 35.9267
Epoch [ 227/1200] -> Loss: 36.1232
Epoch [ 228/1200] -> Loss: 36.2901
Epoch [ 229/1200] -> Loss: 36.1092
Epoch [ 230/1200] -> Loss: 36.0692
Epoch [ 231/1200] -> Loss: 36.1115
Epoch [ 232/1200] -> Loss: 36.0148
Epoch [ 233/1200] -> Loss: 35.7952
Epoch [ 234/1200] -> Loss: 36.1635
Epoch [ 235/1200] -> Loss: 36.0695
Epoch [ 236/1200] -> Loss: 36.0695
Epoch [ 237/1200] -> Loss: 36.0933
Epoch [ 238/1200] -> Loss: 35.7972
Epoch [ 239/1200] -> Loss: 36.1006
Epoch [ 240/1200] -> Loss: 35.9273
Epoch [ 241/1200] -> Loss: 35.9775
Epoch [ 242/1200] -> Loss: 36.1812
Epoch [ 243/1200] -> Loss: 35.8738
Epoch [ 244/1200] -> Loss: 35.9605
Epoch [ 245/1200] -> Loss: 36.1797
Epoch [ 246/1200] -> Loss: 36.0345
Epoch [ 247/1200] -> Loss: 35.9734
Epoch [ 248/1200] -> Loss: 36.1462
Epoch [ 249/1200] -> Loss: 35.7849
Epoch [ 250/1200] -> Loss: 36.1159
Epoch [ 251/1200] -> Loss: 36.1053
Epoch [ 252/1200] -> Loss: 36.2431
Epoch [ 253/1200] -> Loss: 35.7693
Epoch [ 254/1200] -> Loss: 36.4776
Epoch [ 255/1200] -> Loss: 36.2259
Epoch [ 256/1200] -> Loss: 35.7532
Epoch [ 257/1200] -> Loss: 35.9856
Epoch [ 258/1200] -> Loss: 35.9391
Epoch [ 259/1200] -> Loss: 36.0125
Epoch [ 260/1200] -> Loss: 35.7559
Epoch [ 261/1200] -> Loss: 36.1598
Epoch [ 262/1200] -> Loss: 36.1165
Epoch [ 263/1200] -> Loss: 36.1557
Epoch [ 264/1200] -> Loss: 35.7331
Epoch [ 265/1200] -> Loss: 36.1692
Epoch [ 266/1200] -> Loss: 35.9658
Epoch [ 267/1200] -> Loss: 36.3454
Epoch [ 268/1200] -> Loss: 36.3275
Epoch [ 269/1200] -> Loss: 36.0271
Epoch [ 270/1200] -> Loss: 36.0622
Epoch [ 271/1200] -> Loss: 36.0318
Epoch [ 272/1200] -> Loss: 35.9988
Epoch [ 273/1200] -> Loss: 36.0196
Epoch [ 274/1200] -> Loss: 35.9589
Epoch [ 275/1200] -> Loss: 36.2773
Epoch [ 276/1200] -> Loss: 36.2155
Epoch [ 277/1200] -> Loss: 35.8690
Epoch [ 278/1200] -> Loss: 35.7239
Epoch [ 279/1200] -> Loss: 35.9556
Epoch [ 280/1200] -> Loss: 36.1159
Epoch [ 281/1200] -> Loss: 36.0920
Epoch [ 282/1200] -> Loss: 35.9578
Epoch [ 283/1200] -> Loss: 36.0121
Epoch [ 284/1200] -> Loss: 36.1755
Epoch [ 285/1200] -> Loss: 36.2149
Epoch [ 286/1200] -> Loss: 36.1587
Epoch [ 287/1200] -> Loss: 36.4537
Epoch [ 288/1200] -> Loss: 35.7888
Epoch [ 289/1200] -> Loss: 36.4945
Epoch [ 290/1200] -> Loss: 35.9055
Epoch [ 291/1200] -> Loss: 36.1709
Epoch [ 292/1200] -> Loss: 36.0775
Epoch [ 293/1200] -> Loss: 36.0614
Epoch [ 294/1200] -> Loss: 35.9316
Epoch [ 295/1200] -> Loss: 36.0651
Epoch [ 296/1200] -> Loss: 36.1777
Epoch [ 297/1200] -> Loss: 36.0975
Epoch [ 298/1200] -> Loss: 35.9971
Epoch [ 299/1200] -> Loss: 36.1593
----------------------------------------------------------------
Model checkpoint saved as FFNN_300.pth
----------------------------------------------------------------
Epoch [ 300/1200] -> Loss: 36.2632
Epoch [ 301/1200] -> Loss: 35.9531
Epoch [ 302/1200] -> Loss: 35.9897
Epoch [ 303/1200] -> Loss: 35.9397
Epoch [ 304/1200] -> Loss: 35.6220
Epoch [ 305/1200] -> Loss: 36.0347
Epoch [ 306/1200] -> Loss: 35.9645
Epoch [ 307/1200] -> Loss: 35.7934
Epoch [ 308/1200] -> Loss: 35.9485
Epoch [ 309/1200] -> Loss: 36.1041
Epoch [ 310/1200] -> Loss: 35.9572
Epoch [ 311/1200] -> Loss: 35.7903
Epoch [ 312/1200] -> Loss: 36.0933
Epoch [ 313/1200] -> Loss: 35.8048
Epoch [ 314/1200] -> Loss: 35.9290
Epoch [ 315/1200] -> Loss: 36.2707
Epoch [ 316/1200] -> Loss: 35.9790
Epoch [ 317/1200] -> Loss: 36.0962
Epoch [ 318/1200] -> Loss: 36.1504
Epoch [ 319/1200] -> Loss: 35.9770
Epoch [ 320/1200] -> Loss: 36.1783
Epoch [ 321/1200] -> Loss: 35.9894
Epoch [ 322/1200] -> Loss: 35.9137
Epoch [ 323/1200] -> Loss: 36.3752
Epoch [ 324/1200] -> Loss: 36.1704
Epoch [ 325/1200] -> Loss: 36.0620
Epoch [ 326/1200] -> Loss: 36.0921
Epoch [ 327/1200] -> Loss: 35.7126
Epoch [ 328/1200] -> Loss: 35.9381
Epoch [ 329/1200] -> Loss: 36.0353
Epoch [ 330/1200] -> Loss: 36.0915
Epoch [ 331/1200] -> Loss: 36.0369
Epoch [ 332/1200] -> Loss: 36.4102
Epoch [ 333/1200] -> Loss: 36.2311
Epoch [ 334/1200] -> Loss: 35.9150
Epoch [ 335/1200] -> Loss: 36.0732
Epoch [ 336/1200] -> Loss: 36.3112
Epoch [ 337/1200] -> Loss: 35.8621
Epoch [ 338/1200] -> Loss: 36.1400
Epoch [ 339/1200] -> Loss: 36.1388
Epoch [ 340/1200] -> Loss: 36.3773
Epoch [ 341/1200] -> Loss: 35.9945
Epoch [ 342/1200] -> Loss: 36.1750
Epoch [ 343/1200] -> Loss: 36.1851
Epoch [ 344/1200] -> Loss: 35.9775
Epoch [ 345/1200] -> Loss: 36.0818
Epoch [ 346/1200] -> Loss: 36.1906
Epoch [ 347/1200] -> Loss: 36.2602
Epoch [ 348/1200] -> Loss: 36.1585
Epoch [ 349/1200] -> Loss: 35.9384
Epoch [ 350/1200] -> Loss: 36.2440
Epoch [ 351/1200] -> Loss: 36.0406
Epoch [ 352/1200] -> Loss: 36.0504
Epoch [ 353/1200] -> Loss: 36.2236
Epoch [ 354/1200] -> Loss: 35.8730
Epoch [ 355/1200] -> Loss: 35.8041
Epoch [ 356/1200] -> Loss: 36.0678
Epoch [ 357/1200] -> Loss: 36.1754
Epoch [ 358/1200] -> Loss: 35.7745
Epoch [ 359/1200] -> Loss: 36.1674
Epoch [ 360/1200] -> Loss: 36.1444
Epoch [ 361/1200] -> Loss: 35.7600
Epoch [ 362/1200] -> Loss: 36.0825
Epoch [ 363/1200] -> Loss: 35.8264
Epoch [ 364/1200] -> Loss: 35.9011
Epoch [ 365/1200] -> Loss: 36.0451
Epoch [ 366/1200] -> Loss: 35.9668
Epoch [ 367/1200] -> Loss: 35.9942
Epoch [ 368/1200] -> Loss: 35.8066
Epoch [ 369/1200] -> Loss: 35.9091
Epoch [ 370/1200] -> Loss: 35.9672
Epoch [ 371/1200] -> Loss: 36.4228
Epoch [ 372/1200] -> Loss: 36.1078
Epoch [ 373/1200] -> Loss: 35.8904
Epoch [ 374/1200] -> Loss: 36.0827
Epoch [ 375/1200] -> Loss: 36.1125
Epoch [ 376/1200] -> Loss: 35.9983
Epoch [ 377/1200] -> Loss: 36.1476
Epoch [ 378/1200] -> Loss: 35.9779
Epoch [ 379/1200] -> Loss: 36.1996
Epoch [ 380/1200] -> Loss: 36.1414
Epoch [ 381/1200] -> Loss: 35.7107
Epoch [ 382/1200] -> Loss: 36.1935
Epoch [ 383/1200] -> Loss: 36.2240
Epoch [ 384/1200] -> Loss: 36.3081
Epoch [ 385/1200] -> Loss: 36.0968
Epoch [ 386/1200] -> Loss: 35.8932
Epoch [ 387/1200] -> Loss: 35.9140
Epoch [ 388/1200] -> Loss: 36.5169
Epoch [ 389/1200] -> Loss: 36.0291
Epoch [ 390/1200] -> Loss: 35.6816
Epoch [ 391/1200] -> Loss: 35.9338
Epoch [ 392/1200] -> Loss: 35.7603
Epoch [ 393/1200] -> Loss: 36.2183
Epoch [ 394/1200] -> Loss: 35.9346
Epoch [ 395/1200] -> Loss: 36.1585
Epoch [ 396/1200] -> Loss: 36.2130
Epoch [ 397/1200] -> Loss: 36.0246
Epoch [ 398/1200] -> Loss: 36.2086
Epoch [ 399/1200] -> Loss: 35.9365
----------------------------------------------------------------
Model checkpoint saved as FFNN_400.pth
----------------------------------------------------------------
Epoch [ 400/1200] -> Loss: 36.2705
Epoch [ 401/1200] -> Loss: 36.1540
Epoch [ 402/1200] -> Loss: 35.8314
Epoch [ 403/1200] -> Loss: 35.7626
Epoch [ 404/1200] -> Loss: 36.0790
Epoch [ 405/1200] -> Loss: 36.0352
Epoch [ 406/1200] -> Loss: 35.9246
Epoch [ 407/1200] -> Loss: 36.2059
Epoch [ 408/1200] -> Loss: 35.9944
Epoch [ 409/1200] -> Loss: 36.1992
Epoch [ 410/1200] -> Loss: 36.0089
Epoch [ 411/1200] -> Loss: 35.7873
Epoch [ 412/1200] -> Loss: 35.8423
Epoch [ 413/1200] -> Loss: 35.9452
Epoch [ 414/1200] -> Loss: 35.8708
Epoch [ 415/1200] -> Loss: 36.1485
Epoch [ 416/1200] -> Loss: 36.2955
Epoch [ 417/1200] -> Loss: 36.0352
Epoch [ 418/1200] -> Loss: 36.2741
Epoch [ 419/1200] -> Loss: 35.9392
Epoch [ 420/1200] -> Loss: 35.8134
Epoch [ 421/1200] -> Loss: 35.9195
Epoch [ 422/1200] -> Loss: 35.8361
Epoch [ 423/1200] -> Loss: 35.9444
Epoch [ 424/1200] -> Loss: 35.8506
Epoch [ 425/1200] -> Loss: 36.2000
Epoch [ 426/1200] -> Loss: 36.1900
Epoch [ 427/1200] -> Loss: 35.9987
Epoch [ 428/1200] -> Loss: 36.2672
Epoch [ 429/1200] -> Loss: 35.6348
Epoch [ 430/1200] -> Loss: 36.1363
Epoch [ 431/1200] -> Loss: 36.1299
Epoch [ 432/1200] -> Loss: 36.2353
Epoch [ 433/1200] -> Loss: 36.1776
Epoch [ 434/1200] -> Loss: 36.3682
Epoch [ 435/1200] -> Loss: 36.4976
Epoch [ 436/1200] -> Loss: 35.8950
Epoch [ 437/1200] -> Loss: 35.9986
Epoch [ 438/1200] -> Loss: 35.5965
Epoch [ 439/1200] -> Loss: 36.1373
Epoch [ 440/1200] -> Loss: 35.9276
Epoch [ 441/1200] -> Loss: 36.2756
Epoch [ 442/1200] -> Loss: 36.0238
Epoch [ 443/1200] -> Loss: 36.2648
Epoch [ 444/1200] -> Loss: 36.1468
Epoch [ 445/1200] -> Loss: 35.8610
Epoch [ 446/1200] -> Loss: 36.1367
Epoch [ 447/1200] -> Loss: 35.7853
Epoch [ 448/1200] -> Loss: 35.9078
Epoch [ 449/1200] -> Loss: 36.1615
Epoch [ 450/1200] -> Loss: 36.0175
Epoch [ 451/1200] -> Loss: 35.8881
Epoch [ 452/1200] -> Loss: 35.8620
Epoch [ 453/1200] -> Loss: 36.2301
Epoch [ 454/1200] -> Loss: 36.3967
Epoch [ 455/1200] -> Loss: 36.0473
Epoch [ 456/1200] -> Loss: 35.9100
Epoch [ 457/1200] -> Loss: 36.0432
Epoch [ 458/1200] -> Loss: 36.1112
Epoch [ 459/1200] -> Loss: 36.1787
Epoch [ 460/1200] -> Loss: 36.0458
Epoch [ 461/1200] -> Loss: 36.0803
Epoch [ 462/1200] -> Loss: 35.9690
Epoch [ 463/1200] -> Loss: 36.0372
Epoch [ 464/1200] -> Loss: 35.8002
Epoch [ 465/1200] -> Loss: 36.2147
Epoch [ 466/1200] -> Loss: 36.0077
Epoch [ 467/1200] -> Loss: 36.1398
Epoch [ 468/1200] -> Loss: 36.0974
Epoch [ 469/1200] -> Loss: 35.9085
Epoch [ 470/1200] -> Loss: 35.8825
Epoch [ 471/1200] -> Loss: 36.3646
Epoch [ 472/1200] -> Loss: 35.8332
Epoch [ 473/1200] -> Loss: 35.8380
Epoch [ 474/1200] -> Loss: 35.8720
Epoch [ 475/1200] -> Loss: 36.4475
Epoch [ 476/1200] -> Loss: 36.3305
Epoch [ 477/1200] -> Loss: 35.9577
Epoch [ 478/1200] -> Loss: 35.9888
Epoch [ 479/1200] -> Loss: 35.9962
Epoch [ 480/1200] -> Loss: 36.1147
Epoch [ 481/1200] -> Loss: 36.0414
Epoch [ 482/1200] -> Loss: 35.8321
Epoch [ 483/1200] -> Loss: 35.6664
Epoch [ 484/1200] -> Loss: 35.7785
Epoch [ 485/1200] -> Loss: 35.9094
Epoch [ 486/1200] -> Loss: 35.8128
Epoch [ 487/1200] -> Loss: 36.2795
Epoch [ 488/1200] -> Loss: 36.1611
Epoch [ 489/1200] -> Loss: 36.1883
Epoch [ 490/1200] -> Loss: 36.3671
Epoch [ 491/1200] -> Loss: 35.9158
Epoch [ 492/1200] -> Loss: 35.9039
Epoch [ 493/1200] -> Loss: 36.0343
Epoch [ 494/1200] -> Loss: 36.1100
Epoch [ 495/1200] -> Loss: 35.8652
Epoch [ 496/1200] -> Loss: 35.9075
Epoch [ 497/1200] -> Loss: 35.8943
Epoch [ 498/1200] -> Loss: 35.8691
Epoch [ 499/1200] -> Loss: 35.8784
----------------------------------------------------------------
Model checkpoint saved as FFNN_500.pth
----------------------------------------------------------------
Epoch [ 500/1200] -> Loss: 35.9355
Epoch [ 501/1200] -> Loss: 36.3160
Epoch [ 502/1200] -> Loss: 35.7366
Epoch [ 503/1200] -> Loss: 35.9285
Epoch [ 504/1200] -> Loss: 36.0091
Epoch [ 505/1200] -> Loss: 36.1444
Epoch [ 506/1200] -> Loss: 36.0075
Epoch [ 507/1200] -> Loss: 36.0349
Epoch [ 508/1200] -> Loss: 35.4456
Epoch [ 509/1200] -> Loss: 36.0234
Epoch [ 510/1200] -> Loss: 36.0874
Epoch [ 511/1200] -> Loss: 36.0787
Epoch [ 512/1200] -> Loss: 36.0401
Epoch [ 513/1200] -> Loss: 35.7643
Epoch [ 514/1200] -> Loss: 35.9629
Epoch [ 515/1200] -> Loss: 35.7922
Epoch [ 516/1200] -> Loss: 35.9678
Epoch [ 517/1200] -> Loss: 36.0731
Epoch [ 518/1200] -> Loss: 35.8630
Epoch [ 519/1200] -> Loss: 36.1300
Epoch [ 520/1200] -> Loss: 35.8908
Epoch [ 521/1200] -> Loss: 36.0879
Epoch [ 522/1200] -> Loss: 36.0611
Epoch [ 523/1200] -> Loss: 35.9152
Epoch [ 524/1200] -> Loss: 36.0315
Epoch [ 525/1200] -> Loss: 36.2633
Epoch [ 526/1200] -> Loss: 35.7895
Epoch [ 527/1200] -> Loss: 36.0786
Epoch [ 528/1200] -> Loss: 36.2594
Epoch [ 529/1200] -> Loss: 36.2111
Epoch [ 530/1200] -> Loss: 35.8476
Epoch [ 531/1200] -> Loss: 35.9489
Epoch [ 532/1200] -> Loss: 35.9088
Epoch [ 533/1200] -> Loss: 36.3397
Epoch [ 534/1200] -> Loss: 36.1994
Epoch [ 535/1200] -> Loss: 36.2485
Epoch [ 536/1200] -> Loss: 36.0906
Epoch [ 537/1200] -> Loss: 36.0138
Epoch [ 538/1200] -> Loss: 36.2707
Epoch [ 539/1200] -> Loss: 36.0947
Epoch [ 540/1200] -> Loss: 36.1537
Epoch [ 541/1200] -> Loss: 36.0168
Epoch [ 542/1200] -> Loss: 35.9820
Epoch [ 543/1200] -> Loss: 35.5416
Epoch [ 544/1200] -> Loss: 35.9256
Epoch [ 545/1200] -> Loss: 36.1614
Epoch [ 546/1200] -> Loss: 35.7157
Epoch [ 547/1200] -> Loss: 36.3231
Epoch [ 548/1200] -> Loss: 35.8298
Epoch [ 549/1200] -> Loss: 36.0137
Epoch [ 550/1200] -> Loss: 36.0963
Epoch [ 551/1200] -> Loss: 35.7108
Epoch [ 552/1200] -> Loss: 36.0613
Epoch [ 553/1200] -> Loss: 35.9645
Epoch [ 554/1200] -> Loss: 35.6240
Epoch [ 555/1200] -> Loss: 36.1656
Epoch [ 556/1200] -> Loss: 36.1766
Epoch [ 557/1200] -> Loss: 36.1233
Epoch [ 558/1200] -> Loss: 36.1589
Epoch [ 559/1200] -> Loss: 35.9005
Epoch [ 560/1200] -> Loss: 36.0572
Epoch [ 561/1200] -> Loss: 35.9660
Epoch [ 562/1200] -> Loss: 36.0693
Epoch [ 563/1200] -> Loss: 36.0040
Epoch [ 564/1200] -> Loss: 36.0466
Epoch [ 565/1200] -> Loss: 35.9594
Epoch [ 566/1200] -> Loss: 36.2541
Epoch [ 567/1200] -> Loss: 35.8943
Epoch [ 568/1200] -> Loss: 36.0898
Epoch [ 569/1200] -> Loss: 35.7266
Epoch [ 570/1200] -> Loss: 36.1901
Epoch [ 571/1200] -> Loss: 36.0883
Epoch [ 572/1200] -> Loss: 36.3970
Epoch [ 573/1200] -> Loss: 36.2327
Epoch [ 574/1200] -> Loss: 35.7650
Epoch [ 575/1200] -> Loss: 36.0830
Epoch [ 576/1200] -> Loss: 36.1485
Epoch [ 577/1200] -> Loss: 36.1548
Epoch [ 578/1200] -> Loss: 36.3024
Epoch [ 579/1200] -> Loss: 36.1112
Epoch [ 580/1200] -> Loss: 35.9472
Epoch [ 581/1200] -> Loss: 36.1468
Epoch [ 582/1200] -> Loss: 35.9955
Epoch [ 583/1200] -> Loss: 36.1947
Epoch [ 584/1200] -> Loss: 35.9338
Epoch [ 585/1200] -> Loss: 35.9866
Epoch [ 586/1200] -> Loss: 35.6612
Epoch [ 587/1200] -> Loss: 35.9631
Epoch [ 588/1200] -> Loss: 36.0288
Epoch [ 589/1200] -> Loss: 35.8816
Epoch [ 590/1200] -> Loss: 36.2124
Epoch [ 591/1200] -> Loss: 35.7351
Epoch [ 592/1200] -> Loss: 35.9396
Epoch [ 593/1200] -> Loss: 35.9548
Epoch [ 594/1200] -> Loss: 36.2076
Epoch [ 595/1200] -> Loss: 36.0217
Epoch [ 596/1200] -> Loss: 36.2182
Epoch [ 597/1200] -> Loss: 35.9186
Epoch [ 598/1200] -> Loss: 35.8018
Epoch [ 599/1200] -> Loss: 36.0945
----------------------------------------------------------------
Model checkpoint saved as FFNN_600.pth
----------------------------------------------------------------
Epoch [ 600/1200] -> Loss: 36.1471
Epoch [ 601/1200] -> Loss: 36.2964
Epoch [ 602/1200] -> Loss: 35.8246
Epoch [ 603/1200] -> Loss: 36.1442
Epoch [ 604/1200] -> Loss: 36.1011
Epoch [ 605/1200] -> Loss: 36.3930
Epoch [ 606/1200] -> Loss: 35.9433
Epoch [ 607/1200] -> Loss: 36.0504
Epoch [ 608/1200] -> Loss: 35.9630
Epoch [ 609/1200] -> Loss: 35.9362
Epoch [ 610/1200] -> Loss: 36.1914
Epoch [ 611/1200] -> Loss: 35.9295
Epoch [ 612/1200] -> Loss: 36.2176
Epoch [ 613/1200] -> Loss: 35.8850
Epoch [ 614/1200] -> Loss: 35.6651
Epoch [ 615/1200] -> Loss: 36.0442
Epoch [ 616/1200] -> Loss: 36.2255
Epoch [ 617/1200] -> Loss: 35.9185
Epoch [ 618/1200] -> Loss: 36.0846
Epoch [ 619/1200] -> Loss: 36.0682
Epoch [ 620/1200] -> Loss: 36.0260
Epoch [ 621/1200] -> Loss: 36.0324
Epoch [ 622/1200] -> Loss: 36.2208
Epoch [ 623/1200] -> Loss: 35.9367
Epoch [ 624/1200] -> Loss: 36.1544
Epoch [ 625/1200] -> Loss: 36.3125
Epoch [ 626/1200] -> Loss: 35.7802
Epoch [ 627/1200] -> Loss: 35.9516
Epoch [ 628/1200] -> Loss: 36.0218
Epoch [ 629/1200] -> Loss: 36.1555
Epoch [ 630/1200] -> Loss: 35.9319
Epoch [ 631/1200] -> Loss: 36.2503
Epoch [ 632/1200] -> Loss: 36.1615
Epoch [ 633/1200] -> Loss: 35.9969
Epoch [ 634/1200] -> Loss: 36.1531
Epoch [ 635/1200] -> Loss: 36.1469
Epoch [ 636/1200] -> Loss: 36.0625
Epoch [ 637/1200] -> Loss: 36.1300
Epoch [ 638/1200] -> Loss: 36.1329
Epoch [ 639/1200] -> Loss: 36.0434
Epoch [ 640/1200] -> Loss: 36.2410
Epoch [ 641/1200] -> Loss: 36.2298
Epoch [ 642/1200] -> Loss: 36.1273
Epoch [ 643/1200] -> Loss: 36.1460
Epoch [ 644/1200] -> Loss: 35.9105
Epoch [ 645/1200] -> Loss: 36.1773
Epoch [ 646/1200] -> Loss: 36.2262
Epoch [ 647/1200] -> Loss: 35.9460
Epoch [ 648/1200] -> Loss: 35.6330
Epoch [ 649/1200] -> Loss: 36.0343
Epoch [ 650/1200] -> Loss: 35.8300
Epoch [ 651/1200] -> Loss: 36.2680
Epoch [ 652/1200] -> Loss: 35.8734
Epoch [ 653/1200] -> Loss: 36.0154
Epoch [ 654/1200] -> Loss: 36.3765
Epoch [ 655/1200] -> Loss: 36.0746
Epoch [ 656/1200] -> Loss: 36.0881
Epoch [ 657/1200] -> Loss: 35.8477
Epoch [ 658/1200] -> Loss: 36.0217
Epoch [ 659/1200] -> Loss: 35.9647
Epoch [ 660/1200] -> Loss: 35.8958
Epoch [ 661/1200] -> Loss: 35.9591
Epoch [ 662/1200] -> Loss: 36.0286
Epoch [ 663/1200] -> Loss: 35.9815
Epoch [ 664/1200] -> Loss: 35.8531
Epoch [ 665/1200] -> Loss: 36.0852
Epoch [ 666/1200] -> Loss: 36.1941
Epoch [ 667/1200] -> Loss: 36.0495
Epoch [ 668/1200] -> Loss: 36.1678
Epoch [ 669/1200] -> Loss: 35.9814
Epoch [ 670/1200] -> Loss: 35.9809
Epoch [ 671/1200] -> Loss: 36.2263
Epoch [ 672/1200] -> Loss: 36.1029
Epoch [ 673/1200] -> Loss: 35.9731
Epoch [ 674/1200] -> Loss: 36.2221
Epoch [ 675/1200] -> Loss: 35.6512
Epoch [ 676/1200] -> Loss: 36.2296
Epoch [ 677/1200] -> Loss: 36.1217
Epoch [ 678/1200] -> Loss: 35.8988
Epoch [ 679/1200] -> Loss: 36.1610
Epoch [ 680/1200] -> Loss: 35.9442
Epoch [ 681/1200] -> Loss: 35.9101
Epoch [ 682/1200] -> Loss: 35.9345
Epoch [ 683/1200] -> Loss: 35.9335
Epoch [ 684/1200] -> Loss: 35.9956
Epoch [ 685/1200] -> Loss: 36.0608
Epoch [ 686/1200] -> Loss: 35.9843
Epoch [ 687/1200] -> Loss: 36.0951
Epoch [ 688/1200] -> Loss: 36.0791
Epoch [ 689/1200] -> Loss: 35.7767
Epoch [ 690/1200] -> Loss: 35.9400
Epoch [ 691/1200] -> Loss: 35.9539
Epoch [ 692/1200] -> Loss: 36.3054
Epoch [ 693/1200] -> Loss: 35.7409
Epoch [ 694/1200] -> Loss: 36.2003
Epoch [ 695/1200] -> Loss: 36.3068
Epoch [ 696/1200] -> Loss: 36.1945
Epoch [ 697/1200] -> Loss: 36.3718
Epoch [ 698/1200] -> Loss: 36.1946
Epoch [ 699/1200] -> Loss: 35.9295
----------------------------------------------------------------
Model checkpoint saved as FFNN_700.pth
----------------------------------------------------------------
Epoch [ 700/1200] -> Loss: 36.2981
Epoch [ 701/1200] -> Loss: 36.0707
Epoch [ 702/1200] -> Loss: 35.9384
Epoch [ 703/1200] -> Loss: 36.1529
Epoch [ 704/1200] -> Loss: 35.8296
Epoch [ 705/1200] -> Loss: 35.9505
Epoch [ 706/1200] -> Loss: 36.1017
Epoch [ 707/1200] -> Loss: 35.9280
Epoch [ 708/1200] -> Loss: 35.8963
Epoch [ 709/1200] -> Loss: 35.7087
Epoch [ 710/1200] -> Loss: 35.7738
Epoch [ 711/1200] -> Loss: 35.8417
Epoch [ 712/1200] -> Loss: 35.9767
Epoch [ 713/1200] -> Loss: 35.7885
Epoch [ 714/1200] -> Loss: 35.7767
Epoch [ 715/1200] -> Loss: 36.1948
Epoch [ 716/1200] -> Loss: 36.1805
Epoch [ 717/1200] -> Loss: 36.2232
Epoch [ 718/1200] -> Loss: 35.9621
Epoch [ 719/1200] -> Loss: 36.0776
Epoch [ 720/1200] -> Loss: 36.1098
Epoch [ 721/1200] -> Loss: 35.8838
Epoch [ 722/1200] -> Loss: 36.2038
Epoch [ 723/1200] -> Loss: 36.1988
Epoch [ 724/1200] -> Loss: 36.1572
Epoch [ 725/1200] -> Loss: 35.9490
Epoch [ 726/1200] -> Loss: 36.1134
Epoch [ 727/1200] -> Loss: 36.0141
Epoch [ 728/1200] -> Loss: 36.0588
Epoch [ 729/1200] -> Loss: 36.2022
Epoch [ 730/1200] -> Loss: 36.1139
Epoch [ 731/1200] -> Loss: 36.0382
Epoch [ 732/1200] -> Loss: 35.7817
Epoch [ 733/1200] -> Loss: 35.7700
Epoch [ 734/1200] -> Loss: 35.9751
Epoch [ 735/1200] -> Loss: 35.9935
Epoch [ 736/1200] -> Loss: 35.9353
Epoch [ 737/1200] -> Loss: 35.7835
Epoch [ 738/1200] -> Loss: 36.3206
Epoch [ 739/1200] -> Loss: 35.9956
Epoch [ 740/1200] -> Loss: 35.7902
Epoch [ 741/1200] -> Loss: 35.9569
Epoch [ 742/1200] -> Loss: 35.9591
Epoch [ 743/1200] -> Loss: 35.6959
Epoch [ 744/1200] -> Loss: 35.8791
Epoch [ 745/1200] -> Loss: 36.1679
Epoch [ 746/1200] -> Loss: 35.8185
Epoch [ 747/1200] -> Loss: 36.1574
Epoch [ 748/1200] -> Loss: 36.1434
Epoch [ 749/1200] -> Loss: 35.9257
Epoch [ 750/1200] -> Loss: 36.1153
Epoch [ 751/1200] -> Loss: 36.0103
Epoch [ 752/1200] -> Loss: 35.8756
Epoch [ 753/1200] -> Loss: 35.8405
Epoch [ 754/1200] -> Loss: 36.0308
Epoch [ 755/1200] -> Loss: 35.8746
Epoch [ 756/1200] -> Loss: 35.6992
Epoch [ 757/1200] -> Loss: 36.1734
Epoch [ 758/1200] -> Loss: 35.8299
Epoch [ 759/1200] -> Loss: 35.7876
Epoch [ 760/1200] -> Loss: 36.1108
Epoch [ 761/1200] -> Loss: 36.1231
Epoch [ 762/1200] -> Loss: 36.0355
Epoch [ 763/1200] -> Loss: 36.0092
Epoch [ 764/1200] -> Loss: 35.9563
Epoch [ 765/1200] -> Loss: 35.9909
Epoch [ 766/1200] -> Loss: 36.0375
Epoch [ 767/1200] -> Loss: 35.8563
Epoch [ 768/1200] -> Loss: 35.8635
Epoch [ 769/1200] -> Loss: 35.7988
Epoch [ 770/1200] -> Loss: 36.1213
Epoch [ 771/1200] -> Loss: 36.2955
Epoch [ 772/1200] -> Loss: 35.8169
Epoch [ 773/1200] -> Loss: 36.0837
Epoch [ 774/1200] -> Loss: 35.9234
Epoch [ 775/1200] -> Loss: 36.1941
Epoch [ 776/1200] -> Loss: 36.1592
Epoch [ 777/1200] -> Loss: 36.0524
Epoch [ 778/1200] -> Loss: 35.9800
Epoch [ 779/1200] -> Loss: 36.1122
Epoch [ 780/1200] -> Loss: 36.1633
Epoch [ 781/1200] -> Loss: 36.0931
Epoch [ 782/1200] -> Loss: 35.9349
Epoch [ 783/1200] -> Loss: 35.8803
Epoch [ 784/1200] -> Loss: 36.2154
Epoch [ 785/1200] -> Loss: 35.8655
Epoch [ 786/1200] -> Loss: 35.9618
Epoch [ 787/1200] -> Loss: 35.9824
Epoch [ 788/1200] -> Loss: 36.0953
Epoch [ 789/1200] -> Loss: 35.8665
Epoch [ 790/1200] -> Loss: 36.2249
Epoch [ 791/1200] -> Loss: 36.0882
Epoch [ 792/1200] -> Loss: 36.0850
Epoch [ 793/1200] -> Loss: 35.7559
Epoch [ 794/1200] -> Loss: 36.1884
Epoch [ 795/1200] -> Loss: 36.3409
Epoch [ 796/1200] -> Loss: 36.0454
Epoch [ 797/1200] -> Loss: 36.2170
Epoch [ 798/1200] -> Loss: 35.9168
Epoch [ 799/1200] -> Loss: 36.0457
----------------------------------------------------------------
Model checkpoint saved as FFNN_800.pth
----------------------------------------------------------------
Epoch [ 800/1200] -> Loss: 35.9077
Epoch [ 801/1200] -> Loss: 36.1912
Epoch [ 802/1200] -> Loss: 36.0232
Epoch [ 803/1200] -> Loss: 35.9551
Epoch [ 804/1200] -> Loss: 35.9505
Epoch [ 805/1200] -> Loss: 36.0615
Epoch [ 806/1200] -> Loss: 36.0521
Epoch [ 807/1200] -> Loss: 35.8687
Epoch [ 808/1200] -> Loss: 36.1163
Epoch [ 809/1200] -> Loss: 35.9556
Epoch [ 810/1200] -> Loss: 35.8494
Epoch [ 811/1200] -> Loss: 36.0521
Epoch [ 812/1200] -> Loss: 36.1087
Epoch [ 813/1200] -> Loss: 36.1127
Epoch [ 814/1200] -> Loss: 36.2900
Epoch [ 815/1200] -> Loss: 35.9426
Epoch [ 816/1200] -> Loss: 36.2427
Epoch [ 817/1200] -> Loss: 36.0413
Epoch [ 818/1200] -> Loss: 35.9772
Epoch [ 819/1200] -> Loss: 35.8434
Epoch [ 820/1200] -> Loss: 36.2499
Epoch [ 821/1200] -> Loss: 35.8425
Epoch [ 822/1200] -> Loss: 36.3369
Epoch [ 823/1200] -> Loss: 35.9451
Epoch [ 824/1200] -> Loss: 36.1221
Epoch [ 825/1200] -> Loss: 36.2547
Epoch [ 826/1200] -> Loss: 36.0939
Epoch [ 827/1200] -> Loss: 36.3175
Epoch [ 828/1200] -> Loss: 35.9968
Epoch [ 829/1200] -> Loss: 36.1076
Epoch [ 830/1200] -> Loss: 36.1021
Epoch [ 831/1200] -> Loss: 35.6397
Epoch [ 832/1200] -> Loss: 36.0697
Epoch [ 833/1200] -> Loss: 36.0486
Epoch [ 834/1200] -> Loss: 36.1444
Epoch [ 835/1200] -> Loss: 36.1051
Epoch [ 836/1200] -> Loss: 36.0029
Epoch [ 837/1200] -> Loss: 36.1698
Epoch [ 838/1200] -> Loss: 36.0693
Epoch [ 839/1200] -> Loss: 36.1487
Epoch [ 840/1200] -> Loss: 35.9206
Epoch [ 841/1200] -> Loss: 35.9126
Epoch [ 842/1200] -> Loss: 35.8179
Epoch [ 843/1200] -> Loss: 35.6447
Epoch [ 844/1200] -> Loss: 35.9173
Epoch [ 845/1200] -> Loss: 35.9211
Epoch [ 846/1200] -> Loss: 36.0241
Epoch [ 847/1200] -> Loss: 35.8081
Epoch [ 848/1200] -> Loss: 35.7976
Epoch [ 849/1200] -> Loss: 35.9424
Epoch [ 850/1200] -> Loss: 35.8134
Epoch [ 851/1200] -> Loss: 35.9708
Epoch [ 852/1200] -> Loss: 36.1326
Epoch [ 853/1200] -> Loss: 36.2262
Epoch [ 854/1200] -> Loss: 36.1068
Epoch [ 855/1200] -> Loss: 35.9343
Epoch [ 856/1200] -> Loss: 35.8968
Epoch [ 857/1200] -> Loss: 36.0239
Epoch [ 858/1200] -> Loss: 36.1589
Epoch [ 859/1200] -> Loss: 35.9944
Epoch [ 860/1200] -> Loss: 36.1100
Epoch [ 861/1200] -> Loss: 36.2551
Epoch [ 862/1200] -> Loss: 36.0812
Epoch [ 863/1200] -> Loss: 36.0185
Epoch [ 864/1200] -> Loss: 36.1037
Epoch [ 865/1200] -> Loss: 35.9326
Epoch [ 866/1200] -> Loss: 36.4777
Epoch [ 867/1200] -> Loss: 35.7171
Epoch [ 868/1200] -> Loss: 36.0698
Epoch [ 869/1200] -> Loss: 35.9810
Epoch [ 870/1200] -> Loss: 35.9481
Epoch [ 871/1200] -> Loss: 36.0785
Epoch [ 872/1200] -> Loss: 36.0143
Epoch [ 873/1200] -> Loss: 36.3111
Epoch [ 874/1200] -> Loss: 35.7894
Epoch [ 875/1200] -> Loss: 36.2581
Epoch [ 876/1200] -> Loss: 35.9861
Epoch [ 877/1200] -> Loss: 36.1578
Epoch [ 878/1200] -> Loss: 36.2417
Epoch [ 879/1200] -> Loss: 36.2632
Epoch [ 880/1200] -> Loss: 35.9387
Epoch [ 881/1200] -> Loss: 35.9633
Epoch [ 882/1200] -> Loss: 36.0582
Epoch [ 883/1200] -> Loss: 36.1066
Epoch [ 884/1200] -> Loss: 36.3217
Epoch [ 885/1200] -> Loss: 36.1018
Epoch [ 886/1200] -> Loss: 36.1188
Epoch [ 887/1200] -> Loss: 36.1103
Epoch [ 888/1200] -> Loss: 36.0859
Epoch [ 889/1200] -> Loss: 35.8041
Epoch [ 890/1200] -> Loss: 36.0738
Epoch [ 891/1200] -> Loss: 36.0122
Epoch [ 892/1200] -> Loss: 35.8850
Epoch [ 893/1200] -> Loss: 36.2524
Epoch [ 894/1200] -> Loss: 36.1014
Epoch [ 895/1200] -> Loss: 36.0660
Epoch [ 896/1200] -> Loss: 36.1176
Epoch [ 897/1200] -> Loss: 35.9297
Epoch [ 898/1200] -> Loss: 35.9568
Epoch [ 899/1200] -> Loss: 36.1353
----------------------------------------------------------------
Model checkpoint saved as FFNN_900.pth
----------------------------------------------------------------
Epoch [ 900/1200] -> Loss: 35.9486
Epoch [ 901/1200] -> Loss: 35.9594
Epoch [ 902/1200] -> Loss: 36.0358
Epoch [ 903/1200] -> Loss: 36.0231
Epoch [ 904/1200] -> Loss: 36.0532
Epoch [ 905/1200] -> Loss: 36.1310
Epoch [ 906/1200] -> Loss: 35.9645
Epoch [ 907/1200] -> Loss: 36.0139
Epoch [ 908/1200] -> Loss: 36.2367
Epoch [ 909/1200] -> Loss: 36.0382
Epoch [ 910/1200] -> Loss: 35.7593
Epoch [ 911/1200] -> Loss: 36.1428
Epoch [ 912/1200] -> Loss: 36.1454
Epoch [ 913/1200] -> Loss: 35.9813
Epoch [ 914/1200] -> Loss: 36.1201
Epoch [ 915/1200] -> Loss: 36.1976
Epoch [ 916/1200] -> Loss: 36.0178
Epoch [ 917/1200] -> Loss: 36.0899
Epoch [ 918/1200] -> Loss: 36.0435
Epoch [ 919/1200] -> Loss: 36.1088
Epoch [ 920/1200] -> Loss: 35.9587
Epoch [ 921/1200] -> Loss: 35.7930
Epoch [ 922/1200] -> Loss: 35.6621
Epoch [ 923/1200] -> Loss: 36.0161
Epoch [ 924/1200] -> Loss: 35.9445
Epoch [ 925/1200] -> Loss: 35.7442
Epoch [ 926/1200] -> Loss: 36.3265
Epoch [ 927/1200] -> Loss: 36.3605
Epoch [ 928/1200] -> Loss: 36.2143
Epoch [ 929/1200] -> Loss: 36.2529
Epoch [ 930/1200] -> Loss: 36.2735
Epoch [ 931/1200] -> Loss: 35.7293
Epoch [ 932/1200] -> Loss: 35.9732
Epoch [ 933/1200] -> Loss: 36.3566
Epoch [ 934/1200] -> Loss: 35.9475
Epoch [ 935/1200] -> Loss: 35.8708
Epoch [ 936/1200] -> Loss: 35.8175
Epoch [ 937/1200] -> Loss: 35.8419
Epoch [ 938/1200] -> Loss: 36.0547
Epoch [ 939/1200] -> Loss: 36.0430
Epoch [ 940/1200] -> Loss: 36.0422
Epoch [ 941/1200] -> Loss: 36.4241
Epoch [ 942/1200] -> Loss: 36.2049
Epoch [ 943/1200] -> Loss: 36.0590
Epoch [ 944/1200] -> Loss: 36.1626
Epoch [ 945/1200] -> Loss: 35.8952
Epoch [ 946/1200] -> Loss: 36.1034
Epoch [ 947/1200] -> Loss: 35.9503
Epoch [ 948/1200] -> Loss: 35.7959
Epoch [ 949/1200] -> Loss: 36.0265
Epoch [ 950/1200] -> Loss: 36.1912
Epoch [ 951/1200] -> Loss: 36.0385
Epoch [ 952/1200] -> Loss: 36.2903
Epoch [ 953/1200] -> Loss: 35.8592
Epoch [ 954/1200] -> Loss: 35.8636
Epoch [ 955/1200] -> Loss: 36.1961
Epoch [ 956/1200] -> Loss: 35.6323
Epoch [ 957/1200] -> Loss: 36.0690
Epoch [ 958/1200] -> Loss: 35.9040
Epoch [ 959/1200] -> Loss: 36.0227
Epoch [ 960/1200] -> Loss: 35.9438
Epoch [ 961/1200] -> Loss: 36.2506
Epoch [ 962/1200] -> Loss: 36.2154
Epoch [ 963/1200] -> Loss: 35.8801
Epoch [ 964/1200] -> Loss: 35.8948
Epoch [ 965/1200] -> Loss: 36.1325
Epoch [ 966/1200] -> Loss: 36.2102
Epoch [ 967/1200] -> Loss: 35.9273
Epoch [ 968/1200] -> Loss: 36.0351
Epoch [ 969/1200] -> Loss: 35.8165
Epoch [ 970/1200] -> Loss: 35.5872
Epoch [ 971/1200] -> Loss: 35.9402
Epoch [ 972/1200] -> Loss: 36.0641
Epoch [ 973/1200] -> Loss: 36.0415
Epoch [ 974/1200] -> Loss: 36.0270
Epoch [ 975/1200] -> Loss: 36.0553
Epoch [ 976/1200] -> Loss: 35.9436
Epoch [ 977/1200] -> Loss: 35.9104
Epoch [ 978/1200] -> Loss: 36.0141
Epoch [ 979/1200] -> Loss: 35.8991
Epoch [ 980/1200] -> Loss: 36.0347
Epoch [ 981/1200] -> Loss: 36.0366
Epoch [ 982/1200] -> Loss: 36.0408
Epoch [ 983/1200] -> Loss: 35.7495
Epoch [ 984/1200] -> Loss: 36.3769
Epoch [ 985/1200] -> Loss: 36.2148
Epoch [ 986/1200] -> Loss: 36.1711
Epoch [ 987/1200] -> Loss: 36.0857
Epoch [ 988/1200] -> Loss: 36.3831
Epoch [ 989/1200] -> Loss: 35.7932
Epoch [ 990/1200] -> Loss: 36.0706
Epoch [ 991/1200] -> Loss: 36.1205
Epoch [ 992/1200] -> Loss: 35.8918
Epoch [ 993/1200] -> Loss: 36.1684
Epoch [ 994/1200] -> Loss: 35.8518
Epoch [ 995/1200] -> Loss: 35.8626
Epoch [ 996/1200] -> Loss: 35.8274
Epoch [ 997/1200] -> Loss: 36.0784
Epoch [ 998/1200] -> Loss: 36.1954
Epoch [ 999/1200] -> Loss: 35.9346
----------------------------------------------------------------
Model checkpoint saved as FFNN_1000.pth
----------------------------------------------------------------
Epoch [1000/1200] -> Loss: 36.2360
Epoch [1001/1200] -> Loss: 36.2936
Epoch [1002/1200] -> Loss: 36.2381
Epoch [1003/1200] -> Loss: 35.6436
Epoch [1004/1200] -> Loss: 36.2197
Epoch [1005/1200] -> Loss: 36.0518
Epoch [1006/1200] -> Loss: 35.8381
Epoch [1007/1200] -> Loss: 35.9417
Epoch [1008/1200] -> Loss: 36.2144
Epoch [1009/1200] -> Loss: 36.0908
Epoch [1010/1200] -> Loss: 35.8501
Epoch [1011/1200] -> Loss: 35.8252
Epoch [1012/1200] -> Loss: 36.1597
Epoch [1013/1200] -> Loss: 36.1028
Epoch [1014/1200] -> Loss: 36.1546
Epoch [1015/1200] -> Loss: 36.1497
Epoch [1016/1200] -> Loss: 35.8027
Epoch [1017/1200] -> Loss: 36.0759
Epoch [1018/1200] -> Loss: 36.1783
Epoch [1019/1200] -> Loss: 36.1939
Epoch [1020/1200] -> Loss: 35.9802
Epoch [1021/1200] -> Loss: 35.9398
Epoch [1022/1200] -> Loss: 35.9282
Epoch [1023/1200] -> Loss: 36.1916
Epoch [1024/1200] -> Loss: 36.0018
Epoch [1025/1200] -> Loss: 36.1633
Epoch [1026/1200] -> Loss: 35.9840
Epoch [1027/1200] -> Loss: 35.8612
Epoch [1028/1200] -> Loss: 36.0522
Epoch [1029/1200] -> Loss: 36.0028
Epoch [1030/1200] -> Loss: 35.8297
Epoch [1031/1200] -> Loss: 36.0303
Epoch [1032/1200] -> Loss: 35.9045
Epoch [1033/1200] -> Loss: 35.9046
Epoch [1034/1200] -> Loss: 35.9003
Epoch [1035/1200] -> Loss: 36.1336
Epoch [1036/1200] -> Loss: 36.0856
Epoch [1037/1200] -> Loss: 36.2427
Epoch [1038/1200] -> Loss: 36.1306
Epoch [1039/1200] -> Loss: 36.0033
Epoch [1040/1200] -> Loss: 36.1346
Epoch [1041/1200] -> Loss: 36.0765
Epoch [1042/1200] -> Loss: 36.1370
Epoch [1043/1200] -> Loss: 36.3032
Epoch [1044/1200] -> Loss: 35.9908
Epoch [1045/1200] -> Loss: 35.7752
Epoch [1046/1200] -> Loss: 36.2079
Epoch [1047/1200] -> Loss: 35.9047
Epoch [1048/1200] -> Loss: 36.0270
Epoch [1049/1200] -> Loss: 35.7168
Epoch [1050/1200] -> Loss: 36.1417
Epoch [1051/1200] -> Loss: 36.0286
Epoch [1052/1200] -> Loss: 36.0355
Epoch [1053/1200] -> Loss: 35.8580
Epoch [1054/1200] -> Loss: 36.0744
Epoch [1055/1200] -> Loss: 36.2608
Epoch [1056/1200] -> Loss: 36.1892
Epoch [1057/1200] -> Loss: 36.1307
Epoch [1058/1200] -> Loss: 36.0762
Epoch [1059/1200] -> Loss: 36.2232
Epoch [1060/1200] -> Loss: 36.3468
Epoch [1061/1200] -> Loss: 35.8682
Epoch [1062/1200] -> Loss: 35.7645
Epoch [1063/1200] -> Loss: 36.1505
Epoch [1064/1200] -> Loss: 35.9957
Epoch [1065/1200] -> Loss: 35.7161
Epoch [1066/1200] -> Loss: 35.9559
Epoch [1067/1200] -> Loss: 36.1110
Epoch [1068/1200] -> Loss: 35.9974
Epoch [1069/1200] -> Loss: 36.0960
Epoch [1070/1200] -> Loss: 35.8566
Epoch [1071/1200] -> Loss: 35.9941
Epoch [1072/1200] -> Loss: 35.7677
Epoch [1073/1200] -> Loss: 35.9641
Epoch [1074/1200] -> Loss: 35.9954
Epoch [1075/1200] -> Loss: 35.8916
Epoch [1076/1200] -> Loss: 36.2209
Epoch [1077/1200] -> Loss: 35.8957
Epoch [1078/1200] -> Loss: 36.3232
Epoch [1079/1200] -> Loss: 36.0884
Epoch [1080/1200] -> Loss: 36.1416
Epoch [1081/1200] -> Loss: 35.9645
Epoch [1082/1200] -> Loss: 36.0548
Epoch [1083/1200] -> Loss: 36.0088
Epoch [1084/1200] -> Loss: 35.7434
Epoch [1085/1200] -> Loss: 36.1062
Epoch [1086/1200] -> Loss: 36.0926
Epoch [1087/1200] -> Loss: 36.1738
Epoch [1088/1200] -> Loss: 36.3178
Epoch [1089/1200] -> Loss: 36.0363
Epoch [1090/1200] -> Loss: 36.1417
Epoch [1091/1200] -> Loss: 35.8237
Epoch [1092/1200] -> Loss: 36.1744
Epoch [1093/1200] -> Loss: 36.0328
Epoch [1094/1200] -> Loss: 36.0232
Epoch [1095/1200] -> Loss: 35.9555
Epoch [1096/1200] -> Loss: 36.0085
Epoch [1097/1200] -> Loss: 35.9281
Epoch [1098/1200] -> Loss: 35.9200
Epoch [1099/1200] -> Loss: 36.2303
----------------------------------------------------------------
Model checkpoint saved as FFNN_1100.pth
----------------------------------------------------------------
Epoch [1100/1200] -> Loss: 35.9363
Epoch [1101/1200] -> Loss: 36.1705
Epoch [1102/1200] -> Loss: 36.0695
Epoch [1103/1200] -> Loss: 36.0984
Epoch [1104/1200] -> Loss: 36.1153
Epoch [1105/1200] -> Loss: 35.9013
Epoch [1106/1200] -> Loss: 36.0615
Epoch [1107/1200] -> Loss: 35.9828
Epoch [1108/1200] -> Loss: 35.9578
Epoch [1109/1200] -> Loss: 36.1863
Epoch [1110/1200] -> Loss: 35.9656
Epoch [1111/1200] -> Loss: 35.9663
Epoch [1112/1200] -> Loss: 35.9367
Epoch [1113/1200] -> Loss: 35.9845
Epoch [1114/1200] -> Loss: 36.0566
Epoch [1115/1200] -> Loss: 36.1084
Epoch [1116/1200] -> Loss: 36.1343
Epoch [1117/1200] -> Loss: 36.0991
Epoch [1118/1200] -> Loss: 36.2016
Epoch [1119/1200] -> Loss: 36.0169
Epoch [1120/1200] -> Loss: 35.9959
Epoch [1121/1200] -> Loss: 36.0714
Epoch [1122/1200] -> Loss: 35.7256
Epoch [1123/1200] -> Loss: 36.1586
Epoch [1124/1200] -> Loss: 35.7780
Epoch [1125/1200] -> Loss: 36.0545
Epoch [1126/1200] -> Loss: 36.0337
Epoch [1127/1200] -> Loss: 36.1512
Epoch [1128/1200] -> Loss: 36.1609
Epoch [1129/1200] -> Loss: 36.1726
Epoch [1130/1200] -> Loss: 36.0125
Epoch [1131/1200] -> Loss: 35.8365
Epoch [1132/1200] -> Loss: 36.1035
Epoch [1133/1200] -> Loss: 35.9805
Epoch [1134/1200] -> Loss: 36.3032
Epoch [1135/1200] -> Loss: 36.0197
Epoch [1136/1200] -> Loss: 35.8224
Epoch [1137/1200] -> Loss: 36.3225
Epoch [1138/1200] -> Loss: 35.9723
Epoch [1139/1200] -> Loss: 35.8277
Epoch [1140/1200] -> Loss: 35.8323
Epoch [1141/1200] -> Loss: 35.9108
Epoch [1142/1200] -> Loss: 36.0213
Epoch [1143/1200] -> Loss: 36.0636
Epoch [1144/1200] -> Loss: 35.8623
Epoch [1145/1200] -> Loss: 35.9564
Epoch [1146/1200] -> Loss: 35.9396
Epoch [1147/1200] -> Loss: 36.3264
Epoch [1148/1200] -> Loss: 35.8511
Epoch [1149/1200] -> Loss: 35.9221
Epoch [1150/1200] -> Loss: 36.1748
Epoch [1151/1200] -> Loss: 35.7235
Epoch [1152/1200] -> Loss: 35.8520
Epoch [1153/1200] -> Loss: 36.0997
Epoch [1154/1200] -> Loss: 35.9969
Epoch [1155/1200] -> Loss: 36.0523
Epoch [1156/1200] -> Loss: 35.9461
Epoch [1157/1200] -> Loss: 36.0627
Epoch [1158/1200] -> Loss: 36.1605
Epoch [1159/1200] -> Loss: 36.0330
Epoch [1160/1200] -> Loss: 36.3481
Epoch [1161/1200] -> Loss: 36.0731
Epoch [1162/1200] -> Loss: 35.7861
Epoch [1163/1200] -> Loss: 35.9723
Epoch [1164/1200] -> Loss: 36.4651
Epoch [1165/1200] -> Loss: 35.8058
Epoch [1166/1200] -> Loss: 36.0658
Epoch [1167/1200] -> Loss: 36.0668
Epoch [1168/1200] -> Loss: 35.9821
Epoch [1169/1200] -> Loss: 36.0764
Epoch [1170/1200] -> Loss: 35.9458
Epoch [1171/1200] -> Loss: 36.0239
Epoch [1172/1200] -> Loss: 35.7566
Epoch [1173/1200] -> Loss: 36.1500
Epoch [1174/1200] -> Loss: 35.9127
Epoch [1175/1200] -> Loss: 36.0335
Epoch [1176/1200] -> Loss: 36.0367
Epoch [1177/1200] -> Loss: 36.0400
Epoch [1178/1200] -> Loss: 35.7908
Epoch [1179/1200] -> Loss: 36.3036
Epoch [1180/1200] -> Loss: 36.1103
Epoch [1181/1200] -> Loss: 36.1269
Epoch [1182/1200] -> Loss: 36.0583
Epoch [1183/1200] -> Loss: 36.1826
Epoch [1184/1200] -> Loss: 36.2460
Epoch [1185/1200] -> Loss: 35.9096
Epoch [1186/1200] -> Loss: 35.8573
Epoch [1187/1200] -> Loss: 35.9583
Epoch [1188/1200] -> Loss: 36.2826
Epoch [1189/1200] -> Loss: 36.0148
Epoch [1190/1200] -> Loss: 35.9749
Epoch [1191/1200] -> Loss: 36.1144
Epoch [1192/1200] -> Loss: 35.8813
Epoch [1193/1200] -> Loss: 35.9071
Epoch [1194/1200] -> Loss: 35.9525
Epoch [1195/1200] -> Loss: 36.0301
Epoch [1196/1200] -> Loss: 35.9531
Epoch [1197/1200] -> Loss: 36.1882
Epoch [1198/1200] -> Loss: 36.1566
Epoch [1199/1200] -> Loss: 35.6402
----------------------------------------------------------------
Model checkpoint saved as FFNN_1200.pth
----------------------------------------------------------------
Epoch [1200/1200] -> Loss: 36.2122
----------------------------------------------------------------
Training finished successfully.
        Saved model checkpoints can be found in: /home/extern/Documents/Research/scripts/models/
        Saved data/loss graphs can be found in: /home/extern/Documents/Research/scripts/graphs/
----------------------------------------------------------------
Plotting data...
