----------------------------------------------------------------------------------------------------
Usage: python3 SSN_predictor.py <path_to_ssn_datafile> <path_to_aa_datafile>
----------------------------------------------------------------------------------------------------
Code running on device: cuda
----------------------------------------------------------------------------------------------------
Data loaded from file locations :
    SSN - /home/extern/Dropbox/Research/scripts/data/SILSO/TSN/SN_m_tot_V2.0.txt
    AA - /home/extern/Dropbox/Research/scripts/data/ISGI/aa_1869-01-01_2018-12-31_D.dat
----------------------------------------------------------------------------------------------------
Solar cycle data loaded/saved as: cycle_data.pickle
----------------------------------------------------------------------------------------------------
SC Number     Start Date       End Date      Solar Max   Length(in months)
         0      [1749, 1]      [1755, 1]         154.27                  73
         1      [1755, 2]      [1766, 5]         144.12                 136
         2      [1766, 6]      [1775, 5]         192.98                 108
         3      [1775, 6]      [1784, 8]         264.25                 111
         4      [1784, 9]      [1798, 3]         235.28                 163
         5      [1798, 4]     [1810, 11]          67.93                 152
         6     [1810, 12]      [1823, 4]          81.99                 149
         7      [1823, 5]     [1833, 10]          81.16                 126
         8     [1833, 11]      [1843, 6]         119.24                 116
         9      [1843, 7]     [1855, 11]         244.87                 149
        10     [1855, 12]      [1867, 2]         219.94                 135
        11      [1867, 3]     [1878, 11]         186.15                 141
        12     [1878, 12]      [1890, 2]         234.02                 135
        13      [1890, 3]      [1902, 0]         124.41                 142
        14      [1902, 1]      [1913, 6]         146.55                 138
        15      [1913, 7]      [1923, 7]         107.08                 121
        16      [1923, 8]      [1933, 8]         175.67                 121
        17      [1933, 9]      [1944, 1]         130.23                 125
        18      [1944, 2]      [1954, 3]         198.64                 122
        19      [1954, 4]      [1964, 9]         218.73                 126
        20     [1964, 10]      [1976, 2]          285.0                 137
        21      [1976, 3]      [1986, 8]         156.63                 126
        22      [1986, 9]      [1996, 4]         232.92                 116
        23      [1996, 5]     [2008, 11]         212.48                 151
        24     [2008, 12]     [2019, 11]         180.28                 132
----------------------------------------------------------------------------------------------------
Selected data:
    Training: SC 13 to 22
    Validation: SC 23
    Prediction: SC 24
----------------------------------------------------------------------------------------------------
Selected model: FFNN(
  (model): Sequential(
    (0): Linear(in_features=6, out_features=6, bias=True)
    (1): LeakyReLU(negative_slope=0.01, inplace=True)
    (2): Linear(in_features=6, out_features=3, bias=True)
    (3): LeakyReLU(negative_slope=0.01, inplace=True)
    (4): Linear(in_features=3, out_features=1, bias=True)
  )
)    Training mode: True    Prediction mode: True
----------------------------------------------------------------------------------------------------
Selected optimizer: Adam (
Parameter Group 0
    amsgrad: False
    betas: (0.9, 0.999)
    eps: 1e-08
    lr: 0.0001
    weight_decay: 0
)
----------------------------------------------------------------------------------------------------
Selected scheduler: ReduceLROnPlateau(
    {'factor': 0.9, 'min_lrs': [0], 'patience': 10, 'verbose': True, 'cooldown': 0, 'cooldown_counter': 0, 'mode': 'min', 'threshold': 0.0001, 'threshold_mode': 'rel', 'best': inf, 'num_bad_epochs': 0, 'mode_worse': inf, 'eps': 1e-08, 'last_epoch': 0})
----------------------------------------------------------------------------------------------------
No pre-trained models available, initializing model weights
----------------------------------------------------------------------------------------------------
Training model with solar cycle 12 to 22 data with: num_epochs=1400
Epoch [   5/1400] -> Loss: 82.5492
Epoch [  10/1400] -> Loss: 73.4337
Epoch [  15/1400] -> Loss: 66.5798
Epoch [  20/1400] -> Loss: 62.1267
Epoch [  25/1400] -> Loss: 58.9378
Epoch [  30/1400] -> Loss: 56.8822
Epoch [  35/1400] -> Loss: 55.2596
Epoch [  40/1400] -> Loss: 53.8338
Epoch [  45/1400] -> Loss: 52.4622
Epoch [  50/1400] -> Loss: 51.0449
Epoch [  55/1400] -> Loss: 49.5993
Epoch [  60/1400] -> Loss: 48.1109
Epoch [  65/1400] -> Loss: 46.5837
Epoch [  70/1400] -> Loss: 44.9743
Epoch [  75/1400] -> Loss: 43.3076
Epoch [  80/1400] -> Loss: 41.5727
Epoch [  85/1400] -> Loss: 39.7807
Epoch [  90/1400] -> Loss: 37.8737
Epoch [  95/1400] -> Loss: 36.0316
----------------------------------------------------------------------------------------------------
Model checkpoint saved as _FFNN_100.pth
----------------------------------------------------------------------------------------------------
Epoch [ 100/1400] -> Loss: 34.5919
Epoch [ 105/1400] -> Loss: 33.4460
Epoch [ 110/1400] -> Loss: 32.6137
Epoch [ 115/1400] -> Loss: 31.9591
Epoch [ 120/1400] -> Loss: 31.4410
Epoch [ 125/1400] -> Loss: 31.0437
Epoch [ 130/1400] -> Loss: 30.7424
Epoch [ 135/1400] -> Loss: 30.5113
Epoch [ 140/1400] -> Loss: 30.3309
Epoch [ 145/1400] -> Loss: 30.1926
Epoch [ 150/1400] -> Loss: 30.0793
Epoch [ 155/1400] -> Loss: 29.9730
Epoch [ 160/1400] -> Loss: 29.8640
Epoch [ 165/1400] -> Loss: 29.7699
Epoch [ 170/1400] -> Loss: 29.6807
Epoch [ 175/1400] -> Loss: 29.6016
Epoch [ 180/1400] -> Loss: 29.5260
Epoch [ 185/1400] -> Loss: 29.4572
Epoch [ 190/1400] -> Loss: 29.3878
Epoch [ 195/1400] -> Loss: 29.3251
----------------------------------------------------------------------------------------------------
Model checkpoint saved as _FFNN_200.pth
----------------------------------------------------------------------------------------------------
Epoch [ 200/1400] -> Loss: 29.2657
Epoch [ 205/1400] -> Loss: 29.2078
Epoch [ 210/1400] -> Loss: 29.1557
Epoch [ 215/1400] -> Loss: 29.1140
Epoch [ 220/1400] -> Loss: 29.0730
Epoch [ 225/1400] -> Loss: 29.0324
Epoch [ 230/1400] -> Loss: 28.9905
Epoch [ 235/1400] -> Loss: 28.9523
Epoch [ 240/1400] -> Loss: 28.9152
Epoch [ 245/1400] -> Loss: 28.8793
Epoch [ 250/1400] -> Loss: 28.8431
Epoch [ 255/1400] -> Loss: 28.8089
Epoch [ 260/1400] -> Loss: 28.7782
Epoch [ 265/1400] -> Loss: 28.7472
Epoch [ 270/1400] -> Loss: 28.7151
Epoch [ 275/1400] -> Loss: 28.6815
Epoch [ 280/1400] -> Loss: 28.6528
Epoch [ 285/1400] -> Loss: 28.6249
Epoch [ 290/1400] -> Loss: 28.5965
Epoch [ 295/1400] -> Loss: 28.5698
----------------------------------------------------------------------------------------------------
Model checkpoint saved as _FFNN_300.pth
----------------------------------------------------------------------------------------------------
Epoch [ 300/1400] -> Loss: 28.5453
Epoch [ 305/1400] -> Loss: 28.5226
Epoch [ 310/1400] -> Loss: 28.5018
Epoch [ 315/1400] -> Loss: 28.4774
Epoch [ 320/1400] -> Loss: 28.4570
Epoch [ 325/1400] -> Loss: 28.4350
Epoch [ 330/1400] -> Loss: 28.4152
Epoch [ 335/1400] -> Loss: 28.3948
Epoch [ 340/1400] -> Loss: 28.3767
Epoch [ 345/1400] -> Loss: 28.3548
Epoch [ 350/1400] -> Loss: 28.3388
Epoch [ 355/1400] -> Loss: 28.3229
Epoch [ 360/1400] -> Loss: 28.3085
Epoch [ 365/1400] -> Loss: 28.2919
Epoch [ 370/1400] -> Loss: 28.2766
Epoch [ 375/1400] -> Loss: 28.2607
Epoch [ 380/1400] -> Loss: 28.2483
Epoch [ 385/1400] -> Loss: 28.2361
Epoch [ 390/1400] -> Loss: 28.2220
Epoch [ 395/1400] -> Loss: 28.2080
----------------------------------------------------------------------------------------------------
Model checkpoint saved as _FFNN_400.pth
----------------------------------------------------------------------------------------------------
Epoch [ 400/1400] -> Loss: 28.1947
Epoch [ 405/1400] -> Loss: 28.1833
Epoch [ 410/1400] -> Loss: 28.1689
Epoch [ 415/1400] -> Loss: 28.1562
Epoch [ 420/1400] -> Loss: 28.1447
Epoch [ 425/1400] -> Loss: 28.1320
Epoch [ 430/1400] -> Loss: 28.1200
Epoch [ 435/1400] -> Loss: 28.1089
Epoch [ 440/1400] -> Loss: 28.0997
Epoch [ 445/1400] -> Loss: 28.0892
Epoch [ 450/1400] -> Loss: 28.0789
Epoch [ 455/1400] -> Loss: 28.0696
Epoch [ 460/1400] -> Loss: 28.0578
Epoch [ 465/1400] -> Loss: 28.0494
Epoch [ 470/1400] -> Loss: 28.0382
Epoch [ 475/1400] -> Loss: 28.0279
Epoch [ 480/1400] -> Loss: 28.0165
Epoch [ 485/1400] -> Loss: 28.0032
Epoch [ 490/1400] -> Loss: 27.9916
Epoch [ 495/1400] -> Loss: 27.9802
----------------------------------------------------------------------------------------------------
Model checkpoint saved as _FFNN_500.pth
----------------------------------------------------------------------------------------------------
Epoch [ 500/1400] -> Loss: 27.9702
Epoch [ 505/1400] -> Loss: 27.9592
Epoch [ 510/1400] -> Loss: 27.9499
Epoch [ 515/1400] -> Loss: 27.9385
Epoch [ 520/1400] -> Loss: 27.9312
Epoch [ 525/1400] -> Loss: 27.9226
Epoch [ 530/1400] -> Loss: 27.9147
Epoch [ 535/1400] -> Loss: 27.9059
Epoch [ 540/1400] -> Loss: 27.8970
Epoch [ 545/1400] -> Loss: 27.8905
Epoch [ 550/1400] -> Loss: 27.8848
Epoch [ 555/1400] -> Loss: 27.8757
Epoch [ 560/1400] -> Loss: 27.8684
Epoch [ 565/1400] -> Loss: 27.8624
Epoch [ 570/1400] -> Loss: 27.8565
Epoch [ 575/1400] -> Loss: 27.8513
Epoch [ 580/1400] -> Loss: 27.8450
Epoch [ 585/1400] -> Loss: 27.8372
Epoch [ 590/1400] -> Loss: 27.8340
Epoch [ 595/1400] -> Loss: 27.8262
----------------------------------------------------------------------------------------------------
Model checkpoint saved as _FFNN_600.pth
----------------------------------------------------------------------------------------------------
Epoch [ 600/1400] -> Loss: 27.8224
Epoch [ 605/1400] -> Loss: 27.8131
Epoch [ 610/1400] -> Loss: 27.8090
Epoch [ 615/1400] -> Loss: 27.8055
Epoch [ 620/1400] -> Loss: 27.7975
Epoch [ 625/1400] -> Loss: 27.7931
Epoch [ 630/1400] -> Loss: 27.7887
Epoch [ 635/1400] -> Loss: 27.7846
Epoch [ 640/1400] -> Loss: 27.7768
Epoch [ 645/1400] -> Loss: 27.7735
Epoch [ 650/1400] -> Loss: 27.7672
Epoch [ 655/1400] -> Loss: 27.7649
Epoch [ 660/1400] -> Loss: 27.7591
Epoch [ 665/1400] -> Loss: 27.7541
Epoch [ 670/1400] -> Loss: 27.7515
Epoch [ 675/1400] -> Loss: 27.7451
Epoch [ 680/1400] -> Loss: 27.7416
Epoch [ 685/1400] -> Loss: 27.7378
Epoch [ 690/1400] -> Loss: 27.7330
Epoch [ 695/1400] -> Loss: 27.7290
----------------------------------------------------------------------------------------------------
Model checkpoint saved as _FFNN_700.pth
----------------------------------------------------------------------------------------------------
Epoch [ 700/1400] -> Loss: 27.7241
Epoch [ 705/1400] -> Loss: 27.7224
Epoch [ 710/1400] -> Loss: 27.7168
Epoch [ 715/1400] -> Loss: 27.7122
Epoch [ 720/1400] -> Loss: 27.7084
Epoch [ 725/1400] -> Loss: 27.7050
Epoch [ 730/1400] -> Loss: 27.7003
Epoch [ 735/1400] -> Loss: 27.6967
Epoch [ 740/1400] -> Loss: 27.6946
Epoch [ 745/1400] -> Loss: 27.6910
Epoch [ 750/1400] -> Loss: 27.6885
Epoch [ 755/1400] -> Loss: 27.6842
Epoch [ 760/1400] -> Loss: 27.6809
Epoch [ 765/1400] -> Loss: 27.6787
Epoch [ 770/1400] -> Loss: 27.6720
Epoch [ 775/1400] -> Loss: 27.6708
Epoch [ 780/1400] -> Loss: 27.6686
Epoch [ 785/1400] -> Loss: 27.6630
Epoch [ 790/1400] -> Loss: 27.6604
Epoch [ 795/1400] -> Loss: 27.6544
----------------------------------------------------------------------------------------------------
Model checkpoint saved as _FFNN_800.pth
----------------------------------------------------------------------------------------------------
Epoch [ 800/1400] -> Loss: 27.6526
Epoch [ 805/1400] -> Loss: 27.6502
Epoch [ 810/1400] -> Loss: 27.6467
Epoch [ 815/1400] -> Loss: 27.6430
Epoch [ 820/1400] -> Loss: 27.6407
Epoch [ 825/1400] -> Loss: 27.6383
Epoch [ 830/1400] -> Loss: 27.6324
Epoch [ 835/1400] -> Loss: 27.6292
Epoch [ 840/1400] -> Loss: 27.6266
Epoch [ 845/1400] -> Loss: 27.6266
Epoch [ 850/1400] -> Loss: 27.6215
Epoch [ 855/1400] -> Loss: 27.6180
Epoch [ 860/1400] -> Loss: 27.6164
Epoch [ 865/1400] -> Loss: 27.6136
Epoch [ 870/1400] -> Loss: 27.6108
Epoch [ 875/1400] -> Loss: 27.6082
Epoch [ 880/1400] -> Loss: 27.6036
Epoch [ 885/1400] -> Loss: 27.6002
Epoch [ 890/1400] -> Loss: 27.5968
Epoch [ 895/1400] -> Loss: 27.5956
----------------------------------------------------------------------------------------------------
Model checkpoint saved as _FFNN_900.pth
----------------------------------------------------------------------------------------------------
Epoch [ 900/1400] -> Loss: 27.5941
Epoch [ 905/1400] -> Loss: 27.5880
Epoch [ 910/1400] -> Loss: 27.5854
Epoch [ 915/1400] -> Loss: 27.5821
Epoch [ 920/1400] -> Loss: 27.5786
Epoch [ 925/1400] -> Loss: 27.5767
Epoch [ 930/1400] -> Loss: 27.5726
Epoch [ 935/1400] -> Loss: 27.5699
Epoch [ 940/1400] -> Loss: 27.5675
Epoch [ 945/1400] -> Loss: 27.5654
Epoch [ 950/1400] -> Loss: 27.5625
Epoch [ 955/1400] -> Loss: 27.5595
Epoch [ 960/1400] -> Loss: 27.5573
Epoch [ 965/1400] -> Loss: 27.5534
Epoch [ 970/1400] -> Loss: 27.5521
Epoch [ 975/1400] -> Loss: 27.5495
Epoch [ 980/1400] -> Loss: 27.5485
Epoch [ 985/1400] -> Loss: 27.5436
Epoch [ 990/1400] -> Loss: 27.5432
Epoch [ 995/1400] -> Loss: 27.5405
----------------------------------------------------------------------------------------------------
Model checkpoint saved as _FFNN_1000.pth
----------------------------------------------------------------------------------------------------
Epoch [1000/1400] -> Loss: 27.5380
Epoch [1005/1400] -> Loss: 27.5343
Epoch [1010/1400] -> Loss: 27.5334
Epoch [1015/1400] -> Loss: 27.5331
Epoch [1020/1400] -> Loss: 27.5288
Epoch [1025/1400] -> Loss: 27.5264
Epoch [1030/1400] -> Loss: 27.5244
Epoch [1035/1400] -> Loss: 27.5221
Epoch [1040/1400] -> Loss: 27.5204
Epoch [1045/1400] -> Loss: 27.5176
Epoch [1050/1400] -> Loss: 27.5145
Epoch [1055/1400] -> Loss: 27.5132
Epoch [1060/1400] -> Loss: 27.5113
Epoch [1065/1400] -> Loss: 27.5080
Epoch [1070/1400] -> Loss: 27.5071
Epoch [1075/1400] -> Loss: 27.5041
Epoch [1080/1400] -> Loss: 27.5034
Epoch [1085/1400] -> Loss: 27.5010
Epoch  1087: reducing learning rate of group 0 to 9.0000e-05.
Epoch [1090/1400] -> Loss: 27.4982
Epoch [1095/1400] -> Loss: 27.4965
----------------------------------------------------------------------------------------------------
Model checkpoint saved as _FFNN_1100.pth
----------------------------------------------------------------------------------------------------
Epoch [1100/1400] -> Loss: 27.4939
Epoch [1105/1400] -> Loss: 27.4910
Epoch [1110/1400] -> Loss: 27.4894
Epoch [1115/1400] -> Loss: 27.4877
Epoch [1120/1400] -> Loss: 27.4860
Epoch  1125: reducing learning rate of group 0 to 8.1000e-05.
Epoch [1125/1400] -> Loss: 27.4836
Epoch [1130/1400] -> Loss: 27.4822
Epoch [1135/1400] -> Loss: 27.4810
Epoch  1138: reducing learning rate of group 0 to 7.2900e-05.
Epoch [1140/1400] -> Loss: 27.4773
Epoch [1145/1400] -> Loss: 27.4753
Epoch [1150/1400] -> Loss: 27.4742
Epoch [1155/1400] -> Loss: 27.4736
Epoch  1156: reducing learning rate of group 0 to 6.5610e-05.
Epoch [1160/1400] -> Loss: 27.4699
Epoch [1165/1400] -> Loss: 27.4703
Epoch [1170/1400] -> Loss: 27.4689
Epoch [1175/1400] -> Loss: 27.4668
Epoch  1178: reducing learning rate of group 0 to 5.9049e-05.
Epoch [1180/1400] -> Loss: 27.4651
Epoch [1185/1400] -> Loss: 27.4648
Epoch [1190/1400] -> Loss: 27.4627
Epoch [1195/1400] -> Loss: 27.4618
----------------------------------------------------------------------------------------------------
Model checkpoint saved as _FFNN_1200.pth
----------------------------------------------------------------------------------------------------
Epoch [1200/1400] -> Loss: 27.4623
Epoch  1201: reducing learning rate of group 0 to 5.3144e-05.
Epoch [1205/1400] -> Loss: 27.4579
Epoch [1210/1400] -> Loss: 27.4586
Epoch  1214: reducing learning rate of group 0 to 4.7830e-05.
Epoch [1215/1400] -> Loss: 27.4571
Epoch [1220/1400] -> Loss: 27.4565
Epoch [1225/1400] -> Loss: 27.4557
Epoch  1226: reducing learning rate of group 0 to 4.3047e-05.
Epoch [1230/1400] -> Loss: 27.4541
Epoch [1235/1400] -> Loss: 27.4542
Epoch [1240/1400] -> Loss: 27.4533
Epoch  1241: reducing learning rate of group 0 to 3.8742e-05.
Epoch [1245/1400] -> Loss: 27.4524
Epoch [1250/1400] -> Loss: 27.4511
Epoch [1255/1400] -> Loss: 27.4505
Epoch [1260/1400] -> Loss: 27.4502
Epoch  1261: reducing learning rate of group 0 to 3.4868e-05.
Epoch [1265/1400] -> Loss: 27.4494
Epoch [1270/1400] -> Loss: 27.4486
Epoch  1272: reducing learning rate of group 0 to 3.1381e-05.
Epoch [1275/1400] -> Loss: 27.4473
Epoch [1280/1400] -> Loss: 27.4474
Epoch  1284: reducing learning rate of group 0 to 2.8243e-05.
Epoch [1285/1400] -> Loss: 27.4465
Epoch [1290/1400] -> Loss: 27.4461
Epoch  1295: reducing learning rate of group 0 to 2.5419e-05.
Epoch [1295/1400] -> Loss: 27.4455
----------------------------------------------------------------------------------------------------
Model checkpoint saved as _FFNN_1300.pth
----------------------------------------------------------------------------------------------------
Epoch [1300/1400] -> Loss: 27.4448
Epoch [1305/1400] -> Loss: 27.4443
Epoch  1307: reducing learning rate of group 0 to 2.2877e-05.
Epoch [1310/1400] -> Loss: 27.4436
Epoch [1315/1400] -> Loss: 27.4432
Epoch  1318: reducing learning rate of group 0 to 2.0589e-05.
Epoch [1320/1400] -> Loss: 27.4433
Epoch [1325/1400] -> Loss: 27.4425
Epoch [1330/1400] -> Loss: 27.4421
Epoch [1335/1400] -> Loss: 27.4418
Epoch  1339: reducing learning rate of group 0 to 1.8530e-05.
Epoch [1340/1400] -> Loss: 27.4411
Epoch [1345/1400] -> Loss: 27.4409
Epoch  1350: reducing learning rate of group 0 to 1.6677e-05.
Epoch [1350/1400] -> Loss: 27.4407
Epoch [1355/1400] -> Loss: 27.4401
Epoch [1360/1400] -> Loss: 27.4400
Epoch  1361: reducing learning rate of group 0 to 1.5009e-05.
Epoch [1365/1400] -> Loss: 27.4395
Epoch [1370/1400] -> Loss: 27.4393
Epoch [1375/1400] -> Loss: 27.4391
Epoch [1380/1400] -> Loss: 27.4389
Epoch  1381: reducing learning rate of group 0 to 1.3509e-05.
Epoch [1385/1400] -> Loss: 27.4386
Epoch [1390/1400] -> Loss: 27.4382
Epoch  1392: reducing learning rate of group 0 to 1.2158e-05.
Epoch [1395/1400] -> Loss: 27.4381
----------------------------------------------------------------------------------------------------
Model checkpoint saved as _FFNN_1400.pth
----------------------------------------------------------------------------------------------------
Epoch [1400/1400] -> Loss: 27.4378
----------------------------------------------------------------------------------------------------
Plotting loss data...
----------------------------------------------------------------------------------------------------
Training finished successfully.
        Saved model checkpoints can be found in: /home/extern/Dropbox/Research/scripts/models/
        Saved data/loss graphs can be found in: /home/extern/Dropbox/Research/scripts/graphs/
----------------------------------------------------------------------------------------------------
Validating model for solar cycle 23 data
Step [   1/151] -> Date: 5/1996, Target: 7.6, Prediction: 21.29505729675293
Step [   2/151] -> Date: 6/1996, Target: 16.5, Prediction: 15.167980194091797
Step [   3/151] -> Date: 7/1996, Target: 11.8, Prediction: 8.234087944030762
Step [   4/151] -> Date: 8/1996, Target: 19.7, Prediction: 9.195404052734375
Step [   5/151] -> Date: 9/1996, Target: 3.0, Prediction: 8.88057804107666
Step [   6/151] -> Date: 10/1996, Target: 0.7, Prediction: 14.29062271118164
Step [   7/151] -> Date: 11/1996, Target: 24.9, Prediction: 20.3543701171875
Step [   8/151] -> Date: 12/1996, Target: 14.0, Prediction: 20.029863357543945
Step [   9/151] -> Date: 1/1997, Target: 7.4, Prediction: 13.336709976196289
Step [  10/151] -> Date: 2/1997, Target: 11.0, Prediction: 22.695415496826172
Step [  11/151] -> Date: 3/1997, Target: 12.1, Prediction: 28.310447692871094
Step [  12/151] -> Date: 4/1997, Target: 23.0, Prediction: 29.805877685546875
Step [  13/151] -> Date: 5/1997, Target: 25.4, Prediction: 57.95704650878906
Step [  14/151] -> Date: 6/1997, Target: 20.8, Prediction: 46.81078338623047
Step [  15/151] -> Date: 7/1997, Target: 12.9, Prediction: 34.10429382324219
Step [  16/151] -> Date: 8/1997, Target: 35.7, Prediction: 58.15677261352539
Step [  17/151] -> Date: 9/1997, Target: 59.7, Prediction: 49.06448745727539
Step [  18/151] -> Date: 10/1997, Target: 32.8, Prediction: 75.25885772705078
Step [  19/151] -> Date: 11/1997, Target: 50.4, Prediction: 86.71672821044922
Step [  20/151] -> Date: 12/1997, Target: 55.5, Prediction: 68.62506103515625
Step [  21/151] -> Date: 1/1998, Target: 44.5, Prediction: 92.8707046508789
Step [  22/151] -> Date: 2/1998, Target: 50.2, Prediction: 95.21562194824219
Step [  23/151] -> Date: 3/1998, Target: 82.0, Prediction: 96.96321868896484
Step [  24/151] -> Date: 4/1998, Target: 70.6, Prediction: 96.066162109375
Step [  25/151] -> Date: 5/1998, Target: 74.0, Prediction: 147.95257568359375
Step [  26/151] -> Date: 6/1998, Target: 90.5, Prediction: 146.3363800048828
Step [  27/151] -> Date: 7/1998, Target: 96.7, Prediction: 183.49305725097656
Step [  28/151] -> Date: 8/1998, Target: 121.1, Prediction: 180.48300170898438
Step [  29/151] -> Date: 9/1998, Target: 132.0, Prediction: 177.5458526611328
Step [  30/151] -> Date: 10/1998, Target: 78.5, Prediction: 176.82200622558594
Step [  31/151] -> Date: 11/1998, Target: 97.3, Prediction: 164.2322540283203
Step [  32/151] -> Date: 12/1998, Target: 119.2, Prediction: 169.31300354003906
Step [  33/151] -> Date: 1/1999, Target: 86.0, Prediction: 199.2344512939453
Step [  34/151] -> Date: 2/1999, Target: 98.0, Prediction: 159.47125244140625
Step [  35/151] -> Date: 3/1999, Target: 103.5, Prediction: 183.88156127929688
Step [  36/151] -> Date: 4/1999, Target: 93.6, Prediction: 184.93112182617188
Step [  37/151] -> Date: 5/1999, Target: 149.6, Prediction: 204.31439208984375
Step [  38/151] -> Date: 6/1999, Target: 207.2, Prediction: 218.16029357910156
Step [  39/151] -> Date: 7/1999, Target: 173.5, Prediction: 209.63262939453125
Step [  40/151] -> Date: 8/1999, Target: 142.3, Prediction: 214.1214599609375
Step [  41/151] -> Date: 9/1999, Target: 106.3, Prediction: 194.23387145996094
Step [  42/151] -> Date: 10/1999, Target: 168.7, Prediction: 196.5172119140625
Step [  43/151] -> Date: 11/1999, Target: 188.3, Prediction: 192.2908935546875
Step [  44/151] -> Date: 12/1999, Target: 116.8, Prediction: 180.3577423095703
Step [  45/151] -> Date: 1/2000, Target: 133.1, Prediction: 170.42221069335938
Step [  46/151] -> Date: 2/2000, Target: 165.7, Prediction: 183.60443115234375
Step [  47/151] -> Date: 3/2000, Target: 217.7, Prediction: 209.57249450683594
Step [  48/151] -> Date: 4/2000, Target: 191.5, Prediction: 182.8729248046875
Step [  49/151] -> Date: 5/2000, Target: 165.9, Prediction: 196.83497619628906
Step [  50/151] -> Date: 6/2000, Target: 188.0, Prediction: 191.17416381835938
Step [  51/151] -> Date: 7/2000, Target: 244.3, Prediction: 199.13473510742188
Step [  52/151] -> Date: 8/2000, Target: 180.5, Prediction: 198.75758361816406
Step [  53/151] -> Date: 9/2000, Target: 156.0, Prediction: 213.19747924804688
Step [  54/151] -> Date: 10/2000, Target: 141.6, Prediction: 197.96124267578125
Step [  55/151] -> Date: 11/2000, Target: 158.1, Prediction: 190.54444885253906
Step [  56/151] -> Date: 12/2000, Target: 143.3, Prediction: 176.59324645996094
Step [  57/151] -> Date: 1/2001, Target: 142.6, Prediction: 202.62600708007812
Step [  58/151] -> Date: 2/2001, Target: 121.5, Prediction: 203.29736328125
Step [  59/151] -> Date: 3/2001, Target: 165.8, Prediction: 207.35012817382812
Step [  60/151] -> Date: 4/2001, Target: 161.7, Prediction: 182.83636474609375
Step [  61/151] -> Date: 5/2001, Target: 142.1, Prediction: 179.95620727539062
Step [  62/151] -> Date: 6/2001, Target: 202.9, Prediction: 171.46188354492188
Step [  63/151] -> Date: 7/2001, Target: 123.0, Prediction: 187.14596557617188
Step [  64/151] -> Date: 8/2001, Target: 161.5, Prediction: 181.18878173828125
Step [  65/151] -> Date: 9/2001, Target: 238.2, Prediction: 195.8586883544922
Step [  66/151] -> Date: 10/2001, Target: 194.1, Prediction: 157.4651336669922
Step [  67/151] -> Date: 11/2001, Target: 176.6, Prediction: 148.7549591064453
Step [  68/151] -> Date: 12/2001, Target: 213.4, Prediction: 130.31715393066406
Step [  69/151] -> Date: 1/2002, Target: 184.6, Prediction: 128.65289306640625
Step [  70/151] -> Date: 2/2002, Target: 170.2, Prediction: 132.8854522705078
Step [  71/151] -> Date: 3/2002, Target: 147.1, Prediction: 128.81283569335938
Step [  72/151] -> Date: 4/2002, Target: 186.9, Prediction: 136.4132843017578
Step [  73/151] -> Date: 5/2002, Target: 187.5, Prediction: 119.18580627441406
Step [  74/151] -> Date: 6/2002, Target: 128.8, Prediction: 121.05883026123047
Step [  75/151] -> Date: 7/2002, Target: 161.0, Prediction: 120.4795913696289
Step [  76/151] -> Date: 8/2002, Target: 175.6, Prediction: 106.83576965332031
Step [  77/151] -> Date: 9/2002, Target: 187.9, Prediction: 120.11767578125
Step [  78/151] -> Date: 10/2002, Target: 151.2, Prediction: 109.70266723632812
Step [  79/151] -> Date: 11/2002, Target: 147.2, Prediction: 100.3003921508789
Step [  80/151] -> Date: 12/2002, Target: 135.3, Prediction: 89.2679443359375
Step [  81/151] -> Date: 1/2003, Target: 133.5, Prediction: 83.92190551757812
Step [  82/151] -> Date: 2/2003, Target: 75.7, Prediction: 87.24590301513672
Step [  83/151] -> Date: 3/2003, Target: 100.7, Prediction: 83.4303970336914
Step [  84/151] -> Date: 4/2003, Target: 97.9, Prediction: 77.27063751220703
Step [  85/151] -> Date: 5/2003, Target: 86.8, Prediction: 75.58747100830078
Step [  86/151] -> Date: 6/2003, Target: 118.7, Prediction: 68.89604949951172
Step [  87/151] -> Date: 7/2003, Target: 128.3, Prediction: 74.44148254394531
Step [  88/151] -> Date: 8/2003, Target: 115.4, Prediction: 80.18424224853516
Step [  89/151] -> Date: 9/2003, Target: 78.5, Prediction: 78.20729064941406
Step [  90/151] -> Date: 10/2003, Target: 97.8, Prediction: 69.5687484741211
Step [  91/151] -> Date: 11/2003, Target: 82.9, Prediction: 60.10758590698242
Step [  92/151] -> Date: 12/2003, Target: 72.2, Prediction: 55.576839447021484
Step [  93/151] -> Date: 1/2004, Target: 60.6, Prediction: 52.64320755004883
Step [  94/151] -> Date: 2/2004, Target: 74.6, Prediction: 54.61579132080078
Step [  95/151] -> Date: 3/2004, Target: 74.8, Prediction: 55.31028747558594
Step [  96/151] -> Date: 4/2004, Target: 59.2, Prediction: 63.514339447021484
Step [  97/151] -> Date: 5/2004, Target: 72.8, Prediction: 55.88630294799805
Step [  98/151] -> Date: 6/2004, Target: 66.5, Prediction: 38.15251541137695
Step [  99/151] -> Date: 7/2004, Target: 83.8, Prediction: 39.02007293701172
Step [ 100/151] -> Date: 8/2004, Target: 69.7, Prediction: 38.797943115234375
Step [ 101/151] -> Date: 9/2004, Target: 48.8, Prediction: 43.76248550415039
Step [ 102/151] -> Date: 10/2004, Target: 74.2, Prediction: 43.98970031738281
Step [ 103/151] -> Date: 11/2004, Target: 70.1, Prediction: 37.70140075683594
Step [ 104/151] -> Date: 12/2004, Target: 28.9, Prediction: 41.8198356628418
Step [ 105/151] -> Date: 1/2005, Target: 48.1, Prediction: 35.59965896606445
Step [ 106/151] -> Date: 2/2005, Target: 43.5, Prediction: 32.27583312988281
Step [ 107/151] -> Date: 3/2005, Target: 39.6, Prediction: 32.47560501098633
Step [ 108/151] -> Date: 4/2005, Target: 38.7, Prediction: 34.385162353515625
Step [ 109/151] -> Date: 5/2005, Target: 61.9, Prediction: 23.620445251464844
Step [ 110/151] -> Date: 6/2005, Target: 56.8, Prediction: 11.362419128417969
Step [ 111/151] -> Date: 7/2005, Target: 62.4, Prediction: 11.951078414916992
Step [ 112/151] -> Date: 8/2005, Target: 60.5, Prediction: 12.051189422607422
Step [ 113/151] -> Date: 9/2005, Target: 37.2, Prediction: 11.996450424194336
Step [ 114/151] -> Date: 10/2005, Target: 13.2, Prediction: 15.042893409729004
Step [ 115/151] -> Date: 11/2005, Target: 27.5, Prediction: 12.877178192138672
Step [ 116/151] -> Date: 12/2005, Target: 59.3, Prediction: 9.521890640258789
Step [ 117/151] -> Date: 1/2006, Target: 20.9, Prediction: 10.543362617492676
Step [ 118/151] -> Date: 2/2006, Target: 5.7, Prediction: 11.299856185913086
Step [ 119/151] -> Date: 3/2006, Target: 17.3, Prediction: 15.856978416442871
Step [ 120/151] -> Date: 4/2006, Target: 50.3, Prediction: 15.102513313293457
Step [ 121/151] -> Date: 5/2006, Target: 37.2, Prediction: 7.572916030883789
Step [ 122/151] -> Date: 6/2006, Target: 24.5, Prediction: 7.75639009475708
Step [ 123/151] -> Date: 7/2006, Target: 22.2, Prediction: 7.720027923583984
Step [ 124/151] -> Date: 8/2006, Target: 20.8, Prediction: 7.662103176116943
Step [ 125/151] -> Date: 9/2006, Target: 23.7, Prediction: 7.635051250457764
Step [ 126/151] -> Date: 10/2006, Target: 14.9, Prediction: 7.462512969970703
Step [ 127/151] -> Date: 11/2006, Target: 35.7, Prediction: 9.809784889221191
Step [ 128/151] -> Date: 12/2006, Target: 22.3, Prediction: 8.89461898803711
Step [ 129/151] -> Date: 1/2007, Target: 29.3, Prediction: 7.219240665435791
Step [ 130/151] -> Date: 2/2007, Target: 18.4, Prediction: 7.180427551269531
Step [ 131/151] -> Date: 3/2007, Target: 7.2, Prediction: 10.867793083190918
Step [ 132/151] -> Date: 4/2007, Target: 5.4, Prediction: 20.315166473388672
Step [ 133/151] -> Date: 5/2007, Target: 19.5, Prediction: 19.06083869934082
Step [ 134/151] -> Date: 6/2007, Target: 21.3, Prediction: 23.22916030883789
Step [ 135/151] -> Date: 7/2007, Target: 15.1, Prediction: 19.954038619995117
Step [ 136/151] -> Date: 8/2007, Target: 9.8, Prediction: 20.686927795410156
Step [ 137/151] -> Date: 9/2007, Target: 4.0, Prediction: 22.414981842041016
Step [ 138/151] -> Date: 10/2007, Target: 1.5, Prediction: 36.749759674072266
Step [ 139/151] -> Date: 11/2007, Target: 2.8, Prediction: 30.814815521240234
Step [ 140/151] -> Date: 12/2007, Target: 17.3, Prediction: 38.63426208496094
Step [ 141/151] -> Date: 1/2008, Target: 4.1, Prediction: 37.91974639892578
Step [ 142/151] -> Date: 2/2008, Target: 2.9, Prediction: 39.95003890991211
Step [ 143/151] -> Date: 3/2008, Target: 15.5, Prediction: 51.583251953125
Step [ 144/151] -> Date: 4/2008, Target: 3.6, Prediction: 50.553409576416016
Step [ 145/151] -> Date: 5/2008, Target: 4.6, Prediction: 62.91037368774414
Step [ 146/151] -> Date: 6/2008, Target: 5.2, Prediction: 72.98507690429688
Step [ 147/151] -> Date: 7/2008, Target: 0.6, Prediction: 76.13311767578125
Step [ 148/151] -> Date: 8/2008, Target: 0.3, Prediction: 64.52694702148438
Step [ 149/151] -> Date: 9/2008, Target: 1.2, Prediction: 72.99723052978516
Step [ 150/151] -> Date: 10/2008, Target: 4.2, Prediction: 80.21492767333984
Step [ 151/151] -> Date: 11/2008, Target: 6.6, Prediction: 76.87060546875
----------------------------------------------------------------------------------------------------
Average Validation Loss: 33.14110198557771
----------------------------------------------------------------------------------------------------
Plotting data...
----------------------------------------------------------------------------------------------------
Plotting loss data...
----------------------------------------------------------------------------------------------------
Validation finished successfully.

        Saved prediction/loss graphs can be found in: /home/extern/Dropbox/Research/scripts/graphs/
----------------------------------------------------------------------------------------------------
Predicting SC 24 using the above trained model
Step [   1/151] -> Date: 12/2008, Prediction: 9.43028450012207
Step [   2/151] -> Date: 1/2009, Prediction: 9.736660957336426
Step [   3/151] -> Date: 2/2009, Prediction: 14.441973686218262
Step [   4/151] -> Date: 3/2009, Prediction: 14.394301414489746
Step [   5/151] -> Date: 4/2009, Prediction: 12.392261505126953
Step [   6/151] -> Date: 5/2009, Prediction: 15.536556243896484
Step [   7/151] -> Date: 6/2009, Prediction: 12.739542961120605
Step [   8/151] -> Date: 7/2009, Prediction: 12.220415115356445
Step [   9/151] -> Date: 8/2009, Prediction: 15.877484321594238
Step [  10/151] -> Date: 9/2009, Prediction: 13.11210823059082
Step [  11/151] -> Date: 10/2009, Prediction: 17.307477951049805
Step [  12/151] -> Date: 11/2009, Prediction: 15.235395431518555
Step [  13/151] -> Date: 12/2009, Prediction: 30.923416137695312
Step [  14/151] -> Date: 1/2010, Prediction: 27.194137573242188
Step [  15/151] -> Date: 2/2010, Prediction: 34.611812591552734
Step [  16/151] -> Date: 3/2010, Prediction: 50.24302673339844
Step [  17/151] -> Date: 4/2010, Prediction: 39.8388786315918
Step [  18/151] -> Date: 5/2010, Prediction: 50.8149528503418
Step [  19/151] -> Date: 6/2010, Prediction: 51.18476867675781
Step [  20/151] -> Date: 7/2010, Prediction: 51.879940032958984
Step [  21/151] -> Date: 8/2010, Prediction: 54.60087203979492
Step [  22/151] -> Date: 9/2010, Prediction: 73.43740844726562
Step [  23/151] -> Date: 10/2010, Prediction: 62.017913818359375
Step [  24/151] -> Date: 11/2010, Prediction: 67.42816925048828
Step [  25/151] -> Date: 12/2010, Prediction: 113.10722351074219
Step [  26/151] -> Date: 1/2011, Prediction: 114.59929656982422
Step [  27/151] -> Date: 2/2011, Prediction: 131.24607849121094
Step [  28/151] -> Date: 3/2011, Prediction: 133.79440307617188
Step [  29/151] -> Date: 4/2011, Prediction: 111.14152526855469
Step [  30/151] -> Date: 5/2011, Prediction: 126.03016662597656
Step [  31/151] -> Date: 6/2011, Prediction: 132.31549072265625
Step [  32/151] -> Date: 7/2011, Prediction: 121.32933044433594
Step [  33/151] -> Date: 8/2011, Prediction: 127.73622131347656
Step [  34/151] -> Date: 9/2011, Prediction: 130.760009765625
Step [  35/151] -> Date: 10/2011, Prediction: 122.21504211425781
Step [  36/151] -> Date: 11/2011, Prediction: 142.57081604003906
Step [  37/151] -> Date: 12/2011, Prediction: 198.03968811035156
Step [  38/151] -> Date: 1/2012, Prediction: 185.7039794921875
Step [  39/151] -> Date: 2/2012, Prediction: 176.52980041503906
Step [  40/151] -> Date: 3/2012, Prediction: 163.8199462890625
Step [  41/151] -> Date: 4/2012, Prediction: 191.51588439941406
Step [  42/151] -> Date: 5/2012, Prediction: 193.11148071289062
Step [  43/151] -> Date: 6/2012, Prediction: 161.8260498046875
Step [  44/151] -> Date: 7/2012, Prediction: 164.99949645996094
Step [  45/151] -> Date: 8/2012, Prediction: 176.0631561279297
Step [  46/151] -> Date: 9/2012, Prediction: 192.0146942138672
Step [  47/151] -> Date: 10/2012, Prediction: 187.03538513183594
Step [  48/151] -> Date: 11/2012, Prediction: 181.69569396972656
Step [  49/151] -> Date: 12/2012, Prediction: 192.6490478515625
Step [  50/151] -> Date: 1/2013, Prediction: 218.1433868408203
Step [  51/151] -> Date: 2/2013, Prediction: 195.42031860351562
Step [  52/151] -> Date: 3/2013, Prediction: 187.7917022705078
Step [  53/151] -> Date: 4/2013, Prediction: 179.66317749023438
Step [  54/151] -> Date: 5/2013, Prediction: 181.88491821289062
Step [  55/151] -> Date: 6/2013, Prediction: 168.96856689453125
Step [  56/151] -> Date: 7/2013, Prediction: 165.5493621826172
Step [  57/151] -> Date: 8/2013, Prediction: 155.19525146484375
Step [  58/151] -> Date: 9/2013, Prediction: 175.23797607421875
Step [  59/151] -> Date: 10/2013, Prediction: 176.90292358398438
Step [  60/151] -> Date: 11/2013, Prediction: 170.01583862304688
Step [  61/151] -> Date: 12/2013, Prediction: 175.642822265625
Step [  62/151] -> Date: 1/2014, Prediction: 150.66293334960938
Step [  63/151] -> Date: 2/2014, Prediction: 166.74037170410156
Step [  64/151] -> Date: 3/2014, Prediction: 194.75289916992188
Step [  65/151] -> Date: 4/2014, Prediction: 178.59800720214844
Step [  66/151] -> Date: 5/2014, Prediction: 166.6210174560547
Step [  67/151] -> Date: 6/2014, Prediction: 174.3363494873047
Step [  68/151] -> Date: 7/2014, Prediction: 159.6403350830078
Step [  69/151] -> Date: 8/2014, Prediction: 153.3140869140625
Step [  70/151] -> Date: 9/2014, Prediction: 145.31491088867188
Step [  71/151] -> Date: 10/2014, Prediction: 163.4978790283203
Step [  72/151] -> Date: 11/2014, Prediction: 166.14645385742188
Step [  73/151] -> Date: 12/2014, Prediction: 114.38117980957031
Step [  74/151] -> Date: 1/2015, Prediction: 131.059326171875
Step [  75/151] -> Date: 2/2015, Prediction: 138.89918518066406
Step [  76/151] -> Date: 3/2015, Prediction: 142.7711181640625
Step [  77/151] -> Date: 4/2015, Prediction: 131.27294921875
Step [  78/151] -> Date: 5/2015, Prediction: 123.70098114013672
Step [  79/151] -> Date: 6/2015, Prediction: 113.83361053466797
Step [  80/151] -> Date: 7/2015, Prediction: 109.51467895507812
Step [  81/151] -> Date: 8/2015, Prediction: 88.49453735351562
Step [  82/151] -> Date: 9/2015, Prediction: 98.74431610107422
Step [  83/151] -> Date: 10/2015, Prediction: 100.10984802246094
Step [  84/151] -> Date: 11/2015, Prediction: 101.82362365722656
Step [  85/151] -> Date: 12/2015, Prediction: 87.45531463623047
Step [  86/151] -> Date: 1/2016, Prediction: 92.46419525146484
Step [  87/151] -> Date: 2/2016, Prediction: 93.1125259399414
Step [  88/151] -> Date: 3/2016, Prediction: 80.88433074951172
Step [  89/151] -> Date: 4/2016, Prediction: 87.38961029052734
Step [  90/151] -> Date: 5/2016, Prediction: 77.00675964355469
Step [  91/151] -> Date: 6/2016, Prediction: 65.85450744628906
Step [  92/151] -> Date: 7/2016, Prediction: 60.4551887512207
Step [  93/151] -> Date: 8/2016, Prediction: 58.02101516723633
Step [  94/151] -> Date: 9/2016, Prediction: 59.679161071777344
Step [  95/151] -> Date: 10/2016, Prediction: 60.41761779785156
Step [  96/151] -> Date: 11/2016, Prediction: 68.39372253417969
Step [  97/151] -> Date: 12/2016, Prediction: 44.74203109741211
Step [  98/151] -> Date: 1/2017, Prediction: 58.127716064453125
Step [  99/151] -> Date: 2/2017, Prediction: 45.053829193115234
Step [ 100/151] -> Date: 3/2017, Prediction: 38.643836975097656
Step [ 101/151] -> Date: 4/2017, Prediction: 46.935543060302734
Step [ 102/151] -> Date: 5/2017, Prediction: 59.10933303833008
Step [ 103/151] -> Date: 6/2017, Prediction: 38.897132873535156
Step [ 104/151] -> Date: 7/2017, Prediction: 50.7990608215332
Step [ 105/151] -> Date: 8/2017, Prediction: 43.3286247253418
Step [ 106/151] -> Date: 9/2017, Prediction: 41.95231246948242
Step [ 107/151] -> Date: 10/2017, Prediction: 39.71666717529297
Step [ 108/151] -> Date: 11/2017, Prediction: 51.91923141479492
Step [ 109/151] -> Date: 12/2017, Prediction: 26.05099105834961
Step [ 110/151] -> Date: 1/2018, Prediction: 29.910232543945312
Step [ 111/151] -> Date: 2/2018, Prediction: 29.110198974609375
Step [ 112/151] -> Date: 3/2018, Prediction: 27.20504379272461
Step [ 113/151] -> Date: 4/2018, Prediction: 10.260894775390625
Step [ 114/151] -> Date: 5/2018, Prediction: 16.11545181274414
Step [ 115/151] -> Date: 6/2018, Prediction: 26.140533447265625
Step [ 116/151] -> Date: 7/2018, Prediction: 13.16096019744873
Step [ 117/151] -> Date: 8/2018, Prediction: 8.909351348876953
Step [ 118/151] -> Date: 9/2018, Prediction: 13.631528854370117
Step [ 119/151] -> Date: 10/2018, Prediction: 24.836524963378906
Step [ 120/151] -> Date: 11/2018, Prediction: 17.154211044311523
Step [ 121/151] -> Date: 12/2018, Prediction: 7.641721725463867
Step [ 122/151] -> Date: 1/2019, Prediction: 7.697414398193359
Step [ 123/151] -> Date: 2/2019, Prediction: 7.788072109222412
Step [ 124/151] -> Date: 3/2019, Prediction: 7.751890182495117
Step [ 125/151] -> Date: 4/2019, Prediction: 7.614151954650879
Step [ 126/151] -> Date: 5/2019, Prediction: 11.861381530761719
Step [ 127/151] -> Date: 6/2019, Prediction: 13.505247116088867
Step [ 128/151] -> Date: 7/2019, Prediction: 12.720537185668945
Step [ 129/151] -> Date: 8/2019, Prediction: 7.212785720825195
Step [ 130/151] -> Date: 9/2019, Prediction: 7.185384750366211
Step [ 131/151] -> Date: 10/2019, Prediction: 7.281881332397461
Step [ 132/151] -> Date: 11/2019, Prediction: 7.475125789642334
Step [ 133/151] -> Date: 12/2019, Prediction: 11.851428031921387
Step [ 134/151] -> Date: 1/2020, Prediction: 9.980293273925781
Step [ 135/151] -> Date: 2/2020, Prediction: 8.076086044311523
Step [ 136/151] -> Date: 3/2020, Prediction: 8.845462799072266
Step [ 137/151] -> Date: 4/2020, Prediction: 7.773595333099365
Step [ 138/151] -> Date: 5/2020, Prediction: 7.656008720397949
Step [ 139/151] -> Date: 6/2020, Prediction: 11.665640830993652
Step [ 140/151] -> Date: 7/2020, Prediction: 10.699793815612793
Step [ 141/151] -> Date: 8/2020, Prediction: 14.39687442779541
Step [ 142/151] -> Date: 9/2020, Prediction: 17.175678253173828
Step [ 143/151] -> Date: 10/2020, Prediction: 10.99896240234375
Step [ 144/151] -> Date: 11/2020, Prediction: 8.167997360229492
Step [ 145/151] -> Date: 12/2020, Prediction: 26.84581756591797
Step [ 146/151] -> Date: 1/2021, Prediction: 22.877071380615234
Step [ 147/151] -> Date: 2/2021, Prediction: 21.596302032470703
Step [ 148/151] -> Date: 3/2021, Prediction: 22.798641204833984
Step [ 149/151] -> Date: 4/2021, Prediction: 25.51044464111328
Step [ 150/151] -> Date: 5/2021, Prediction: 24.499080657958984
Step [ 151/151] -> Date: 6/2021, Prediction: 24.387226104736328
----------------------------------------------------------------------------------------------------
Plotting data...
----------------------------------------------------------------------------------------------------
All newly generated files moved to saved outputs and shared with the cloud(Dropbox) successfully!
