----------------------------------------------------------------------------------------------------
Usage: python3 SSN_predictor.py <path_to_ssn_datafile> <path_to_aa_datafile>
----------------------------------------------------------------------------------------------------
Code running on device: cuda
----------------------------------------------------------------------------------------------------
Data loaded from file locations :
    SSN - /home/extern/Dropbox/Research/scripts/data/SILSO/TSN/SN_m_tot_V2.0.txt
    AA - /home/extern/Dropbox/Research/scripts/data/ISGI/aa_1869-01-01_2018-12-31_D.dat
----------------------------------------------------------------------------------------------------
Solar cycle data loaded/saved as: cycle_data.pickle
----------------------------------------------------------------------------------------------------
SC Number     Start Date       End Date      Solar Max   Length(in months)
         0      [1749, 1]      [1755, 1]         154.27                  73
         1      [1755, 2]      [1766, 5]         144.12                 136
         2      [1766, 6]      [1775, 5]         192.98                 108
         3      [1775, 6]      [1784, 8]         264.25                 111
         4      [1784, 9]      [1798, 3]         235.28                 163
         5      [1798, 4]     [1810, 11]          67.93                 152
         6     [1810, 12]      [1823, 4]          81.99                 149
         7      [1823, 5]     [1833, 10]          81.16                 126
         8     [1833, 11]      [1843, 6]         119.24                 116
         9      [1843, 7]     [1855, 11]         244.87                 149
        10     [1855, 12]      [1867, 2]         219.94                 135
        11      [1867, 3]     [1878, 11]         186.15                 141
        12     [1878, 12]      [1890, 2]         234.02                 135
        13      [1890, 3]      [1902, 0]         124.41                 142
        14      [1902, 1]      [1913, 6]         146.55                 138
        15      [1913, 7]      [1923, 7]         107.08                 121
        16      [1923, 8]      [1933, 8]         175.67                 121
        17      [1933, 9]      [1944, 1]         130.23                 125
        18      [1944, 2]      [1954, 3]         198.64                 122
        19      [1954, 4]      [1964, 9]         218.73                 126
        20     [1964, 10]      [1976, 2]          285.0                 137
        21      [1976, 3]      [1986, 8]         156.63                 126
        22      [1986, 9]      [1996, 4]         232.92                 116
        23      [1996, 5]     [2008, 11]         212.48                 151
        24     [2008, 12]     [2019, 11]         180.28                 132
----------------------------------------------------------------------------------------------------
Selected model: FFNN(
  (model): Sequential(
    (0): Linear(in_features=6, out_features=6, bias=True)
    (1): LeakyReLU(negative_slope=0.01, inplace=True)
    (2): Linear(in_features=6, out_features=3, bias=True)
    (3): LeakyReLU(negative_slope=0.01, inplace=True)
    (4): Linear(in_features=3, out_features=1, bias=True)
  )
)    Training mode: True    Prediction mode: True
----------------------------------------------------------------------------------------------------
Selected optimizer: Adam (
Parameter Group 0
    amsgrad: False
    betas: (0.9, 0.999)
    eps: 1e-08
    lr: 0.0005
    weight_decay: 0
)
----------------------------------------------------------------------------------------------------
Selected scheduler: ReduceLROnPlateau(
    {'factor': 0.9, 'min_lrs': [0], 'patience': 10, 'verbose': True, 'cooldown': 0, 'cooldown_counter': 0, 'mode': 'min', 'threshold': 0.0001, 'threshold_mode': 'rel', 'best': inf, 'num_bad_epochs': 0, 'mode_worse': inf, 'eps': 1e-08, 'last_epoch': 0})
----------------------------------------------------------------------------------------------------
No pre-trained models available, initializing model weights
----------------------------------------------------------------------------------------------------
Training model with solar cycle 12 to 22 data with: num_epochs=1200
Epoch [   5/1200] -> Loss: 42.6231
Epoch [  10/1200] -> Loss: 41.8085
Epoch [  15/1200] -> Loss: 41.8736
Epoch [  20/1200] -> Loss: 41.6587
Epoch [  25/1200] -> Loss: 41.4510
Epoch [  30/1200] -> Loss: 41.3898
Epoch [  35/1200] -> Loss: 41.2537
Epoch [  40/1200] -> Loss: 41.1410
Epoch [  45/1200] -> Loss: 41.1869
Epoch    50: reducing learning rate of group 0 to 4.5000e-04.
Epoch [  50/1200] -> Loss: 40.8972
Epoch [  55/1200] -> Loss: 41.0208
Epoch [  60/1200] -> Loss: 41.0046
Epoch [  65/1200] -> Loss: 40.5786
Epoch [  70/1200] -> Loss: 40.3498
Epoch [  75/1200] -> Loss: 40.1409
Epoch [  80/1200] -> Loss: 40.2795
Epoch [  85/1200] -> Loss: 40.0104
Epoch [  90/1200] -> Loss: 39.8303
Epoch [  95/1200] -> Loss: 39.7106
----------------------------------------------------------------------------------------------------
Model checkpoint saved as _FFNN_100.pth
----------------------------------------------------------------------------------------------------
Epoch [ 100/1200] -> Loss: 39.4655
Epoch [ 105/1200] -> Loss: 39.4430
Epoch [ 110/1200] -> Loss: 39.3632
Epoch [ 115/1200] -> Loss: 39.2160
Epoch [ 120/1200] -> Loss: 38.7477
Epoch [ 125/1200] -> Loss: 39.0970
Epoch [ 130/1200] -> Loss: 38.2975
Epoch [ 135/1200] -> Loss: 38.3737
Epoch [ 140/1200] -> Loss: 38.0401
Epoch [ 145/1200] -> Loss: 38.0520
Epoch [ 150/1200] -> Loss: 37.9415
Epoch [ 155/1200] -> Loss: 37.5073
Epoch [ 160/1200] -> Loss: 36.8848
Epoch [ 165/1200] -> Loss: 37.4594
Epoch [ 170/1200] -> Loss: 36.7893
Epoch [ 175/1200] -> Loss: 36.5479
Epoch [ 180/1200] -> Loss: 36.5758
Epoch [ 185/1200] -> Loss: 36.4920
Epoch [ 190/1200] -> Loss: 36.2196
Epoch [ 195/1200] -> Loss: 36.0315
----------------------------------------------------------------------------------------------------
Model checkpoint saved as _FFNN_200.pth
----------------------------------------------------------------------------------------------------
Epoch [ 200/1200] -> Loss: 36.2555
Epoch [ 205/1200] -> Loss: 35.9015
Epoch [ 210/1200] -> Loss: 35.8687
Epoch [ 215/1200] -> Loss: 35.9994
Epoch [ 220/1200] -> Loss: 35.9279
Epoch [ 225/1200] -> Loss: 35.4437
Epoch [ 230/1200] -> Loss: 35.3799
Epoch [ 235/1200] -> Loss: 35.5181
Epoch [ 240/1200] -> Loss: 35.6384
Epoch [ 245/1200] -> Loss: 35.4741
Epoch [ 250/1200] -> Loss: 35.4670
Epoch [ 255/1200] -> Loss: 35.5193
Epoch   258: reducing learning rate of group 0 to 4.0500e-04.
Epoch [ 260/1200] -> Loss: 35.0399
Epoch [ 265/1200] -> Loss: 35.5184
Epoch [ 270/1200] -> Loss: 35.6634
Epoch   271: reducing learning rate of group 0 to 3.6450e-04.
Epoch [ 275/1200] -> Loss: 35.2880
Epoch [ 280/1200] -> Loss: 35.3781
Epoch   282: reducing learning rate of group 0 to 3.2805e-04.
Epoch [ 285/1200] -> Loss: 35.2251
Epoch [ 290/1200] -> Loss: 35.1452
Epoch   293: reducing learning rate of group 0 to 2.9525e-04.
Epoch [ 295/1200] -> Loss: 35.4877
----------------------------------------------------------------------------------------------------
Model checkpoint saved as _FFNN_300.pth
----------------------------------------------------------------------------------------------------
Epoch [ 300/1200] -> Loss: 35.4731
Epoch [ 305/1200] -> Loss: 35.3322
Epoch [ 310/1200] -> Loss: 35.2757
Epoch   314: reducing learning rate of group 0 to 2.6572e-04.
Epoch [ 315/1200] -> Loss: 35.1392
Epoch [ 320/1200] -> Loss: 35.2494
Epoch [ 325/1200] -> Loss: 35.2617
Epoch [ 330/1200] -> Loss: 35.2479
Epoch   332: reducing learning rate of group 0 to 2.3915e-04.
Epoch [ 335/1200] -> Loss: 35.5317
Epoch [ 340/1200] -> Loss: 34.9300
Epoch   343: reducing learning rate of group 0 to 2.1523e-04.
Epoch [ 345/1200] -> Loss: 34.9018
Epoch [ 350/1200] -> Loss: 35.0702
Epoch   354: reducing learning rate of group 0 to 1.9371e-04.
Epoch [ 355/1200] -> Loss: 35.0535
Epoch [ 360/1200] -> Loss: 34.8122
Epoch   365: reducing learning rate of group 0 to 1.7434e-04.
Epoch [ 365/1200] -> Loss: 35.2189
Epoch [ 370/1200] -> Loss: 34.8137
Epoch [ 375/1200] -> Loss: 34.9815
Epoch   376: reducing learning rate of group 0 to 1.5691e-04.
Epoch [ 380/1200] -> Loss: 35.1188
Epoch [ 385/1200] -> Loss: 35.1467
Epoch [ 390/1200] -> Loss: 34.9507
Epoch   394: reducing learning rate of group 0 to 1.4121e-04.
Epoch [ 395/1200] -> Loss: 35.1693
----------------------------------------------------------------------------------------------------
Model checkpoint saved as _FFNN_400.pth
----------------------------------------------------------------------------------------------------
Epoch [ 400/1200] -> Loss: 34.9924
Epoch   405: reducing learning rate of group 0 to 1.2709e-04.
Epoch [ 405/1200] -> Loss: 35.1819
Epoch [ 410/1200] -> Loss: 35.2195
Epoch [ 415/1200] -> Loss: 34.5745
Epoch   416: reducing learning rate of group 0 to 1.1438e-04.
Epoch [ 420/1200] -> Loss: 35.0549
Epoch [ 425/1200] -> Loss: 35.0825
Epoch   427: reducing learning rate of group 0 to 1.0295e-04.
Epoch [ 430/1200] -> Loss: 34.7981
Epoch [ 435/1200] -> Loss: 34.5648
Epoch [ 440/1200] -> Loss: 34.6821
Epoch [ 445/1200] -> Loss: 34.7982
Epoch   446: reducing learning rate of group 0 to 9.2651e-05.
Epoch [ 450/1200] -> Loss: 34.8804
Epoch [ 455/1200] -> Loss: 34.8248
Epoch   457: reducing learning rate of group 0 to 8.3386e-05.
Epoch [ 460/1200] -> Loss: 35.3029
Epoch [ 465/1200] -> Loss: 34.9936
Epoch   468: reducing learning rate of group 0 to 7.5047e-05.
Epoch [ 470/1200] -> Loss: 35.0203
Epoch [ 475/1200] -> Loss: 34.9954
Epoch   479: reducing learning rate of group 0 to 6.7543e-05.
Epoch [ 480/1200] -> Loss: 35.0094
Epoch [ 485/1200] -> Loss: 34.8114
Epoch   490: reducing learning rate of group 0 to 6.0788e-05.
Epoch [ 490/1200] -> Loss: 35.1281
Epoch [ 495/1200] -> Loss: 35.0517
----------------------------------------------------------------------------------------------------
Model checkpoint saved as _FFNN_500.pth
----------------------------------------------------------------------------------------------------
Epoch [ 500/1200] -> Loss: 34.9524
Epoch   501: reducing learning rate of group 0 to 5.4709e-05.
Epoch [ 505/1200] -> Loss: 34.9890
Epoch [ 510/1200] -> Loss: 34.8009
Epoch   512: reducing learning rate of group 0 to 4.9239e-05.
Epoch [ 515/1200] -> Loss: 34.7179
Epoch [ 520/1200] -> Loss: 34.9961
Epoch   523: reducing learning rate of group 0 to 4.4315e-05.
Epoch [ 525/1200] -> Loss: 34.9045
Epoch [ 530/1200] -> Loss: 34.6699
Epoch   534: reducing learning rate of group 0 to 3.9883e-05.
Epoch [ 535/1200] -> Loss: 35.0293
Epoch [ 540/1200] -> Loss: 34.8524
Epoch   545: reducing learning rate of group 0 to 3.5895e-05.
Epoch [ 545/1200] -> Loss: 34.7669
Epoch [ 550/1200] -> Loss: 34.5590
Epoch [ 555/1200] -> Loss: 34.6854
Epoch [ 560/1200] -> Loss: 34.9659
Epoch   561: reducing learning rate of group 0 to 3.2305e-05.
Epoch [ 565/1200] -> Loss: 35.2122
Epoch [ 570/1200] -> Loss: 34.7228
Epoch   574: reducing learning rate of group 0 to 2.9075e-05.
Epoch [ 575/1200] -> Loss: 34.6642
Epoch [ 580/1200] -> Loss: 34.7560
Epoch   585: reducing learning rate of group 0 to 2.6167e-05.
Epoch [ 585/1200] -> Loss: 34.8634
Epoch [ 590/1200] -> Loss: 34.7318
Epoch [ 595/1200] -> Loss: 34.9727
Epoch   596: reducing learning rate of group 0 to 2.3551e-05.
----------------------------------------------------------------------------------------------------
Model checkpoint saved as _FFNN_600.pth
----------------------------------------------------------------------------------------------------
Epoch [ 600/1200] -> Loss: 34.5517
Epoch [ 605/1200] -> Loss: 34.9340
Epoch   607: reducing learning rate of group 0 to 2.1196e-05.
Epoch [ 610/1200] -> Loss: 34.8358
Epoch [ 615/1200] -> Loss: 34.8343
Epoch   618: reducing learning rate of group 0 to 1.9076e-05.
Epoch [ 620/1200] -> Loss: 34.9464
Epoch [ 625/1200] -> Loss: 34.6967
Epoch   629: reducing learning rate of group 0 to 1.7168e-05.
Epoch [ 630/1200] -> Loss: 34.8748
Epoch [ 635/1200] -> Loss: 34.4923
Epoch   640: reducing learning rate of group 0 to 1.5452e-05.
Epoch [ 640/1200] -> Loss: 34.9950
Epoch [ 645/1200] -> Loss: 35.2730
Epoch [ 650/1200] -> Loss: 34.6730
Epoch   655: reducing learning rate of group 0 to 1.3906e-05.
Epoch [ 655/1200] -> Loss: 35.0732
Epoch [ 660/1200] -> Loss: 34.9079
Epoch [ 665/1200] -> Loss: 34.8994
Epoch   666: reducing learning rate of group 0 to 1.2516e-05.
Epoch [ 670/1200] -> Loss: 34.6514
Epoch [ 675/1200] -> Loss: 34.7289
Epoch   677: reducing learning rate of group 0 to 1.1264e-05.
Epoch [ 680/1200] -> Loss: 34.6984
Epoch [ 685/1200] -> Loss: 34.9179
Epoch   688: reducing learning rate of group 0 to 1.0138e-05.
Epoch [ 690/1200] -> Loss: 34.8464
Epoch [ 695/1200] -> Loss: 34.8060
Epoch   699: reducing learning rate of group 0 to 9.1240e-06.
----------------------------------------------------------------------------------------------------
Model checkpoint saved as _FFNN_700.pth
----------------------------------------------------------------------------------------------------
Epoch [ 700/1200] -> Loss: 34.9853
Epoch [ 705/1200] -> Loss: 34.7310
Epoch   710: reducing learning rate of group 0 to 8.2116e-06.
Epoch [ 710/1200] -> Loss: 34.9694
Epoch [ 715/1200] -> Loss: 35.3550
Epoch [ 720/1200] -> Loss: 34.7884
Epoch   721: reducing learning rate of group 0 to 7.3904e-06.
Epoch [ 725/1200] -> Loss: 35.0689
Epoch [ 730/1200] -> Loss: 35.0521
Epoch   732: reducing learning rate of group 0 to 6.6514e-06.
Epoch [ 735/1200] -> Loss: 34.8528
Epoch [ 740/1200] -> Loss: 34.9019
Epoch   743: reducing learning rate of group 0 to 5.9863e-06.
Epoch [ 745/1200] -> Loss: 34.9795
Epoch [ 750/1200] -> Loss: 34.8736
Epoch   754: reducing learning rate of group 0 to 5.3876e-06.
Epoch [ 755/1200] -> Loss: 34.9309
Epoch [ 760/1200] -> Loss: 34.8571
Epoch   765: reducing learning rate of group 0 to 4.8489e-06.
Epoch [ 765/1200] -> Loss: 34.6606
Epoch [ 770/1200] -> Loss: 34.5020
Epoch [ 775/1200] -> Loss: 34.7824
Epoch   776: reducing learning rate of group 0 to 4.3640e-06.
Epoch [ 780/1200] -> Loss: 34.5314
Epoch [ 785/1200] -> Loss: 34.8240
Epoch   787: reducing learning rate of group 0 to 3.9276e-06.
Epoch [ 790/1200] -> Loss: 34.6955
Epoch [ 795/1200] -> Loss: 34.7433
Epoch   798: reducing learning rate of group 0 to 3.5348e-06.
----------------------------------------------------------------------------------------------------
Model checkpoint saved as _FFNN_800.pth
----------------------------------------------------------------------------------------------------
Epoch [ 800/1200] -> Loss: 35.0409
Epoch [ 805/1200] -> Loss: 34.6403
Epoch   809: reducing learning rate of group 0 to 3.1813e-06.
Epoch [ 810/1200] -> Loss: 34.7666
Epoch [ 815/1200] -> Loss: 34.7998
Epoch   820: reducing learning rate of group 0 to 2.8632e-06.
Epoch [ 820/1200] -> Loss: 34.7878
Epoch [ 825/1200] -> Loss: 34.6252
Epoch [ 830/1200] -> Loss: 34.9692
Epoch   831: reducing learning rate of group 0 to 2.5769e-06.
Epoch [ 835/1200] -> Loss: 34.9189
Epoch [ 840/1200] -> Loss: 34.7530
Epoch   842: reducing learning rate of group 0 to 2.3192e-06.
Epoch [ 845/1200] -> Loss: 34.6280
Epoch [ 850/1200] -> Loss: 34.7819
Epoch   853: reducing learning rate of group 0 to 2.0873e-06.
Epoch [ 855/1200] -> Loss: 34.4580
Epoch [ 860/1200] -> Loss: 35.2736
Epoch   864: reducing learning rate of group 0 to 1.8786e-06.
Epoch [ 865/1200] -> Loss: 34.9745
Epoch [ 870/1200] -> Loss: 34.6862
Epoch   875: reducing learning rate of group 0 to 1.6907e-06.
Epoch [ 875/1200] -> Loss: 34.9101
Epoch [ 880/1200] -> Loss: 34.8037
Epoch [ 885/1200] -> Loss: 34.9203
Epoch   886: reducing learning rate of group 0 to 1.5216e-06.
Epoch [ 890/1200] -> Loss: 34.8321
Epoch [ 895/1200] -> Loss: 34.5673
Epoch   897: reducing learning rate of group 0 to 1.3695e-06.
----------------------------------------------------------------------------------------------------
Model checkpoint saved as _FFNN_900.pth
----------------------------------------------------------------------------------------------------
Epoch [ 900/1200] -> Loss: 35.1648
Epoch [ 905/1200] -> Loss: 34.7135
Epoch   908: reducing learning rate of group 0 to 1.2325e-06.
Epoch [ 910/1200] -> Loss: 34.8647
Epoch [ 915/1200] -> Loss: 34.9020
Epoch   919: reducing learning rate of group 0 to 1.1093e-06.
Epoch [ 920/1200] -> Loss: 34.6764
Epoch [ 925/1200] -> Loss: 34.3473
Epoch [ 930/1200] -> Loss: 34.7128
Epoch [ 935/1200] -> Loss: 34.3645
Epoch   936: reducing learning rate of group 0 to 9.9834e-07.
Epoch [ 940/1200] -> Loss: 34.9101
Epoch [ 945/1200] -> Loss: 34.6646
Epoch   947: reducing learning rate of group 0 to 8.9851e-07.
Epoch [ 950/1200] -> Loss: 34.9171
Epoch [ 955/1200] -> Loss: 34.5711
Epoch   958: reducing learning rate of group 0 to 8.0865e-07.
Epoch [ 960/1200] -> Loss: 34.8993
Epoch [ 965/1200] -> Loss: 34.6168
Epoch   969: reducing learning rate of group 0 to 7.2779e-07.
Epoch [ 970/1200] -> Loss: 35.0971
Epoch [ 975/1200] -> Loss: 34.7692
Epoch   980: reducing learning rate of group 0 to 6.5501e-07.
Epoch [ 980/1200] -> Loss: 34.5990
Epoch [ 985/1200] -> Loss: 34.5077
Epoch [ 990/1200] -> Loss: 34.8581
Epoch   991: reducing learning rate of group 0 to 5.8951e-07.
Epoch [ 995/1200] -> Loss: 34.8892
----------------------------------------------------------------------------------------------------
Model checkpoint saved as _FFNN_1000.pth
----------------------------------------------------------------------------------------------------
Epoch [1000/1200] -> Loss: 34.8190
Epoch  1002: reducing learning rate of group 0 to 5.3056e-07.
Epoch [1005/1200] -> Loss: 34.7433
Epoch [1010/1200] -> Loss: 34.6600
Epoch  1013: reducing learning rate of group 0 to 4.7750e-07.
Epoch [1015/1200] -> Loss: 34.6770
Epoch [1020/1200] -> Loss: 34.9715
Epoch  1024: reducing learning rate of group 0 to 4.2975e-07.
Epoch [1025/1200] -> Loss: 34.7814
Epoch [1030/1200] -> Loss: 34.7965
Epoch  1035: reducing learning rate of group 0 to 3.8678e-07.
Epoch [1035/1200] -> Loss: 34.8834
Epoch [1040/1200] -> Loss: 34.6783
Epoch [1045/1200] -> Loss: 34.3316
Epoch [1050/1200] -> Loss: 34.6674
Epoch [1055/1200] -> Loss: 34.5241
Epoch  1056: reducing learning rate of group 0 to 3.4810e-07.
Epoch [1060/1200] -> Loss: 34.5816
Epoch [1065/1200] -> Loss: 34.7050
Epoch  1067: reducing learning rate of group 0 to 3.1329e-07.
Epoch [1070/1200] -> Loss: 34.7326
Epoch [1075/1200] -> Loss: 34.6050
Epoch  1078: reducing learning rate of group 0 to 2.8196e-07.
Epoch [1080/1200] -> Loss: 35.1752
Epoch [1085/1200] -> Loss: 34.7923
Epoch  1089: reducing learning rate of group 0 to 2.5376e-07.
Epoch [1090/1200] -> Loss: 34.6754
Epoch [1095/1200] -> Loss: 34.8366
Epoch  1100: reducing learning rate of group 0 to 2.2839e-07.
----------------------------------------------------------------------------------------------------
Model checkpoint saved as _FFNN_1100.pth
----------------------------------------------------------------------------------------------------
Epoch [1100/1200] -> Loss: 35.1105
Epoch [1105/1200] -> Loss: 35.0795
Epoch [1110/1200] -> Loss: 34.6563
Epoch  1111: reducing learning rate of group 0 to 2.0555e-07.
Epoch [1115/1200] -> Loss: 34.6763
Epoch [1120/1200] -> Loss: 34.6728
Epoch  1122: reducing learning rate of group 0 to 1.8499e-07.
Epoch [1125/1200] -> Loss: 35.0368
Epoch [1130/1200] -> Loss: 34.6892
Epoch  1133: reducing learning rate of group 0 to 1.6649e-07.
Epoch [1135/1200] -> Loss: 34.7219
Epoch [1140/1200] -> Loss: 34.9503
Epoch  1144: reducing learning rate of group 0 to 1.4985e-07.
Epoch [1145/1200] -> Loss: 34.8583
Epoch [1150/1200] -> Loss: 35.1048
Epoch  1155: reducing learning rate of group 0 to 1.3486e-07.
Epoch [1155/1200] -> Loss: 34.6564
Epoch [1160/1200] -> Loss: 34.8845
Epoch [1165/1200] -> Loss: 34.9217
Epoch  1166: reducing learning rate of group 0 to 1.2137e-07.
Epoch [1170/1200] -> Loss: 34.9448
Epoch [1175/1200] -> Loss: 34.8260
Epoch  1177: reducing learning rate of group 0 to 1.0924e-07.
Epoch [1180/1200] -> Loss: 34.7757
Epoch [1185/1200] -> Loss: 34.6913
Epoch  1188: reducing learning rate of group 0 to 9.8314e-08.
Epoch [1190/1200] -> Loss: 35.1062
Epoch [1195/1200] -> Loss: 34.8289
----------------------------------------------------------------------------------------------------
Model checkpoint saved as _FFNN_1200.pth
----------------------------------------------------------------------------------------------------
Epoch [1200/1200] -> Loss: 34.4980
----------------------------------------------------------------------------------------------------
Plotting loss data...
----------------------------------------------------------------------------------------------------
Training finished successfully.
        Saved model checkpoints can be found in: /home/extern/Dropbox/Research/scripts/models/
        Saved data/loss graphs can be found in: /home/extern/Dropbox/Research/scripts/graphs/
----------------------------------------------------------------------------------------------------
Validating model for solar cycle 23 data
Step [   1/151] -> Date: 5/1996, Target: 7.6, Prediction: 26.34756851196289
Step [   2/151] -> Date: 6/1996, Target: 16.5, Prediction: 17.605161666870117
Step [   3/151] -> Date: 7/1996, Target: 11.8, Prediction: 8.446891784667969
Step [   4/151] -> Date: 8/1996, Target: 19.7, Prediction: 8.918191909790039
Step [   5/151] -> Date: 9/1996, Target: 3.0, Prediction: 8.963081359863281
Step [   6/151] -> Date: 10/1996, Target: 0.7, Prediction: 14.829862594604492
Step [   7/151] -> Date: 11/1996, Target: 24.9, Prediction: 21.864669799804688
Step [   8/151] -> Date: 12/1996, Target: 14.0, Prediction: 22.767864227294922
Step [   9/151] -> Date: 1/1997, Target: 7.4, Prediction: 17.654850006103516
Step [  10/151] -> Date: 2/1997, Target: 11.0, Prediction: 26.184520721435547
Step [  11/151] -> Date: 3/1997, Target: 12.1, Prediction: 32.03963851928711
Step [  12/151] -> Date: 4/1997, Target: 23.0, Prediction: 34.46384048461914
Step [  13/151] -> Date: 5/1997, Target: 25.4, Prediction: 59.27281951904297
Step [  14/151] -> Date: 6/1997, Target: 20.8, Prediction: 50.56779479980469
Step [  15/151] -> Date: 7/1997, Target: 12.9, Prediction: 41.54385757446289
Step [  16/151] -> Date: 8/1997, Target: 35.7, Prediction: 59.508338928222656
Step [  17/151] -> Date: 9/1997, Target: 59.7, Prediction: 50.541221618652344
Step [  18/151] -> Date: 10/1997, Target: 32.8, Prediction: 71.0741195678711
Step [  19/151] -> Date: 11/1997, Target: 50.4, Prediction: 79.6114273071289
Step [  20/151] -> Date: 12/1997, Target: 55.5, Prediction: 65.98302459716797
Step [  21/151] -> Date: 1/1998, Target: 44.5, Prediction: 80.28871154785156
Step [  22/151] -> Date: 2/1998, Target: 50.2, Prediction: 80.99827575683594
Step [  23/151] -> Date: 3/1998, Target: 82.0, Prediction: 82.65599060058594
Step [  24/151] -> Date: 4/1998, Target: 70.6, Prediction: 83.89289093017578
Step [  25/151] -> Date: 5/1998, Target: 74.0, Prediction: 132.64964294433594
Step [  26/151] -> Date: 6/1998, Target: 90.5, Prediction: 134.1771697998047
Step [  27/151] -> Date: 7/1998, Target: 96.7, Prediction: 157.04103088378906
Step [  28/151] -> Date: 8/1998, Target: 121.1, Prediction: 154.82984924316406
Step [  29/151] -> Date: 9/1998, Target: 132.0, Prediction: 153.2913360595703
Step [  30/151] -> Date: 10/1998, Target: 78.5, Prediction: 147.5107879638672
Step [  31/151] -> Date: 11/1998, Target: 97.3, Prediction: 141.91639709472656
Step [  32/151] -> Date: 12/1998, Target: 119.2, Prediction: 146.70155334472656
Step [  33/151] -> Date: 1/1999, Target: 86.0, Prediction: 169.64353942871094
Step [  34/151] -> Date: 2/1999, Target: 98.0, Prediction: 136.6697998046875
Step [  35/151] -> Date: 3/1999, Target: 103.5, Prediction: 153.97056579589844
Step [  36/151] -> Date: 4/1999, Target: 93.6, Prediction: 151.75233459472656
Step [  37/151] -> Date: 5/1999, Target: 149.6, Prediction: 180.42762756347656
Step [  38/151] -> Date: 6/1999, Target: 207.2, Prediction: 189.97071838378906
Step [  39/151] -> Date: 7/1999, Target: 173.5, Prediction: 183.22283935546875
Step [  40/151] -> Date: 8/1999, Target: 142.3, Prediction: 187.91075134277344
Step [  41/151] -> Date: 9/1999, Target: 106.3, Prediction: 175.8927001953125
Step [  42/151] -> Date: 10/1999, Target: 168.7, Prediction: 180.2791290283203
Step [  43/151] -> Date: 11/1999, Target: 188.3, Prediction: 179.76002502441406
Step [  44/151] -> Date: 12/1999, Target: 116.8, Prediction: 171.02642822265625
Step [  45/151] -> Date: 1/2000, Target: 133.1, Prediction: 163.25311279296875
Step [  46/151] -> Date: 2/2000, Target: 165.7, Prediction: 171.6894073486328
Step [  47/151] -> Date: 3/2000, Target: 217.7, Prediction: 189.63494873046875
Step [  48/151] -> Date: 4/2000, Target: 191.5, Prediction: 165.90518188476562
Step [  49/151] -> Date: 5/2000, Target: 165.9, Prediction: 182.37672424316406
Step [  50/151] -> Date: 6/2000, Target: 188.0, Prediction: 176.0555419921875
Step [  51/151] -> Date: 7/2000, Target: 244.3, Prediction: 182.102294921875
Step [  52/151] -> Date: 8/2000, Target: 180.5, Prediction: 183.4976348876953
Step [  53/151] -> Date: 9/2000, Target: 156.0, Prediction: 197.39537048339844
Step [  54/151] -> Date: 10/2000, Target: 141.6, Prediction: 189.831787109375
Step [  55/151] -> Date: 11/2000, Target: 158.1, Prediction: 185.61749267578125
Step [  56/151] -> Date: 12/2000, Target: 143.3, Prediction: 176.46766662597656
Step [  57/151] -> Date: 1/2001, Target: 142.6, Prediction: 198.6165771484375
Step [  58/151] -> Date: 2/2001, Target: 121.5, Prediction: 196.06129455566406
Step [  59/151] -> Date: 3/2001, Target: 165.8, Prediction: 197.04995727539062
Step [  60/151] -> Date: 4/2001, Target: 161.7, Prediction: 174.46498107910156
Step [  61/151] -> Date: 5/2001, Target: 142.1, Prediction: 168.66070556640625
Step [  62/151] -> Date: 6/2001, Target: 202.9, Prediction: 161.60687255859375
Step [  63/151] -> Date: 7/2001, Target: 123.0, Prediction: 171.7045135498047
Step [  64/151] -> Date: 8/2001, Target: 161.5, Prediction: 168.47238159179688
Step [  65/151] -> Date: 9/2001, Target: 238.2, Prediction: 183.97279357910156
Step [  66/151] -> Date: 10/2001, Target: 194.1, Prediction: 155.53907775878906
Step [  67/151] -> Date: 11/2001, Target: 176.6, Prediction: 150.95225524902344
Step [  68/151] -> Date: 12/2001, Target: 213.4, Prediction: 138.85140991210938
Step [  69/151] -> Date: 1/2002, Target: 184.6, Prediction: 137.122314453125
Step [  70/151] -> Date: 2/2002, Target: 170.2, Prediction: 138.3575897216797
Step [  71/151] -> Date: 3/2002, Target: 147.1, Prediction: 133.1137237548828
Step [  72/151] -> Date: 4/2002, Target: 186.9, Prediction: 136.9390106201172
Step [  73/151] -> Date: 5/2002, Target: 187.5, Prediction: 115.78960418701172
Step [  74/151] -> Date: 6/2002, Target: 128.8, Prediction: 114.28431701660156
Step [  75/151] -> Date: 7/2002, Target: 161.0, Prediction: 112.86734008789062
Step [  76/151] -> Date: 8/2002, Target: 175.6, Prediction: 106.17646026611328
Step [  77/151] -> Date: 9/2002, Target: 187.9, Prediction: 112.30146789550781
Step [  78/151] -> Date: 10/2002, Target: 151.2, Prediction: 112.56893920898438
Step [  79/151] -> Date: 11/2002, Target: 147.2, Prediction: 102.55789184570312
Step [  80/151] -> Date: 12/2002, Target: 135.3, Prediction: 94.9068832397461
Step [  81/151] -> Date: 1/2003, Target: 133.5, Prediction: 90.6792221069336
Step [  82/151] -> Date: 2/2003, Target: 75.7, Prediction: 91.46942901611328
Step [  83/151] -> Date: 3/2003, Target: 100.7, Prediction: 87.04159545898438
Step [  84/151] -> Date: 4/2003, Target: 97.9, Prediction: 86.40814971923828
Step [  85/151] -> Date: 5/2003, Target: 86.8, Prediction: 74.40287780761719
Step [  86/151] -> Date: 6/2003, Target: 118.7, Prediction: 70.68534088134766
Step [  87/151] -> Date: 7/2003, Target: 128.3, Prediction: 74.94750213623047
Step [  88/151] -> Date: 8/2003, Target: 115.4, Prediction: 78.50293731689453
Step [  89/151] -> Date: 9/2003, Target: 78.5, Prediction: 84.30223846435547
Step [  90/151] -> Date: 10/2003, Target: 97.8, Prediction: 75.1102523803711
Step [  91/151] -> Date: 11/2003, Target: 82.9, Prediction: 70.53199005126953
Step [  92/151] -> Date: 12/2003, Target: 72.2, Prediction: 70.08942413330078
Step [  93/151] -> Date: 1/2004, Target: 60.6, Prediction: 60.79838180541992
Step [  94/151] -> Date: 2/2004, Target: 74.6, Prediction: 59.015960693359375
Step [  95/151] -> Date: 3/2004, Target: 74.8, Prediction: 53.06875228881836
Step [  96/151] -> Date: 4/2004, Target: 59.2, Prediction: 60.91283416748047
Step [  97/151] -> Date: 5/2004, Target: 72.8, Prediction: 58.33171844482422
Step [  98/151] -> Date: 6/2004, Target: 66.5, Prediction: 41.21607971191406
Step [  99/151] -> Date: 7/2004, Target: 83.8, Prediction: 41.97163391113281
Step [ 100/151] -> Date: 8/2004, Target: 69.7, Prediction: 39.859771728515625
Step [ 101/151] -> Date: 9/2004, Target: 48.8, Prediction: 41.65569305419922
Step [ 102/151] -> Date: 10/2004, Target: 74.2, Prediction: 38.476036071777344
Step [ 103/151] -> Date: 11/2004, Target: 70.1, Prediction: 35.344600677490234
Step [ 104/151] -> Date: 12/2004, Target: 28.9, Prediction: 40.39603805541992
Step [ 105/151] -> Date: 1/2005, Target: 48.1, Prediction: 30.87405014038086
Step [ 106/151] -> Date: 2/2005, Target: 43.5, Prediction: 27.05141258239746
Step [ 107/151] -> Date: 3/2005, Target: 39.6, Prediction: 28.43642807006836
Step [ 108/151] -> Date: 4/2005, Target: 38.7, Prediction: 33.66701126098633
Step [ 109/151] -> Date: 5/2005, Target: 61.9, Prediction: 31.801910400390625
Step [ 110/151] -> Date: 6/2005, Target: 56.8, Prediction: 19.856355667114258
Step [ 111/151] -> Date: 7/2005, Target: 62.4, Prediction: 19.448646545410156
Step [ 112/151] -> Date: 8/2005, Target: 60.5, Prediction: 19.22269058227539
Step [ 113/151] -> Date: 9/2005, Target: 37.2, Prediction: 19.50226402282715
Step [ 114/151] -> Date: 10/2005, Target: 13.2, Prediction: 23.198989868164062
Step [ 115/151] -> Date: 11/2005, Target: 27.5, Prediction: 22.622724533081055
Step [ 116/151] -> Date: 12/2005, Target: 59.3, Prediction: 18.276464462280273
Step [ 117/151] -> Date: 1/2006, Target: 20.9, Prediction: 16.793581008911133
Step [ 118/151] -> Date: 2/2006, Target: 5.7, Prediction: 19.012664794921875
Step [ 119/151] -> Date: 3/2006, Target: 17.3, Prediction: 23.531538009643555
Step [ 120/151] -> Date: 4/2006, Target: 50.3, Prediction: 25.447887420654297
Step [ 121/151] -> Date: 5/2006, Target: 37.2, Prediction: 14.442380905151367
Step [ 122/151] -> Date: 6/2006, Target: 24.5, Prediction: 15.288627624511719
Step [ 123/151] -> Date: 7/2006, Target: 22.2, Prediction: 11.01889419555664
Step [ 124/151] -> Date: 8/2006, Target: 20.8, Prediction: 9.793105125427246
Step [ 125/151] -> Date: 9/2006, Target: 23.7, Prediction: 13.500864028930664
Step [ 126/151] -> Date: 10/2006, Target: 14.9, Prediction: 12.834672927856445
Step [ 127/151] -> Date: 11/2006, Target: 35.7, Prediction: 18.84258270263672
Step [ 128/151] -> Date: 12/2006, Target: 22.3, Prediction: 19.44005584716797
Step [ 129/151] -> Date: 1/2007, Target: 29.3, Prediction: 18.086036682128906
Step [ 130/151] -> Date: 2/2007, Target: 18.4, Prediction: 15.816747665405273
Step [ 131/151] -> Date: 3/2007, Target: 7.2, Prediction: 20.06698226928711
Step [ 132/151] -> Date: 4/2007, Target: 5.4, Prediction: 27.269521713256836
Step [ 133/151] -> Date: 5/2007, Target: 19.5, Prediction: 23.504732131958008
Step [ 134/151] -> Date: 6/2007, Target: 21.3, Prediction: 28.604442596435547
Step [ 135/151] -> Date: 7/2007, Target: 15.1, Prediction: 24.336881637573242
Step [ 136/151] -> Date: 8/2007, Target: 9.8, Prediction: 22.147899627685547
Step [ 137/151] -> Date: 9/2007, Target: 4.0, Prediction: 22.386995315551758
Step [ 138/151] -> Date: 10/2007, Target: 1.5, Prediction: 37.909603118896484
Step [ 139/151] -> Date: 11/2007, Target: 2.8, Prediction: 31.148162841796875
Step [ 140/151] -> Date: 12/2007, Target: 17.3, Prediction: 39.12944412231445
Step [ 141/151] -> Date: 1/2008, Target: 4.1, Prediction: 37.32428741455078
Step [ 142/151] -> Date: 2/2008, Target: 2.9, Prediction: 40.823219299316406
Step [ 143/151] -> Date: 3/2008, Target: 15.5, Prediction: 56.18236541748047
Step [ 144/151] -> Date: 4/2008, Target: 3.6, Prediction: 55.98884582519531
Step [ 145/151] -> Date: 5/2008, Target: 4.6, Prediction: 62.83433151245117
Step [ 146/151] -> Date: 6/2008, Target: 5.2, Prediction: 71.45652770996094
Step [ 147/151] -> Date: 7/2008, Target: 0.6, Prediction: 78.94993591308594
Step [ 148/151] -> Date: 8/2008, Target: 0.3, Prediction: 66.0002670288086
Step [ 149/151] -> Date: 9/2008, Target: 1.2, Prediction: 72.45404052734375
Step [ 150/151] -> Date: 10/2008, Target: 4.2, Prediction: 76.23084259033203
Step [ 151/151] -> Date: 11/2008, Target: 6.6, Prediction: 73.4283676147461
----------------------------------------------------------------------------------------------------
Average Validation Loss: 28.943801065154425
----------------------------------------------------------------------------------------------------
Plotting data...
----------------------------------------------------------------------------------------------------
Plotting loss data...
----------------------------------------------------------------------------------------------------
Validation finished successfully.        Saved prediction/loss graphs can be found in: /home/extern/Dropbox/Research/scripts/graphs/
----------------------------------------------------------------------------------------------------
Predicting SC 24 using the above trained model
Step [   1/151] -> Date: 12/2008, Prediction: 12.550382614135742
Step [   2/151] -> Date: 1/2009, Prediction: 11.906511306762695
Step [   3/151] -> Date: 2/2009, Prediction: 15.798837661743164
Step [   4/151] -> Date: 3/2009, Prediction: 13.143247604370117
Step [   5/151] -> Date: 4/2009, Prediction: 11.855666160583496
Step [   6/151] -> Date: 5/2009, Prediction: 16.029022216796875
Step [   7/151] -> Date: 6/2009, Prediction: 14.818588256835938
Step [   8/151] -> Date: 7/2009, Prediction: 15.564554214477539
Step [   9/151] -> Date: 8/2009, Prediction: 19.628192901611328
Step [  10/151] -> Date: 9/2009, Prediction: 17.60664939880371
Step [  11/151] -> Date: 10/2009, Prediction: 20.91114044189453
Step [  12/151] -> Date: 11/2009, Prediction: 18.564144134521484
Step [  13/151] -> Date: 12/2009, Prediction: 38.510494232177734
Step [  14/151] -> Date: 1/2010, Prediction: 34.704044342041016
Step [  15/151] -> Date: 2/2010, Prediction: 44.36298370361328
Step [  16/151] -> Date: 3/2010, Prediction: 55.16183853149414
Step [  17/151] -> Date: 4/2010, Prediction: 45.469940185546875
Step [  18/151] -> Date: 5/2010, Prediction: 54.37644577026367
Step [  19/151] -> Date: 6/2010, Prediction: 57.98124313354492
Step [  20/151] -> Date: 7/2010, Prediction: 53.774715423583984
Step [  21/151] -> Date: 8/2010, Prediction: 55.9157829284668
Step [  22/151] -> Date: 9/2010, Prediction: 67.88172149658203
Step [  23/151] -> Date: 10/2010, Prediction: 61.841941833496094
Step [  24/151] -> Date: 11/2010, Prediction: 64.88517761230469
Step [  25/151] -> Date: 12/2010, Prediction: 112.03389739990234
Step [  26/151] -> Date: 1/2011, Prediction: 114.01827239990234
Step [  27/151] -> Date: 2/2011, Prediction: 124.1279067993164
Step [  28/151] -> Date: 3/2011, Prediction: 129.62083435058594
Step [  29/151] -> Date: 4/2011, Prediction: 109.08504486083984
Step [  30/151] -> Date: 5/2011, Prediction: 118.32010650634766
Step [  31/151] -> Date: 6/2011, Prediction: 124.36711120605469
Step [  32/151] -> Date: 7/2011, Prediction: 114.9873046875
Step [  33/151] -> Date: 8/2011, Prediction: 116.84436798095703
Step [  34/151] -> Date: 9/2011, Prediction: 117.67794799804688
Step [  35/151] -> Date: 10/2011, Prediction: 113.7177963256836
Step [  36/151] -> Date: 11/2011, Prediction: 127.9501724243164
Step [  37/151] -> Date: 12/2011, Prediction: 174.24913024902344
Step [  38/151] -> Date: 1/2012, Prediction: 167.28567504882812
Step [  39/151] -> Date: 2/2012, Prediction: 162.6427001953125
Step [  40/151] -> Date: 3/2012, Prediction: 152.98216247558594
Step [  41/151] -> Date: 4/2012, Prediction: 173.3169708251953
Step [  42/151] -> Date: 5/2012, Prediction: 176.99951171875
Step [  43/151] -> Date: 6/2012, Prediction: 154.99696350097656
Step [  44/151] -> Date: 7/2012, Prediction: 159.1184539794922
Step [  45/151] -> Date: 8/2012, Prediction: 167.95654296875
Step [  46/151] -> Date: 9/2012, Prediction: 177.82855224609375
Step [  47/151] -> Date: 10/2012, Prediction: 172.0339813232422
Step [  48/151] -> Date: 11/2012, Prediction: 164.98948669433594
Step [  49/151] -> Date: 12/2012, Prediction: 179.12319946289062
Step [  50/151] -> Date: 1/2013, Prediction: 197.87335205078125
Step [  51/151] -> Date: 2/2013, Prediction: 179.9132843017578
Step [  52/151] -> Date: 3/2013, Prediction: 175.99002075195312
Step [  53/151] -> Date: 4/2013, Prediction: 172.12411499023438
Step [  54/151] -> Date: 5/2013, Prediction: 176.8106689453125
Step [  55/151] -> Date: 6/2013, Prediction: 168.36721801757812
Step [  56/151] -> Date: 7/2013, Prediction: 167.2617645263672
Step [  57/151] -> Date: 8/2013, Prediction: 158.95431518554688
Step [  58/151] -> Date: 9/2013, Prediction: 174.03463745117188
Step [  59/151] -> Date: 10/2013, Prediction: 172.97323608398438
Step [  60/151] -> Date: 11/2013, Prediction: 163.6264190673828
Step [  61/151] -> Date: 12/2013, Prediction: 163.41903686523438
Step [  62/151] -> Date: 1/2014, Prediction: 142.8016815185547
Step [  63/151] -> Date: 2/2014, Prediction: 155.36248779296875
Step [  64/151] -> Date: 3/2014, Prediction: 178.6966552734375
Step [  65/151] -> Date: 4/2014, Prediction: 169.43630981445312
Step [  66/151] -> Date: 5/2014, Prediction: 162.58401489257812
Step [  67/151] -> Date: 6/2014, Prediction: 170.67080688476562
Step [  68/151] -> Date: 7/2014, Prediction: 160.5191650390625
Step [  69/151] -> Date: 8/2014, Prediction: 155.80209350585938
Step [  70/151] -> Date: 9/2014, Prediction: 148.12088012695312
Step [  71/151] -> Date: 10/2014, Prediction: 160.01515197753906
Step [  72/151] -> Date: 11/2014, Prediction: 158.70114135742188
Step [  73/151] -> Date: 12/2014, Prediction: 104.14669799804688
Step [  74/151] -> Date: 1/2015, Prediction: 116.98855590820312
Step [  75/151] -> Date: 2/2015, Prediction: 122.50843811035156
Step [  76/151] -> Date: 3/2015, Prediction: 126.79572296142578
Step [  77/151] -> Date: 4/2015, Prediction: 127.1022720336914
Step [  78/151] -> Date: 5/2015, Prediction: 118.1332778930664
Step [  79/151] -> Date: 6/2015, Prediction: 112.6414566040039
Step [  80/151] -> Date: 7/2015, Prediction: 110.6912841796875
Step [  81/151] -> Date: 8/2015, Prediction: 97.5385971069336
Step [  82/151] -> Date: 9/2015, Prediction: 108.7516098022461
Step [  83/151] -> Date: 10/2015, Prediction: 110.22803497314453
Step [  84/151] -> Date: 11/2015, Prediction: 116.69978332519531
Step [  85/151] -> Date: 12/2015, Prediction: 100.29718017578125
Step [  86/151] -> Date: 1/2016, Prediction: 96.25858306884766
Step [  87/151] -> Date: 2/2016, Prediction: 96.61048889160156
Step [  88/151] -> Date: 3/2016, Prediction: 80.76329040527344
Step [  89/151] -> Date: 4/2016, Prediction: 102.9920425415039
Step [  90/151] -> Date: 5/2016, Prediction: 89.88691711425781
Step [  91/151] -> Date: 6/2016, Prediction: 72.20417785644531
Step [  92/151] -> Date: 7/2016, Prediction: 75.54633331298828
Step [  93/151] -> Date: 8/2016, Prediction: 66.2852554321289
Step [  94/151] -> Date: 9/2016, Prediction: 69.01830291748047
Step [  95/151] -> Date: 10/2016, Prediction: 62.884342193603516
Step [  96/151] -> Date: 11/2016, Prediction: 65.53678894042969
Step [  97/151] -> Date: 12/2016, Prediction: 42.070579528808594
Step [  98/151] -> Date: 1/2017, Prediction: 60.12073516845703
Step [  99/151] -> Date: 2/2017, Prediction: 43.62207794189453
Step [ 100/151] -> Date: 3/2017, Prediction: 36.51590347290039
Step [ 101/151] -> Date: 4/2017, Prediction: 40.85346221923828
Step [ 102/151] -> Date: 5/2017, Prediction: 56.11458206176758
Step [ 103/151] -> Date: 6/2017, Prediction: 35.03769302368164
Step [ 104/151] -> Date: 7/2017, Prediction: 50.86949920654297
Step [ 105/151] -> Date: 8/2017, Prediction: 35.63789749145508
Step [ 106/151] -> Date: 9/2017, Prediction: 34.842987060546875
Step [ 107/151] -> Date: 10/2017, Prediction: 33.658424377441406
Step [ 108/151] -> Date: 11/2017, Prediction: 50.54310607910156
Step [ 109/151] -> Date: 12/2017, Prediction: 29.430763244628906
Step [ 110/151] -> Date: 1/2018, Prediction: 34.610740661621094
Step [ 111/151] -> Date: 2/2018, Prediction: 33.97647476196289
Step [ 112/151] -> Date: 3/2018, Prediction: 32.431617736816406
Step [ 113/151] -> Date: 4/2018, Prediction: 18.15781593322754
Step [ 114/151] -> Date: 5/2018, Prediction: 23.855791091918945
Step [ 115/151] -> Date: 6/2018, Prediction: 27.770112991333008
Step [ 116/151] -> Date: 7/2018, Prediction: 19.640113830566406
Step [ 117/151] -> Date: 8/2018, Prediction: 17.42538833618164
Step [ 118/151] -> Date: 9/2018, Prediction: 20.665058135986328
Step [ 119/151] -> Date: 10/2018, Prediction: 27.468019485473633
Step [ 120/151] -> Date: 11/2018, Prediction: 21.679338455200195
Step [ 121/151] -> Date: 12/2018, Prediction: 16.349916458129883
Step [ 122/151] -> Date: 1/2019, Prediction: 12.551535606384277
Step [ 123/151] -> Date: 2/2019, Prediction: 13.94743537902832
Step [ 124/151] -> Date: 3/2019, Prediction: 13.201165199279785
Step [ 125/151] -> Date: 4/2019, Prediction: 12.228504180908203
Step [ 126/151] -> Date: 5/2019, Prediction: 19.464096069335938
Step [ 127/151] -> Date: 6/2019, Prediction: 21.930316925048828
Step [ 128/151] -> Date: 7/2019, Prediction: 22.73131561279297
Step [ 129/151] -> Date: 8/2019, Prediction: 18.404504776000977
Step [ 130/151] -> Date: 9/2019, Prediction: 16.535383224487305
Step [ 131/151] -> Date: 10/2019, Prediction: 16.136476516723633
Step [ 132/151] -> Date: 11/2019, Prediction: 16.876243591308594
Step [ 133/151] -> Date: 12/2019, Prediction: 15.364498138427734
Step [ 134/151] -> Date: 1/2020, Prediction: 12.431071281433105
Step [ 135/151] -> Date: 2/2020, Prediction: 8.632850646972656
Step [ 136/151] -> Date: 3/2020, Prediction: 8.505902290344238
Step [ 137/151] -> Date: 4/2020, Prediction: 6.846537113189697
Step [ 138/151] -> Date: 5/2020, Prediction: 8.874895095825195
Step [ 139/151] -> Date: 6/2020, Prediction: 13.984579086303711
Step [ 140/151] -> Date: 7/2020, Prediction: 14.220666885375977
Step [ 141/151] -> Date: 8/2020, Prediction: 18.21978759765625
Step [ 142/151] -> Date: 9/2020, Prediction: 21.08717918395996
Step [ 143/151] -> Date: 10/2020, Prediction: 15.219133377075195
Step [ 144/151] -> Date: 11/2020, Prediction: 11.823873519897461
Step [ 145/151] -> Date: 12/2020, Prediction: 32.005035400390625
Step [ 146/151] -> Date: 1/2021, Prediction: 29.635217666625977
Step [ 147/151] -> Date: 2/2021, Prediction: 29.807085037231445
Step [ 148/151] -> Date: 3/2021, Prediction: 31.132768630981445
Step [ 149/151] -> Date: 4/2021, Prediction: 33.785057067871094
Step [ 150/151] -> Date: 5/2021, Prediction: 36.48262405395508
Step [ 151/151] -> Date: 6/2021, Prediction: 35.378719329833984
----------------------------------------------------------------------------------------------------
Plotting data...
